#
# There is insufficient memory for the Java Runtime Environment to continue.
# Native memory allocation (mmap) failed to map 56623104 bytes for Failed to commit area from 0x0000000090b00000 to 0x0000000094100000 of length 56623104.
# Possible reasons:
#   The system is out of physical RAM or swap space
#   The process is running with CompressedOops enabled, and the Java Heap may be blocking the growth of the native heap
# Possible solutions:
#   Reduce memory load on the system
#   Increase physical memory or swap space
#   Check if swap backing store is full
#   Decrease Java heap size (-Xmx/-Xms)
#   Decrease number of Java threads
#   Decrease Java thread stack sizes (-Xss)
#   Set larger code cache with -XX:ReservedCodeCacheSize=
#   JVM is running with Unscaled Compressed Oops mode in which the Java heap is
#     placed in the first 4GB address space. The Java Heap base address is the
#     maximum limit for the native heap growth. Please use -XX:HeapBaseMinAddress
#     to set the Java Heap base and to place the Java Heap above 4GB virtual address.
# This output file may be truncated or incomplete.
#
#  Out of Memory Error (./src/hotspot/os/windows/os_windows.cpp:3301), pid=8516, tid=7276
#
# JRE version: OpenJDK Runtime Environment (11.0.11+9) (build 11.0.11+9-b60-7590822)
# Java VM: OpenJDK 64-Bit Server VM (11.0.11+9-b60-7590822, mixed mode, tiered, compressed oops, g1 gc, windows-amd64)
# No core dump will be written. Minidumps are not enabled by default on client versions of Windows
#

---------------  S U M M A R Y ------------

Command Line: --add-opens=java.base/java.util=ALL-UNNAMED --add-opens=java.base/java.lang=ALL-UNNAMED --add-opens=java.base/java.lang.invoke=ALL-UNNAMED --add-opens=java.base/java.util=ALL-UNNAMED --add-opens=java.prefs/java.util.prefs=ALL-UNNAMED --add-opens=java.prefs/java.util.prefs=ALL-UNNAMED --add-opens=java.base/java.nio.charset=ALL-UNNAMED --add-opens=java.base/java.net=ALL-UNNAMED --add-opens=java.base/java.util.concurrent.atomic=ALL-UNNAMED -Xmx2048m -Dfile.encoding=UTF-8 -Duser.country=US -Duser.language=en -Duser.variant org.gradle.launcher.daemon.bootstrap.GradleDaemon 7.2

Host: Intel(R) Core(TM) i3-7020U CPU @ 2.30GHz, 4 cores, 7G,  Windows 10 , 64 bit Build 18362 (10.0.18362.1110)
Time: Tue Jun 14 01:07:50 2022 UTC-11 elapsed time: 27.415345 seconds (0d 0h 0m 27s)

---------------  T H R E A D  ---------------

Current thread (0x0000023a1cd4e800):  VMThread "VM Thread" [stack: 0x000000fb02c00000,0x000000fb02d00000] [id=7276]

Stack: [0x000000fb02c00000,0x000000fb02d00000]
[error occurred during error reporting (printing stack bounds), id 0xc0000005, EXCEPTION_ACCESS_VIOLATION (0xc0000005) at pc=0x0000023a06c50f2d]

Native frames: (J=compiled Java code, j=interpreted, Vv=VM code, C=native code)
V  [jvm.dll+0x5f214a]
V  [jvm.dll+0x726fb5]
V  [jvm.dll+0x7285cd]
V  [jvm.dll+0x728be5]
V  [jvm.dll+0x728b9b]
V  [jvm.dll+0x5f14e8]
V  [jvm.dll+0x5f1c78]
C  [ntdll.dll+0xa184f]
C  [ntdll.dll+0x6a889]
C  [ntdll.dll+0xa04be]
C  0x0000023a06c50f2d

VM_Operation (0x000000fb087fce40): G1CollectForAllocation, mode: safepoint, requested by thread 0x0000023a24f0d000


---------------  P R O C E S S  ---------------

Threads class SMR info:
_java_thread_list=0x0000023a23526b60, length=89, elements={
0x0000023a0315d800, 0x0000023a1cd52000, 0x0000023a1cd5b800, 0x0000023a1d6d6000,
0x0000023a1d6d7000, 0x0000023a1d6d8000, 0x0000023a1d6dd800, 0x0000023a1d6e1800,
0x0000023a1d6e3800, 0x0000023a1d82f800, 0x0000023a1eeef800, 0x0000023a1eef0800,
0x0000023a1eeee800, 0x0000023a1eef1000, 0x0000023a1eef2000, 0x0000023a1eef2800,
0x0000023a1eeed000, 0x0000023a1eef3800, 0x0000023a1eeee000, 0x0000023a1f578000,
0x0000023a1eaa8000, 0x0000023a1f576800, 0x0000023a1f577800, 0x0000023a1f57a800,
0x0000023a1f575800, 0x0000023a1f57d000, 0x0000023a1f579000, 0x0000023a1f57f800,
0x0000023a1f57b800, 0x0000023a1f57a000, 0x0000023a1f582000, 0x0000023a1f57c800,
0x0000023a1f57e000, 0x0000023a1f584800, 0x0000023a1f583000, 0x0000023a1fb35800,
0x0000023a1fb33800, 0x0000023a1fb32000, 0x0000023a1fb34800, 0x0000023a1fb33000,
0x0000023a1fb31000, 0x0000023a1fb39800, 0x0000023a1fb36000, 0x0000023a1fb38800,
0x0000023a1fb3a000, 0x0000023a1fb3c000, 0x0000023a1fb38000, 0x0000023a1fb3c800,
0x0000023a1fb37000, 0x0000023a1fb3b000, 0x0000023a1fb3d800, 0x0000023a1fb40000,
0x0000023a1fb3f000, 0x0000023a1fb3e800, 0x0000023a22a8d000, 0x0000023a22a88000,
0x0000023a22a8e800, 0x0000023a22a8a800, 0x0000023a22a8b800, 0x0000023a22a8e000,
0x0000023a22a89000, 0x0000023a22a8a000, 0x0000023a22a8c000, 0x0000023a2128d000,
0x0000023a21292000, 0x0000023a2128e800, 0x0000023a2128e000, 0x0000023a2128f800,
0x0000023a2128c800, 0x0000023a21296000, 0x0000023a21293000, 0x0000023a21291000,
0x0000023a21293800, 0x0000023a21294800, 0x0000023a21295800, 0x0000023a21290800,
0x0000023a21297000, 0x0000023a2129a000, 0x0000023a21297800, 0x0000023a21298800,
0x0000023a21299800, 0x0000023a24f0a800, 0x0000023a24f10000, 0x0000023a24f0c000,
0x0000023a24f0b000, 0x0000023a24f11000, 0x0000023a24f0e800, 0x0000023a24f0d000,
0x0000023a24f0d800
}

Java Threads: ( => current thread )
  0x0000023a0315d800 JavaThread "main" [_thread_blocked, id=14776, stack(0x000000fb02600000,0x000000fb02700000)]
  0x0000023a1cd52000 JavaThread "Reference Handler" daemon [_thread_blocked, id=8488, stack(0x000000fb02d00000,0x000000fb02e00000)]
  0x0000023a1cd5b800 JavaThread "Finalizer" daemon [_thread_blocked, id=13008, stack(0x000000fb02e00000,0x000000fb02f00000)]
  0x0000023a1d6d6000 JavaThread "Signal Dispatcher" daemon [_thread_blocked, id=3604, stack(0x000000fb02f00000,0x000000fb03000000)]
  0x0000023a1d6d7000 JavaThread "Attach Listener" daemon [_thread_blocked, id=1276, stack(0x000000fb03000000,0x000000fb03100000)]
  0x0000023a1d6d8000 JavaThread "Service Thread" daemon [_thread_blocked, id=3464, stack(0x000000fb03100000,0x000000fb03200000)]
  0x0000023a1d6dd800 JavaThread "C2 CompilerThread0" daemon [_thread_in_native, id=2836, stack(0x000000fb03200000,0x000000fb03300000)]
  0x0000023a1d6e1800 JavaThread "C1 CompilerThread0" daemon [_thread_blocked, id=8900, stack(0x000000fb03300000,0x000000fb03400000)]
  0x0000023a1d6e3800 JavaThread "Sweeper thread" daemon [_thread_blocked, id=18248, stack(0x000000fb03400000,0x000000fb03500000)]
  0x0000023a1d82f800 JavaThread "Common-Cleaner" daemon [_thread_blocked, id=17828, stack(0x000000fb03500000,0x000000fb03600000)]
  0x0000023a1eeef800 JavaThread "Daemon health stats" [_thread_blocked, id=13124, stack(0x000000fb03a00000,0x000000fb03b00000)]
  0x0000023a1eef0800 JavaThread "Incoming local TCP Connector on port 54766" [_thread_in_native, id=13040, stack(0x000000fb03700000,0x000000fb03800000)]
  0x0000023a1eeee800 JavaThread "Daemon periodic checks" [_thread_blocked, id=7460, stack(0x000000fb03b00000,0x000000fb03c00000)]
  0x0000023a1eef1000 JavaThread "Daemon" [_thread_blocked, id=17920, stack(0x000000fb03c00000,0x000000fb03d00000)]
  0x0000023a1eef2000 JavaThread "Handler for socket connection from /127.0.0.1:54766 to /127.0.0.1:54767" [_thread_in_native, id=16064, stack(0x000000fb03d00000,0x000000fb03e00000)]
  0x0000023a1eef2800 JavaThread "Cancel handler" [_thread_blocked, id=8828, stack(0x000000fb03e00000,0x000000fb03f00000)]
  0x0000023a1eeed000 JavaThread "Daemon worker" [_thread_blocked, id=13712, stack(0x000000fb03f00000,0x000000fb04000000)]
  0x0000023a1eef3800 JavaThread "Asynchronous log dispatcher for DefaultDaemonConnection: socket connection from /127.0.0.1:54766 to /127.0.0.1:54767" [_thread_blocked, id=16520, stack(0x000000fb04000000,0x000000fb04100000)]
  0x0000023a1eeee000 JavaThread "Stdin handler" [_thread_blocked, id=17120, stack(0x000000fb04100000,0x000000fb04200000)]
  0x0000023a1f578000 JavaThread "Daemon client event forwarder" [_thread_blocked, id=14076, stack(0x000000fb04200000,0x000000fb04300000)]
  0x0000023a1eaa8000 JavaThread "C2 CompilerThread1" daemon [_thread_in_native, id=13116, stack(0x000000fb04300000,0x000000fb04400000)]
  0x0000023a1f576800 JavaThread "Cache worker for journal cache (C:\Users\JOHN BATISTA\.gradle\caches\journal-1)" [_thread_blocked, id=1440, stack(0x000000fb04500000,0x000000fb04600000)]
  0x0000023a1f577800 JavaThread "File lock request listener" [_thread_in_native, id=15304, stack(0x000000fb04600000,0x000000fb04700000)]
  0x0000023a1f57a800 JavaThread "Cache worker for file hash cache (C:\Users\JOHN BATISTA\.gradle\caches\7.2\fileHashes)" [_thread_blocked, id=17304, stack(0x000000fb04700000,0x000000fb04800000)]
  0x0000023a1f575800 JavaThread "Cache worker for file hash cache (C:\Users\JOHN BATISTA\AndroidStudioProjects\SportsApplication\.gradle\7.2\fileHashes)" [_thread_blocked, id=16348, stack(0x000000fb04800000,0x000000fb04900000)]
  0x0000023a1f57d000 JavaThread "File watcher server" daemon [_thread_blocked, id=9508, stack(0x000000fb04900000,0x000000fb04a00000)]
  0x0000023a1f579000 JavaThread "File watcher consumer" daemon [_thread_blocked, id=14924, stack(0x000000fb04a00000,0x000000fb04b00000)]
  0x0000023a1f57f800 JavaThread "Cache worker for checksums cache (C:\Users\JOHN BATISTA\AndroidStudioProjects\SportsApplication\.gradle\checksums)" [_thread_blocked, id=13300, stack(0x000000fb04b00000,0x000000fb04c00000)]
  0x0000023a1f57b800 JavaThread "Cache worker for cache directory md-supplier (C:\Users\JOHN BATISTA\.gradle\caches\7.2\md-supplier)" [_thread_blocked, id=8780, stack(0x000000fb04c00000,0x000000fb04d00000)]
  0x0000023a1f57a000 JavaThread "Cache worker for cache directory md-rule (C:\Users\JOHN BATISTA\.gradle\caches\7.2\md-rule)" [_thread_blocked, id=248, stack(0x000000fb04d00000,0x000000fb04e00000)]
  0x0000023a1f582000 JavaThread "Cache worker for execution history cache (C:\Users\JOHN BATISTA\.gradle\caches\7.2\executionHistory)" [_thread_blocked, id=6096, stack(0x000000fb04e00000,0x000000fb04f00000)]
  0x0000023a1f57c800 JavaThread "jar transforms" [_thread_blocked, id=17036, stack(0x000000fb04f00000,0x000000fb05000000)]
  0x0000023a1f57e000 JavaThread "Cache worker for file content cache (C:\Users\JOHN BATISTA\.gradle\caches\7.2\fileContent)" [_thread_blocked, id=9448, stack(0x000000fb05000000,0x000000fb05100000)]
  0x0000023a1f584800 JavaThread "jar transforms Thread 2" [_thread_blocked, id=17896, stack(0x000000fb05100000,0x000000fb05200000)]
  0x0000023a1f583000 JavaThread "Cache worker for dependencies-accessors (C:\Users\JOHN BATISTA\AndroidStudioProjects\SportsApplication\.gradle\7.2\dependencies-accessors)" [_thread_blocked, id=7212, stack(0x000000fb05200000,0x000000fb05300000)]
  0x0000023a1fb35800 JavaThread "jar transforms Thread 3" [_thread_blocked, id=14432, stack(0x000000fb05300000,0x000000fb05400000)]
  0x0000023a1fb33800 JavaThread "Cache worker for Build Output Cleanup Cache (C:\Users\JOHN BATISTA\AndroidStudioProjects\SportsApplication\.gradle\buildOutputCleanup)" [_thread_blocked, id=7624, stack(0x000000fb05400000,0x000000fb05500000)]
  0x0000023a1fb32000 JavaThread "Unconstrained build operations" [_thread_blocked, id=13532, stack(0x000000fb05500000,0x000000fb05600000)]
  0x0000023a1fb34800 JavaThread "Unconstrained build operations Thread 2" [_thread_blocked, id=9056, stack(0x000000fb05600000,0x000000fb05700000)]
  0x0000023a1fb33000 JavaThread "Unconstrained build operations Thread 3" [_thread_blocked, id=12012, stack(0x000000fb05700000,0x000000fb05800000)]
  0x0000023a1fb31000 JavaThread "Unconstrained build operations Thread 4" [_thread_blocked, id=10136, stack(0x000000fb05800000,0x000000fb05900000)]
  0x0000023a1fb39800 JavaThread "Unconstrained build operations Thread 5" [_thread_blocked, id=15772, stack(0x000000fb05900000,0x000000fb05a00000)]
  0x0000023a1fb36000 JavaThread "Unconstrained build operations Thread 6" [_thread_blocked, id=15384, stack(0x000000fb05a00000,0x000000fb05b00000)]
  0x0000023a1fb38800 JavaThread "Unconstrained build operations Thread 7" [_thread_blocked, id=17080, stack(0x000000fb05b00000,0x000000fb05c00000)]
  0x0000023a1fb3a000 JavaThread "Unconstrained build operations Thread 8" [_thread_blocked, id=3288, stack(0x000000fb05c00000,0x000000fb05d00000)]
  0x0000023a1fb3c000 JavaThread "Unconstrained build operations Thread 9" [_thread_blocked, id=6072, stack(0x000000fb05d00000,0x000000fb05e00000)]
  0x0000023a1fb38000 JavaThread "Unconstrained build operations Thread 10" [_thread_blocked, id=4804, stack(0x000000fb05e00000,0x000000fb05f00000)]
  0x0000023a1fb3c800 JavaThread "Unconstrained build operations Thread 11" [_thread_blocked, id=2956, stack(0x000000fb05f00000,0x000000fb06000000)]
  0x0000023a1fb37000 JavaThread "Unconstrained build operations Thread 12" [_thread_blocked, id=10608, stack(0x000000fb06000000,0x000000fb06100000)]
  0x0000023a1fb3b000 JavaThread "Unconstrained build operations Thread 13" [_thread_blocked, id=12652, stack(0x000000fb06100000,0x000000fb06200000)]
  0x0000023a1fb3d800 JavaThread "Unconstrained build operations Thread 14" [_thread_blocked, id=15692, stack(0x000000fb06200000,0x000000fb06300000)]
  0x0000023a1fb40000 JavaThread "Unconstrained build operations Thread 15" [_thread_blocked, id=12148, stack(0x000000fb06300000,0x000000fb06400000)]
  0x0000023a1fb3f000 JavaThread "Unconstrained build operations Thread 16" [_thread_blocked, id=14192, stack(0x000000fb06400000,0x000000fb06500000)]
  0x0000023a1fb3e800 JavaThread "Unconstrained build operations Thread 17" [_thread_blocked, id=7048, stack(0x000000fb06500000,0x000000fb06600000)]
  0x0000023a22a8d000 JavaThread "Unconstrained build operations Thread 18" [_thread_blocked, id=1344, stack(0x000000fb06600000,0x000000fb06700000)]
  0x0000023a22a88000 JavaThread "Unconstrained build operations Thread 19" [_thread_blocked, id=1524, stack(0x000000fb06700000,0x000000fb06800000)]
  0x0000023a22a8e800 JavaThread "Unconstrained build operations Thread 20" [_thread_blocked, id=9628, stack(0x000000fb06800000,0x000000fb06900000)]
  0x0000023a22a8a800 JavaThread "Unconstrained build operations Thread 21" [_thread_blocked, id=1076, stack(0x000000fb06900000,0x000000fb06a00000)]
  0x0000023a22a8b800 JavaThread "Unconstrained build operations Thread 22" [_thread_blocked, id=13884, stack(0x000000fb06a00000,0x000000fb06b00000)]
  0x0000023a22a8e000 JavaThread "Unconstrained build operations Thread 23" [_thread_blocked, id=14368, stack(0x000000fb06b00000,0x000000fb06c00000)]
  0x0000023a22a89000 JavaThread "Unconstrained build operations Thread 24" [_thread_blocked, id=16600, stack(0x000000fb06c00000,0x000000fb06d00000)]
  0x0000023a22a8a000 JavaThread "Unconstrained build operations Thread 25" [_thread_blocked, id=3752, stack(0x000000fb06d00000,0x000000fb06e00000)]
  0x0000023a22a8c000 JavaThread "Unconstrained build operations Thread 26" [_thread_blocked, id=10876, stack(0x000000fb06e00000,0x000000fb06f00000)]
  0x0000023a2128d000 JavaThread "Unconstrained build operations Thread 27" [_thread_blocked, id=1728, stack(0x000000fb06f00000,0x000000fb07000000)]
  0x0000023a21292000 JavaThread "Unconstrained build operations Thread 28" [_thread_blocked, id=15148, stack(0x000000fb07000000,0x000000fb07100000)]
  0x0000023a2128e800 JavaThread "Unconstrained build operations Thread 29" [_thread_blocked, id=11212, stack(0x000000fb07100000,0x000000fb07200000)]
  0x0000023a2128e000 JavaThread "Unconstrained build operations Thread 30" [_thread_blocked, id=16104, stack(0x000000fb07200000,0x000000fb07300000)]
  0x0000023a2128f800 JavaThread "Unconstrained build operations Thread 31" [_thread_blocked, id=10708, stack(0x000000fb07300000,0x000000fb07400000)]
  0x0000023a2128c800 JavaThread "Unconstrained build operations Thread 32" [_thread_blocked, id=10660, stack(0x000000fb07400000,0x000000fb07500000)]
  0x0000023a21296000 JavaThread "Unconstrained build operations Thread 33" [_thread_blocked, id=2284, stack(0x000000fb07500000,0x000000fb07600000)]
  0x0000023a21293000 JavaThread "Unconstrained build operations Thread 34" [_thread_blocked, id=15328, stack(0x000000fb07600000,0x000000fb07700000)]
  0x0000023a21291000 JavaThread "Unconstrained build operations Thread 35" [_thread_blocked, id=18360, stack(0x000000fb07700000,0x000000fb07800000)]
  0x0000023a21293800 JavaThread "Unconstrained build operations Thread 36" [_thread_blocked, id=2740, stack(0x000000fb07800000,0x000000fb07900000)]
  0x0000023a21294800 JavaThread "Unconstrained build operations Thread 37" [_thread_blocked, id=15768, stack(0x000000fb07900000,0x000000fb07a00000)]
  0x0000023a21295800 JavaThread "Unconstrained build operations Thread 38" [_thread_blocked, id=11536, stack(0x000000fb07a00000,0x000000fb07b00000)]
  0x0000023a21290800 JavaThread "Unconstrained build operations Thread 39" [_thread_blocked, id=17244, stack(0x000000fb07b00000,0x000000fb07c00000)]
  0x0000023a21297000 JavaThread "Unconstrained build operations Thread 40" [_thread_blocked, id=7548, stack(0x000000fb07c00000,0x000000fb07d00000)]
  0x0000023a2129a000 JavaThread "jar transforms Thread 4" [_thread_blocked, id=8312, stack(0x000000fb07d00000,0x000000fb07e00000)]
  0x0000023a21297800 JavaThread "Memory manager" [_thread_blocked, id=7368, stack(0x000000fb07e00000,0x000000fb07f00000)]
  0x0000023a21298800 JavaThread "build event listener" [_thread_blocked, id=12360, stack(0x000000fb07f00000,0x000000fb08000000)]
  0x0000023a21299800 JavaThread "build event listener" [_thread_blocked, id=17360, stack(0x000000fb08000000,0x000000fb08100000)]
  0x0000023a24f0a800 JavaThread "Execution worker for ':'" [_thread_blocked, id=5456, stack(0x000000fb08100000,0x000000fb08200000)]
  0x0000023a24f10000 JavaThread "Execution worker for ':' Thread 2" [_thread_blocked, id=7216, stack(0x000000fb08200000,0x000000fb08300000)]
  0x0000023a24f0c000 JavaThread "Execution worker for ':' Thread 3" [_thread_blocked, id=6664, stack(0x000000fb08300000,0x000000fb08400000)]
  0x0000023a24f0b000 JavaThread "Cache worker for execution history cache (C:\Users\JOHN BATISTA\AndroidStudioProjects\SportsApplication\.gradle\7.2\executionHistory)" [_thread_blocked, id=6136, stack(0x000000fb08400000,0x000000fb08500000)]
  0x0000023a24f11000 JavaThread "WorkerExecutor Queue" [_thread_blocked, id=13000, stack(0x000000fb08500000,0x000000fb08600000)]
  0x0000023a24f0e800 JavaThread "WorkerExecutor Queue Thread 2" [_thread_blocked, id=10996, stack(0x000000fb08600000,0x000000fb08700000)]
  0x0000023a24f0d000 JavaThread "WorkerExecutor Queue Thread 3" [_thread_blocked, id=2944, stack(0x000000fb08700000,0x000000fb08800000)]
  0x0000023a24f0d800 JavaThread "WorkerExecutor Queue Thread 4" [_thread_blocked, id=10604, stack(0x000000fb08800000,0x000000fb08900000)]

Other Threads:
=>0x0000023a1cd4e800 VMThread "VM Thread" [stack: 0x000000fb02c00000,0x000000fb02d00000] [id=7276]
  0x0000023a1d855000 WatcherThread [stack: 0x000000fb03600000,0x000000fb03700000] [id=9896]
  0x0000023a03178800 GCTaskThread "GC Thread#0" [stack: 0x000000fb02700000,0x000000fb02800000] [id=124]
  0x0000023a1e4b8000 GCTaskThread "GC Thread#1" [stack: 0x000000fb03800000,0x000000fb03900000] [id=16764]
  0x0000023a1dbbe000 GCTaskThread "GC Thread#2" [stack: 0x000000fb03900000,0x000000fb03a00000] [id=11880]
  0x0000023a1fe9d800 GCTaskThread "GC Thread#3" [stack: 0x000000fb04400000,0x000000fb04500000] [id=12696]
  0x0000023a031a8800 ConcurrentGCThread "G1 Main Marker" [stack: 0x000000fb02800000,0x000000fb02900000] [id=17276]
  0x0000023a031ab800 ConcurrentGCThread "G1 Conc#0" [stack: 0x000000fb02900000,0x000000fb02a00000] [id=13460]
  0x0000023a1cba0800 ConcurrentGCThread "G1 Refine#0" [stack: 0x000000fb02a00000,0x000000fb02b00000] [id=7252]
  0x0000023a1cba1800 ConcurrentGCThread "G1 Young RemSet Sampling" [stack: 0x000000fb02b00000,0x000000fb02c00000] [id=12676]

Threads with active compile tasks:
C2 CompilerThread0  27441 12440       4       com.android.tools.r8.internal.LH0::a (42 bytes)
C2 CompilerThread1  27441 12428       4       com.android.tools.r8.dex.r::m (2110 bytes)

VM state:at safepoint (normal execution)

VM Mutex/Monitor currently owned by a thread:  ([mutex/lock_event])
[0x0000023a031582b0] Threads_lock - owner thread: 0x0000023a1cd4e800
[0x0000023a031599c0] Heap_lock - owner thread: 0x0000023a24f0d000

Heap address: 0x0000000080000000, size: 2048 MB, Compressed Oops mode: 32-bit
Narrow klass base: 0x0000000000000000, Narrow klass shift: 3
Compressed class space size: 1073741824 Address: 0x0000000100000000

Heap:
 garbage-first heap   total 328704K, used 208209K [0x0000000080000000, 0x0000000100000000)
  region size 1024K, 1 young (1024K), 1 survivors (1024K)
 Metaspace       used 105330K, capacity 107581K, committed 107816K, reserved 1142784K
  class space    used 13352K, capacity 14211K, committed 14284K, reserved 1048576K
Heap Regions: E=young(eden), S=young(survivor), O=old, HS=humongous(starts), HC=humongous(continues), CS=collection set, F=free, A=archive, TAMS=top-at-mark-start (previous, next)
|   0|0x0000000080000000, 0x0000000080100000, 0x0000000080100000|100%|HS|  |TAMS 0x0000000080100000, 0x0000000080100000| Complete 
|   1|0x0000000080100000, 0x0000000080200000, 0x0000000080200000|100%|HC|  |TAMS 0x0000000080200000, 0x0000000080200000| Complete 
|   2|0x0000000080200000, 0x0000000080300000, 0x0000000080300000|100%|HC|  |TAMS 0x0000000080300000, 0x0000000080300000| Complete 
|   3|0x0000000080300000, 0x0000000080400000, 0x0000000080400000|100%| O|  |TAMS 0x0000000080400000, 0x0000000080400000| Untracked 
|   4|0x0000000080400000, 0x0000000080500000, 0x0000000080500000|100%| O|  |TAMS 0x0000000080500000, 0x0000000080500000| Untracked 
|   5|0x0000000080500000, 0x0000000080600000, 0x0000000080600000|100%| O|  |TAMS 0x0000000080600000, 0x0000000080600000| Untracked 
|   6|0x0000000080600000, 0x0000000080700000, 0x0000000080700000|100%| O|  |TAMS 0x0000000080700000, 0x0000000080700000| Untracked 
|   7|0x0000000080700000, 0x0000000080800000, 0x0000000080800000|100%| O|  |TAMS 0x0000000080800000, 0x0000000080800000| Untracked 
|   8|0x0000000080800000, 0x0000000080900000, 0x0000000080900000|100%| O|  |TAMS 0x0000000080900000, 0x0000000080900000| Untracked 
|   9|0x0000000080900000, 0x0000000080a00000, 0x0000000080a00000|100%| O|  |TAMS 0x0000000080a00000, 0x0000000080a00000| Untracked 
|  10|0x0000000080a00000, 0x0000000080b00000, 0x0000000080b00000|100%| O|  |TAMS 0x0000000080b00000, 0x0000000080b00000| Untracked 
|  11|0x0000000080b00000, 0x0000000080c00000, 0x0000000080c00000|100%| O|  |TAMS 0x0000000080c00000, 0x0000000080c00000| Untracked 
|  12|0x0000000080c00000, 0x0000000080d00000, 0x0000000080d00000|100%| O|  |TAMS 0x0000000080d00000, 0x0000000080d00000| Untracked 
|  13|0x0000000080d00000, 0x0000000080e00000, 0x0000000080e00000|100%| O|  |TAMS 0x0000000080e00000, 0x0000000080e00000| Untracked 
|  14|0x0000000080e00000, 0x0000000080f00000, 0x0000000080f00000|100%| O|  |TAMS 0x0000000080f00000, 0x0000000080f00000| Untracked 
|  15|0x0000000080f00000, 0x0000000081000000, 0x0000000081000000|100%| O|  |TAMS 0x0000000081000000, 0x0000000081000000| Untracked 
|  16|0x0000000081000000, 0x0000000081100000, 0x0000000081100000|100%| O|  |TAMS 0x0000000081100000, 0x0000000081100000| Untracked 
|  17|0x0000000081100000, 0x0000000081200000, 0x0000000081200000|100%|HS|  |TAMS 0x0000000081200000, 0x0000000081200000| Complete 
|  18|0x0000000081200000, 0x0000000081300000, 0x0000000081300000|100%| O|  |TAMS 0x0000000081300000, 0x0000000081300000| Untracked 
|  19|0x0000000081300000, 0x0000000081400000, 0x0000000081400000|100%| O|  |TAMS 0x0000000081400000, 0x0000000081400000| Untracked 
|  20|0x0000000081400000, 0x0000000081500000, 0x0000000081500000|100%| O|  |TAMS 0x0000000081500000, 0x0000000081500000| Untracked 
|  21|0x0000000081500000, 0x0000000081600000, 0x0000000081600000|100%| O|  |TAMS 0x0000000081600000, 0x0000000081600000| Untracked 
|  22|0x0000000081600000, 0x0000000081700000, 0x0000000081700000|100%| O|  |TAMS 0x0000000081700000, 0x0000000081700000| Untracked 
|  23|0x0000000081700000, 0x0000000081800000, 0x0000000081800000|100%| O|  |TAMS 0x0000000081800000, 0x0000000081800000| Untracked 
|  24|0x0000000081800000, 0x0000000081900000, 0x0000000081900000|100%|HS|  |TAMS 0x0000000081900000, 0x0000000081900000| Complete 
|  25|0x0000000081900000, 0x0000000081a00000, 0x0000000081a00000|100%|HS|  |TAMS 0x0000000081a00000, 0x0000000081a00000| Complete 
|  26|0x0000000081a00000, 0x0000000081b00000, 0x0000000081b00000|100%|HS|  |TAMS 0x0000000081b00000, 0x0000000081b00000| Complete 
|  27|0x0000000081b00000, 0x0000000081c00000, 0x0000000081c00000|100%|HS|  |TAMS 0x0000000081c00000, 0x0000000081c00000| Complete 
|  28|0x0000000081c00000, 0x0000000081d00000, 0x0000000081d00000|100%|HC|  |TAMS 0x0000000081d00000, 0x0000000081d00000| Complete 
|  29|0x0000000081d00000, 0x0000000081e00000, 0x0000000081e00000|100%|HC|  |TAMS 0x0000000081e00000, 0x0000000081e00000| Complete 
|  30|0x0000000081e00000, 0x0000000081f00000, 0x0000000081f00000|100%|HS|  |TAMS 0x0000000081f00000, 0x0000000081f00000| Complete 
|  31|0x0000000081f00000, 0x0000000082000000, 0x0000000082000000|100%|HC|  |TAMS 0x0000000082000000, 0x0000000082000000| Complete 
|  32|0x0000000082000000, 0x0000000082100000, 0x0000000082100000|100%| O|  |TAMS 0x0000000082100000, 0x0000000082100000| Untracked 
|  33|0x0000000082100000, 0x0000000082200000, 0x0000000082200000|100%| O|  |TAMS 0x0000000082200000, 0x0000000082200000| Untracked 
|  34|0x0000000082200000, 0x0000000082300000, 0x0000000082300000|100%| O|  |TAMS 0x0000000082300000, 0x0000000082300000| Untracked 
|  35|0x0000000082300000, 0x0000000082400000, 0x0000000082400000|100%| O|  |TAMS 0x0000000082400000, 0x0000000082400000| Untracked 
|  36|0x0000000082400000, 0x0000000082500000, 0x0000000082500000|100%| O|  |TAMS 0x0000000082500000, 0x0000000082500000| Untracked 
|  37|0x0000000082500000, 0x0000000082600000, 0x0000000082600000|100%| O|  |TAMS 0x0000000082600000, 0x0000000082600000| Untracked 
|  38|0x0000000082600000, 0x0000000082700000, 0x0000000082700000|100%| O|  |TAMS 0x0000000082700000, 0x0000000082700000| Untracked 
|  39|0x0000000082700000, 0x0000000082800000, 0x0000000082800000|100%| O|  |TAMS 0x0000000082800000, 0x0000000082800000| Untracked 
|  40|0x0000000082800000, 0x0000000082900000, 0x0000000082900000|100%| O|  |TAMS 0x0000000082900000, 0x0000000082900000| Untracked 
|  41|0x0000000082900000, 0x0000000082a00000, 0x0000000082a00000|100%| O|  |TAMS 0x0000000082a00000, 0x0000000082a00000| Untracked 
|  42|0x0000000082a00000, 0x0000000082b00000, 0x0000000082b00000|100%| O|  |TAMS 0x0000000082b00000, 0x0000000082b00000| Untracked 
|  43|0x0000000082b00000, 0x0000000082c00000, 0x0000000082c00000|100%| O|  |TAMS 0x0000000082c00000, 0x0000000082c00000| Untracked 
|  44|0x0000000082c00000, 0x0000000082d00000, 0x0000000082d00000|100%| O|  |TAMS 0x0000000082d00000, 0x0000000082d00000| Untracked 
|  45|0x0000000082d00000, 0x0000000082e00000, 0x0000000082e00000|100%| O|  |TAMS 0x0000000082e00000, 0x0000000082e00000| Untracked 
|  46|0x0000000082e00000, 0x0000000082f00000, 0x0000000082f00000|100%| O|  |TAMS 0x0000000082f00000, 0x0000000082f00000| Untracked 
|  47|0x0000000082f00000, 0x0000000083000000, 0x0000000083000000|100%| O|  |TAMS 0x0000000083000000, 0x0000000083000000| Untracked 
|  48|0x0000000083000000, 0x0000000083100000, 0x0000000083100000|100%| O|  |TAMS 0x0000000083100000, 0x0000000083100000| Untracked 
|  49|0x0000000083100000, 0x0000000083200000, 0x0000000083200000|100%| O|  |TAMS 0x0000000083200000, 0x0000000083200000| Untracked 
|  50|0x0000000083200000, 0x0000000083300000, 0x0000000083300000|100%| O|  |TAMS 0x0000000083300000, 0x0000000083300000| Untracked 
|  51|0x0000000083300000, 0x0000000083400000, 0x0000000083400000|100%| O|  |TAMS 0x0000000083400000, 0x0000000083400000| Untracked 
|  52|0x0000000083400000, 0x0000000083500000, 0x0000000083500000|100%| O|  |TAMS 0x0000000083500000, 0x0000000083500000| Untracked 
|  53|0x0000000083500000, 0x0000000083600000, 0x0000000083600000|100%| O|  |TAMS 0x0000000083600000, 0x0000000083600000| Untracked 
|  54|0x0000000083600000, 0x0000000083700000, 0x0000000083700000|100%| O|  |TAMS 0x0000000083700000, 0x0000000083700000| Untracked 
|  55|0x0000000083700000, 0x0000000083800000, 0x0000000083800000|100%| O|  |TAMS 0x0000000083800000, 0x0000000083800000| Untracked 
|  56|0x0000000083800000, 0x0000000083900000, 0x0000000083900000|100%| O|  |TAMS 0x0000000083900000, 0x0000000083900000| Untracked 
|  57|0x0000000083900000, 0x0000000083a00000, 0x0000000083a00000|100%| O|  |TAMS 0x0000000083a00000, 0x0000000083a00000| Untracked 
|  58|0x0000000083a00000, 0x0000000083b00000, 0x0000000083b00000|100%| O|  |TAMS 0x0000000083b00000, 0x0000000083b00000| Untracked 
|  59|0x0000000083b00000, 0x0000000083c00000, 0x0000000083c00000|100%| O|  |TAMS 0x0000000083c00000, 0x0000000083c00000| Untracked 
|  60|0x0000000083c00000, 0x0000000083d00000, 0x0000000083d00000|100%| O|  |TAMS 0x0000000083d00000, 0x0000000083d00000| Untracked 
|  61|0x0000000083d00000, 0x0000000083e00000, 0x0000000083e00000|100%| O|  |TAMS 0x0000000083e00000, 0x0000000083e00000| Untracked 
|  62|0x0000000083e00000, 0x0000000083f00000, 0x0000000083f00000|100%| O|  |TAMS 0x0000000083f00000, 0x0000000083f00000| Untracked 
|  63|0x0000000083f00000, 0x0000000084000000, 0x0000000084000000|100%| O|  |TAMS 0x0000000084000000, 0x0000000084000000| Untracked 
|  64|0x0000000084000000, 0x0000000084100000, 0x0000000084100000|100%| O|  |TAMS 0x0000000084100000, 0x0000000084100000| Untracked 
|  65|0x0000000084100000, 0x0000000084200000, 0x0000000084200000|100%| O|  |TAMS 0x0000000084200000, 0x0000000084200000| Untracked 
|  66|0x0000000084200000, 0x0000000084300000, 0x0000000084300000|100%| O|  |TAMS 0x0000000084300000, 0x0000000084300000| Untracked 
|  67|0x0000000084300000, 0x0000000084400000, 0x0000000084400000|100%| O|  |TAMS 0x0000000084400000, 0x0000000084400000| Untracked 
|  68|0x0000000084400000, 0x0000000084500000, 0x0000000084500000|100%| O|  |TAMS 0x0000000084500000, 0x0000000084500000| Untracked 
|  69|0x0000000084500000, 0x0000000084600000, 0x0000000084600000|100%| O|  |TAMS 0x0000000084600000, 0x0000000084600000| Untracked 
|  70|0x0000000084600000, 0x0000000084700000, 0x0000000084700000|100%| O|  |TAMS 0x0000000084700000, 0x0000000084700000| Untracked 
|  71|0x0000000084700000, 0x0000000084800000, 0x0000000084800000|100%| O|  |TAMS 0x0000000084800000, 0x0000000084800000| Untracked 
|  72|0x0000000084800000, 0x0000000084900000, 0x0000000084900000|100%| O|  |TAMS 0x0000000084900000, 0x0000000084900000| Untracked 
|  73|0x0000000084900000, 0x0000000084a00000, 0x0000000084a00000|100%| O|  |TAMS 0x0000000084a00000, 0x0000000084a00000| Untracked 
|  74|0x0000000084a00000, 0x0000000084b00000, 0x0000000084b00000|100%| O|  |TAMS 0x0000000084b00000, 0x0000000084b00000| Untracked 
|  75|0x0000000084b00000, 0x0000000084c00000, 0x0000000084c00000|100%| O|  |TAMS 0x0000000084c00000, 0x0000000084c00000| Untracked 
|  76|0x0000000084c00000, 0x0000000084d00000, 0x0000000084d00000|100%| O|  |TAMS 0x0000000084d00000, 0x0000000084d00000| Untracked 
|  77|0x0000000084d00000, 0x0000000084e00000, 0x0000000084e00000|100%| O|  |TAMS 0x0000000084e00000, 0x0000000084e00000| Untracked 
|  78|0x0000000084e00000, 0x0000000084f00000, 0x0000000084f00000|100%| O|  |TAMS 0x0000000084f00000, 0x0000000084f00000| Untracked 
|  79|0x0000000084f00000, 0x0000000085000000, 0x0000000085000000|100%| O|  |TAMS 0x0000000085000000, 0x0000000085000000| Untracked 
|  80|0x0000000085000000, 0x0000000085100000, 0x0000000085100000|100%| O|  |TAMS 0x0000000085100000, 0x0000000085100000| Untracked 
|  81|0x0000000085100000, 0x0000000085200000, 0x0000000085200000|100%| O|  |TAMS 0x0000000085200000, 0x0000000085200000| Untracked 
|  82|0x0000000085200000, 0x0000000085300000, 0x0000000085300000|100%| O|  |TAMS 0x0000000085300000, 0x0000000085300000| Untracked 
|  83|0x0000000085300000, 0x0000000085400000, 0x0000000085400000|100%| O|  |TAMS 0x0000000085400000, 0x0000000085400000| Untracked 
|  84|0x0000000085400000, 0x0000000085500000, 0x0000000085500000|100%| O|  |TAMS 0x0000000085500000, 0x0000000085500000| Untracked 
|  85|0x0000000085500000, 0x0000000085600000, 0x0000000085600000|100%| O|  |TAMS 0x0000000085600000, 0x0000000085600000| Untracked 
|  86|0x0000000085600000, 0x0000000085700000, 0x0000000085700000|100%| O|  |TAMS 0x0000000085700000, 0x0000000085700000| Untracked 
|  87|0x0000000085700000, 0x0000000085800000, 0x0000000085800000|100%| O|  |TAMS 0x0000000085800000, 0x0000000085800000| Untracked 
|  88|0x0000000085800000, 0x0000000085900000, 0x0000000085900000|100%| O|  |TAMS 0x0000000085900000, 0x0000000085900000| Untracked 
|  89|0x0000000085900000, 0x0000000085a00000, 0x0000000085a00000|100%| O|  |TAMS 0x0000000085a00000, 0x0000000085a00000| Untracked 
|  90|0x0000000085a00000, 0x0000000085b00000, 0x0000000085b00000|100%| O|  |TAMS 0x0000000085b00000, 0x0000000085b00000| Untracked 
|  91|0x0000000085b00000, 0x0000000085c00000, 0x0000000085c00000|100%| O|  |TAMS 0x0000000085c00000, 0x0000000085c00000| Untracked 
|  92|0x0000000085c00000, 0x0000000085d00000, 0x0000000085d00000|100%|HS|  |TAMS 0x0000000085d00000, 0x0000000085d00000| Complete 
|  93|0x0000000085d00000, 0x0000000085e00000, 0x0000000085e00000|100%| O|  |TAMS 0x0000000085e00000, 0x0000000085e00000| Untracked 
|  94|0x0000000085e00000, 0x0000000085f00000, 0x0000000085f00000|100%|HS|  |TAMS 0x0000000085f00000, 0x0000000085f00000| Complete 
|  95|0x0000000085f00000, 0x0000000086000000, 0x0000000086000000|100%|HC|  |TAMS 0x0000000086000000, 0x0000000086000000| Complete 
|  96|0x0000000086000000, 0x0000000086100000, 0x0000000086100000|100%|HC|  |TAMS 0x0000000086100000, 0x0000000086100000| Complete 
|  97|0x0000000086100000, 0x0000000086200000, 0x0000000086200000|100%| O|  |TAMS 0x0000000086200000, 0x0000000086200000| Untracked 
|  98|0x0000000086200000, 0x0000000086300000, 0x0000000086300000|100%| O|  |TAMS 0x0000000086300000, 0x0000000086300000| Untracked 
|  99|0x0000000086300000, 0x0000000086400000, 0x0000000086400000|100%| O|  |TAMS 0x0000000086400000, 0x0000000086400000| Untracked 
| 100|0x0000000086400000, 0x0000000086500000, 0x0000000086500000|100%| O|  |TAMS 0x0000000086500000, 0x0000000086500000| Untracked 
| 101|0x0000000086500000, 0x0000000086600000, 0x0000000086600000|100%| O|  |TAMS 0x0000000086600000, 0x0000000086600000| Untracked 
| 102|0x0000000086600000, 0x0000000086700000, 0x0000000086700000|100%| O|  |TAMS 0x0000000086700000, 0x0000000086700000| Untracked 
| 103|0x0000000086700000, 0x0000000086800000, 0x0000000086800000|100%| O|  |TAMS 0x0000000086800000, 0x0000000086800000| Untracked 
| 104|0x0000000086800000, 0x0000000086900000, 0x0000000086900000|100%|HS|  |TAMS 0x0000000086900000, 0x0000000086900000| Complete 
| 105|0x0000000086900000, 0x0000000086a00000, 0x0000000086a00000|100%|HC|  |TAMS 0x0000000086a00000, 0x0000000086a00000| Complete 
| 106|0x0000000086a00000, 0x0000000086b00000, 0x0000000086b00000|100%|HS|  |TAMS 0x0000000086b00000, 0x0000000086b00000| Complete 
| 107|0x0000000086b00000, 0x0000000086c00000, 0x0000000086c00000|100%|HC|  |TAMS 0x0000000086c00000, 0x0000000086c00000| Complete 
| 108|0x0000000086c00000, 0x0000000086d00000, 0x0000000086d00000|100%|HS|  |TAMS 0x0000000086d00000, 0x0000000086d00000| Complete 
| 109|0x0000000086d00000, 0x0000000086e00000, 0x0000000086e00000|100%|HC|  |TAMS 0x0000000086e00000, 0x0000000086e00000| Complete 
| 110|0x0000000086e00000, 0x0000000086f00000, 0x0000000086f00000|100%|HS|  |TAMS 0x0000000086f00000, 0x0000000086f00000| Complete 
| 111|0x0000000086f00000, 0x0000000087000000, 0x0000000087000000|100%|HC|  |TAMS 0x0000000087000000, 0x0000000087000000| Complete 
| 112|0x0000000087000000, 0x0000000087100000, 0x0000000087100000|100%|HS|  |TAMS 0x0000000087100000, 0x0000000087100000| Complete 
| 113|0x0000000087100000, 0x0000000087200000, 0x0000000087200000|100%|HS|  |TAMS 0x0000000087200000, 0x0000000087200000| Complete 
| 114|0x0000000087200000, 0x0000000087300000, 0x0000000087300000|100%|HS|  |TAMS 0x0000000087300000, 0x0000000087300000| Complete 
| 115|0x0000000087300000, 0x0000000087400000, 0x0000000087400000|100%|HS|  |TAMS 0x0000000087400000, 0x0000000087400000| Complete 
| 116|0x0000000087400000, 0x0000000087500000, 0x0000000087500000|100%|HS|  |TAMS 0x0000000087500000, 0x0000000087500000| Complete 
| 117|0x0000000087500000, 0x0000000087600000, 0x0000000087600000|100%|HS|  |TAMS 0x0000000087600000, 0x0000000087600000| Complete 
| 118|0x0000000087600000, 0x0000000087700000, 0x0000000087700000|100%|HC|  |TAMS 0x0000000087700000, 0x0000000087700000| Complete 
| 119|0x0000000087700000, 0x0000000087800000, 0x0000000087800000|100%|HS|  |TAMS 0x0000000087800000, 0x0000000087800000| Complete 
| 120|0x0000000087800000, 0x0000000087900000, 0x0000000087900000|100%|HC|  |TAMS 0x0000000087900000, 0x0000000087900000| Complete 
| 121|0x0000000087900000, 0x0000000087a00000, 0x0000000087a00000|100%|HC|  |TAMS 0x0000000087a00000, 0x0000000087a00000| Complete 
| 122|0x0000000087a00000, 0x0000000087b00000, 0x0000000087b00000|100%|HS|  |TAMS 0x0000000087b00000, 0x0000000087b00000| Complete 
| 123|0x0000000087b00000, 0x0000000087c00000, 0x0000000087c00000|100%|HS|  |TAMS 0x0000000087b00000, 0x0000000087c00000| Complete 
| 124|0x0000000087c00000, 0x0000000087d00000, 0x0000000087d00000|100%| O|  |TAMS 0x0000000087c00000, 0x0000000087d00000| Untracked 
| 125|0x0000000087d00000, 0x0000000087e00000, 0x0000000087e00000|100%|HS|  |TAMS 0x0000000087e00000, 0x0000000087e00000| Complete 
| 126|0x0000000087e00000, 0x0000000087f00000, 0x0000000087f00000|100%|HC|  |TAMS 0x0000000087f00000, 0x0000000087f00000| Complete 
| 127|0x0000000087f00000, 0x0000000088000000, 0x0000000088000000|100%| O|  |TAMS 0x0000000088000000, 0x0000000088000000| Untracked 
| 128|0x0000000088000000, 0x0000000088100000, 0x0000000088100000|100%| O|  |TAMS 0x0000000088100000, 0x0000000088100000| Untracked 
| 129|0x0000000088100000, 0x0000000088200000, 0x0000000088200000|100%| O|  |TAMS 0x0000000088200000, 0x0000000088200000| Untracked 
| 130|0x0000000088200000, 0x0000000088300000, 0x0000000088300000|100%| O|  |TAMS 0x0000000088300000, 0x0000000088300000| Untracked 
| 131|0x0000000088300000, 0x0000000088400000, 0x0000000088400000|100%| O|  |TAMS 0x0000000088400000, 0x0000000088400000| Untracked 
| 132|0x0000000088400000, 0x0000000088500000, 0x0000000088500000|100%| O|  |TAMS 0x0000000088500000, 0x0000000088500000| Untracked 
| 133|0x0000000088500000, 0x0000000088600000, 0x0000000088600000|100%| O|  |TAMS 0x0000000088600000, 0x0000000088600000| Untracked 
| 134|0x0000000088600000, 0x0000000088700000, 0x0000000088700000|100%| O|  |TAMS 0x0000000088700000, 0x0000000088700000| Untracked 
| 135|0x0000000088700000, 0x0000000088800000, 0x0000000088800000|100%| O|  |TAMS 0x0000000088800000, 0x0000000088800000| Untracked 
| 136|0x0000000088800000, 0x0000000088900000, 0x0000000088900000|100%| O|  |TAMS 0x0000000088900000, 0x0000000088900000| Untracked 
| 137|0x0000000088900000, 0x0000000088a00000, 0x0000000088a00000|100%|HS|  |TAMS 0x0000000088a00000, 0x0000000088a00000| Complete 
| 138|0x0000000088a00000, 0x0000000088b00000, 0x0000000088b00000|100%|HC|  |TAMS 0x0000000088b00000, 0x0000000088b00000| Complete 
| 139|0x0000000088b00000, 0x0000000088c00000, 0x0000000088c00000|100%|HS|  |TAMS 0x0000000088b00000, 0x0000000088c00000| Complete 
| 140|0x0000000088c00000, 0x0000000088d00000, 0x0000000088d00000|100%| O|  |TAMS 0x0000000088c00000, 0x0000000088d00000| Untracked 
| 141|0x0000000088d00000, 0x0000000088e00000, 0x0000000088e00000|100%|HS|  |TAMS 0x0000000088e00000, 0x0000000088e00000| Complete 
| 142|0x0000000088e00000, 0x0000000088f00000, 0x0000000088f00000|100%|HC|  |TAMS 0x0000000088f00000, 0x0000000088f00000| Complete 
| 143|0x0000000088f00000, 0x0000000089000000, 0x0000000089000000|100%| O|  |TAMS 0x0000000088f00000, 0x0000000089000000| Untracked 
| 144|0x0000000089000000, 0x0000000089100000, 0x0000000089100000|100%|HS|  |TAMS 0x0000000089100000, 0x0000000089100000| Complete 
| 145|0x0000000089100000, 0x0000000089200000, 0x0000000089200000|100%| O|  |TAMS 0x0000000089100000, 0x0000000089200000| Untracked 
| 146|0x0000000089200000, 0x0000000089300000, 0x0000000089300000|100%| O|  |TAMS 0x0000000089200000, 0x0000000089300000| Untracked 
| 147|0x0000000089300000, 0x0000000089400000, 0x0000000089400000|100%|HS|  |TAMS 0x0000000089400000, 0x0000000089400000| Complete 
| 148|0x0000000089400000, 0x0000000089500000, 0x0000000089500000|100%|HC|  |TAMS 0x0000000089500000, 0x0000000089500000| Complete 
| 149|0x0000000089500000, 0x0000000089600000, 0x0000000089600000|100%| O|  |TAMS 0x0000000089500000, 0x0000000089600000| Untracked 
| 150|0x0000000089600000, 0x0000000089700000, 0x0000000089700000|100%| O|  |TAMS 0x0000000089600000, 0x0000000089700000| Untracked 
| 151|0x0000000089700000, 0x0000000089800000, 0x0000000089800000|100%|HS|  |TAMS 0x0000000089800000, 0x0000000089800000| Complete 
| 152|0x0000000089800000, 0x0000000089900000, 0x0000000089900000|100%|HC|  |TAMS 0x0000000089900000, 0x0000000089900000| Complete 
| 153|0x0000000089900000, 0x0000000089a00000, 0x0000000089a00000|100%| O|  |TAMS 0x0000000089900000, 0x0000000089a00000| Untracked 
| 154|0x0000000089a00000, 0x0000000089b00000, 0x0000000089b00000|100%|HS|  |TAMS 0x0000000089b00000, 0x0000000089b00000| Complete 
| 155|0x0000000089b00000, 0x0000000089c00000, 0x0000000089c00000|100%| O|  |TAMS 0x0000000089b00000, 0x0000000089c00000| Untracked 
| 156|0x0000000089c00000, 0x0000000089d00000, 0x0000000089d00000|100%|HS|  |TAMS 0x0000000089d00000, 0x0000000089d00000| Complete 
| 157|0x0000000089d00000, 0x0000000089e00000, 0x0000000089e00000|100%| O|  |TAMS 0x0000000089d00000, 0x0000000089e00000| Untracked 
| 158|0x0000000089e00000, 0x0000000089f00000, 0x0000000089f00000|100%|HS|  |TAMS 0x0000000089f00000, 0x0000000089f00000| Complete 
| 159|0x0000000089f00000, 0x000000008a000000, 0x000000008a000000|100%| O|  |TAMS 0x0000000089f00000, 0x000000008a000000| Untracked 
| 160|0x000000008a000000, 0x000000008a100000, 0x000000008a100000|100%|HS|  |TAMS 0x000000008a100000, 0x000000008a100000| Complete 
| 161|0x000000008a100000, 0x000000008a200000, 0x000000008a200000|100%| O|  |TAMS 0x000000008a100000, 0x000000008a200000| Untracked 
| 162|0x000000008a200000, 0x000000008a300000, 0x000000008a300000|100%|HS|  |TAMS 0x000000008a300000, 0x000000008a300000| Complete 
| 163|0x000000008a300000, 0x000000008a400000, 0x000000008a400000|100%| O|  |TAMS 0x000000008a300000, 0x000000008a400000| Untracked 
| 164|0x000000008a400000, 0x000000008a500000, 0x000000008a500000|100%| O|  |TAMS 0x000000008a400000, 0x000000008a500000| Untracked 
| 165|0x000000008a500000, 0x000000008a600000, 0x000000008a600000|100%|HS|  |TAMS 0x000000008a600000, 0x000000008a600000| Complete 
| 166|0x000000008a600000, 0x000000008a700000, 0x000000008a700000|100%|HC|  |TAMS 0x000000008a700000, 0x000000008a700000| Complete 
| 167|0x000000008a700000, 0x000000008a800000, 0x000000008a800000|100%| O|  |TAMS 0x000000008a700000, 0x000000008a800000| Untracked 
| 168|0x000000008a800000, 0x000000008a900000, 0x000000008a900000|100%| O|  |TAMS 0x000000008a800000, 0x000000008a900000| Untracked 
| 169|0x000000008a900000, 0x000000008aa00000, 0x000000008aa00000|100%| O|  |TAMS 0x000000008a900000, 0x000000008aa00000| Untracked 
| 170|0x000000008aa00000, 0x000000008ab00000, 0x000000008ab00000|100%|HS|  |TAMS 0x000000008ab00000, 0x000000008ab00000| Complete 
| 171|0x000000008ab00000, 0x000000008ac00000, 0x000000008ac00000|100%|HC|  |TAMS 0x000000008ac00000, 0x000000008ac00000| Complete 
| 172|0x000000008ac00000, 0x000000008ad00000, 0x000000008ad00000|100%|HC|  |TAMS 0x000000008ad00000, 0x000000008ad00000| Complete 
| 173|0x000000008ad00000, 0x000000008ae00000, 0x000000008ae00000|100%| O|  |TAMS 0x000000008ad00000, 0x000000008ae00000| Untracked 
| 174|0x000000008ae00000, 0x000000008af00000, 0x000000008af00000|100%|HS|  |TAMS 0x000000008af00000, 0x000000008af00000| Complete 
| 175|0x000000008af00000, 0x000000008b000000, 0x000000008b000000|100%| O|  |TAMS 0x000000008af00000, 0x000000008b000000| Untracked 
| 176|0x000000008b000000, 0x000000008b100000, 0x000000008b100000|100%| O|  |TAMS 0x000000008b000000, 0x000000008b100000| Untracked 
| 177|0x000000008b100000, 0x000000008b200000, 0x000000008b200000|100%|HS|  |TAMS 0x000000008b200000, 0x000000008b200000| Complete 
| 178|0x000000008b200000, 0x000000008b300000, 0x000000008b300000|100%|HC|  |TAMS 0x000000008b300000, 0x000000008b300000| Complete 
| 179|0x000000008b300000, 0x000000008b400000, 0x000000008b400000|100%| O|  |TAMS 0x000000008b400000, 0x000000008b400000| Untracked 
| 180|0x000000008b400000, 0x000000008b500000, 0x000000008b500000|100%| O|  |TAMS 0x000000008b500000, 0x000000008b500000| Untracked 
| 181|0x000000008b500000, 0x000000008b600000, 0x000000008b600000|100%| O|  |TAMS 0x000000008b600000, 0x000000008b600000| Untracked 
| 182|0x000000008b600000, 0x000000008b700000, 0x000000008b700000|100%| O|  |TAMS 0x000000008b700000, 0x000000008b700000| Untracked 
| 183|0x000000008b700000, 0x000000008b800000, 0x000000008b800000|100%| O|  |TAMS 0x000000008b800000, 0x000000008b800000| Untracked 
| 184|0x000000008b800000, 0x000000008b900000, 0x000000008b900000|100%| O|  |TAMS 0x000000008b900000, 0x000000008b900000| Untracked 
| 185|0x000000008b900000, 0x000000008ba00000, 0x000000008ba00000|100%| O|  |TAMS 0x000000008ba00000, 0x000000008ba00000| Untracked 
| 186|0x000000008ba00000, 0x000000008bb00000, 0x000000008bb00000|100%| O|  |TAMS 0x000000008bb00000, 0x000000008bb00000| Untracked 
| 187|0x000000008bb00000, 0x000000008bc00000, 0x000000008bc00000|100%| O|  |TAMS 0x000000008bc00000, 0x000000008bc00000| Untracked 
| 188|0x000000008bc00000, 0x000000008bd00000, 0x000000008bd00000|100%| O|  |TAMS 0x000000008bd00000, 0x000000008bd00000| Untracked 
| 189|0x000000008bd00000, 0x000000008be00000, 0x000000008be00000|100%| O|  |TAMS 0x000000008be00000, 0x000000008be00000| Untracked 
| 190|0x000000008be00000, 0x000000008bf00000, 0x000000008bf00000|100%| O|  |TAMS 0x000000008bf00000, 0x000000008bf00000| Untracked 
| 191|0x000000008bf00000, 0x000000008c000000, 0x000000008c000000|100%| O|  |TAMS 0x000000008c000000, 0x000000008c000000| Untracked 
| 192|0x000000008c000000, 0x000000008c100000, 0x000000008c100000|100%| O|  |TAMS 0x000000008c078400, 0x000000008c100000| Untracked 
| 193|0x000000008c100000, 0x000000008c200000, 0x000000008c200000|100%| O|  |TAMS 0x000000008c100000, 0x000000008c200000| Untracked 
| 194|0x000000008c200000, 0x000000008c300000, 0x000000008c300000|100%| O|  |TAMS 0x000000008c200000, 0x000000008c300000| Untracked 
| 195|0x000000008c300000, 0x000000008c400000, 0x000000008c400000|100%| O|  |TAMS 0x000000008c300000, 0x000000008c400000| Untracked 
| 196|0x000000008c400000, 0x000000008c500000, 0x000000008c500000|100%| O|  |TAMS 0x000000008c400000, 0x000000008c500000| Untracked 
| 197|0x000000008c500000, 0x000000008c600000, 0x000000008c600000|100%| O|  |TAMS 0x000000008c500000, 0x000000008c600000| Untracked 
| 198|0x000000008c600000, 0x000000008c700000, 0x000000008c700000|100%| O|  |TAMS 0x000000008c600000, 0x000000008c700000| Untracked 
| 199|0x000000008c700000, 0x000000008c800000, 0x000000008c800000|100%| O|  |TAMS 0x000000008c700000, 0x000000008c800000| Untracked 
| 200|0x000000008c800000, 0x000000008c900000, 0x000000008c900000|100%| O|  |TAMS 0x000000008c800000, 0x000000008c900000| Untracked 
| 201|0x000000008c900000, 0x000000008ca00000, 0x000000008ca00000|100%| O|  |TAMS 0x000000008c900000, 0x000000008ca00000| Untracked 
| 202|0x000000008ca00000, 0x000000008ca54600, 0x000000008cb00000| 32%| O|  |TAMS 0x000000008ca00000, 0x000000008ca54600| Untracked 
| 203|0x000000008cb00000, 0x000000008cb00000, 0x000000008cc00000|  0%| F|  |TAMS 0x000000008cb00000, 0x000000008cb00000| Untracked 
| 204|0x000000008cc00000, 0x000000008cc00000, 0x000000008cd00000|  0%| F|  |TAMS 0x000000008cc00000, 0x000000008cc00000| Untracked 
| 205|0x000000008cd00000, 0x000000008cd00000, 0x000000008ce00000|  0%| F|  |TAMS 0x000000008cd00000, 0x000000008cd00000| Untracked 
| 206|0x000000008ce00000, 0x000000008ce00000, 0x000000008cf00000|  0%| F|  |TAMS 0x000000008ce00000, 0x000000008ce00000| Untracked 
| 207|0x000000008cf00000, 0x000000008cf00000, 0x000000008d000000|  0%| F|  |TAMS 0x000000008cf00000, 0x000000008cf00000| Untracked 
| 208|0x000000008d000000, 0x000000008d000000, 0x000000008d100000|  0%| F|  |TAMS 0x000000008d000000, 0x000000008d000000| Untracked 
| 209|0x000000008d100000, 0x000000008d100000, 0x000000008d200000|  0%| F|  |TAMS 0x000000008d100000, 0x000000008d100000| Untracked 
| 210|0x000000008d200000, 0x000000008d200000, 0x000000008d300000|  0%| F|  |TAMS 0x000000008d200000, 0x000000008d200000| Untracked 
| 211|0x000000008d300000, 0x000000008d300000, 0x000000008d400000|  0%| F|  |TAMS 0x000000008d300000, 0x000000008d300000| Untracked 
| 212|0x000000008d400000, 0x000000008d400000, 0x000000008d500000|  0%| F|  |TAMS 0x000000008d400000, 0x000000008d400000| Untracked 
| 213|0x000000008d500000, 0x000000008d500000, 0x000000008d600000|  0%| F|  |TAMS 0x000000008d500000, 0x000000008d500000| Untracked 
| 214|0x000000008d600000, 0x000000008d600000, 0x000000008d700000|  0%| F|  |TAMS 0x000000008d600000, 0x000000008d600000| Untracked 
| 215|0x000000008d700000, 0x000000008d700000, 0x000000008d800000|  0%| F|  |TAMS 0x000000008d700000, 0x000000008d700000| Untracked 
| 216|0x000000008d800000, 0x000000008d800000, 0x000000008d900000|  0%| F|  |TAMS 0x000000008d800000, 0x000000008d800000| Untracked 
| 217|0x000000008d900000, 0x000000008d900000, 0x000000008da00000|  0%| F|  |TAMS 0x000000008d900000, 0x000000008d900000| Untracked 
| 218|0x000000008da00000, 0x000000008da00000, 0x000000008db00000|  0%| F|  |TAMS 0x000000008da00000, 0x000000008da00000| Untracked 
| 219|0x000000008db00000, 0x000000008db00000, 0x000000008dc00000|  0%| F|  |TAMS 0x000000008db00000, 0x000000008db00000| Untracked 
| 220|0x000000008dc00000, 0x000000008dc00000, 0x000000008dd00000|  0%| F|  |TAMS 0x000000008dc00000, 0x000000008dc00000| Untracked 
| 221|0x000000008dd00000, 0x000000008dd00000, 0x000000008de00000|  0%| F|  |TAMS 0x000000008dd00000, 0x000000008dd00000| Untracked 
| 222|0x000000008de00000, 0x000000008de00000, 0x000000008df00000|  0%| F|  |TAMS 0x000000008de00000, 0x000000008de00000| Untracked 
| 223|0x000000008df00000, 0x000000008df00000, 0x000000008e000000|  0%| F|  |TAMS 0x000000008df00000, 0x000000008df00000| Untracked 
| 224|0x000000008e000000, 0x000000008e000000, 0x000000008e100000|  0%| F|  |TAMS 0x000000008e000000, 0x000000008e000000| Untracked 
| 225|0x000000008e100000, 0x000000008e100000, 0x000000008e200000|  0%| F|  |TAMS 0x000000008e100000, 0x000000008e100000| Untracked 
| 226|0x000000008e200000, 0x000000008e200000, 0x000000008e300000|  0%| F|  |TAMS 0x000000008e200000, 0x000000008e200000| Untracked 
| 227|0x000000008e300000, 0x000000008e300000, 0x000000008e400000|  0%| F|  |TAMS 0x000000008e300000, 0x000000008e300000| Untracked 
| 228|0x000000008e400000, 0x000000008e400000, 0x000000008e500000|  0%| F|  |TAMS 0x000000008e400000, 0x000000008e400000| Untracked 
| 229|0x000000008e500000, 0x000000008e500000, 0x000000008e600000|  0%| F|  |TAMS 0x000000008e500000, 0x000000008e500000| Untracked 
| 230|0x000000008e600000, 0x000000008e600000, 0x000000008e700000|  0%| F|  |TAMS 0x000000008e600000, 0x000000008e600000| Untracked 
| 231|0x000000008e700000, 0x000000008e700000, 0x000000008e800000|  0%| F|  |TAMS 0x000000008e700000, 0x000000008e700000| Untracked 
| 232|0x000000008e800000, 0x000000008e800000, 0x000000008e900000|  0%| F|  |TAMS 0x000000008e800000, 0x000000008e800000| Untracked 
| 233|0x000000008e900000, 0x000000008e900000, 0x000000008ea00000|  0%| F|  |TAMS 0x000000008e900000, 0x000000008e900000| Untracked 
| 234|0x000000008ea00000, 0x000000008ea00000, 0x000000008eb00000|  0%| F|  |TAMS 0x000000008ea00000, 0x000000008ea00000| Untracked 
| 235|0x000000008eb00000, 0x000000008eb00000, 0x000000008ec00000|  0%| F|  |TAMS 0x000000008eb00000, 0x000000008eb00000| Untracked 
| 236|0x000000008ec00000, 0x000000008ec00000, 0x000000008ed00000|  0%| F|  |TAMS 0x000000008ec00000, 0x000000008ec00000| Untracked 
| 237|0x000000008ed00000, 0x000000008ed00000, 0x000000008ee00000|  0%| F|  |TAMS 0x000000008ed00000, 0x000000008ed00000| Untracked 
| 238|0x000000008ee00000, 0x000000008ee00000, 0x000000008ef00000|  0%| F|  |TAMS 0x000000008ee00000, 0x000000008ee00000| Untracked 
| 239|0x000000008ef00000, 0x000000008ef00000, 0x000000008f000000|  0%| F|  |TAMS 0x000000008ef00000, 0x000000008ef00000| Untracked 
| 240|0x000000008f000000, 0x000000008f000000, 0x000000008f100000|  0%| F|  |TAMS 0x000000008f000000, 0x000000008f000000| Untracked 
| 241|0x000000008f100000, 0x000000008f100000, 0x000000008f200000|  0%| F|  |TAMS 0x000000008f100000, 0x000000008f100000| Untracked 
| 242|0x000000008f200000, 0x000000008f200000, 0x000000008f300000|  0%| F|  |TAMS 0x000000008f200000, 0x000000008f200000| Untracked 
| 243|0x000000008f300000, 0x000000008f300000, 0x000000008f400000|  0%| F|  |TAMS 0x000000008f300000, 0x000000008f300000| Untracked 
| 244|0x000000008f400000, 0x000000008f400000, 0x000000008f500000|  0%| F|  |TAMS 0x000000008f400000, 0x000000008f400000| Untracked 
| 245|0x000000008f500000, 0x000000008f500000, 0x000000008f600000|  0%| F|  |TAMS 0x000000008f500000, 0x000000008f500000| Untracked 
| 246|0x000000008f600000, 0x000000008f600000, 0x000000008f700000|  0%| F|  |TAMS 0x000000008f600000, 0x000000008f600000| Untracked 
| 247|0x000000008f700000, 0x000000008f700000, 0x000000008f800000|  0%| F|  |TAMS 0x000000008f700000, 0x000000008f700000| Untracked 
| 248|0x000000008f800000, 0x000000008f800000, 0x000000008f900000|  0%| F|  |TAMS 0x000000008f800000, 0x000000008f800000| Untracked 
| 249|0x000000008f900000, 0x000000008f900000, 0x000000008fa00000|  0%| F|  |TAMS 0x000000008f900000, 0x000000008f900000| Untracked 
| 250|0x000000008fa00000, 0x000000008fa00000, 0x000000008fb00000|  0%| F|  |TAMS 0x000000008fa00000, 0x000000008fa00000| Untracked 
| 251|0x000000008fb00000, 0x000000008fb00000, 0x000000008fc00000|  0%| F|  |TAMS 0x000000008fb00000, 0x000000008fb00000| Untracked 
| 252|0x000000008fc00000, 0x000000008fc00000, 0x000000008fd00000|  0%| F|  |TAMS 0x000000008fc00000, 0x000000008fc00000| Untracked 
| 253|0x000000008fd00000, 0x000000008fd00000, 0x000000008fe00000|  0%| F|  |TAMS 0x000000008fd00000, 0x000000008fd00000| Untracked 
| 254|0x000000008fe00000, 0x000000008fe00000, 0x000000008ff00000|  0%| F|  |TAMS 0x000000008fe00000, 0x000000008fe00000| Untracked 
| 255|0x000000008ff00000, 0x000000008ff00000, 0x0000000090000000|  0%| F|  |TAMS 0x000000008ff00000, 0x000000008ff00000| Untracked 
| 256|0x0000000090000000, 0x0000000090000000, 0x0000000090100000|  0%| F|  |TAMS 0x0000000090000000, 0x0000000090000000| Untracked 
| 257|0x0000000090100000, 0x0000000090100000, 0x0000000090200000|  0%| F|  |TAMS 0x0000000090100000, 0x0000000090100000| Untracked 
| 258|0x0000000090200000, 0x0000000090200000, 0x0000000090300000|  0%| F|  |TAMS 0x0000000090200000, 0x0000000090200000| Untracked 
| 259|0x0000000090300000, 0x0000000090300000, 0x0000000090400000|  0%| F|  |TAMS 0x0000000090300000, 0x0000000090300000| Untracked 
| 260|0x0000000090400000, 0x0000000090400000, 0x0000000090500000|  0%| F|  |TAMS 0x0000000090400000, 0x0000000090400000| Untracked 
| 261|0x0000000090500000, 0x0000000090500000, 0x0000000090600000|  0%| F|  |TAMS 0x0000000090500000, 0x0000000090500000| Untracked 
| 262|0x0000000090600000, 0x0000000090600000, 0x0000000090700000|  0%| F|  |TAMS 0x0000000090600000, 0x0000000090600000| Untracked 
| 263|0x0000000090700000, 0x0000000090800000, 0x0000000090800000|100%| S|CS|TAMS 0x0000000090700000, 0x0000000090700000| Complete 
| 264|0x0000000090800000, 0x0000000090800000, 0x0000000090900000|  0%| F|  |TAMS 0x0000000090800000, 0x0000000090800000| Untracked 
| 265|0x0000000090900000, 0x0000000090900000, 0x0000000090a00000|  0%| F|  |TAMS 0x0000000090900000, 0x0000000090900000| Untracked 
| 266|0x0000000090a00000, 0x0000000090a00000, 0x0000000090b00000|  0%| F|  |TAMS 0x0000000090a00000, 0x0000000090a00000| Untracked 

Card table byte_map: [0x0000023a16050000,0x0000023a16450000] _byte_map_base: 0x0000023a15c50000

Marking Bits (Prev, Next): (CMBitMap*) 0x0000023a0319fe20, (CMBitMap*) 0x0000023a0319fde8
 Prev Bits: [0x0000023a18850000, 0x0000023a1a850000)
 Next Bits: [0x0000023a16850000, 0x0000023a18850000)

Polling page: 0x0000023a01100000

Metaspace:

Usage:
  Non-class:     91.18 MB capacity,    89.82 MB ( 99%) used,     1.09 MB (  1%) free+waste,   278.50 KB ( <1%) overhead. 
      Class:     13.88 MB capacity,    13.04 MB ( 94%) used,   736.02 KB (  5%) free+waste,   122.25 KB ( <1%) overhead. 
       Both:    105.06 MB capacity,   102.86 MB ( 98%) used,     1.81 MB (  2%) free+waste,   400.75 KB ( <1%) overhead. 

Virtual space:
  Non-class space:       92.00 MB reserved,      91.34 MB (>99%) committed 
      Class space:        1.00 GB reserved,      13.95 MB (  1%) committed 
             Both:        1.09 GB reserved,     105.29 MB (  9%) committed 

Chunk freelists:
   Non-Class:  34.00 KB
       Class:  0 bytes
        Both:  34.00 KB

MaxMetaspaceSize: 17179869184.00 GB
CompressedClassSpaceSize: 1.00 GB

CodeHeap 'non-profiled nmethods': size=120064Kb used=7486Kb max_used=7486Kb free=112577Kb
 bounds [0x0000023a0e710000, 0x0000023a0ee60000, 0x0000023a15c50000]
CodeHeap 'profiled nmethods': size=120000Kb used=27644Kb max_used=27644Kb free=92355Kb
 bounds [0x0000023a071e0000, 0x0000023a08ce0000, 0x0000023a0e710000]
CodeHeap 'non-nmethods': size=5696Kb used=2316Kb max_used=2360Kb free=3379Kb
 bounds [0x0000023a06c50000, 0x0000023a06ec0000, 0x0000023a071e0000]
 total_blobs=13342 nmethods=12416 adapters=837
 compilation: enabled
              stopped_count=0, restarted_count=0
 full_count=0

Compilation events (20 events):
Event: 27.333 Thread 0x0000023a1d6e1800 12568       2       java.time.LocalTime::toSecondOfDay (28 bytes)
Event: 27.333 Thread 0x0000023a1d6e1800 nmethod 12568 0x0000023a08cdc590 code [0x0000023a08cdc740, 0x0000023a08cdc858]
Event: 27.333 Thread 0x0000023a1d6e1800 12569       1       java.util.concurrent.locks.ReentrantReadWriteLock$NonfairSync::writerShouldBlock (2 bytes)
Event: 27.333 Thread 0x0000023a1d6e1800 nmethod 12569 0x0000023a0ee5f090 code [0x0000023a0ee5f240, 0x0000023a0ee5f2f8]
Event: 27.333 Thread 0x0000023a1d6e1800 12570       1       jdk.nio.zipfs.ZipFileSystem$Entry::fileKey (2 bytes)
Event: 27.333 Thread 0x0000023a1d6e1800 nmethod 12570 0x0000023a0ee5f390 code [0x0000023a0ee5f540, 0x0000023a0ee5f5f8]
Event: 27.380 Thread 0x0000023a1d6e1800 12574       1       com.android.tools.r8.internal.ZY0::b (6 bytes)
Event: 27.380 Thread 0x0000023a1d6e1800 nmethod 12574 0x0000023a0ee5f690 code [0x0000023a0ee5f840, 0x0000023a0ee5f8f8]
Event: 27.381 Thread 0x0000023a1d6e1800 12575       2       java.nio.channels.spi.AbstractInterruptibleChannel::blockedOn (10 bytes)
Event: 27.382 Thread 0x0000023a1d6e1800 nmethod 12575 0x0000023a08cdc910 code [0x0000023a08cdcac0, 0x0000023a08cdcdd8]
Event: 27.382 Thread 0x0000023a1d6e1800 12576       2       java.lang.System$2::blockedOn (5 bytes)
Event: 27.382 Thread 0x0000023a1d6e1800 nmethod 12576 0x0000023a08cdcf10 code [0x0000023a08cdd0c0, 0x0000023a08cdd3b8]
Event: 27.382 Thread 0x0000023a1d6e1800 12577   !   2       java.lang.Thread::blockedOn (27 bytes)
Event: 27.382 Thread 0x0000023a1d6e1800 nmethod 12577 0x0000023a08cdd510 code [0x0000023a08cdd6c0, 0x0000023a08cdd998]
Event: 27.382 Thread 0x0000023a1d6e1800 12578       2       java.nio.file.SimpleFileVisitor::visitFile (14 bytes)
Event: 27.383 Thread 0x0000023a1d6e1800 nmethod 12578 0x0000023a08cdda90 code [0x0000023a08cddc60, 0x0000023a08cdded8]
Event: 27.391 Thread 0x0000023a1d6e1800 12579       2       java.nio.channels.spi.AbstractInterruptibleChannel::begin (48 bytes)
Event: 27.392 Thread 0x0000023a1d6e1800 nmethod 12579 0x0000023a08cde010 code [0x0000023a08cde200, 0x0000023a08cde6f8]
Event: 27.392 Thread 0x0000023a1d6e1800 12580       2       java.nio.channels.spi.AbstractInterruptibleChannel::end (53 bytes)
Event: 27.393 Thread 0x0000023a1d6e1800 nmethod 12580 0x0000023a08cde910 code [0x0000023a08cdeb00, 0x0000023a08cdefb8]

GC Heap History (20 events):
Event: 21.280 GC heap after
{Heap after GC invocations=22 (full 0):
 garbage-first heap   total 227328K, used 94861K [0x0000000080000000, 0x0000000100000000)
  region size 1024K, 7 young (7168K), 7 survivors (7168K)
 Metaspace       used 87003K, capacity 89151K, committed 89256K, reserved 1126400K
  class space    used 11243K, capacity 12074K, committed 12108K, reserved 1048576K
}
Event: 22.308 GC heap before
{Heap before GC invocations=22 (full 0):
 garbage-first heap   total 227328K, used 175757K [0x0000000080000000, 0x0000000100000000)
  region size 1024K, 86 young (88064K), 7 survivors (7168K)
 Metaspace       used 92291K, capacity 94435K, committed 94504K, reserved 1130496K
  class space    used 11900K, capacity 12724K, committed 12748K, reserved 1048576K
}
Event: 22.333 GC heap after
{Heap after GC invocations=23 (full 0):
 garbage-first heap   total 227328K, used 99134K [0x0000000080000000, 0x0000000100000000)
  region size 1024K, 5 young (5120K), 5 survivors (5120K)
 Metaspace       used 92291K, capacity 94435K, committed 94504K, reserved 1130496K
  class space    used 11900K, capacity 12724K, committed 12748K, reserved 1048576K
}
Event: 23.593 GC heap before
{Heap before GC invocations=23 (full 0):
 garbage-first heap   total 227328K, used 184126K [0x0000000080000000, 0x0000000100000000)
  region size 1024K, 84 young (86016K), 5 survivors (5120K)
 Metaspace       used 94797K, capacity 97012K, committed 97192K, reserved 1134592K
  class space    used 12227K, capacity 13100K, committed 13132K, reserved 1048576K
}
Event: 23.617 GC heap after
{Heap after GC invocations=24 (full 0):
 garbage-first heap   total 227328K, used 107296K [0x0000000080000000, 0x0000000100000000)
  region size 1024K, 10 young (10240K), 10 survivors (10240K)
 Metaspace       used 94797K, capacity 97012K, committed 97192K, reserved 1134592K
  class space    used 12227K, capacity 13100K, committed 13132K, reserved 1048576K
}
Event: 24.511 GC heap before
{Heap before GC invocations=24 (full 0):
 garbage-first heap   total 227328K, used 184096K [0x0000000080000000, 0x0000000100000000)
  region size 1024K, 85 young (87040K), 10 survivors (10240K)
 Metaspace       used 96769K, capacity 99032K, committed 99368K, reserved 1136640K
  class space    used 12330K, capacity 13175K, committed 13260K, reserved 1048576K
}
Event: 24.536 GC heap after
{Heap after GC invocations=25 (full 0):
 garbage-first heap   total 273408K, used 110808K [0x0000000080000000, 0x0000000100000000)
  region size 1024K, 6 young (6144K), 6 survivors (6144K)
 Metaspace       used 96769K, capacity 99032K, committed 99368K, reserved 1136640K
  class space    used 12330K, capacity 13175K, committed 13260K, reserved 1048576K
}
Event: 25.007 GC heap before
{Heap before GC invocations=25 (full 0):
 garbage-first heap   total 273408K, used 154840K [0x0000000080000000, 0x0000000100000000)
  region size 1024K, 35 young (35840K), 6 survivors (6144K)
 Metaspace       used 97087K, capacity 99414K, committed 99624K, reserved 1136640K
  class space    used 12360K, capacity 13213K, committed 13260K, reserved 1048576K
}
Event: 25.026 GC heap after
{Heap after GC invocations=26 (full 0):
 garbage-first heap   total 273408K, used 132117K [0x0000000080000000, 0x0000000100000000)
  region size 1024K, 11 young (11264K), 11 survivors (11264K)
 Metaspace       used 97087K, capacity 99414K, committed 99624K, reserved 1136640K
  class space    used 12360K, capacity 13213K, committed 13260K, reserved 1048576K
}
Event: 25.783 GC heap before
{Heap before GC invocations=27 (full 0):
 garbage-first heap   total 273408K, used 163861K [0x0000000080000000, 0x0000000100000000)
  region size 1024K, 36 young (36864K), 11 survivors (11264K)
 Metaspace       used 101859K, capacity 104162K, committed 104360K, reserved 1140736K
  class space    used 12985K, capacity 13859K, committed 13900K, reserved 1048576K
}
Event: 25.803 GC heap after
{Heap after GC invocations=28 (full 0):
 garbage-first heap   total 273408K, used 143360K [0x0000000080000000, 0x0000000100000000)
  region size 1024K, 5 young (5120K), 5 survivors (5120K)
 Metaspace       used 101859K, capacity 104162K, committed 104360K, reserved 1140736K
  class space    used 12985K, capacity 13859K, committed 13900K, reserved 1048576K
}
Event: 26.473 GC heap before
{Heap before GC invocations=29 (full 0):
 garbage-first heap   total 273408K, used 236544K [0x0000000080000000, 0x0000000100000000)
  region size 1024K, 54 young (55296K), 5 survivors (5120K)
 Metaspace       used 103570K, capacity 105860K, committed 106152K, reserved 1140736K
  class space    used 13195K, capacity 14064K, committed 14156K, reserved 1048576K
}
Event: 26.517 GC heap after
{Heap after GC invocations=30 (full 0):
 garbage-first heap   total 273408K, used 183777K [0x0000000080000000, 0x0000000100000000)
  region size 1024K, 9 young (9216K), 9 survivors (9216K)
 Metaspace       used 103570K, capacity 105860K, committed 106152K, reserved 1140736K
  class space    used 13195K, capacity 14064K, committed 14156K, reserved 1048576K
}
Event: 26.694 GC heap before
{Heap before GC invocations=30 (full 0):
 garbage-first heap   total 273408K, used 201185K [0x0000000080000000, 0x0000000100000000)
  region size 1024K, 24 young (24576K), 9 survivors (9216K)
 Metaspace       used 104015K, capacity 106332K, committed 106408K, reserved 1142784K
  class space    used 13238K, capacity 14136K, committed 14156K, reserved 1048576K
}
Event: 26.719 GC heap after
{Heap after GC invocations=31 (full 0):
 garbage-first heap   total 273408K, used 190685K [0x0000000080000000, 0x0000000100000000)
  region size 1024K, 3 young (3072K), 3 survivors (3072K)
 Metaspace       used 104015K, capacity 106332K, committed 106408K, reserved 1142784K
  class space    used 13238K, capacity 14136K, committed 14156K, reserved 1048576K
}
Event: 27.121 GC heap before
{Heap before GC invocations=31 (full 0):
 garbage-first heap   total 273408K, used 212189K [0x0000000080000000, 0x0000000100000000)
  region size 1024K, 24 young (24576K), 3 survivors (3072K)
 Metaspace       used 105055K, capacity 107306K, committed 107560K, reserved 1142784K
  class space    used 13332K, capacity 14205K, committed 14284K, reserved 1048576K
}
Event: 27.149 GC heap after
{Heap after GC invocations=32 (full 0):
 garbage-first heap   total 273408K, used 198912K [0x0000000080000000, 0x0000000100000000)
  region size 1024K, 3 young (3072K), 3 survivors (3072K)
 Metaspace       used 105055K, capacity 107306K, committed 107560K, reserved 1142784K
  class space    used 13332K, capacity 14205K, committed 14284K, reserved 1048576K
}
Event: 27.346 GC heap before
{Heap before GC invocations=33 (full 0):
 garbage-first heap   total 273408K, used 218368K [0x0000000080000000, 0x0000000100000000)
  region size 1024K, 23 young (23552K), 3 survivors (3072K)
 Metaspace       used 105328K, capacity 107581K, committed 107816K, reserved 1142784K
  class space    used 13352K, capacity 14211K, committed 14284K, reserved 1048576K
}
Event: 27.376 GC heap after
{Heap after GC invocations=34 (full 0):
 garbage-first heap   total 273408K, used 206474K [0x0000000080000000, 0x0000000100000000)
  region size 1024K, 3 young (3072K), 3 survivors (3072K)
 Metaspace       used 105328K, capacity 107581K, committed 107816K, reserved 1142784K
  class space    used 13352K, capacity 14211K, committed 14284K, reserved 1048576K
}
Event: 27.395 GC heap before
{Heap before GC invocations=34 (full 0):
 garbage-first heap   total 273408K, used 208522K [0x0000000080000000, 0x0000000100000000)
  region size 1024K, 6 young (6144K), 3 survivors (3072K)
 Metaspace       used 105330K, capacity 107581K, committed 107816K, reserved 1142784K
  class space    used 13352K, capacity 14211K, committed 14284K, reserved 1048576K
}

Deoptimization events (20 events):
Event: 27.340 Thread 0x0000023a24f0d000 DEOPT PACKING pc=0x0000023a08bcf05e sp=0x000000fb087fd350
Event: 27.340 Thread 0x0000023a24f0d000 DEOPT UNPACKING pc=0x0000023a06c76dde sp=0x000000fb087fca10 mode 0
Event: 27.343 Thread 0x0000023a24f0d000 DEOPT PACKING pc=0x0000023a08bcf05e sp=0x000000fb087fd350
Event: 27.343 Thread 0x0000023a24f0d000 DEOPT UNPACKING pc=0x0000023a06c76dde sp=0x000000fb087fca10 mode 0
Event: 27.377 Thread 0x0000023a24f0d000 DEOPT PACKING pc=0x0000023a08bcf05e sp=0x000000fb087fd350
Event: 27.377 Thread 0x0000023a24f0d000 DEOPT UNPACKING pc=0x0000023a06c76dde sp=0x000000fb087fca10 mode 0
Event: 27.378 Thread 0x0000023a24f0d000 DEOPT PACKING pc=0x0000023a08bcf05e sp=0x000000fb087fd350
Event: 27.378 Thread 0x0000023a24f0d000 DEOPT UNPACKING pc=0x0000023a06c76dde sp=0x000000fb087fca10 mode 0
Event: 27.383 Thread 0x0000023a24f0d000 DEOPT PACKING pc=0x0000023a08bcf05e sp=0x000000fb087fd350
Event: 27.383 Thread 0x0000023a24f0d000 DEOPT UNPACKING pc=0x0000023a06c76dde sp=0x000000fb087fca10 mode 0
Event: 27.387 Thread 0x0000023a24f0d000 DEOPT PACKING pc=0x0000023a08bcf05e sp=0x000000fb087fd350
Event: 27.387 Thread 0x0000023a24f0d000 DEOPT UNPACKING pc=0x0000023a06c76dde sp=0x000000fb087fca10 mode 0
Event: 27.389 Thread 0x0000023a24f0d000 DEOPT PACKING pc=0x0000023a08bcf05e sp=0x000000fb087fd350
Event: 27.389 Thread 0x0000023a24f0d000 DEOPT UNPACKING pc=0x0000023a06c76dde sp=0x000000fb087fca10 mode 0
Event: 27.391 Thread 0x0000023a24f0d000 DEOPT PACKING pc=0x0000023a08bcf05e sp=0x000000fb087fd350
Event: 27.391 Thread 0x0000023a24f0d000 DEOPT UNPACKING pc=0x0000023a06c76dde sp=0x000000fb087fca10 mode 0
Event: 27.392 Thread 0x0000023a24f0d000 DEOPT PACKING pc=0x0000023a08bcf05e sp=0x000000fb087fd350
Event: 27.392 Thread 0x0000023a24f0d000 DEOPT UNPACKING pc=0x0000023a06c76dde sp=0x000000fb087fca10 mode 0
Event: 27.394 Thread 0x0000023a24f0d000 DEOPT PACKING pc=0x0000023a08bcf05e sp=0x000000fb087fd350
Event: 27.394 Thread 0x0000023a24f0d000 DEOPT UNPACKING pc=0x0000023a06c76dde sp=0x000000fb087fca10 mode 0

Classes redefined (0 events):
No events

Internal exceptions (20 events):
Event: 18.008 Thread 0x0000023a1fb32000 Implicit null exception at 0x0000023a0ebbd079 to 0x0000023a0ebbd890
Event: 18.030 Thread 0x0000023a1fb33000 Exception <a 'java/lang/NoSuchMethodError'{0x000000008b92aff8}: 'java.lang.Object java.lang.invoke.DirectMethodHandle$Holder.invokeSpecialIFC(java.lang.Object, java.lang.Object, java.lang.Object)'> (0x000000008b92aff8) thrown at [./src/hotspot/share/interpreter/linkResolver.cpp, line 773]
Event: 18.031 Thread 0x0000023a24f10000 Exception <a 'java/lang/NoSuchMethodError'{0x000000008b536c20}: 'java.lang.Object java.lang.invoke.DirectMethodHandle$Holder.invokeSpecialIFC(java.lang.Object, java.lang.Object, java.lang.Object)'> (0x000000008b536c20) thrown at [./src/hotspot/share/interpreter/linkResolver.cpp, line 773]
Event: 18.457 Thread 0x0000023a1fb38000 Exception <a 'java/lang/NoSuchMethodError'{0x000000008a04d928}: 'void java.lang.invoke.DirectMethodHandle$Holder.invokeVirtual(java.lang.Object, java.lang.Object)'> (0x000000008a04d928) thrown at [./src/hotspot/share/interpreter/linkResolver.cpp, line 773]
Event: 19.804 Thread 0x0000023a22a89000 Implicit null exception at 0x0000023a0ec6cad2 to 0x0000023a0ec6cee0
Event: 19.938 Thread 0x0000023a24f10000 Exception <a 'java/lang/NoSuchMethodError'{0x000000008dd17610}: <clinit>> (0x000000008dd17610) thrown at [./src/hotspot/share/prims/jni.cpp, line 1362]
Event: 19.938 Thread 0x0000023a24f10000 Exception <a 'java/lang/NoSuchMethodError'{0x000000008dd18c18}: <clinit>> (0x000000008dd18c18) thrown at [./src/hotspot/share/prims/jni.cpp, line 1362]
Event: 19.938 Thread 0x0000023a24f10000 Exception <a 'java/lang/NoSuchMethodError'{0x000000008dd1adb8}: <clinit>> (0x000000008dd1adb8) thrown at [./src/hotspot/share/prims/jni.cpp, line 1362]
Event: 19.940 Thread 0x0000023a24f10000 Exception <a 'java/lang/NoSuchMethodError'{0x000000008dd31e90}: <clinit>> (0x000000008dd31e90) thrown at [./src/hotspot/share/prims/jni.cpp, line 1362]
Event: 19.941 Thread 0x0000023a24f10000 Exception <a 'java/lang/NoSuchMethodError'{0x000000008dd33370}: <clinit>> (0x000000008dd33370) thrown at [./src/hotspot/share/prims/jni.cpp, line 1362]
Event: 22.378 Thread 0x0000023a24f10000 Exception <a 'java/lang/NoSuchMethodError'{0x000000008dd6bdd8}: 'int java.lang.invoke.DirectMethodHandle$Holder.invokeSpecial(java.lang.Object, java.lang.Object, java.lang.Object, java.lang.Object, java.lang.Object)'> (0x000000008dd6bdd8) thrown at [./src/hotspot/share/interpreter/linkResolver.cpp, line 773]
Event: 22.875 Thread 0x0000023a24f10000 Exception <a 'java/lang/NoSuchMethodError'{0x000000008bf1a5a8}: <clinit>> (0x000000008bf1a5a8) thrown at [./src/hotspot/share/prims/jni.cpp, line 1362]
Event: 23.197 Thread 0x0000023a24f10000 Exception <a 'java/lang/NoSuchMethodError'{0x000000008a7cb1c0}: <clinit>> (0x000000008a7cb1c0) thrown at [./src/hotspot/share/prims/jni.cpp, line 1362]
Event: 24.173 Thread 0x0000023a24f11000 Implicit null exception at 0x0000023a0ed8be63 to 0x0000023a0ed8c6e8
Event: 24.396 Thread 0x0000023a1fb38800 Implicit null exception at 0x0000023a0ed89b0b to 0x0000023a0ed8a830
Event: 25.392 Thread 0x0000023a24f11000 Implicit null exception at 0x0000023a0edce0cd to 0x0000023a0edd087c
Event: 25.499 Thread 0x0000023a24f0d000 Exception <a 'sun/nio/fs/WindowsException'{0x0000000090000440}> (0x0000000090000440) thrown at [./src/hotspot/share/prims/jni.cpp, line 615]
Event: 25.843 Thread 0x0000023a24f0d000 Exception <a 'java/lang/NoSuchMethodError'{0x0000000090958208}: 'java.lang.Object java.lang.invoke.DirectMethodHandle$Holder.invokeStaticInit(java.lang.Object, java.lang.Object, java.lang.Object, java.lang.Object, java.lang.Object, java.lang.Object, java.lang.Object, java.lang.Object, java.lang.Object, java.lang.Object, java.lang.Object, java.lang.Object, java.lang.Object, java.lang.Object, java.lang.Object, java.lang.Object, java.lang.Object, java.lang.Object, int, java.lang.Object, java.lang.Object)'> (0
Event: 25.878 Thread 0x0000023a24f11000 Exception <a 'sun/nio/fs/WindowsException'{0x00000000900168f0}> (0x00000000900168f0) thrown at [./src/hotspot/share/prims/jni.cpp, line 615]
Event: 25.878 Thread 0x0000023a24f11000 Exception <a 'sun/nio/fs/WindowsException'{0x00000000900169d8}> (0x00000000900169d8) thrown at [./src/hotspot/share/prims/jni.cpp, line 615]

Events (20 events):
Event: 27.257 loading class com/sun/tools/javac/code/DeferredCompletionFailureHandler$FlipSymbolDescription done
Event: 27.257 loading class com/sun/tools/javac/code/DeferredCompletionFailureHandler$FlipSymbolDescription
Event: 27.257 loading class com/sun/tools/javac/code/DeferredCompletionFailureHandler$FlipSymbolDescription done
Event: 27.257 loading class com/sun/tools/javac/code/DeferredCompletionFailureHandler$FlipSymbolDescription
Event: 27.257 loading class com/sun/tools/javac/code/DeferredCompletionFailureHandler$FlipSymbolDescription done
Event: 27.258 loading class com/sun/tools/javac/code/Symbol$PackageSymbol
Event: 27.258 loading class com/sun/tools/javac/code/Symbol$PackageSymbol done
Event: 27.261 loading class jdk/internal/jimage/ImageReader$LinkNode
Event: 27.261 loading class jdk/internal/jimage/ImageReader$LinkNode done
Event: 27.262 Executing VM operation: Deoptimize
Event: 27.264 Executing VM operation: Deoptimize done
Event: 27.285 loading class com/sun/tools/javac/resources/spi/ctProvider
Event: 27.285 loading class com/sun/tools/javac/resources/spi/ctProvider done
Event: 27.292 loading class com/sun/tools/javac/code/Symbol$PackageSymbol
Event: 27.292 loading class com/sun/tools/javac/code/Symbol$PackageSymbol done
Event: 27.293 loading class com/sun/tools/javac/code/ClassFinder
Event: 27.293 loading class com/sun/tools/javac/code/ClassFinder done
Event: 27.346 Executing VM operation: G1CollectForAllocation
Event: 27.376 Executing VM operation: G1CollectForAllocation done
Event: 27.394 Executing VM operation: G1CollectForAllocation


Dynamic libraries:
0x00007ff7323e0000 - 0x00007ff7323ea000 	C:\Program Files\Android\Android Studio New\jre\bin\java.exe
0x00007ffbc5380000 - 0x00007ffbc5570000 	C:\WINDOWS\SYSTEM32\ntdll.dll
0x00007ffbc3690000 - 0x00007ffbc3742000 	C:\WINDOWS\System32\KERNEL32.DLL
0x00007ffbc2490000 - 0x00007ffbc2735000 	C:\WINDOWS\System32\KERNELBASE.dll
0x00007ffbc2a60000 - 0x00007ffbc2b5a000 	C:\WINDOWS\System32\ucrtbase.dll
0x00007ffb9fad0000 - 0x00007ffb9fae7000 	C:\Program Files\Android\Android Studio New\jre\bin\VCRUNTIME140.dll
0x00007ffbb79e0000 - 0x00007ffbb79f9000 	C:\Program Files\Android\Android Studio New\jre\bin\jli.dll
0x00007ffbc51a0000 - 0x00007ffbc5334000 	C:\WINDOWS\System32\USER32.dll
0x00007ffba7b80000 - 0x00007ffba7e04000 	C:\WINDOWS\WinSxS\amd64_microsoft.windows.common-controls_6595b64144ccf1df_6.0.18362.1256_none_9e7e379be45e40e2\COMCTL32.dll
0x00007ffbc2a30000 - 0x00007ffbc2a51000 	C:\WINDOWS\System32\win32u.dll
0x00007ffbc5100000 - 0x00007ffbc519e000 	C:\WINDOWS\System32\msvcrt.dll
0x00007ffbc4fb0000 - 0x00007ffbc4fd6000 	C:\WINDOWS\System32\GDI32.dll
0x00007ffbc4550000 - 0x00007ffbc4886000 	C:\WINDOWS\System32\combase.dll
0x00007ffbc22f0000 - 0x00007ffbc2486000 	C:\WINDOWS\System32\gdi32full.dll
0x00007ffbc4fe0000 - 0x00007ffbc5100000 	C:\WINDOWS\System32\RPCRT4.dll
0x00007ffbc2770000 - 0x00007ffbc280e000 	C:\WINDOWS\System32\msvcp_win.dll
0x00007ffbc2b60000 - 0x00007ffbc2be1000 	C:\WINDOWS\System32\bcryptPrimitives.dll
0x00007ffbc3750000 - 0x00007ffbc377e000 	C:\WINDOWS\System32\IMM32.DLL
0x00007ffb8d3e0000 - 0x00007ffb8d47d000 	C:\Program Files\Android\Android Studio New\jre\bin\msvcp140.dll
0x00007ffb57710000 - 0x00007ffb581e5000 	C:\Program Files\Android\Android Studio New\jre\bin\server\jvm.dll
0x00007ffbc44a0000 - 0x00007ffbc4543000 	C:\WINDOWS\System32\ADVAPI32.dll
0x00007ffbc3440000 - 0x00007ffbc34d7000 	C:\WINDOWS\System32\sechost.dll
0x00007ffbc3430000 - 0x00007ffbc3438000 	C:\WINDOWS\System32\PSAPI.DLL
0x00007ffbbad50000 - 0x00007ffbbad59000 	C:\WINDOWS\SYSTEM32\WSOCK32.dll
0x00007ffbc3c20000 - 0x00007ffbc3c8f000 	C:\WINDOWS\System32\WS2_32.dll
0x00007ffbbbf00000 - 0x00007ffbbbf24000 	C:\WINDOWS\SYSTEM32\WINMM.dll
0x00007ffbb9280000 - 0x00007ffbb928a000 	C:\WINDOWS\SYSTEM32\VERSION.dll
0x00007ffbbbed0000 - 0x00007ffbbbefd000 	C:\WINDOWS\SYSTEM32\WINMMBASE.dll
0x00007ffbc33e0000 - 0x00007ffbc342a000 	C:\WINDOWS\System32\cfgmgr32.dll
0x00007ffbc2250000 - 0x00007ffbc2261000 	C:\WINDOWS\System32\kernel.appcore.dll
0x00007ffb90130000 - 0x00007ffb90141000 	C:\Program Files\Android\Android Studio New\jre\bin\verify.dll
0x00007ffbc0950000 - 0x00007ffbc0b44000 	C:\WINDOWS\SYSTEM32\DBGHELP.DLL
0x00007ffbb7500000 - 0x00007ffbb752a000 	C:\WINDOWS\SYSTEM32\dbgcore.DLL
0x00007ffb8ffe0000 - 0x00007ffb90009000 	C:\Program Files\Android\Android Studio New\jre\bin\java.dll
0x00007ffba81d0000 - 0x00007ffba81db000 	C:\Program Files\Android\Android Studio New\jre\bin\jimage.dll
0x00007ffb90110000 - 0x00007ffb90128000 	C:\Program Files\Android\Android Studio New\jre\bin\zip.dll
0x00007ffbc3db0000 - 0x00007ffbc4497000 	C:\WINDOWS\System32\SHELL32.dll
0x00007ffbc3780000 - 0x00007ffbc3829000 	C:\WINDOWS\System32\shcore.dll
0x00007ffbc2c50000 - 0x00007ffbc33d1000 	C:\WINDOWS\System32\windows.storage.dll
0x00007ffbc22c0000 - 0x00007ffbc22e3000 	C:\WINDOWS\System32\profapi.dll
0x00007ffbc2270000 - 0x00007ffbc22ba000 	C:\WINDOWS\System32\powrprof.dll
0x00007ffbc2220000 - 0x00007ffbc2230000 	C:\WINDOWS\System32\UMPDC.dll
0x00007ffbc3980000 - 0x00007ffbc39d2000 	C:\WINDOWS\System32\shlwapi.dll
0x00007ffbc2810000 - 0x00007ffbc2827000 	C:\WINDOWS\System32\cryptsp.dll
0x00007ffb8f330000 - 0x00007ffb8f34a000 	C:\Program Files\Android\Android Studio New\jre\bin\net.dll
0x00007ffbb56e0000 - 0x00007ffbb57d0000 	C:\WINDOWS\SYSTEM32\WINHTTP.dll
0x00007ffbc1a10000 - 0x00007ffbc1a77000 	C:\WINDOWS\system32\mswsock.dll
0x00007ffb8dca0000 - 0x00007ffb8dcb4000 	C:\Program Files\Android\Android Studio New\jre\bin\nio.dll
0x00007ffb9ef30000 - 0x00007ffb9ef57000 	C:\Users\JOHN BATISTA\.gradle\native\e1d6ef7f7dcc3fd88c89a11ec53ec762bb8ba0a96d01ffa2cd45eb1d1d8dd5c5\windows-amd64\native-platform.dll
0x00007ffb8f160000 - 0x00007ffb8f2a4000 	C:\Users\JOHN BATISTA\.gradle\native\5664cfc778a61ccfe75a443a1ab52a65af34e5dc3c78e0209fed803814484fcb\windows-amd64\native-platform-file-events.dll
0x00007ffba3980000 - 0x00007ffba398a000 	C:\Program Files\Android\Android Studio New\jre\bin\management.dll
0x00007ffb9ded0000 - 0x00007ffb9dedd000 	C:\Program Files\Android\Android Studio New\jre\bin\management_ext.dll
0x00007ffbc1580000 - 0x00007ffbc15b3000 	C:\WINDOWS\system32\rsaenh.dll
0x00007ffbc2740000 - 0x00007ffbc2766000 	C:\WINDOWS\System32\bcrypt.dll
0x00007ffbc2140000 - 0x00007ffbc2165000 	C:\WINDOWS\SYSTEM32\USERENV.dll
0x00007ffbc1be0000 - 0x00007ffbc1bec000 	C:\WINDOWS\SYSTEM32\CRYPTBASE.dll
0x00007ffbc1720000 - 0x00007ffbc175a000 	C:\WINDOWS\SYSTEM32\IPHLPAPI.DLL
0x00007ffbc3970000 - 0x00007ffbc3978000 	C:\WINDOWS\System32\NSI.dll
0x00007ffbb7780000 - 0x00007ffbb7796000 	C:\WINDOWS\SYSTEM32\dhcpcsvc6.DLL
0x00007ffbb7760000 - 0x00007ffbb777c000 	C:\WINDOWS\SYSTEM32\dhcpcsvc.DLL
0x00007ffbc1770000 - 0x00007ffbc183b000 	C:\WINDOWS\SYSTEM32\DNSAPI.dll

dbghelp: loaded successfully - version: 4.0.5 - missing functions: none
symbol engine: initialized successfully - sym options: 0x614 - pdb path: .;C:\Program Files\Android\Android Studio New\jre\bin;C:\WINDOWS\SYSTEM32;C:\WINDOWS\WinSxS\amd64_microsoft.windows.common-controls_6595b64144ccf1df_6.0.18362.1256_none_9e7e379be45e40e2;C:\Program Files\Android\Android Studio New\jre\bin\server;C:\Users\JOHN BATISTA\.gradle\native\e1d6ef7f7dcc3fd88c89a11ec53ec762bb8ba0a96d01ffa2cd45eb1d1d8dd5c5\windows-amd64;C:\Users\JOHN BATISTA\.gradle\native\5664cfc778a61ccfe75a443a1ab52a65af34e5dc3c78e0209fed803814484fcb\windows-amd64

VM Arguments:
jvm_args: --add-opens=java.base/java.util=ALL-UNNAMED --add-opens=java.base/java.lang=ALL-UNNAMED --add-opens=java.base/java.lang.invoke=ALL-UNNAMED --add-opens=java.base/java.util=ALL-UNNAMED --add-opens=java.prefs/java.util.prefs=ALL-UNNAMED --add-opens=java.prefs/java.util.prefs=ALL-UNNAMED --add-opens=java.base/java.nio.charset=ALL-UNNAMED --add-opens=java.base/java.net=ALL-UNNAMED --add-opens=java.base/java.util.concurrent.atomic=ALL-UNNAMED -Xmx2048m -Dfile.encoding=UTF-8 -Duser.country=US -Duser.language=en -Duser.variant 
java_command: org.gradle.launcher.daemon.bootstrap.GradleDaemon 7.2
java_class_path (initial): C:\Users\JOHN BATISTA\.gradle\wrapper\dists\gradle-7.2-bin\2dnblmf4td7x66yl1d74lt32g\gradle-7.2\lib\gradle-launcher-7.2.jar
Launcher Type: SUN_STANDARD

[Global flags]
     intx CICompilerCount                          = 3                                         {product} {ergonomic}
     uint ConcGCThreads                            = 1                                         {product} {ergonomic}
     uint G1ConcRefinementThreads                  = 4                                         {product} {ergonomic}
   size_t G1HeapRegionSize                         = 1048576                                   {product} {ergonomic}
    uintx GCDrainStackTargetSize                   = 64                                        {product} {ergonomic}
   size_t InitialHeapSize                          = 134217728                                 {product} {ergonomic}
   size_t MarkStackSize                            = 4194304                                   {product} {ergonomic}
   size_t MaxHeapSize                              = 2147483648                                {product} {command line}
   size_t MaxNewSize                               = 1287651328                                {product} {ergonomic}
   size_t MinHeapDeltaBytes                        = 1048576                                   {product} {ergonomic}
    uintx NonNMethodCodeHeapSize                   = 5830732                                {pd product} {ergonomic}
    uintx NonProfiledCodeHeapSize                  = 122913754                              {pd product} {ergonomic}
    uintx ProfiledCodeHeapSize                     = 122913754                              {pd product} {ergonomic}
    uintx ReservedCodeCacheSize                    = 251658240                              {pd product} {ergonomic}
     bool SegmentedCodeCache                       = true                                      {product} {ergonomic}
     bool UseCompressedClassPointers               = true                                 {lp64_product} {ergonomic}
     bool UseCompressedOops                        = true                                 {lp64_product} {ergonomic}
     bool UseG1GC                                  = true                                      {product} {ergonomic}
     bool UseLargePagesIndividualAllocation        = false                                  {pd product} {ergonomic}

Logging:
Log output configuration:
 #0: stdout all=warning uptime,level,tags
 #1: stderr all=off uptime,level,tags

Environment Variables:
JAVA_HOME=C:\Program Files\Java\jdk-15.0.1
PATH=C:\Program Files\Java\jdk-15.0.1\bin;C:\Program Files\Git\cmd;C:\Program Files\PuTTY\;C:\Program Files\MATLAB\R2013a\runtime\win64;C:\Program Files\MATLAB\R2013a\bin;C:\Program Files\Microsoft VS Code\bin;C:\nodejs\;C:\Users\JOHN BATISTA\AppData\Local\Programs\Python\Python310\Scripts;C:\Users\JOHN BATISTA\AppData\Local\Programs\Python\Python310\Scripts\;C:\Users\JOHN BATISTA\AppData\Local\Programs\Python\Python310\;C:\Users\JOHN BATISTA\AppData\Roaming\npm;
USERNAME=JOHN BATISTA
OS=Windows_NT
PROCESSOR_IDENTIFIER=Intel64 Family 6 Model 142 Stepping 9, GenuineIntel



---------------  S Y S T E M  ---------------

OS: Windows 10 , 64 bit Build 18362 (10.0.18362.1110)
OS uptime: 3 days 14:23 hours

CPU:total 4 (initial active 4) (2 cores per cpu, 2 threads per core) family 6 model 142 stepping 9 microcode 0x8e, cmov, cx8, fxsr, mmx, sse, sse2, sse3, ssse3, sse4.1, sse4.2, popcnt, avx, avx2, aes, clmul, erms, 3dnowpref, lzcnt, ht, tsc, tscinvbit, bmi1, bmi2, adx, fma

Memory: 4k page, system-wide physical 8107M (633M free)
TotalPageFile size 20395M (AvailPageFile size 37M)
current process WorkingSet (physical memory assigned to process): 557M, peak: 559M
current process commit charge ("private bytes"): 585M, peak: 639M

vm_info: OpenJDK 64-Bit Server VM (11.0.11+9-b60-7590822) for windows-amd64 JRE (11.0.11+9-b60-7590822), built on Jul 29 2021 21:43:44 by "builder" with MS VC++ 14.0 (VS2015)

END.
