#
# There is insufficient memory for the Java Runtime Environment to continue.
# Native memory allocation (malloc) failed to allocate 1738416 bytes for Chunk::new
# Possible reasons:
#   The system is out of physical RAM or swap space
#   The process is running with CompressedOops enabled, and the Java Heap may be blocking the growth of the native heap
# Possible solutions:
#   Reduce memory load on the system
#   Increase physical memory or swap space
#   Check if swap backing store is full
#   Decrease Java heap size (-Xmx/-Xms)
#   Decrease number of Java threads
#   Decrease Java thread stack sizes (-Xss)
#   Set larger code cache with -XX:ReservedCodeCacheSize=
#   JVM is running with Unscaled Compressed Oops mode in which the Java heap is
#     placed in the first 4GB address space. The Java Heap base address is the
#     maximum limit for the native heap growth. Please use -XX:HeapBaseMinAddress
#     to set the Java Heap base and to place the Java Heap above 4GB virtual address.
# This output file may be truncated or incomplete.
#
#  Out of Memory Error (./src/hotspot/share/memory/arena.cpp:197), pid=11356, tid=12736
#
# JRE version: OpenJDK Runtime Environment (11.0.11+9) (build 11.0.11+9-b60-7590822)
# Java VM: OpenJDK 64-Bit Server VM (11.0.11+9-b60-7590822, mixed mode, tiered, compressed oops, g1 gc, windows-amd64)
# No core dump will be written. Minidumps are not enabled by default on client versions of Windows
#

---------------  S U M M A R Y ------------

Command Line: --add-opens=java.base/java.util=ALL-UNNAMED --add-opens=java.base/java.lang=ALL-UNNAMED --add-opens=java.base/java.lang.invoke=ALL-UNNAMED --add-opens=java.base/java.util=ALL-UNNAMED --add-opens=java.prefs/java.util.prefs=ALL-UNNAMED --add-opens=java.prefs/java.util.prefs=ALL-UNNAMED --add-opens=java.base/java.nio.charset=ALL-UNNAMED --add-opens=java.base/java.net=ALL-UNNAMED --add-opens=java.base/java.util.concurrent.atomic=ALL-UNNAMED -Xmx2048m -Dfile.encoding=UTF-8 -Duser.country=US -Duser.language=en -Duser.variant org.gradle.launcher.daemon.bootstrap.GradleDaemon 7.2

Host: Intel(R) Core(TM) i3-7020U CPU @ 2.30GHz, 4 cores, 7G,  Windows 10 , 64 bit Build 18362 (10.0.18362.1110)
Time: Tue Jun 14 08:43:17 2022 UTC-11 elapsed time: 1022.715280 seconds (0d 0h 17m 2s)

---------------  T H R E A D  ---------------

Current thread (0x00000204d8458000):  JavaThread "C2 CompilerThread0" daemon [_thread_in_native, id=12736, stack(0x000000c634100000,0x000000c634200000)]


Current CompileTask:
C2:1022715 28157       4       com.android.tools.r8.internal.lH0::a (6068 bytes)

Stack: [0x000000c634100000,0x000000c634200000]
Native frames: (J=compiled Java code, j=interpreted, Vv=VM code, C=native code)
V  [jvm.dll+0x5f214a]
V  [jvm.dll+0x726fb5]
V  [jvm.dll+0x7285cd]
V  [jvm.dll+0x728c83]
V  [jvm.dll+0x243278]
V  [jvm.dll+0xbc53c]
V  [jvm.dll+0xbca3c]
V  [jvm.dll+0x353e7d]
V  [jvm.dll+0x19875c]
V  [jvm.dll+0x1fc2ee]
V  [jvm.dll+0x1fb3d4]
V  [jvm.dll+0x183d6c]
V  [jvm.dll+0x209a57]
V  [jvm.dll+0x2082a1]
V  [jvm.dll+0x6ef58f]
V  [jvm.dll+0x6e80b5]
V  [jvm.dll+0x5f1036]
C  [ucrtbase.dll+0x210b2]
C  [KERNEL32.DLL+0x17c24]
C  [ntdll.dll+0x6d4d1]


---------------  P R O C E S S  ---------------

Threads class SMR info:
_java_thread_list=0x00000204e056f1a0, length=40, elements={
0x00000204bc8be000, 0x00000204d8431000, 0x00000204d8433000, 0x00000204d844e000,
0x00000204d844e800, 0x00000204d8451000, 0x00000204d8458000, 0x00000204d845d800,
0x00000204d8460800, 0x00000204d8f0a000, 0x00000204da8ce800, 0x00000204d916d800,
0x00000204d9ce6000, 0x00000204dc5de800, 0x00000204dc5dd000, 0x00000204dc5df800,
0x00000204dc5e1000, 0x00000204dc5db800, 0x00000204dabe4000, 0x00000204dabe2800,
0x00000204dabe8000, 0x00000204dabe9800, 0x00000204dabe9000, 0x00000204df678800,
0x00000204df679800, 0x00000204dfcb8800, 0x00000204dfcba000, 0x00000204dfcb4800,
0x00000204dfcbb000, 0x00000204df2e7000, 0x00000204dfcbd800, 0x00000204dfcb6000,
0x00000204dfcbc000, 0x00000204df677000, 0x00000204df677800, 0x00000204df67b000,
0x00000204dabf1000, 0x00000204dc5e0000, 0x00000204df67a000, 0x00000204dabec000
}

Java Threads: ( => current thread )
  0x00000204bc8be000 JavaThread "main" [_thread_blocked, id=9980, stack(0x000000c633500000,0x000000c633600000)]
  0x00000204d8431000 JavaThread "Reference Handler" daemon [_thread_blocked, id=12388, stack(0x000000c633c00000,0x000000c633d00000)]
  0x00000204d8433000 JavaThread "Finalizer" daemon [_thread_blocked, id=14056, stack(0x000000c633d00000,0x000000c633e00000)]
  0x00000204d844e000 JavaThread "Signal Dispatcher" daemon [_thread_blocked, id=15320, stack(0x000000c633e00000,0x000000c633f00000)]
  0x00000204d844e800 JavaThread "Attach Listener" daemon [_thread_blocked, id=15640, stack(0x000000c633f00000,0x000000c634000000)]
  0x00000204d8451000 JavaThread "Service Thread" daemon [_thread_blocked, id=14892, stack(0x000000c634000000,0x000000c634100000)]
=>0x00000204d8458000 JavaThread "C2 CompilerThread0" daemon [_thread_in_native, id=12736, stack(0x000000c634100000,0x000000c634200000)]
  0x00000204d845d800 JavaThread "C1 CompilerThread0" daemon [_thread_blocked, id=10504, stack(0x000000c634200000,0x000000c634300000)]
  0x00000204d8460800 JavaThread "Sweeper thread" daemon [_thread_blocked, id=14328, stack(0x000000c634300000,0x000000c634400000)]
  0x00000204d8f0a000 JavaThread "Common-Cleaner" daemon [_thread_blocked, id=14996, stack(0x000000c634400000,0x000000c634500000)]
  0x00000204da8ce800 JavaThread "Daemon health stats" [_thread_blocked, id=7892, stack(0x000000c634900000,0x000000c634a00000)]
  0x00000204d916d800 JavaThread "Incoming local TCP Connector on port 56165" [_thread_in_native, id=6072, stack(0x000000c634600000,0x000000c634700000)]
  0x00000204d9ce6000 JavaThread "Daemon periodic checks" [_thread_blocked, id=5528, stack(0x000000c634a00000,0x000000c634b00000)]
  0x00000204dc5de800 JavaThread "Cache worker for journal cache (C:\Users\JOHN BATISTA\.gradle\caches\journal-1)" [_thread_blocked, id=18156, stack(0x000000c635300000,0x000000c635400000)]
  0x00000204dc5dd000 JavaThread "File lock request listener" [_thread_in_native, id=18308, stack(0x000000c635400000,0x000000c635500000)]
  0x00000204dc5df800 JavaThread "Cache worker for file hash cache (C:\Users\JOHN BATISTA\.gradle\caches\7.2\fileHashes)" [_thread_blocked, id=9460, stack(0x000000c635500000,0x000000c635600000)]
  0x00000204dc5e1000 JavaThread "File watcher server" daemon [_thread_in_native, id=5020, stack(0x000000c635800000,0x000000c635900000)]
  0x00000204dc5db800 JavaThread "File watcher consumer" daemon [_thread_blocked, id=2796, stack(0x000000c635900000,0x000000c635a00000)]
  0x00000204dabe4000 JavaThread "Cache worker for execution history cache (C:\Users\JOHN BATISTA\.gradle\caches\7.2\executionHistory)" [_thread_blocked, id=2032, stack(0x000000c635c00000,0x000000c635d00000)]
  0x00000204dabe2800 JavaThread "jar transforms" [_thread_blocked, id=1468, stack(0x000000c635e00000,0x000000c635f00000)]
  0x00000204dabe8000 JavaThread "Cache worker for file content cache (C:\Users\JOHN BATISTA\.gradle\caches\7.2\fileContent)" [_thread_blocked, id=14044, stack(0x000000c635f00000,0x000000c636000000)]
  0x00000204dabe9800 JavaThread "jar transforms Thread 2" [_thread_blocked, id=12832, stack(0x000000c636000000,0x000000c636100000)]
  0x00000204dabe9000 JavaThread "jar transforms Thread 3" [_thread_blocked, id=12200, stack(0x000000c636200000,0x000000c636300000)]
  0x00000204df678800 JavaThread "jar transforms Thread 4" [_thread_blocked, id=8132, stack(0x000000c638b00000,0x000000c638c00000)]
  0x00000204df679800 JavaThread "Memory manager" [_thread_blocked, id=17720, stack(0x000000c638f00000,0x000000c639000000)]
  0x00000204dfcb8800 JavaThread "RMI Scheduler(0)" daemon [_thread_blocked, id=15780, stack(0x000000c633200000,0x000000c633300000)]
  0x00000204dfcba000 JavaThread "RMI GC Daemon" daemon [_thread_blocked, id=6628, stack(0x000000c633400000,0x000000c633500000)]
  0x00000204dfcb4800 JavaThread "RMI TCP Accept-0" daemon [_thread_in_native, id=8676, stack(0x000000c635000000,0x000000c635100000)]
  0x00000204dfcbb000 JavaThread "RMI Reaper" [_thread_blocked, id=13792, stack(0x000000c639000000,0x000000c639100000)]
  0x00000204df2e7000 JavaThread "Cache worker for Java compile cache (C:\Users\JOHN BATISTA\.gradle\caches\7.2\javaCompile)" [_thread_blocked, id=5892, stack(0x000000c638e00000,0x000000c638f00000)]
  0x00000204dfcbd800 JavaThread "ForkJoinPool.commonPool-worker-7" daemon [_thread_blocked, id=1072, stack(0x000000c63a600000,0x000000c63a700000)]
  0x00000204dfcb6000 JavaThread "Daemon Thread 5" [_thread_blocked, id=15636, stack(0x000000c633300000,0x000000c633400000)]
  0x00000204dfcbc000 JavaThread "Daemon worker Thread 5" [_thread_blocked, id=11372, stack(0x000000c634d00000,0x000000c634e00000)]
  0x00000204df677000 JavaThread "RMI TCP Connection(idle)" daemon [_thread_blocked, id=16940, stack(0x000000c639800000,0x000000c639900000)]
  0x00000204df677800 JavaThread "RMI TCP Connection(26)-127.0.0.1" daemon [_thread_in_native, id=15400, stack(0x000000c639900000,0x000000c639a00000)]
  0x00000204df67b000 JavaThread "RMI TCP Connection(24)-127.0.0.1" daemon [_thread_in_native, id=7136, stack(0x000000c639b00000,0x000000c639c00000)]
  0x00000204dabf1000 JavaThread "ForkJoinPool.commonPool-worker-1" daemon [_thread_blocked, id=6468, stack(0x000000c63a400000,0x000000c63a500000)]
  0x00000204dc5e0000 JavaThread "ForkJoinPool.commonPool-worker-3" daemon [_thread_blocked, id=7008, stack(0x000000c63a500000,0x000000c63a600000)]
  0x00000204df67a000 JavaThread "RMI TCP Connection(25)-127.0.0.1" daemon [_thread_in_native, id=17492, stack(0x000000c639c00000,0x000000c639d00000)]
  0x00000204dabec000 JavaThread "C2 CompilerThread1" daemon [_thread_in_native, id=400, stack(0x000000c63a700000,0x000000c63a800000)]

Other Threads:
  0x00000204d842f000 VMThread "VM Thread" [stack: 0x000000c633b00000,0x000000c633c00000] [id=7420]
  0x00000204d8f23800 WatcherThread [stack: 0x000000c634500000,0x000000c634600000] [id=2972]
  0x00000204bc908800 GCTaskThread "GC Thread#0" [stack: 0x000000c633600000,0x000000c633700000] [id=14316]
  0x00000204d8feb000 GCTaskThread "GC Thread#1" [stack: 0x000000c634700000,0x000000c634800000] [id=15396]
  0x00000204d91e6800 GCTaskThread "GC Thread#2" [stack: 0x000000c634800000,0x000000c634900000] [id=10128]
  0x00000204db56b000 GCTaskThread "GC Thread#3" [stack: 0x000000c635200000,0x000000c635300000] [id=17256]
  0x00000204bc93a000 ConcurrentGCThread "G1 Main Marker" [stack: 0x000000c633700000,0x000000c633800000] [id=11376]
  0x00000204bc93b800 ConcurrentGCThread "G1 Conc#0" [stack: 0x000000c633800000,0x000000c633900000] [id=15852]
  0x00000204d8280800 ConcurrentGCThread "G1 Refine#0" [stack: 0x000000c633900000,0x000000c633a00000] [id=6792]
  0x00000204d8281800 ConcurrentGCThread "G1 Young RemSet Sampling" [stack: 0x000000c633a00000,0x000000c633b00000] [id=9956]

Threads with active compile tasks:
C2 CompilerThread01022893 28157       4       com.android.tools.r8.internal.lH0::a (6068 bytes)
C2 CompilerThread11022893 28209 %     4       com.android.tools.r8.ir.regalloc.b::c @ 2182 (3939 bytes)

VM state:not at safepoint (normal execution)

VM Mutex/Monitor currently owned by a thread: None

Heap address: 0x0000000080000000, size: 2048 MB, Compressed Oops mode: 32-bit
Narrow klass base: 0x0000000000000000, Narrow klass shift: 3
Compressed class space size: 1073741824 Address: 0x0000000100000000

Heap:
 garbage-first heap   total 253952K, used 151179K [0x0000000080000000, 0x0000000100000000)
  region size 1024K, 6 young (6144K), 1 survivors (1024K)
 Metaspace       used 134905K, capacity 139217K, committed 139376K, reserved 1171456K
  class space    used 16713K, capacity 18336K, committed 18456K, reserved 1048576K
Heap Regions: E=young(eden), S=young(survivor), O=old, HS=humongous(starts), HC=humongous(continues), CS=collection set, F=free, A=archive, TAMS=top-at-mark-start (previous, next)
|   0|0x0000000080000000, 0x0000000080100000, 0x0000000080100000|100%|HS|  |TAMS 0x0000000080100000, 0x0000000080000000| Complete 
|   1|0x0000000080100000, 0x0000000080200000, 0x0000000080200000|100%|HC|  |TAMS 0x0000000080200000, 0x0000000080100000| Complete 
|   2|0x0000000080200000, 0x0000000080300000, 0x0000000080300000|100%|HC|  |TAMS 0x0000000080300000, 0x0000000080200000| Complete 
|   3|0x0000000080300000, 0x0000000080400000, 0x0000000080400000|100%| O|  |TAMS 0x0000000080400000, 0x0000000080300000| Untracked 
|   4|0x0000000080400000, 0x0000000080500000, 0x0000000080500000|100%| O|  |TAMS 0x0000000080500000, 0x0000000080400000| Untracked 
|   5|0x0000000080500000, 0x0000000080600000, 0x0000000080600000|100%| O|  |TAMS 0x0000000080600000, 0x0000000080500000| Untracked 
|   6|0x0000000080600000, 0x0000000080700000, 0x0000000080700000|100%| O|  |TAMS 0x0000000080700000, 0x0000000080600000| Untracked 
|   7|0x0000000080700000, 0x0000000080800000, 0x0000000080800000|100%| O|  |TAMS 0x0000000080800000, 0x0000000080700000| Untracked 
|   8|0x0000000080800000, 0x0000000080900000, 0x0000000080900000|100%| O|  |TAMS 0x0000000080900000, 0x0000000080800000| Untracked 
|   9|0x0000000080900000, 0x0000000080a00000, 0x0000000080a00000|100%| O|  |TAMS 0x0000000080a00000, 0x0000000080900000| Untracked 
|  10|0x0000000080a00000, 0x0000000080b00000, 0x0000000080b00000|100%| O|  |TAMS 0x0000000080b00000, 0x0000000080a00000| Untracked 
|  11|0x0000000080b00000, 0x0000000080c00000, 0x0000000080c00000|100%| O|  |TAMS 0x0000000080c00000, 0x0000000080b00000| Untracked 
|  12|0x0000000080c00000, 0x0000000080d00000, 0x0000000080d00000|100%| O|  |TAMS 0x0000000080d00000, 0x0000000080c00000| Untracked 
|  13|0x0000000080d00000, 0x0000000080e00000, 0x0000000080e00000|100%| O|  |TAMS 0x0000000080e00000, 0x0000000080d00000| Untracked 
|  14|0x0000000080e00000, 0x0000000080f00000, 0x0000000080f00000|100%| O|  |TAMS 0x0000000080f00000, 0x0000000080e00000| Untracked 
|  15|0x0000000080f00000, 0x0000000081000000, 0x0000000081000000|100%| O|  |TAMS 0x0000000081000000, 0x0000000080f00000| Untracked 
|  16|0x0000000081000000, 0x0000000081100000, 0x0000000081100000|100%| O|  |TAMS 0x0000000081100000, 0x0000000081000000| Untracked 
|  17|0x0000000081100000, 0x0000000081200000, 0x0000000081200000|100%|HS|  |TAMS 0x0000000081200000, 0x0000000081100000| Complete 
|  18|0x0000000081200000, 0x0000000081300000, 0x0000000081300000|100%| O|  |TAMS 0x0000000081300000, 0x0000000081200000| Untracked 
|  19|0x0000000081300000, 0x0000000081400000, 0x0000000081400000|100%| O|  |TAMS 0x0000000081400000, 0x0000000081300000| Untracked 
|  20|0x0000000081400000, 0x0000000081500000, 0x0000000081500000|100%| O|  |TAMS 0x0000000081500000, 0x0000000081400000| Untracked 
|  21|0x0000000081500000, 0x0000000081600000, 0x0000000081600000|100%| O|  |TAMS 0x0000000081600000, 0x0000000081500000| Untracked 
|  22|0x0000000081600000, 0x0000000081700000, 0x0000000081700000|100%| O|  |TAMS 0x0000000081700000, 0x0000000081600000| Untracked 
|  23|0x0000000081700000, 0x0000000081800000, 0x0000000081800000|100%| O|  |TAMS 0x0000000081800000, 0x0000000081700000| Untracked 
|  24|0x0000000081800000, 0x0000000081900000, 0x0000000081900000|100%|HS|  |TAMS 0x0000000081900000, 0x0000000081800000| Complete 
|  25|0x0000000081900000, 0x0000000081a00000, 0x0000000081a00000|100%|HS|  |TAMS 0x0000000081a00000, 0x0000000081900000| Complete 
|  26|0x0000000081a00000, 0x0000000081b00000, 0x0000000081b00000|100%|HS|  |TAMS 0x0000000081b00000, 0x0000000081a00000| Complete 
|  27|0x0000000081b00000, 0x0000000081c00000, 0x0000000081c00000|100%|HS|  |TAMS 0x0000000081c00000, 0x0000000081b00000| Complete 
|  28|0x0000000081c00000, 0x0000000081d00000, 0x0000000081d00000|100%|HC|  |TAMS 0x0000000081d00000, 0x0000000081c00000| Complete 
|  29|0x0000000081d00000, 0x0000000081e00000, 0x0000000081e00000|100%|HC|  |TAMS 0x0000000081e00000, 0x0000000081d00000| Complete 
|  30|0x0000000081e00000, 0x0000000081f00000, 0x0000000081f00000|100%|HS|  |TAMS 0x0000000081f00000, 0x0000000081e00000| Complete 
|  31|0x0000000081f00000, 0x0000000082000000, 0x0000000082000000|100%|HC|  |TAMS 0x0000000082000000, 0x0000000081f00000| Complete 
|  32|0x0000000082000000, 0x0000000082100000, 0x0000000082100000|100%| O|  |TAMS 0x0000000082100000, 0x0000000082000000| Untracked 
|  33|0x0000000082100000, 0x0000000082200000, 0x0000000082200000|100%| O|  |TAMS 0x0000000082200000, 0x0000000082100000| Untracked 
|  34|0x0000000082200000, 0x0000000082300000, 0x0000000082300000|100%| O|  |TAMS 0x0000000082300000, 0x0000000082200000| Untracked 
|  35|0x0000000082300000, 0x0000000082400000, 0x0000000082400000|100%| O|  |TAMS 0x0000000082400000, 0x0000000082300000| Untracked 
|  36|0x0000000082400000, 0x0000000082500000, 0x0000000082500000|100%| O|  |TAMS 0x0000000082500000, 0x0000000082400000| Untracked 
|  37|0x0000000082500000, 0x0000000082600000, 0x0000000082600000|100%| O|  |TAMS 0x0000000082600000, 0x0000000082500000| Untracked 
|  38|0x0000000082600000, 0x0000000082700000, 0x0000000082700000|100%| O|  |TAMS 0x0000000082700000, 0x0000000082600000| Untracked 
|  39|0x0000000082700000, 0x0000000082800000, 0x0000000082800000|100%| O|  |TAMS 0x0000000082800000, 0x0000000082700000| Untracked 
|  40|0x0000000082800000, 0x0000000082900000, 0x0000000082900000|100%| O|  |TAMS 0x0000000082900000, 0x0000000082800000| Untracked 
|  41|0x0000000082900000, 0x0000000082a00000, 0x0000000082a00000|100%| O|  |TAMS 0x0000000082a00000, 0x0000000082900000| Untracked 
|  42|0x0000000082a00000, 0x0000000082b00000, 0x0000000082b00000|100%| O|  |TAMS 0x0000000082b00000, 0x0000000082a00000| Untracked 
|  43|0x0000000082b00000, 0x0000000082c00000, 0x0000000082c00000|100%| O|  |TAMS 0x0000000082c00000, 0x0000000082b00000| Untracked 
|  44|0x0000000082c00000, 0x0000000082d00000, 0x0000000082d00000|100%| O|  |TAMS 0x0000000082d00000, 0x0000000082c00000| Untracked 
|  45|0x0000000082d00000, 0x0000000082e00000, 0x0000000082e00000|100%| O|  |TAMS 0x0000000082e00000, 0x0000000082d00000| Untracked 
|  46|0x0000000082e00000, 0x0000000082f00000, 0x0000000082f00000|100%| O|  |TAMS 0x0000000082f00000, 0x0000000082e00000| Untracked 
|  47|0x0000000082f00000, 0x0000000083000000, 0x0000000083000000|100%| O|  |TAMS 0x0000000083000000, 0x0000000082f00000| Untracked 
|  48|0x0000000083000000, 0x0000000083100000, 0x0000000083100000|100%| O|  |TAMS 0x0000000083100000, 0x0000000083000000| Untracked 
|  49|0x0000000083100000, 0x0000000083200000, 0x0000000083200000|100%| O|  |TAMS 0x0000000083200000, 0x0000000083100000| Untracked 
|  50|0x0000000083200000, 0x0000000083300000, 0x0000000083300000|100%| O|  |TAMS 0x0000000083300000, 0x0000000083200000| Untracked 
|  51|0x0000000083300000, 0x0000000083400000, 0x0000000083400000|100%| O|  |TAMS 0x0000000083400000, 0x0000000083300000| Untracked 
|  52|0x0000000083400000, 0x0000000083500000, 0x0000000083500000|100%| O|  |TAMS 0x0000000083500000, 0x0000000083400000| Untracked 
|  53|0x0000000083500000, 0x0000000083600000, 0x0000000083600000|100%| O|  |TAMS 0x0000000083600000, 0x0000000083500000| Untracked 
|  54|0x0000000083600000, 0x0000000083700000, 0x0000000083700000|100%| O|  |TAMS 0x0000000083700000, 0x0000000083600000| Untracked 
|  55|0x0000000083700000, 0x0000000083800000, 0x0000000083800000|100%| O|  |TAMS 0x0000000083800000, 0x0000000083700000| Untracked 
|  56|0x0000000083800000, 0x0000000083900000, 0x0000000083900000|100%| O|  |TAMS 0x0000000083900000, 0x0000000083800000| Untracked 
|  57|0x0000000083900000, 0x0000000083a00000, 0x0000000083a00000|100%| O|  |TAMS 0x0000000083a00000, 0x0000000083900000| Untracked 
|  58|0x0000000083a00000, 0x0000000083b00000, 0x0000000083b00000|100%| O|  |TAMS 0x0000000083b00000, 0x0000000083a00000| Untracked 
|  59|0x0000000083b00000, 0x0000000083c00000, 0x0000000083c00000|100%| O|  |TAMS 0x0000000083c00000, 0x0000000083b00000| Untracked 
|  60|0x0000000083c00000, 0x0000000083d00000, 0x0000000083d00000|100%| O|  |TAMS 0x0000000083d00000, 0x0000000083c00000| Untracked 
|  61|0x0000000083d00000, 0x0000000083e00000, 0x0000000083e00000|100%| O|  |TAMS 0x0000000083e00000, 0x0000000083d00000| Untracked 
|  62|0x0000000083e00000, 0x0000000083f00000, 0x0000000083f00000|100%| O|  |TAMS 0x0000000083f00000, 0x0000000083e00000| Untracked 
|  63|0x0000000083f00000, 0x0000000084000000, 0x0000000084000000|100%| O|  |TAMS 0x0000000084000000, 0x0000000083f00000| Untracked 
|  64|0x0000000084000000, 0x0000000084100000, 0x0000000084100000|100%| O|  |TAMS 0x0000000084100000, 0x0000000084000000| Untracked 
|  65|0x0000000084100000, 0x0000000084200000, 0x0000000084200000|100%| O|  |TAMS 0x0000000084200000, 0x0000000084100000| Untracked 
|  66|0x0000000084200000, 0x0000000084300000, 0x0000000084300000|100%| O|  |TAMS 0x0000000084300000, 0x0000000084200000| Untracked 
|  67|0x0000000084300000, 0x0000000084400000, 0x0000000084400000|100%| O|  |TAMS 0x0000000084400000, 0x0000000084300000| Untracked 
|  68|0x0000000084400000, 0x0000000084500000, 0x0000000084500000|100%| O|  |TAMS 0x0000000084500000, 0x0000000084400000| Untracked 
|  69|0x0000000084500000, 0x0000000084600000, 0x0000000084600000|100%| O|  |TAMS 0x0000000084600000, 0x0000000084500000| Untracked 
|  70|0x0000000084600000, 0x0000000084600000, 0x0000000084700000|  0%| F|  |TAMS 0x0000000084600000, 0x0000000084600000| Untracked 
|  71|0x0000000084700000, 0x0000000084800000, 0x0000000084800000|100%| O|  |TAMS 0x0000000084800000, 0x0000000084700000| Untracked 
|  72|0x0000000084800000, 0x0000000084900000, 0x0000000084900000|100%| O|  |TAMS 0x0000000084900000, 0x0000000084800000| Untracked 
|  73|0x0000000084900000, 0x0000000084900000, 0x0000000084a00000|  0%| F|  |TAMS 0x0000000084900000, 0x0000000084900000| Untracked 
|  74|0x0000000084a00000, 0x0000000084b00000, 0x0000000084b00000|100%| O|  |TAMS 0x0000000084b00000, 0x0000000084a00000| Untracked 
|  75|0x0000000084b00000, 0x0000000084c00000, 0x0000000084c00000|100%| O|  |TAMS 0x0000000084c00000, 0x0000000084b00000| Untracked 
|  76|0x0000000084c00000, 0x0000000084d00000, 0x0000000084d00000|100%| O|  |TAMS 0x0000000084d00000, 0x0000000084c00000| Untracked 
|  77|0x0000000084d00000, 0x0000000084e00000, 0x0000000084e00000|100%| O|  |TAMS 0x0000000084e00000, 0x0000000084d00000| Untracked 
|  78|0x0000000084e00000, 0x0000000084f00000, 0x0000000084f00000|100%| O|  |TAMS 0x0000000084f00000, 0x0000000084e00000| Untracked 
|  79|0x0000000084f00000, 0x0000000085000000, 0x0000000085000000|100%| O|  |TAMS 0x0000000085000000, 0x0000000084f00000| Untracked 
|  80|0x0000000085000000, 0x0000000085100000, 0x0000000085100000|100%| O|  |TAMS 0x0000000085100000, 0x0000000085000000| Untracked 
|  81|0x0000000085100000, 0x0000000085100000, 0x0000000085200000|  0%| F|  |TAMS 0x0000000085100000, 0x0000000085100000| Untracked 
|  82|0x0000000085200000, 0x0000000085300000, 0x0000000085300000|100%| O|  |TAMS 0x0000000085300000, 0x0000000085200000| Untracked 
|  83|0x0000000085300000, 0x0000000085400000, 0x0000000085400000|100%| O|  |TAMS 0x0000000085300000, 0x0000000085300000| Untracked 
|  84|0x0000000085400000, 0x0000000085500000, 0x0000000085500000|100%| O|  |TAMS 0x0000000085400000, 0x0000000085400000| Untracked 
|  85|0x0000000085500000, 0x0000000085600000, 0x0000000085600000|100%| O|  |TAMS 0x0000000085600000, 0x0000000085500000| Untracked 
|  86|0x0000000085600000, 0x0000000085700000, 0x0000000085700000|100%| O|  |TAMS 0x0000000085700000, 0x0000000085600000| Untracked 
|  87|0x0000000085700000, 0x0000000085800000, 0x0000000085800000|100%| O|  |TAMS 0x0000000085800000, 0x0000000085700000| Untracked 
|  88|0x0000000085800000, 0x0000000085900000, 0x0000000085900000|100%| O|  |TAMS 0x0000000085900000, 0x0000000085800000| Untracked 
|  89|0x0000000085900000, 0x0000000085a00000, 0x0000000085a00000|100%| O|  |TAMS 0x0000000085a00000, 0x0000000085900000| Untracked 
|  90|0x0000000085a00000, 0x0000000085b00000, 0x0000000085b00000|100%| O|  |TAMS 0x0000000085b00000, 0x0000000085a00000| Untracked 
|  91|0x0000000085b00000, 0x0000000085c00000, 0x0000000085c00000|100%| O|  |TAMS 0x0000000085c00000, 0x0000000085b00000| Untracked 
|  92|0x0000000085c00000, 0x0000000085d00000, 0x0000000085d00000|100%| O|  |TAMS 0x0000000085d00000, 0x0000000085c00000| Untracked 
|  93|0x0000000085d00000, 0x0000000085e00000, 0x0000000085e00000|100%| O|  |TAMS 0x0000000085e00000, 0x0000000085d00000| Untracked 
|  94|0x0000000085e00000, 0x0000000085f00000, 0x0000000085f00000|100%| O|  |TAMS 0x0000000085f00000, 0x0000000085e00000| Untracked 
|  95|0x0000000085f00000, 0x0000000086000000, 0x0000000086000000|100%| O|  |TAMS 0x0000000086000000, 0x0000000085f00000| Untracked 
|  96|0x0000000086000000, 0x0000000086100000, 0x0000000086100000|100%| O|  |TAMS 0x0000000086100000, 0x0000000086000000| Untracked 
|  97|0x0000000086100000, 0x0000000086100000, 0x0000000086200000|  0%| F|  |TAMS 0x0000000086100000, 0x0000000086100000| Untracked 
|  98|0x0000000086200000, 0x0000000086300000, 0x0000000086300000|100%| O|  |TAMS 0x0000000086300000, 0x0000000086200000| Untracked 
|  99|0x0000000086300000, 0x0000000086400000, 0x0000000086400000|100%| O|  |TAMS 0x0000000086400000, 0x0000000086300000| Untracked 
| 100|0x0000000086400000, 0x0000000086400000, 0x0000000086500000|  0%| F|  |TAMS 0x0000000086400000, 0x0000000086400000| Untracked 
| 101|0x0000000086500000, 0x0000000086600000, 0x0000000086600000|100%| O|  |TAMS 0x0000000086600000, 0x0000000086500000| Untracked 
| 102|0x0000000086600000, 0x0000000086700000, 0x0000000086700000|100%|HS|  |TAMS 0x0000000086700000, 0x0000000086600000| Complete 
| 103|0x0000000086700000, 0x0000000086800000, 0x0000000086800000|100%|HC|  |TAMS 0x0000000086800000, 0x0000000086700000| Complete 
| 104|0x0000000086800000, 0x0000000086900000, 0x0000000086900000|100%|HC|  |TAMS 0x0000000086900000, 0x0000000086800000| Complete 
| 105|0x0000000086900000, 0x0000000086a00000, 0x0000000086a00000|100%| O|  |TAMS 0x0000000086a00000, 0x0000000086900000| Untracked 
| 106|0x0000000086a00000, 0x0000000086b00000, 0x0000000086b00000|100%| O|  |TAMS 0x0000000086b00000, 0x0000000086a00000| Untracked 
| 107|0x0000000086b00000, 0x0000000086c00000, 0x0000000086c00000|100%| O|  |TAMS 0x0000000086c00000, 0x0000000086b00000| Untracked 
| 108|0x0000000086c00000, 0x0000000086d00000, 0x0000000086d00000|100%| O|  |TAMS 0x0000000086d00000, 0x0000000086c00000| Untracked 
| 109|0x0000000086d00000, 0x0000000086e00000, 0x0000000086e00000|100%| O|  |TAMS 0x0000000086e00000, 0x0000000086d00000| Untracked 
| 110|0x0000000086e00000, 0x0000000086f00000, 0x0000000086f00000|100%| O|  |TAMS 0x0000000086f00000, 0x0000000086e00000| Untracked 
| 111|0x0000000086f00000, 0x0000000087000000, 0x0000000087000000|100%| O|  |TAMS 0x0000000087000000, 0x0000000086f00000| Untracked 
| 112|0x0000000087000000, 0x0000000087100000, 0x0000000087100000|100%| O|  |TAMS 0x0000000087100000, 0x0000000087000000| Untracked 
| 113|0x0000000087100000, 0x0000000087100000, 0x0000000087200000|  0%| F|  |TAMS 0x0000000087100000, 0x0000000087100000| Untracked 
| 114|0x0000000087200000, 0x0000000087300000, 0x0000000087300000|100%| O|  |TAMS 0x0000000087300000, 0x0000000087200000| Untracked 
| 115|0x0000000087300000, 0x0000000087400000, 0x0000000087400000|100%| O|  |TAMS 0x0000000087400000, 0x0000000087300000| Untracked 
| 116|0x0000000087400000, 0x0000000087500000, 0x0000000087500000|100%| O|  |TAMS 0x0000000087500000, 0x0000000087400000| Untracked 
| 117|0x0000000087500000, 0x0000000087600000, 0x0000000087600000|100%|HS|  |TAMS 0x0000000087600000, 0x0000000087500000| Complete 
| 118|0x0000000087600000, 0x0000000087700000, 0x0000000087700000|100%| O|  |TAMS 0x0000000087685600, 0x0000000087600000| Untracked 
| 119|0x0000000087700000, 0x0000000087800000, 0x0000000087800000|100%| O|  |TAMS 0x0000000087800000, 0x0000000087700000| Untracked 
| 120|0x0000000087800000, 0x0000000087800000, 0x0000000087900000|  0%| F|  |TAMS 0x0000000087800000, 0x0000000087800000| Untracked 
| 121|0x0000000087900000, 0x0000000087a00000, 0x0000000087a00000|100%|HS|  |TAMS 0x0000000087900000, 0x0000000087900000| Complete 
| 122|0x0000000087a00000, 0x0000000087b00000, 0x0000000087b00000|100%|HC|  |TAMS 0x0000000087a00000, 0x0000000087a00000| Complete 
| 123|0x0000000087b00000, 0x0000000087c00000, 0x0000000087c00000|100%| O|  |TAMS 0x0000000087c00000, 0x0000000087b00000| Untracked 
| 124|0x0000000087c00000, 0x0000000087c00000, 0x0000000087d00000|  0%| F|  |TAMS 0x0000000087c00000, 0x0000000087c00000| Untracked 
| 125|0x0000000087d00000, 0x0000000087e00000, 0x0000000087e00000|100%| O|  |TAMS 0x0000000087e00000, 0x0000000087d00000| Untracked 
| 126|0x0000000087e00000, 0x0000000087f00000, 0x0000000087f00000|100%| O|  |TAMS 0x0000000087f00000, 0x0000000087e00000| Untracked 
| 127|0x0000000087f00000, 0x0000000088000000, 0x0000000088000000|100%| O|  |TAMS 0x0000000088000000, 0x0000000087f00000| Untracked 
| 128|0x0000000088000000, 0x0000000088100000, 0x0000000088100000|100%| O|  |TAMS 0x0000000088100000, 0x0000000088000000| Untracked 
| 129|0x0000000088100000, 0x0000000088200000, 0x0000000088200000|100%| O|  |TAMS 0x0000000088200000, 0x0000000088100000| Untracked 
| 130|0x0000000088200000, 0x0000000088300000, 0x0000000088300000|100%| O|  |TAMS 0x0000000088200000, 0x0000000088200000| Untracked 
| 131|0x0000000088300000, 0x0000000088400000, 0x0000000088400000|100%| O|  |TAMS 0x0000000088400000, 0x0000000088300000| Untracked 
| 132|0x0000000088400000, 0x00000000884b0400, 0x0000000088500000| 68%| O|  |TAMS 0x0000000088400000, 0x0000000088400000| Untracked 
| 133|0x0000000088500000, 0x0000000088600000, 0x0000000088600000|100%| O|  |TAMS 0x0000000088600000, 0x0000000088500000| Untracked 
| 134|0x0000000088600000, 0x0000000088600000, 0x0000000088700000|  0%| F|  |TAMS 0x0000000088600000, 0x0000000088600000| Untracked 
| 135|0x0000000088700000, 0x0000000088700000, 0x0000000088800000|  0%| F|  |TAMS 0x0000000088700000, 0x0000000088700000| Untracked 
| 136|0x0000000088800000, 0x0000000088800000, 0x0000000088900000|  0%| F|  |TAMS 0x0000000088800000, 0x0000000088800000| Untracked 
| 137|0x0000000088900000, 0x0000000088900000, 0x0000000088a00000|  0%| F|  |TAMS 0x0000000088900000, 0x0000000088900000| Untracked 
| 138|0x0000000088a00000, 0x0000000088a00000, 0x0000000088b00000|  0%| F|  |TAMS 0x0000000088a00000, 0x0000000088a00000| Untracked 
| 139|0x0000000088b00000, 0x0000000088b00000, 0x0000000088c00000|  0%| F|  |TAMS 0x0000000088b00000, 0x0000000088b00000| Untracked 
| 140|0x0000000088c00000, 0x0000000088c00000, 0x0000000088d00000|  0%| F|  |TAMS 0x0000000088c00000, 0x0000000088c00000| Untracked 
| 141|0x0000000088d00000, 0x0000000088d00000, 0x0000000088e00000|  0%| F|  |TAMS 0x0000000088d00000, 0x0000000088d00000| Untracked 
| 142|0x0000000088e00000, 0x0000000088e00000, 0x0000000088f00000|  0%| F|  |TAMS 0x0000000088e00000, 0x0000000088e00000| Untracked 
| 143|0x0000000088f00000, 0x0000000088f00000, 0x0000000089000000|  0%| F|  |TAMS 0x0000000088f00000, 0x0000000088f00000| Untracked 
| 144|0x0000000089000000, 0x0000000089000000, 0x0000000089100000|  0%| F|  |TAMS 0x0000000089000000, 0x0000000089000000| Untracked 
| 145|0x0000000089100000, 0x0000000089100000, 0x0000000089200000|  0%| F|  |TAMS 0x0000000089100000, 0x0000000089100000| Untracked 
| 146|0x0000000089200000, 0x0000000089200000, 0x0000000089300000|  0%| F|  |TAMS 0x0000000089200000, 0x0000000089200000| Untracked 
| 147|0x0000000089300000, 0x0000000089400000, 0x0000000089400000|100%| O|  |TAMS 0x0000000089400000, 0x0000000089300000| Untracked 
| 148|0x0000000089400000, 0x0000000089500000, 0x0000000089500000|100%| O|  |TAMS 0x0000000089500000, 0x0000000089400000| Untracked 
| 149|0x0000000089500000, 0x0000000089600000, 0x0000000089600000|100%| O|  |TAMS 0x0000000089600000, 0x0000000089500000| Untracked 
| 150|0x0000000089600000, 0x0000000089700000, 0x0000000089700000|100%|HS|  |TAMS 0x0000000089600000, 0x0000000089600000| Complete 
| 151|0x0000000089700000, 0x0000000089800000, 0x0000000089800000|100%|HC|  |TAMS 0x0000000089700000, 0x0000000089700000| Complete 
| 152|0x0000000089800000, 0x0000000089900000, 0x0000000089900000|100%|HS|  |TAMS 0x0000000089800000, 0x0000000089800000| Complete 
| 153|0x0000000089900000, 0x0000000089a00000, 0x0000000089a00000|100%|HC|  |TAMS 0x0000000089900000, 0x0000000089900000| Complete 
| 154|0x0000000089a00000, 0x0000000089b00000, 0x0000000089b00000|100%|HS|  |TAMS 0x0000000089a00000, 0x0000000089a00000| Complete 
| 155|0x0000000089b00000, 0x0000000089c00000, 0x0000000089c00000|100%|HC|  |TAMS 0x0000000089b00000, 0x0000000089b00000| Complete 
| 156|0x0000000089c00000, 0x0000000089d00000, 0x0000000089d00000|100%| O|  |TAMS 0x0000000089d00000, 0x0000000089c00000| Untracked 
| 157|0x0000000089d00000, 0x0000000089d00000, 0x0000000089e00000|  0%| F|  |TAMS 0x0000000089d00000, 0x0000000089d00000| Untracked 
| 158|0x0000000089e00000, 0x0000000089e00000, 0x0000000089f00000|  0%| F|  |TAMS 0x0000000089e00000, 0x0000000089e00000| Untracked 
| 159|0x0000000089f00000, 0x0000000089f00000, 0x000000008a000000|  0%| F|  |TAMS 0x0000000089f00000, 0x0000000089f00000| Untracked 
| 160|0x000000008a000000, 0x000000008a000000, 0x000000008a100000|  0%| F|  |TAMS 0x000000008a000000, 0x000000008a000000| Untracked 
| 161|0x000000008a100000, 0x000000008a100000, 0x000000008a200000|  0%| F|  |TAMS 0x000000008a100000, 0x000000008a100000| Untracked 
| 162|0x000000008a200000, 0x000000008a200000, 0x000000008a300000|  0%| F|  |TAMS 0x000000008a200000, 0x000000008a200000| Untracked 
| 163|0x000000008a300000, 0x000000008a300000, 0x000000008a400000|  0%| F|  |TAMS 0x000000008a300000, 0x000000008a300000| Untracked 
| 164|0x000000008a400000, 0x000000008a500000, 0x000000008a500000|100%| O|  |TAMS 0x000000008a500000, 0x000000008a400000| Untracked 
| 165|0x000000008a500000, 0x000000008a600000, 0x000000008a600000|100%| O|  |TAMS 0x000000008a600000, 0x000000008a500000| Untracked 
| 166|0x000000008a600000, 0x000000008a700000, 0x000000008a700000|100%| O|  |TAMS 0x000000008a700000, 0x000000008a600000| Untracked 
| 167|0x000000008a700000, 0x000000008a800000, 0x000000008a800000|100%| O|  |TAMS 0x000000008a800000, 0x000000008a700000| Untracked 
| 168|0x000000008a800000, 0x000000008a800000, 0x000000008a900000|  0%| F|  |TAMS 0x000000008a800000, 0x000000008a800000| Untracked 
| 169|0x000000008a900000, 0x000000008a900000, 0x000000008aa00000|  0%| F|  |TAMS 0x000000008a900000, 0x000000008a900000| Untracked 
| 170|0x000000008aa00000, 0x000000008aa00000, 0x000000008ab00000|  0%| F|  |TAMS 0x000000008aa00000, 0x000000008aa00000| Untracked 
| 171|0x000000008ab00000, 0x000000008ab00000, 0x000000008ac00000|  0%| F|  |TAMS 0x000000008ab00000, 0x000000008ab00000| Untracked 
| 172|0x000000008ac00000, 0x000000008ad00000, 0x000000008ad00000|100%| O|  |TAMS 0x000000008ad00000, 0x000000008ac00000| Untracked 
| 173|0x000000008ad00000, 0x000000008ae00000, 0x000000008ae00000|100%| O|  |TAMS 0x000000008ae00000, 0x000000008ad00000| Untracked 
| 174|0x000000008ae00000, 0x000000008ae00000, 0x000000008af00000|  0%| F|  |TAMS 0x000000008ae00000, 0x000000008ae00000| Untracked 
| 175|0x000000008af00000, 0x000000008af00000, 0x000000008b000000|  0%| F|  |TAMS 0x000000008af00000, 0x000000008af00000| Untracked 
| 176|0x000000008b000000, 0x000000008b000000, 0x000000008b100000|  0%| F|  |TAMS 0x000000008b000000, 0x000000008b000000| Untracked 
| 177|0x000000008b100000, 0x000000008b100000, 0x000000008b200000|  0%| F|  |TAMS 0x000000008b100000, 0x000000008b100000| Untracked 
| 178|0x000000008b200000, 0x000000008b200000, 0x000000008b300000|  0%| F|  |TAMS 0x000000008b200000, 0x000000008b200000| Untracked 
| 179|0x000000008b300000, 0x000000008b300000, 0x000000008b400000|  0%| F|  |TAMS 0x000000008b300000, 0x000000008b300000| Untracked 
| 180|0x000000008b400000, 0x000000008b400000, 0x000000008b500000|  0%| F|  |TAMS 0x000000008b400000, 0x000000008b400000| Untracked 
| 181|0x000000008b500000, 0x000000008b500000, 0x000000008b600000|  0%| F|  |TAMS 0x000000008b500000, 0x000000008b500000| Untracked 
| 182|0x000000008b600000, 0x000000008b600000, 0x000000008b700000|  0%| F|  |TAMS 0x000000008b600000, 0x000000008b600000| Untracked 
| 183|0x000000008b700000, 0x000000008b700000, 0x000000008b800000|  0%| F|  |TAMS 0x000000008b700000, 0x000000008b700000| Untracked 
| 184|0x000000008b800000, 0x000000008b800000, 0x000000008b900000|  0%| F|  |TAMS 0x000000008b800000, 0x000000008b800000| Untracked 
| 185|0x000000008b900000, 0x000000008b900000, 0x000000008ba00000|  0%| F|  |TAMS 0x000000008b900000, 0x000000008b900000| Untracked 
| 186|0x000000008ba00000, 0x000000008ba00000, 0x000000008bb00000|  0%| F|  |TAMS 0x000000008ba00000, 0x000000008ba00000| Untracked 
| 187|0x000000008bb00000, 0x000000008bb00000, 0x000000008bc00000|  0%| F|  |TAMS 0x000000008bb00000, 0x000000008bb00000| Untracked 
| 188|0x000000008bc00000, 0x000000008bc00000, 0x000000008bd00000|  0%| F|  |TAMS 0x000000008bc00000, 0x000000008bc00000| Untracked 
| 189|0x000000008bd00000, 0x000000008bd00000, 0x000000008be00000|  0%| F|  |TAMS 0x000000008bd00000, 0x000000008bd00000| Untracked 
| 190|0x000000008be00000, 0x000000008be00000, 0x000000008bf00000|  0%| F|  |TAMS 0x000000008be00000, 0x000000008be00000| Untracked 
| 191|0x000000008bf00000, 0x000000008bf00000, 0x000000008c000000|  0%| F|  |TAMS 0x000000008bf00000, 0x000000008bf00000| Untracked 
| 192|0x000000008c000000, 0x000000008c000000, 0x000000008c100000|  0%| F|  |TAMS 0x000000008c000000, 0x000000008c000000| Untracked 
| 193|0x000000008c100000, 0x000000008c100000, 0x000000008c200000|  0%| F|  |TAMS 0x000000008c100000, 0x000000008c100000| Untracked 
| 194|0x000000008c200000, 0x000000008c200000, 0x000000008c300000|  0%| F|  |TAMS 0x000000008c200000, 0x000000008c200000| Untracked 
| 195|0x000000008c300000, 0x000000008c300000, 0x000000008c400000|  0%| F|  |TAMS 0x000000008c300000, 0x000000008c300000| Untracked 
| 196|0x000000008c400000, 0x000000008c400000, 0x000000008c500000|  0%| F|  |TAMS 0x000000008c400000, 0x000000008c400000| Untracked 
| 197|0x000000008c500000, 0x000000008c500000, 0x000000008c600000|  0%| F|  |TAMS 0x000000008c500000, 0x000000008c500000| Untracked 
| 198|0x000000008c600000, 0x000000008c600000, 0x000000008c700000|  0%| F|  |TAMS 0x000000008c600000, 0x000000008c600000| Untracked 
| 199|0x000000008c700000, 0x000000008c700000, 0x000000008c800000|  0%| F|  |TAMS 0x000000008c700000, 0x000000008c700000| Untracked 
| 200|0x000000008c800000, 0x000000008c800000, 0x000000008c900000|  0%| F|  |TAMS 0x000000008c800000, 0x000000008c800000| Untracked 
| 201|0x000000008c900000, 0x000000008c900000, 0x000000008ca00000|  0%| F|  |TAMS 0x000000008c900000, 0x000000008c900000| Untracked 
| 202|0x000000008ca00000, 0x000000008ca00000, 0x000000008cb00000|  0%| F|  |TAMS 0x000000008ca00000, 0x000000008ca00000| Untracked 
| 203|0x000000008cb00000, 0x000000008cb00000, 0x000000008cc00000|  0%| F|  |TAMS 0x000000008cb00000, 0x000000008cb00000| Untracked 
| 204|0x000000008cc00000, 0x000000008cc00000, 0x000000008cd00000|  0%| F|  |TAMS 0x000000008cc00000, 0x000000008cc00000| Untracked 
| 205|0x000000008cd00000, 0x000000008cd00000, 0x000000008ce00000|  0%| F|  |TAMS 0x000000008cd00000, 0x000000008cd00000| Untracked 
| 206|0x000000008ce00000, 0x000000008ce00000, 0x000000008cf00000|  0%| F|  |TAMS 0x000000008ce00000, 0x000000008ce00000| Untracked 
| 207|0x000000008cf00000, 0x000000008cf00000, 0x000000008d000000|  0%| F|  |TAMS 0x000000008cf00000, 0x000000008cf00000| Untracked 
| 208|0x000000008d000000, 0x000000008d000000, 0x000000008d100000|  0%| F|  |TAMS 0x000000008d000000, 0x000000008d000000| Untracked 
| 209|0x000000008d100000, 0x000000008d100000, 0x000000008d200000|  0%| F|  |TAMS 0x000000008d100000, 0x000000008d100000| Untracked 
| 210|0x000000008d200000, 0x000000008d200000, 0x000000008d300000|  0%| F|  |TAMS 0x000000008d200000, 0x000000008d200000| Untracked 
| 211|0x000000008d300000, 0x000000008d300000, 0x000000008d400000|  0%| F|  |TAMS 0x000000008d300000, 0x000000008d300000| Untracked 
| 212|0x000000008d400000, 0x000000008d400000, 0x000000008d500000|  0%| F|  |TAMS 0x000000008d400000, 0x000000008d400000| Untracked 
| 213|0x000000008d500000, 0x000000008d500000, 0x000000008d600000|  0%| F|  |TAMS 0x000000008d500000, 0x000000008d500000| Untracked 
| 214|0x000000008d600000, 0x000000008d600000, 0x000000008d700000|  0%| F|  |TAMS 0x000000008d600000, 0x000000008d600000| Untracked 
| 215|0x000000008d700000, 0x000000008d700000, 0x000000008d800000|  0%| F|  |TAMS 0x000000008d700000, 0x000000008d700000| Untracked 
| 216|0x000000008d800000, 0x000000008d800000, 0x000000008d900000|  0%| F|  |TAMS 0x000000008d800000, 0x000000008d800000| Untracked 
| 217|0x000000008d900000, 0x000000008d900000, 0x000000008da00000|  0%| F|  |TAMS 0x000000008d900000, 0x000000008d900000| Untracked 
| 218|0x000000008da00000, 0x000000008da00000, 0x000000008db00000|  0%| F|  |TAMS 0x000000008da00000, 0x000000008da00000| Untracked 
| 219|0x000000008db00000, 0x000000008db00000, 0x000000008dc00000|  0%| F|  |TAMS 0x000000008db00000, 0x000000008db00000| Untracked 
| 220|0x000000008dc00000, 0x000000008dc00000, 0x000000008dd00000|  0%| F|  |TAMS 0x000000008dc00000, 0x000000008dc00000| Untracked 
| 221|0x000000008dd00000, 0x000000008dd00000, 0x000000008de00000|  0%| F|  |TAMS 0x000000008dd00000, 0x000000008dd00000| Untracked 
| 222|0x000000008de00000, 0x000000008de00000, 0x000000008df00000|  0%| F|  |TAMS 0x000000008de00000, 0x000000008de00000| Untracked 
| 223|0x000000008df00000, 0x000000008df00000, 0x000000008e000000|  0%| F|  |TAMS 0x000000008df00000, 0x000000008df00000| Untracked 
| 224|0x000000008e000000, 0x000000008e000000, 0x000000008e100000|  0%| F|  |TAMS 0x000000008e000000, 0x000000008e000000| Untracked 
| 225|0x000000008e100000, 0x000000008e100000, 0x000000008e200000|  0%| F|  |TAMS 0x000000008e100000, 0x000000008e100000| Untracked 
| 226|0x000000008e200000, 0x000000008e200000, 0x000000008e300000|  0%| F|  |TAMS 0x000000008e200000, 0x000000008e200000| Untracked 
| 227|0x000000008e300000, 0x000000008e300000, 0x000000008e400000|  0%| F|  |TAMS 0x000000008e300000, 0x000000008e300000| Untracked 
| 228|0x000000008e400000, 0x000000008e400000, 0x000000008e500000|  0%| F|  |TAMS 0x000000008e400000, 0x000000008e400000| Untracked 
| 229|0x000000008e500000, 0x000000008e500000, 0x000000008e600000|  0%| F|  |TAMS 0x000000008e500000, 0x000000008e500000| Untracked 
| 230|0x000000008e600000, 0x000000008e600000, 0x000000008e700000|  0%| F|  |TAMS 0x000000008e600000, 0x000000008e600000| Untracked 
| 231|0x000000008e700000, 0x000000008e700000, 0x000000008e800000|  0%| F|  |TAMS 0x000000008e700000, 0x000000008e700000| Untracked 
| 232|0x000000008e800000, 0x000000008e800000, 0x000000008e900000|  0%| F|  |TAMS 0x000000008e800000, 0x000000008e800000| Untracked 
| 233|0x000000008e900000, 0x000000008e900000, 0x000000008ea00000|  0%| F|  |TAMS 0x000000008e900000, 0x000000008e900000| Untracked 
| 234|0x000000008ea00000, 0x000000008ea00000, 0x000000008eb00000|  0%| F|  |TAMS 0x000000008ea00000, 0x000000008ea00000| Untracked 
| 235|0x000000008eb00000, 0x000000008eb00000, 0x000000008ec00000|  0%| F|  |TAMS 0x000000008eb00000, 0x000000008eb00000| Untracked 
| 236|0x000000008ec00000, 0x000000008ec00000, 0x000000008ed00000|  0%| F|  |TAMS 0x000000008ec00000, 0x000000008ec00000| Untracked 
| 237|0x000000008ed00000, 0x000000008edf2910, 0x000000008ee00000| 94%| S|CS|TAMS 0x000000008ed00000, 0x000000008ed00000| Complete 
| 238|0x000000008ee00000, 0x000000008ee00000, 0x000000008ef00000|  0%| F|  |TAMS 0x000000008ee00000, 0x000000008ee00000| Untracked 
| 239|0x000000008ef00000, 0x000000008ef00000, 0x000000008f000000|  0%| F|  |TAMS 0x000000008ef00000, 0x000000008ef00000| Untracked 
| 240|0x000000008f000000, 0x000000008f000000, 0x000000008f100000|  0%| F|  |TAMS 0x000000008f000000, 0x000000008f000000| Untracked 
| 241|0x000000008f100000, 0x000000008f100000, 0x000000008f200000|  0%| F|  |TAMS 0x000000008f100000, 0x000000008f100000| Untracked 
| 242|0x000000008f200000, 0x000000008f26de28, 0x000000008f300000| 42%| E|  |TAMS 0x000000008f200000, 0x000000008f200000| Complete 
| 243|0x000000008f300000, 0x000000008f400000, 0x000000008f400000|100%| E|CS|TAMS 0x000000008f300000, 0x000000008f300000| Complete 
| 244|0x000000008f400000, 0x000000008f500000, 0x000000008f500000|100%| E|CS|TAMS 0x000000008f400000, 0x000000008f400000| Complete 
| 245|0x000000008f500000, 0x000000008f600000, 0x000000008f600000|100%| E|CS|TAMS 0x000000008f500000, 0x000000008f500000| Complete 
| 246|0x000000008f600000, 0x000000008f700000, 0x000000008f700000|100%| E|CS|TAMS 0x000000008f600000, 0x000000008f600000| Complete 
| 247|0x000000008f700000, 0x000000008f800000, 0x000000008f800000|100%| O|  |TAMS 0x000000008f800000, 0x000000008f700000| Untracked 

Card table byte_map: [0x00000204d1630000,0x00000204d1a30000] _byte_map_base: 0x00000204d1230000

Marking Bits (Prev, Next): (CMBitMap*) 0x00000204bc9313d0, (CMBitMap*) 0x00000204bc931398
 Prev Bits: [0x00000204d3e30000, 0x00000204d5e30000)
 Next Bits: [0x00000204d1e30000, 0x00000204d3e30000)

Polling page: 0x00000204bc700000

Metaspace:

Usage:
  Non-class:    118.05 MB capacity,   115.42 MB ( 98%) used,     2.12 MB (  2%) free+waste,   514.06 KB ( <1%) overhead. 
      Class:     17.91 MB capacity,    16.32 MB ( 91%) used,     1.37 MB (  8%) free+waste,   223.13 KB (  1%) overhead. 
       Both:    135.95 MB capacity,   131.74 MB ( 97%) used,     3.49 MB (  3%) free+waste,   737.19 KB ( <1%) overhead. 

Virtual space:
  Non-class space:      120.00 MB reserved,     118.09 MB ( 98%) committed 
      Class space:        1.00 GB reserved,      18.02 MB (  2%) committed 
             Both:        1.12 GB reserved,     136.11 MB ( 12%) committed 

Chunk freelists:
   Non-Class:  39.00 KB
       Class:  0 bytes
        Both:  39.00 KB

MaxMetaspaceSize: 17179869184.00 GB
CompressedClassSpaceSize: 1.00 GB

CodeHeap 'non-profiled nmethods': size=120064Kb used=18413Kb max_used=18413Kb free=101650Kb
 bounds [0x00000204c96d0000, 0x00000204ca8d0000, 0x00000204d0c10000]
CodeHeap 'profiled nmethods': size=120000Kb used=56366Kb max_used=56366Kb free=63633Kb
 bounds [0x00000204c21a0000, 0x00000204c58e0000, 0x00000204c96d0000]
CodeHeap 'non-nmethods': size=5696Kb used=2381Kb max_used=2471Kb free=3314Kb
 bounds [0x00000204c1c10000, 0x00000204c1e80000, 0x00000204c21a0000]
 total_blobs=25287 nmethods=24274 adapters=922
 compilation: enabled
              stopped_count=0, restarted_count=0
 full_count=0

Compilation events (20 events):
Event: 1022.421 Thread 0x00000204d845d800 28288   !   2       java.io.FileOutputStream::close (69 bytes)
Event: 1022.422 Thread 0x00000204d845d800 nmethod 28288 0x00000204c58d1d10 code [0x00000204c58d1ee0, 0x00000204c58d2318]
Event: 1022.483 Thread 0x00000204d845d800 28289       2       java.math.MutableBigInteger::divideMagnitude (1307 bytes)
Event: 1022.487 Thread 0x00000204d845d800 nmethod 28289 0x00000204c58d2490 code [0x00000204c58d27a0, 0x00000204c58d3d98]
Event: 1022.549 Thread 0x00000204d845d800 28290       1       org.gradle.internal.execution.steps.ExecuteStep$ResultImpl::getExecutionResult (5 bytes)
Event: 1022.549 Thread 0x00000204d845d800 nmethod 28290 0x00000204ca8cca90 code [0x00000204ca8ccc40, 0x00000204ca8cccf8]
Event: 1022.549 Thread 0x00000204d845d800 28291   !   2       jdk.internal.reflect.GeneratedMethodAccessor28::invoke (76 bytes)
Event: 1022.550 Thread 0x00000204d845d800 nmethod 28291 0x00000204c58d4b90 code [0x00000204c58d4dc0, 0x00000204c58d5318]
Event: 1022.562 Thread 0x00000204d845d800 28292       2       jdk.internal.math.FloatingDecimal$BinaryToASCIIBuffer::appendTo (72 bytes)
Event: 1022.562 Thread 0x00000204d845d800 nmethod 28292 0x00000204c58d5690 code [0x00000204c58d5880, 0x00000204c58d5ce8]
Event: 1022.565 Thread 0x00000204d845d800 28294       1       sun.management.MemoryManagerImpl::getName (5 bytes)
Event: 1022.566 Thread 0x00000204d845d800 nmethod 28294 0x00000204ca8ccd90 code [0x00000204ca8ccf40, 0x00000204ca8ccff8]
Event: 1022.571 Thread 0x00000204d845d800 28295       2       com.android.ide.common.attribution.AndroidGradlePluginAttributionData$AttributionDataAdapter$write$1::invoke (12 bytes)
Event: 1022.572 Thread 0x00000204d845d800 nmethod 28295 0x00000204c58d5e90 code [0x00000204c58d60a0, 0x00000204c58d63c8]
Event: 1022.573 Thread 0x00000204d845d800 28296       2       java.io.FileOutputStream$1::close (11 bytes)
Event: 1022.573 Thread 0x00000204d845d800 nmethod 28296 0x00000204c58d6610 code [0x00000204c58d67e0, 0x00000204c58d6c98]
Event: 1022.594 Thread 0x00000204d845d800 28297       2       java.util.TreeMap$Entry::hashCode (42 bytes)
Event: 1022.594 Thread 0x00000204d845d800 nmethod 28297 0x00000204c58d6e90 code [0x00000204c58d7060, 0x00000204c58d71f8]
Event: 1022.594 Thread 0x00000204d845d800 28298       2       org.jetbrains.kotlin.statistics.fileloggers.MetricsContainer$MetricDescriptor::hashCode (34 bytes)
Event: 1022.595 Thread 0x00000204d845d800 nmethod 28298 0x00000204c58d7310 code [0x00000204c58d74e0, 0x00000204c58d7658]

GC Heap History (20 events):
Event: 999.062 GC heap before
{Heap before GC invocations=134 (full 0):
 garbage-first heap   total 253952K, used 153320K [0x0000000080000000, 0x0000000100000000)
  region size 1024K, 12 young (12288K), 4 survivors (4096K)
 Metaspace       used 134345K, capacity 138526K, committed 138736K, reserved 1169408K
  class space    used 16678K, capacity 18274K, committed 18328K, reserved 1048576K
}
Event: 999.088 GC heap after
{Heap after GC invocations=135 (full 0):
 garbage-first heap   total 253952K, used 144830K [0x0000000080000000, 0x0000000100000000)
  region size 1024K, 1 young (1024K), 1 survivors (1024K)
 Metaspace       used 134345K, capacity 138526K, committed 138736K, reserved 1169408K
  class space    used 16678K, capacity 18274K, committed 18328K, reserved 1048576K
}
Event: 999.494 GC heap before
{Heap before GC invocations=135 (full 0):
 garbage-first heap   total 253952K, used 156094K [0x0000000080000000, 0x0000000100000000)
  region size 1024K, 14 young (14336K), 1 survivors (1024K)
 Metaspace       used 134361K, capacity 138541K, committed 138736K, reserved 1169408K
  class space    used 16681K, capacity 18279K, committed 18328K, reserved 1048576K
}
Event: 999.506 GC heap after
{Heap after GC invocations=136 (full 0):
 garbage-first heap   total 253952K, used 147709K [0x0000000080000000, 0x0000000100000000)
  region size 1024K, 4 young (4096K), 4 survivors (4096K)
 Metaspace       used 134361K, capacity 138541K, committed 138736K, reserved 1169408K
  class space    used 16681K, capacity 18279K, committed 18328K, reserved 1048576K
}
Event: 1001.648 GC heap before
{Heap before GC invocations=137 (full 0):
 garbage-first heap   total 253952K, used 197885K [0x0000000080000000, 0x0000000100000000)
  region size 1024K, 53 young (54272K), 4 survivors (4096K)
 Metaspace       used 134460K, capacity 138648K, committed 138736K, reserved 1169408K
  class space    used 16685K, capacity 18287K, committed 18328K, reserved 1048576K
}
Event: 1001.656 GC heap after
{Heap after GC invocations=138 (full 0):
 garbage-first heap   total 253952K, used 149019K [0x0000000080000000, 0x0000000100000000)
  region size 1024K, 4 young (4096K), 4 survivors (4096K)
 Metaspace       used 134460K, capacity 138648K, committed 138736K, reserved 1169408K
  class space    used 16685K, capacity 18287K, committed 18328K, reserved 1048576K
}
Event: 1015.673 GC heap before
{Heap before GC invocations=138 (full 0):
 garbage-first heap   total 253952K, used 174619K [0x0000000080000000, 0x0000000100000000)
  region size 1024K, 12 young (12288K), 4 survivors (4096K)
 Metaspace       used 134517K, capacity 138685K, committed 138736K, reserved 1169408K
  class space    used 16690K, capacity 18295K, committed 18328K, reserved 1048576K
}
Event: 1015.702 GC heap after
{Heap after GC invocations=139 (full 0):
 garbage-first heap   total 253952K, used 136971K [0x0000000080000000, 0x0000000100000000)
  region size 1024K, 2 young (2048K), 2 survivors (2048K)
 Metaspace       used 134517K, capacity 138685K, committed 138736K, reserved 1169408K
  class space    used 16690K, capacity 18295K, committed 18328K, reserved 1048576K
}
Event: 1016.642 GC heap before
{Heap before GC invocations=139 (full 0):
 garbage-first heap   total 253952K, used 195339K [0x0000000080000000, 0x0000000100000000)
  region size 1024K, 60 young (61440K), 2 survivors (2048K)
 Metaspace       used 134726K, capacity 138976K, committed 139120K, reserved 1169408K
  class space    used 16710K, capacity 18331K, committed 18456K, reserved 1048576K
}
Event: 1016.667 GC heap after
{Heap after GC invocations=140 (full 0):
 garbage-first heap   total 253952K, used 143163K [0x0000000080000000, 0x0000000100000000)
  region size 1024K, 8 young (8192K), 8 survivors (8192K)
 Metaspace       used 134726K, capacity 138976K, committed 139120K, reserved 1169408K
  class space    used 16710K, capacity 18331K, committed 18456K, reserved 1048576K
}
Event: 1021.247 GC heap before
{Heap before GC invocations=141 (full 0):
 garbage-first heap   total 253952K, used 199483K [0x0000000080000000, 0x0000000100000000)
  region size 1024K, 64 young (65536K), 8 survivors (8192K)
 Metaspace       used 134830K, capacity 139071K, committed 139376K, reserved 1171456K
  class space    used 16712K, capacity 18334K, committed 18456K, reserved 1048576K
}
Event: 1021.266 GC heap after
{Heap after GC invocations=142 (full 0):
 garbage-first heap   total 253952K, used 145342K [0x0000000080000000, 0x0000000100000000)
  region size 1024K, 3 young (3072K), 3 survivors (3072K)
 Metaspace       used 134830K, capacity 139071K, committed 139376K, reserved 1171456K
  class space    used 16712K, capacity 18334K, committed 18456K, reserved 1048576K
}
Event: 1021.325 GC heap before
{Heap before GC invocations=142 (full 0):
 garbage-first heap   total 253952K, used 153534K [0x0000000080000000, 0x0000000100000000)
  region size 1024K, 12 young (12288K), 3 survivors (3072K)
 Metaspace       used 134841K, capacity 139136K, committed 139376K, reserved 1171456K
  class space    used 16712K, capacity 18334K, committed 18456K, reserved 1048576K
}
Event: 1021.349 GC heap after
{Heap after GC invocations=143 (full 0):
 garbage-first heap   total 253952K, used 144813K [0x0000000080000000, 0x0000000100000000)
  region size 1024K, 1 young (1024K), 1 survivors (1024K)
 Metaspace       used 134841K, capacity 139136K, committed 139376K, reserved 1171456K
  class space    used 16712K, capacity 18334K, committed 18456K, reserved 1048576K
}
Event: 1021.528 GC heap before
{Heap before GC invocations=143 (full 0):
 garbage-first heap   total 253952K, used 150957K [0x0000000080000000, 0x0000000100000000)
  region size 1024K, 9 young (9216K), 1 survivors (1024K)
 Metaspace       used 134858K, capacity 139203K, committed 139376K, reserved 1171456K
  class space    used 16712K, capacity 18335K, committed 18456K, reserved 1048576K
}
Event: 1021.535 GC heap after
{Heap after GC invocations=144 (full 0):
 garbage-first heap   total 253952K, used 147223K [0x0000000080000000, 0x0000000100000000)
  region size 1024K, 4 young (4096K), 4 survivors (4096K)
 Metaspace       used 134858K, capacity 139203K, committed 139376K, reserved 1171456K
  class space    used 16712K, capacity 18335K, committed 18456K, reserved 1048576K
}
Event: 1022.275 GC heap before
{Heap before GC invocations=145 (full 0):
 garbage-first heap   total 253952K, used 190231K [0x0000000080000000, 0x0000000100000000)
  region size 1024K, 47 young (48128K), 4 survivors (4096K)
 Metaspace       used 134894K, capacity 139217K, committed 139376K, reserved 1171456K
  class space    used 16713K, capacity 18336K, committed 18456K, reserved 1048576K
}
Event: 1022.284 GC heap after
{Heap after GC invocations=146 (full 0):
 garbage-first heap   total 253952K, used 147742K [0x0000000080000000, 0x0000000100000000)
  region size 1024K, 3 young (3072K), 3 survivors (3072K)
 Metaspace       used 134894K, capacity 139217K, committed 139376K, reserved 1171456K
  class space    used 16713K, capacity 18336K, committed 18456K, reserved 1048576K
}
Event: 1022.469 GC heap before
{Heap before GC invocations=146 (full 0):
 garbage-first heap   total 253952K, used 174366K [0x0000000080000000, 0x0000000100000000)
  region size 1024K, 12 young (12288K), 3 survivors (3072K)
 Metaspace       used 134895K, capacity 139217K, committed 139376K, reserved 1171456K
  class space    used 16713K, capacity 18336K, committed 18456K, reserved 1048576K
}
Event: 1022.477 GC heap after
{Heap after GC invocations=147 (full 0):
 garbage-first heap   total 253952K, used 147083K [0x0000000080000000, 0x0000000100000000)
  region size 1024K, 1 young (1024K), 1 survivors (1024K)
 Metaspace       used 134895K, capacity 139217K, committed 139376K, reserved 1171456K
  class space    used 16713K, capacity 18336K, committed 18456K, reserved 1048576K
}

Deoptimization events (20 events):
Event: 1021.901 Thread 0x00000204dabe4800 DEOPT PACKING pc=0x00000204c4cde0cc sp=0x000000c639afbea0
Event: 1021.901 Thread 0x00000204dabe4800 DEOPT UNPACKING pc=0x00000204c1c36dde sp=0x000000c639afb3b0 mode 0
Event: 1021.905 Thread 0x00000204dabe4800 DEOPT PACKING pc=0x00000204c4cdf349 sp=0x000000c639afc3a0
Event: 1021.905 Thread 0x00000204dabe4800 DEOPT UNPACKING pc=0x00000204c1c36dde sp=0x000000c639afb908 mode 0
Event: 1021.966 Thread 0x00000204dabea800 DEOPT PACKING pc=0x00000204c541e6e1 sp=0x000000c6391fc7d0
Event: 1021.967 Thread 0x00000204dabea800 DEOPT UNPACKING pc=0x00000204c1c36dde sp=0x000000c6391fbcc0 mode 0
Event: 1022.108 Thread 0x00000204dabe5800 DEOPT PACKING pc=0x00000204c40a982a sp=0x000000c63a2fd6e0
Event: 1022.109 Thread 0x00000204dabe5800 DEOPT UNPACKING pc=0x00000204c1c36dde sp=0x000000c63a2fcc50 mode 0
Event: 1022.173 Thread 0x00000204dabe4800 Uncommon trap: trap_request=0xffffffde fr.pc=0x00000204c9935770 relative=0x0000000000000230
Event: 1022.173 Thread 0x00000204dabe4800 Uncommon trap: reason=class_check action=maybe_recompile pc=0x00000204c9935770 method=java.nio.charset.Charset.lookup(Ljava/lang/String;)Ljava/nio/charset/Charset; @ 35 c2
Event: 1022.173 Thread 0x00000204dabe4800 DEOPT PACKING pc=0x00000204c9935770 sp=0x000000c639afd620
Event: 1022.173 Thread 0x00000204dabe4800 DEOPT UNPACKING pc=0x00000204c1c3662f sp=0x000000c639afd5c8 mode 2
Event: 1022.173 Thread 0x00000204dabe4800 Uncommon trap: trap_request=0xffffffc6 fr.pc=0x00000204c98c7140 relative=0x0000000000000100
Event: 1022.173 Thread 0x00000204dabe4800 Uncommon trap: reason=bimorphic_or_optimized_type_check action=maybe_recompile pc=0x00000204c98c7140 method=java.nio.charset.CharsetDecoder.replaceWith(Ljava/lang/String;)Ljava/nio/charset/CharsetDecoder; @ 63 c2
Event: 1022.173 Thread 0x00000204dabe4800 DEOPT PACKING pc=0x00000204c98c7140 sp=0x000000c639afd420
Event: 1022.173 Thread 0x00000204dabe4800 DEOPT UNPACKING pc=0x00000204c1c3662f sp=0x000000c639afd3d0 mode 2
Event: 1022.565 Thread 0x00000204dfcbc000 Uncommon trap: trap_request=0xfffffff4 fr.pc=0x00000204c9b3ca9c relative=0x000000000000017c
Event: 1022.565 Thread 0x00000204dfcbc000 Uncommon trap: reason=null_check action=make_not_entrant pc=0x00000204c9b3ca9c method=java.lang.ThreadLocal$ThreadLocalMap.getEntryAfterMiss(Ljava/lang/ThreadLocal;ILjava/lang/ThreadLocal$ThreadLocalMap$Entry;)Ljava/lang/ThreadLocal$ThreadLocalMap$Entry; 
Event: 1022.565 Thread 0x00000204dfcbc000 DEOPT PACKING pc=0x00000204c9b3ca9c sp=0x000000c634dfc0e0
Event: 1022.565 Thread 0x00000204dfcbc000 DEOPT UNPACKING pc=0x00000204c1c3662f sp=0x000000c634dfc078 mode 2

Classes redefined (0 events):
No events

Internal exceptions (20 events):
Event: 1021.570 Thread 0x00000204dabea800 Exception <a 'sun/nio/fs/WindowsException'{0x000000008f515098}> (0x000000008f515098) thrown at [./src/hotspot/share/prims/jni.cpp, line 615]
Event: 1021.573 Thread 0x00000204dabea800 Exception <a 'sun/nio/fs/WindowsException'{0x000000008f51e040}> (0x000000008f51e040) thrown at [./src/hotspot/share/prims/jni.cpp, line 615]
Event: 1021.576 Thread 0x00000204dabea800 Exception <a 'sun/nio/fs/WindowsException'{0x000000008f532208}> (0x000000008f532208) thrown at [./src/hotspot/share/prims/jni.cpp, line 615]
Event: 1021.615 Thread 0x00000204dabea800 Exception <a 'sun/nio/fs/WindowsException'{0x000000008f112018}> (0x000000008f112018) thrown at [./src/hotspot/share/prims/jni.cpp, line 615]
Event: 1021.641 Thread 0x00000204dabe4800 Exception <a 'sun/nio/fs/WindowsException'{0x000000008ed486b8}> (0x000000008ed486b8) thrown at [./src/hotspot/share/prims/jni.cpp, line 615]
Event: 1021.909 Thread 0x00000204dabea800 Exception <a 'sun/nio/fs/WindowsException'{0x000000008dec8028}> (0x000000008dec8028) thrown at [./src/hotspot/share/prims/jni.cpp, line 615]
Event: 1021.940 Thread 0x00000204dabe4800 Exception <a 'sun/nio/fs/WindowsException'{0x000000008d7cd208}> (0x000000008d7cd208) thrown at [./src/hotspot/share/prims/jni.cpp, line 615]
Event: 1021.947 Thread 0x00000204dabea800 Exception <a 'sun/nio/fs/WindowsException'{0x000000008d7e78a8}> (0x000000008d7e78a8) thrown at [./src/hotspot/share/prims/jni.cpp, line 615]
Event: 1021.948 Thread 0x00000204dabe4800 Exception <a 'sun/nio/fs/WindowsException'{0x000000008d7f2f70}> (0x000000008d7f2f70) thrown at [./src/hotspot/share/prims/jni.cpp, line 615]
Event: 1021.953 Thread 0x00000204dabea800 Exception <a 'sun/nio/fs/WindowsException'{0x000000008d6c2188}> (0x000000008d6c2188) thrown at [./src/hotspot/share/prims/jni.cpp, line 615]
Event: 1021.956 Thread 0x00000204dabe4800 Exception <a 'sun/nio/fs/WindowsException'{0x000000008d6deb10}> (0x000000008d6deb10) thrown at [./src/hotspot/share/prims/jni.cpp, line 615]
Event: 1021.960 Thread 0x00000204dabea800 Exception <a 'sun/nio/fs/WindowsException'{0x000000008d6edee8}> (0x000000008d6edee8) thrown at [./src/hotspot/share/prims/jni.cpp, line 615]
Event: 1021.963 Thread 0x00000204dabe4800 Exception <a 'sun/nio/fs/WindowsException'{0x000000008d5c50d0}> (0x000000008d5c50d0) thrown at [./src/hotspot/share/prims/jni.cpp, line 615]
Event: 1021.967 Thread 0x00000204dabea800 Exception <a 'sun/nio/fs/WindowsException'{0x000000008d5d21d8}> (0x000000008d5d21d8) thrown at [./src/hotspot/share/prims/jni.cpp, line 615]
Event: 1022.087 Thread 0x00000204dabe5800 Exception <a 'sun/nio/fs/WindowsException'{0x000000008d103468}> (0x000000008d103468) thrown at [./src/hotspot/share/prims/jni.cpp, line 615]
Event: 1022.121 Thread 0x00000204dabe5800 Exception <a 'sun/nio/fs/WindowsException'{0x000000008ce82b78}> (0x000000008ce82b78) thrown at [./src/hotspot/share/prims/jni.cpp, line 615]
Event: 1022.565 Thread 0x00000204dfcbc000 Implicit null exception at 0x00000204c9b3c99a to 0x00000204c9b3ca79
Event: 1022.567 Thread 0x00000204dfcbc000 Exception <a 'sun/nio/fs/WindowsException'{0x000000008f5b37d0}> (0x000000008f5b37d0) thrown at [./src/hotspot/share/prims/jni.cpp, line 615]
Event: 1022.567 Thread 0x00000204dfcbc000 Exception <a 'sun/nio/fs/WindowsException'{0x000000008f5b3960}> (0x000000008f5b3960) thrown at [./src/hotspot/share/prims/jni.cpp, line 615]
Event: 1022.568 Thread 0x00000204dfcbc000 Exception <a 'sun/nio/fs/WindowsException'{0x000000008f5b5300}> (0x000000008f5b5300) thrown at [./src/hotspot/share/prims/jni.cpp, line 615]

Events (20 events):
Event: 1022.585 Executing VM operation: RevokeBias
Event: 1022.585 Executing VM operation: RevokeBias done
Event: 1022.585 Executing VM operation: RevokeBias
Event: 1022.585 Executing VM operation: RevokeBias done
Event: 1022.585 Executing VM operation: RevokeBias
Event: 1022.586 Executing VM operation: RevokeBias done
Event: 1022.586 Executing VM operation: RevokeBias
Event: 1022.586 Executing VM operation: RevokeBias done
Event: 1022.586 Executing VM operation: RevokeBias
Event: 1022.586 Executing VM operation: RevokeBias done
Event: 1022.586 Executing VM operation: RevokeBias
Event: 1022.586 Executing VM operation: RevokeBias done
Event: 1022.586 Executing VM operation: RevokeBias
Event: 1022.587 Executing VM operation: RevokeBias done
Event: 1022.587 Executing VM operation: RevokeBias
Event: 1022.587 Executing VM operation: RevokeBias done
Event: 1022.587 Executing VM operation: RevokeBias
Event: 1022.587 Executing VM operation: RevokeBias done
Event: 1022.587 Executing VM operation: BulkRevokeBias
Event: 1022.589 Executing VM operation: BulkRevokeBias done


Dynamic libraries:
0x00007ff7f4400000 - 0x00007ff7f440a000 	C:\Program Files\Android\Android Studio New\jre\bin\java.exe
0x00007ffbc5380000 - 0x00007ffbc5570000 	C:\WINDOWS\SYSTEM32\ntdll.dll
0x00007ffbc3690000 - 0x00007ffbc3742000 	C:\WINDOWS\System32\KERNEL32.DLL
0x00007ffbc2490000 - 0x00007ffbc2735000 	C:\WINDOWS\System32\KERNELBASE.dll
0x00007ffbc2a60000 - 0x00007ffbc2b5a000 	C:\WINDOWS\System32\ucrtbase.dll
0x00007ffbb7210000 - 0x00007ffbb7227000 	C:\Program Files\Android\Android Studio New\jre\bin\VCRUNTIME140.dll
0x00007ffbbad70000 - 0x00007ffbbad89000 	C:\Program Files\Android\Android Studio New\jre\bin\jli.dll
0x00007ffbc51a0000 - 0x00007ffbc5334000 	C:\WINDOWS\System32\USER32.dll
0x00007ffbc2a30000 - 0x00007ffbc2a51000 	C:\WINDOWS\System32\win32u.dll
0x00007ffba7b80000 - 0x00007ffba7e04000 	C:\WINDOWS\WinSxS\amd64_microsoft.windows.common-controls_6595b64144ccf1df_6.0.18362.1256_none_9e7e379be45e40e2\COMCTL32.dll
0x00007ffbc4fb0000 - 0x00007ffbc4fd6000 	C:\WINDOWS\System32\GDI32.dll
0x00007ffbc5100000 - 0x00007ffbc519e000 	C:\WINDOWS\System32\msvcrt.dll
0x00007ffbc22f0000 - 0x00007ffbc2486000 	C:\WINDOWS\System32\gdi32full.dll
0x00007ffbc4550000 - 0x00007ffbc4886000 	C:\WINDOWS\System32\combase.dll
0x00007ffbc2770000 - 0x00007ffbc280e000 	C:\WINDOWS\System32\msvcp_win.dll
0x00007ffbc4fe0000 - 0x00007ffbc5100000 	C:\WINDOWS\System32\RPCRT4.dll
0x00007ffbc2b60000 - 0x00007ffbc2be1000 	C:\WINDOWS\System32\bcryptPrimitives.dll
0x00007ffbc3750000 - 0x00007ffbc377e000 	C:\WINDOWS\System32\IMM32.DLL
0x00007ffb93560000 - 0x00007ffb935fd000 	C:\Program Files\Android\Android Studio New\jre\bin\msvcp140.dll
0x00007ffb756f0000 - 0x00007ffb761c5000 	C:\Program Files\Android\Android Studio New\jre\bin\server\jvm.dll
0x00007ffbc44a0000 - 0x00007ffbc4543000 	C:\WINDOWS\System32\ADVAPI32.dll
0x00007ffbc3440000 - 0x00007ffbc34d7000 	C:\WINDOWS\System32\sechost.dll
0x00007ffbc3430000 - 0x00007ffbc3438000 	C:\WINDOWS\System32\PSAPI.DLL
0x00007ffbbae60000 - 0x00007ffbbae69000 	C:\WINDOWS\SYSTEM32\WSOCK32.dll
0x00007ffbc3c20000 - 0x00007ffbc3c8f000 	C:\WINDOWS\System32\WS2_32.dll
0x00007ffbbbf00000 - 0x00007ffbbbf24000 	C:\WINDOWS\SYSTEM32\WINMM.dll
0x00007ffbb9280000 - 0x00007ffbb928a000 	C:\WINDOWS\SYSTEM32\VERSION.dll
0x00007ffbbbed0000 - 0x00007ffbbbefd000 	C:\WINDOWS\SYSTEM32\winmmbase.dll
0x00007ffbc33e0000 - 0x00007ffbc342a000 	C:\WINDOWS\System32\cfgmgr32.dll
0x00007ffbc2250000 - 0x00007ffbc2261000 	C:\WINDOWS\System32\kernel.appcore.dll
0x00007ffbab300000 - 0x00007ffbab311000 	C:\Program Files\Android\Android Studio New\jre\bin\verify.dll
0x00007ffbc0950000 - 0x00007ffbc0b44000 	C:\WINDOWS\SYSTEM32\DBGHELP.DLL
0x00007ffbb7500000 - 0x00007ffbb752a000 	C:\WINDOWS\SYSTEM32\dbgcore.DLL
0x00007ffbab2d0000 - 0x00007ffbab2f9000 	C:\Program Files\Android\Android Studio New\jre\bin\java.dll
0x00007ffbbae20000 - 0x00007ffbbae2b000 	C:\Program Files\Android\Android Studio New\jre\bin\jimage.dll
0x00007ffba81c0000 - 0x00007ffba81d8000 	C:\Program Files\Android\Android Studio New\jre\bin\zip.dll
0x00007ffbc3db0000 - 0x00007ffbc4497000 	C:\WINDOWS\System32\SHELL32.dll
0x00007ffbc3780000 - 0x00007ffbc3829000 	C:\WINDOWS\System32\shcore.dll
0x00007ffbc2c50000 - 0x00007ffbc33d1000 	C:\WINDOWS\System32\windows.storage.dll
0x00007ffbc22c0000 - 0x00007ffbc22e3000 	C:\WINDOWS\System32\profapi.dll
0x00007ffbc2270000 - 0x00007ffbc22ba000 	C:\WINDOWS\System32\powrprof.dll
0x00007ffbc2220000 - 0x00007ffbc2230000 	C:\WINDOWS\System32\UMPDC.dll
0x00007ffbc3980000 - 0x00007ffbc39d2000 	C:\WINDOWS\System32\shlwapi.dll
0x00007ffbc2810000 - 0x00007ffbc2827000 	C:\WINDOWS\System32\cryptsp.dll
0x00007ffb9fad0000 - 0x00007ffb9faea000 	C:\Program Files\Android\Android Studio New\jre\bin\net.dll
0x00007ffbb56e0000 - 0x00007ffbb57d0000 	C:\WINDOWS\SYSTEM32\WINHTTP.dll
0x00007ffbc1a10000 - 0x00007ffbc1a77000 	C:\WINDOWS\system32\mswsock.dll
0x00007ffb9ef70000 - 0x00007ffb9ef84000 	C:\Program Files\Android\Android Studio New\jre\bin\nio.dll
0x00007ffbab1e0000 - 0x00007ffbab207000 	C:\Users\JOHN BATISTA\.gradle\native\e1d6ef7f7dcc3fd88c89a11ec53ec762bb8ba0a96d01ffa2cd45eb1d1d8dd5c5\windows-amd64\native-platform.dll
0x00007ffb8a7f0000 - 0x00007ffb8a934000 	C:\Users\JOHN BATISTA\.gradle\native\5664cfc778a61ccfe75a443a1ab52a65af34e5dc3c78e0209fed803814484fcb\windows-amd64\native-platform-file-events.dll
0x00007ffbbade0000 - 0x00007ffbbadea000 	C:\Program Files\Android\Android Studio New\jre\bin\management.dll
0x00007ffbbad50000 - 0x00007ffbbad5d000 	C:\Program Files\Android\Android Studio New\jre\bin\management_ext.dll
0x00007ffbc1580000 - 0x00007ffbc15b3000 	C:\WINDOWS\system32\rsaenh.dll
0x00007ffbc2740000 - 0x00007ffbc2766000 	C:\WINDOWS\System32\bcrypt.dll
0x00007ffbc2140000 - 0x00007ffbc2165000 	C:\WINDOWS\SYSTEM32\USERENV.dll
0x00007ffbc1be0000 - 0x00007ffbc1bec000 	C:\WINDOWS\SYSTEM32\CRYPTBASE.dll
0x00007ffbc1720000 - 0x00007ffbc175a000 	C:\WINDOWS\SYSTEM32\IPHLPAPI.DLL
0x00007ffbc3970000 - 0x00007ffbc3978000 	C:\WINDOWS\System32\NSI.dll
0x00007ffbb7780000 - 0x00007ffbb7796000 	C:\WINDOWS\SYSTEM32\dhcpcsvc6.DLL
0x00007ffbb7760000 - 0x00007ffbb777c000 	C:\WINDOWS\SYSTEM32\dhcpcsvc.DLL
0x00007ffbc1770000 - 0x00007ffbc183b000 	C:\WINDOWS\SYSTEM32\DNSAPI.dll
0x00007ffba7660000 - 0x00007ffba767e000 	C:\Users\JOHN BATISTA\AppData\Local\Temp\native-platform16206886516754817473dir\native-platform.dll
0x00007ffbbadd0000 - 0x00007ffbbadd8000 	C:\Program Files\Android\Android Studio New\jre\bin\rmi.dll
0x00007ffbb9950000 - 0x00007ffbb9966000 	C:\WINDOWS\system32\napinsp.dll
0x00007ffbb91e0000 - 0x00007ffbb91fa000 	C:\WINDOWS\system32\pnrpnsp.dll
0x00007ffbbae80000 - 0x00007ffbbae8e000 	C:\WINDOWS\System32\winrnr.dll
0x00007ffbbad30000 - 0x00007ffbbad4c000 	C:\WINDOWS\system32\NLAapi.dll
0x00007ffbba3c0000 - 0x00007ffbba3d5000 	C:\WINDOWS\system32\wshbth.dll
0x00007ffbb73d0000 - 0x00007ffbb73da000 	C:\Windows\System32\rasadhlp.dll
0x00007ffbb6460000 - 0x00007ffbb64d7000 	C:\WINDOWS\System32\fwpuclnt.dll
0x00007ffbc1260000 - 0x00007ffbc1291000 	C:\WINDOWS\SYSTEM32\ntmarta.dll
0x00007ffb9ee10000 - 0x00007ffb9ee37000 	C:\Program Files\Android\Android Studio New\jre\bin\sunec.dll

dbghelp: loaded successfully - version: 4.0.5 - missing functions: none
symbol engine: initialized successfully - sym options: 0x614 - pdb path: .;C:\Program Files\Android\Android Studio New\jre\bin;C:\WINDOWS\SYSTEM32;C:\WINDOWS\WinSxS\amd64_microsoft.windows.common-controls_6595b64144ccf1df_6.0.18362.1256_none_9e7e379be45e40e2;C:\Program Files\Android\Android Studio New\jre\bin\server;C:\Users\JOHN BATISTA\.gradle\native\e1d6ef7f7dcc3fd88c89a11ec53ec762bb8ba0a96d01ffa2cd45eb1d1d8dd5c5\windows-amd64;C:\Users\JOHN BATISTA\.gradle\native\5664cfc778a61ccfe75a443a1ab52a65af34e5dc3c78e0209fed803814484fcb\windows-amd64;C:\Users\JOHN BATISTA\AppData\Local\Temp\native-platform16206886516754817473dir

VM Arguments:
jvm_args: --add-opens=java.base/java.util=ALL-UNNAMED --add-opens=java.base/java.lang=ALL-UNNAMED --add-opens=java.base/java.lang.invoke=ALL-UNNAMED --add-opens=java.base/java.util=ALL-UNNAMED --add-opens=java.prefs/java.util.prefs=ALL-UNNAMED --add-opens=java.prefs/java.util.prefs=ALL-UNNAMED --add-opens=java.base/java.nio.charset=ALL-UNNAMED --add-opens=java.base/java.net=ALL-UNNAMED --add-opens=java.base/java.util.concurrent.atomic=ALL-UNNAMED -Xmx2048m -Dfile.encoding=UTF-8 -Duser.country=US -Duser.language=en -Duser.variant 
java_command: org.gradle.launcher.daemon.bootstrap.GradleDaemon 7.2
java_class_path (initial): C:\Users\JOHN BATISTA\.gradle\wrapper\dists\gradle-7.2-bin\2dnblmf4td7x66yl1d74lt32g\gradle-7.2\lib\gradle-launcher-7.2.jar
Launcher Type: SUN_STANDARD

[Global flags]
     intx CICompilerCount                          = 3                                         {product} {ergonomic}
     uint ConcGCThreads                            = 1                                         {product} {ergonomic}
     uint G1ConcRefinementThreads                  = 4                                         {product} {ergonomic}
   size_t G1HeapRegionSize                         = 1048576                                   {product} {ergonomic}
    uintx GCDrainStackTargetSize                   = 64                                        {product} {ergonomic}
   size_t InitialHeapSize                          = 134217728                                 {product} {ergonomic}
   size_t MarkStackSize                            = 4194304                                   {product} {ergonomic}
   size_t MaxHeapSize                              = 2147483648                                {product} {command line}
   size_t MaxNewSize                               = 1287651328                                {product} {ergonomic}
   size_t MinHeapDeltaBytes                        = 1048576                                   {product} {ergonomic}
    uintx NonNMethodCodeHeapSize                   = 5830732                                {pd product} {ergonomic}
    uintx NonProfiledCodeHeapSize                  = 122913754                              {pd product} {ergonomic}
    uintx ProfiledCodeHeapSize                     = 122913754                              {pd product} {ergonomic}
    uintx ReservedCodeCacheSize                    = 251658240                              {pd product} {ergonomic}
     bool SegmentedCodeCache                       = true                                      {product} {ergonomic}
     bool UseCompressedClassPointers               = true                                 {lp64_product} {ergonomic}
     bool UseCompressedOops                        = true                                 {lp64_product} {ergonomic}
     bool UseG1GC                                  = true                                      {product} {ergonomic}
     bool UseLargePagesIndividualAllocation        = false                                  {pd product} {ergonomic}

Logging:
Log output configuration:
 #0: stdout all=warning uptime,level,tags
 #1: stderr all=off uptime,level,tags

Environment Variables:
JAVA_HOME=C:\Program Files\Java\jdk-15.0.1
PATH=C:\Program Files\Java\jdk-15.0.1\bin;C:\Program Files\Git\cmd;C:\Program Files\PuTTY\;C:\Program Files\MATLAB\R2013a\runtime\win64;C:\Program Files\MATLAB\R2013a\bin;C:\Program Files\Microsoft VS Code\bin;C:\nodejs\;C:\Users\JOHN BATISTA\AppData\Local\Programs\Python\Python310\Scripts;C:\Users\JOHN BATISTA\AppData\Local\Programs\Python\Python310\Scripts\;C:\Users\JOHN BATISTA\AppData\Local\Programs\Python\Python310\;C:\Users\JOHN BATISTA\AppData\Roaming\npm;
USERNAME=JOHN BATISTA
OS=Windows_NT
PROCESSOR_IDENTIFIER=Intel64 Family 6 Model 142 Stepping 9, GenuineIntel



---------------  S Y S T E M  ---------------

OS: Windows 10 , 64 bit Build 18362 (10.0.18362.1110)
OS uptime: 3 days 21:58 hours

CPU:total 4 (initial active 4) (2 cores per cpu, 2 threads per core) family 6 model 142 stepping 9 microcode 0x8e, cmov, cx8, fxsr, mmx, sse, sse2, sse3, ssse3, sse4.1, sse4.2, popcnt, avx, avx2, aes, clmul, erms, 3dnowpref, lzcnt, ht, tsc, tscinvbit, bmi1, bmi2, adx, fma

Memory: 4k page, system-wide physical 8107M (441M free)
TotalPageFile size 20395M (AvailPageFile size 11M)
current process WorkingSet (physical memory assigned to process): 569M, peak: 594M
current process commit charge ("private bytes"): 669M, peak: 697M

vm_info: OpenJDK 64-Bit Server VM (11.0.11+9-b60-7590822) for windows-amd64 JRE (11.0.11+9-b60-7590822), built on Jul 29 2021 21:43:44 by "builder" with MS VC++ 14.0 (VS2015)

END.
