#
# There is insufficient memory for the Java Runtime Environment to continue.
# Native memory allocation (mmap) failed to map 230686720 bytes for Failed to commit area from 0x0000000096000000 to 0x00000000a3c00000 of length 230686720.
# Possible reasons:
#   The system is out of physical RAM or swap space
#   The process is running with CompressedOops enabled, and the Java Heap may be blocking the growth of the native heap
# Possible solutions:
#   Reduce memory load on the system
#   Increase physical memory or swap space
#   Check if swap backing store is full
#   Decrease Java heap size (-Xmx/-Xms)
#   Decrease number of Java threads
#   Decrease Java thread stack sizes (-Xss)
#   Set larger code cache with -XX:ReservedCodeCacheSize=
#   JVM is running with Unscaled Compressed Oops mode in which the Java heap is
#     placed in the first 4GB address space. The Java Heap base address is the
#     maximum limit for the native heap growth. Please use -XX:HeapBaseMinAddress
#     to set the Java Heap base and to place the Java Heap above 4GB virtual address.
# This output file may be truncated or incomplete.
#
#  Out of Memory Error (./src/hotspot/os/windows/os_windows.cpp:3301), pid=2172, tid=15240
#
# JRE version: OpenJDK Runtime Environment (11.0.11+9) (build 11.0.11+9-b60-7590822)
# Java VM: OpenJDK 64-Bit Server VM (11.0.11+9-b60-7590822, mixed mode, tiered, compressed oops, g1 gc, windows-amd64)
# No core dump will be written. Minidumps are not enabled by default on client versions of Windows
#

---------------  S U M M A R Y ------------

Command Line: --add-opens=java.base/java.util=ALL-UNNAMED --add-opens=java.base/java.lang=ALL-UNNAMED --add-opens=java.base/java.lang.invoke=ALL-UNNAMED --add-opens=java.base/java.util=ALL-UNNAMED --add-opens=java.prefs/java.util.prefs=ALL-UNNAMED --add-opens=java.prefs/java.util.prefs=ALL-UNNAMED --add-opens=java.base/java.nio.charset=ALL-UNNAMED --add-opens=java.base/java.net=ALL-UNNAMED --add-opens=java.base/java.util.concurrent.atomic=ALL-UNNAMED -Xmx2048m -Dfile.encoding=UTF-8 -Duser.country=US -Duser.language=en -Duser.variant org.gradle.launcher.daemon.bootstrap.GradleDaemon 7.2

Host: Intel(R) Core(TM) i3-7020U CPU @ 2.30GHz, 4 cores, 7G,  Windows 10 , 64 bit Build 18362 (10.0.18362.1110)
Time: Tue Jun 14 00:56:40 2022 UTC-11 elapsed time: 164.348965 seconds (0d 0h 2m 44s)

---------------  T H R E A D  ---------------

Current thread (0x0000023d6f6ac800):  VMThread "VM Thread" [stack: 0x0000007c95600000,0x0000007c95700000] [id=15240]

Stack: [0x0000007c95600000,0x0000007c95700000]
[error occurred during error reporting (printing stack bounds), id 0xc0000005, EXCEPTION_ACCESS_VIOLATION (0xc0000005) at pc=0x0000023d595c0f2d]

Native frames: (J=compiled Java code, j=interpreted, Vv=VM code, C=native code)
V  [jvm.dll+0x5f214a]
V  [jvm.dll+0x726fb5]
V  [jvm.dll+0x7285cd]
V  [jvm.dll+0x728be5]
V  [jvm.dll+0x728b9b]
V  [jvm.dll+0x5f14e8]
V  [jvm.dll+0x5f1c78]
C  [ntdll.dll+0xa184f]
C  [ntdll.dll+0x6a889]
C  [ntdll.dll+0xa04be]
C  0x0000023d595c0f2d

VM_Operation (0x0000007c9b1fe150): G1CollectForAllocation, mode: safepoint, requested by thread 0x0000023d79c54000


---------------  P R O C E S S  ---------------

Threads class SMR info:
_java_thread_list=0x0000023d7746cf40, length=95, elements={
0x0000023d55acc000, 0x0000023d6f6b0800, 0x0000023d6f6b9800, 0x0000023d70033800,
0x0000023d70034000, 0x0000023d70036000, 0x0000023d6f6dd800, 0x0000023d6f6e1800,
0x0000023d6f6e4800, 0x0000023d70194000, 0x0000023d71710800, 0x0000023d711d8000,
0x0000023d71392800, 0x0000023d71404800, 0x0000023d70721000, 0x0000023d71177800,
0x0000023d707e7800, 0x0000023d71178800, 0x0000023d7023c800, 0x0000023d7023d000,
0x0000023d70243000, 0x0000023d7023e000, 0x0000023d7023e800, 0x0000023d7023f800,
0x0000023d70240800, 0x0000023d70241000, 0x0000023d70242000, 0x0000023d72cad000,
0x0000023d72caf800, 0x0000023d72caa800, 0x0000023d72cb1000, 0x0000023d72cab800,
0x0000023d72cb2000, 0x0000023d72cb2800, 0x0000023d72cb3800, 0x0000023d72cb4800,
0x0000023d72cae800, 0x0000023d72cb5000, 0x0000023d72cb7800, 0x0000023d72cb8800,
0x0000023d72cb6000, 0x0000023d72cb9000, 0x0000023d72cb7000, 0x0000023d73cee800,
0x0000023d73cef800, 0x0000023d73cf0000, 0x0000023d73cf1000, 0x0000023d73ced800,
0x0000023d73cf1800, 0x0000023d73cec000, 0x0000023d73cf2800, 0x0000023d73ced000,
0x0000023d73cf7800, 0x0000023d73cf3800, 0x0000023d73cf6000, 0x0000023d73cf6800,
0x0000023d73cf9000, 0x0000023d73cf8800, 0x0000023d73cfa000, 0x0000023d73cf4000,
0x0000023d73cfa800, 0x0000023d73cf5000, 0x0000023d705ed800, 0x0000023d705f0000,
0x0000023d705eb000, 0x0000023d705ee000, 0x0000023d705ef000, 0x0000023d705ea000,
0x0000023d705ec000, 0x0000023d705f2800, 0x0000023d705ec800, 0x0000023d705f1800,
0x0000023d705f4800, 0x0000023d705f4000, 0x0000023d705f5800, 0x0000023d705f3000,
0x0000023d705f6800, 0x0000023d705f0800, 0x0000023d705f7000, 0x0000023d705f8000,
0x0000023d79c50000, 0x0000023d79c51800, 0x0000023d79c4f000, 0x0000023d79c51000,
0x0000023d79c4d800, 0x0000023d79c52800, 0x0000023d79c4d000, 0x0000023d79c4e800,
0x0000023d79c4c000, 0x0000023d79c57800, 0x0000023d79c54000, 0x0000023d79c58000,
0x0000023d79c56800, 0x0000023d79c59000, 0x0000023d7cd20000
}

Java Threads: ( => current thread )
  0x0000023d55acc000 JavaThread "main" [_thread_blocked, id=14388, stack(0x0000007c95000000,0x0000007c95100000)]
  0x0000023d6f6b0800 JavaThread "Reference Handler" daemon [_thread_blocked, id=12912, stack(0x0000007c95700000,0x0000007c95800000)]
  0x0000023d6f6b9800 JavaThread "Finalizer" daemon [_thread_blocked, id=18160, stack(0x0000007c95800000,0x0000007c95900000)]
  0x0000023d70033800 JavaThread "Signal Dispatcher" daemon [_thread_blocked, id=6284, stack(0x0000007c95900000,0x0000007c95a00000)]
  0x0000023d70034000 JavaThread "Attach Listener" daemon [_thread_blocked, id=12616, stack(0x0000007c95a00000,0x0000007c95b00000)]
  0x0000023d70036000 JavaThread "Service Thread" daemon [_thread_blocked, id=4424, stack(0x0000007c95b00000,0x0000007c95c00000)]
  0x0000023d6f6dd800 JavaThread "C2 CompilerThread0" daemon [_thread_blocked, id=4700, stack(0x0000007c95c00000,0x0000007c95d00000)]
  0x0000023d6f6e1800 JavaThread "C1 CompilerThread0" daemon [_thread_blocked, id=12968, stack(0x0000007c95d00000,0x0000007c95e00000)]
  0x0000023d6f6e4800 JavaThread "Sweeper thread" daemon [_thread_blocked, id=3664, stack(0x0000007c95e00000,0x0000007c95f00000)]
  0x0000023d70194000 JavaThread "Common-Cleaner" daemon [_thread_blocked, id=6732, stack(0x0000007c95f00000,0x0000007c96000000)]
  0x0000023d71710800 JavaThread "Daemon health stats" [_thread_blocked, id=3704, stack(0x0000007c96300000,0x0000007c96400000)]
  0x0000023d711d8000 JavaThread "Incoming local TCP Connector on port 54666" [_thread_in_native, id=7100, stack(0x0000007c96400000,0x0000007c96500000)]
  0x0000023d71392800 JavaThread "Daemon periodic checks" [_thread_blocked, id=14920, stack(0x0000007c96500000,0x0000007c96600000)]
  0x0000023d71404800 JavaThread "Daemon" [_thread_blocked, id=9872, stack(0x0000007c96600000,0x0000007c96700000)]
  0x0000023d70721000 JavaThread "Handler for socket connection from /127.0.0.1:54666 to /127.0.0.1:54667" [_thread_in_native, id=5804, stack(0x0000007c96700000,0x0000007c96800000)]
  0x0000023d71177800 JavaThread "Cancel handler" [_thread_blocked, id=5616, stack(0x0000007c96800000,0x0000007c96900000)]
  0x0000023d707e7800 JavaThread "Daemon worker" [_thread_blocked, id=8596, stack(0x0000007c96900000,0x0000007c96a00000)]
  0x0000023d71178800 JavaThread "Asynchronous log dispatcher for DefaultDaemonConnection: socket connection from /127.0.0.1:54666 to /127.0.0.1:54667" [_thread_blocked, id=11316, stack(0x0000007c96a00000,0x0000007c96b00000)]
  0x0000023d7023c800 JavaThread "Daemon client event forwarder" [_thread_blocked, id=9448, stack(0x0000007c96c00000,0x0000007c96d00000)]
  0x0000023d7023d000 JavaThread "Cache worker for journal cache (C:\Users\JOHN BATISTA\.gradle\caches\journal-1)" [_thread_blocked, id=18064, stack(0x0000007c96e00000,0x0000007c96f00000)]
  0x0000023d70243000 JavaThread "File lock request listener" [_thread_in_native, id=17980, stack(0x0000007c96f00000,0x0000007c97000000)]
  0x0000023d7023e000 JavaThread "Cache worker for file hash cache (C:\Users\JOHN BATISTA\.gradle\caches\7.2\fileHashes)" [_thread_blocked, id=9980, stack(0x0000007c97000000,0x0000007c97100000)]
  0x0000023d7023e800 JavaThread "Cache worker for file hash cache (C:\Users\JOHN BATISTA\AndroidStudioProjects\SportsApplication\.gradle\7.2\fileHashes)" [_thread_blocked, id=14696, stack(0x0000007c97200000,0x0000007c97300000)]
  0x0000023d7023f800 JavaThread "File watcher server" daemon [_thread_blocked, id=5564, stack(0x0000007c97300000,0x0000007c97400000)]
  0x0000023d70240800 JavaThread "File watcher consumer" daemon [_thread_blocked, id=2468, stack(0x0000007c97400000,0x0000007c97500000)]
  0x0000023d70241000 JavaThread "Cache worker for checksums cache (C:\Users\JOHN BATISTA\AndroidStudioProjects\SportsApplication\.gradle\checksums)" [_thread_blocked, id=7560, stack(0x0000007c97100000,0x0000007c97200000)]
  0x0000023d70242000 JavaThread "Cache worker for cache directory md-supplier (C:\Users\JOHN BATISTA\.gradle\caches\7.2\md-supplier)" [_thread_blocked, id=3392, stack(0x0000007c97500000,0x0000007c97600000)]
  0x0000023d72cad000 JavaThread "Cache worker for cache directory md-rule (C:\Users\JOHN BATISTA\.gradle\caches\7.2\md-rule)" [_thread_blocked, id=6052, stack(0x0000007c97700000,0x0000007c97800000)]
  0x0000023d72caf800 JavaThread "Cache worker for execution history cache (C:\Users\JOHN BATISTA\.gradle\caches\7.2\executionHistory)" [_thread_blocked, id=9764, stack(0x0000007c97600000,0x0000007c97700000)]
  0x0000023d72caa800 JavaThread "jar transforms" [_thread_blocked, id=16560, stack(0x0000007c97800000,0x0000007c97900000)]
  0x0000023d72cb1000 JavaThread "Cache worker for file content cache (C:\Users\JOHN BATISTA\.gradle\caches\7.2\fileContent)" [_thread_blocked, id=1364, stack(0x0000007c97a00000,0x0000007c97b00000)]
  0x0000023d72cab800 JavaThread "jar transforms Thread 2" [_thread_blocked, id=2308, stack(0x0000007c97b00000,0x0000007c97c00000)]
  0x0000023d72cb2000 JavaThread "Cache worker for dependencies-accessors (C:\Users\JOHN BATISTA\AndroidStudioProjects\SportsApplication\.gradle\7.2\dependencies-accessors)" [_thread_blocked, id=9052, stack(0x0000007c97c00000,0x0000007c97d00000)]
  0x0000023d72cb2800 JavaThread "jar transforms Thread 3" [_thread_blocked, id=15704, stack(0x0000007c97d00000,0x0000007c97e00000)]
  0x0000023d72cb3800 JavaThread "Cache worker for Build Output Cleanup Cache (C:\Users\JOHN BATISTA\AndroidStudioProjects\SportsApplication\.gradle\buildOutputCleanup)" [_thread_blocked, id=10344, stack(0x0000007c97900000,0x0000007c97a00000)]
  0x0000023d72cb4800 JavaThread "Unconstrained build operations" [_thread_blocked, id=11992, stack(0x0000007c97e00000,0x0000007c97f00000)]
  0x0000023d72cae800 JavaThread "Unconstrained build operations Thread 2" [_thread_blocked, id=7056, stack(0x0000007c97f00000,0x0000007c98000000)]
  0x0000023d72cb5000 JavaThread "Unconstrained build operations Thread 3" [_thread_blocked, id=13168, stack(0x0000007c98000000,0x0000007c98100000)]
  0x0000023d72cb7800 JavaThread "Unconstrained build operations Thread 4" [_thread_blocked, id=10016, stack(0x0000007c98100000,0x0000007c98200000)]
  0x0000023d72cb8800 JavaThread "Unconstrained build operations Thread 5" [_thread_blocked, id=16856, stack(0x0000007c98200000,0x0000007c98300000)]
  0x0000023d72cb6000 JavaThread "Unconstrained build operations Thread 6" [_thread_blocked, id=16464, stack(0x0000007c98300000,0x0000007c98400000)]
  0x0000023d72cb9000 JavaThread "Unconstrained build operations Thread 7" [_thread_blocked, id=16540, stack(0x0000007c98400000,0x0000007c98500000)]
  0x0000023d72cb7000 JavaThread "Unconstrained build operations Thread 8" [_thread_blocked, id=11852, stack(0x0000007c98500000,0x0000007c98600000)]
  0x0000023d73cee800 JavaThread "Unconstrained build operations Thread 9" [_thread_blocked, id=14180, stack(0x0000007c98600000,0x0000007c98700000)]
  0x0000023d73cef800 JavaThread "Unconstrained build operations Thread 10" [_thread_blocked, id=6620, stack(0x0000007c98700000,0x0000007c98800000)]
  0x0000023d73cf0000 JavaThread "Unconstrained build operations Thread 11" [_thread_blocked, id=16552, stack(0x0000007c98800000,0x0000007c98900000)]
  0x0000023d73cf1000 JavaThread "Unconstrained build operations Thread 12" [_thread_blocked, id=4796, stack(0x0000007c98900000,0x0000007c98a00000)]
  0x0000023d73ced800 JavaThread "Unconstrained build operations Thread 13" [_thread_blocked, id=1468, stack(0x0000007c98a00000,0x0000007c98b00000)]
  0x0000023d73cf1800 JavaThread "Unconstrained build operations Thread 14" [_thread_blocked, id=16884, stack(0x0000007c98b00000,0x0000007c98c00000)]
  0x0000023d73cec000 JavaThread "Unconstrained build operations Thread 15" [_thread_blocked, id=9616, stack(0x0000007c98c00000,0x0000007c98d00000)]
  0x0000023d73cf2800 JavaThread "Unconstrained build operations Thread 16" [_thread_blocked, id=13760, stack(0x0000007c98d00000,0x0000007c98e00000)]
  0x0000023d73ced000 JavaThread "Unconstrained build operations Thread 17" [_thread_blocked, id=5004, stack(0x0000007c98e00000,0x0000007c98f00000)]
  0x0000023d73cf7800 JavaThread "Unconstrained build operations Thread 18" [_thread_blocked, id=10264, stack(0x0000007c98f00000,0x0000007c99000000)]
  0x0000023d73cf3800 JavaThread "Unconstrained build operations Thread 19" [_thread_blocked, id=15068, stack(0x0000007c99000000,0x0000007c99100000)]
  0x0000023d73cf6000 JavaThread "Unconstrained build operations Thread 20" [_thread_blocked, id=1396, stack(0x0000007c99100000,0x0000007c99200000)]
  0x0000023d73cf6800 JavaThread "Unconstrained build operations Thread 21" [_thread_blocked, id=15036, stack(0x0000007c99200000,0x0000007c99300000)]
  0x0000023d73cf9000 JavaThread "Unconstrained build operations Thread 22" [_thread_blocked, id=7612, stack(0x0000007c99300000,0x0000007c99400000)]
  0x0000023d73cf8800 JavaThread "Unconstrained build operations Thread 23" [_thread_blocked, id=13032, stack(0x0000007c99400000,0x0000007c99500000)]
  0x0000023d73cfa000 JavaThread "Unconstrained build operations Thread 24" [_thread_blocked, id=13216, stack(0x0000007c99500000,0x0000007c99600000)]
  0x0000023d73cf4000 JavaThread "Unconstrained build operations Thread 25" [_thread_blocked, id=9144, stack(0x0000007c99600000,0x0000007c99700000)]
  0x0000023d73cfa800 JavaThread "Unconstrained build operations Thread 26" [_thread_blocked, id=17248, stack(0x0000007c99700000,0x0000007c99800000)]
  0x0000023d73cf5000 JavaThread "Unconstrained build operations Thread 27" [_thread_blocked, id=17704, stack(0x0000007c99800000,0x0000007c99900000)]
  0x0000023d705ed800 JavaThread "Unconstrained build operations Thread 28" [_thread_blocked, id=18228, stack(0x0000007c99900000,0x0000007c99a00000)]
  0x0000023d705f0000 JavaThread "Unconstrained build operations Thread 29" [_thread_blocked, id=16112, stack(0x0000007c99a00000,0x0000007c99b00000)]
  0x0000023d705eb000 JavaThread "Unconstrained build operations Thread 30" [_thread_blocked, id=9092, stack(0x0000007c99b00000,0x0000007c99c00000)]
  0x0000023d705ee000 JavaThread "Unconstrained build operations Thread 31" [_thread_blocked, id=2396, stack(0x0000007c99c00000,0x0000007c99d00000)]
  0x0000023d705ef000 JavaThread "Unconstrained build operations Thread 32" [_thread_blocked, id=15912, stack(0x0000007c99d00000,0x0000007c99e00000)]
  0x0000023d705ea000 JavaThread "Unconstrained build operations Thread 33" [_thread_blocked, id=1700, stack(0x0000007c99e00000,0x0000007c99f00000)]
  0x0000023d705ec000 JavaThread "Unconstrained build operations Thread 34" [_thread_blocked, id=12368, stack(0x0000007c99f00000,0x0000007c9a000000)]
  0x0000023d705f2800 JavaThread "Unconstrained build operations Thread 35" [_thread_blocked, id=10268, stack(0x0000007c9a000000,0x0000007c9a100000)]
  0x0000023d705ec800 JavaThread "Unconstrained build operations Thread 36" [_thread_blocked, id=5460, stack(0x0000007c9a100000,0x0000007c9a200000)]
  0x0000023d705f1800 JavaThread "Unconstrained build operations Thread 37" [_thread_blocked, id=11840, stack(0x0000007c9a200000,0x0000007c9a300000)]
  0x0000023d705f4800 JavaThread "Unconstrained build operations Thread 38" [_thread_blocked, id=12836, stack(0x0000007c9a300000,0x0000007c9a400000)]
  0x0000023d705f4000 JavaThread "Unconstrained build operations Thread 39" [_thread_blocked, id=17588, stack(0x0000007c9a400000,0x0000007c9a500000)]
  0x0000023d705f5800 JavaThread "Unconstrained build operations Thread 40" [_thread_blocked, id=10624, stack(0x0000007c9a500000,0x0000007c9a600000)]
  0x0000023d705f3000 JavaThread "jar transforms Thread 4" [_thread_blocked, id=10320, stack(0x0000007c9a600000,0x0000007c9a700000)]
  0x0000023d705f6800 JavaThread "Memory manager" [_thread_blocked, id=2908, stack(0x0000007c9aa00000,0x0000007c9ab00000)]
  0x0000023d705f0800 JavaThread "build event listener" [_thread_blocked, id=8252, stack(0x0000007c9ab00000,0x0000007c9ac00000)]
  0x0000023d705f7000 JavaThread "build event listener" [_thread_blocked, id=14024, stack(0x0000007c94e00000,0x0000007c94f00000)]
  0x0000023d705f8000 JavaThread "Execution worker for ':'" [_thread_blocked, id=11780, stack(0x0000007c94f00000,0x0000007c95000000)]
  0x0000023d79c50000 JavaThread "Execution worker for ':' Thread 2" [_thread_blocked, id=15568, stack(0x0000007c9a900000,0x0000007c9aa00000)]
  0x0000023d79c51800 JavaThread "Execution worker for ':' Thread 3" [_thread_blocked, id=3432, stack(0x0000007c9ac00000,0x0000007c9ad00000)]
  0x0000023d79c4f000 JavaThread "Cache worker for execution history cache (C:\Users\JOHN BATISTA\AndroidStudioProjects\SportsApplication\.gradle\7.2\executionHistory)" [_thread_blocked, id=15640, stack(0x0000007c9ad00000,0x0000007c9ae00000)]
  0x0000023d79c51000 JavaThread "WorkerExecutor Queue" [_thread_blocked, id=9824, stack(0x0000007c96b00000,0x0000007c96c00000)]
  0x0000023d79c4d800 JavaThread "WorkerExecutor Queue Thread 3" [_thread_blocked, id=18420, stack(0x0000007c9af00000,0x0000007c9b000000)]
  0x0000023d79c52800 JavaThread "WorkerExecutor Queue Thread 4" [_thread_blocked, id=14856, stack(0x0000007c9b000000,0x0000007c9b100000)]
  0x0000023d79c4d000 JavaThread "pool-3-thread-1" [_thread_blocked, id=17336, stack(0x0000007c94d00000,0x0000007c94e00000)]
  0x0000023d79c4e800 JavaThread "WorkerExecutor Queue Thread 5" [_thread_blocked, id=4676, stack(0x0000007c9ae00000,0x0000007c9af00000)]
  0x0000023d79c4c000 JavaThread "stderr" [_thread_in_native, id=3048, stack(0x0000007c9b200000,0x0000007c9b300000)]
  0x0000023d79c57800 JavaThread "stdout" [_thread_in_native, id=2652, stack(0x0000007c9b300000,0x0000007c9b400000)]
  0x0000023d79c54000 JavaThread "ForkJoinPool-1-worker-3" daemon [_thread_blocked, id=13872, stack(0x0000007c9b100000,0x0000007c9b200000)]
  0x0000023d79c58000 JavaThread "ForkJoinPool-1-worker-5" daemon [_thread_blocked, id=5916, stack(0x0000007c9b400000,0x0000007c9b500000)]
  0x0000023d79c56800 JavaThread "ForkJoinPool-1-worker-7" daemon [_thread_blocked, id=12484, stack(0x0000007c9b500000,0x0000007c9b600000)]
  0x0000023d79c59000 JavaThread "ForkJoinPool-1-worker-1" daemon [_thread_blocked, id=13572, stack(0x0000007c9b600000,0x0000007c9b700000)]
  0x0000023d7cd20000 JavaThread "C2 CompilerThread1" daemon [_thread_in_native, id=13408, stack(0x0000007c9b700000,0x0000007c9b800000)]

Other Threads:
=>0x0000023d6f6ac800 VMThread "VM Thread" [stack: 0x0000007c95600000,0x0000007c95700000] [id=15240]
  0x0000023d701b1000 WatcherThread [stack: 0x0000007c96000000,0x0000007c96100000] [id=11820]
  0x0000023d55ae7800 GCTaskThread "GC Thread#0" [stack: 0x0000007c95100000,0x0000007c95200000] [id=1220]
  0x0000023d70c3e800 GCTaskThread "GC Thread#1" [stack: 0x0000007c96100000,0x0000007c96200000] [id=17780]
  0x0000023d70c3f800 GCTaskThread "GC Thread#2" [stack: 0x0000007c96200000,0x0000007c96300000] [id=2504]
  0x0000023d70347800 GCTaskThread "GC Thread#3" [stack: 0x0000007c96d00000,0x0000007c96e00000] [id=8236]
  0x0000023d55b18000 ConcurrentGCThread "G1 Main Marker" [stack: 0x0000007c95200000,0x0000007c95300000] [id=13868]
  0x0000023d55b19800 ConcurrentGCThread "G1 Conc#0" [stack: 0x0000007c95300000,0x0000007c95400000] [id=11876]
  0x0000023d55b9e800 ConcurrentGCThread "G1 Refine#0" [stack: 0x0000007c95400000,0x0000007c95500000] [id=14712]
  0x0000023d6f500800 ConcurrentGCThread "G1 Young RemSet Sampling" [stack: 0x0000007c95500000,0x0000007c95600000] [id=12680]

Threads with active compile tasks:
C2 CompilerThread0 164480 22569       4       com.android.tools.r8.code.x1::a (4130 bytes)
C2 CompilerThread1 164480 22517       4       com.android.tools.r8.dex.r::a (1038 bytes)

VM state:at safepoint (normal execution)

VM Mutex/Monitor currently owned by a thread:  ([mutex/lock_event])
[0x0000023d55ac6c10] Threads_lock - owner thread: 0x0000023d6f6ac800
[0x0000023d55ac8830] Heap_lock - owner thread: 0x0000023d79c54000

Heap address: 0x0000000080000000, size: 2048 MB, Compressed Oops mode: 32-bit
Narrow klass base: 0x0000000000000000, Narrow klass shift: 3
Compressed class space size: 1073741824 Address: 0x0000000100000000

Heap:
 garbage-first heap   total 585728K, used 281088K [0x0000000080000000, 0x0000000100000000)
  region size 1024K, 6 young (6144K), 6 survivors (6144K)
 Metaspace       used 124716K, capacity 127781K, committed 128344K, reserved 1161216K
  class space    used 15562K, capacity 16737K, committed 16984K, reserved 1048576K
Heap Regions: E=young(eden), S=young(survivor), O=old, HS=humongous(starts), HC=humongous(continues), CS=collection set, F=free, A=archive, TAMS=top-at-mark-start (previous, next)
|   0|0x0000000080000000, 0x0000000080100000, 0x0000000080100000|100%|HS|  |TAMS 0x0000000080100000, 0x0000000080100000| Complete 
|   1|0x0000000080100000, 0x0000000080200000, 0x0000000080200000|100%|HC|  |TAMS 0x0000000080200000, 0x0000000080200000| Complete 
|   2|0x0000000080200000, 0x0000000080300000, 0x0000000080300000|100%|HC|  |TAMS 0x0000000080300000, 0x0000000080300000| Complete 
|   3|0x0000000080300000, 0x0000000080400000, 0x0000000080400000|100%| O|  |TAMS 0x0000000080400000, 0x0000000080400000| Untracked 
|   4|0x0000000080400000, 0x0000000080500000, 0x0000000080500000|100%| O|  |TAMS 0x0000000080500000, 0x0000000080500000| Untracked 
|   5|0x0000000080500000, 0x0000000080600000, 0x0000000080600000|100%| O|  |TAMS 0x0000000080600000, 0x0000000080600000| Untracked 
|   6|0x0000000080600000, 0x0000000080700000, 0x0000000080700000|100%| O|  |TAMS 0x0000000080700000, 0x0000000080700000| Untracked 
|   7|0x0000000080700000, 0x0000000080800000, 0x0000000080800000|100%| O|  |TAMS 0x0000000080800000, 0x0000000080800000| Untracked 
|   8|0x0000000080800000, 0x0000000080900000, 0x0000000080900000|100%| O|  |TAMS 0x0000000080900000, 0x0000000080900000| Untracked 
|   9|0x0000000080900000, 0x0000000080a00000, 0x0000000080a00000|100%| O|  |TAMS 0x0000000080a00000, 0x0000000080a00000| Untracked 
|  10|0x0000000080a00000, 0x0000000080b00000, 0x0000000080b00000|100%| O|  |TAMS 0x0000000080b00000, 0x0000000080b00000| Untracked 
|  11|0x0000000080b00000, 0x0000000080c00000, 0x0000000080c00000|100%| O|  |TAMS 0x0000000080c00000, 0x0000000080c00000| Untracked 
|  12|0x0000000080c00000, 0x0000000080d00000, 0x0000000080d00000|100%| O|  |TAMS 0x0000000080d00000, 0x0000000080d00000| Untracked 
|  13|0x0000000080d00000, 0x0000000080e00000, 0x0000000080e00000|100%| O|  |TAMS 0x0000000080e00000, 0x0000000080e00000| Untracked 
|  14|0x0000000080e00000, 0x0000000080f00000, 0x0000000080f00000|100%| O|  |TAMS 0x0000000080f00000, 0x0000000080f00000| Untracked 
|  15|0x0000000080f00000, 0x0000000081000000, 0x0000000081000000|100%| O|  |TAMS 0x0000000081000000, 0x0000000081000000| Untracked 
|  16|0x0000000081000000, 0x0000000081100000, 0x0000000081100000|100%| O|  |TAMS 0x0000000081100000, 0x0000000081100000| Untracked 
|  17|0x0000000081100000, 0x0000000081200000, 0x0000000081200000|100%| O|  |TAMS 0x0000000081200000, 0x0000000081200000| Untracked 
|  18|0x0000000081200000, 0x0000000081300000, 0x0000000081300000|100%| O|  |TAMS 0x0000000081300000, 0x0000000081300000| Untracked 
|  19|0x0000000081300000, 0x0000000081400000, 0x0000000081400000|100%| O|  |TAMS 0x0000000081400000, 0x0000000081400000| Untracked 
|  20|0x0000000081400000, 0x0000000081500000, 0x0000000081500000|100%| O|  |TAMS 0x0000000081500000, 0x0000000081500000| Untracked 
|  21|0x0000000081500000, 0x0000000081600000, 0x0000000081600000|100%| O|  |TAMS 0x0000000081600000, 0x0000000081600000| Untracked 
|  22|0x0000000081600000, 0x0000000081700000, 0x0000000081700000|100%| O|  |TAMS 0x0000000081700000, 0x0000000081700000| Untracked 
|  23|0x0000000081700000, 0x0000000081800000, 0x0000000081800000|100%| O|  |TAMS 0x0000000081800000, 0x0000000081800000| Untracked 
|  24|0x0000000081800000, 0x0000000081900000, 0x0000000081900000|100%| O|  |TAMS 0x0000000081900000, 0x0000000081900000| Untracked 
|  25|0x0000000081900000, 0x0000000081a00000, 0x0000000081a00000|100%| O|  |TAMS 0x0000000081a00000, 0x0000000081a00000| Untracked 
|  26|0x0000000081a00000, 0x0000000081b00000, 0x0000000081b00000|100%| O|  |TAMS 0x0000000081b00000, 0x0000000081b00000| Untracked 
|  27|0x0000000081b00000, 0x0000000081c00000, 0x0000000081c00000|100%|HS|  |TAMS 0x0000000081c00000, 0x0000000081c00000| Complete 
|  28|0x0000000081c00000, 0x0000000081d00000, 0x0000000081d00000|100%|HS|  |TAMS 0x0000000081d00000, 0x0000000081d00000| Complete 
|  29|0x0000000081d00000, 0x0000000081e00000, 0x0000000081e00000|100%|HS|  |TAMS 0x0000000081e00000, 0x0000000081e00000| Complete 
|  30|0x0000000081e00000, 0x0000000081f00000, 0x0000000081f00000|100%|HS|  |TAMS 0x0000000081f00000, 0x0000000081f00000| Complete 
|  31|0x0000000081f00000, 0x0000000082000000, 0x0000000082000000|100%|HS|  |TAMS 0x0000000082000000, 0x0000000082000000| Complete 
|  32|0x0000000082000000, 0x0000000082100000, 0x0000000082100000|100%|HC|  |TAMS 0x0000000082100000, 0x0000000082100000| Complete 
|  33|0x0000000082100000, 0x0000000082200000, 0x0000000082200000|100%|HC|  |TAMS 0x0000000082200000, 0x0000000082200000| Complete 
|  34|0x0000000082200000, 0x0000000082300000, 0x0000000082300000|100%|HS|  |TAMS 0x0000000082300000, 0x0000000082300000| Complete 
|  35|0x0000000082300000, 0x0000000082400000, 0x0000000082400000|100%|HC|  |TAMS 0x0000000082400000, 0x0000000082400000| Complete 
|  36|0x0000000082400000, 0x0000000082500000, 0x0000000082500000|100%| O|  |TAMS 0x0000000082500000, 0x0000000082500000| Untracked 
|  37|0x0000000082500000, 0x0000000082600000, 0x0000000082600000|100%| O|  |TAMS 0x0000000082600000, 0x0000000082600000| Untracked 
|  38|0x0000000082600000, 0x0000000082700000, 0x0000000082700000|100%| O|  |TAMS 0x0000000082700000, 0x0000000082700000| Untracked 
|  39|0x0000000082700000, 0x0000000082800000, 0x0000000082800000|100%| O|  |TAMS 0x0000000082800000, 0x0000000082800000| Untracked 
|  40|0x0000000082800000, 0x0000000082900000, 0x0000000082900000|100%| O|  |TAMS 0x0000000082900000, 0x0000000082900000| Untracked 
|  41|0x0000000082900000, 0x0000000082a00000, 0x0000000082a00000|100%| O|  |TAMS 0x0000000082a00000, 0x0000000082a00000| Untracked 
|  42|0x0000000082a00000, 0x0000000082b00000, 0x0000000082b00000|100%| O|  |TAMS 0x0000000082b00000, 0x0000000082b00000| Untracked 
|  43|0x0000000082b00000, 0x0000000082c00000, 0x0000000082c00000|100%| O|  |TAMS 0x0000000082c00000, 0x0000000082c00000| Untracked 
|  44|0x0000000082c00000, 0x0000000082d00000, 0x0000000082d00000|100%| O|  |TAMS 0x0000000082d00000, 0x0000000082d00000| Untracked 
|  45|0x0000000082d00000, 0x0000000082e00000, 0x0000000082e00000|100%| O|  |TAMS 0x0000000082e00000, 0x0000000082e00000| Untracked 
|  46|0x0000000082e00000, 0x0000000082f00000, 0x0000000082f00000|100%| O|  |TAMS 0x0000000082f00000, 0x0000000082f00000| Untracked 
|  47|0x0000000082f00000, 0x0000000083000000, 0x0000000083000000|100%| O|  |TAMS 0x0000000083000000, 0x0000000083000000| Untracked 
|  48|0x0000000083000000, 0x0000000083100000, 0x0000000083100000|100%| O|  |TAMS 0x0000000083100000, 0x0000000083100000| Untracked 
|  49|0x0000000083100000, 0x0000000083200000, 0x0000000083200000|100%| O|  |TAMS 0x0000000083200000, 0x0000000083200000| Untracked 
|  50|0x0000000083200000, 0x0000000083300000, 0x0000000083300000|100%| O|  |TAMS 0x0000000083300000, 0x0000000083300000| Untracked 
|  51|0x0000000083300000, 0x0000000083400000, 0x0000000083400000|100%| O|  |TAMS 0x0000000083400000, 0x0000000083400000| Untracked 
|  52|0x0000000083400000, 0x0000000083500000, 0x0000000083500000|100%|HS|  |TAMS 0x0000000083400000, 0x0000000083500000| Complete 
|  53|0x0000000083500000, 0x0000000083600000, 0x0000000083600000|100%| O|  |TAMS 0x0000000083600000, 0x0000000083600000| Untracked 
|  54|0x0000000083600000, 0x0000000083700000, 0x0000000083700000|100%| O|  |TAMS 0x0000000083700000, 0x0000000083700000| Untracked 
|  55|0x0000000083700000, 0x0000000083800000, 0x0000000083800000|100%| O|  |TAMS 0x0000000083800000, 0x0000000083800000| Untracked 
|  56|0x0000000083800000, 0x0000000083900000, 0x0000000083900000|100%| O|  |TAMS 0x0000000083900000, 0x0000000083900000| Untracked 
|  57|0x0000000083900000, 0x0000000083a00000, 0x0000000083a00000|100%| O|  |TAMS 0x0000000083a00000, 0x0000000083a00000| Untracked 
|  58|0x0000000083a00000, 0x0000000083b00000, 0x0000000083b00000|100%| O|  |TAMS 0x0000000083b00000, 0x0000000083b00000| Untracked 
|  59|0x0000000083b00000, 0x0000000083c00000, 0x0000000083c00000|100%| O|  |TAMS 0x0000000083c00000, 0x0000000083c00000| Untracked 
|  60|0x0000000083c00000, 0x0000000083d00000, 0x0000000083d00000|100%| O|  |TAMS 0x0000000083d00000, 0x0000000083d00000| Untracked 
|  61|0x0000000083d00000, 0x0000000083e00000, 0x0000000083e00000|100%| O|  |TAMS 0x0000000083e00000, 0x0000000083e00000| Untracked 
|  62|0x0000000083e00000, 0x0000000083f00000, 0x0000000083f00000|100%| O|  |TAMS 0x0000000083f00000, 0x0000000083f00000| Untracked 
|  63|0x0000000083f00000, 0x0000000084000000, 0x0000000084000000|100%| O|  |TAMS 0x0000000084000000, 0x0000000084000000| Untracked 
|  64|0x0000000084000000, 0x0000000084100000, 0x0000000084100000|100%| O|  |TAMS 0x0000000084100000, 0x0000000084100000| Untracked 
|  65|0x0000000084100000, 0x0000000084200000, 0x0000000084200000|100%| O|  |TAMS 0x0000000084200000, 0x0000000084200000| Untracked 
|  66|0x0000000084200000, 0x0000000084300000, 0x0000000084300000|100%| O|  |TAMS 0x0000000084300000, 0x0000000084300000| Untracked 
|  67|0x0000000084300000, 0x0000000084400000, 0x0000000084400000|100%| O|  |TAMS 0x0000000084400000, 0x0000000084400000| Untracked 
|  68|0x0000000084400000, 0x0000000084500000, 0x0000000084500000|100%| O|  |TAMS 0x0000000084500000, 0x0000000084500000| Untracked 
|  69|0x0000000084500000, 0x0000000084600000, 0x0000000084600000|100%| O|  |TAMS 0x0000000084600000, 0x0000000084600000| Untracked 
|  70|0x0000000084600000, 0x0000000084700000, 0x0000000084700000|100%| O|  |TAMS 0x0000000084700000, 0x0000000084700000| Untracked 
|  71|0x0000000084700000, 0x0000000084800000, 0x0000000084800000|100%| O|  |TAMS 0x0000000084800000, 0x0000000084800000| Untracked 
|  72|0x0000000084800000, 0x0000000084900000, 0x0000000084900000|100%| O|  |TAMS 0x0000000084900000, 0x0000000084900000| Untracked 
|  73|0x0000000084900000, 0x0000000084a00000, 0x0000000084a00000|100%| O|  |TAMS 0x0000000084a00000, 0x0000000084a00000| Untracked 
|  74|0x0000000084a00000, 0x0000000084b00000, 0x0000000084b00000|100%| O|  |TAMS 0x0000000084b00000, 0x0000000084b00000| Untracked 
|  75|0x0000000084b00000, 0x0000000084c00000, 0x0000000084c00000|100%| O|  |TAMS 0x0000000084c00000, 0x0000000084c00000| Untracked 
|  76|0x0000000084c00000, 0x0000000084d00000, 0x0000000084d00000|100%| O|  |TAMS 0x0000000084d00000, 0x0000000084d00000| Untracked 
|  77|0x0000000084d00000, 0x0000000084e00000, 0x0000000084e00000|100%| O|  |TAMS 0x0000000084e00000, 0x0000000084e00000| Untracked 
|  78|0x0000000084e00000, 0x0000000084f00000, 0x0000000084f00000|100%| O|  |TAMS 0x0000000084f00000, 0x0000000084f00000| Untracked 
|  79|0x0000000084f00000, 0x0000000085000000, 0x0000000085000000|100%| O|  |TAMS 0x0000000085000000, 0x0000000085000000| Untracked 
|  80|0x0000000085000000, 0x0000000085100000, 0x0000000085100000|100%| O|  |TAMS 0x0000000085100000, 0x0000000085100000| Untracked 
|  81|0x0000000085100000, 0x0000000085200000, 0x0000000085200000|100%| O|  |TAMS 0x0000000085200000, 0x0000000085200000| Untracked 
|  82|0x0000000085200000, 0x0000000085300000, 0x0000000085300000|100%| O|  |TAMS 0x0000000085300000, 0x0000000085300000| Untracked 
|  83|0x0000000085300000, 0x0000000085400000, 0x0000000085400000|100%| O|  |TAMS 0x0000000085400000, 0x0000000085400000| Untracked 
|  84|0x0000000085400000, 0x0000000085500000, 0x0000000085500000|100%| O|  |TAMS 0x0000000085500000, 0x0000000085500000| Untracked 
|  85|0x0000000085500000, 0x0000000085600000, 0x0000000085600000|100%| O|  |TAMS 0x0000000085600000, 0x0000000085600000| Untracked 
|  86|0x0000000085600000, 0x0000000085700000, 0x0000000085700000|100%| O|  |TAMS 0x0000000085700000, 0x0000000085700000| Untracked 
|  87|0x0000000085700000, 0x0000000085800000, 0x0000000085800000|100%| O|  |TAMS 0x0000000085700000, 0x0000000085800000| Untracked 
|  88|0x0000000085800000, 0x0000000085900000, 0x0000000085900000|100%| O|  |TAMS 0x0000000085900000, 0x0000000085900000| Untracked 
|  89|0x0000000085900000, 0x0000000085a00000, 0x0000000085a00000|100%| O|  |TAMS 0x0000000085a00000, 0x0000000085a00000| Untracked 
|  90|0x0000000085a00000, 0x0000000085b00000, 0x0000000085b00000|100%| O|  |TAMS 0x0000000085b00000, 0x0000000085b00000| Untracked 
|  91|0x0000000085b00000, 0x0000000085c00000, 0x0000000085c00000|100%|HS|  |TAMS 0x0000000085b00000, 0x0000000085c00000| Complete 
|  92|0x0000000085c00000, 0x0000000085d00000, 0x0000000085d00000|100%|HS|  |TAMS 0x0000000085c00000, 0x0000000085d00000| Complete 
|  93|0x0000000085d00000, 0x0000000085e00000, 0x0000000085e00000|100%| O|  |TAMS 0x0000000085e00000, 0x0000000085e00000| Untracked 
|  94|0x0000000085e00000, 0x0000000085f00000, 0x0000000085f00000|100%| O|  |TAMS 0x0000000085f00000, 0x0000000085f00000| Untracked 
|  95|0x0000000085f00000, 0x0000000086000000, 0x0000000086000000|100%| O|  |TAMS 0x0000000086000000, 0x0000000086000000| Untracked 
|  96|0x0000000086000000, 0x0000000086100000, 0x0000000086100000|100%| O|  |TAMS 0x0000000086100000, 0x0000000086100000| Untracked 
|  97|0x0000000086100000, 0x0000000086200000, 0x0000000086200000|100%| O|  |TAMS 0x0000000086200000, 0x0000000086200000| Untracked 
|  98|0x0000000086200000, 0x0000000086300000, 0x0000000086300000|100%| O|  |TAMS 0x0000000086300000, 0x0000000086300000| Untracked 
|  99|0x0000000086300000, 0x0000000086400000, 0x0000000086400000|100%| O|  |TAMS 0x0000000086400000, 0x0000000086400000| Untracked 
| 100|0x0000000086400000, 0x0000000086500000, 0x0000000086500000|100%| O|  |TAMS 0x0000000086500000, 0x0000000086500000| Untracked 
| 101|0x0000000086500000, 0x0000000086600000, 0x0000000086600000|100%| O|  |TAMS 0x0000000086600000, 0x0000000086600000| Untracked 
| 102|0x0000000086600000, 0x0000000086700000, 0x0000000086700000|100%| O|  |TAMS 0x0000000086700000, 0x0000000086700000| Untracked 
| 103|0x0000000086700000, 0x0000000086800000, 0x0000000086800000|100%| O|  |TAMS 0x0000000086800000, 0x0000000086800000| Untracked 
| 104|0x0000000086800000, 0x0000000086900000, 0x0000000086900000|100%| O|  |TAMS 0x0000000086900000, 0x0000000086900000| Untracked 
| 105|0x0000000086900000, 0x0000000086a00000, 0x0000000086a00000|100%| O|  |TAMS 0x0000000086a00000, 0x0000000086a00000| Untracked 
| 106|0x0000000086a00000, 0x0000000086b00000, 0x0000000086b00000|100%| O|  |TAMS 0x0000000086b00000, 0x0000000086b00000| Untracked 
| 107|0x0000000086b00000, 0x0000000086c00000, 0x0000000086c00000|100%| O|  |TAMS 0x0000000086c00000, 0x0000000086c00000| Untracked 
| 108|0x0000000086c00000, 0x0000000086d00000, 0x0000000086d00000|100%| O|  |TAMS 0x0000000086d00000, 0x0000000086d00000| Untracked 
| 109|0x0000000086d00000, 0x0000000086e00000, 0x0000000086e00000|100%| O|  |TAMS 0x0000000086d00000, 0x0000000086e00000| Untracked 
| 110|0x0000000086e00000, 0x0000000086f00000, 0x0000000086f00000|100%|HS|  |TAMS 0x0000000086e00000, 0x0000000086f00000| Complete 
| 111|0x0000000086f00000, 0x0000000087000000, 0x0000000087000000|100%| O|  |TAMS 0x0000000087000000, 0x0000000087000000| Untracked 
| 112|0x0000000087000000, 0x0000000087100000, 0x0000000087100000|100%| O|  |TAMS 0x0000000087100000, 0x0000000087100000| Untracked 
| 113|0x0000000087100000, 0x0000000087200000, 0x0000000087200000|100%| O|  |TAMS 0x0000000087200000, 0x0000000087200000| Untracked 
| 114|0x0000000087200000, 0x0000000087300000, 0x0000000087300000|100%|HS|  |TAMS 0x0000000087200000, 0x0000000087300000| Complete 
| 115|0x0000000087300000, 0x0000000087400000, 0x0000000087400000|100%| O|  |TAMS 0x0000000087400000, 0x0000000087400000| Untracked 
| 116|0x0000000087400000, 0x0000000087500000, 0x0000000087500000|100%| O|  |TAMS 0x0000000087500000, 0x0000000087500000| Untracked 
| 117|0x0000000087500000, 0x0000000087600000, 0x0000000087600000|100%| O|  |TAMS 0x0000000087500000, 0x0000000087600000| Untracked 
| 118|0x0000000087600000, 0x0000000087700000, 0x0000000087700000|100%|HS|  |TAMS 0x0000000087600000, 0x0000000087700000| Complete 
| 119|0x0000000087700000, 0x0000000087800000, 0x0000000087800000|100%| O|  |TAMS 0x0000000087800000, 0x0000000087800000| Untracked 
| 120|0x0000000087800000, 0x0000000087900000, 0x0000000087900000|100%| O|  |TAMS 0x0000000087800000, 0x0000000087900000| Untracked 
| 121|0x0000000087900000, 0x0000000087a00000, 0x0000000087a00000|100%|HS|  |TAMS 0x0000000087900000, 0x0000000087a00000| Complete 
| 122|0x0000000087a00000, 0x0000000087b00000, 0x0000000087b00000|100%| O|  |TAMS 0x0000000087b00000, 0x0000000087b00000| Untracked 
| 123|0x0000000087b00000, 0x0000000087c00000, 0x0000000087c00000|100%| O|  |TAMS 0x0000000087c00000, 0x0000000087c00000| Untracked 
| 124|0x0000000087c00000, 0x0000000087d00000, 0x0000000087d00000|100%| O|  |TAMS 0x0000000087d00000, 0x0000000087d00000| Untracked 
| 125|0x0000000087d00000, 0x0000000087e00000, 0x0000000087e00000|100%| O|  |TAMS 0x0000000087e00000, 0x0000000087e00000| Untracked 
| 126|0x0000000087e00000, 0x0000000087f00000, 0x0000000087f00000|100%| O|  |TAMS 0x0000000087f00000, 0x0000000087f00000| Untracked 
| 127|0x0000000087f00000, 0x0000000088000000, 0x0000000088000000|100%|HS|  |TAMS 0x0000000087f00000, 0x0000000088000000| Complete 
| 128|0x0000000088000000, 0x0000000088100000, 0x0000000088100000|100%|HC|  |TAMS 0x0000000088000000, 0x0000000088100000| Complete 
| 129|0x0000000088100000, 0x0000000088200000, 0x0000000088200000|100%| O|  |TAMS 0x0000000088200000, 0x0000000088200000| Untracked 
| 130|0x0000000088200000, 0x0000000088300000, 0x0000000088300000|100%| O|  |TAMS 0x0000000088300000, 0x0000000088300000| Untracked 
| 131|0x0000000088300000, 0x0000000088400000, 0x0000000088400000|100%|HS|  |TAMS 0x0000000088300000, 0x0000000088400000| Complete 
| 132|0x0000000088400000, 0x0000000088500000, 0x0000000088500000|100%|HC|  |TAMS 0x0000000088400000, 0x0000000088500000| Complete 
| 133|0x0000000088500000, 0x0000000088600000, 0x0000000088600000|100%| O|  |TAMS 0x0000000088600000, 0x0000000088600000| Untracked 
| 134|0x0000000088600000, 0x0000000088700000, 0x0000000088700000|100%| O|  |TAMS 0x00000000886d5000, 0x0000000088700000| Untracked 
| 135|0x0000000088700000, 0x0000000088800000, 0x0000000088800000|100%|HS|  |TAMS 0x0000000088700000, 0x0000000088800000| Complete 
| 136|0x0000000088800000, 0x0000000088900000, 0x0000000088900000|100%|HC|  |TAMS 0x0000000088800000, 0x0000000088900000| Complete 
| 137|0x0000000088900000, 0x0000000088a00000, 0x0000000088a00000|100%|HS|  |TAMS 0x0000000088900000, 0x0000000088a00000| Complete 
| 138|0x0000000088a00000, 0x0000000088b00000, 0x0000000088b00000|100%|HC|  |TAMS 0x0000000088a00000, 0x0000000088b00000| Complete 
| 139|0x0000000088b00000, 0x0000000088c00000, 0x0000000088c00000|100%|HS|  |TAMS 0x0000000088b00000, 0x0000000088c00000| Complete 
| 140|0x0000000088c00000, 0x0000000088d00000, 0x0000000088d00000|100%|HC|  |TAMS 0x0000000088c00000, 0x0000000088d00000| Complete 
| 141|0x0000000088d00000, 0x0000000088e00000, 0x0000000088e00000|100%|HS|  |TAMS 0x0000000088d00000, 0x0000000088e00000| Complete 
| 142|0x0000000088e00000, 0x0000000088f00000, 0x0000000088f00000|100%|HS|  |TAMS 0x0000000088e00000, 0x0000000088f00000| Complete 
| 143|0x0000000088f00000, 0x0000000089000000, 0x0000000089000000|100%|HC|  |TAMS 0x0000000088f00000, 0x0000000089000000| Complete 
| 144|0x0000000089000000, 0x0000000089100000, 0x0000000089100000|100%|HS|  |TAMS 0x0000000089000000, 0x0000000089100000| Complete 
| 145|0x0000000089100000, 0x0000000089200000, 0x0000000089200000|100%|HC|  |TAMS 0x0000000089100000, 0x0000000089200000| Complete 
| 146|0x0000000089200000, 0x0000000089300000, 0x0000000089300000|100%|HC|  |TAMS 0x0000000089200000, 0x0000000089300000| Complete 
| 147|0x0000000089300000, 0x0000000089400000, 0x0000000089400000|100%|HS|  |TAMS 0x0000000089300000, 0x0000000089400000| Complete 
| 148|0x0000000089400000, 0x0000000089500000, 0x0000000089500000|100%|HS|  |TAMS 0x0000000089400000, 0x0000000089500000| Complete 
| 149|0x0000000089500000, 0x0000000089600000, 0x0000000089600000|100%|HC|  |TAMS 0x0000000089500000, 0x0000000089600000| Complete 
| 150|0x0000000089600000, 0x0000000089700000, 0x0000000089700000|100%| O|  |TAMS 0x0000000089600000, 0x0000000089700000| Untracked 
| 151|0x0000000089700000, 0x0000000089800000, 0x0000000089800000|100%| O|  |TAMS 0x0000000089700000, 0x0000000089800000| Untracked 
| 152|0x0000000089800000, 0x0000000089900000, 0x0000000089900000|100%|HS|  |TAMS 0x0000000089800000, 0x0000000089900000| Complete 
| 153|0x0000000089900000, 0x0000000089a00000, 0x0000000089a00000|100%|HC|  |TAMS 0x0000000089900000, 0x0000000089a00000| Complete 
| 154|0x0000000089a00000, 0x0000000089b00000, 0x0000000089b00000|100%| O|  |TAMS 0x0000000089a00000, 0x0000000089b00000| Untracked 
| 155|0x0000000089b00000, 0x0000000089c00000, 0x0000000089c00000|100%| O|  |TAMS 0x0000000089b00000, 0x0000000089c00000| Untracked 
| 156|0x0000000089c00000, 0x0000000089d00000, 0x0000000089d00000|100%|HS|  |TAMS 0x0000000089c00000, 0x0000000089d00000| Complete 
| 157|0x0000000089d00000, 0x0000000089e00000, 0x0000000089e00000|100%|HC|  |TAMS 0x0000000089d00000, 0x0000000089e00000| Complete 
| 158|0x0000000089e00000, 0x0000000089f00000, 0x0000000089f00000|100%| O|  |TAMS 0x0000000089e00000, 0x0000000089f00000| Untracked 
| 159|0x0000000089f00000, 0x000000008a000000, 0x000000008a000000|100%|HS|  |TAMS 0x0000000089f00000, 0x000000008a000000| Complete 
| 160|0x000000008a000000, 0x000000008a100000, 0x000000008a100000|100%| O|  |TAMS 0x000000008a000000, 0x000000008a100000| Untracked 
| 161|0x000000008a100000, 0x000000008a200000, 0x000000008a200000|100%| O|  |TAMS 0x000000008a100000, 0x000000008a200000| Untracked 
| 162|0x000000008a200000, 0x000000008a300000, 0x000000008a300000|100%|HS|  |TAMS 0x000000008a200000, 0x000000008a300000| Complete 
| 163|0x000000008a300000, 0x000000008a400000, 0x000000008a400000|100%|HC|  |TAMS 0x000000008a300000, 0x000000008a400000| Complete 
| 164|0x000000008a400000, 0x000000008a500000, 0x000000008a500000|100%| O|  |TAMS 0x000000008a400000, 0x000000008a500000| Untracked 
| 165|0x000000008a500000, 0x000000008a600000, 0x000000008a600000|100%| O|  |TAMS 0x000000008a500000, 0x000000008a600000| Untracked 
| 166|0x000000008a600000, 0x000000008a700000, 0x000000008a700000|100%|HS|  |TAMS 0x000000008a600000, 0x000000008a700000| Complete 
| 167|0x000000008a700000, 0x000000008a800000, 0x000000008a800000|100%|HC|  |TAMS 0x000000008a700000, 0x000000008a800000| Complete 
| 168|0x000000008a800000, 0x000000008a900000, 0x000000008a900000|100%| O|  |TAMS 0x000000008a800000, 0x000000008a900000| Untracked 
| 169|0x000000008a900000, 0x000000008aa00000, 0x000000008aa00000|100%|HS|  |TAMS 0x000000008a900000, 0x000000008aa00000| Complete 
| 170|0x000000008aa00000, 0x000000008ab00000, 0x000000008ab00000|100%| O|  |TAMS 0x000000008aa00000, 0x000000008ab00000| Untracked 
| 171|0x000000008ab00000, 0x000000008ac00000, 0x000000008ac00000|100%|HS|  |TAMS 0x000000008ab00000, 0x000000008ac00000| Complete 
| 172|0x000000008ac00000, 0x000000008ad00000, 0x000000008ad00000|100%| O|  |TAMS 0x000000008ac00000, 0x000000008ad00000| Untracked 
| 173|0x000000008ad00000, 0x000000008ae00000, 0x000000008ae00000|100%|HS|  |TAMS 0x000000008ad00000, 0x000000008ae00000| Complete 
| 174|0x000000008ae00000, 0x000000008af00000, 0x000000008af00000|100%| O|  |TAMS 0x000000008ae00000, 0x000000008af00000| Untracked 
| 175|0x000000008af00000, 0x000000008b000000, 0x000000008b000000|100%|HS|  |TAMS 0x000000008af00000, 0x000000008b000000| Complete 
| 176|0x000000008b000000, 0x000000008b100000, 0x000000008b100000|100%| O|  |TAMS 0x000000008b000000, 0x000000008b100000| Untracked 
| 177|0x000000008b100000, 0x000000008b200000, 0x000000008b200000|100%|HS|  |TAMS 0x000000008b100000, 0x000000008b200000| Complete 
| 178|0x000000008b200000, 0x000000008b300000, 0x000000008b300000|100%| O|  |TAMS 0x000000008b200000, 0x000000008b300000| Untracked 
| 179|0x000000008b300000, 0x000000008b400000, 0x000000008b400000|100%| O|  |TAMS 0x000000008b300000, 0x000000008b400000| Untracked 
| 180|0x000000008b400000, 0x000000008b500000, 0x000000008b500000|100%|HS|  |TAMS 0x000000008b400000, 0x000000008b500000| Complete 
| 181|0x000000008b500000, 0x000000008b600000, 0x000000008b600000|100%|HC|  |TAMS 0x000000008b500000, 0x000000008b600000| Complete 
| 182|0x000000008b600000, 0x000000008b700000, 0x000000008b700000|100%| O|  |TAMS 0x000000008b600000, 0x000000008b700000| Untracked 
| 183|0x000000008b700000, 0x000000008b800000, 0x000000008b800000|100%| O|  |TAMS 0x000000008b700000, 0x000000008b800000| Untracked 
| 184|0x000000008b800000, 0x000000008b900000, 0x000000008b900000|100%| O|  |TAMS 0x000000008b800000, 0x000000008b900000| Untracked 
| 185|0x000000008b900000, 0x000000008ba00000, 0x000000008ba00000|100%|HS|  |TAMS 0x000000008b900000, 0x000000008ba00000| Complete 
| 186|0x000000008ba00000, 0x000000008bb00000, 0x000000008bb00000|100%|HC|  |TAMS 0x000000008ba00000, 0x000000008bb00000| Complete 
| 187|0x000000008bb00000, 0x000000008bc00000, 0x000000008bc00000|100%|HC|  |TAMS 0x000000008bb00000, 0x000000008bc00000| Complete 
| 188|0x000000008bc00000, 0x000000008bd00000, 0x000000008bd00000|100%| O|  |TAMS 0x000000008bc00000, 0x000000008bd00000| Untracked 
| 189|0x000000008bd00000, 0x000000008be00000, 0x000000008be00000|100%|HS|  |TAMS 0x000000008bd00000, 0x000000008be00000| Complete 
| 190|0x000000008be00000, 0x000000008bf00000, 0x000000008bf00000|100%|HS|  |TAMS 0x000000008be00000, 0x000000008bf00000| Complete 
| 191|0x000000008bf00000, 0x000000008c000000, 0x000000008c000000|100%|HC|  |TAMS 0x000000008bf00000, 0x000000008c000000| Complete 
| 192|0x000000008c000000, 0x000000008c100000, 0x000000008c100000|100%|HS|  |TAMS 0x000000008c000000, 0x000000008c100000| Complete 
| 193|0x000000008c100000, 0x000000008c200000, 0x000000008c200000|100%|HC|  |TAMS 0x000000008c100000, 0x000000008c200000| Complete 
| 194|0x000000008c200000, 0x000000008c300000, 0x000000008c300000|100%| O|  |TAMS 0x000000008c200000, 0x000000008c300000| Untracked 
| 195|0x000000008c300000, 0x000000008c400000, 0x000000008c400000|100%| O|  |TAMS 0x000000008c300000, 0x000000008c400000| Untracked 
| 196|0x000000008c400000, 0x000000008c500000, 0x000000008c500000|100%| O|  |TAMS 0x000000008c400000, 0x000000008c500000| Untracked 
| 197|0x000000008c500000, 0x000000008c600000, 0x000000008c600000|100%| O|  |TAMS 0x000000008c500000, 0x000000008c600000| Untracked 
| 198|0x000000008c600000, 0x000000008c700000, 0x000000008c700000|100%| O|  |TAMS 0x000000008c600000, 0x000000008c700000| Untracked 
| 199|0x000000008c700000, 0x000000008c800000, 0x000000008c800000|100%| O|  |TAMS 0x000000008c700000, 0x000000008c800000| Untracked 
| 200|0x000000008c800000, 0x000000008c900000, 0x000000008c900000|100%| O|  |TAMS 0x000000008c800000, 0x000000008c900000| Untracked 
| 201|0x000000008c900000, 0x000000008ca00000, 0x000000008ca00000|100%| O|  |TAMS 0x000000008c900000, 0x000000008ca00000| Untracked 
| 202|0x000000008ca00000, 0x000000008cb00000, 0x000000008cb00000|100%| O|  |TAMS 0x000000008ca00000, 0x000000008cb00000| Untracked 
| 203|0x000000008cb00000, 0x000000008cc00000, 0x000000008cc00000|100%| O|  |TAMS 0x000000008cb00000, 0x000000008cc00000| Untracked 
| 204|0x000000008cc00000, 0x000000008cd00000, 0x000000008cd00000|100%| O|  |TAMS 0x000000008cc00000, 0x000000008cd00000| Untracked 
| 205|0x000000008cd00000, 0x000000008ce00000, 0x000000008ce00000|100%| O|  |TAMS 0x000000008cd00000, 0x000000008ce00000| Untracked 
| 206|0x000000008ce00000, 0x000000008cf00000, 0x000000008cf00000|100%| O|  |TAMS 0x000000008ce00000, 0x000000008cf00000| Untracked 
| 207|0x000000008cf00000, 0x000000008d000000, 0x000000008d000000|100%| O|  |TAMS 0x000000008cf00000, 0x000000008d000000| Untracked 
| 208|0x000000008d000000, 0x000000008d100000, 0x000000008d100000|100%| O|  |TAMS 0x000000008d000000, 0x000000008d100000| Untracked 
| 209|0x000000008d100000, 0x000000008d200000, 0x000000008d200000|100%| O|  |TAMS 0x000000008d100000, 0x000000008d200000| Untracked 
| 210|0x000000008d200000, 0x000000008d300000, 0x000000008d300000|100%| O|  |TAMS 0x000000008d200000, 0x000000008d300000| Untracked 
| 211|0x000000008d300000, 0x000000008d400000, 0x000000008d400000|100%| O|  |TAMS 0x000000008d300000, 0x000000008d400000| Untracked 
| 212|0x000000008d400000, 0x000000008d500000, 0x000000008d500000|100%| O|  |TAMS 0x000000008d400000, 0x000000008d500000| Untracked 
| 213|0x000000008d500000, 0x000000008d600000, 0x000000008d600000|100%| O|  |TAMS 0x000000008d500000, 0x000000008d600000| Untracked 
| 214|0x000000008d600000, 0x000000008d700000, 0x000000008d700000|100%| O|  |TAMS 0x000000008d600000, 0x000000008d700000| Untracked 
| 215|0x000000008d700000, 0x000000008d800000, 0x000000008d800000|100%| O|  |TAMS 0x000000008d700000, 0x000000008d800000| Untracked 
| 216|0x000000008d800000, 0x000000008d900000, 0x000000008d900000|100%| O|  |TAMS 0x000000008d800000, 0x000000008d900000| Untracked 
| 217|0x000000008d900000, 0x000000008da00000, 0x000000008da00000|100%| O|  |TAMS 0x000000008d900000, 0x000000008da00000| Untracked 
| 218|0x000000008da00000, 0x000000008db00000, 0x000000008db00000|100%| O|  |TAMS 0x000000008da00000, 0x000000008db00000| Untracked 
| 219|0x000000008db00000, 0x000000008dc00000, 0x000000008dc00000|100%| O|  |TAMS 0x000000008db00000, 0x000000008dc00000| Untracked 
| 220|0x000000008dc00000, 0x000000008dd00000, 0x000000008dd00000|100%| O|  |TAMS 0x000000008dc00000, 0x000000008dd00000| Untracked 
| 221|0x000000008dd00000, 0x000000008de00000, 0x000000008de00000|100%| O|  |TAMS 0x000000008dd00000, 0x000000008de00000| Untracked 
| 222|0x000000008de00000, 0x000000008df00000, 0x000000008df00000|100%| O|  |TAMS 0x000000008de00000, 0x000000008df00000| Untracked 
| 223|0x000000008df00000, 0x000000008e000000, 0x000000008e000000|100%| O|  |TAMS 0x000000008df00000, 0x000000008e000000| Untracked 
| 224|0x000000008e000000, 0x000000008e100000, 0x000000008e100000|100%| O|  |TAMS 0x000000008e000000, 0x000000008e100000| Untracked 
| 225|0x000000008e100000, 0x000000008e200000, 0x000000008e200000|100%| O|  |TAMS 0x000000008e100000, 0x000000008e200000| Untracked 
| 226|0x000000008e200000, 0x000000008e300000, 0x000000008e300000|100%| O|  |TAMS 0x000000008e200000, 0x000000008e300000| Untracked 
| 227|0x000000008e300000, 0x000000008e400000, 0x000000008e400000|100%| O|  |TAMS 0x000000008e300000, 0x000000008e400000| Untracked 
| 228|0x000000008e400000, 0x000000008e500000, 0x000000008e500000|100%| O|  |TAMS 0x000000008e400000, 0x000000008e500000| Untracked 
| 229|0x000000008e500000, 0x000000008e600000, 0x000000008e600000|100%| O|  |TAMS 0x000000008e500000, 0x000000008e600000| Untracked 
| 230|0x000000008e600000, 0x000000008e700000, 0x000000008e700000|100%| O|  |TAMS 0x000000008e600000, 0x000000008e700000| Untracked 
| 231|0x000000008e700000, 0x000000008e800000, 0x000000008e800000|100%| O|  |TAMS 0x000000008e700000, 0x000000008e800000| Untracked 
| 232|0x000000008e800000, 0x000000008e900000, 0x000000008e900000|100%| O|  |TAMS 0x000000008e800000, 0x000000008e900000| Untracked 
| 233|0x000000008e900000, 0x000000008ea00000, 0x000000008ea00000|100%| O|  |TAMS 0x000000008e900000, 0x000000008ea00000| Untracked 
| 234|0x000000008ea00000, 0x000000008eb00000, 0x000000008eb00000|100%| O|  |TAMS 0x000000008ea00000, 0x000000008eb00000| Untracked 
| 235|0x000000008eb00000, 0x000000008ec00000, 0x000000008ec00000|100%| O|  |TAMS 0x000000008eb00000, 0x000000008ec00000| Untracked 
| 236|0x000000008ec00000, 0x000000008ed00000, 0x000000008ed00000|100%| O|  |TAMS 0x000000008ec00000, 0x000000008ed00000| Untracked 
| 237|0x000000008ed00000, 0x000000008ee00000, 0x000000008ee00000|100%| O|  |TAMS 0x000000008ed00000, 0x000000008ee00000| Untracked 
| 238|0x000000008ee00000, 0x000000008ef00000, 0x000000008ef00000|100%| O|  |TAMS 0x000000008ee00000, 0x000000008ef00000| Untracked 
| 239|0x000000008ef00000, 0x000000008f000000, 0x000000008f000000|100%| O|  |TAMS 0x000000008ef00000, 0x000000008f000000| Untracked 
| 240|0x000000008f000000, 0x000000008f100000, 0x000000008f100000|100%| O|  |TAMS 0x000000008f000000, 0x000000008f100000| Untracked 
| 241|0x000000008f100000, 0x000000008f200000, 0x000000008f200000|100%| O|  |TAMS 0x000000008f100000, 0x000000008f200000| Untracked 
| 242|0x000000008f200000, 0x000000008f300000, 0x000000008f300000|100%| O|  |TAMS 0x000000008f200000, 0x000000008f300000| Untracked 
| 243|0x000000008f300000, 0x000000008f400000, 0x000000008f400000|100%| O|  |TAMS 0x000000008f300000, 0x000000008f400000| Untracked 
| 244|0x000000008f400000, 0x000000008f500000, 0x000000008f500000|100%| O|  |TAMS 0x000000008f400000, 0x000000008f500000| Untracked 
| 245|0x000000008f500000, 0x000000008f600000, 0x000000008f600000|100%| O|  |TAMS 0x000000008f500000, 0x000000008f600000| Untracked 
| 246|0x000000008f600000, 0x000000008f700000, 0x000000008f700000|100%| O|  |TAMS 0x000000008f600000, 0x000000008f700000| Untracked 
| 247|0x000000008f700000, 0x000000008f800000, 0x000000008f800000|100%| O|  |TAMS 0x000000008f700000, 0x000000008f800000| Untracked 
| 248|0x000000008f800000, 0x000000008f900000, 0x000000008f900000|100%| O|  |TAMS 0x000000008f800000, 0x000000008f900000| Untracked 
| 249|0x000000008f900000, 0x000000008fa00000, 0x000000008fa00000|100%| O|  |TAMS 0x000000008f900000, 0x000000008fa00000| Untracked 
| 250|0x000000008fa00000, 0x000000008fb00000, 0x000000008fb00000|100%| O|  |TAMS 0x000000008fa00000, 0x000000008fb00000| Untracked 
| 251|0x000000008fb00000, 0x000000008fc00000, 0x000000008fc00000|100%| O|  |TAMS 0x000000008fb00000, 0x000000008fc00000| Untracked 
| 252|0x000000008fc00000, 0x000000008fd00000, 0x000000008fd00000|100%| O|  |TAMS 0x000000008fc00000, 0x000000008fd00000| Untracked 
| 253|0x000000008fd00000, 0x000000008fe00000, 0x000000008fe00000|100%| O|  |TAMS 0x000000008fd00000, 0x000000008fe00000| Untracked 
| 254|0x000000008fe00000, 0x000000008ff00000, 0x000000008ff00000|100%| O|  |TAMS 0x000000008fe00000, 0x000000008ff00000| Untracked 
| 255|0x000000008ff00000, 0x000000008ff80000, 0x0000000090000000| 50%| O|  |TAMS 0x000000008ff00000, 0x000000008ff80000| Untracked 
| 256|0x0000000090000000, 0x0000000090000000, 0x0000000090100000|  0%| F|  |TAMS 0x0000000090000000, 0x0000000090000000| Untracked 
| 257|0x0000000090100000, 0x0000000090100000, 0x0000000090200000|  0%| F|  |TAMS 0x0000000090100000, 0x0000000090100000| Untracked 
| 258|0x0000000090200000, 0x0000000090200000, 0x0000000090300000|  0%| F|  |TAMS 0x0000000090200000, 0x0000000090200000| Untracked 
| 259|0x0000000090300000, 0x0000000090300000, 0x0000000090400000|  0%| F|  |TAMS 0x0000000090300000, 0x0000000090300000| Untracked 
| 260|0x0000000090400000, 0x0000000090400000, 0x0000000090500000|  0%| F|  |TAMS 0x0000000090400000, 0x0000000090400000| Untracked 
| 261|0x0000000090500000, 0x0000000090500000, 0x0000000090600000|  0%| F|  |TAMS 0x0000000090500000, 0x0000000090500000| Untracked 
| 262|0x0000000090600000, 0x0000000090600000, 0x0000000090700000|  0%| F|  |TAMS 0x0000000090600000, 0x0000000090600000| Untracked 
| 263|0x0000000090700000, 0x0000000090700000, 0x0000000090800000|  0%| F|  |TAMS 0x0000000090700000, 0x0000000090700000| Untracked 
| 264|0x0000000090800000, 0x0000000090800000, 0x0000000090900000|  0%| F|  |TAMS 0x0000000090800000, 0x0000000090800000| Untracked 
| 265|0x0000000090900000, 0x0000000090900000, 0x0000000090a00000|  0%| F|  |TAMS 0x0000000090900000, 0x0000000090900000| Untracked 
| 266|0x0000000090a00000, 0x0000000090a00000, 0x0000000090b00000|  0%| F|  |TAMS 0x0000000090a00000, 0x0000000090a00000| Untracked 
| 267|0x0000000090b00000, 0x0000000090b00000, 0x0000000090c00000|  0%| F|  |TAMS 0x0000000090b00000, 0x0000000090b00000| Untracked 
| 268|0x0000000090c00000, 0x0000000090c00000, 0x0000000090d00000|  0%| F|  |TAMS 0x0000000090c00000, 0x0000000090c00000| Untracked 
| 269|0x0000000090d00000, 0x0000000090d00000, 0x0000000090e00000|  0%| F|  |TAMS 0x0000000090d00000, 0x0000000090d00000| Untracked 
| 270|0x0000000090e00000, 0x0000000090e00000, 0x0000000090f00000|  0%| F|  |TAMS 0x0000000090e00000, 0x0000000090e00000| Untracked 
| 271|0x0000000090f00000, 0x0000000090f00000, 0x0000000091000000|  0%| F|  |TAMS 0x0000000090f00000, 0x0000000090f00000| Untracked 
| 272|0x0000000091000000, 0x0000000091000000, 0x0000000091100000|  0%| F|  |TAMS 0x0000000091000000, 0x0000000091000000| Untracked 
| 273|0x0000000091100000, 0x0000000091100000, 0x0000000091200000|  0%| F|  |TAMS 0x0000000091100000, 0x0000000091100000| Untracked 
| 274|0x0000000091200000, 0x0000000091200000, 0x0000000091300000|  0%| F|  |TAMS 0x0000000091200000, 0x0000000091200000| Untracked 
| 275|0x0000000091300000, 0x0000000091300000, 0x0000000091400000|  0%| F|  |TAMS 0x0000000091300000, 0x0000000091300000| Untracked 
| 276|0x0000000091400000, 0x0000000091400000, 0x0000000091500000|  0%| F|  |TAMS 0x0000000091400000, 0x0000000091400000| Untracked 
| 277|0x0000000091500000, 0x0000000091500000, 0x0000000091600000|  0%| F|  |TAMS 0x0000000091500000, 0x0000000091500000| Untracked 
| 278|0x0000000091600000, 0x0000000091600000, 0x0000000091700000|  0%| F|  |TAMS 0x0000000091600000, 0x0000000091600000| Untracked 
| 279|0x0000000091700000, 0x0000000091700000, 0x0000000091800000|  0%| F|  |TAMS 0x0000000091700000, 0x0000000091700000| Untracked 
| 280|0x0000000091800000, 0x0000000091800000, 0x0000000091900000|  0%| F|  |TAMS 0x0000000091800000, 0x0000000091800000| Untracked 
| 281|0x0000000091900000, 0x0000000091900000, 0x0000000091a00000|  0%| F|  |TAMS 0x0000000091900000, 0x0000000091900000| Untracked 
| 282|0x0000000091a00000, 0x0000000091a00000, 0x0000000091b00000|  0%| F|  |TAMS 0x0000000091a00000, 0x0000000091a00000| Untracked 
| 283|0x0000000091b00000, 0x0000000091b00000, 0x0000000091c00000|  0%| F|  |TAMS 0x0000000091b00000, 0x0000000091b00000| Untracked 
| 284|0x0000000091c00000, 0x0000000091c00000, 0x0000000091d00000|  0%| F|  |TAMS 0x0000000091c00000, 0x0000000091c00000| Untracked 
| 285|0x0000000091d00000, 0x0000000091d00000, 0x0000000091e00000|  0%| F|  |TAMS 0x0000000091d00000, 0x0000000091d00000| Untracked 
| 286|0x0000000091e00000, 0x0000000091e00000, 0x0000000091f00000|  0%| F|  |TAMS 0x0000000091e00000, 0x0000000091e00000| Untracked 
| 287|0x0000000091f00000, 0x0000000091f00000, 0x0000000092000000|  0%| F|  |TAMS 0x0000000091f00000, 0x0000000091f00000| Untracked 
| 288|0x0000000092000000, 0x0000000092000000, 0x0000000092100000|  0%| F|  |TAMS 0x0000000092000000, 0x0000000092000000| Untracked 
| 289|0x0000000092100000, 0x0000000092100000, 0x0000000092200000|  0%| F|  |TAMS 0x0000000092100000, 0x0000000092100000| Untracked 
| 290|0x0000000092200000, 0x0000000092200000, 0x0000000092300000|  0%| F|  |TAMS 0x0000000092200000, 0x0000000092200000| Untracked 
| 291|0x0000000092300000, 0x0000000092300000, 0x0000000092400000|  0%| F|  |TAMS 0x0000000092300000, 0x0000000092300000| Untracked 
| 292|0x0000000092400000, 0x0000000092400000, 0x0000000092500000|  0%| F|  |TAMS 0x0000000092400000, 0x0000000092400000| Untracked 
| 293|0x0000000092500000, 0x0000000092500000, 0x0000000092600000|  0%| F|  |TAMS 0x0000000092500000, 0x0000000092500000| Untracked 
| 294|0x0000000092600000, 0x0000000092600000, 0x0000000092700000|  0%| F|  |TAMS 0x0000000092600000, 0x0000000092600000| Untracked 
| 295|0x0000000092700000, 0x0000000092700000, 0x0000000092800000|  0%| F|  |TAMS 0x0000000092700000, 0x0000000092700000| Untracked 
| 296|0x0000000092800000, 0x0000000092800000, 0x0000000092900000|  0%| F|  |TAMS 0x0000000092800000, 0x0000000092800000| Untracked 
| 297|0x0000000092900000, 0x0000000092900000, 0x0000000092a00000|  0%| F|  |TAMS 0x0000000092900000, 0x0000000092900000| Untracked 
| 298|0x0000000092a00000, 0x0000000092a00000, 0x0000000092b00000|  0%| F|  |TAMS 0x0000000092a00000, 0x0000000092a00000| Untracked 
| 299|0x0000000092b00000, 0x0000000092b00000, 0x0000000092c00000|  0%| F|  |TAMS 0x0000000092b00000, 0x0000000092b00000| Untracked 
| 300|0x0000000092c00000, 0x0000000092c00000, 0x0000000092d00000|  0%| F|  |TAMS 0x0000000092c00000, 0x0000000092c00000| Untracked 
| 301|0x0000000092d00000, 0x0000000092e00000, 0x0000000092e00000|100%| S|CS|TAMS 0x0000000092d00000, 0x0000000092d00000| Complete 
| 302|0x0000000092e00000, 0x0000000092f00000, 0x0000000092f00000|100%| S|CS|TAMS 0x0000000092e00000, 0x0000000092e00000| Complete 
| 303|0x0000000092f00000, 0x0000000093000000, 0x0000000093000000|100%| S|CS|TAMS 0x0000000092f00000, 0x0000000092f00000| Complete 
| 304|0x0000000093000000, 0x0000000093100000, 0x0000000093100000|100%| S|CS|TAMS 0x0000000093000000, 0x0000000093000000| Complete 
| 305|0x0000000093100000, 0x0000000093200000, 0x0000000093200000|100%| S|CS|TAMS 0x0000000093100000, 0x0000000093100000| Complete 
| 306|0x0000000093200000, 0x0000000093300000, 0x0000000093300000|100%| S|CS|TAMS 0x0000000093200000, 0x0000000093200000| Complete 
| 307|0x0000000093300000, 0x0000000093300000, 0x0000000093400000|  0%| F|  |TAMS 0x0000000093300000, 0x0000000093300000| Untracked 
| 308|0x0000000093400000, 0x0000000093400000, 0x0000000093500000|  0%| F|  |TAMS 0x0000000093400000, 0x0000000093400000| Untracked 
| 309|0x0000000093500000, 0x0000000093500000, 0x0000000093600000|  0%| F|  |TAMS 0x0000000093500000, 0x0000000093500000| Untracked 
| 310|0x0000000093600000, 0x0000000093600000, 0x0000000093700000|  0%| F|  |TAMS 0x0000000093600000, 0x0000000093600000| Untracked 
| 311|0x0000000093700000, 0x0000000093700000, 0x0000000093800000|  0%| F|  |TAMS 0x0000000093700000, 0x0000000093700000| Untracked 
| 312|0x0000000093800000, 0x0000000093800000, 0x0000000093900000|  0%| F|  |TAMS 0x0000000093800000, 0x0000000093800000| Untracked 
| 313|0x0000000093900000, 0x0000000093900000, 0x0000000093a00000|  0%| F|  |TAMS 0x0000000093900000, 0x0000000093900000| Untracked 
| 314|0x0000000093a00000, 0x0000000093a00000, 0x0000000093b00000|  0%| F|  |TAMS 0x0000000093a00000, 0x0000000093a00000| Untracked 
| 315|0x0000000093b00000, 0x0000000093b00000, 0x0000000093c00000|  0%| F|  |TAMS 0x0000000093b00000, 0x0000000093b00000| Untracked 
| 316|0x0000000093c00000, 0x0000000093c00000, 0x0000000093d00000|  0%| F|  |TAMS 0x0000000093c00000, 0x0000000093c00000| Untracked 
| 317|0x0000000093d00000, 0x0000000093d00000, 0x0000000093e00000|  0%| F|  |TAMS 0x0000000093d00000, 0x0000000093d00000| Untracked 
| 318|0x0000000093e00000, 0x0000000093e00000, 0x0000000093f00000|  0%| F|  |TAMS 0x0000000093e00000, 0x0000000093e00000| Untracked 
| 319|0x0000000093f00000, 0x0000000093f00000, 0x0000000094000000|  0%| F|  |TAMS 0x0000000093f00000, 0x0000000093f00000| Untracked 
| 320|0x0000000094000000, 0x0000000094000000, 0x0000000094100000|  0%| F|  |TAMS 0x0000000094000000, 0x0000000094000000| Untracked 
| 321|0x0000000094100000, 0x0000000094100000, 0x0000000094200000|  0%| F|  |TAMS 0x0000000094100000, 0x0000000094100000| Untracked 
| 322|0x0000000094200000, 0x0000000094200000, 0x0000000094300000|  0%| F|  |TAMS 0x0000000094200000, 0x0000000094200000| Untracked 
| 323|0x0000000094300000, 0x0000000094300000, 0x0000000094400000|  0%| F|  |TAMS 0x0000000094300000, 0x0000000094300000| Untracked 
| 324|0x0000000094400000, 0x0000000094400000, 0x0000000094500000|  0%| F|  |TAMS 0x0000000094400000, 0x0000000094400000| Untracked 
| 325|0x0000000094500000, 0x0000000094500000, 0x0000000094600000|  0%| F|  |TAMS 0x0000000094500000, 0x0000000094500000| Untracked 
| 326|0x0000000094600000, 0x0000000094600000, 0x0000000094700000|  0%| F|  |TAMS 0x0000000094600000, 0x0000000094600000| Untracked 
| 327|0x0000000094700000, 0x0000000094700000, 0x0000000094800000|  0%| F|  |TAMS 0x0000000094700000, 0x0000000094700000| Untracked 
| 328|0x0000000094800000, 0x0000000094800000, 0x0000000094900000|  0%| F|  |TAMS 0x0000000094800000, 0x0000000094800000| Untracked 
| 329|0x0000000094900000, 0x0000000094900000, 0x0000000094a00000|  0%| F|  |TAMS 0x0000000094900000, 0x0000000094900000| Untracked 
| 330|0x0000000094a00000, 0x0000000094a00000, 0x0000000094b00000|  0%| F|  |TAMS 0x0000000094a00000, 0x0000000094a00000| Untracked 
| 331|0x0000000094b00000, 0x0000000094b00000, 0x0000000094c00000|  0%| F|  |TAMS 0x0000000094b00000, 0x0000000094b00000| Untracked 
| 332|0x0000000094c00000, 0x0000000094c00000, 0x0000000094d00000|  0%| F|  |TAMS 0x0000000094c00000, 0x0000000094c00000| Untracked 
| 333|0x0000000094d00000, 0x0000000094d00000, 0x0000000094e00000|  0%| F|  |TAMS 0x0000000094d00000, 0x0000000094d00000| Untracked 
| 334|0x0000000094e00000, 0x0000000094e00000, 0x0000000094f00000|  0%| F|  |TAMS 0x0000000094e00000, 0x0000000094e00000| Untracked 
| 335|0x0000000094f00000, 0x0000000094f00000, 0x0000000095000000|  0%| F|  |TAMS 0x0000000094f00000, 0x0000000094f00000| Untracked 
| 336|0x0000000095000000, 0x0000000095000000, 0x0000000095100000|  0%| F|  |TAMS 0x0000000095000000, 0x0000000095000000| Untracked 
| 337|0x0000000095100000, 0x0000000095100000, 0x0000000095200000|  0%| F|  |TAMS 0x0000000095100000, 0x0000000095100000| Untracked 
| 338|0x0000000095200000, 0x0000000095200000, 0x0000000095300000|  0%| F|  |TAMS 0x0000000095200000, 0x0000000095200000| Untracked 
| 339|0x0000000095300000, 0x0000000095400000, 0x0000000095400000|100%| O|  |TAMS 0x0000000095300000, 0x0000000095400000| Untracked 
| 340|0x0000000095400000, 0x0000000095500000, 0x0000000095500000|100%| O|  |TAMS 0x0000000095400000, 0x0000000095500000| Untracked 
| 341|0x0000000095500000, 0x0000000095600000, 0x0000000095600000|100%| O|  |TAMS 0x0000000095500000, 0x0000000095600000| Untracked 
| 342|0x0000000095600000, 0x0000000095700000, 0x0000000095700000|100%| O|  |TAMS 0x0000000095600000, 0x0000000095700000| Untracked 
| 343|0x0000000095700000, 0x0000000095800000, 0x0000000095800000|100%| O|  |TAMS 0x0000000095700000, 0x0000000095800000| Untracked 
| 344|0x0000000095800000, 0x0000000095900000, 0x0000000095900000|100%| O|  |TAMS 0x0000000095800000, 0x0000000095900000| Untracked 
| 345|0x0000000095900000, 0x0000000095a00000, 0x0000000095a00000|100%| O|  |TAMS 0x0000000095900000, 0x0000000095a00000| Untracked 
| 346|0x0000000095a00000, 0x0000000095b00000, 0x0000000095b00000|100%| O|  |TAMS 0x0000000095a00000, 0x0000000095b00000| Untracked 
| 347|0x0000000095b00000, 0x0000000095c00000, 0x0000000095c00000|100%| O|  |TAMS 0x0000000095b00000, 0x0000000095c00000| Untracked 
| 348|0x0000000095c00000, 0x0000000095d00000, 0x0000000095d00000|100%| O|  |TAMS 0x0000000095c00000, 0x0000000095d00000| Untracked 
| 349|0x0000000095d00000, 0x0000000095e00000, 0x0000000095e00000|100%| O|  |TAMS 0x0000000095d00000, 0x0000000095e00000| Untracked 
| 350|0x0000000095e00000, 0x0000000095f00000, 0x0000000095f00000|100%| O|  |TAMS 0x0000000095e00000, 0x0000000095f00000| Untracked 
| 351|0x0000000095f00000, 0x0000000096000000, 0x0000000096000000|100%| O|  |TAMS 0x0000000095f00000, 0x0000000096000000| Untracked 

Card table byte_map: [0x0000023d689c0000,0x0000023d68dc0000] _byte_map_base: 0x0000023d685c0000

Marking Bits (Prev, Next): (CMBitMap*) 0x0000023d55b0f508, (CMBitMap*) 0x0000023d55b0f540
 Prev Bits: [0x0000023d691c0000, 0x0000023d6b1c0000)
 Next Bits: [0x0000023d6b1c0000, 0x0000023d6d1c0000)

Polling page: 0x0000023d552a0000

Metaspace:

Usage:
  Non-class:    108.44 MB capacity,   106.60 MB ( 98%) used,     1.46 MB (  1%) free+waste,   392.81 KB ( <1%) overhead. 
      Class:     16.34 MB capacity,    15.20 MB ( 93%) used,  1006.48 KB (  6%) free+waste,   168.25 KB (  1%) overhead. 
       Both:    124.79 MB capacity,   121.79 MB ( 98%) used,     2.44 MB (  2%) free+waste,   561.06 KB ( <1%) overhead. 

Virtual space:
  Non-class space:      110.00 MB reserved,     108.75 MB ( 99%) committed 
      Class space:        1.00 GB reserved,      16.59 MB (  2%) committed 
             Both:        1.11 GB reserved,     125.34 MB ( 11%) committed 

Chunk freelists:
   Non-Class:  124.00 KB
       Class:  223.00 KB
        Both:  347.00 KB

MaxMetaspaceSize: 17179869184.00 GB
CompressedClassSpaceSize: 1.00 GB

CodeHeap 'non-profiled nmethods': size=120064Kb used=14649Kb max_used=14649Kb free=105414Kb
 bounds [0x0000023d61080000, 0x0000023d61ee0000, 0x0000023d685c0000]
CodeHeap 'profiled nmethods': size=120000Kb used=46027Kb max_used=46027Kb free=73973Kb
 bounds [0x0000023d59b50000, 0x0000023d5c940000, 0x0000023d61080000]
CodeHeap 'non-nmethods': size=5696Kb used=2355Kb max_used=2420Kb free=3340Kb
 bounds [0x0000023d595c0000, 0x0000023d59830000, 0x0000023d59b50000]
 total_blobs=21018 nmethods=20042 adapters=886
 compilation: enabled
              stopped_count=0, restarted_count=0
 full_count=0

Compilation events (20 events):
Event: 164.214 Thread 0x0000023d6f6e1800 22622       3       kotlin.reflect.jvm.internal.impl.metadata.ProtoBuf$Function::hasName (16 bytes)
Event: 164.214 Thread 0x0000023d6f6e1800 nmethod 22622 0x0000023d5b066390 code [0x0000023d5b066540, 0x0000023d5b066698]
Event: 164.214 Thread 0x0000023d6f6e1800 22623       3       kotlin.reflect.jvm.internal.impl.metadata.ProtoBuf$Function::hasTypeTable (20 bytes)
Event: 164.214 Thread 0x0000023d6f6e1800 nmethod 22623 0x0000023d5b0e2e90 code [0x0000023d5b0e3040, 0x0000023d5b0e31b8]
Event: 164.214 Thread 0x0000023d6f6e1800 22624       3       kotlin.reflect.jvm.internal.impl.metadata.ProtoBuf$Function::hasContract (20 bytes)
Event: 164.214 Thread 0x0000023d6f6e1800 nmethod 22624 0x0000023d5b0e2a10 code [0x0000023d5b0e2bc0, 0x0000023d5b0e2d38]
Event: 164.214 Thread 0x0000023d6f6e1800 22625       3       kotlin.reflect.jvm.internal.impl.metadata.ProtoBuf$Class::getFunction (14 bytes)
Event: 164.214 Thread 0x0000023d6f6e1800 nmethod 22625 0x0000023d5b106a10 code [0x0000023d5b106be0, 0x0000023d5b106e88]
Event: 164.214 Thread 0x0000023d6f6e1800 22616       3       kotlin.reflect.jvm.internal.impl.metadata.ProtoBuf$TypeTable::getType (14 bytes)
Event: 164.215 Thread 0x0000023d6f6e1800 nmethod 22616 0x0000023d5b137910 code [0x0000023d5b137ae0, 0x0000023d5b137d88]
Event: 164.215 Thread 0x0000023d6f6e1800 22613       3       kotlin.reflect.jvm.internal.impl.metadata.ProtoBuf$Annotation::hasId (16 bytes)
Event: 164.215 Thread 0x0000023d6f6e1800 nmethod 22613 0x0000023d5b075e90 code [0x0000023d5b076040, 0x0000023d5b076198]
Event: 164.215 Thread 0x0000023d6f6e1800 22617       3       kotlin.reflect.jvm.internal.impl.metadata.ProtoBuf$Constructor::getValueParameterCount (10 bytes)
Event: 164.215 Thread 0x0000023d6f6e1800 nmethod 22617 0x0000023d5b137490 code [0x0000023d5b137640, 0x0000023d5b137808]
Event: 164.215 Thread 0x0000023d6f6e1800 22626       1       kotlin.Triple::component1 (5 bytes)
Event: 164.215 Thread 0x0000023d6f6e1800 nmethod 22626 0x0000023d61890b90 code [0x0000023d61890d40, 0x0000023d61890df8]
Event: 164.215 Thread 0x0000023d6f6e1800 22627       1       kotlin.Triple::component2 (5 bytes)
Event: 164.215 Thread 0x0000023d6f6e1800 nmethod 22627 0x0000023d61890890 code [0x0000023d61890a40, 0x0000023d61890af8]
Event: 164.215 Thread 0x0000023d6f6e1800 22628       1       kotlin.Triple::getThird (5 bytes)
Event: 164.215 Thread 0x0000023d6f6e1800 nmethod 22628 0x0000023d61890590 code [0x0000023d61890740, 0x0000023d618907f8]

GC Heap History (20 events):
Event: 145.481 GC heap after
{Heap after GC invocations=114 (full 0):
 garbage-first heap   total 273408K, used 134579K [0x0000000080000000, 0x0000000100000000)
  region size 1024K, 2 young (2048K), 2 survivors (2048K)
 Metaspace       used 120659K, capacity 123575K, committed 124376K, reserved 1157120K
  class space    used 15151K, capacity 16295K, committed 16600K, reserved 1048576K
}
Event: 146.835 GC heap before
{Heap before GC invocations=115 (full 0):
 garbage-first heap   total 273408K, used 229811K [0x0000000080000000, 0x0000000100000000)
  region size 1024K, 92 young (94208K), 2 survivors (2048K)
 Metaspace       used 120886K, capacity 123797K, committed 124376K, reserved 1157120K
  class space    used 15157K, capacity 16305K, committed 16600K, reserved 1048576K
}
Event: 146.855 GC heap after
{Heap after GC invocations=116 (full 0):
 garbage-first heap   total 273408K, used 138337K [0x0000000080000000, 0x0000000100000000)
  region size 1024K, 4 young (4096K), 4 survivors (4096K)
 Metaspace       used 120886K, capacity 123797K, committed 124376K, reserved 1157120K
  class space    used 15157K, capacity 16305K, committed 16600K, reserved 1048576K
}
Event: 147.002 GC heap before
{Heap before GC invocations=116 (full 0):
 garbage-first heap   total 273408K, used 147553K [0x0000000080000000, 0x0000000100000000)
  region size 1024K, 13 young (13312K), 4 survivors (4096K)
 Metaspace       used 120906K, capacity 123862K, committed 124632K, reserved 1157120K
  class space    used 15160K, capacity 16305K, committed 16600K, reserved 1048576K
}
Event: 147.016 GC heap after
{Heap after GC invocations=117 (full 0):
 garbage-first heap   total 328704K, used 131388K [0x0000000080000000, 0x0000000100000000)
  region size 1024K, 1 young (1024K), 1 survivors (1024K)
 Metaspace       used 120906K, capacity 123862K, committed 124632K, reserved 1157120K
  class space    used 15160K, capacity 16305K, committed 16600K, reserved 1048576K
}
Event: 148.532 GC heap before
{Heap before GC invocations=117 (full 0):
 garbage-first heap   total 328704K, used 265532K [0x0000000080000000, 0x0000000100000000)
  region size 1024K, 132 young (135168K), 1 survivors (1024K)
 Metaspace       used 120924K, capacity 123866K, committed 124632K, reserved 1157120K
  class space    used 15160K, capacity 16306K, committed 16600K, reserved 1048576K
}
Event: 148.538 GC heap after
{Heap after GC invocations=118 (full 0):
 garbage-first heap   total 328704K, used 131622K [0x0000000080000000, 0x0000000100000000)
  region size 1024K, 1 young (1024K), 1 survivors (1024K)
 Metaspace       used 120924K, capacity 123866K, committed 124632K, reserved 1157120K
  class space    used 15160K, capacity 16306K, committed 16600K, reserved 1048576K
}
Event: 149.898 GC heap before
{Heap before GC invocations=118 (full 0):
 garbage-first heap   total 328704K, used 279078K [0x0000000080000000, 0x0000000100000000)
  region size 1024K, 145 young (148480K), 1 survivors (1024K)
 Metaspace       used 120950K, capacity 123871K, committed 124632K, reserved 1157120K
  class space    used 15162K, capacity 16308K, committed 16600K, reserved 1048576K
}
Event: 149.904 GC heap after
{Heap after GC invocations=119 (full 0):
 garbage-first heap   total 328704K, used 132305K [0x0000000080000000, 0x0000000100000000)
  region size 1024K, 2 young (2048K), 2 survivors (2048K)
 Metaspace       used 120950K, capacity 123871K, committed 124632K, reserved 1157120K
  class space    used 15162K, capacity 16308K, committed 16600K, reserved 1048576K
}
Event: 150.871 GC heap before
{Heap before GC invocations=119 (full 0):
 garbage-first heap   total 328704K, used 223441K [0x0000000080000000, 0x0000000100000000)
  region size 1024K, 92 young (94208K), 2 survivors (2048K)
 Metaspace       used 121062K, capacity 124021K, committed 124632K, reserved 1157120K
  class space    used 15162K, capacity 16308K, committed 16600K, reserved 1048576K
}
Event: 150.892 GC heap after
{Heap after GC invocations=120 (full 0):
 garbage-first heap   total 328704K, used 135178K [0x0000000080000000, 0x0000000100000000)
  region size 1024K, 5 young (5120K), 5 survivors (5120K)
 Metaspace       used 121062K, capacity 124021K, committed 124632K, reserved 1157120K
  class space    used 15162K, capacity 16308K, committed 16600K, reserved 1048576K
}
Event: 157.029 GC heap before
{Heap before GC invocations=121 (full 0):
 garbage-first heap   total 328704K, used 326666K [0x0000000080000000, 0x0000000100000000)
  region size 1024K, 127 young (130048K), 5 survivors (5120K)
 Metaspace       used 122497K, capacity 125551K, committed 126168K, reserved 1159168K
  class space    used 15329K, capacity 16485K, committed 16856K, reserved 1048576K
}
Event: 157.100 GC heap after
{Heap after GC invocations=122 (full 0):
 garbage-first heap   total 360448K, used 206700K [0x0000000080000000, 0x0000000100000000)
  region size 1024K, 18 young (18432K), 18 survivors (18432K)
 Metaspace       used 122497K, capacity 125551K, committed 126168K, reserved 1159168K
  class space    used 15329K, capacity 16485K, committed 16856K, reserved 1048576K
}
Event: 157.114 GC heap before
{Heap before GC invocations=122 (full 0):
 garbage-first heap   total 360448K, used 207724K [0x0000000080000000, 0x0000000100000000)
  region size 1024K, 19 young (19456K), 18 survivors (18432K)
 Metaspace       used 122497K, capacity 125551K, committed 126168K, reserved 1159168K
  class space    used 15329K, capacity 16485K, committed 16856K, reserved 1048576K
}
Event: 157.170 GC heap after
{Heap after GC invocations=123 (full 0):
 garbage-first heap   total 360448K, used 202041K [0x0000000080000000, 0x0000000100000000)
  region size 1024K, 2 young (2048K), 2 survivors (2048K)
 Metaspace       used 122497K, capacity 125551K, committed 126168K, reserved 1159168K
  class space    used 15329K, capacity 16485K, committed 16856K, reserved 1048576K
}
Event: 157.975 GC heap before
{Heap before GC invocations=123 (full 0):
 garbage-first heap   total 360448K, used 298297K [0x0000000080000000, 0x0000000100000000)
  region size 1024K, 91 young (93184K), 2 survivors (2048K)
 Metaspace       used 123970K, capacity 127006K, committed 127576K, reserved 1159168K
  class space    used 15506K, capacity 16673K, committed 16984K, reserved 1048576K
}
Event: 158.144 GC heap after
{Heap after GC invocations=124 (full 0):
 garbage-first heap   total 360448K, used 238471K [0x0000000080000000, 0x0000000100000000)
  region size 1024K, 12 young (12288K), 12 survivors (12288K)
 Metaspace       used 123970K, capacity 127006K, committed 127576K, reserved 1159168K
  class space    used 15506K, capacity 16673K, committed 16984K, reserved 1048576K
}
Event: 162.488 GC heap before
{Heap before GC invocations=124 (full 0):
 garbage-first heap   total 360448K, used 291719K [0x0000000080000000, 0x0000000100000000)
  region size 1024K, 65 young (66560K), 12 survivors (12288K)
 Metaspace       used 124524K, capacity 127555K, committed 128088K, reserved 1161216K
  class space    used 15548K, capacity 16705K, committed 16984K, reserved 1048576K
}
Event: 162.653 GC heap after
{Heap after GC invocations=125 (full 0):
 garbage-first heap   total 360448K, used 264192K [0x0000000080000000, 0x0000000100000000)
  region size 1024K, 9 young (9216K), 9 survivors (9216K)
 Metaspace       used 124524K, capacity 127555K, committed 128088K, reserved 1161216K
  class space    used 15548K, capacity 16705K, committed 16984K, reserved 1048576K
}
Event: 164.216 GC heap before
{Heap before GC invocations=125 (full 0):
 garbage-first heap   total 360448K, used 295936K [0x0000000080000000, 0x0000000100000000)
  region size 1024K, 41 young (41984K), 9 survivors (9216K)
 Metaspace       used 124716K, capacity 127781K, committed 128344K, reserved 1161216K
  class space    used 15562K, capacity 16737K, committed 16984K, reserved 1048576K
}

Deoptimization events (20 events):
Event: 164.160 Thread 0x0000023d79c59000 DEOPT PACKING pc=0x0000023d5c8f6af5 sp=0x0000007c9b6fe800
Event: 164.160 Thread 0x0000023d79c59000 DEOPT UNPACKING pc=0x0000023d595e6dde sp=0x0000007c9b6fde38 mode 0
Event: 164.165 Thread 0x0000023d79c59000 DEOPT PACKING pc=0x0000023d5c8f6af5 sp=0x0000007c9b6fe800
Event: 164.165 Thread 0x0000023d79c59000 DEOPT UNPACKING pc=0x0000023d595e6dde sp=0x0000007c9b6fde38 mode 0
Event: 164.168 Thread 0x0000023d79c58000 DEOPT PACKING pc=0x0000023d5c8f6af5 sp=0x0000007c9b4fec10
Event: 164.168 Thread 0x0000023d79c58000 DEOPT UNPACKING pc=0x0000023d595e6dde sp=0x0000007c9b4fe248 mode 0
Event: 164.171 Thread 0x0000023d79c58000 DEOPT PACKING pc=0x0000023d5c8f6af5 sp=0x0000007c9b4fec10
Event: 164.171 Thread 0x0000023d79c58000 DEOPT UNPACKING pc=0x0000023d595e6dde sp=0x0000007c9b4fe248 mode 0
Event: 164.176 Thread 0x0000023d79c58000 DEOPT PACKING pc=0x0000023d5c8f6af5 sp=0x0000007c9b4fec10
Event: 164.176 Thread 0x0000023d79c58000 DEOPT UNPACKING pc=0x0000023d595e6dde sp=0x0000007c9b4fe248 mode 0
Event: 164.184 Thread 0x0000023d79c58000 DEOPT PACKING pc=0x0000023d5c8f6af5 sp=0x0000007c9b4fec10
Event: 164.184 Thread 0x0000023d79c58000 DEOPT UNPACKING pc=0x0000023d595e6dde sp=0x0000007c9b4fe248 mode 0
Event: 164.192 Thread 0x0000023d79c50000 Uncommon trap: trap_request=0xffffff4d fr.pc=0x0000023d610dbfa0 relative=0x0000000000000260
Event: 164.192 Thread 0x0000023d79c50000 Uncommon trap: reason=unstable_if action=reinterpret pc=0x0000023d610dbfa0 method=kotlin.reflect.jvm.internal.impl.protobuf.CodedInputStream.readRawVarint32()I @ 10 c2
Event: 164.192 Thread 0x0000023d79c50000 DEOPT PACKING pc=0x0000023d610dbfa0 sp=0x0000007c9a9f6fa0
Event: 164.192 Thread 0x0000023d79c50000 DEOPT UNPACKING pc=0x0000023d595e662f sp=0x0000007c9a9f6ec8 mode 2
Event: 164.211 Thread 0x0000023d79c54000 DEOPT PACKING pc=0x0000023d5c8f6af5 sp=0x0000007c9b1fe7d0
Event: 164.212 Thread 0x0000023d79c54000 DEOPT UNPACKING pc=0x0000023d595e6dde sp=0x0000007c9b1fde08 mode 0
Event: 164.171 Thread 0x0000023d79c59000 DEOPT PACKING pc=0x0000023d5c8f6af5 sp=0x0000007c9b6fe800
Event: 164.216 Thread 0x0000023d79c59000 DEOPT UNPACKING pc=0x0000023d595e6dde sp=0x0000007c9b6fde38 mode 0

Classes redefined (0 events):
No events

Internal exceptions (20 events):
Event: 137.754 Thread 0x0000023d705eb000 Exception <a 'java/lang/NoSuchMethodError'{0x000000008b3ec228}: 'java.lang.Object java.lang.invoke.Invokers$Holder.linkToTargetMethod(java.lang.Object, java.lang.Object, java.lang.Object, int, java.lang.Object, java.lang.Object, java.lang.Object)'> (0x000000008b3ec228) thrown at [./src/hotspot/share/interpreter/linkResolver.cpp, line 773]
Event: 137.757 Thread 0x0000023d705eb000 Exception <a 'java/lang/NoSuchMethodError'{0x000000008b201bc0}: 'void java.lang.invoke.DirectMethodHandle$Holder.invokeStatic(java.lang.Object, java.lang.Object, java.lang.Object, java.lang.Object, java.lang.Object, java.lang.Object, java.lang.Object, java.lang.Object)'> (0x000000008b201bc0) thrown at [./src/hotspot/share/interpreter/linkResolver.cpp, line 773]
Event: 138.021 Thread 0x0000023d705eb000 Exception <a 'java/lang/IncompatibleClassChangeError'{0x000000008db17cc8}: Found class java.lang.Object, but interface was expected> (0x000000008db17cc8) thrown at [./src/hotspot/share/interpreter/linkResolver.cpp, line 839]
Event: 138.275 Thread 0x0000023d705eb000 Exception <a 'java/lang/NoSuchMethodError'{0x000000008d79a708}: 'void java.lang.invoke.DirectMethodHandle$Holder.invokeVirtual(java.lang.Object, java.lang.Object, int)'> (0x000000008d79a708) thrown at [./src/hotspot/share/interpreter/linkResolver.cpp, line 773]
Event: 138.411 Thread 0x0000023d705eb000 Exception <a 'sun/nio/fs/WindowsException'{0x000000008ce69f88}> (0x000000008ce69f88) thrown at [./src/hotspot/share/prims/jni.cpp, line 615]
Event: 138.422 Thread 0x0000023d705f4000 Exception <a 'sun/nio/fs/WindowsException'{0x000000008cfd7f28}> (0x000000008cfd7f28) thrown at [./src/hotspot/share/prims/jni.cpp, line 615]
Event: 138.871 Thread 0x0000023d705f4000 Exception <a 'sun/nio/fs/WindowsException'{0x000000008c4cae38}> (0x000000008c4cae38) thrown at [./src/hotspot/share/prims/jni.cpp, line 615]
Event: 140.032 Thread 0x0000023d705eb000 Exception <a 'sun/nio/fs/WindowsException'{0x000000008af24dd0}> (0x000000008af24dd0) thrown at [./src/hotspot/share/prims/jni.cpp, line 615]
Event: 141.556 Thread 0x0000023d705eb000 Exception <a 'sun/nio/fs/WindowsException'{0x000000008bcd6490}> (0x000000008bcd6490) thrown at [./src/hotspot/share/prims/jni.cpp, line 615]
Event: 142.227 Thread 0x0000023d705eb000 Exception <a 'sun/nio/fs/WindowsException'{0x000000008dac3f68}> (0x000000008dac3f68) thrown at [./src/hotspot/share/prims/jni.cpp, line 615]
Event: 142.242 Thread 0x0000023d705eb000 Exception <a 'sun/nio/fs/WindowsException'{0x000000008b0f15d0}> (0x000000008b0f15d0) thrown at [./src/hotspot/share/prims/jni.cpp, line 615]
Event: 143.069 Thread 0x0000023d705f4000 Exception <a 'sun/nio/fs/WindowsException'{0x000000008ba2f9c8}> (0x000000008ba2f9c8) thrown at [./src/hotspot/share/prims/jni.cpp, line 615]
Event: 143.366 Thread 0x0000023d73ced000 Exception <a 'sun/nio/fs/WindowsException'{0x000000008d99f1f8}> (0x000000008d99f1f8) thrown at [./src/hotspot/share/prims/jni.cpp, line 615]
Event: 145.174 Thread 0x0000023d73ced000 Exception <a 'java/lang/NoSuchMethodError'{0x000000008dcf89d8}: 'int java.lang.invoke.DirectMethodHandle$Holder.invokeInterface(java.lang.Object, java.lang.Object, int)'> (0x000000008dcf89d8) thrown at [./src/hotspot/share/interpreter/linkResolver.cpp, line 773]
Event: 146.867 Thread 0x0000023d73cf1800 Exception <a 'sun/nio/fs/WindowsException'{0x0000000090ae2048}> (0x0000000090ae2048) thrown at [./src/hotspot/share/prims/jni.cpp, line 615]
Event: 146.903 Thread 0x0000023d73cf1800 Implicit null exception at 0x0000023d618e3ee5 to 0x0000023d618e4230
Event: 151.192 Thread 0x0000023d73ced000 Exception <a 'sun/nio/fs/WindowsException'{0x0000000093c511d0}> (0x0000000093c511d0) thrown at [./src/hotspot/share/prims/jni.cpp, line 615]
Event: 153.886 Thread 0x0000023d79c51000 Exception <a 'sun/nio/fs/WindowsException'{0x0000000091877518}> (0x0000000091877518) thrown at [./src/hotspot/share/prims/jni.cpp, line 615]
Event: 153.886 Thread 0x0000023d79c51000 Exception <a 'sun/nio/fs/WindowsException'{0x0000000091877600}> (0x0000000091877600) thrown at [./src/hotspot/share/prims/jni.cpp, line 615]
Event: 155.699 Thread 0x0000023d79c4e800 Exception <a 'sun/nio/fs/WindowsException'{0x000000008fa8d0c0}> (0x000000008fa8d0c0) thrown at [./src/hotspot/share/prims/jni.cpp, line 615]

Events (20 events):
Event: 164.164 loading class kotlin/reflect/jvm/internal/impl/descriptors/impl/EmptyPackageFragmentDescriptor done
Event: 164.165 loading class kotlin/reflect/jvm/internal/impl/descriptors/impl/TypeParameterDescriptorImpl
Event: 164.165 loading class kotlin/reflect/jvm/internal/impl/descriptors/impl/TypeParameterDescriptorImpl done
Event: 164.171 loading class kotlin/reflect/jvm/internal/impl/builtins/DefaultBuiltIns$Companion
Event: 164.171 loading class kotlin/reflect/jvm/internal/impl/builtins/DefaultBuiltIns$Companion done
Event: 164.172 loading class kotlin/reflect/jvm/internal/impl/builtins/BuiltInsLoader
Event: 164.172 loading class kotlin/reflect/jvm/internal/impl/builtins/BuiltInsLoader done
Event: 164.173 loading class kotlin/reflect/jvm/internal/impl/builtins/BuiltInsLoader$Companion
Event: 164.173 loading class kotlin/reflect/jvm/internal/impl/builtins/BuiltInsLoader$Companion done
Event: 164.173 loading class kotlin/reflect/jvm/internal/impl/builtins/BuiltInsLoader$Companion$Instance$2
Event: 164.173 loading class kotlin/reflect/jvm/internal/impl/builtins/BuiltInsLoader$Companion$Instance$2 done
Event: 164.175 loading class kotlin/reflect/jvm/internal/impl/serialization/deserialization/builtins/BuiltInsLoaderImpl
Event: 164.175 loading class kotlin/reflect/jvm/internal/impl/serialization/deserialization/builtins/BuiltInsLoaderImpl done
Event: 164.177 loading class kotlin/reflect/jvm/internal/impl/descriptors/deserialization/PlatformDependentDeclarationFilter$NoPlatformDependent
Event: 164.177 loading class kotlin/reflect/jvm/internal/impl/descriptors/deserialization/PlatformDependentDeclarationFilter$NoPlatformDependent done
Event: 164.178 loading class kotlin/reflect/jvm/internal/impl/descriptors/deserialization/AdditionalClassPartsProvider$None
Event: 164.178 loading class kotlin/reflect/jvm/internal/impl/descriptors/deserialization/AdditionalClassPartsProvider$None done
Event: 164.178 loading class kotlin/reflect/jvm/internal/impl/serialization/deserialization/builtins/BuiltInsLoaderImpl$createPackageFragmentProvider$1
Event: 164.178 loading class kotlin/reflect/jvm/internal/impl/serialization/deserialization/builtins/BuiltInsLoaderImpl$createPackageFragmentProvider$1 done
Event: 164.216 Executing VM operation: G1CollectForAllocation


Dynamic libraries:
0x00007ff7323e0000 - 0x00007ff7323ea000 	C:\Program Files\Android\Android Studio New\jre\bin\java.exe
0x00007ffbc5380000 - 0x00007ffbc5570000 	C:\WINDOWS\SYSTEM32\ntdll.dll
0x00007ffbc3690000 - 0x00007ffbc3742000 	C:\WINDOWS\System32\KERNEL32.DLL
0x00007ffbc2490000 - 0x00007ffbc2735000 	C:\WINDOWS\System32\KERNELBASE.dll
0x00007ffbc2a60000 - 0x00007ffbc2b5a000 	C:\WINDOWS\System32\ucrtbase.dll
0x00007ffb9fad0000 - 0x00007ffb9fae7000 	C:\Program Files\Android\Android Studio New\jre\bin\VCRUNTIME140.dll
0x00007ffb9ef70000 - 0x00007ffb9ef89000 	C:\Program Files\Android\Android Studio New\jre\bin\jli.dll
0x00007ffbc51a0000 - 0x00007ffbc5334000 	C:\WINDOWS\System32\USER32.dll
0x00007ffbc2a30000 - 0x00007ffbc2a51000 	C:\WINDOWS\System32\win32u.dll
0x00007ffbc4fb0000 - 0x00007ffbc4fd6000 	C:\WINDOWS\System32\GDI32.dll
0x00007ffbc22f0000 - 0x00007ffbc2486000 	C:\WINDOWS\System32\gdi32full.dll
0x00007ffbc2770000 - 0x00007ffbc280e000 	C:\WINDOWS\System32\msvcp_win.dll
0x00007ffba7b80000 - 0x00007ffba7e04000 	C:\WINDOWS\WinSxS\amd64_microsoft.windows.common-controls_6595b64144ccf1df_6.0.18362.1256_none_9e7e379be45e40e2\COMCTL32.dll
0x00007ffbc5100000 - 0x00007ffbc519e000 	C:\WINDOWS\System32\msvcrt.dll
0x00007ffbc4550000 - 0x00007ffbc4886000 	C:\WINDOWS\System32\combase.dll
0x00007ffbc4fe0000 - 0x00007ffbc5100000 	C:\WINDOWS\System32\RPCRT4.dll
0x00007ffbc2b60000 - 0x00007ffbc2be1000 	C:\WINDOWS\System32\bcryptPrimitives.dll
0x00007ffbc3750000 - 0x00007ffbc377e000 	C:\WINDOWS\System32\IMM32.DLL
0x00007ffb8d3e0000 - 0x00007ffb8d47d000 	C:\Program Files\Android\Android Studio New\jre\bin\msvcp140.dll
0x00007ffb57710000 - 0x00007ffb581e5000 	C:\Program Files\Android\Android Studio New\jre\bin\server\jvm.dll
0x00007ffbc44a0000 - 0x00007ffbc4543000 	C:\WINDOWS\System32\ADVAPI32.dll
0x00007ffbc3440000 - 0x00007ffbc34d7000 	C:\WINDOWS\System32\sechost.dll
0x00007ffbc3430000 - 0x00007ffbc3438000 	C:\WINDOWS\System32\PSAPI.DLL
0x00007ffbbad50000 - 0x00007ffbbad59000 	C:\WINDOWS\SYSTEM32\WSOCK32.dll
0x00007ffbbbf00000 - 0x00007ffbbbf24000 	C:\WINDOWS\SYSTEM32\WINMM.dll
0x00007ffbb9280000 - 0x00007ffbb928a000 	C:\WINDOWS\SYSTEM32\VERSION.dll
0x00007ffbc3c20000 - 0x00007ffbc3c8f000 	C:\WINDOWS\System32\WS2_32.dll
0x00007ffbbbed0000 - 0x00007ffbbbefd000 	C:\WINDOWS\SYSTEM32\winmmbase.dll
0x00007ffbc33e0000 - 0x00007ffbc342a000 	C:\WINDOWS\System32\cfgmgr32.dll
0x00007ffbc2250000 - 0x00007ffbc2261000 	C:\WINDOWS\System32\kernel.appcore.dll
0x00007ffb90130000 - 0x00007ffb90141000 	C:\Program Files\Android\Android Studio New\jre\bin\verify.dll
0x00007ffbc0950000 - 0x00007ffbc0b44000 	C:\WINDOWS\SYSTEM32\DBGHELP.DLL
0x00007ffbb7500000 - 0x00007ffbb752a000 	C:\WINDOWS\SYSTEM32\dbgcore.DLL
0x00007ffb8ffe0000 - 0x00007ffb90009000 	C:\Program Files\Android\Android Studio New\jre\bin\java.dll
0x00007ffba81d0000 - 0x00007ffba81db000 	C:\Program Files\Android\Android Studio New\jre\bin\jimage.dll
0x00007ffb90110000 - 0x00007ffb90128000 	C:\Program Files\Android\Android Studio New\jre\bin\zip.dll
0x00007ffbc3db0000 - 0x00007ffbc4497000 	C:\WINDOWS\System32\SHELL32.dll
0x00007ffbc3780000 - 0x00007ffbc3829000 	C:\WINDOWS\System32\shcore.dll
0x00007ffbc2c50000 - 0x00007ffbc33d1000 	C:\WINDOWS\System32\windows.storage.dll
0x00007ffbc22c0000 - 0x00007ffbc22e3000 	C:\WINDOWS\System32\profapi.dll
0x00007ffbc2270000 - 0x00007ffbc22ba000 	C:\WINDOWS\System32\powrprof.dll
0x00007ffbc2220000 - 0x00007ffbc2230000 	C:\WINDOWS\System32\UMPDC.dll
0x00007ffbc3980000 - 0x00007ffbc39d2000 	C:\WINDOWS\System32\shlwapi.dll
0x00007ffbc2810000 - 0x00007ffbc2827000 	C:\WINDOWS\System32\cryptsp.dll
0x00007ffb8f330000 - 0x00007ffb8f34a000 	C:\Program Files\Android\Android Studio New\jre\bin\net.dll
0x00007ffbb56e0000 - 0x00007ffbb57d0000 	C:\WINDOWS\SYSTEM32\WINHTTP.dll
0x00007ffbc1a10000 - 0x00007ffbc1a77000 	C:\WINDOWS\system32\mswsock.dll
0x00007ffb8dca0000 - 0x00007ffb8dcb4000 	C:\Program Files\Android\Android Studio New\jre\bin\nio.dll
0x00007ffb9ef30000 - 0x00007ffb9ef57000 	C:\Users\JOHN BATISTA\.gradle\native\e1d6ef7f7dcc3fd88c89a11ec53ec762bb8ba0a96d01ffa2cd45eb1d1d8dd5c5\windows-amd64\native-platform.dll
0x00007ffb8b780000 - 0x00007ffb8b8c4000 	C:\Users\JOHN BATISTA\.gradle\native\5664cfc778a61ccfe75a443a1ab52a65af34e5dc3c78e0209fed803814484fcb\windows-amd64\native-platform-file-events.dll
0x00007ffba3980000 - 0x00007ffba398a000 	C:\Program Files\Android\Android Studio New\jre\bin\management.dll
0x00007ffb9ded0000 - 0x00007ffb9dedd000 	C:\Program Files\Android\Android Studio New\jre\bin\management_ext.dll
0x00007ffbc1580000 - 0x00007ffbc15b3000 	C:\WINDOWS\system32\rsaenh.dll
0x00007ffbc2740000 - 0x00007ffbc2766000 	C:\WINDOWS\System32\bcrypt.dll
0x00007ffbc2140000 - 0x00007ffbc2165000 	C:\WINDOWS\SYSTEM32\USERENV.dll
0x00007ffbc1be0000 - 0x00007ffbc1bec000 	C:\WINDOWS\SYSTEM32\CRYPTBASE.dll
0x00007ffbc1720000 - 0x00007ffbc175a000 	C:\WINDOWS\SYSTEM32\IPHLPAPI.DLL
0x00007ffbc3970000 - 0x00007ffbc3978000 	C:\WINDOWS\System32\NSI.dll
0x00007ffbb7780000 - 0x00007ffbb7796000 	C:\WINDOWS\SYSTEM32\dhcpcsvc6.DLL
0x00007ffbb7760000 - 0x00007ffbb777c000 	C:\WINDOWS\SYSTEM32\dhcpcsvc.DLL
0x00007ffbc1770000 - 0x00007ffbc183b000 	C:\WINDOWS\SYSTEM32\DNSAPI.dll
0x00007ffbc1260000 - 0x00007ffbc1291000 	C:\WINDOWS\SYSTEM32\ntmarta.dll
0x00007ffbbc5c0000 - 0x00007ffbbc64f000 	C:\WINDOWS\system32\apphelp.dll

dbghelp: loaded successfully - version: 4.0.5 - missing functions: none
symbol engine: initialized successfully - sym options: 0x614 - pdb path: .;C:\Program Files\Android\Android Studio New\jre\bin;C:\WINDOWS\SYSTEM32;C:\WINDOWS\WinSxS\amd64_microsoft.windows.common-controls_6595b64144ccf1df_6.0.18362.1256_none_9e7e379be45e40e2;C:\Program Files\Android\Android Studio New\jre\bin\server;C:\Users\JOHN BATISTA\.gradle\native\e1d6ef7f7dcc3fd88c89a11ec53ec762bb8ba0a96d01ffa2cd45eb1d1d8dd5c5\windows-amd64;C:\Users\JOHN BATISTA\.gradle\native\5664cfc778a61ccfe75a443a1ab52a65af34e5dc3c78e0209fed803814484fcb\windows-amd64

VM Arguments:
jvm_args: --add-opens=java.base/java.util=ALL-UNNAMED --add-opens=java.base/java.lang=ALL-UNNAMED --add-opens=java.base/java.lang.invoke=ALL-UNNAMED --add-opens=java.base/java.util=ALL-UNNAMED --add-opens=java.prefs/java.util.prefs=ALL-UNNAMED --add-opens=java.prefs/java.util.prefs=ALL-UNNAMED --add-opens=java.base/java.nio.charset=ALL-UNNAMED --add-opens=java.base/java.net=ALL-UNNAMED --add-opens=java.base/java.util.concurrent.atomic=ALL-UNNAMED -Xmx2048m -Dfile.encoding=UTF-8 -Duser.country=US -Duser.language=en -Duser.variant 
java_command: org.gradle.launcher.daemon.bootstrap.GradleDaemon 7.2
java_class_path (initial): C:\Users\JOHN BATISTA\.gradle\wrapper\dists\gradle-7.2-bin\2dnblmf4td7x66yl1d74lt32g\gradle-7.2\lib\gradle-launcher-7.2.jar
Launcher Type: SUN_STANDARD

[Global flags]
     intx CICompilerCount                          = 3                                         {product} {ergonomic}
     uint ConcGCThreads                            = 1                                         {product} {ergonomic}
     uint G1ConcRefinementThreads                  = 4                                         {product} {ergonomic}
   size_t G1HeapRegionSize                         = 1048576                                   {product} {ergonomic}
    uintx GCDrainStackTargetSize                   = 64                                        {product} {ergonomic}
   size_t InitialHeapSize                          = 134217728                                 {product} {ergonomic}
   size_t MarkStackSize                            = 4194304                                   {product} {ergonomic}
   size_t MaxHeapSize                              = 2147483648                                {product} {command line}
   size_t MaxNewSize                               = 1287651328                                {product} {ergonomic}
   size_t MinHeapDeltaBytes                        = 1048576                                   {product} {ergonomic}
    uintx NonNMethodCodeHeapSize                   = 5830732                                {pd product} {ergonomic}
    uintx NonProfiledCodeHeapSize                  = 122913754                              {pd product} {ergonomic}
    uintx ProfiledCodeHeapSize                     = 122913754                              {pd product} {ergonomic}
    uintx ReservedCodeCacheSize                    = 251658240                              {pd product} {ergonomic}
     bool SegmentedCodeCache                       = true                                      {product} {ergonomic}
     bool UseCompressedClassPointers               = true                                 {lp64_product} {ergonomic}
     bool UseCompressedOops                        = true                                 {lp64_product} {ergonomic}
     bool UseG1GC                                  = true                                      {product} {ergonomic}
     bool UseLargePagesIndividualAllocation        = false                                  {pd product} {ergonomic}

Logging:
Log output configuration:
 #0: stdout all=warning uptime,level,tags
 #1: stderr all=off uptime,level,tags

Environment Variables:
JAVA_HOME=C:\Program Files\Java\jdk-15.0.1
PATH=C:\Program Files\Java\jdk-15.0.1\bin;C:\Program Files\Git\cmd;C:\Program Files\PuTTY\;C:\Program Files\MATLAB\R2013a\runtime\win64;C:\Program Files\MATLAB\R2013a\bin;C:\Program Files\Microsoft VS Code\bin;C:\nodejs\;C:\Users\JOHN BATISTA\AppData\Local\Programs\Python\Python310\Scripts;C:\Users\JOHN BATISTA\AppData\Local\Programs\Python\Python310\Scripts\;C:\Users\JOHN BATISTA\AppData\Local\Programs\Python\Python310\;C:\Users\JOHN BATISTA\AppData\Roaming\npm;
USERNAME=JOHN BATISTA
OS=Windows_NT
PROCESSOR_IDENTIFIER=Intel64 Family 6 Model 142 Stepping 9, GenuineIntel



---------------  S Y S T E M  ---------------

OS: Windows 10 , 64 bit Build 18362 (10.0.18362.1110)
OS uptime: 3 days 14:12 hours

CPU:total 4 (initial active 4) (2 cores per cpu, 2 threads per core) family 6 model 142 stepping 9 microcode 0x8e, cmov, cx8, fxsr, mmx, sse, sse2, sse3, ssse3, sse4.1, sse4.2, popcnt, avx, avx2, aes, clmul, erms, 3dnowpref, lzcnt, ht, tsc, tscinvbit, bmi1, bmi2, adx, fma

Memory: 4k page, system-wide physical 8107M (752M free)
TotalPageFile size 20395M (AvailPageFile size 170M)
current process WorkingSet (physical memory assigned to process): 735M, peak: 742M
current process commit charge ("private bytes"): 775M, peak: 994M

vm_info: OpenJDK 64-Bit Server VM (11.0.11+9-b60-7590822) for windows-amd64 JRE (11.0.11+9-b60-7590822), built on Jul 29 2021 21:43:44 by "builder" with MS VC++ 14.0 (VS2015)

END.
