#
# There is insufficient memory for the Java Runtime Environment to continue.
# Native memory allocation (mmap) failed to map 111149056 bytes for Failed to commit area from 0x0000000090b00000 to 0x0000000097500000 of length 111149056.
# Possible reasons:
#   The system is out of physical RAM or swap space
#   The process is running with CompressedOops enabled, and the Java Heap may be blocking the growth of the native heap
# Possible solutions:
#   Reduce memory load on the system
#   Increase physical memory or swap space
#   Check if swap backing store is full
#   Decrease Java heap size (-Xmx/-Xms)
#   Decrease number of Java threads
#   Decrease Java thread stack sizes (-Xss)
#   Set larger code cache with -XX:ReservedCodeCacheSize=
#   JVM is running with Unscaled Compressed Oops mode in which the Java heap is
#     placed in the first 4GB address space. The Java Heap base address is the
#     maximum limit for the native heap growth. Please use -XX:HeapBaseMinAddress
#     to set the Java Heap base and to place the Java Heap above 4GB virtual address.
# This output file may be truncated or incomplete.
#
#  Out of Memory Error (./src/hotspot/os/windows/os_windows.cpp:3301), pid=12436, tid=16536
#
# JRE version: OpenJDK Runtime Environment (11.0.11+9) (build 11.0.11+9-b60-7590822)
# Java VM: OpenJDK 64-Bit Server VM (11.0.11+9-b60-7590822, mixed mode, tiered, compressed oops, g1 gc, windows-amd64)
# No core dump will be written. Minidumps are not enabled by default on client versions of Windows
#

---------------  S U M M A R Y ------------

Command Line: --add-opens=java.base/java.util=ALL-UNNAMED --add-opens=java.base/java.lang=ALL-UNNAMED --add-opens=java.base/java.lang.invoke=ALL-UNNAMED --add-opens=java.base/java.util=ALL-UNNAMED --add-opens=java.prefs/java.util.prefs=ALL-UNNAMED --add-opens=java.prefs/java.util.prefs=ALL-UNNAMED --add-opens=java.base/java.nio.charset=ALL-UNNAMED --add-opens=java.base/java.net=ALL-UNNAMED --add-opens=java.base/java.util.concurrent.atomic=ALL-UNNAMED -Xmx2048m -Dfile.encoding=UTF-8 -Duser.country=US -Duser.language=en -Duser.variant org.gradle.launcher.daemon.bootstrap.GradleDaemon 7.2

Host: Intel(R) Core(TM) i3-7020U CPU @ 2.30GHz, 4 cores, 7G,  Windows 10 , 64 bit Build 18362 (10.0.18362.1110)
Time: Tue Jun 14 01:08:39 2022 UTC-11 elapsed time: 26.508524 seconds (0d 0h 0m 26s)

---------------  T H R E A D  ---------------

Current thread (0x000001c1ffe1f000):  VMThread "VM Thread" [stack: 0x0000008bdde00000,0x0000008bddf00000] [id=16536]

Stack: [0x0000008bdde00000,0x0000008bddf00000]
[error occurred during error reporting (printing stack bounds), id 0xc0000005, EXCEPTION_ACCESS_VIOLATION (0xc0000005) at pc=0x000001c180000f2d]

Native frames: (J=compiled Java code, j=interpreted, Vv=VM code, C=native code)
V  [jvm.dll+0x5f214a]
V  [jvm.dll+0x726fb5]
V  [jvm.dll+0x7285cd]
V  [jvm.dll+0x728be5]
V  [jvm.dll+0x728b9b]
V  [jvm.dll+0x5f14e8]
V  [jvm.dll+0x5f1c78]
C  [ntdll.dll+0xa184f]
C  [ntdll.dll+0x6a889]
C  [ntdll.dll+0xa04be]
C  0x000001c180000f2d

VM_Operation (0x0000008be39fd1a0): G1CollectForAllocation, mode: safepoint, requested by thread 0x000001c191a50000


---------------  P R O C E S S  ---------------

Threads class SMR info:
_java_thread_list=0x000001c194fc7600, length=89, elements={
0x000001c1f523f000, 0x000001c1ffe23000, 0x000001c1ffe2c000, 0x000001c1ffe3e000,
0x000001c1ffe3f000, 0x000001c1ffe41000, 0x000001c1ffe42000, 0x000001c1ffe4b800,
0x000001c1ffe56800, 0x000001c18f994000, 0x000001c1923a5000, 0x000001c1923a4000,
0x000001c1923a0800, 0x000001c19239f000, 0x000001c1923a1800, 0x000001c1923a5800,
0x000001c1923a0000, 0x000001c1923a2800, 0x000001c1923a3000, 0x000001c192897800,
0x000001c19289b000, 0x000001c192898800, 0x000001c192899800, 0x000001c192897000,
0x000001c19289a000, 0x000001c19289b800, 0x000001c192896000, 0x000001c19289c800,
0x000001c1928a3000, 0x000001c19289d800, 0x000001c19289f000, 0x000001c19289e000,
0x000001c193228000, 0x000001c19322a000, 0x000001c193227000, 0x000001c19322c800,
0x000001c193229800, 0x000001c19322d800, 0x000001c193228800, 0x000001c193230800,
0x000001c19322e800, 0x000001c19322f000, 0x000001c19322b000, 0x000001c193230000,
0x000001c19322c000, 0x000001c193235800, 0x000001c193234000, 0x000001c193235000,
0x000001c193231800, 0x000001c193232800, 0x000001c193233000, 0x000001c191c8f800,
0x000001c191c90800, 0x000001c191c8c800, 0x000001c191c93000, 0x000001c191c8d000,
0x000001c191c93800, 0x000001c191c8e000, 0x000001c191c91000, 0x000001c191c8e800,
0x000001c191c94800, 0x000001c191c97800, 0x000001c191c92000, 0x000001c191c99800,
0x000001c191c9a000, 0x000001c191c9b000, 0x000001c191c95800, 0x000001c191c98800,
0x000001c191c97000, 0x000001c191c96000, 0x000001c19349c800, 0x000001c193497800,
0x000001c19349a800, 0x000001c193498000, 0x000001c193496800, 0x000001c19349e000,
0x000001c19349e800, 0x000001c193499000, 0x000001c19349d000, 0x000001c1934a3000,
0x000001c1934a0800, 0x000001c1934a3800, 0x000001c1934a1000, 0x000001c1934a5800,
0x000001c190bb7000, 0x000001c1934a2000, 0x000001c191a52000, 0x000001c191a50000,
0x000001c191a4e800
}

Java Threads: ( => current thread )
  0x000001c1f523f000 JavaThread "main" [_thread_blocked, id=11032, stack(0x0000008bdd800000,0x0000008bdd900000)]
  0x000001c1ffe23000 JavaThread "Reference Handler" daemon [_thread_blocked, id=13260, stack(0x0000008bddf00000,0x0000008bde000000)]
  0x000001c1ffe2c000 JavaThread "Finalizer" daemon [_thread_blocked, id=17424, stack(0x0000008bde000000,0x0000008bde100000)]
  0x000001c1ffe3e000 JavaThread "Signal Dispatcher" daemon [_thread_blocked, id=16564, stack(0x0000008bde100000,0x0000008bde200000)]
  0x000001c1ffe3f000 JavaThread "Attach Listener" daemon [_thread_blocked, id=17820, stack(0x0000008bde200000,0x0000008bde300000)]
  0x000001c1ffe41000 JavaThread "Service Thread" daemon [_thread_blocked, id=10208, stack(0x0000008bde300000,0x0000008bde400000)]
  0x000001c1ffe42000 JavaThread "C2 CompilerThread0" daemon [_thread_blocked, id=12248, stack(0x0000008bde400000,0x0000008bde500000)]
  0x000001c1ffe4b800 JavaThread "C1 CompilerThread0" daemon [_thread_blocked, id=9040, stack(0x0000008bde500000,0x0000008bde600000)]
  0x000001c1ffe56800 JavaThread "Sweeper thread" daemon [_thread_blocked, id=7220, stack(0x0000008bde600000,0x0000008bde700000)]
  0x000001c18f994000 JavaThread "Common-Cleaner" daemon [_thread_blocked, id=17456, stack(0x0000008bde700000,0x0000008bde800000)]
  0x000001c1923a5000 JavaThread "Daemon health stats" [_thread_blocked, id=2716, stack(0x0000008bdec00000,0x0000008bded00000)]
  0x000001c1923a4000 JavaThread "Incoming local TCP Connector on port 54773" [_thread_in_native, id=10824, stack(0x0000008bde900000,0x0000008bdea00000)]
  0x000001c1923a0800 JavaThread "Daemon periodic checks" [_thread_blocked, id=1548, stack(0x0000008bded00000,0x0000008bdee00000)]
  0x000001c19239f000 JavaThread "Daemon" [_thread_blocked, id=15936, stack(0x0000008bdee00000,0x0000008bdef00000)]
  0x000001c1923a1800 JavaThread "Handler for socket connection from /127.0.0.1:54773 to /127.0.0.1:54774" [_thread_in_native, id=3564, stack(0x0000008bdef00000,0x0000008bdf000000)]
  0x000001c1923a5800 JavaThread "Cancel handler" [_thread_blocked, id=13752, stack(0x0000008bdf000000,0x0000008bdf100000)]
  0x000001c1923a0000 JavaThread "Daemon worker" [_thread_blocked, id=1508, stack(0x0000008bdf100000,0x0000008bdf200000)]
  0x000001c1923a2800 JavaThread "Asynchronous log dispatcher for DefaultDaemonConnection: socket connection from /127.0.0.1:54773 to /127.0.0.1:54774" [_thread_blocked, id=5888, stack(0x0000008bdf200000,0x0000008bdf300000)]
  0x000001c1923a3000 JavaThread "Stdin handler" [_thread_blocked, id=5140, stack(0x0000008bdf300000,0x0000008bdf400000)]
  0x000001c192897800 JavaThread "Daemon client event forwarder" [_thread_blocked, id=8256, stack(0x0000008bdf400000,0x0000008bdf500000)]
  0x000001c19289b000 JavaThread "Cache worker for journal cache (C:\Users\JOHN BATISTA\.gradle\caches\journal-1)" [_thread_blocked, id=11884, stack(0x0000008bdf700000,0x0000008bdf800000)]
  0x000001c192898800 JavaThread "File lock request listener" [_thread_in_native, id=1900, stack(0x0000008bdf800000,0x0000008bdf900000)]
  0x000001c192899800 JavaThread "Cache worker for file hash cache (C:\Users\JOHN BATISTA\.gradle\caches\7.2\fileHashes)" [_thread_blocked, id=13004, stack(0x0000008bdf900000,0x0000008bdfa00000)]
  0x000001c192897000 JavaThread "Cache worker for file hash cache (C:\Users\JOHN BATISTA\AndroidStudioProjects\SportsApplication\.gradle\7.2\fileHashes)" [_thread_blocked, id=11232, stack(0x0000008bdfa00000,0x0000008bdfb00000)]
  0x000001c19289a000 JavaThread "File watcher server" daemon [_thread_blocked, id=1960, stack(0x0000008bdfb00000,0x0000008bdfc00000)]
  0x000001c19289b800 JavaThread "File watcher consumer" daemon [_thread_blocked, id=1324, stack(0x0000008bdfc00000,0x0000008bdfd00000)]
  0x000001c192896000 JavaThread "Cache worker for checksums cache (C:\Users\JOHN BATISTA\AndroidStudioProjects\SportsApplication\.gradle\checksums)" [_thread_blocked, id=2164, stack(0x0000008bdfd00000,0x0000008bdfe00000)]
  0x000001c19289c800 JavaThread "Cache worker for cache directory md-supplier (C:\Users\JOHN BATISTA\.gradle\caches\7.2\md-supplier)" [_thread_blocked, id=14996, stack(0x0000008bdfe00000,0x0000008bdff00000)]
  0x000001c1928a3000 JavaThread "Cache worker for cache directory md-rule (C:\Users\JOHN BATISTA\.gradle\caches\7.2\md-rule)" [_thread_blocked, id=1500, stack(0x0000008bdff00000,0x0000008be0000000)]
  0x000001c19289d800 JavaThread "Cache worker for execution history cache (C:\Users\JOHN BATISTA\.gradle\caches\7.2\executionHistory)" [_thread_blocked, id=13748, stack(0x0000008be0000000,0x0000008be0100000)]
  0x000001c19289f000 JavaThread "jar transforms" [_thread_blocked, id=12932, stack(0x0000008be0100000,0x0000008be0200000)]
  0x000001c19289e000 JavaThread "Cache worker for file content cache (C:\Users\JOHN BATISTA\.gradle\caches\7.2\fileContent)" [_thread_blocked, id=10148, stack(0x0000008be0200000,0x0000008be0300000)]
  0x000001c193228000 JavaThread "jar transforms Thread 2" [_thread_blocked, id=15876, stack(0x0000008be0300000,0x0000008be0400000)]
  0x000001c19322a000 JavaThread "Cache worker for dependencies-accessors (C:\Users\JOHN BATISTA\AndroidStudioProjects\SportsApplication\.gradle\7.2\dependencies-accessors)" [_thread_blocked, id=16916, stack(0x0000008be0400000,0x0000008be0500000)]
  0x000001c193227000 JavaThread "jar transforms Thread 3" [_thread_blocked, id=15688, stack(0x0000008be0500000,0x0000008be0600000)]
  0x000001c19322c800 JavaThread "Cache worker for Build Output Cleanup Cache (C:\Users\JOHN BATISTA\AndroidStudioProjects\SportsApplication\.gradle\buildOutputCleanup)" [_thread_blocked, id=13984, stack(0x0000008be0600000,0x0000008be0700000)]
  0x000001c193229800 JavaThread "Unconstrained build operations" [_thread_blocked, id=6776, stack(0x0000008be0700000,0x0000008be0800000)]
  0x000001c19322d800 JavaThread "Unconstrained build operations Thread 2" [_thread_blocked, id=8064, stack(0x0000008be0800000,0x0000008be0900000)]
  0x000001c193228800 JavaThread "Unconstrained build operations Thread 3" [_thread_blocked, id=7788, stack(0x0000008be0900000,0x0000008be0a00000)]
  0x000001c193230800 JavaThread "Unconstrained build operations Thread 4" [_thread_blocked, id=14544, stack(0x0000008be0a00000,0x0000008be0b00000)]
  0x000001c19322e800 JavaThread "Unconstrained build operations Thread 5" [_thread_blocked, id=17368, stack(0x0000008be0b00000,0x0000008be0c00000)]
  0x000001c19322f000 JavaThread "Unconstrained build operations Thread 6" [_thread_blocked, id=17676, stack(0x0000008be0c00000,0x0000008be0d00000)]
  0x000001c19322b000 JavaThread "Unconstrained build operations Thread 7" [_thread_blocked, id=16828, stack(0x0000008be0d00000,0x0000008be0e00000)]
  0x000001c193230000 JavaThread "Unconstrained build operations Thread 8" [_thread_blocked, id=9244, stack(0x0000008be0e00000,0x0000008be0f00000)]
  0x000001c19322c000 JavaThread "Unconstrained build operations Thread 9" [_thread_blocked, id=1996, stack(0x0000008be0f00000,0x0000008be1000000)]
  0x000001c193235800 JavaThread "Unconstrained build operations Thread 10" [_thread_blocked, id=17476, stack(0x0000008be1000000,0x0000008be1100000)]
  0x000001c193234000 JavaThread "Unconstrained build operations Thread 11" [_thread_blocked, id=12880, stack(0x0000008be1100000,0x0000008be1200000)]
  0x000001c193235000 JavaThread "Unconstrained build operations Thread 12" [_thread_blocked, id=16904, stack(0x0000008be1200000,0x0000008be1300000)]
  0x000001c193231800 JavaThread "Unconstrained build operations Thread 13" [_thread_blocked, id=16260, stack(0x0000008be1300000,0x0000008be1400000)]
  0x000001c193232800 JavaThread "Unconstrained build operations Thread 14" [_thread_blocked, id=9624, stack(0x0000008be1400000,0x0000008be1500000)]
  0x000001c193233000 JavaThread "Unconstrained build operations Thread 15" [_thread_blocked, id=17744, stack(0x0000008be1500000,0x0000008be1600000)]
  0x000001c191c8f800 JavaThread "Unconstrained build operations Thread 16" [_thread_blocked, id=16604, stack(0x0000008be1600000,0x0000008be1700000)]
  0x000001c191c90800 JavaThread "Unconstrained build operations Thread 17" [_thread_blocked, id=8740, stack(0x0000008be1700000,0x0000008be1800000)]
  0x000001c191c8c800 JavaThread "Unconstrained build operations Thread 18" [_thread_blocked, id=5164, stack(0x0000008be1800000,0x0000008be1900000)]
  0x000001c191c93000 JavaThread "Unconstrained build operations Thread 19" [_thread_blocked, id=17308, stack(0x0000008be1900000,0x0000008be1a00000)]
  0x000001c191c8d000 JavaThread "Unconstrained build operations Thread 20" [_thread_blocked, id=17392, stack(0x0000008be1a00000,0x0000008be1b00000)]
  0x000001c191c93800 JavaThread "Unconstrained build operations Thread 21" [_thread_blocked, id=4468, stack(0x0000008be1b00000,0x0000008be1c00000)]
  0x000001c191c8e000 JavaThread "Unconstrained build operations Thread 22" [_thread_blocked, id=9876, stack(0x0000008be1c00000,0x0000008be1d00000)]
  0x000001c191c91000 JavaThread "Unconstrained build operations Thread 23" [_thread_blocked, id=9160, stack(0x0000008be1d00000,0x0000008be1e00000)]
  0x000001c191c8e800 JavaThread "Unconstrained build operations Thread 24" [_thread_blocked, id=7736, stack(0x0000008be1e00000,0x0000008be1f00000)]
  0x000001c191c94800 JavaThread "Unconstrained build operations Thread 25" [_thread_blocked, id=14664, stack(0x0000008be1f00000,0x0000008be2000000)]
  0x000001c191c97800 JavaThread "Unconstrained build operations Thread 26" [_thread_blocked, id=16748, stack(0x0000008be2000000,0x0000008be2100000)]
  0x000001c191c92000 JavaThread "Unconstrained build operations Thread 27" [_thread_blocked, id=1968, stack(0x0000008be2100000,0x0000008be2200000)]
  0x000001c191c99800 JavaThread "Unconstrained build operations Thread 28" [_thread_blocked, id=13100, stack(0x0000008be2200000,0x0000008be2300000)]
  0x000001c191c9a000 JavaThread "Unconstrained build operations Thread 29" [_thread_blocked, id=16956, stack(0x0000008be2300000,0x0000008be2400000)]
  0x000001c191c9b000 JavaThread "Unconstrained build operations Thread 30" [_thread_blocked, id=1812, stack(0x0000008be2400000,0x0000008be2500000)]
  0x000001c191c95800 JavaThread "Unconstrained build operations Thread 31" [_thread_blocked, id=17568, stack(0x0000008be2500000,0x0000008be2600000)]
  0x000001c191c98800 JavaThread "Unconstrained build operations Thread 32" [_thread_blocked, id=7516, stack(0x0000008be2600000,0x0000008be2700000)]
  0x000001c191c97000 JavaThread "Unconstrained build operations Thread 33" [_thread_blocked, id=8824, stack(0x0000008be2700000,0x0000008be2800000)]
  0x000001c191c96000 JavaThread "Unconstrained build operations Thread 34" [_thread_blocked, id=2752, stack(0x0000008be2800000,0x0000008be2900000)]
  0x000001c19349c800 JavaThread "Unconstrained build operations Thread 35" [_thread_blocked, id=17876, stack(0x0000008be2900000,0x0000008be2a00000)]
  0x000001c193497800 JavaThread "Unconstrained build operations Thread 36" [_thread_blocked, id=7576, stack(0x0000008be2a00000,0x0000008be2b00000)]
  0x000001c19349a800 JavaThread "Unconstrained build operations Thread 37" [_thread_blocked, id=14148, stack(0x0000008be2b00000,0x0000008be2c00000)]
  0x000001c193498000 JavaThread "Unconstrained build operations Thread 38" [_thread_blocked, id=13540, stack(0x0000008be2c00000,0x0000008be2d00000)]
  0x000001c193496800 JavaThread "Unconstrained build operations Thread 39" [_thread_blocked, id=13624, stack(0x0000008be2d00000,0x0000008be2e00000)]
  0x000001c19349e000 JavaThread "Unconstrained build operations Thread 40" [_thread_blocked, id=10792, stack(0x0000008be2e00000,0x0000008be2f00000)]
  0x000001c19349e800 JavaThread "jar transforms Thread 4" [_thread_blocked, id=1072, stack(0x0000008be2f00000,0x0000008be3000000)]
  0x000001c193499000 JavaThread "Memory manager" [_thread_blocked, id=15048, stack(0x0000008be3000000,0x0000008be3100000)]
  0x000001c19349d000 JavaThread "build event listener" [_thread_blocked, id=15484, stack(0x0000008be3100000,0x0000008be3200000)]
  0x000001c1934a3000 JavaThread "build event listener" [_thread_blocked, id=6080, stack(0x0000008be3200000,0x0000008be3300000)]
  0x000001c1934a0800 JavaThread "Execution worker for ':'" [_thread_blocked, id=18052, stack(0x0000008be3300000,0x0000008be3400000)]
  0x000001c1934a3800 JavaThread "Execution worker for ':' Thread 2" [_thread_blocked, id=2840, stack(0x0000008be3400000,0x0000008be3500000)]
  0x000001c1934a1000 JavaThread "Execution worker for ':' Thread 3" [_thread_blocked, id=11248, stack(0x0000008be3500000,0x0000008be3600000)]
  0x000001c1934a5800 JavaThread "Cache worker for execution history cache (C:\Users\JOHN BATISTA\AndroidStudioProjects\SportsApplication\.gradle\7.2\executionHistory)" [_thread_blocked, id=2848, stack(0x0000008be3600000,0x0000008be3700000)]
  0x000001c190bb7000 JavaThread "C2 CompilerThread1" daemon [_thread_in_native, id=9968, stack(0x0000008bdf500000,0x0000008bdf600000)]
  0x000001c1934a2000 JavaThread "WorkerExecutor Queue" [_thread_blocked, id=7664, stack(0x0000008be3700000,0x0000008be3800000)]
  0x000001c191a52000 JavaThread "WorkerExecutor Queue Thread 2" [_thread_blocked, id=1972, stack(0x0000008be3800000,0x0000008be3900000)]
  0x000001c191a50000 JavaThread "WorkerExecutor Queue Thread 3" [_thread_blocked, id=18212, stack(0x0000008be3900000,0x0000008be3a00000)]
  0x000001c191a4e800 JavaThread "WorkerExecutor Queue Thread 4" [_thread_blocked, id=16236, stack(0x0000008be3a00000,0x0000008be3b00000)]

Other Threads:
=>0x000001c1ffe1f000 VMThread "VM Thread" [stack: 0x0000008bdde00000,0x0000008bddf00000] [id=16536]
  0x000001c18f9be800 WatcherThread [stack: 0x0000008bde800000,0x0000008bde900000] [id=8184]
  0x000001c1f525b000 GCTaskThread "GC Thread#0" [stack: 0x0000008bdd900000,0x0000008bdda00000] [id=18376]
  0x000001c18fbf2800 GCTaskThread "GC Thread#1" [stack: 0x0000008bdea00000,0x0000008bdeb00000] [id=12168]
  0x000001c190474000 GCTaskThread "GC Thread#2" [stack: 0x0000008bdeb00000,0x0000008bdec00000] [id=6396]
  0x000001c191993800 GCTaskThread "GC Thread#3" [stack: 0x0000008bdf600000,0x0000008bdf700000] [id=8476]
  0x000001c1f528c800 ConcurrentGCThread "G1 Main Marker" [stack: 0x0000008bdda00000,0x0000008bddb00000] [id=16164]
  0x000001c1f528f800 ConcurrentGCThread "G1 Conc#0" [stack: 0x0000008bddb00000,0x0000008bddc00000] [id=16404]
  0x000001c1ffc70800 ConcurrentGCThread "G1 Refine#0" [stack: 0x0000008bddc00000,0x0000008bddd00000] [id=7856]
  0x000001c1928f8800 ConcurrentGCThread "G1 Refine#1" [stack: 0x0000008be3b00000,0x0000008be3c00000] [id=7824]
  0x000001c19996d800 ConcurrentGCThread "G1 Refine#2" [stack: 0x0000008be3c00000,0x0000008be3d00000] [id=5360]
  0x000001c1ffc71000 ConcurrentGCThread "G1 Young RemSet Sampling" [stack: 0x0000008bddd00000,0x0000008bdde00000] [id=3716]

Threads with active compile tasks:
C2 CompilerThread0  26531 12538       4       com.sun.tools.javac.parser.JavaTokenizer::scanIdent (733 bytes)
C2 CompilerThread1  26531 12531   !   4       com.sun.tools.javac.parser.JavaTokenizer::readToken (2179 bytes)

VM state:at safepoint (normal execution)

VM Mutex/Monitor currently owned by a thread:  ([mutex/lock_event])
[0x000001c1f523c400] Threads_lock - owner thread: 0x000001c1ffe1f000
[0x000001c1f523ca30] Heap_lock - owner thread: 0x000001c191a50000

Heap address: 0x0000000080000000, size: 2048 MB, Compressed Oops mode: 32-bit
Narrow klass base: 0x0000000000000000, Narrow klass shift: 3
Compressed class space size: 1073741824 Address: 0x0000000100000000

Heap:
 garbage-first heap   total 381952K, used 214430K [0x0000000080000000, 0x0000000100000000)
  region size 1024K, 2 young (2048K), 2 survivors (2048K)
 Metaspace       used 105269K, capacity 107516K, committed 107776K, reserved 1142784K
  class space    used 13354K, capacity 14211K, committed 14336K, reserved 1048576K
Heap Regions: E=young(eden), S=young(survivor), O=old, HS=humongous(starts), HC=humongous(continues), CS=collection set, F=free, A=archive, TAMS=top-at-mark-start (previous, next)
|   0|0x0000000080000000, 0x0000000080100000, 0x0000000080100000|100%|HS|  |TAMS 0x0000000080100000, 0x0000000080100000| Complete 
|   1|0x0000000080100000, 0x0000000080200000, 0x0000000080200000|100%|HC|  |TAMS 0x0000000080200000, 0x0000000080200000| Complete 
|   2|0x0000000080200000, 0x0000000080300000, 0x0000000080300000|100%|HC|  |TAMS 0x0000000080300000, 0x0000000080300000| Complete 
|   3|0x0000000080300000, 0x0000000080400000, 0x0000000080400000|100%| O|  |TAMS 0x0000000080400000, 0x0000000080400000| Untracked 
|   4|0x0000000080400000, 0x0000000080500000, 0x0000000080500000|100%| O|  |TAMS 0x0000000080500000, 0x0000000080500000| Untracked 
|   5|0x0000000080500000, 0x0000000080600000, 0x0000000080600000|100%| O|  |TAMS 0x0000000080600000, 0x0000000080600000| Untracked 
|   6|0x0000000080600000, 0x0000000080700000, 0x0000000080700000|100%| O|  |TAMS 0x0000000080700000, 0x0000000080700000| Untracked 
|   7|0x0000000080700000, 0x0000000080800000, 0x0000000080800000|100%| O|  |TAMS 0x0000000080800000, 0x0000000080800000| Untracked 
|   8|0x0000000080800000, 0x0000000080900000, 0x0000000080900000|100%| O|  |TAMS 0x0000000080900000, 0x0000000080900000| Untracked 
|   9|0x0000000080900000, 0x0000000080a00000, 0x0000000080a00000|100%| O|  |TAMS 0x0000000080a00000, 0x0000000080a00000| Untracked 
|  10|0x0000000080a00000, 0x0000000080b00000, 0x0000000080b00000|100%| O|  |TAMS 0x0000000080b00000, 0x0000000080b00000| Untracked 
|  11|0x0000000080b00000, 0x0000000080c00000, 0x0000000080c00000|100%| O|  |TAMS 0x0000000080c00000, 0x0000000080c00000| Untracked 
|  12|0x0000000080c00000, 0x0000000080d00000, 0x0000000080d00000|100%| O|  |TAMS 0x0000000080d00000, 0x0000000080d00000| Untracked 
|  13|0x0000000080d00000, 0x0000000080e00000, 0x0000000080e00000|100%| O|  |TAMS 0x0000000080e00000, 0x0000000080e00000| Untracked 
|  14|0x0000000080e00000, 0x0000000080f00000, 0x0000000080f00000|100%| O|  |TAMS 0x0000000080f00000, 0x0000000080f00000| Untracked 
|  15|0x0000000080f00000, 0x0000000081000000, 0x0000000081000000|100%| O|  |TAMS 0x0000000081000000, 0x0000000081000000| Untracked 
|  16|0x0000000081000000, 0x0000000081100000, 0x0000000081100000|100%| O|  |TAMS 0x0000000081100000, 0x0000000081100000| Untracked 
|  17|0x0000000081100000, 0x0000000081200000, 0x0000000081200000|100%|HS|  |TAMS 0x0000000081200000, 0x0000000081200000| Complete 
|  18|0x0000000081200000, 0x0000000081300000, 0x0000000081300000|100%| O|  |TAMS 0x0000000081300000, 0x0000000081300000| Untracked 
|  19|0x0000000081300000, 0x0000000081400000, 0x0000000081400000|100%| O|  |TAMS 0x0000000081400000, 0x0000000081400000| Untracked 
|  20|0x0000000081400000, 0x0000000081500000, 0x0000000081500000|100%| O|  |TAMS 0x0000000081500000, 0x0000000081500000| Untracked 
|  21|0x0000000081500000, 0x0000000081600000, 0x0000000081600000|100%| O|  |TAMS 0x0000000081600000, 0x0000000081600000| Untracked 
|  22|0x0000000081600000, 0x0000000081700000, 0x0000000081700000|100%| O|  |TAMS 0x0000000081700000, 0x0000000081700000| Untracked 
|  23|0x0000000081700000, 0x0000000081800000, 0x0000000081800000|100%| O|  |TAMS 0x0000000081800000, 0x0000000081800000| Untracked 
|  24|0x0000000081800000, 0x0000000081900000, 0x0000000081900000|100%|HS|  |TAMS 0x0000000081900000, 0x0000000081900000| Complete 
|  25|0x0000000081900000, 0x0000000081a00000, 0x0000000081a00000|100%|HS|  |TAMS 0x0000000081a00000, 0x0000000081a00000| Complete 
|  26|0x0000000081a00000, 0x0000000081b00000, 0x0000000081b00000|100%|HS|  |TAMS 0x0000000081b00000, 0x0000000081b00000| Complete 
|  27|0x0000000081b00000, 0x0000000081c00000, 0x0000000081c00000|100%|HS|  |TAMS 0x0000000081c00000, 0x0000000081c00000| Complete 
|  28|0x0000000081c00000, 0x0000000081d00000, 0x0000000081d00000|100%|HC|  |TAMS 0x0000000081d00000, 0x0000000081d00000| Complete 
|  29|0x0000000081d00000, 0x0000000081e00000, 0x0000000081e00000|100%|HC|  |TAMS 0x0000000081e00000, 0x0000000081e00000| Complete 
|  30|0x0000000081e00000, 0x0000000081f00000, 0x0000000081f00000|100%|HS|  |TAMS 0x0000000081f00000, 0x0000000081f00000| Complete 
|  31|0x0000000081f00000, 0x0000000082000000, 0x0000000082000000|100%|HC|  |TAMS 0x0000000082000000, 0x0000000082000000| Complete 
|  32|0x0000000082000000, 0x0000000082100000, 0x0000000082100000|100%| O|  |TAMS 0x0000000082100000, 0x0000000082100000| Untracked 
|  33|0x0000000082100000, 0x0000000082200000, 0x0000000082200000|100%| O|  |TAMS 0x0000000082200000, 0x0000000082200000| Untracked 
|  34|0x0000000082200000, 0x0000000082300000, 0x0000000082300000|100%| O|  |TAMS 0x0000000082300000, 0x0000000082300000| Untracked 
|  35|0x0000000082300000, 0x0000000082400000, 0x0000000082400000|100%| O|  |TAMS 0x0000000082400000, 0x0000000082400000| Untracked 
|  36|0x0000000082400000, 0x0000000082500000, 0x0000000082500000|100%| O|  |TAMS 0x0000000082500000, 0x0000000082500000| Untracked 
|  37|0x0000000082500000, 0x0000000082600000, 0x0000000082600000|100%| O|  |TAMS 0x0000000082600000, 0x0000000082600000| Untracked 
|  38|0x0000000082600000, 0x0000000082700000, 0x0000000082700000|100%| O|  |TAMS 0x0000000082700000, 0x0000000082700000| Untracked 
|  39|0x0000000082700000, 0x0000000082800000, 0x0000000082800000|100%| O|  |TAMS 0x0000000082800000, 0x0000000082800000| Untracked 
|  40|0x0000000082800000, 0x0000000082900000, 0x0000000082900000|100%| O|  |TAMS 0x0000000082900000, 0x0000000082900000| Untracked 
|  41|0x0000000082900000, 0x0000000082a00000, 0x0000000082a00000|100%| O|  |TAMS 0x0000000082a00000, 0x0000000082a00000| Untracked 
|  42|0x0000000082a00000, 0x0000000082b00000, 0x0000000082b00000|100%| O|  |TAMS 0x0000000082b00000, 0x0000000082b00000| Untracked 
|  43|0x0000000082b00000, 0x0000000082c00000, 0x0000000082c00000|100%| O|  |TAMS 0x0000000082c00000, 0x0000000082c00000| Untracked 
|  44|0x0000000082c00000, 0x0000000082d00000, 0x0000000082d00000|100%| O|  |TAMS 0x0000000082d00000, 0x0000000082d00000| Untracked 
|  45|0x0000000082d00000, 0x0000000082e00000, 0x0000000082e00000|100%| O|  |TAMS 0x0000000082e00000, 0x0000000082e00000| Untracked 
|  46|0x0000000082e00000, 0x0000000082f00000, 0x0000000082f00000|100%| O|  |TAMS 0x0000000082f00000, 0x0000000082f00000| Untracked 
|  47|0x0000000082f00000, 0x0000000083000000, 0x0000000083000000|100%| O|  |TAMS 0x0000000083000000, 0x0000000083000000| Untracked 
|  48|0x0000000083000000, 0x0000000083100000, 0x0000000083100000|100%| O|  |TAMS 0x0000000083100000, 0x0000000083100000| Untracked 
|  49|0x0000000083100000, 0x0000000083200000, 0x0000000083200000|100%| O|  |TAMS 0x0000000083200000, 0x0000000083200000| Untracked 
|  50|0x0000000083200000, 0x0000000083300000, 0x0000000083300000|100%| O|  |TAMS 0x0000000083300000, 0x0000000083300000| Untracked 
|  51|0x0000000083300000, 0x0000000083400000, 0x0000000083400000|100%| O|  |TAMS 0x0000000083400000, 0x0000000083400000| Untracked 
|  52|0x0000000083400000, 0x0000000083500000, 0x0000000083500000|100%| O|  |TAMS 0x0000000083500000, 0x0000000083500000| Untracked 
|  53|0x0000000083500000, 0x0000000083600000, 0x0000000083600000|100%| O|  |TAMS 0x0000000083600000, 0x0000000083600000| Untracked 
|  54|0x0000000083600000, 0x0000000083700000, 0x0000000083700000|100%| O|  |TAMS 0x0000000083700000, 0x0000000083700000| Untracked 
|  55|0x0000000083700000, 0x0000000083800000, 0x0000000083800000|100%| O|  |TAMS 0x0000000083800000, 0x0000000083800000| Untracked 
|  56|0x0000000083800000, 0x0000000083900000, 0x0000000083900000|100%| O|  |TAMS 0x0000000083900000, 0x0000000083900000| Untracked 
|  57|0x0000000083900000, 0x0000000083a00000, 0x0000000083a00000|100%| O|  |TAMS 0x0000000083a00000, 0x0000000083a00000| Untracked 
|  58|0x0000000083a00000, 0x0000000083b00000, 0x0000000083b00000|100%| O|  |TAMS 0x0000000083b00000, 0x0000000083b00000| Untracked 
|  59|0x0000000083b00000, 0x0000000083c00000, 0x0000000083c00000|100%| O|  |TAMS 0x0000000083c00000, 0x0000000083c00000| Untracked 
|  60|0x0000000083c00000, 0x0000000083d00000, 0x0000000083d00000|100%| O|  |TAMS 0x0000000083d00000, 0x0000000083d00000| Untracked 
|  61|0x0000000083d00000, 0x0000000083e00000, 0x0000000083e00000|100%| O|  |TAMS 0x0000000083e00000, 0x0000000083e00000| Untracked 
|  62|0x0000000083e00000, 0x0000000083f00000, 0x0000000083f00000|100%| O|  |TAMS 0x0000000083f00000, 0x0000000083f00000| Untracked 
|  63|0x0000000083f00000, 0x0000000084000000, 0x0000000084000000|100%| O|  |TAMS 0x0000000084000000, 0x0000000084000000| Untracked 
|  64|0x0000000084000000, 0x0000000084100000, 0x0000000084100000|100%| O|  |TAMS 0x0000000084100000, 0x0000000084100000| Untracked 
|  65|0x0000000084100000, 0x0000000084200000, 0x0000000084200000|100%| O|  |TAMS 0x0000000084200000, 0x0000000084200000| Untracked 
|  66|0x0000000084200000, 0x0000000084300000, 0x0000000084300000|100%| O|  |TAMS 0x0000000084300000, 0x0000000084300000| Untracked 
|  67|0x0000000084300000, 0x0000000084400000, 0x0000000084400000|100%| O|  |TAMS 0x0000000084400000, 0x0000000084400000| Untracked 
|  68|0x0000000084400000, 0x0000000084500000, 0x0000000084500000|100%| O|  |TAMS 0x0000000084500000, 0x0000000084500000| Untracked 
|  69|0x0000000084500000, 0x0000000084600000, 0x0000000084600000|100%| O|  |TAMS 0x0000000084600000, 0x0000000084600000| Untracked 
|  70|0x0000000084600000, 0x0000000084700000, 0x0000000084700000|100%| O|  |TAMS 0x0000000084700000, 0x0000000084700000| Untracked 
|  71|0x0000000084700000, 0x0000000084800000, 0x0000000084800000|100%| O|  |TAMS 0x0000000084800000, 0x0000000084800000| Untracked 
|  72|0x0000000084800000, 0x0000000084900000, 0x0000000084900000|100%| O|  |TAMS 0x0000000084900000, 0x0000000084900000| Untracked 
|  73|0x0000000084900000, 0x0000000084a00000, 0x0000000084a00000|100%| O|  |TAMS 0x0000000084a00000, 0x0000000084a00000| Untracked 
|  74|0x0000000084a00000, 0x0000000084b00000, 0x0000000084b00000|100%| O|  |TAMS 0x0000000084b00000, 0x0000000084b00000| Untracked 
|  75|0x0000000084b00000, 0x0000000084c00000, 0x0000000084c00000|100%| O|  |TAMS 0x0000000084c00000, 0x0000000084c00000| Untracked 
|  76|0x0000000084c00000, 0x0000000084d00000, 0x0000000084d00000|100%| O|  |TAMS 0x0000000084d00000, 0x0000000084d00000| Untracked 
|  77|0x0000000084d00000, 0x0000000084e00000, 0x0000000084e00000|100%| O|  |TAMS 0x0000000084e00000, 0x0000000084e00000| Untracked 
|  78|0x0000000084e00000, 0x0000000084f00000, 0x0000000084f00000|100%| O|  |TAMS 0x0000000084f00000, 0x0000000084f00000| Untracked 
|  79|0x0000000084f00000, 0x0000000085000000, 0x0000000085000000|100%| O|  |TAMS 0x0000000085000000, 0x0000000085000000| Untracked 
|  80|0x0000000085000000, 0x0000000085100000, 0x0000000085100000|100%| O|  |TAMS 0x0000000085100000, 0x0000000085100000| Untracked 
|  81|0x0000000085100000, 0x0000000085200000, 0x0000000085200000|100%| O|  |TAMS 0x0000000085200000, 0x0000000085200000| Untracked 
|  82|0x0000000085200000, 0x0000000085300000, 0x0000000085300000|100%| O|  |TAMS 0x0000000085300000, 0x0000000085300000| Untracked 
|  83|0x0000000085300000, 0x0000000085400000, 0x0000000085400000|100%| O|  |TAMS 0x0000000085400000, 0x0000000085400000| Untracked 
|  84|0x0000000085400000, 0x0000000085500000, 0x0000000085500000|100%| O|  |TAMS 0x0000000085500000, 0x0000000085500000| Untracked 
|  85|0x0000000085500000, 0x0000000085600000, 0x0000000085600000|100%| O|  |TAMS 0x0000000085600000, 0x0000000085600000| Untracked 
|  86|0x0000000085600000, 0x0000000085700000, 0x0000000085700000|100%| O|  |TAMS 0x0000000085700000, 0x0000000085700000| Untracked 
|  87|0x0000000085700000, 0x0000000085800000, 0x0000000085800000|100%| O|  |TAMS 0x0000000085800000, 0x0000000085800000| Untracked 
|  88|0x0000000085800000, 0x0000000085900000, 0x0000000085900000|100%|HS|  |TAMS 0x0000000085900000, 0x0000000085900000| Complete 
|  89|0x0000000085900000, 0x0000000085a00000, 0x0000000085a00000|100%|HS|  |TAMS 0x0000000085a00000, 0x0000000085a00000| Complete 
|  90|0x0000000085a00000, 0x0000000085b00000, 0x0000000085b00000|100%|HS|  |TAMS 0x0000000085b00000, 0x0000000085b00000| Complete 
|  91|0x0000000085b00000, 0x0000000085c00000, 0x0000000085c00000|100%|HC|  |TAMS 0x0000000085c00000, 0x0000000085c00000| Complete 
|  92|0x0000000085c00000, 0x0000000085d00000, 0x0000000085d00000|100%|HC|  |TAMS 0x0000000085d00000, 0x0000000085d00000| Complete 
|  93|0x0000000085d00000, 0x0000000085e00000, 0x0000000085e00000|100%|HS|  |TAMS 0x0000000085e00000, 0x0000000085e00000| Complete 
|  94|0x0000000085e00000, 0x0000000085f00000, 0x0000000085f00000|100%|HC|  |TAMS 0x0000000085f00000, 0x0000000085f00000| Complete 
|  95|0x0000000085f00000, 0x0000000086000000, 0x0000000086000000|100%|HS|  |TAMS 0x0000000086000000, 0x0000000086000000| Complete 
|  96|0x0000000086000000, 0x0000000086100000, 0x0000000086100000|100%|HC|  |TAMS 0x0000000086100000, 0x0000000086100000| Complete 
|  97|0x0000000086100000, 0x0000000086200000, 0x0000000086200000|100%|HS|  |TAMS 0x0000000086200000, 0x0000000086200000| Complete 
|  98|0x0000000086200000, 0x0000000086300000, 0x0000000086300000|100%|HC|  |TAMS 0x0000000086300000, 0x0000000086300000| Complete 
|  99|0x0000000086300000, 0x0000000086400000, 0x0000000086400000|100%|HS|  |TAMS 0x0000000086400000, 0x0000000086400000| Complete 
| 100|0x0000000086400000, 0x0000000086500000, 0x0000000086500000|100%|HC|  |TAMS 0x0000000086500000, 0x0000000086500000| Complete 
| 101|0x0000000086500000, 0x0000000086600000, 0x0000000086600000|100%|HS|  |TAMS 0x0000000086600000, 0x0000000086600000| Complete 
| 102|0x0000000086600000, 0x0000000086700000, 0x0000000086700000|100%|HS|  |TAMS 0x0000000086700000, 0x0000000086700000| Complete 
| 103|0x0000000086700000, 0x0000000086800000, 0x0000000086800000|100%|HS|  |TAMS 0x0000000086800000, 0x0000000086800000| Complete 
| 104|0x0000000086800000, 0x0000000086900000, 0x0000000086900000|100%| O|  |TAMS 0x0000000086900000, 0x0000000086900000| Untracked 
| 105|0x0000000086900000, 0x0000000086a00000, 0x0000000086a00000|100%| O|  |TAMS 0x0000000086a00000, 0x0000000086a00000| Untracked 
| 106|0x0000000086a00000, 0x0000000086b00000, 0x0000000086b00000|100%| O|  |TAMS 0x0000000086b00000, 0x0000000086b00000| Untracked 
| 107|0x0000000086b00000, 0x0000000086c00000, 0x0000000086c00000|100%| O|  |TAMS 0x0000000086c00000, 0x0000000086c00000| Untracked 
| 108|0x0000000086c00000, 0x0000000086d00000, 0x0000000086d00000|100%| O|  |TAMS 0x0000000086d00000, 0x0000000086d00000| Untracked 
| 109|0x0000000086d00000, 0x0000000086e00000, 0x0000000086e00000|100%| O|  |TAMS 0x0000000086e00000, 0x0000000086e00000| Untracked 
| 110|0x0000000086e00000, 0x0000000086f00000, 0x0000000086f00000|100%| O|  |TAMS 0x0000000086f00000, 0x0000000086f00000| Untracked 
| 111|0x0000000086f00000, 0x0000000087000000, 0x0000000087000000|100%| O|  |TAMS 0x0000000087000000, 0x0000000087000000| Untracked 
| 112|0x0000000087000000, 0x0000000087100000, 0x0000000087100000|100%| O|  |TAMS 0x0000000087100000, 0x0000000087100000| Untracked 
| 113|0x0000000087100000, 0x0000000087200000, 0x0000000087200000|100%|HS|  |TAMS 0x0000000087200000, 0x0000000087200000| Complete 
| 114|0x0000000087200000, 0x0000000087300000, 0x0000000087300000|100%|HS|  |TAMS 0x0000000087300000, 0x0000000087300000| Complete 
| 115|0x0000000087300000, 0x0000000087400000, 0x0000000087400000|100%|HC|  |TAMS 0x0000000087400000, 0x0000000087400000| Complete 
| 116|0x0000000087400000, 0x0000000087500000, 0x0000000087500000|100%|HS|  |TAMS 0x0000000087500000, 0x0000000087500000| Complete 
| 117|0x0000000087500000, 0x0000000087600000, 0x0000000087600000|100%|HC|  |TAMS 0x0000000087600000, 0x0000000087600000| Complete 
| 118|0x0000000087600000, 0x0000000087700000, 0x0000000087700000|100%|HC|  |TAMS 0x0000000087700000, 0x0000000087700000| Complete 
| 119|0x0000000087700000, 0x0000000087800000, 0x0000000087800000|100%|HS|  |TAMS 0x0000000087800000, 0x0000000087800000| Complete 
| 120|0x0000000087800000, 0x0000000087900000, 0x0000000087900000|100%| O|  |TAMS 0x0000000087900000, 0x0000000087900000| Untracked 
| 121|0x0000000087900000, 0x0000000087a00000, 0x0000000087a00000|100%| O|  |TAMS 0x0000000087a00000, 0x0000000087a00000| Untracked 
| 122|0x0000000087a00000, 0x0000000087b00000, 0x0000000087b00000|100%| O|  |TAMS 0x0000000087b00000, 0x0000000087b00000| Untracked 
| 123|0x0000000087b00000, 0x0000000087c00000, 0x0000000087c00000|100%| O|  |TAMS 0x0000000087c00000, 0x0000000087c00000| Untracked 
| 124|0x0000000087c00000, 0x0000000087d00000, 0x0000000087d00000|100%| O|  |TAMS 0x0000000087d00000, 0x0000000087d00000| Untracked 
| 125|0x0000000087d00000, 0x0000000087e00000, 0x0000000087e00000|100%| O|  |TAMS 0x0000000087e00000, 0x0000000087e00000| Untracked 
| 126|0x0000000087e00000, 0x0000000087f00000, 0x0000000087f00000|100%| O|  |TAMS 0x0000000087f00000, 0x0000000087f00000| Untracked 
| 127|0x0000000087f00000, 0x0000000088000000, 0x0000000088000000|100%| O|  |TAMS 0x0000000088000000, 0x0000000088000000| Untracked 
| 128|0x0000000088000000, 0x0000000088100000, 0x0000000088100000|100%| O|  |TAMS 0x0000000088100000, 0x0000000088100000| Untracked 
| 129|0x0000000088100000, 0x0000000088200000, 0x0000000088200000|100%| O|  |TAMS 0x0000000088200000, 0x0000000088200000| Untracked 
| 130|0x0000000088200000, 0x0000000088300000, 0x0000000088300000|100%| O|  |TAMS 0x0000000088300000, 0x0000000088300000| Untracked 
| 131|0x0000000088300000, 0x0000000088400000, 0x0000000088400000|100%|HS|  |TAMS 0x0000000088400000, 0x0000000088400000| Complete 
| 132|0x0000000088400000, 0x0000000088500000, 0x0000000088500000|100%|HC|  |TAMS 0x0000000088500000, 0x0000000088500000| Complete 
| 133|0x0000000088500000, 0x0000000088600000, 0x0000000088600000|100%|HS|  |TAMS 0x0000000088500000, 0x0000000088600000| Complete 
| 134|0x0000000088600000, 0x0000000088700000, 0x0000000088700000|100%|HS|  |TAMS 0x0000000088700000, 0x0000000088700000| Complete 
| 135|0x0000000088700000, 0x0000000088800000, 0x0000000088800000|100%|HS|  |TAMS 0x0000000088700000, 0x0000000088800000| Complete 
| 136|0x0000000088800000, 0x0000000088900000, 0x0000000088900000|100%|HS|  |TAMS 0x0000000088900000, 0x0000000088900000| Complete 
| 137|0x0000000088900000, 0x0000000088a00000, 0x0000000088a00000|100%|HS|  |TAMS 0x0000000088a00000, 0x0000000088a00000| Complete 
| 138|0x0000000088a00000, 0x0000000088b00000, 0x0000000088b00000|100%|HC|  |TAMS 0x0000000088b00000, 0x0000000088b00000| Complete 
| 139|0x0000000088b00000, 0x0000000088c00000, 0x0000000088c00000|100%|HS|  |TAMS 0x0000000088b00000, 0x0000000088c00000| Complete 
| 140|0x0000000088c00000, 0x0000000088d00000, 0x0000000088d00000|100%|HC|  |TAMS 0x0000000088c00000, 0x0000000088d00000| Complete 
| 141|0x0000000088d00000, 0x0000000088e00000, 0x0000000088e00000|100%|HS|  |TAMS 0x0000000088e00000, 0x0000000088e00000| Complete 
| 142|0x0000000088e00000, 0x0000000088f00000, 0x0000000088f00000|100%|HC|  |TAMS 0x0000000088f00000, 0x0000000088f00000| Complete 
| 143|0x0000000088f00000, 0x0000000089000000, 0x0000000089000000|100%| O|  |TAMS 0x0000000088f00000, 0x0000000089000000| Untracked 
| 144|0x0000000089000000, 0x0000000089100000, 0x0000000089100000|100%|HS|  |TAMS 0x0000000089100000, 0x0000000089100000| Complete 
| 145|0x0000000089100000, 0x0000000089200000, 0x0000000089200000|100%|HS|  |TAMS 0x0000000089200000, 0x0000000089200000| Complete 
| 146|0x0000000089200000, 0x0000000089300000, 0x0000000089300000|100%|HC|  |TAMS 0x0000000089300000, 0x0000000089300000| Complete 
| 147|0x0000000089300000, 0x0000000089400000, 0x0000000089400000|100%|HS|  |TAMS 0x0000000089400000, 0x0000000089400000| Complete 
| 148|0x0000000089400000, 0x0000000089500000, 0x0000000089500000|100%|HC|  |TAMS 0x0000000089500000, 0x0000000089500000| Complete 
| 149|0x0000000089500000, 0x0000000089600000, 0x0000000089600000|100%|HS|  |TAMS 0x0000000089600000, 0x0000000089600000| Complete 
| 150|0x0000000089600000, 0x0000000089700000, 0x0000000089700000|100%| O|  |TAMS 0x0000000089700000, 0x0000000089700000| Untracked 
| 151|0x0000000089700000, 0x0000000089800000, 0x0000000089800000|100%|HS|  |TAMS 0x0000000089800000, 0x0000000089800000| Complete 
| 152|0x0000000089800000, 0x0000000089900000, 0x0000000089900000|100%|HC|  |TAMS 0x0000000089900000, 0x0000000089900000| Complete 
| 153|0x0000000089900000, 0x0000000089a00000, 0x0000000089a00000|100%| O|  |TAMS 0x0000000089a00000, 0x0000000089a00000| Untracked 
| 154|0x0000000089a00000, 0x0000000089b00000, 0x0000000089b00000|100%|HS|  |TAMS 0x0000000089b00000, 0x0000000089b00000| Complete 
| 155|0x0000000089b00000, 0x0000000089c00000, 0x0000000089c00000|100%| O|  |TAMS 0x0000000089c00000, 0x0000000089c00000| Untracked 
| 156|0x0000000089c00000, 0x0000000089d00000, 0x0000000089d00000|100%|HS|  |TAMS 0x0000000089d00000, 0x0000000089d00000| Complete 
| 157|0x0000000089d00000, 0x0000000089e00000, 0x0000000089e00000|100%| O|  |TAMS 0x0000000089e00000, 0x0000000089e00000| Untracked 
| 158|0x0000000089e00000, 0x0000000089f00000, 0x0000000089f00000|100%|HS|  |TAMS 0x0000000089f00000, 0x0000000089f00000| Complete 
| 159|0x0000000089f00000, 0x000000008a000000, 0x000000008a000000|100%| O|  |TAMS 0x0000000089f00000, 0x000000008a000000| Untracked 
| 160|0x000000008a000000, 0x000000008a100000, 0x000000008a100000|100%| O|  |TAMS 0x000000008a000000, 0x000000008a100000| Untracked 
| 161|0x000000008a100000, 0x000000008a200000, 0x000000008a200000|100%| O|  |TAMS 0x000000008a100000, 0x000000008a200000| Untracked 
| 162|0x000000008a200000, 0x000000008a300000, 0x000000008a300000|100%|HS|  |TAMS 0x000000008a300000, 0x000000008a300000| Complete 
| 163|0x000000008a300000, 0x000000008a400000, 0x000000008a400000|100%|HC|  |TAMS 0x000000008a400000, 0x000000008a400000| Complete 
| 164|0x000000008a400000, 0x000000008a500000, 0x000000008a500000|100%|HC|  |TAMS 0x000000008a500000, 0x000000008a500000| Complete 
| 165|0x000000008a500000, 0x000000008a600000, 0x000000008a600000|100%| O|  |TAMS 0x000000008a500000, 0x000000008a600000| Untracked 
| 166|0x000000008a600000, 0x000000008a700000, 0x000000008a700000|100%| O|  |TAMS 0x000000008a600000, 0x000000008a700000| Untracked 
| 167|0x000000008a700000, 0x000000008a800000, 0x000000008a800000|100%|HS|  |TAMS 0x000000008a800000, 0x000000008a800000| Complete 
| 168|0x000000008a800000, 0x000000008a900000, 0x000000008a900000|100%|HC|  |TAMS 0x000000008a900000, 0x000000008a900000| Complete 
| 169|0x000000008a900000, 0x000000008aa00000, 0x000000008aa00000|100%| O|  |TAMS 0x000000008aa00000, 0x000000008aa00000| Untracked 
| 170|0x000000008aa00000, 0x000000008ab00000, 0x000000008ab00000|100%| O|  |TAMS 0x000000008ab00000, 0x000000008ab00000| Untracked 
| 171|0x000000008ab00000, 0x000000008ac00000, 0x000000008ac00000|100%| O|  |TAMS 0x000000008ac00000, 0x000000008ac00000| Untracked 
| 172|0x000000008ac00000, 0x000000008ad00000, 0x000000008ad00000|100%| O|  |TAMS 0x000000008ad00000, 0x000000008ad00000| Untracked 
| 173|0x000000008ad00000, 0x000000008ae00000, 0x000000008ae00000|100%| O|  |TAMS 0x000000008ae00000, 0x000000008ae00000| Untracked 
| 174|0x000000008ae00000, 0x000000008af00000, 0x000000008af00000|100%| O|  |TAMS 0x000000008af00000, 0x000000008af00000| Untracked 
| 175|0x000000008af00000, 0x000000008b000000, 0x000000008b000000|100%| O|  |TAMS 0x000000008b000000, 0x000000008b000000| Untracked 
| 176|0x000000008b000000, 0x000000008b100000, 0x000000008b100000|100%| O|  |TAMS 0x000000008b100000, 0x000000008b100000| Untracked 
| 177|0x000000008b100000, 0x000000008b200000, 0x000000008b200000|100%| O|  |TAMS 0x000000008b200000, 0x000000008b200000| Untracked 
| 178|0x000000008b200000, 0x000000008b300000, 0x000000008b300000|100%| O|  |TAMS 0x000000008b300000, 0x000000008b300000| Untracked 
| 179|0x000000008b300000, 0x000000008b400000, 0x000000008b400000|100%| O|  |TAMS 0x000000008b400000, 0x000000008b400000| Untracked 
| 180|0x000000008b400000, 0x000000008b500000, 0x000000008b500000|100%| O|  |TAMS 0x000000008b500000, 0x000000008b500000| Untracked 
| 181|0x000000008b500000, 0x000000008b600000, 0x000000008b600000|100%| O|  |TAMS 0x000000008b600000, 0x000000008b600000| Untracked 
| 182|0x000000008b600000, 0x000000008b700000, 0x000000008b700000|100%| O|  |TAMS 0x000000008b700000, 0x000000008b700000| Untracked 
| 183|0x000000008b700000, 0x000000008b800000, 0x000000008b800000|100%| O|  |TAMS 0x000000008b717000, 0x000000008b800000| Untracked 
| 184|0x000000008b800000, 0x000000008b900000, 0x000000008b900000|100%| O|  |TAMS 0x000000008b800000, 0x000000008b900000| Untracked 
| 185|0x000000008b900000, 0x000000008ba00000, 0x000000008ba00000|100%| O|  |TAMS 0x000000008b900000, 0x000000008ba00000| Untracked 
| 186|0x000000008ba00000, 0x000000008bb00000, 0x000000008bb00000|100%| O|  |TAMS 0x000000008ba00000, 0x000000008bb00000| Untracked 
| 187|0x000000008bb00000, 0x000000008bc00000, 0x000000008bc00000|100%| O|  |TAMS 0x000000008bb00000, 0x000000008bc00000| Untracked 
| 188|0x000000008bc00000, 0x000000008bd00000, 0x000000008bd00000|100%| O|  |TAMS 0x000000008bc00000, 0x000000008bd00000| Untracked 
| 189|0x000000008bd00000, 0x000000008be00000, 0x000000008be00000|100%| O|  |TAMS 0x000000008bd00000, 0x000000008be00000| Untracked 
| 190|0x000000008be00000, 0x000000008bf00000, 0x000000008bf00000|100%| O|  |TAMS 0x000000008be00000, 0x000000008bf00000| Untracked 
| 191|0x000000008bf00000, 0x000000008c000000, 0x000000008c000000|100%| O|  |TAMS 0x000000008bf00000, 0x000000008c000000| Untracked 
| 192|0x000000008c000000, 0x000000008c100000, 0x000000008c100000|100%| O|  |TAMS 0x000000008c000000, 0x000000008c100000| Untracked 
| 193|0x000000008c100000, 0x000000008c200000, 0x000000008c200000|100%| O|  |TAMS 0x000000008c100000, 0x000000008c200000| Untracked 
| 194|0x000000008c200000, 0x000000008c300000, 0x000000008c300000|100%| O|  |TAMS 0x000000008c200000, 0x000000008c300000| Untracked 
| 195|0x000000008c300000, 0x000000008c400000, 0x000000008c400000|100%| O|  |TAMS 0x000000008c300000, 0x000000008c400000| Untracked 
| 196|0x000000008c400000, 0x000000008c500000, 0x000000008c500000|100%| O|  |TAMS 0x000000008c400000, 0x000000008c500000| Untracked 
| 197|0x000000008c500000, 0x000000008c600000, 0x000000008c600000|100%| O|  |TAMS 0x000000008c500000, 0x000000008c600000| Untracked 
| 198|0x000000008c600000, 0x000000008c700000, 0x000000008c700000|100%| O|  |TAMS 0x000000008c600000, 0x000000008c700000| Untracked 
| 199|0x000000008c700000, 0x000000008c800000, 0x000000008c800000|100%| O|  |TAMS 0x000000008c700000, 0x000000008c800000| Untracked 
| 200|0x000000008c800000, 0x000000008c900000, 0x000000008c900000|100%| O|  |TAMS 0x000000008c800000, 0x000000008c900000| Untracked 
| 201|0x000000008c900000, 0x000000008ca00000, 0x000000008ca00000|100%| O|  |TAMS 0x000000008c900000, 0x000000008ca00000| Untracked 
| 202|0x000000008ca00000, 0x000000008cb00000, 0x000000008cb00000|100%| O|  |TAMS 0x000000008ca00000, 0x000000008cb00000| Untracked 
| 203|0x000000008cb00000, 0x000000008cc00000, 0x000000008cc00000|100%| O|  |TAMS 0x000000008cb00000, 0x000000008cc00000| Untracked 
| 204|0x000000008cc00000, 0x000000008cd00000, 0x000000008cd00000|100%| O|  |TAMS 0x000000008cc00000, 0x000000008cd00000| Untracked 
| 205|0x000000008cd00000, 0x000000008ce00000, 0x000000008ce00000|100%| O|  |TAMS 0x000000008cd00000, 0x000000008ce00000| Untracked 
| 206|0x000000008ce00000, 0x000000008cf00000, 0x000000008cf00000|100%| O|  |TAMS 0x000000008ce00000, 0x000000008cf00000| Untracked 
| 207|0x000000008cf00000, 0x000000008cf80000, 0x000000008d000000| 50%| O|  |TAMS 0x000000008cf00000, 0x000000008cf80000| Untracked 
| 208|0x000000008d000000, 0x000000008d000000, 0x000000008d100000|  0%| F|  |TAMS 0x000000008d000000, 0x000000008d000000| Untracked 
| 209|0x000000008d100000, 0x000000008d100000, 0x000000008d200000|  0%| F|  |TAMS 0x000000008d100000, 0x000000008d100000| Untracked 
| 210|0x000000008d200000, 0x000000008d200000, 0x000000008d300000|  0%| F|  |TAMS 0x000000008d200000, 0x000000008d200000| Untracked 
| 211|0x000000008d300000, 0x000000008d300000, 0x000000008d400000|  0%| F|  |TAMS 0x000000008d300000, 0x000000008d300000| Untracked 
| 212|0x000000008d400000, 0x000000008d400000, 0x000000008d500000|  0%| F|  |TAMS 0x000000008d400000, 0x000000008d400000| Untracked 
| 213|0x000000008d500000, 0x000000008d500000, 0x000000008d600000|  0%| F|  |TAMS 0x000000008d500000, 0x000000008d500000| Untracked 
| 214|0x000000008d600000, 0x000000008d600000, 0x000000008d700000|  0%| F|  |TAMS 0x000000008d600000, 0x000000008d600000| Untracked 
| 215|0x000000008d700000, 0x000000008d700000, 0x000000008d800000|  0%| F|  |TAMS 0x000000008d700000, 0x000000008d700000| Untracked 
| 216|0x000000008d800000, 0x000000008d800000, 0x000000008d900000|  0%| F|  |TAMS 0x000000008d800000, 0x000000008d800000| Untracked 
| 217|0x000000008d900000, 0x000000008d900000, 0x000000008da00000|  0%| F|  |TAMS 0x000000008d900000, 0x000000008d900000| Untracked 
| 218|0x000000008da00000, 0x000000008da00000, 0x000000008db00000|  0%| F|  |TAMS 0x000000008da00000, 0x000000008da00000| Untracked 
| 219|0x000000008db00000, 0x000000008db00000, 0x000000008dc00000|  0%| F|  |TAMS 0x000000008db00000, 0x000000008db00000| Untracked 
| 220|0x000000008dc00000, 0x000000008dc00000, 0x000000008dd00000|  0%| F|  |TAMS 0x000000008dc00000, 0x000000008dc00000| Untracked 
| 221|0x000000008dd00000, 0x000000008dd00000, 0x000000008de00000|  0%| F|  |TAMS 0x000000008dd00000, 0x000000008dd00000| Untracked 
| 222|0x000000008de00000, 0x000000008de00000, 0x000000008df00000|  0%| F|  |TAMS 0x000000008de00000, 0x000000008de00000| Untracked 
| 223|0x000000008df00000, 0x000000008df00000, 0x000000008e000000|  0%| F|  |TAMS 0x000000008df00000, 0x000000008df00000| Untracked 
| 224|0x000000008e000000, 0x000000008e000000, 0x000000008e100000|  0%| F|  |TAMS 0x000000008e000000, 0x000000008e000000| Untracked 
| 225|0x000000008e100000, 0x000000008e100000, 0x000000008e200000|  0%| F|  |TAMS 0x000000008e100000, 0x000000008e100000| Untracked 
| 226|0x000000008e200000, 0x000000008e200000, 0x000000008e300000|  0%| F|  |TAMS 0x000000008e200000, 0x000000008e200000| Untracked 
| 227|0x000000008e300000, 0x000000008e300000, 0x000000008e400000|  0%| F|  |TAMS 0x000000008e300000, 0x000000008e300000| Untracked 
| 228|0x000000008e400000, 0x000000008e400000, 0x000000008e500000|  0%| F|  |TAMS 0x000000008e400000, 0x000000008e400000| Untracked 
| 229|0x000000008e500000, 0x000000008e500000, 0x000000008e600000|  0%| F|  |TAMS 0x000000008e500000, 0x000000008e500000| Untracked 
| 230|0x000000008e600000, 0x000000008e600000, 0x000000008e700000|  0%| F|  |TAMS 0x000000008e600000, 0x000000008e600000| Untracked 
| 231|0x000000008e700000, 0x000000008e700000, 0x000000008e800000|  0%| F|  |TAMS 0x000000008e700000, 0x000000008e700000| Untracked 
| 232|0x000000008e800000, 0x000000008e800000, 0x000000008e900000|  0%| F|  |TAMS 0x000000008e800000, 0x000000008e800000| Untracked 
| 233|0x000000008e900000, 0x000000008e900000, 0x000000008ea00000|  0%| F|  |TAMS 0x000000008e900000, 0x000000008e900000| Untracked 
| 234|0x000000008ea00000, 0x000000008ea00000, 0x000000008eb00000|  0%| F|  |TAMS 0x000000008ea00000, 0x000000008ea00000| Untracked 
| 235|0x000000008eb00000, 0x000000008eb00000, 0x000000008ec00000|  0%| F|  |TAMS 0x000000008eb00000, 0x000000008eb00000| Untracked 
| 236|0x000000008ec00000, 0x000000008ec00000, 0x000000008ed00000|  0%| F|  |TAMS 0x000000008ec00000, 0x000000008ec00000| Untracked 
| 237|0x000000008ed00000, 0x000000008ed00000, 0x000000008ee00000|  0%| F|  |TAMS 0x000000008ed00000, 0x000000008ed00000| Untracked 
| 238|0x000000008ee00000, 0x000000008ee00000, 0x000000008ef00000|  0%| F|  |TAMS 0x000000008ee00000, 0x000000008ee00000| Untracked 
| 239|0x000000008ef00000, 0x000000008ef00000, 0x000000008f000000|  0%| F|  |TAMS 0x000000008ef00000, 0x000000008ef00000| Untracked 
| 240|0x000000008f000000, 0x000000008f000000, 0x000000008f100000|  0%| F|  |TAMS 0x000000008f000000, 0x000000008f000000| Untracked 
| 241|0x000000008f100000, 0x000000008f100000, 0x000000008f200000|  0%| F|  |TAMS 0x000000008f100000, 0x000000008f100000| Untracked 
| 242|0x000000008f200000, 0x000000008f200000, 0x000000008f300000|  0%| F|  |TAMS 0x000000008f200000, 0x000000008f200000| Untracked 
| 243|0x000000008f300000, 0x000000008f300000, 0x000000008f400000|  0%| F|  |TAMS 0x000000008f300000, 0x000000008f300000| Untracked 
| 244|0x000000008f400000, 0x000000008f400000, 0x000000008f500000|  0%| F|  |TAMS 0x000000008f400000, 0x000000008f400000| Untracked 
| 245|0x000000008f500000, 0x000000008f500000, 0x000000008f600000|  0%| F|  |TAMS 0x000000008f500000, 0x000000008f500000| Untracked 
| 246|0x000000008f600000, 0x000000008f600000, 0x000000008f700000|  0%| F|  |TAMS 0x000000008f600000, 0x000000008f600000| Untracked 
| 247|0x000000008f700000, 0x000000008f700000, 0x000000008f800000|  0%| F|  |TAMS 0x000000008f700000, 0x000000008f700000| Untracked 
| 248|0x000000008f800000, 0x000000008f800000, 0x000000008f900000|  0%| F|  |TAMS 0x000000008f800000, 0x000000008f800000| Untracked 
| 249|0x000000008f900000, 0x000000008f900000, 0x000000008fa00000|  0%| F|  |TAMS 0x000000008f900000, 0x000000008f900000| Untracked 
| 250|0x000000008fa00000, 0x000000008fa00000, 0x000000008fb00000|  0%| F|  |TAMS 0x000000008fa00000, 0x000000008fa00000| Untracked 
| 251|0x000000008fb00000, 0x000000008fb00000, 0x000000008fc00000|  0%| F|  |TAMS 0x000000008fb00000, 0x000000008fb00000| Untracked 
| 252|0x000000008fc00000, 0x000000008fc00000, 0x000000008fd00000|  0%| F|  |TAMS 0x000000008fc00000, 0x000000008fc00000| Untracked 
| 253|0x000000008fd00000, 0x000000008fd00000, 0x000000008fe00000|  0%| F|  |TAMS 0x000000008fd00000, 0x000000008fd00000| Untracked 
| 254|0x000000008fe00000, 0x000000008fe00000, 0x000000008ff00000|  0%| F|  |TAMS 0x000000008fe00000, 0x000000008fe00000| Untracked 
| 255|0x000000008ff00000, 0x000000008ff00000, 0x0000000090000000|  0%| F|  |TAMS 0x000000008ff00000, 0x000000008ff00000| Untracked 
| 256|0x0000000090000000, 0x0000000090000000, 0x0000000090100000|  0%| F|  |TAMS 0x0000000090000000, 0x0000000090000000| Untracked 
| 257|0x0000000090100000, 0x0000000090100000, 0x0000000090200000|  0%| F|  |TAMS 0x0000000090100000, 0x0000000090100000| Untracked 
| 258|0x0000000090200000, 0x0000000090200000, 0x0000000090300000|  0%| F|  |TAMS 0x0000000090200000, 0x0000000090200000| Untracked 
| 259|0x0000000090300000, 0x0000000090300000, 0x0000000090400000|  0%| F|  |TAMS 0x0000000090300000, 0x0000000090300000| Untracked 
| 260|0x0000000090400000, 0x0000000090400000, 0x0000000090500000|  0%| F|  |TAMS 0x0000000090400000, 0x0000000090400000| Untracked 
| 261|0x0000000090500000, 0x0000000090500000, 0x0000000090600000|  0%| F|  |TAMS 0x0000000090500000, 0x0000000090500000| Untracked 
| 262|0x0000000090600000, 0x00000000906e7ba0, 0x0000000090700000| 90%| S|CS|TAMS 0x0000000090600000, 0x0000000090600000| Complete 
| 263|0x0000000090700000, 0x0000000090800000, 0x0000000090800000|100%| S|CS|TAMS 0x0000000090700000, 0x0000000090700000| Complete 
| 264|0x0000000090800000, 0x0000000090800000, 0x0000000090900000|  0%| F|  |TAMS 0x0000000090800000, 0x0000000090800000| Untracked 
| 265|0x0000000090900000, 0x0000000090900000, 0x0000000090a00000|  0%| F|  |TAMS 0x0000000090900000, 0x0000000090900000| Untracked 
| 266|0x0000000090a00000, 0x0000000090a00000, 0x0000000090b00000|  0%| F|  |TAMS 0x0000000090a00000, 0x0000000090a00000| Untracked 

Card table byte_map: [0x000001c1f9130000,0x000001c1f9530000] _byte_map_base: 0x000001c1f8d30000

Marking Bits (Prev, Next): (CMBitMap*) 0x000001c1f52838a0, (CMBitMap*) 0x000001c1f5283868
 Prev Bits: [0x000001c1fb930000, 0x000001c1fd930000)
 Next Bits: [0x000001c1f9930000, 0x000001c1fb930000)

Polling page: 0x000001c1f4a10000

Metaspace:

Usage:
  Non-class:     91.12 MB capacity,    89.76 MB ( 99%) used,     1.09 MB (  1%) free+waste,   278.38 KB ( <1%) overhead. 
      Class:     13.88 MB capacity,    13.04 MB ( 94%) used,   734.04 KB (  5%) free+waste,   122.25 KB ( <1%) overhead. 
       Both:    105.00 MB capacity,   102.80 MB ( 98%) used,     1.80 MB (  2%) free+waste,   400.63 KB ( <1%) overhead. 

Virtual space:
  Non-class space:       92.00 MB reserved,      91.25 MB (>99%) committed 
      Class space:        1.00 GB reserved,      14.00 MB (  1%) committed 
             Both:        1.09 GB reserved,     105.25 MB (  9%) committed 

Chunk freelists:
   Non-Class:  7.00 KB
       Class:  0 bytes
        Both:  7.00 KB

MaxMetaspaceSize: 17179869184.00 GB
CompressedClassSpaceSize: 1.00 GB

CodeHeap 'non-profiled nmethods': size=120064Kb used=7399Kb max_used=7399Kb free=112664Kb
 bounds [0x000001c187ac0000, 0x000001c188200000, 0x000001c18f000000]
CodeHeap 'profiled nmethods': size=120000Kb used=27846Kb max_used=27846Kb free=92153Kb
 bounds [0x000001c180590000, 0x000001c1820d0000, 0x000001c187ac0000]
CodeHeap 'non-nmethods': size=5696Kb used=2335Kb max_used=2358Kb free=3360Kb
 bounds [0x000001c180000000, 0x000001c180270000, 0x000001c180590000]
 total_blobs=13346 nmethods=12418 adapters=837
 compilation: enabled
              stopped_count=0, restarted_count=0
 full_count=0

Compilation events (20 events):
Event: 26.374 Thread 0x000001c1ffe4b800 12593       3       jdk.internal.jimage.ImageReader$Directory::create (21 bytes)
Event: 26.375 Thread 0x000001c1ffe4b800 nmethod 12593 0x000001c1820b5b90 code [0x000001c1820b5e00, 0x000001c1820b6908]
Event: 26.375 Thread 0x000001c1ffe4b800 12594       3       jdk.internal.jimage.ImageReader$Directory::<init> (18 bytes)
Event: 26.376 Thread 0x000001c1ffe4b800 nmethod 12594 0x000001c1820b6d10 code [0x000001c1820b6f40, 0x000001c1820b77f8]
Event: 26.376 Thread 0x000001c1ffe4b800 12587       3       jdk.internal.jimage.ImageReader$SharedImageReader::handlePackages (251 bytes)
Event: 26.380 Thread 0x000001c1ffe4b800 nmethod 12587 0x000001c1820b7a90 code [0x000001c1820b8100, 0x000001c1820bb3c8]
Event: 26.380 Thread 0x000001c1ffe4b800 12588       3       jdk.internal.jimage.ImageReader$SharedImageReader$$Lambda$1106/0x0000000100de0440::visit (9 bytes)
Event: 26.381 Thread 0x000001c1ffe4b800 nmethod 12588 0x000001c1820bc810 code [0x000001c1820bc9e0, 0x000001c1820bcc38]
Event: 26.381 Thread 0x000001c1ffe4b800 12589       3       jdk.internal.jimage.ImageReader$SharedImageReader::lambda$handlePackages$0 (10 bytes)
Event: 26.381 Thread 0x000001c1ffe4b800 nmethod 12589 0x000001c1820bcd90 code [0x000001c1820bcf60, 0x000001c1820bd158]
Event: 26.384 Thread 0x000001c1ffe4b800 12596       3       jdk.internal.jimage.ImageReader$Node::<init> (27 bytes)
Event: 26.384 Thread 0x000001c1ffe4b800 nmethod 12596 0x000001c1820bd290 code [0x000001c1820bd4a0, 0x000001c1820bda58]
Event: 26.387 Thread 0x000001c1ffe4b800 12597       3       jdk.internal.jimage.BasicImageReader::getLocation (6 bytes)
Event: 26.387 Thread 0x000001c1ffe4b800 nmethod 12597 0x000001c1820bdc10 code [0x000001c1820bde40, 0x000001c1820be5e8]
Event: 26.389 Thread 0x000001c1ffe4b800 12599   !   3       jdk.internal.jimage.ImageReader$SharedImageReader::imageFileAttributes (45 bytes)
Event: 26.390 Thread 0x000001c1ffe4b800 nmethod 12599 0x000001c1820be890 code [0x000001c1820beaa0, 0x000001c1820bf198]
Event: 26.468 Thread 0x000001c1ffe4b800 12600   !   3       jdk.internal.loader.BuiltinClassLoader::findResource (154 bytes)
Event: 26.470 Thread 0x000001c1ffe4b800 nmethod 12600 0x000001c1820bf490 code [0x000001c1820bf800, 0x000001c1820c0ba8]
Event: 26.473 Thread 0x000001c1ffe4b800 12601       3       jdk.internal.loader.BuiltinClassLoader::findClassInModuleOrNull (30 bytes)
Event: 26.474 Thread 0x000001c1ffe4b800 nmethod 12601 0x000001c1820c1390 code [0x000001c1820c1580, 0x000001c1820c1948]

GC Heap History (20 events):
Event: 18.528 GC heap after
{Heap after GC invocations=20 (full 0):
 garbage-first heap   total 227328K, used 85952K [0x0000000080000000, 0x0000000100000000)
  region size 1024K, 14 young (14336K), 14 survivors (14336K)
 Metaspace       used 85814K, capacity 87906K, committed 88064K, reserved 1126400K
  class space    used 11158K, capacity 11957K, committed 12032K, reserved 1048576K
}
Event: 19.665 GC heap before
{Heap before GC invocations=20 (full 0):
 garbage-first heap   total 227328K, used 175040K [0x0000000080000000, 0x0000000100000000)
  region size 1024K, 102 young (104448K), 14 survivors (14336K)
 Metaspace       used 86355K, capacity 88464K, committed 88576K, reserved 1126400K
  class space    used 11182K, capacity 11981K, committed 12032K, reserved 1048576K
}
Event: 19.701 GC heap after
{Heap after GC invocations=21 (full 0):
 garbage-first heap   total 227328K, used 92405K [0x0000000080000000, 0x0000000100000000)
  region size 1024K, 9 young (9216K), 9 survivors (9216K)
 Metaspace       used 86355K, capacity 88464K, committed 88576K, reserved 1126400K
  class space    used 11182K, capacity 11981K, committed 12032K, reserved 1048576K
}
Event: 20.756 GC heap before
{Heap before GC invocations=21 (full 0):
 garbage-first heap   total 227328K, used 176373K [0x0000000080000000, 0x0000000100000000)
  region size 1024K, 92 young (94208K), 9 survivors (9216K)
 Metaspace       used 89975K, capacity 92112K, committed 92416K, reserved 1128448K
  class space    used 11648K, capacity 12465K, committed 12544K, reserved 1048576K
}
Event: 20.779 GC heap after
{Heap after GC invocations=22 (full 0):
 garbage-first heap   total 273408K, used 96196K [0x0000000080000000, 0x0000000100000000)
  region size 1024K, 6 young (6144K), 6 survivors (6144K)
 Metaspace       used 89975K, capacity 92112K, committed 92416K, reserved 1128448K
  class space    used 11648K, capacity 12465K, committed 12544K, reserved 1048576K
}
Event: 22.558 GC heap before
{Heap before GC invocations=22 (full 0):
 garbage-first heap   total 273408K, used 210884K [0x0000000080000000, 0x0000000100000000)
  region size 1024K, 114 young (116736K), 6 survivors (6144K)
 Metaspace       used 93902K, capacity 96060K, committed 96256K, reserved 1132544K
  class space    used 12131K, capacity 12974K, committed 13056K, reserved 1048576K
}
Event: 22.587 GC heap after
{Heap after GC invocations=23 (full 0):
 garbage-first heap   total 273408K, used 104388K [0x0000000080000000, 0x0000000100000000)
  region size 1024K, 11 young (11264K), 11 survivors (11264K)
 Metaspace       used 93902K, capacity 96060K, committed 96256K, reserved 1132544K
  class space    used 12131K, capacity 12974K, committed 13056K, reserved 1048576K
}
Event: 24.171 GC heap before
{Heap before GC invocations=23 (full 0):
 garbage-first heap   total 273408K, used 228292K [0x0000000080000000, 0x0000000100000000)
  region size 1024K, 120 young (122880K), 11 survivors (11264K)
 Metaspace       used 97076K, capacity 99371K, committed 99584K, reserved 1136640K
  class space    used 12368K, capacity 13220K, committed 13312K, reserved 1048576K
}
Event: 24.201 GC heap after
{Heap after GC invocations=24 (full 0):
 garbage-first heap   total 273408K, used 125619K [0x0000000080000000, 0x0000000100000000)
  region size 1024K, 11 young (11264K), 11 survivors (11264K)
 Metaspace       used 97076K, capacity 99371K, committed 99584K, reserved 1136640K
  class space    used 12368K, capacity 13220K, committed 13312K, reserved 1048576K
}
Event: 24.242 GC heap before
{Heap before GC invocations=24 (full 0):
 garbage-first heap   total 273408K, used 134835K [0x0000000080000000, 0x0000000100000000)
  region size 1024K, 14 young (14336K), 11 survivors (11264K)
 Metaspace       used 97076K, capacity 99371K, committed 99584K, reserved 1136640K
  class space    used 12368K, capacity 13220K, committed 13312K, reserved 1048576K
}
Event: 24.254 GC heap after
{Heap after GC invocations=25 (full 0):
 garbage-first heap   total 273408K, used 136839K [0x0000000080000000, 0x0000000100000000)
  region size 1024K, 3 young (3072K), 3 survivors (3072K)
 Metaspace       used 97076K, capacity 99371K, committed 99584K, reserved 1136640K
  class space    used 12368K, capacity 13220K, committed 13312K, reserved 1048576K
}
Event: 24.862 GC heap before
{Heap before GC invocations=26 (full 0):
 garbage-first heap   total 273408K, used 193159K [0x0000000080000000, 0x0000000100000000)
  region size 1024K, 32 young (32768K), 3 survivors (3072K)
 Metaspace       used 101773K, capacity 104052K, committed 104320K, reserved 1140736K
  class space    used 12987K, capacity 13844K, committed 13952K, reserved 1048576K
}
Event: 24.869 GC heap after
{Heap after GC invocations=27 (full 0):
 garbage-first heap   total 273408K, used 157319K [0x0000000080000000, 0x0000000100000000)
  region size 1024K, 9 young (9216K), 9 survivors (9216K)
 Metaspace       used 101773K, capacity 104052K, committed 104320K, reserved 1140736K
  class space    used 12987K, capacity 13844K, committed 13952K, reserved 1048576K
}
Event: 25.525 GC heap before
{Heap before GC invocations=28 (full 0):
 garbage-first heap   total 273408K, used 228999K [0x0000000080000000, 0x0000000100000000)
  region size 1024K, 61 young (62464K), 9 survivors (9216K)
 Metaspace       used 103550K, capacity 105795K, committed 105984K, reserved 1140736K
  class space    used 13199K, capacity 14064K, committed 14080K, reserved 1048576K
}
Event: 25.601 GC heap after
{Heap after GC invocations=29 (full 0):
 garbage-first heap   total 273408K, used 185436K [0x0000000080000000, 0x0000000100000000)
  region size 1024K, 8 young (8192K), 8 survivors (8192K)
 Metaspace       used 103550K, capacity 105795K, committed 105984K, reserved 1140736K
  class space    used 13199K, capacity 14064K, committed 14080K, reserved 1048576K
}
Event: 26.038 GC heap before
{Heap before GC invocations=29 (full 0):
 garbage-first heap   total 273408K, used 223324K [0x0000000080000000, 0x0000000100000000)
  region size 1024K, 42 young (43008K), 8 survivors (8192K)
 Metaspace       used 104870K, capacity 107112K, committed 107136K, reserved 1142784K
  class space    used 13335K, capacity 14205K, committed 14208K, reserved 1048576K
}
Event: 26.094 GC heap after
{Heap after GC invocations=30 (full 0):
 garbage-first heap   total 273408K, used 199361K [0x0000000080000000, 0x0000000100000000)
  region size 1024K, 6 young (6144K), 6 survivors (6144K)
 Metaspace       used 104870K, capacity 107112K, committed 107136K, reserved 1142784K
  class space    used 13335K, capacity 14205K, committed 14208K, reserved 1048576K
}
Event: 26.393 GC heap before
{Heap before GC invocations=31 (full 0):
 garbage-first heap   total 273408K, used 225985K [0x0000000080000000, 0x0000000100000000)
  region size 1024K, 31 young (31744K), 6 survivors (6144K)
 Metaspace       used 105217K, capacity 107513K, committed 107776K, reserved 1142784K
  class space    used 13351K, capacity 14210K, committed 14336K, reserved 1048576K
}
Event: 26.453 GC heap after
{Heap after GC invocations=32 (full 0):
 garbage-first heap   total 273408K, used 211968K [0x0000000080000000, 0x0000000100000000)
  region size 1024K, 4 young (4096K), 4 survivors (4096K)
 Metaspace       used 105217K, capacity 107513K, committed 107776K, reserved 1142784K
  class space    used 13351K, capacity 14210K, committed 14336K, reserved 1048576K
}
Event: 26.484 GC heap before
{Heap before GC invocations=32 (full 0):
 garbage-first heap   total 273408K, used 212992K [0x0000000080000000, 0x0000000100000000)
  region size 1024K, 7 young (7168K), 4 survivors (4096K)
 Metaspace       used 105269K, capacity 107516K, committed 107776K, reserved 1142784K
  class space    used 13354K, capacity 14211K, committed 14336K, reserved 1048576K
}

Deoptimization events (20 events):
Event: 26.145 Thread 0x000001c191a50000 DEOPT PACKING pc=0x000001c181f9e1ae sp=0x0000008be39fd680
Event: 26.145 Thread 0x000001c191a50000 DEOPT UNPACKING pc=0x000001c180026dde sp=0x0000008be39fcd40 mode 0
Event: 26.154 Thread 0x000001c191a50000 DEOPT PACKING pc=0x000001c181f9e1ae sp=0x0000008be39fd680
Event: 26.154 Thread 0x000001c191a50000 DEOPT UNPACKING pc=0x000001c180026dde sp=0x0000008be39fcd40 mode 0
Event: 26.155 Thread 0x000001c191a50000 DEOPT PACKING pc=0x000001c181f9e1ae sp=0x0000008be39fd680
Event: 26.155 Thread 0x000001c191a50000 DEOPT UNPACKING pc=0x000001c180026dde sp=0x0000008be39fcd40 mode 0
Event: 26.159 Thread 0x000001c191a50000 DEOPT PACKING pc=0x000001c181f9e1ae sp=0x0000008be39fd680
Event: 26.159 Thread 0x000001c191a50000 DEOPT UNPACKING pc=0x000001c180026dde sp=0x0000008be39fcd40 mode 0
Event: 26.163 Thread 0x000001c191a50000 DEOPT PACKING pc=0x000001c181f9e1ae sp=0x0000008be39fd680
Event: 26.163 Thread 0x000001c191a50000 DEOPT UNPACKING pc=0x000001c180026dde sp=0x0000008be39fcd40 mode 0
Event: 26.165 Thread 0x000001c191a50000 DEOPT PACKING pc=0x000001c181f9e1ae sp=0x0000008be39fd680
Event: 26.165 Thread 0x000001c191a50000 DEOPT UNPACKING pc=0x000001c180026dde sp=0x0000008be39fcd40 mode 0
Event: 26.167 Thread 0x000001c191a50000 DEOPT PACKING pc=0x000001c181f9e1ae sp=0x0000008be39fd680
Event: 26.167 Thread 0x000001c191a50000 DEOPT UNPACKING pc=0x000001c180026dde sp=0x0000008be39fcd40 mode 0
Event: 26.208 Thread 0x000001c191a50000 DEOPT PACKING pc=0x000001c181f9e1ae sp=0x0000008be39fd680
Event: 26.208 Thread 0x000001c191a50000 DEOPT UNPACKING pc=0x000001c180026dde sp=0x0000008be39fcd40 mode 0
Event: 26.327 Thread 0x000001c1934a2000 Uncommon trap: trap_request=0xffffff4d fr.pc=0x000001c188198eb4 relative=0x0000000000000094
Event: 26.327 Thread 0x000001c1934a2000 Uncommon trap: reason=unstable_if action=reinterpret pc=0x000001c188198eb4 method=jdk.internal.misc.Unsafe.convEndian(ZI)I @ 4 c2
Event: 26.327 Thread 0x000001c1934a2000 DEOPT PACKING pc=0x000001c188198eb4 sp=0x0000008be37fc600
Event: 26.327 Thread 0x000001c1934a2000 DEOPT UNPACKING pc=0x000001c18002662f sp=0x0000008be37fc4b8 mode 2

Classes redefined (0 events):
No events

Internal exceptions (20 events):
Event: 16.703 Thread 0x000001c1923a0000 Exception <a 'java/lang/NoSuchMethodError'{0x0000000089072450}: 'void java.lang.invoke.DirectMethodHandle$Holder.invokeStatic(java.lang.Object, java.lang.Object, java.lang.Object, int)'> (0x0000000089072450) thrown at [./src/hotspot/share/interpreter/linkResolver.cpp, line 773]
Event: 16.704 Thread 0x000001c192897800 Exception <a 'java/lang/NoSuchMethodError'{0x00000000890b40e0}: <clinit>> (0x00000000890b40e0) thrown at [./src/hotspot/share/prims/jni.cpp, line 1362]
Event: 16.782 Thread 0x000001c1934a1000 Exception <a 'java/lang/IncompatibleClassChangeError'{0x0000000088ff00a0}: Found class java.lang.Object, but interface was expected> (0x0000000088ff00a0) thrown at [./src/hotspot/share/interpreter/linkResolver.cpp, line 839]
Event: 16.788 Thread 0x000001c1934a1000 Exception <a 'java/lang/IncompatibleClassChangeError'{0x0000000088e3ae20}: Found class java.lang.Object, but interface was expected> (0x0000000088e3ae20) thrown at [./src/hotspot/share/interpreter/linkResolver.cpp, line 839]
Event: 16.832 Thread 0x000001c1934a1000 Exception <a 'java/lang/NoSuchMethodError'{0x0000000088c836a0}: 'int java.lang.invoke.DirectMethodHandle$Holder.invokeStaticInit(java.lang.Object, java.lang.Object, java.lang.Object, java.lang.Object, java.lang.Object)'> (0x0000000088c836a0) thrown at [./src/hotspot/share/interpreter/linkResolver.cpp, line 773]
Event: 17.355 Thread 0x000001c1934a1000 Exception <a 'java/lang/NoSuchMethodError'{0x000000008d6703b8}: 'void java.lang.invoke.DirectMethodHandle$Holder.invokeStatic(java.lang.Object, java.lang.Object, java.lang.Object, java.lang.Object, int, java.lang.Object, java.lang.Object)'> (0x000000008d6703b8) thrown at [./src/hotspot/share/interpreter/linkResolver.cpp, line 773]
Event: 17.388 Thread 0x000001c193229800 Exception <a 'java/lang/NoSuchMethodError'{0x000000008d0b4d30}: 'java.lang.Object java.lang.invoke.DirectMethodHandle$Holder.invokeSpecialIFC(java.lang.Object, java.lang.Object, java.lang.Object)'> (0x000000008d0b4d30) thrown at [./src/hotspot/share/interpreter/linkResolver.cpp, line 773]
Event: 17.792 Thread 0x000001c193229800 Exception <a 'java/lang/NoSuchMethodError'{0x000000008ba31f28}: 'void java.lang.invoke.DirectMethodHandle$Holder.invokeVirtual(java.lang.Object, java.lang.Object)'> (0x000000008ba31f28) thrown at [./src/hotspot/share/interpreter/linkResolver.cpp, line 773]
Event: 19.282 Thread 0x000001c1923a0000 Exception <a 'java/lang/NoSuchMethodError'{0x000000008b024f28}: <clinit>> (0x000000008b024f28) thrown at [./src/hotspot/share/prims/jni.cpp, line 1362]
Event: 19.282 Thread 0x000001c1923a0000 Exception <a 'java/lang/NoSuchMethodError'{0x000000008b026fd0}: <clinit>> (0x000000008b026fd0) thrown at [./src/hotspot/share/prims/jni.cpp, line 1362]
Event: 19.282 Thread 0x000001c1923a0000 Exception <a 'java/lang/NoSuchMethodError'{0x000000008b029c10}: <clinit>> (0x000000008b029c10) thrown at [./src/hotspot/share/prims/jni.cpp, line 1362]
Event: 19.285 Thread 0x000001c1923a0000 Exception <a 'java/lang/NoSuchMethodError'{0x000000008b04e960}: <clinit>> (0x000000008b04e960) thrown at [./src/hotspot/share/prims/jni.cpp, line 1362]
Event: 19.285 Thread 0x000001c1923a0000 Exception <a 'java/lang/NoSuchMethodError'{0x000000008b050638}: <clinit>> (0x000000008b050638) thrown at [./src/hotspot/share/prims/jni.cpp, line 1362]
Event: 21.290 Thread 0x000001c1923a0000 Exception <a 'java/lang/NoSuchMethodError'{0x000000008e7a6d28}: 'int java.lang.invoke.DirectMethodHandle$Holder.invokeSpecial(java.lang.Object, java.lang.Object, java.lang.Object, java.lang.Object, java.lang.Object)'> (0x000000008e7a6d28) thrown at [./src/hotspot/share/interpreter/linkResolver.cpp, line 773]
Event: 21.789 Thread 0x000001c1923a0000 Exception <a 'java/lang/NoSuchMethodError'{0x000000008c96ec08}: <clinit>> (0x000000008c96ec08) thrown at [./src/hotspot/share/prims/jni.cpp, line 1362]
Event: 22.166 Thread 0x000001c1923a0000 Exception <a 'java/lang/NoSuchMethodError'{0x000000008b0a0918}: <clinit>> (0x000000008b0a0918) thrown at [./src/hotspot/share/prims/jni.cpp, line 1362]
Event: 24.384 Thread 0x000001c191a50000 Exception <a 'sun/nio/fs/WindowsException'{0x00000000903dbb90}> (0x00000000903dbb90) thrown at [./src/hotspot/share/prims/jni.cpp, line 615]
Event: 24.835 Thread 0x000001c191a50000 Exception <a 'java/lang/NoSuchMethodError'{0x000000008f3c2ef8}: 'java.lang.Object java.lang.invoke.DirectMethodHandle$Holder.invokeStaticInit(java.lang.Object, java.lang.Object, java.lang.Object, java.lang.Object, java.lang.Object, java.lang.Object, java.lang.Object, java.lang.Object, java.lang.Object, java.lang.Object, java.lang.Object, java.lang.Object, java.lang.Object, java.lang.Object, java.lang.Object, java.lang.Object, java.lang.Object, java.lang.Object, int, java.lang.Object, java.lang.Object)'> (0
Event: 24.968 Thread 0x000001c1934a2000 Exception <a 'sun/nio/fs/WindowsException'{0x000000008ff8dd30}> (0x000000008ff8dd30) thrown at [./src/hotspot/share/prims/jni.cpp, line 615]
Event: 24.968 Thread 0x000001c1934a2000 Exception <a 'sun/nio/fs/WindowsException'{0x000000008ff8de18}> (0x000000008ff8de18) thrown at [./src/hotspot/share/prims/jni.cpp, line 615]

Events (20 events):
Event: 26.337 loading class com/sun/tools/javac/code/DeferredCompletionFailureHandler$FlipSymbolDescription done
Event: 26.337 loading class com/sun/tools/javac/code/DeferredCompletionFailureHandler$FlipSymbolDescription
Event: 26.337 loading class com/sun/tools/javac/code/DeferredCompletionFailureHandler$FlipSymbolDescription done
Event: 26.338 loading class com/sun/tools/javac/code/DeferredCompletionFailureHandler$FlipSymbolDescription
Event: 26.338 loading class com/sun/tools/javac/code/DeferredCompletionFailureHandler$FlipSymbolDescription done
Event: 26.339 loading class com/sun/tools/javac/code/Symbol$PackageSymbol
Event: 26.339 loading class com/sun/tools/javac/code/Symbol$PackageSymbol done
Event: 26.342 loading class jdk/internal/jimage/ImageReader$LinkNode
Event: 26.343 loading class jdk/internal/jimage/ImageReader$LinkNode done
Event: 26.343 Executing VM operation: Deoptimize
Event: 26.345 Executing VM operation: Deoptimize done
Event: 26.392 loading class com/sun/tools/javac/resources/spi/ctProvider
Event: 26.392 loading class com/sun/tools/javac/resources/spi/ctProvider done
Event: 26.392 Executing VM operation: G1CollectForAllocation
Event: 26.453 Executing VM operation: G1CollectForAllocation done
Event: 26.472 loading class com/sun/tools/javac/code/Symbol$PackageSymbol
Event: 26.473 loading class com/sun/tools/javac/code/Symbol$PackageSymbol done
Event: 26.473 loading class com/sun/tools/javac/code/ClassFinder
Event: 26.473 loading class com/sun/tools/javac/code/ClassFinder done
Event: 26.484 Executing VM operation: G1CollectForAllocation


Dynamic libraries:
0x00007ff7323e0000 - 0x00007ff7323ea000 	C:\Program Files\Android\Android Studio New\jre\bin\java.exe
0x00007ffbc5380000 - 0x00007ffbc5570000 	C:\WINDOWS\SYSTEM32\ntdll.dll
0x00007ffbc3690000 - 0x00007ffbc3742000 	C:\WINDOWS\System32\KERNEL32.DLL
0x00007ffbc2490000 - 0x00007ffbc2735000 	C:\WINDOWS\System32\KERNELBASE.dll
0x00007ffbc2a60000 - 0x00007ffbc2b5a000 	C:\WINDOWS\System32\ucrtbase.dll
0x00007ffb9fad0000 - 0x00007ffb9fae7000 	C:\Program Files\Android\Android Studio New\jre\bin\VCRUNTIME140.dll
0x00007ffbb79e0000 - 0x00007ffbb79f9000 	C:\Program Files\Android\Android Studio New\jre\bin\jli.dll
0x00007ffbc51a0000 - 0x00007ffbc5334000 	C:\WINDOWS\System32\USER32.dll
0x00007ffba7b80000 - 0x00007ffba7e04000 	C:\WINDOWS\WinSxS\amd64_microsoft.windows.common-controls_6595b64144ccf1df_6.0.18362.1256_none_9e7e379be45e40e2\COMCTL32.dll
0x00007ffbc2a30000 - 0x00007ffbc2a51000 	C:\WINDOWS\System32\win32u.dll
0x00007ffbc5100000 - 0x00007ffbc519e000 	C:\WINDOWS\System32\msvcrt.dll
0x00007ffbc4fb0000 - 0x00007ffbc4fd6000 	C:\WINDOWS\System32\GDI32.dll
0x00007ffbc22f0000 - 0x00007ffbc2486000 	C:\WINDOWS\System32\gdi32full.dll
0x00007ffbc4550000 - 0x00007ffbc4886000 	C:\WINDOWS\System32\combase.dll
0x00007ffbc2770000 - 0x00007ffbc280e000 	C:\WINDOWS\System32\msvcp_win.dll
0x00007ffbc4fe0000 - 0x00007ffbc5100000 	C:\WINDOWS\System32\RPCRT4.dll
0x00007ffbc2b60000 - 0x00007ffbc2be1000 	C:\WINDOWS\System32\bcryptPrimitives.dll
0x00007ffbc3750000 - 0x00007ffbc377e000 	C:\WINDOWS\System32\IMM32.DLL
0x00007ffb8d3e0000 - 0x00007ffb8d47d000 	C:\Program Files\Android\Android Studio New\jre\bin\msvcp140.dll
0x00007ffb57710000 - 0x00007ffb581e5000 	C:\Program Files\Android\Android Studio New\jre\bin\server\jvm.dll
0x00007ffbc44a0000 - 0x00007ffbc4543000 	C:\WINDOWS\System32\ADVAPI32.dll
0x00007ffbc3440000 - 0x00007ffbc34d7000 	C:\WINDOWS\System32\sechost.dll
0x00007ffbc3430000 - 0x00007ffbc3438000 	C:\WINDOWS\System32\PSAPI.DLL
0x00007ffbbad50000 - 0x00007ffbbad59000 	C:\WINDOWS\SYSTEM32\WSOCK32.dll
0x00007ffbb9280000 - 0x00007ffbb928a000 	C:\WINDOWS\SYSTEM32\VERSION.dll
0x00007ffbbbf00000 - 0x00007ffbbbf24000 	C:\WINDOWS\SYSTEM32\WINMM.dll
0x00007ffbc3c20000 - 0x00007ffbc3c8f000 	C:\WINDOWS\System32\WS2_32.dll
0x00007ffbbbed0000 - 0x00007ffbbbefd000 	C:\WINDOWS\SYSTEM32\WINMMBASE.dll
0x00007ffbc33e0000 - 0x00007ffbc342a000 	C:\WINDOWS\System32\cfgmgr32.dll
0x00007ffbc2250000 - 0x00007ffbc2261000 	C:\WINDOWS\System32\kernel.appcore.dll
0x00007ffb90130000 - 0x00007ffb90141000 	C:\Program Files\Android\Android Studio New\jre\bin\verify.dll
0x00007ffbc0950000 - 0x00007ffbc0b44000 	C:\WINDOWS\SYSTEM32\DBGHELP.DLL
0x00007ffbb7500000 - 0x00007ffbb752a000 	C:\WINDOWS\SYSTEM32\dbgcore.DLL
0x00007ffb8ffe0000 - 0x00007ffb90009000 	C:\Program Files\Android\Android Studio New\jre\bin\java.dll
0x00007ffba81d0000 - 0x00007ffba81db000 	C:\Program Files\Android\Android Studio New\jre\bin\jimage.dll
0x00007ffb90110000 - 0x00007ffb90128000 	C:\Program Files\Android\Android Studio New\jre\bin\zip.dll
0x00007ffbc3db0000 - 0x00007ffbc4497000 	C:\WINDOWS\System32\SHELL32.dll
0x00007ffbc3780000 - 0x00007ffbc3829000 	C:\WINDOWS\System32\shcore.dll
0x00007ffbc2c50000 - 0x00007ffbc33d1000 	C:\WINDOWS\System32\windows.storage.dll
0x00007ffbc22c0000 - 0x00007ffbc22e3000 	C:\WINDOWS\System32\profapi.dll
0x00007ffbc2270000 - 0x00007ffbc22ba000 	C:\WINDOWS\System32\powrprof.dll
0x00007ffbc2220000 - 0x00007ffbc2230000 	C:\WINDOWS\System32\UMPDC.dll
0x00007ffbc3980000 - 0x00007ffbc39d2000 	C:\WINDOWS\System32\shlwapi.dll
0x00007ffbc2810000 - 0x00007ffbc2827000 	C:\WINDOWS\System32\cryptsp.dll
0x00007ffb8f330000 - 0x00007ffb8f34a000 	C:\Program Files\Android\Android Studio New\jre\bin\net.dll
0x00007ffbb56e0000 - 0x00007ffbb57d0000 	C:\WINDOWS\SYSTEM32\WINHTTP.dll
0x00007ffbc1a10000 - 0x00007ffbc1a77000 	C:\WINDOWS\system32\mswsock.dll
0x00007ffb8dca0000 - 0x00007ffb8dcb4000 	C:\Program Files\Android\Android Studio New\jre\bin\nio.dll
0x00007ffb9ef30000 - 0x00007ffb9ef57000 	C:\Users\JOHN BATISTA\.gradle\native\e1d6ef7f7dcc3fd88c89a11ec53ec762bb8ba0a96d01ffa2cd45eb1d1d8dd5c5\windows-amd64\native-platform.dll
0x00007ffb8f160000 - 0x00007ffb8f2a4000 	C:\Users\JOHN BATISTA\.gradle\native\5664cfc778a61ccfe75a443a1ab52a65af34e5dc3c78e0209fed803814484fcb\windows-amd64\native-platform-file-events.dll
0x00007ffba3980000 - 0x00007ffba398a000 	C:\Program Files\Android\Android Studio New\jre\bin\management.dll
0x00007ffb9ded0000 - 0x00007ffb9dedd000 	C:\Program Files\Android\Android Studio New\jre\bin\management_ext.dll
0x00007ffbc1580000 - 0x00007ffbc15b3000 	C:\WINDOWS\system32\rsaenh.dll
0x00007ffbc2740000 - 0x00007ffbc2766000 	C:\WINDOWS\System32\bcrypt.dll
0x00007ffbc2140000 - 0x00007ffbc2165000 	C:\WINDOWS\SYSTEM32\USERENV.dll
0x00007ffbc1be0000 - 0x00007ffbc1bec000 	C:\WINDOWS\SYSTEM32\CRYPTBASE.dll
0x00007ffbc1720000 - 0x00007ffbc175a000 	C:\WINDOWS\SYSTEM32\IPHLPAPI.DLL
0x00007ffbc3970000 - 0x00007ffbc3978000 	C:\WINDOWS\System32\NSI.dll
0x00007ffbb7780000 - 0x00007ffbb7796000 	C:\WINDOWS\SYSTEM32\dhcpcsvc6.DLL
0x00007ffbb7760000 - 0x00007ffbb777c000 	C:\WINDOWS\SYSTEM32\dhcpcsvc.DLL
0x00007ffbc1770000 - 0x00007ffbc183b000 	C:\WINDOWS\SYSTEM32\DNSAPI.dll

dbghelp: loaded successfully - version: 4.0.5 - missing functions: none
symbol engine: initialized successfully - sym options: 0x614 - pdb path: .;C:\Program Files\Android\Android Studio New\jre\bin;C:\WINDOWS\SYSTEM32;C:\WINDOWS\WinSxS\amd64_microsoft.windows.common-controls_6595b64144ccf1df_6.0.18362.1256_none_9e7e379be45e40e2;C:\Program Files\Android\Android Studio New\jre\bin\server;C:\Users\JOHN BATISTA\.gradle\native\e1d6ef7f7dcc3fd88c89a11ec53ec762bb8ba0a96d01ffa2cd45eb1d1d8dd5c5\windows-amd64;C:\Users\JOHN BATISTA\.gradle\native\5664cfc778a61ccfe75a443a1ab52a65af34e5dc3c78e0209fed803814484fcb\windows-amd64

VM Arguments:
jvm_args: --add-opens=java.base/java.util=ALL-UNNAMED --add-opens=java.base/java.lang=ALL-UNNAMED --add-opens=java.base/java.lang.invoke=ALL-UNNAMED --add-opens=java.base/java.util=ALL-UNNAMED --add-opens=java.prefs/java.util.prefs=ALL-UNNAMED --add-opens=java.prefs/java.util.prefs=ALL-UNNAMED --add-opens=java.base/java.nio.charset=ALL-UNNAMED --add-opens=java.base/java.net=ALL-UNNAMED --add-opens=java.base/java.util.concurrent.atomic=ALL-UNNAMED -Xmx2048m -Dfile.encoding=UTF-8 -Duser.country=US -Duser.language=en -Duser.variant 
java_command: org.gradle.launcher.daemon.bootstrap.GradleDaemon 7.2
java_class_path (initial): C:\Users\JOHN BATISTA\.gradle\wrapper\dists\gradle-7.2-bin\2dnblmf4td7x66yl1d74lt32g\gradle-7.2\lib\gradle-launcher-7.2.jar
Launcher Type: SUN_STANDARD

[Global flags]
     intx CICompilerCount                          = 3                                         {product} {ergonomic}
     uint ConcGCThreads                            = 1                                         {product} {ergonomic}
     uint G1ConcRefinementThreads                  = 4                                         {product} {ergonomic}
   size_t G1HeapRegionSize                         = 1048576                                   {product} {ergonomic}
    uintx GCDrainStackTargetSize                   = 64                                        {product} {ergonomic}
   size_t InitialHeapSize                          = 134217728                                 {product} {ergonomic}
   size_t MarkStackSize                            = 4194304                                   {product} {ergonomic}
   size_t MaxHeapSize                              = 2147483648                                {product} {command line}
   size_t MaxNewSize                               = 1287651328                                {product} {ergonomic}
   size_t MinHeapDeltaBytes                        = 1048576                                   {product} {ergonomic}
    uintx NonNMethodCodeHeapSize                   = 5830732                                {pd product} {ergonomic}
    uintx NonProfiledCodeHeapSize                  = 122913754                              {pd product} {ergonomic}
    uintx ProfiledCodeHeapSize                     = 122913754                              {pd product} {ergonomic}
    uintx ReservedCodeCacheSize                    = 251658240                              {pd product} {ergonomic}
     bool SegmentedCodeCache                       = true                                      {product} {ergonomic}
     bool UseCompressedClassPointers               = true                                 {lp64_product} {ergonomic}
     bool UseCompressedOops                        = true                                 {lp64_product} {ergonomic}
     bool UseG1GC                                  = true                                      {product} {ergonomic}
     bool UseLargePagesIndividualAllocation        = false                                  {pd product} {ergonomic}

Logging:
Log output configuration:
 #0: stdout all=warning uptime,level,tags
 #1: stderr all=off uptime,level,tags

Environment Variables:
JAVA_HOME=C:\Program Files\Java\jdk-15.0.1
PATH=C:\Program Files\Java\jdk-15.0.1\bin;C:\Program Files\Git\cmd;C:\Program Files\PuTTY\;C:\Program Files\MATLAB\R2013a\runtime\win64;C:\Program Files\MATLAB\R2013a\bin;C:\Program Files\Microsoft VS Code\bin;C:\nodejs\;C:\Users\JOHN BATISTA\AppData\Local\Programs\Python\Python310\Scripts;C:\Users\JOHN BATISTA\AppData\Local\Programs\Python\Python310\Scripts\;C:\Users\JOHN BATISTA\AppData\Local\Programs\Python\Python310\;C:\Users\JOHN BATISTA\AppData\Roaming\npm;
USERNAME=JOHN BATISTA
OS=Windows_NT
PROCESSOR_IDENTIFIER=Intel64 Family 6 Model 142 Stepping 9, GenuineIntel



---------------  S Y S T E M  ---------------

OS: Windows 10 , 64 bit Build 18362 (10.0.18362.1110)
OS uptime: 3 days 14:24 hours

CPU:total 4 (initial active 4) (2 cores per cpu, 2 threads per core) family 6 model 142 stepping 9 microcode 0x8e, cmov, cx8, fxsr, mmx, sse, sse2, sse3, ssse3, sse4.1, sse4.2, popcnt, avx, avx2, aes, clmul, erms, 3dnowpref, lzcnt, ht, tsc, tscinvbit, bmi1, bmi2, adx, fma

Memory: 4k page, system-wide physical 8107M (652M free)
TotalPageFile size 20395M (AvailPageFile size 74M)
current process WorkingSet (physical memory assigned to process): 549M, peak: 550M
current process commit charge ("private bytes"): 577M, peak: 682M

vm_info: OpenJDK 64-Bit Server VM (11.0.11+9-b60-7590822) for windows-amd64 JRE (11.0.11+9-b60-7590822), built on Jul 29 2021 21:43:44 by "builder" with MS VC++ 14.0 (VS2015)

END.
