#
# There is insufficient memory for the Java Runtime Environment to continue.
# Native memory allocation (malloc) failed to allocate 1265536 bytes for Chunk::new
# Possible reasons:
#   The system is out of physical RAM or swap space
#   The process is running with CompressedOops enabled, and the Java Heap may be blocking the growth of the native heap
# Possible solutions:
#   Reduce memory load on the system
#   Increase physical memory or swap space
#   Check if swap backing store is full
#   Decrease Java heap size (-Xmx/-Xms)
#   Decrease number of Java threads
#   Decrease Java thread stack sizes (-Xss)
#   Set larger code cache with -XX:ReservedCodeCacheSize=
#   JVM is running with Unscaled Compressed Oops mode in which the Java heap is
#     placed in the first 4GB address space. The Java Heap base address is the
#     maximum limit for the native heap growth. Please use -XX:HeapBaseMinAddress
#     to set the Java Heap base and to place the Java Heap above 4GB virtual address.
# This output file may be truncated or incomplete.
#
#  Out of Memory Error (./src/hotspot/share/memory/arena.cpp:197), pid=14884, tid=32
#
# JRE version: OpenJDK Runtime Environment (11.0.11+9) (build 11.0.11+9-b60-7590822)
# Java VM: OpenJDK 64-Bit Server VM (11.0.11+9-b60-7590822, mixed mode, tiered, compressed oops, g1 gc, windows-amd64)
# No core dump will be written. Minidumps are not enabled by default on client versions of Windows
#

---------------  S U M M A R Y ------------

Command Line: --add-opens=java.base/java.util=ALL-UNNAMED --add-opens=java.base/java.lang=ALL-UNNAMED --add-opens=java.base/java.lang.invoke=ALL-UNNAMED --add-opens=java.base/java.util=ALL-UNNAMED --add-opens=java.prefs/java.util.prefs=ALL-UNNAMED --add-opens=java.prefs/java.util.prefs=ALL-UNNAMED --add-opens=java.base/java.nio.charset=ALL-UNNAMED --add-opens=java.base/java.net=ALL-UNNAMED --add-opens=java.base/java.util.concurrent.atomic=ALL-UNNAMED -Xmx2048m -Dfile.encoding=UTF-8 -Duser.country=US -Duser.language=en -Duser.variant org.gradle.launcher.daemon.bootstrap.GradleDaemon 7.2

Host: Intel(R) Core(TM) i3-7020U CPU @ 2.30GHz, 4 cores, 7G,  Windows 10 , 64 bit Build 18362 (10.0.18362.1110)
Time: Tue Jun 14 08:50:10 2022 UTC-11 elapsed time: 139.569571 seconds (0d 0h 2m 19s)

---------------  T H R E A D  ---------------

Current thread (0x0000018ea0d1e000):  JavaThread "C2 CompilerThread0" daemon [_thread_in_native, id=32, stack(0x00000031e7000000,0x00000031e7100000)]


Current CompileTask:
C2: 139569 18984       4       com.android.tools.r8.internal.pe1::a (455 bytes)

Stack: [0x00000031e7000000,0x00000031e7100000]
Native frames: (J=compiled Java code, j=interpreted, Vv=VM code, C=native code)
V  [jvm.dll+0x5f214a]
V  [jvm.dll+0x726fb5]
V  [jvm.dll+0x7285cd]
V  [jvm.dll+0x728c83]
V  [jvm.dll+0x243278]
V  [jvm.dll+0xbc53c]
V  [jvm.dll+0xbca3c]
V  [jvm.dll+0x2b5c34]
V  [jvm.dll+0x508488]
V  [jvm.dll+0x1fd826]
V  [jvm.dll+0x1fb35f]
V  [jvm.dll+0x183d6c]
V  [jvm.dll+0x209a57]
V  [jvm.dll+0x2082a1]
V  [jvm.dll+0x6ef58f]
V  [jvm.dll+0x6e80b5]
V  [jvm.dll+0x5f1036]
C  [ucrtbase.dll+0x210b2]
C  [KERNEL32.DLL+0x17c24]
C  [ntdll.dll+0x6d4d1]


---------------  P R O C E S S  ---------------

Threads class SMR info:
_java_thread_list=0x0000018eaad05590, length=105, elements={
0x0000018e867ad000, 0x0000018ea038f800, 0x0000018ea0391800, 0x0000018ea0d15800,
0x0000018ea0d16800, 0x0000018ea0d19800, 0x0000018ea0d1e000, 0x0000018ea03ae800,
0x0000018ea03b4000, 0x0000018ea0e8d800, 0x0000018ea248d000, 0x0000018ea2544000,
0x0000018ea1e54000, 0x0000018ea2527800, 0x0000018ea2fab800, 0x0000018ea03ad000,
0x0000018ea03ac800, 0x0000018ea03ae000, 0x0000018ea03b2000, 0x0000018ea3cb0800,
0x0000018ea3cb2800, 0x0000018ea3cb4800, 0x0000018ea3cb5000, 0x0000018ea48c2800,
0x0000018ea48c3800, 0x0000018ea4988800, 0x0000018ea498a000, 0x0000018ea498e000,
0x0000018ea03b1000, 0x0000018ea4336000, 0x0000018ea4333000, 0x0000018ea4337800,
0x0000018ea4338800, 0x0000018ea4341800, 0x0000018ea433f000, 0x0000018ea433c000,
0x0000018eaa5bf000, 0x0000018eaa5c1800, 0x0000018eaa835000, 0x0000018eaa834800,
0x0000018eaa836000, 0x0000018eaa837000, 0x0000018eaa832000, 0x0000018eaa833800,
0x0000018eaa831000, 0x0000018eaa837800, 0x0000018eaa838800, 0x0000018eaa832800,
0x0000018eaa83b800, 0x0000018eaa83a000, 0x0000018eaa83e000, 0x0000018eaa83c800,
0x0000018eaa83f000, 0x0000018eaa83d800, 0x0000018eaa839800, 0x0000018eaa83b000,
0x0000018eaa5b7000, 0x0000018eaa5b9000, 0x0000018eaa5b5000, 0x0000018eaa5b4800,
0x0000018eaa5b6000, 0x0000018eaa5b7800, 0x0000018eaa5bb800, 0x0000018eaa5b8800,
0x0000018eaa5bf800, 0x0000018eaa5be000, 0x0000018eaa5bc800, 0x0000018eaa5bd800,
0x0000018eaa5ba000, 0x0000018eaa5c0800, 0x0000018eaa5bb000, 0x0000018eaa5c2000,
0x0000018eaa5c3000, 0x0000018ea4982000, 0x0000018ea4982800, 0x0000018ea4983800,
0x0000018ea4984800, 0x0000018ea4985000, 0x0000018ea4986000, 0x0000018ea4986800,
0x0000018ea4981000, 0x0000018ea498d800, 0x0000018ea4989000, 0x0000018ea4987800,
0x0000018ea498b800, 0x0000018ea498f000, 0x0000018ea498f800, 0x0000018ea498b000,
0x0000018ea498c800, 0x0000018ea48bc800, 0x0000018ea48bd800, 0x0000018ea48c4000,
0x0000018ea48be800, 0x0000018ea48c5000, 0x0000018ea48bf000, 0x0000018ea48ca800,
0x0000018ea48cb800, 0x0000018ea48c5800, 0x0000018ea48c7800, 0x0000018ea48c8000,
0x0000018ea48c9000, 0x0000018ea48c0000, 0x0000018ea48ca000, 0x0000018ea48c6800,
0x0000018ea4335800
}

Java Threads: ( => current thread )
  0x0000018e867ad000 JavaThread "main" [_thread_blocked, id=5896, stack(0x00000031e6400000,0x00000031e6500000)]
  0x0000018ea038f800 JavaThread "Reference Handler" daemon [_thread_blocked, id=3844, stack(0x00000031e6b00000,0x00000031e6c00000)]
  0x0000018ea0391800 JavaThread "Finalizer" daemon [_thread_blocked, id=3228, stack(0x00000031e6c00000,0x00000031e6d00000)]
  0x0000018ea0d15800 JavaThread "Signal Dispatcher" daemon [_thread_blocked, id=16128, stack(0x00000031e6d00000,0x00000031e6e00000)]
  0x0000018ea0d16800 JavaThread "Attach Listener" daemon [_thread_blocked, id=17260, stack(0x00000031e6e00000,0x00000031e6f00000)]
  0x0000018ea0d19800 JavaThread "Service Thread" daemon [_thread_blocked, id=14424, stack(0x00000031e6f00000,0x00000031e7000000)]
=>0x0000018ea0d1e000 JavaThread "C2 CompilerThread0" daemon [_thread_in_native, id=32, stack(0x00000031e7000000,0x00000031e7100000)]
  0x0000018ea03ae800 JavaThread "C1 CompilerThread0" daemon [_thread_blocked, id=10756, stack(0x00000031e7100000,0x00000031e7200000)]
  0x0000018ea03b4000 JavaThread "Sweeper thread" daemon [_thread_blocked, id=16192, stack(0x00000031e7200000,0x00000031e7300000)]
  0x0000018ea0e8d800 JavaThread "Common-Cleaner" daemon [_thread_blocked, id=17812, stack(0x00000031e7300000,0x00000031e7400000)]
  0x0000018ea248d000 JavaThread "Daemon health stats" [_thread_blocked, id=10464, stack(0x00000031e7800000,0x00000031e7900000)]
  0x0000018ea2544000 JavaThread "Incoming local TCP Connector on port 56666" [_thread_in_native, id=11904, stack(0x00000031e7500000,0x00000031e7600000)]
  0x0000018ea1e54000 JavaThread "Daemon periodic checks" [_thread_blocked, id=5936, stack(0x00000031e7900000,0x00000031e7a00000)]
  0x0000018ea2527800 JavaThread "Daemon" [_thread_blocked, id=16224, stack(0x00000031e7a00000,0x00000031e7b00000)]
  0x0000018ea2fab800 JavaThread "Daemon worker" [_thread_blocked, id=15800, stack(0x00000031e7d00000,0x00000031e7e00000)]
  0x0000018ea03ad000 JavaThread "Cache worker for journal cache (C:\Users\JOHN BATISTA\.gradle\caches\journal-1)" [_thread_blocked, id=13884, stack(0x00000031e8100000,0x00000031e8200000)]
  0x0000018ea03ac800 JavaThread "File lock request listener" [_thread_in_native, id=11908, stack(0x00000031e8300000,0x00000031e8400000)]
  0x0000018ea03ae000 JavaThread "Cache worker for file hash cache (C:\Users\JOHN BATISTA\.gradle\caches\7.2\fileHashes)" [_thread_blocked, id=15604, stack(0x00000031e8400000,0x00000031e8500000)]
  0x0000018ea03b2000 JavaThread "File watcher server" daemon [_thread_in_native, id=18172, stack(0x00000031e8700000,0x00000031e8800000)]
  0x0000018ea3cb0800 JavaThread "File watcher consumer" daemon [_thread_blocked, id=14804, stack(0x00000031e8800000,0x00000031e8900000)]
  0x0000018ea3cb2800 JavaThread "Cache worker for execution history cache (C:\Users\JOHN BATISTA\.gradle\caches\7.2\executionHistory)" [_thread_blocked, id=17088, stack(0x00000031e8c00000,0x00000031e8d00000)]
  0x0000018ea3cb4800 JavaThread "jar transforms" [_thread_blocked, id=17932, stack(0x00000031e8d00000,0x00000031e8e00000)]
  0x0000018ea3cb5000 JavaThread "Cache worker for file content cache (C:\Users\JOHN BATISTA\.gradle\caches\7.2\fileContent)" [_thread_blocked, id=10368, stack(0x00000031e8e00000,0x00000031e8f00000)]
  0x0000018ea48c2800 JavaThread "jar transforms Thread 2" [_thread_blocked, id=8552, stack(0x00000031e8f00000,0x00000031e9000000)]
  0x0000018ea48c3800 JavaThread "jar transforms Thread 3" [_thread_blocked, id=6568, stack(0x00000031e9100000,0x00000031e9200000)]
  0x0000018ea4988800 JavaThread "jar transforms Thread 4" [_thread_blocked, id=8640, stack(0x00000031ebb00000,0x00000031ebc00000)]
  0x0000018ea498a000 JavaThread "Memory manager" [_thread_blocked, id=11332, stack(0x00000031ebc00000,0x00000031ebd00000)]
  0x0000018ea498e000 JavaThread "RMI Scheduler(0)" daemon [_thread_blocked, id=16764, stack(0x00000031ec300000,0x00000031ec400000)]
  0x0000018ea03b1000 JavaThread "RMI GC Daemon" daemon [_thread_blocked, id=17296, stack(0x00000031ec500000,0x00000031ec600000)]
  0x0000018ea4336000 JavaThread "RMI TCP Accept-0" daemon [_thread_in_native, id=7788, stack(0x00000031ec600000,0x00000031ec700000)]
  0x0000018ea4333000 JavaThread "RMI Reaper" [_thread_blocked, id=12824, stack(0x00000031ec700000,0x00000031ec800000)]
  0x0000018ea4337800 JavaThread "RMI TCP Connection(7)-127.0.0.1" daemon [_thread_in_native, id=16588, stack(0x00000031ec800000,0x00000031ec900000)]
  0x0000018ea4338800 JavaThread "Cache worker for Java compile cache (C:\Users\JOHN BATISTA\.gradle\caches\7.2\javaCompile)" [_thread_blocked, id=5108, stack(0x00000031ec900000,0x00000031eca00000)]
  0x0000018ea4341800 JavaThread "ForkJoinPool.commonPool-worker-3" daemon [_thread_blocked, id=12648, stack(0x00000031ed400000,0x00000031ed500000)]
  0x0000018ea433f000 JavaThread "ForkJoinPool.commonPool-worker-5" daemon [_thread_blocked, id=1336, stack(0x00000031ed500000,0x00000031ed600000)]
  0x0000018ea433c000 JavaThread "ForkJoinPool.commonPool-worker-7" daemon [_thread_blocked, id=12964, stack(0x00000031ed600000,0x00000031ed700000)]
  0x0000018eaa5bf000 JavaThread "RMI TCP Connection(8)-127.0.0.1" daemon [_thread_in_native, id=2284, stack(0x00000031ec200000,0x00000031ec300000)]
  0x0000018eaa5c1800 JavaThread "RMI TCP Connection(9)-127.0.0.1" daemon [_thread_in_native, id=17656, stack(0x00000031eca00000,0x00000031ecb00000)]
  0x0000018eaa835000 JavaThread "Handler for socket connection from /127.0.0.1:56666 to /127.0.0.1:56735" [_thread_in_native, id=12204, stack(0x00000031e6100000,0x00000031e6200000)]
  0x0000018eaa834800 JavaThread "Cancel handler" [_thread_blocked, id=10244, stack(0x00000031e6200000,0x00000031e6300000)]
  0x0000018eaa836000 JavaThread "Asynchronous log dispatcher for DefaultDaemonConnection: socket connection from /127.0.0.1:56666 to /127.0.0.1:56735" [_thread_blocked, id=17052, stack(0x00000031e6300000,0x00000031e6400000)]
  0x0000018eaa837000 JavaThread "Stdin handler" [_thread_blocked, id=9860, stack(0x00000031e7b00000,0x00000031e7c00000)]
  0x0000018eaa832000 JavaThread "Daemon client event forwarder" [_thread_blocked, id=16640, stack(0x00000031e7c00000,0x00000031e7d00000)]
  0x0000018eaa833800 JavaThread "Cache worker for file hash cache (C:\Users\JOHN BATISTA\AndroidStudioProjects\SportsApplication\.gradle\7.2\fileHashes)" [_thread_blocked, id=10636, stack(0x00000031e7e00000,0x00000031e7f00000)]
  0x0000018eaa831000 JavaThread "Cache worker for checksums cache (C:\Users\JOHN BATISTA\AndroidStudioProjects\SportsApplication\.gradle\checksums)" [_thread_blocked, id=15912, stack(0x00000031e7f00000,0x00000031e8000000)]
  0x0000018eaa837800 JavaThread "Cache worker for cache directory md-supplier (C:\Users\JOHN BATISTA\.gradle\caches\7.2\md-supplier)" [_thread_blocked, id=13436, stack(0x00000031e8000000,0x00000031e8100000)]
  0x0000018eaa838800 JavaThread "Cache worker for cache directory md-rule (C:\Users\JOHN BATISTA\.gradle\caches\7.2\md-rule)" [_thread_blocked, id=2980, stack(0x00000031e8500000,0x00000031e8600000)]
  0x0000018eaa832800 JavaThread "Cache worker for dependencies-accessors (C:\Users\JOHN BATISTA\AndroidStudioProjects\SportsApplication\.gradle\7.2\dependencies-accessors)" [_thread_blocked, id=13688, stack(0x00000031e8600000,0x00000031e8700000)]
  0x0000018eaa83b800 JavaThread "Cache worker for Build Output Cleanup Cache (C:\Users\JOHN BATISTA\AndroidStudioProjects\SportsApplication\.gradle\buildOutputCleanup)" [_thread_blocked, id=10780, stack(0x00000031e8900000,0x00000031e8a00000)]
  0x0000018eaa83a000 JavaThread "Unconstrained build operations" [_thread_blocked, id=9828, stack(0x00000031e8a00000,0x00000031e8b00000)]
  0x0000018eaa83e000 JavaThread "Unconstrained build operations Thread 2" [_thread_blocked, id=18224, stack(0x00000031e8b00000,0x00000031e8c00000)]
  0x0000018eaa83c800 JavaThread "Unconstrained build operations Thread 3" [_thread_blocked, id=12160, stack(0x00000031e9000000,0x00000031e9100000)]
  0x0000018eaa83f000 JavaThread "Unconstrained build operations Thread 4" [_thread_blocked, id=3520, stack(0x00000031e9200000,0x00000031e9300000)]
  0x0000018eaa83d800 JavaThread "Unconstrained build operations Thread 5" [_thread_blocked, id=10124, stack(0x00000031e9300000,0x00000031e9400000)]
  0x0000018eaa839800 JavaThread "Unconstrained build operations Thread 6" [_thread_blocked, id=12216, stack(0x00000031e9400000,0x00000031e9500000)]
  0x0000018eaa83b000 JavaThread "Unconstrained build operations Thread 7" [_thread_blocked, id=14408, stack(0x00000031e9500000,0x00000031e9600000)]
  0x0000018eaa5b7000 JavaThread "Unconstrained build operations Thread 8" [_thread_blocked, id=12712, stack(0x00000031e9600000,0x00000031e9700000)]
  0x0000018eaa5b9000 JavaThread "Unconstrained build operations Thread 9" [_thread_blocked, id=14896, stack(0x00000031e9700000,0x00000031e9800000)]
  0x0000018eaa5b5000 JavaThread "Unconstrained build operations Thread 10" [_thread_blocked, id=6096, stack(0x00000031e9800000,0x00000031e9900000)]
  0x0000018eaa5b4800 JavaThread "Unconstrained build operations Thread 11" [_thread_blocked, id=9296, stack(0x00000031e9900000,0x00000031e9a00000)]
  0x0000018eaa5b6000 JavaThread "Unconstrained build operations Thread 12" [_thread_blocked, id=13292, stack(0x00000031e9a00000,0x00000031e9b00000)]
  0x0000018eaa5b7800 JavaThread "Unconstrained build operations Thread 13" [_thread_blocked, id=15276, stack(0x00000031e9b00000,0x00000031e9c00000)]
  0x0000018eaa5bb800 JavaThread "Unconstrained build operations Thread 14" [_thread_blocked, id=13756, stack(0x00000031e9c00000,0x00000031e9d00000)]
  0x0000018eaa5b8800 JavaThread "Unconstrained build operations Thread 15" [_thread_blocked, id=13332, stack(0x00000031e9d00000,0x00000031e9e00000)]
  0x0000018eaa5bf800 JavaThread "Unconstrained build operations Thread 16" [_thread_blocked, id=11560, stack(0x00000031e9e00000,0x00000031e9f00000)]
  0x0000018eaa5be000 JavaThread "Unconstrained build operations Thread 17" [_thread_blocked, id=6672, stack(0x00000031e9f00000,0x00000031ea000000)]
  0x0000018eaa5bc800 JavaThread "Unconstrained build operations Thread 18" [_thread_blocked, id=17548, stack(0x00000031ea000000,0x00000031ea100000)]
  0x0000018eaa5bd800 JavaThread "Unconstrained build operations Thread 19" [_thread_blocked, id=11004, stack(0x00000031ea100000,0x00000031ea200000)]
  0x0000018eaa5ba000 JavaThread "Unconstrained build operations Thread 20" [_thread_blocked, id=15516, stack(0x00000031ea200000,0x00000031ea300000)]
  0x0000018eaa5c0800 JavaThread "Unconstrained build operations Thread 21" [_thread_blocked, id=11840, stack(0x00000031ea300000,0x00000031ea400000)]
  0x0000018eaa5bb000 JavaThread "Unconstrained build operations Thread 22" [_thread_blocked, id=12688, stack(0x00000031ea400000,0x00000031ea500000)]
  0x0000018eaa5c2000 JavaThread "Unconstrained build operations Thread 23" [_thread_blocked, id=17588, stack(0x00000031ea500000,0x00000031ea600000)]
  0x0000018eaa5c3000 JavaThread "Unconstrained build operations Thread 24" [_thread_blocked, id=3184, stack(0x00000031ea600000,0x00000031ea700000)]
  0x0000018ea4982000 JavaThread "Unconstrained build operations Thread 25" [_thread_blocked, id=3688, stack(0x00000031ea700000,0x00000031ea800000)]
  0x0000018ea4982800 JavaThread "Unconstrained build operations Thread 26" [_thread_blocked, id=13656, stack(0x00000031ea800000,0x00000031ea900000)]
  0x0000018ea4983800 JavaThread "Unconstrained build operations Thread 27" [_thread_blocked, id=1856, stack(0x00000031ea900000,0x00000031eaa00000)]
  0x0000018ea4984800 JavaThread "Unconstrained build operations Thread 28" [_thread_blocked, id=7644, stack(0x00000031eaa00000,0x00000031eab00000)]
  0x0000018ea4985000 JavaThread "Unconstrained build operations Thread 29" [_thread_blocked, id=4336, stack(0x00000031eab00000,0x00000031eac00000)]
  0x0000018ea4986000 JavaThread "Unconstrained build operations Thread 30" [_thread_blocked, id=12616, stack(0x00000031eac00000,0x00000031ead00000)]
  0x0000018ea4986800 JavaThread "Unconstrained build operations Thread 31" [_thread_blocked, id=16808, stack(0x00000031ead00000,0x00000031eae00000)]
  0x0000018ea4981000 JavaThread "Unconstrained build operations Thread 32" [_thread_blocked, id=6912, stack(0x00000031eae00000,0x00000031eaf00000)]
  0x0000018ea498d800 JavaThread "Unconstrained build operations Thread 33" [_thread_blocked, id=11592, stack(0x00000031eaf00000,0x00000031eb000000)]
  0x0000018ea4989000 JavaThread "Unconstrained build operations Thread 34" [_thread_blocked, id=15656, stack(0x00000031eb000000,0x00000031eb100000)]
  0x0000018ea4987800 JavaThread "Unconstrained build operations Thread 35" [_thread_blocked, id=7160, stack(0x00000031eb100000,0x00000031eb200000)]
  0x0000018ea498b800 JavaThread "Unconstrained build operations Thread 36" [_thread_blocked, id=5728, stack(0x00000031eb200000,0x00000031eb300000)]
  0x0000018ea498f000 JavaThread "Unconstrained build operations Thread 37" [_thread_blocked, id=9448, stack(0x00000031eb300000,0x00000031eb400000)]
  0x0000018ea498f800 JavaThread "Unconstrained build operations Thread 38" [_thread_blocked, id=13128, stack(0x00000031eb400000,0x00000031eb500000)]
  0x0000018ea498b000 JavaThread "Unconstrained build operations Thread 39" [_thread_blocked, id=8272, stack(0x00000031eb500000,0x00000031eb600000)]
  0x0000018ea498c800 JavaThread "Unconstrained build operations Thread 40" [_thread_blocked, id=15560, stack(0x00000031eb600000,0x00000031eb700000)]
  0x0000018ea48bc800 JavaThread "build event listener" [_thread_blocked, id=18092, stack(0x00000031eb800000,0x00000031eb900000)]
  0x0000018ea48bd800 JavaThread "build event listener" [_thread_blocked, id=11856, stack(0x00000031eb900000,0x00000031eba00000)]
  0x0000018ea48c4000 JavaThread "Execution worker for ':'" [_thread_in_vm, id=5772, stack(0x00000031eba00000,0x00000031ebb00000)]
  0x0000018ea48be800 JavaThread "Execution worker for ':' Thread 2" [_thread_blocked, id=15512, stack(0x00000031ebd00000,0x00000031ebe00000)]
  0x0000018ea48c5000 JavaThread "Execution worker for ':' Thread 3" [_thread_blocked, id=6696, stack(0x00000031ebe00000,0x00000031ebf00000)]
  0x0000018ea48bf000 JavaThread "Cache worker for execution history cache (C:\Users\JOHN BATISTA\AndroidStudioProjects\SportsApplication\.gradle\7.2\executionHistory)" [_thread_blocked, id=10484, stack(0x00000031ebf00000,0x00000031ec000000)]
  0x0000018ea48ca800 JavaThread "C2 CompilerThread1" daemon [_thread_in_native, id=10060, stack(0x00000031eb700000,0x00000031eb800000)]
  0x0000018ea48cb800 JavaThread "Build operations" [_thread_blocked, id=17224, stack(0x00000031ec400000,0x00000031ec500000)]
  0x0000018ea48c5800 JavaThread "Build operations Thread 2" [_thread_blocked, id=11464, stack(0x00000031ecb00000,0x00000031ecc00000)]
  0x0000018ea48c7800 JavaThread "Build operations Thread 3" [_thread_blocked, id=13888, stack(0x00000031ecc00000,0x00000031ecd00000)]
  0x0000018ea48c8000 JavaThread "Build operations Thread 4" [_thread_blocked, id=14684, stack(0x00000031ecd00000,0x00000031ece00000)]
  0x0000018ea48c9000 JavaThread "WorkerExecutor Queue" [_thread_blocked, id=12404, stack(0x00000031ece00000,0x00000031ecf00000)]
  0x0000018ea48c0000 JavaThread "WorkerExecutor Queue Thread 2" [_thread_blocked, id=7280, stack(0x00000031ec000000,0x00000031ec100000)]
  0x0000018ea48ca000 JavaThread "WorkerExecutor Queue Thread 3" [_thread_blocked, id=9896, stack(0x00000031ec100000,0x00000031ec200000)]
  0x0000018ea48c6800 JavaThread "WorkerExecutor Queue Thread 4" [_thread_blocked, id=11760, stack(0x00000031ecf00000,0x00000031ed000000)]
  0x0000018ea4335800 JavaThread "WorkerExecutor Queue Thread 5" [_thread_blocked, id=14520, stack(0x00000031ed000000,0x00000031ed100000)]

Other Threads:
  0x0000018ea0389000 VMThread "VM Thread" [stack: 0x00000031e6a00000,0x00000031e6b00000] [id=7336]
  0x0000018ea0eaa000 WatcherThread [stack: 0x00000031e7400000,0x00000031e7500000] [id=4808]
  0x0000018e867c7800 GCTaskThread "GC Thread#0" [stack: 0x00000031e6500000,0x00000031e6600000] [id=10144]
  0x0000018ea18ce800 GCTaskThread "GC Thread#1" [stack: 0x00000031e7600000,0x00000031e7700000] [id=2104]
  0x0000018ea1a7b800 GCTaskThread "GC Thread#2" [stack: 0x00000031e7700000,0x00000031e7800000] [id=15240]
  0x0000018ea2f89800 GCTaskThread "GC Thread#3" [stack: 0x00000031e8200000,0x00000031e8300000] [id=11108]
  0x0000018e867f8800 ConcurrentGCThread "G1 Main Marker" [stack: 0x00000031e6600000,0x00000031e6700000] [id=1524]
  0x0000018e867fa000 ConcurrentGCThread "G1 Conc#0" [stack: 0x00000031e6700000,0x00000031e6800000] [id=5592]
  0x0000018ea01e0800 ConcurrentGCThread "G1 Refine#0" [stack: 0x00000031e6800000,0x00000031e6900000] [id=11064]
  0x0000018ea01e1800 ConcurrentGCThread "G1 Young RemSet Sampling" [stack: 0x00000031e6900000,0x00000031e6a00000] [id=9052]

Threads with active compile tasks:
C2 CompilerThread0 139653 18984       4       com.android.tools.r8.internal.pe1::a (455 bytes)
C2 CompilerThread1 139653 18851 %     4       com.android.tools.r8.ir.regalloc.b::c @ 1393 (3939 bytes)

VM state:not at safepoint (normal execution)

VM Mutex/Monitor currently owned by a thread: None

Heap address: 0x0000000080000000, size: 2048 MB, Compressed Oops mode: 32-bit
Narrow klass base: 0x0000000000000000, Narrow klass shift: 3
Compressed class space size: 1073741824 Address: 0x0000000100000000

Heap:
 garbage-first heap   total 273408K, used 166912K [0x0000000080000000, 0x0000000100000000)
  region size 1024K, 29 young (29696K), 2 survivors (2048K)
 Metaspace       used 115825K, capacity 119251K, committed 119592K, reserved 1153024K
  class space    used 14907K, capacity 16200K, committed 16324K, reserved 1048576K
Heap Regions: E=young(eden), S=young(survivor), O=old, HS=humongous(starts), HC=humongous(continues), CS=collection set, F=free, A=archive, TAMS=top-at-mark-start (previous, next)
|   0|0x0000000080000000, 0x0000000080100000, 0x0000000080100000|100%|HS|  |TAMS 0x0000000080100000, 0x0000000080000000| Complete 
|   1|0x0000000080100000, 0x0000000080200000, 0x0000000080200000|100%|HC|  |TAMS 0x0000000080200000, 0x0000000080100000| Complete 
|   2|0x0000000080200000, 0x0000000080300000, 0x0000000080300000|100%|HC|  |TAMS 0x0000000080300000, 0x0000000080200000| Complete 
|   3|0x0000000080300000, 0x0000000080400000, 0x0000000080400000|100%| O|  |TAMS 0x0000000080400000, 0x0000000080300000| Untracked 
|   4|0x0000000080400000, 0x0000000080500000, 0x0000000080500000|100%| O|  |TAMS 0x0000000080500000, 0x0000000080400000| Untracked 
|   5|0x0000000080500000, 0x0000000080600000, 0x0000000080600000|100%| O|  |TAMS 0x0000000080600000, 0x0000000080500000| Untracked 
|   6|0x0000000080600000, 0x0000000080700000, 0x0000000080700000|100%| O|  |TAMS 0x0000000080700000, 0x0000000080600000| Untracked 
|   7|0x0000000080700000, 0x0000000080800000, 0x0000000080800000|100%| O|  |TAMS 0x0000000080800000, 0x0000000080700000| Untracked 
|   8|0x0000000080800000, 0x0000000080900000, 0x0000000080900000|100%| O|  |TAMS 0x0000000080900000, 0x0000000080800000| Untracked 
|   9|0x0000000080900000, 0x0000000080a00000, 0x0000000080a00000|100%| O|  |TAMS 0x0000000080a00000, 0x0000000080900000| Untracked 
|  10|0x0000000080a00000, 0x0000000080b00000, 0x0000000080b00000|100%| O|  |TAMS 0x0000000080b00000, 0x0000000080a00000| Untracked 
|  11|0x0000000080b00000, 0x0000000080c00000, 0x0000000080c00000|100%| O|  |TAMS 0x0000000080c00000, 0x0000000080b00000| Untracked 
|  12|0x0000000080c00000, 0x0000000080d00000, 0x0000000080d00000|100%| O|  |TAMS 0x0000000080d00000, 0x0000000080c00000| Untracked 
|  13|0x0000000080d00000, 0x0000000080e00000, 0x0000000080e00000|100%| O|  |TAMS 0x0000000080e00000, 0x0000000080d00000| Untracked 
|  14|0x0000000080e00000, 0x0000000080f00000, 0x0000000080f00000|100%| O|  |TAMS 0x0000000080f00000, 0x0000000080e00000| Untracked 
|  15|0x0000000080f00000, 0x0000000081000000, 0x0000000081000000|100%| O|  |TAMS 0x0000000081000000, 0x0000000080f00000| Untracked 
|  16|0x0000000081000000, 0x0000000081100000, 0x0000000081100000|100%|HS|  |TAMS 0x0000000081100000, 0x0000000081000000| Complete 
|  17|0x0000000081100000, 0x0000000081200000, 0x0000000081200000|100%| O|  |TAMS 0x0000000081200000, 0x0000000081100000| Untracked 
|  18|0x0000000081200000, 0x0000000081300000, 0x0000000081300000|100%| O|  |TAMS 0x0000000081300000, 0x0000000081200000| Untracked 
|  19|0x0000000081300000, 0x0000000081400000, 0x0000000081400000|100%| O|  |TAMS 0x0000000081400000, 0x0000000081300000| Untracked 
|  20|0x0000000081400000, 0x0000000081500000, 0x0000000081500000|100%| O|  |TAMS 0x0000000081500000, 0x0000000081400000| Untracked 
|  21|0x0000000081500000, 0x0000000081600000, 0x0000000081600000|100%| O|  |TAMS 0x0000000081600000, 0x0000000081500000| Untracked 
|  22|0x0000000081600000, 0x0000000081700000, 0x0000000081700000|100%| O|  |TAMS 0x0000000081700000, 0x0000000081600000| Untracked 
|  23|0x0000000081700000, 0x0000000081800000, 0x0000000081800000|100%|HS|  |TAMS 0x0000000081800000, 0x0000000081700000| Complete 
|  24|0x0000000081800000, 0x0000000081900000, 0x0000000081900000|100%|HS|  |TAMS 0x0000000081900000, 0x0000000081800000| Complete 
|  25|0x0000000081900000, 0x0000000081a00000, 0x0000000081a00000|100%|HS|  |TAMS 0x0000000081a00000, 0x0000000081900000| Complete 
|  26|0x0000000081a00000, 0x0000000081b00000, 0x0000000081b00000|100%|HS|  |TAMS 0x0000000081b00000, 0x0000000081a00000| Complete 
|  27|0x0000000081b00000, 0x0000000081c00000, 0x0000000081c00000|100%|HC|  |TAMS 0x0000000081c00000, 0x0000000081b00000| Complete 
|  28|0x0000000081c00000, 0x0000000081d00000, 0x0000000081d00000|100%|HC|  |TAMS 0x0000000081d00000, 0x0000000081c00000| Complete 
|  29|0x0000000081d00000, 0x0000000081e00000, 0x0000000081e00000|100%|HS|  |TAMS 0x0000000081e00000, 0x0000000081d00000| Complete 
|  30|0x0000000081e00000, 0x0000000081f00000, 0x0000000081f00000|100%|HC|  |TAMS 0x0000000081f00000, 0x0000000081e00000| Complete 
|  31|0x0000000081f00000, 0x0000000082000000, 0x0000000082000000|100%| O|  |TAMS 0x0000000082000000, 0x0000000081f00000| Untracked 
|  32|0x0000000082000000, 0x0000000082100000, 0x0000000082100000|100%| O|  |TAMS 0x0000000082100000, 0x0000000082000000| Untracked 
|  33|0x0000000082100000, 0x0000000082200000, 0x0000000082200000|100%| O|  |TAMS 0x0000000082200000, 0x0000000082100000| Untracked 
|  34|0x0000000082200000, 0x0000000082300000, 0x0000000082300000|100%| O|  |TAMS 0x0000000082300000, 0x0000000082200000| Untracked 
|  35|0x0000000082300000, 0x0000000082400000, 0x0000000082400000|100%| O|  |TAMS 0x0000000082300000, 0x0000000082300000| Untracked 
|  36|0x0000000082400000, 0x0000000082500000, 0x0000000082500000|100%| O|  |TAMS 0x0000000082500000, 0x0000000082400000| Untracked 
|  37|0x0000000082500000, 0x0000000082600000, 0x0000000082600000|100%| O|  |TAMS 0x0000000082600000, 0x0000000082500000| Untracked 
|  38|0x0000000082600000, 0x0000000082700000, 0x0000000082700000|100%| O|  |TAMS 0x0000000082700000, 0x0000000082600000| Untracked 
|  39|0x0000000082700000, 0x0000000082800000, 0x0000000082800000|100%| O|  |TAMS 0x0000000082800000, 0x0000000082700000| Untracked 
|  40|0x0000000082800000, 0x0000000082900000, 0x0000000082900000|100%| O|  |TAMS 0x0000000082900000, 0x0000000082800000| Untracked 
|  41|0x0000000082900000, 0x0000000082a00000, 0x0000000082a00000|100%| O|  |TAMS 0x0000000082a00000, 0x0000000082900000| Untracked 
|  42|0x0000000082a00000, 0x0000000082b00000, 0x0000000082b00000|100%| O|  |TAMS 0x0000000082b00000, 0x0000000082a00000| Untracked 
|  43|0x0000000082b00000, 0x0000000082c00000, 0x0000000082c00000|100%| O|  |TAMS 0x0000000082c00000, 0x0000000082b00000| Untracked 
|  44|0x0000000082c00000, 0x0000000082d00000, 0x0000000082d00000|100%| O|  |TAMS 0x0000000082d00000, 0x0000000082c00000| Untracked 
|  45|0x0000000082d00000, 0x0000000082e00000, 0x0000000082e00000|100%| O|  |TAMS 0x0000000082e00000, 0x0000000082d00000| Untracked 
|  46|0x0000000082e00000, 0x0000000082f00000, 0x0000000082f00000|100%| O|  |TAMS 0x0000000082f00000, 0x0000000082e00000| Untracked 
|  47|0x0000000082f00000, 0x0000000083000000, 0x0000000083000000|100%| O|  |TAMS 0x0000000083000000, 0x0000000082f00000| Untracked 
|  48|0x0000000083000000, 0x0000000083100000, 0x0000000083100000|100%| O|  |TAMS 0x0000000083100000, 0x0000000083000000| Untracked 
|  49|0x0000000083100000, 0x0000000083200000, 0x0000000083200000|100%| O|  |TAMS 0x0000000083200000, 0x0000000083100000| Untracked 
|  50|0x0000000083200000, 0x0000000083300000, 0x0000000083300000|100%| O|  |TAMS 0x0000000083300000, 0x0000000083200000| Untracked 
|  51|0x0000000083300000, 0x0000000083400000, 0x0000000083400000|100%| O|  |TAMS 0x0000000083400000, 0x0000000083300000| Untracked 
|  52|0x0000000083400000, 0x0000000083500000, 0x0000000083500000|100%| O|  |TAMS 0x0000000083500000, 0x0000000083400000| Untracked 
|  53|0x0000000083500000, 0x0000000083600000, 0x0000000083600000|100%| O|  |TAMS 0x0000000083600000, 0x0000000083500000| Untracked 
|  54|0x0000000083600000, 0x0000000083700000, 0x0000000083700000|100%| O|  |TAMS 0x0000000083700000, 0x0000000083600000| Untracked 
|  55|0x0000000083700000, 0x0000000083800000, 0x0000000083800000|100%| O|  |TAMS 0x0000000083800000, 0x0000000083700000| Untracked 
|  56|0x0000000083800000, 0x0000000083900000, 0x0000000083900000|100%| O|  |TAMS 0x0000000083900000, 0x0000000083800000| Untracked 
|  57|0x0000000083900000, 0x0000000083a00000, 0x0000000083a00000|100%| O|  |TAMS 0x0000000083a00000, 0x0000000083900000| Untracked 
|  58|0x0000000083a00000, 0x0000000083b00000, 0x0000000083b00000|100%| O|  |TAMS 0x0000000083b00000, 0x0000000083a00000| Untracked 
|  59|0x0000000083b00000, 0x0000000083c00000, 0x0000000083c00000|100%| O|  |TAMS 0x0000000083c00000, 0x0000000083b00000| Untracked 
|  60|0x0000000083c00000, 0x0000000083d00000, 0x0000000083d00000|100%| O|  |TAMS 0x0000000083d00000, 0x0000000083c00000| Untracked 
|  61|0x0000000083d00000, 0x0000000083e00000, 0x0000000083e00000|100%| O|  |TAMS 0x0000000083e00000, 0x0000000083d00000| Untracked 
|  62|0x0000000083e00000, 0x0000000083f00000, 0x0000000083f00000|100%| O|  |TAMS 0x0000000083e00000, 0x0000000083e00000| Untracked 
|  63|0x0000000083f00000, 0x0000000084000000, 0x0000000084000000|100%| O|  |TAMS 0x0000000084000000, 0x0000000083f00000| Untracked 
|  64|0x0000000084000000, 0x0000000084100000, 0x0000000084100000|100%| O|  |TAMS 0x0000000084100000, 0x0000000084000000| Untracked 
|  65|0x0000000084100000, 0x0000000084200000, 0x0000000084200000|100%| O|  |TAMS 0x0000000084200000, 0x0000000084100000| Untracked 
|  66|0x0000000084200000, 0x0000000084300000, 0x0000000084300000|100%| O|  |TAMS 0x0000000084300000, 0x0000000084200000| Untracked 
|  67|0x0000000084300000, 0x0000000084400000, 0x0000000084400000|100%| O|  |TAMS 0x0000000084400000, 0x0000000084300000| Untracked 
|  68|0x0000000084400000, 0x0000000084500000, 0x0000000084500000|100%| O|  |TAMS 0x0000000084400000, 0x0000000084400000| Untracked 
|  69|0x0000000084500000, 0x0000000084600000, 0x0000000084600000|100%| O|  |TAMS 0x0000000084600000, 0x0000000084500000| Untracked 
|  70|0x0000000084600000, 0x0000000084700000, 0x0000000084700000|100%| O|  |TAMS 0x0000000084700000, 0x0000000084600000| Untracked 
|  71|0x0000000084700000, 0x0000000084800000, 0x0000000084800000|100%| O|  |TAMS 0x0000000084800000, 0x0000000084700000| Untracked 
|  72|0x0000000084800000, 0x0000000084900000, 0x0000000084900000|100%| O|  |TAMS 0x0000000084900000, 0x0000000084800000| Untracked 
|  73|0x0000000084900000, 0x0000000084a00000, 0x0000000084a00000|100%| O|  |TAMS 0x0000000084a00000, 0x0000000084900000| Untracked 
|  74|0x0000000084a00000, 0x0000000084b00000, 0x0000000084b00000|100%| O|  |TAMS 0x0000000084b00000, 0x0000000084a00000| Untracked 
|  75|0x0000000084b00000, 0x0000000084c00000, 0x0000000084c00000|100%| O|  |TAMS 0x0000000084c00000, 0x0000000084b00000| Untracked 
|  76|0x0000000084c00000, 0x0000000084c00000, 0x0000000084d00000|  0%| F|  |TAMS 0x0000000084c00000, 0x0000000084c00000| Untracked 
|  77|0x0000000084d00000, 0x0000000084e00000, 0x0000000084e00000|100%| O|  |TAMS 0x0000000084d00000, 0x0000000084d00000| Untracked 
|  78|0x0000000084e00000, 0x0000000084f00000, 0x0000000084f00000|100%| O|  |TAMS 0x0000000084e00000, 0x0000000084e00000| Untracked 
|  79|0x0000000084f00000, 0x0000000085000000, 0x0000000085000000|100%| O|  |TAMS 0x0000000085000000, 0x0000000084f00000| Untracked 
|  80|0x0000000085000000, 0x0000000085100000, 0x0000000085100000|100%| O|  |TAMS 0x0000000085100000, 0x0000000085000000| Untracked 
|  81|0x0000000085100000, 0x0000000085200000, 0x0000000085200000|100%| O|  |TAMS 0x0000000085200000, 0x0000000085100000| Untracked 
|  82|0x0000000085200000, 0x0000000085300000, 0x0000000085300000|100%| O|  |TAMS 0x0000000085200000, 0x0000000085200000| Untracked 
|  83|0x0000000085300000, 0x0000000085400000, 0x0000000085400000|100%| O|  |TAMS 0x0000000085400000, 0x0000000085300000| Untracked 
|  84|0x0000000085400000, 0x0000000085500000, 0x0000000085500000|100%| O|  |TAMS 0x0000000085500000, 0x0000000085400000| Untracked 
|  85|0x0000000085500000, 0x0000000085600000, 0x0000000085600000|100%| O|  |TAMS 0x0000000085600000, 0x0000000085500000| Untracked 
|  86|0x0000000085600000, 0x0000000085700000, 0x0000000085700000|100%| O|  |TAMS 0x0000000085700000, 0x0000000085600000| Untracked 
|  87|0x0000000085700000, 0x0000000085800000, 0x0000000085800000|100%| O|  |TAMS 0x0000000085800000, 0x0000000085700000| Untracked 
|  88|0x0000000085800000, 0x0000000085800000, 0x0000000085900000|  0%| F|  |TAMS 0x0000000085800000, 0x0000000085800000| Untracked 
|  89|0x0000000085900000, 0x0000000085a00000, 0x0000000085a00000|100%| O|  |TAMS 0x0000000085a00000, 0x0000000085900000| Untracked 
|  90|0x0000000085a00000, 0x0000000085b00000, 0x0000000085b00000|100%| O|  |TAMS 0x0000000085b00000, 0x0000000085a00000| Untracked 
|  91|0x0000000085b00000, 0x0000000085c00000, 0x0000000085c00000|100%| O|  |TAMS 0x0000000085c00000, 0x0000000085b00000| Untracked 
|  92|0x0000000085c00000, 0x0000000085d00000, 0x0000000085d00000|100%| O|  |TAMS 0x0000000085d00000, 0x0000000085c00000| Untracked 
|  93|0x0000000085d00000, 0x0000000085e00000, 0x0000000085e00000|100%| O|  |TAMS 0x0000000085e00000, 0x0000000085d00000| Untracked 
|  94|0x0000000085e00000, 0x0000000085f00000, 0x0000000085f00000|100%| O|  |TAMS 0x0000000085e00000, 0x0000000085e00000| Untracked 
|  95|0x0000000085f00000, 0x0000000086000000, 0x0000000086000000|100%|HS|  |TAMS 0x0000000085f00000, 0x0000000085f00000| Complete 
|  96|0x0000000086000000, 0x0000000086100000, 0x0000000086100000|100%|HC|  |TAMS 0x0000000086000000, 0x0000000086000000| Complete 
|  97|0x0000000086100000, 0x0000000086200000, 0x0000000086200000|100%| O|  |TAMS 0x0000000086200000, 0x0000000086100000| Untracked 
|  98|0x0000000086200000, 0x0000000086300000, 0x0000000086300000|100%| O|  |TAMS 0x0000000086300000, 0x0000000086200000| Untracked 
|  99|0x0000000086300000, 0x0000000086400000, 0x0000000086400000|100%| O|  |TAMS 0x0000000086400000, 0x0000000086300000| Untracked 
| 100|0x0000000086400000, 0x0000000086500000, 0x0000000086500000|100%| O|  |TAMS 0x0000000086500000, 0x0000000086400000| Untracked 
| 101|0x0000000086500000, 0x0000000086600000, 0x0000000086600000|100%| O|  |TAMS 0x0000000086600000, 0x0000000086500000| Untracked 
| 102|0x0000000086600000, 0x0000000086700000, 0x0000000086700000|100%| O|  |TAMS 0x0000000086700000, 0x0000000086600000| Untracked 
| 103|0x0000000086700000, 0x0000000086800000, 0x0000000086800000|100%| O|  |TAMS 0x0000000086800000, 0x0000000086700000| Untracked 
| 104|0x0000000086800000, 0x0000000086900000, 0x0000000086900000|100%| O|  |TAMS 0x0000000086900000, 0x0000000086800000| Untracked 
| 105|0x0000000086900000, 0x0000000086a00000, 0x0000000086a00000|100%| O|  |TAMS 0x0000000086a00000, 0x0000000086900000| Untracked 
| 106|0x0000000086a00000, 0x0000000086b00000, 0x0000000086b00000|100%| O|  |TAMS 0x0000000086b00000, 0x0000000086a00000| Untracked 
| 107|0x0000000086b00000, 0x0000000086c00000, 0x0000000086c00000|100%| O|  |TAMS 0x0000000086c00000, 0x0000000086b00000| Untracked 
| 108|0x0000000086c00000, 0x0000000086d00000, 0x0000000086d00000|100%| O|  |TAMS 0x0000000086d00000, 0x0000000086c00000| Untracked 
| 109|0x0000000086d00000, 0x0000000086e00000, 0x0000000086e00000|100%| O|  |TAMS 0x0000000086e00000, 0x0000000086d00000| Untracked 
| 110|0x0000000086e00000, 0x0000000086f00000, 0x0000000086f00000|100%| O|  |TAMS 0x0000000086f00000, 0x0000000086e00000| Untracked 
| 111|0x0000000086f00000, 0x0000000087000000, 0x0000000087000000|100%| O|  |TAMS 0x0000000087000000, 0x0000000086f00000| Untracked 
| 112|0x0000000087000000, 0x0000000087100000, 0x0000000087100000|100%| O|  |TAMS 0x0000000087000000, 0x0000000087000000| Untracked 
| 113|0x0000000087100000, 0x0000000087200000, 0x0000000087200000|100%| O|  |TAMS 0x0000000087100000, 0x0000000087100000| Untracked 
| 114|0x0000000087200000, 0x0000000087300000, 0x0000000087300000|100%| O|  |TAMS 0x0000000087200000, 0x0000000087200000| Untracked 
| 115|0x0000000087300000, 0x0000000087400000, 0x0000000087400000|100%| O|  |TAMS 0x0000000087300000, 0x0000000087300000| Untracked 
| 116|0x0000000087400000, 0x0000000087500000, 0x0000000087500000|100%| O|  |TAMS 0x0000000087500000, 0x0000000087400000| Untracked 
| 117|0x0000000087500000, 0x0000000087600000, 0x0000000087600000|100%| O|  |TAMS 0x0000000087600000, 0x0000000087500000| Untracked 
| 118|0x0000000087600000, 0x0000000087600000, 0x0000000087700000|  0%| F|  |TAMS 0x0000000087600000, 0x0000000087600000| Untracked 
| 119|0x0000000087700000, 0x0000000087800000, 0x0000000087800000|100%| O|  |TAMS 0x0000000087800000, 0x0000000087700000| Untracked 
| 120|0x0000000087800000, 0x0000000087900000, 0x0000000087900000|100%| O|  |TAMS 0x0000000087900000, 0x0000000087800000| Untracked 
| 121|0x0000000087900000, 0x0000000087a00000, 0x0000000087a00000|100%| O|  |TAMS 0x0000000087a00000, 0x0000000087900000| Untracked 
| 122|0x0000000087a00000, 0x0000000087b00000, 0x0000000087b00000|100%| O|  |TAMS 0x0000000087b00000, 0x0000000087a00000| Untracked 
| 123|0x0000000087b00000, 0x0000000087c00000, 0x0000000087c00000|100%| O|  |TAMS 0x0000000087c00000, 0x0000000087b00000| Untracked 
| 124|0x0000000087c00000, 0x0000000087d00000, 0x0000000087d00000|100%| O|  |TAMS 0x0000000087d00000, 0x0000000087c00000| Untracked 
| 125|0x0000000087d00000, 0x0000000087e00000, 0x0000000087e00000|100%| O|  |TAMS 0x0000000087d00000, 0x0000000087d00000| Untracked 
| 126|0x0000000087e00000, 0x0000000087f00000, 0x0000000087f00000|100%| O|  |TAMS 0x0000000087e00000, 0x0000000087e00000| Untracked 
| 127|0x0000000087f00000, 0x0000000087f00000, 0x0000000088000000|  0%| F|  |TAMS 0x0000000087f00000, 0x0000000087f00000| Untracked 
| 128|0x0000000088000000, 0x0000000088000000, 0x0000000088100000|  0%| F|  |TAMS 0x0000000088000000, 0x0000000088000000| Untracked 
| 129|0x0000000088100000, 0x0000000088100000, 0x0000000088200000|  0%| F|  |TAMS 0x0000000088100000, 0x0000000088100000| Untracked 
| 130|0x0000000088200000, 0x0000000088200000, 0x0000000088300000|  0%| F|  |TAMS 0x0000000088200000, 0x0000000088200000| Untracked 
| 131|0x0000000088300000, 0x0000000088300000, 0x0000000088400000|  0%| F|  |TAMS 0x0000000088300000, 0x0000000088300000| Untracked 
| 132|0x0000000088400000, 0x0000000088400000, 0x0000000088500000|  0%| F|  |TAMS 0x0000000088400000, 0x0000000088400000| Untracked 
| 133|0x0000000088500000, 0x0000000088500000, 0x0000000088600000|  0%| F|  |TAMS 0x0000000088500000, 0x0000000088500000| Untracked 
| 134|0x0000000088600000, 0x0000000088600000, 0x0000000088700000|  0%| F|  |TAMS 0x0000000088600000, 0x0000000088600000| Untracked 
| 135|0x0000000088700000, 0x0000000088700000, 0x0000000088800000|  0%| F|  |TAMS 0x0000000088700000, 0x0000000088700000| Untracked 
| 136|0x0000000088800000, 0x0000000088800000, 0x0000000088900000|  0%| F|  |TAMS 0x0000000088800000, 0x0000000088800000| Untracked 
| 137|0x0000000088900000, 0x0000000088900000, 0x0000000088a00000|  0%| F|  |TAMS 0x0000000088900000, 0x0000000088900000| Untracked 
| 138|0x0000000088a00000, 0x0000000088b00000, 0x0000000088b00000|100%| O|  |TAMS 0x0000000088b00000, 0x0000000088a00000| Untracked 
| 139|0x0000000088b00000, 0x0000000088c00000, 0x0000000088c00000|100%| O|  |TAMS 0x0000000088c00000, 0x0000000088b00000| Untracked 
| 140|0x0000000088c00000, 0x0000000088d00000, 0x0000000088d00000|100%| O|  |TAMS 0x0000000088d00000, 0x0000000088c00000| Untracked 
| 141|0x0000000088d00000, 0x0000000088d00000, 0x0000000088e00000|  0%| F|  |TAMS 0x0000000088d00000, 0x0000000088d00000| Untracked 
| 142|0x0000000088e00000, 0x0000000088e00000, 0x0000000088f00000|  0%| F|  |TAMS 0x0000000088e00000, 0x0000000088e00000| Untracked 
| 143|0x0000000088f00000, 0x0000000088f00000, 0x0000000089000000|  0%| F|  |TAMS 0x0000000088f00000, 0x0000000088f00000| Untracked 
| 144|0x0000000089000000, 0x0000000089000000, 0x0000000089100000|  0%| F|  |TAMS 0x0000000089000000, 0x0000000089000000| Untracked 
| 145|0x0000000089100000, 0x0000000089100000, 0x0000000089200000|  0%| F|  |TAMS 0x0000000089100000, 0x0000000089100000| Untracked 
| 146|0x0000000089200000, 0x0000000089200000, 0x0000000089300000|  0%| F|  |TAMS 0x0000000089200000, 0x0000000089200000| Untracked 
| 147|0x0000000089300000, 0x0000000089300000, 0x0000000089400000|  0%| F|  |TAMS 0x0000000089300000, 0x0000000089300000| Untracked 
| 148|0x0000000089400000, 0x0000000089400000, 0x0000000089500000|  0%| F|  |TAMS 0x0000000089400000, 0x0000000089400000| Untracked 
| 149|0x0000000089500000, 0x0000000089500000, 0x0000000089600000|  0%| F|  |TAMS 0x0000000089500000, 0x0000000089500000| Untracked 
| 150|0x0000000089600000, 0x0000000089700000, 0x0000000089700000|100%| O|  |TAMS 0x0000000089700000, 0x0000000089600000| Untracked 
| 151|0x0000000089700000, 0x0000000089800000, 0x0000000089800000|100%| O|  |TAMS 0x0000000089800000, 0x0000000089700000| Untracked 
| 152|0x0000000089800000, 0x0000000089900000, 0x0000000089900000|100%| O|  |TAMS 0x0000000089900000, 0x0000000089800000| Untracked 
| 153|0x0000000089900000, 0x0000000089a00000, 0x0000000089a00000|100%| O|  |TAMS 0x0000000089a00000, 0x0000000089900000| Untracked 
| 154|0x0000000089a00000, 0x0000000089b00000, 0x0000000089b00000|100%| O|  |TAMS 0x0000000089b00000, 0x0000000089a00000| Untracked 
| 155|0x0000000089b00000, 0x0000000089c00000, 0x0000000089c00000|100%| O|  |TAMS 0x0000000089c00000, 0x0000000089b00000| Untracked 
| 156|0x0000000089c00000, 0x0000000089d00000, 0x0000000089d00000|100%| O|  |TAMS 0x0000000089d00000, 0x0000000089c00000| Untracked 
| 157|0x0000000089d00000, 0x0000000089e00000, 0x0000000089e00000|100%| O|  |TAMS 0x0000000089e00000, 0x0000000089d00000| Untracked 
| 158|0x0000000089e00000, 0x0000000089f00000, 0x0000000089f00000|100%| O|  |TAMS 0x0000000089ef0a00, 0x0000000089e00000| Untracked 
| 159|0x0000000089f00000, 0x0000000089f00000, 0x000000008a000000|  0%| F|  |TAMS 0x0000000089f00000, 0x0000000089f00000| Untracked 
| 160|0x000000008a000000, 0x000000008a000000, 0x000000008a100000|  0%| F|  |TAMS 0x000000008a000000, 0x000000008a000000| Untracked 
| 161|0x000000008a100000, 0x000000008a100000, 0x000000008a200000|  0%| F|  |TAMS 0x000000008a100000, 0x000000008a100000| Untracked 
| 162|0x000000008a200000, 0x000000008a200000, 0x000000008a300000|  0%| F|  |TAMS 0x000000008a200000, 0x000000008a200000| Untracked 
| 163|0x000000008a300000, 0x000000008a300000, 0x000000008a400000|  0%| F|  |TAMS 0x000000008a300000, 0x000000008a300000| Untracked 
| 164|0x000000008a400000, 0x000000008a400000, 0x000000008a500000|  0%| F|  |TAMS 0x000000008a400000, 0x000000008a400000| Untracked 
| 165|0x000000008a500000, 0x000000008a500000, 0x000000008a600000|  0%| F|  |TAMS 0x000000008a500000, 0x000000008a500000| Untracked 
| 166|0x000000008a600000, 0x000000008a600000, 0x000000008a700000|  0%| F|  |TAMS 0x000000008a600000, 0x000000008a600000| Untracked 
| 167|0x000000008a700000, 0x000000008a700000, 0x000000008a800000|  0%| F|  |TAMS 0x000000008a700000, 0x000000008a700000| Untracked 
| 168|0x000000008a800000, 0x000000008a800000, 0x000000008a900000|  0%| F|  |TAMS 0x000000008a800000, 0x000000008a800000| Untracked 
| 169|0x000000008a900000, 0x000000008a900000, 0x000000008aa00000|  0%| F|  |TAMS 0x000000008a900000, 0x000000008a900000| Untracked 
| 170|0x000000008aa00000, 0x000000008aa00000, 0x000000008ab00000|  0%| F|  |TAMS 0x000000008aa00000, 0x000000008aa00000| Untracked 
| 171|0x000000008ab00000, 0x000000008ab00000, 0x000000008ac00000|  0%| F|  |TAMS 0x000000008ab00000, 0x000000008ab00000| Untracked 
| 172|0x000000008ac00000, 0x000000008ac00000, 0x000000008ad00000|  0%| F|  |TAMS 0x000000008ac00000, 0x000000008ac00000| Untracked 
| 173|0x000000008ad00000, 0x000000008ad00000, 0x000000008ae00000|  0%| F|  |TAMS 0x000000008ad00000, 0x000000008ad00000| Untracked 
| 174|0x000000008ae00000, 0x000000008ae00000, 0x000000008af00000|  0%| F|  |TAMS 0x000000008ae00000, 0x000000008ae00000| Untracked 
| 175|0x000000008af00000, 0x000000008af00000, 0x000000008b000000|  0%| F|  |TAMS 0x000000008af00000, 0x000000008af00000| Untracked 
| 176|0x000000008b000000, 0x000000008b000000, 0x000000008b100000|  0%| F|  |TAMS 0x000000008b000000, 0x000000008b000000| Untracked 
| 177|0x000000008b100000, 0x000000008b100000, 0x000000008b200000|  0%| F|  |TAMS 0x000000008b100000, 0x000000008b100000| Untracked 
| 178|0x000000008b200000, 0x000000008b200000, 0x000000008b300000|  0%| F|  |TAMS 0x000000008b200000, 0x000000008b200000| Untracked 
| 179|0x000000008b300000, 0x000000008b300000, 0x000000008b400000|  0%| F|  |TAMS 0x000000008b300000, 0x000000008b300000| Untracked 
| 180|0x000000008b400000, 0x000000008b400000, 0x000000008b500000|  0%| F|  |TAMS 0x000000008b400000, 0x000000008b400000| Untracked 
| 181|0x000000008b500000, 0x000000008b500000, 0x000000008b600000|  0%| F|  |TAMS 0x000000008b500000, 0x000000008b500000| Untracked 
| 182|0x000000008b600000, 0x000000008b600000, 0x000000008b700000|  0%| F|  |TAMS 0x000000008b600000, 0x000000008b600000| Untracked 
| 183|0x000000008b700000, 0x000000008b700000, 0x000000008b800000|  0%| F|  |TAMS 0x000000008b700000, 0x000000008b700000| Untracked 
| 184|0x000000008b800000, 0x000000008b800000, 0x000000008b900000|  0%| F|  |TAMS 0x000000008b800000, 0x000000008b800000| Untracked 
| 185|0x000000008b900000, 0x000000008b900000, 0x000000008ba00000|  0%| F|  |TAMS 0x000000008b900000, 0x000000008b900000| Untracked 
| 186|0x000000008ba00000, 0x000000008ba00000, 0x000000008bb00000|  0%| F|  |TAMS 0x000000008ba00000, 0x000000008ba00000| Untracked 
| 187|0x000000008bb00000, 0x000000008bb00000, 0x000000008bc00000|  0%| F|  |TAMS 0x000000008bb00000, 0x000000008bb00000| Untracked 
| 188|0x000000008bc00000, 0x000000008bc00000, 0x000000008bd00000|  0%| F|  |TAMS 0x000000008bc00000, 0x000000008bc00000| Untracked 
| 189|0x000000008bd00000, 0x000000008bd00000, 0x000000008be00000|  0%| F|  |TAMS 0x000000008bd00000, 0x000000008bd00000| Untracked 
| 190|0x000000008be00000, 0x000000008be00000, 0x000000008bf00000|  0%| F|  |TAMS 0x000000008be00000, 0x000000008be00000| Untracked 
| 191|0x000000008bf00000, 0x000000008bf00000, 0x000000008c000000|  0%| F|  |TAMS 0x000000008bf00000, 0x000000008bf00000| Untracked 
| 192|0x000000008c000000, 0x000000008c000000, 0x000000008c100000|  0%| F|  |TAMS 0x000000008c000000, 0x000000008c000000| Untracked 
| 193|0x000000008c100000, 0x000000008c100000, 0x000000008c200000|  0%| F|  |TAMS 0x000000008c100000, 0x000000008c100000| Untracked 
| 194|0x000000008c200000, 0x000000008c200000, 0x000000008c300000|  0%| F|  |TAMS 0x000000008c200000, 0x000000008c200000| Untracked 
| 195|0x000000008c300000, 0x000000008c300000, 0x000000008c400000|  0%| F|  |TAMS 0x000000008c300000, 0x000000008c300000| Untracked 
| 196|0x000000008c400000, 0x000000008c400000, 0x000000008c500000|  0%| F|  |TAMS 0x000000008c400000, 0x000000008c400000| Untracked 
| 197|0x000000008c500000, 0x000000008c500000, 0x000000008c600000|  0%| F|  |TAMS 0x000000008c500000, 0x000000008c500000| Untracked 
| 198|0x000000008c600000, 0x000000008c600000, 0x000000008c700000|  0%| F|  |TAMS 0x000000008c600000, 0x000000008c600000| Untracked 
| 199|0x000000008c700000, 0x000000008c700000, 0x000000008c800000|  0%| F|  |TAMS 0x000000008c700000, 0x000000008c700000| Untracked 
| 200|0x000000008c800000, 0x000000008c800000, 0x000000008c900000|  0%| F|  |TAMS 0x000000008c800000, 0x000000008c800000| Untracked 
| 201|0x000000008c900000, 0x000000008c900000, 0x000000008ca00000|  0%| F|  |TAMS 0x000000008c900000, 0x000000008c900000| Untracked 
| 202|0x000000008ca00000, 0x000000008ca00000, 0x000000008cb00000|  0%| F|  |TAMS 0x000000008ca00000, 0x000000008ca00000| Untracked 
| 203|0x000000008cb00000, 0x000000008cb00000, 0x000000008cc00000|  0%| F|  |TAMS 0x000000008cb00000, 0x000000008cb00000| Untracked 
| 204|0x000000008cc00000, 0x000000008cc00000, 0x000000008cd00000|  0%| F|  |TAMS 0x000000008cc00000, 0x000000008cc00000| Untracked 
| 205|0x000000008cd00000, 0x000000008cd00000, 0x000000008ce00000|  0%| F|  |TAMS 0x000000008cd00000, 0x000000008cd00000| Untracked 
| 206|0x000000008ce00000, 0x000000008ce00000, 0x000000008cf00000|  0%| F|  |TAMS 0x000000008ce00000, 0x000000008ce00000| Untracked 
| 207|0x000000008cf00000, 0x000000008cf00000, 0x000000008d000000|  0%| F|  |TAMS 0x000000008cf00000, 0x000000008cf00000| Untracked 
| 208|0x000000008d000000, 0x000000008d000000, 0x000000008d100000|  0%| F|  |TAMS 0x000000008d000000, 0x000000008d000000| Untracked 
| 209|0x000000008d100000, 0x000000008d100000, 0x000000008d200000|  0%| F|  |TAMS 0x000000008d100000, 0x000000008d100000| Untracked 
| 210|0x000000008d200000, 0x000000008d200000, 0x000000008d300000|  0%| F|  |TAMS 0x000000008d200000, 0x000000008d200000| Untracked 
| 211|0x000000008d300000, 0x000000008d300000, 0x000000008d400000|  0%| F|  |TAMS 0x000000008d300000, 0x000000008d300000| Untracked 
| 212|0x000000008d400000, 0x000000008d400000, 0x000000008d500000|  0%| F|  |TAMS 0x000000008d400000, 0x000000008d400000| Untracked 
| 213|0x000000008d500000, 0x000000008d500000, 0x000000008d600000|  0%| F|  |TAMS 0x000000008d500000, 0x000000008d500000| Untracked 
| 214|0x000000008d600000, 0x000000008d600000, 0x000000008d700000|  0%| F|  |TAMS 0x000000008d600000, 0x000000008d600000| Untracked 
| 215|0x000000008d700000, 0x000000008d700000, 0x000000008d800000|  0%| F|  |TAMS 0x000000008d700000, 0x000000008d700000| Untracked 
| 216|0x000000008d800000, 0x000000008d800000, 0x000000008d900000|  0%| F|  |TAMS 0x000000008d800000, 0x000000008d800000| Untracked 
| 217|0x000000008d900000, 0x000000008d900000, 0x000000008da00000|  0%| F|  |TAMS 0x000000008d900000, 0x000000008d900000| Untracked 
| 218|0x000000008da00000, 0x000000008da00000, 0x000000008db00000|  0%| F|  |TAMS 0x000000008da00000, 0x000000008da00000| Untracked 
| 219|0x000000008db00000, 0x000000008db00000, 0x000000008dc00000|  0%| F|  |TAMS 0x000000008db00000, 0x000000008db00000| Untracked 
| 220|0x000000008dc00000, 0x000000008dc00000, 0x000000008dd00000|  0%| F|  |TAMS 0x000000008dc00000, 0x000000008dc00000| Untracked 
| 221|0x000000008dd00000, 0x000000008dd00000, 0x000000008de00000|  0%| F|  |TAMS 0x000000008dd00000, 0x000000008dd00000| Untracked 
| 222|0x000000008de00000, 0x000000008de00000, 0x000000008df00000|  0%| F|  |TAMS 0x000000008de00000, 0x000000008de00000| Untracked 
| 223|0x000000008df00000, 0x000000008df00000, 0x000000008e000000|  0%| F|  |TAMS 0x000000008df00000, 0x000000008df00000| Untracked 
| 224|0x000000008e000000, 0x000000008e000000, 0x000000008e100000|  0%| F|  |TAMS 0x000000008e000000, 0x000000008e000000| Untracked 
| 225|0x000000008e100000, 0x000000008e100000, 0x000000008e200000|  0%| F|  |TAMS 0x000000008e100000, 0x000000008e100000| Untracked 
| 226|0x000000008e200000, 0x000000008e200000, 0x000000008e300000|  0%| F|  |TAMS 0x000000008e200000, 0x000000008e200000| Untracked 
| 227|0x000000008e300000, 0x000000008e300000, 0x000000008e400000|  0%| F|  |TAMS 0x000000008e300000, 0x000000008e300000| Untracked 
| 228|0x000000008e400000, 0x000000008e400000, 0x000000008e500000|  0%| F|  |TAMS 0x000000008e400000, 0x000000008e400000| Untracked 
| 229|0x000000008e500000, 0x000000008e500000, 0x000000008e600000|  0%| F|  |TAMS 0x000000008e500000, 0x000000008e500000| Untracked 
| 230|0x000000008e600000, 0x000000008e600000, 0x000000008e700000|  0%| F|  |TAMS 0x000000008e600000, 0x000000008e600000| Untracked 
| 231|0x000000008e700000, 0x000000008e700000, 0x000000008e800000|  0%| F|  |TAMS 0x000000008e700000, 0x000000008e700000| Untracked 
| 232|0x000000008e800000, 0x000000008e800000, 0x000000008e900000|  0%| F|  |TAMS 0x000000008e800000, 0x000000008e800000| Untracked 
| 233|0x000000008e900000, 0x000000008e900000, 0x000000008ea00000|  0%| F|  |TAMS 0x000000008e900000, 0x000000008e900000| Untracked 
| 234|0x000000008ea00000, 0x000000008ea00000, 0x000000008eb00000|  0%| F|  |TAMS 0x000000008ea00000, 0x000000008ea00000| Untracked 
| 235|0x000000008eb00000, 0x000000008eb00000, 0x000000008ec00000|  0%| F|  |TAMS 0x000000008eb00000, 0x000000008eb00000| Untracked 
| 236|0x000000008ec00000, 0x000000008ec00000, 0x000000008ed00000|  0%| F|  |TAMS 0x000000008ec00000, 0x000000008ec00000| Untracked 
| 237|0x000000008ed00000, 0x000000008ed00000, 0x000000008ee00000|  0%| F|  |TAMS 0x000000008ed00000, 0x000000008ed00000| Untracked 
| 238|0x000000008ee00000, 0x000000008ee00800, 0x000000008ef00000|  0%| E|  |TAMS 0x000000008ee00000, 0x000000008ee00000| Complete 
| 239|0x000000008ef00000, 0x000000008f000000, 0x000000008f000000|100%| E|CS|TAMS 0x000000008ef00000, 0x000000008ef00000| Complete 
| 240|0x000000008f000000, 0x000000008f0fffa0, 0x000000008f100000| 99%| E|  |TAMS 0x000000008f000000, 0x000000008f000000| Complete 
| 241|0x000000008f100000, 0x000000008f200000, 0x000000008f200000|100%| E|CS|TAMS 0x000000008f100000, 0x000000008f100000| Complete 
| 242|0x000000008f200000, 0x000000008f300000, 0x000000008f300000|100%| E|CS|TAMS 0x000000008f200000, 0x000000008f200000| Complete 
| 243|0x000000008f300000, 0x000000008f400000, 0x000000008f400000|100%| E|CS|TAMS 0x000000008f300000, 0x000000008f300000| Complete 
| 244|0x000000008f400000, 0x000000008f500000, 0x000000008f500000|100%| E|CS|TAMS 0x000000008f400000, 0x000000008f400000| Complete 
| 245|0x000000008f500000, 0x000000008f600000, 0x000000008f600000|100%| E|CS|TAMS 0x000000008f500000, 0x000000008f500000| Complete 
| 246|0x000000008f600000, 0x000000008f700000, 0x000000008f700000|100%| E|CS|TAMS 0x000000008f600000, 0x000000008f600000| Complete 
| 247|0x000000008f700000, 0x000000008f800000, 0x000000008f800000|100%| E|CS|TAMS 0x000000008f700000, 0x000000008f700000| Complete 
| 248|0x000000008f800000, 0x000000008f900000, 0x000000008f900000|100%| E|CS|TAMS 0x000000008f800000, 0x000000008f800000| Complete 
| 249|0x000000008f900000, 0x000000008fa00000, 0x000000008fa00000|100%| E|CS|TAMS 0x000000008f900000, 0x000000008f900000| Complete 
| 250|0x000000008fa00000, 0x000000008fb00000, 0x000000008fb00000|100%| E|CS|TAMS 0x000000008fa00000, 0x000000008fa00000| Complete 
| 251|0x000000008fb00000, 0x000000008fc00000, 0x000000008fc00000|100%| E|CS|TAMS 0x000000008fb00000, 0x000000008fb00000| Complete 
| 252|0x000000008fc00000, 0x000000008fd00000, 0x000000008fd00000|100%| E|CS|TAMS 0x000000008fc00000, 0x000000008fc00000| Complete 
| 253|0x000000008fd00000, 0x000000008fe00000, 0x000000008fe00000|100%| E|CS|TAMS 0x000000008fd00000, 0x000000008fd00000| Complete 
| 254|0x000000008fe00000, 0x000000008ff00000, 0x000000008ff00000|100%| E|CS|TAMS 0x000000008fe00000, 0x000000008fe00000| Complete 
| 255|0x000000008ff00000, 0x0000000090000000, 0x0000000090000000|100%| E|CS|TAMS 0x000000008ff00000, 0x000000008ff00000| Complete 
| 256|0x0000000090000000, 0x0000000090100000, 0x0000000090100000|100%| E|CS|TAMS 0x0000000090000000, 0x0000000090000000| Complete 
| 257|0x0000000090100000, 0x0000000090200000, 0x0000000090200000|100%| S|CS|TAMS 0x0000000090100000, 0x0000000090100000| Complete 
| 258|0x0000000090200000, 0x0000000090300000, 0x0000000090300000|100%| S|CS|TAMS 0x0000000090200000, 0x0000000090200000| Complete 
| 259|0x0000000090300000, 0x0000000090400000, 0x0000000090400000|100%| E|CS|TAMS 0x0000000090300000, 0x0000000090300000| Complete 
| 260|0x0000000090400000, 0x0000000090500000, 0x0000000090500000|100%| E|CS|TAMS 0x0000000090400000, 0x0000000090400000| Complete 
| 261|0x0000000090500000, 0x0000000090600000, 0x0000000090600000|100%| E|CS|TAMS 0x0000000090500000, 0x0000000090500000| Complete 
| 262|0x0000000090600000, 0x0000000090700000, 0x0000000090700000|100%| E|CS|TAMS 0x0000000090600000, 0x0000000090600000| Complete 
| 263|0x0000000090700000, 0x0000000090800000, 0x0000000090800000|100%| E|CS|TAMS 0x0000000090700000, 0x0000000090700000| Complete 
| 264|0x0000000090800000, 0x0000000090900000, 0x0000000090900000|100%| E|CS|TAMS 0x0000000090800000, 0x0000000090800000| Complete 
| 265|0x0000000090900000, 0x0000000090a00000, 0x0000000090a00000|100%| E|CS|TAMS 0x0000000090900000, 0x0000000090900000| Complete 
| 266|0x0000000090a00000, 0x0000000090b00000, 0x0000000090b00000|100%| E|CS|TAMS 0x0000000090a00000, 0x0000000090a00000| Complete 

Card table byte_map: [0x0000018e996a0000,0x0000018e99aa0000] _byte_map_base: 0x0000018e992a0000

Marking Bits (Prev, Next): (CMBitMap*) 0x0000018e867efbb8, (CMBitMap*) 0x0000018e867efbf0
 Prev Bits: [0x0000018e99ea0000, 0x0000018e9bea0000)
 Next Bits: [0x0000018e9bea0000, 0x0000018e9dea0000)

Polling page: 0x0000018e84680000

Metaspace:

Usage:
  Non-class:    100.64 MB capacity,    98.55 MB ( 98%) used,     1.68 MB (  2%) free+waste,   408.81 KB ( <1%) overhead. 
      Class:     15.82 MB capacity,    14.56 MB ( 92%) used,     1.08 MB (  7%) free+waste,   183.13 KB (  1%) overhead. 
       Both:    116.46 MB capacity,   113.11 MB ( 97%) used,     2.77 MB (  2%) free+waste,   591.94 KB ( <1%) overhead. 

Virtual space:
  Non-class space:      102.00 MB reserved,     100.85 MB ( 99%) committed 
      Class space:        1.00 GB reserved,      15.94 MB (  2%) committed 
             Both:        1.10 GB reserved,     116.79 MB ( 10%) committed 

Chunk freelists:
   Non-Class:  25.00 KB
       Class:  0 bytes
        Both:  25.00 KB

MaxMetaspaceSize: 17179869184.00 GB
CompressedClassSpaceSize: 1.00 GB

CodeHeap 'non-profiled nmethods': size=120064Kb used=11556Kb max_used=12164Kb free=108507Kb
 bounds [0x0000018e91d60000, 0x0000018e92950000, 0x0000018e992a0000]
CodeHeap 'profiled nmethods': size=120000Kb used=40566Kb max_used=40792Kb free=79433Kb
 bounds [0x0000018e8a830000, 0x0000018e8d120000, 0x0000018e91d60000]
CodeHeap 'non-nmethods': size=5696Kb used=2363Kb max_used=2452Kb free=3332Kb
 bounds [0x0000018e8a2a0000, 0x0000018e8a520000, 0x0000018e8a830000]
 total_blobs=19069 nmethods=18080 adapters=898
 compilation: enabled
              stopped_count=0, restarted_count=0
 full_count=0

Compilation events (20 events):
Event: 139.548 Thread 0x0000018ea03ae800 19123       2       com.android.tools.r8.code.J0::a (27 bytes)
Event: 139.548 Thread 0x0000018ea03ae800 nmethod 19123 0x0000018e8a968790 code [0x0000018e8a968960, 0x0000018e8a968b08]
Event: 139.548 Thread 0x0000018ea03ae800 19115       2       com.android.tools.r8.internal.qf1::<init> (15 bytes)
Event: 139.549 Thread 0x0000018ea03ae800 nmethod 19115 0x0000018e8a968390 code [0x0000018e8a968540, 0x0000018e8a9686d8]
Event: 139.549 Thread 0x0000018ea03ae800 19116       2       com.android.tools.r8.naming.C$b::a (6 bytes)
Event: 139.549 Thread 0x0000018ea03ae800 nmethod 19116 0x0000018e8a968010 code [0x0000018e8a9681c0, 0x0000018e8a9682a8]
Event: 139.549 Thread 0x0000018ea03ae800 19118       2       com.android.tools.r8.graph.l0::L (5 bytes)
Event: 139.549 Thread 0x0000018ea03ae800 nmethod 19118 0x0000018e8a967c90 code [0x0000018e8a967e40, 0x0000018e8a967f68]
Event: 139.549 Thread 0x0000018ea03ae800 19119       2       com.android.tools.r8.naming.C$b::<init> (16 bytes)
Event: 139.549 Thread 0x0000018ea03ae800 nmethod 19119 0x0000018e8a970890 code [0x0000018e8a970a40, 0x0000018e8a970c58]
Event: 139.549 Thread 0x0000018ea03ae800 19120       2       com.android.tools.r8.naming.C$c::<init> (10 bytes)
Event: 139.549 Thread 0x0000018ea03ae800 nmethod 19120 0x0000018e8a970510 code [0x0000018e8a9706c0, 0x0000018e8a9707f8]
Event: 139.550 Thread 0x0000018ea03ae800 19124       2       com.android.tools.r8.dex.j::a (1 bytes)
Event: 139.550 Thread 0x0000018ea03ae800 nmethod 19124 0x0000018e8a970190 code [0x0000018e8a970340, 0x0000018e8a970438]
Event: 139.550 Thread 0x0000018ea03ae800 19125       2       java.nio.ShortBuffer::position (6 bytes)
Event: 139.550 Thread 0x0000018ea03ae800 nmethod 19125 0x0000018e8a973e10 code [0x0000018e8a973fc0, 0x0000018e8a9740e8]
Event: 139.550 Thread 0x0000018ea03ae800 19126       2       java.nio.ShortBuffer::position (8 bytes)
Event: 139.550 Thread 0x0000018ea03ae800 nmethod 19126 0x0000018e8a973a90 code [0x0000018e8a973c40, 0x0000018e8a973d68]
Event: 139.550 Thread 0x0000018ea03ae800 19122       1       com.android.tools.r8.code.J3::u (3 bytes)
Event: 139.550 Thread 0x0000018ea03ae800 nmethod 19122 0x0000018e91dd2c90 code [0x0000018e91dd2e40, 0x0000018e91dd2ef8]

GC Heap History (20 events):
Event: 31.306 GC heap before
{Heap before GC invocations=25 (full 0):
 garbage-first heap   total 273408K, used 188529K [0x0000000080000000, 0x0000000100000000)
  region size 1024K, 78 young (79872K), 7 survivors (7168K)
 Metaspace       used 98310K, capacity 100806K, committed 100908K, reserved 1136640K
  class space    used 12648K, capacity 13572K, committed 13612K, reserved 1048576K
}
Event: 31.331 GC heap after
{Heap after GC invocations=26 (full 0):
 garbage-first heap   total 273408K, used 123221K [0x0000000080000000, 0x0000000100000000)
  region size 1024K, 12 young (12288K), 12 survivors (12288K)
 Metaspace       used 98310K, capacity 100806K, committed 100908K, reserved 1136640K
  class space    used 12648K, capacity 13572K, committed 13612K, reserved 1048576K
}
Event: 33.645 GC heap before
{Heap before GC invocations=27 (full 0):
 garbage-first heap   total 273408K, used 208213K [0x0000000080000000, 0x0000000100000000)
  region size 1024K, 96 young (98304K), 12 survivors (12288K)
 Metaspace       used 110314K, capacity 113460K, committed 113704K, reserved 1146880K
  class space    used 14509K, capacity 15741K, committed 15812K, reserved 1048576K
}
Event: 33.675 GC heap after
{Heap after GC invocations=28 (full 0):
 garbage-first heap   total 273408K, used 126309K [0x0000000080000000, 0x0000000100000000)
  region size 1024K, 4 young (4096K), 4 survivors (4096K)
 Metaspace       used 110314K, capacity 113460K, committed 113704K, reserved 1146880K
  class space    used 14509K, capacity 15741K, committed 15812K, reserved 1048576K
}
Event: 34.540 GC heap before
{Heap before GC invocations=29 (full 0):
 garbage-first heap   total 273408K, used 150885K [0x0000000080000000, 0x0000000100000000)
  region size 1024K, 29 young (29696K), 4 survivors (4096K)
 Metaspace       used 111977K, capacity 115090K, committed 115240K, reserved 1148928K
  class space    used 14721K, capacity 15958K, committed 16068K, reserved 1048576K
}
Event: 34.554 GC heap after
{Heap after GC invocations=30 (full 0):
 garbage-first heap   total 273408K, used 127361K [0x0000000080000000, 0x0000000100000000)
  region size 1024K, 5 young (5120K), 5 survivors (5120K)
 Metaspace       used 111977K, capacity 115090K, committed 115240K, reserved 1148928K
  class space    used 14721K, capacity 15958K, committed 16068K, reserved 1048576K
}
Event: 76.145 GC heap before
{Heap before GC invocations=31 (full 0):
 garbage-first heap   total 273408K, used 211329K [0x0000000080000000, 0x0000000100000000)
  region size 1024K, 70 young (71680K), 5 survivors (5120K)
 Metaspace       used 113513K, capacity 116772K, committed 116904K, reserved 1150976K
  class space    used 14864K, capacity 16127K, committed 16196K, reserved 1048576K
}
Event: 76.186 GC heap after
{Heap after GC invocations=32 (full 0):
 garbage-first heap   total 273408K, used 132096K [0x0000000080000000, 0x0000000100000000)
  region size 1024K, 8 young (8192K), 8 survivors (8192K)
 Metaspace       used 113513K, capacity 116772K, committed 116904K, reserved 1150976K
  class space    used 14864K, capacity 16127K, committed 16196K, reserved 1048576K
}
Event: 81.615 GC heap before
{Heap before GC invocations=32 (full 0):
 garbage-first heap   total 273408K, used 198656K [0x0000000080000000, 0x0000000100000000)
  region size 1024K, 74 young (75776K), 8 survivors (8192K)
 Metaspace       used 113833K, capacity 117071K, committed 117160K, reserved 1150976K
  class space    used 14871K, capacity 16135K, committed 16196K, reserved 1048576K
}
Event: 81.649 GC heap after
{Heap after GC invocations=33 (full 0):
 garbage-first heap   total 273408K, used 135826K [0x0000000080000000, 0x0000000100000000)
  region size 1024K, 5 young (5120K), 5 survivors (5120K)
 Metaspace       used 113833K, capacity 117071K, committed 117160K, reserved 1150976K
  class space    used 14871K, capacity 16135K, committed 16196K, reserved 1048576K
}
Event: 83.419 GC heap before
{Heap before GC invocations=34 (full 0):
 garbage-first heap   total 273408K, used 206482K [0x0000000080000000, 0x0000000100000000)
  region size 1024K, 73 young (74752K), 5 survivors (5120K)
 Metaspace       used 114249K, capacity 117417K, committed 117928K, reserved 1150976K
  class space    used 14796K, capacity 16002K, committed 16196K, reserved 1048576K
}
Event: 83.433 GC heap after
{Heap after GC invocations=35 (full 0):
 garbage-first heap   total 273408K, used 139963K [0x0000000080000000, 0x0000000100000000)
  region size 1024K, 7 young (7168K), 7 survivors (7168K)
 Metaspace       used 114249K, capacity 117417K, committed 117928K, reserved 1150976K
  class space    used 14796K, capacity 16002K, committed 16196K, reserved 1048576K
}
Event: 83.586 GC heap before
{Heap before GC invocations=35 (full 0):
 garbage-first heap   total 273408K, used 163515K [0x0000000080000000, 0x0000000100000000)
  region size 1024K, 13 young (13312K), 7 survivors (7168K)
 Metaspace       used 114254K, capacity 117417K, committed 117928K, reserved 1150976K
  class space    used 14796K, capacity 16002K, committed 16196K, reserved 1048576K
}
Event: 83.613 GC heap after
{Heap after GC invocations=36 (full 0):
 garbage-first heap   total 273408K, used 138178K [0x0000000080000000, 0x0000000100000000)
  region size 1024K, 1 young (1024K), 1 survivors (1024K)
 Metaspace       used 114254K, capacity 117417K, committed 117928K, reserved 1150976K
  class space    used 14796K, capacity 16002K, committed 16196K, reserved 1048576K
}
Event: 129.342 GC heap before
{Heap before GC invocations=36 (full 0):
 garbage-first heap   total 273408K, used 208834K [0x0000000080000000, 0x0000000100000000)
  region size 1024K, 71 young (72704K), 1 survivors (1024K)
 Metaspace       used 114695K, capacity 117847K, committed 118184K, reserved 1150976K
  class space    used 14819K, capacity 16041K, committed 16196K, reserved 1048576K
}
Event: 129.423 GC heap after
{Heap after GC invocations=37 (full 0):
 garbage-first heap   total 273408K, used 136383K [0x0000000080000000, 0x0000000100000000)
  region size 1024K, 8 young (8192K), 8 survivors (8192K)
 Metaspace       used 114695K, capacity 117847K, committed 118184K, reserved 1150976K
  class space    used 14819K, capacity 16041K, committed 16196K, reserved 1048576K
}
Event: 138.304 GC heap before
{Heap before GC invocations=38 (full 0):
 garbage-first heap   total 273408K, used 209087K [0x0000000080000000, 0x0000000100000000)
  region size 1024K, 81 young (82944K), 8 survivors (8192K)
 Metaspace       used 115318K, capacity 118776K, committed 119080K, reserved 1153024K
  class space    used 14904K, capacity 16199K, committed 16324K, reserved 1048576K
}
Event: 138.347 GC heap after
{Heap after GC invocations=39 (full 0):
 garbage-first heap   total 273408K, used 139391K [0x0000000080000000, 0x0000000100000000)
  region size 1024K, 5 young (5120K), 5 survivors (5120K)
 Metaspace       used 115318K, capacity 118776K, committed 119080K, reserved 1153024K
  class space    used 14904K, capacity 16199K, committed 16324K, reserved 1048576K
}
Event: 138.771 GC heap before
{Heap before GC invocations=39 (full 0):
 garbage-first heap   total 273408K, used 148607K [0x0000000080000000, 0x0000000100000000)
  region size 1024K, 13 young (13312K), 5 survivors (5120K)
 Metaspace       used 115325K, capacity 118779K, committed 119080K, reserved 1153024K
  class space    used 14904K, capacity 16200K, committed 16324K, reserved 1048576K
}
Event: 138.791 GC heap after
{Heap after GC invocations=40 (full 0):
 garbage-first heap   total 273408K, used 141312K [0x0000000080000000, 0x0000000100000000)
  region size 1024K, 2 young (2048K), 2 survivors (2048K)
 Metaspace       used 115325K, capacity 118779K, committed 119080K, reserved 1153024K
  class space    used 14904K, capacity 16200K, committed 16324K, reserved 1048576K
}

Deoptimization events (20 events):
Event: 138.558 Thread 0x0000018ea48c9000 DEOPT PACKING pc=0x0000018e8c1d8e9a sp=0x00000031ecefd740
Event: 138.558 Thread 0x0000018ea48c9000 DEOPT UNPACKING pc=0x0000018e8a2c6dde sp=0x00000031ecefcd18 mode 0
Event: 138.583 Thread 0x0000018ea48c9000 DEOPT PACKING pc=0x0000018e8c1d8e9a sp=0x00000031ecefd740
Event: 138.583 Thread 0x0000018ea48c9000 DEOPT UNPACKING pc=0x0000018e8a2c6dde sp=0x00000031ecefcd18 mode 0
Event: 139.296 Thread 0x0000018ea48c0000 DEOPT PACKING pc=0x0000018e8cc4840b sp=0x00000031ec0fc130
Event: 139.296 Thread 0x0000018ea48c0000 DEOPT UNPACKING pc=0x0000018e8a2c6dde sp=0x00000031ec0fb8e8 mode 0
Event: 139.298 Thread 0x0000018ea48c0000 DEOPT PACKING pc=0x0000018e8c509226 sp=0x00000031ec0fc0e0
Event: 139.298 Thread 0x0000018ea48c0000 DEOPT UNPACKING pc=0x0000018e8a2c6dde sp=0x00000031ec0fb8e8 mode 0
Event: 139.541 Thread 0x0000018ea48c0000 Uncommon trap: trap_request=0xffffffbe fr.pc=0x0000018e91dd3d74 relative=0x0000000000000314
Event: 139.541 Thread 0x0000018ea48c0000 Uncommon trap: reason=profile_predicate action=maybe_recompile pc=0x0000018e91dd3d74 method=com.android.tools.r8.internal.LI0.a(Ljava/util/Iterator;Ljava/util/Iterator;Lcom/android/tools/r8/internal/yp1;)I @ 5 c2
Event: 139.541 Thread 0x0000018ea48c0000 DEOPT PACKING pc=0x0000018e91dd3d74 sp=0x00000031ec0fc800
Event: 139.541 Thread 0x0000018ea48c0000 DEOPT UNPACKING pc=0x0000018e8a2c662f sp=0x00000031ec0fc7a8 mode 2
Event: 139.542 Thread 0x0000018ea48c0000 Uncommon trap: trap_request=0xffffffbe fr.pc=0x0000018e91dd3d74 relative=0x0000000000000314
Event: 139.542 Thread 0x0000018ea48c0000 Uncommon trap: reason=profile_predicate action=maybe_recompile pc=0x0000018e91dd3d74 method=com.android.tools.r8.internal.LI0.a(Ljava/util/Iterator;Ljava/util/Iterator;Lcom/android/tools/r8/internal/yp1;)I @ 5 c2
Event: 139.542 Thread 0x0000018ea48c0000 DEOPT PACKING pc=0x0000018e91dd3d74 sp=0x00000031ec0fccd0
Event: 139.542 Thread 0x0000018ea48c0000 DEOPT UNPACKING pc=0x0000018e8a2c662f sp=0x00000031ec0fcc78 mode 2
Event: 139.542 Thread 0x0000018ea48c0000 Uncommon trap: trap_request=0xffffffbe fr.pc=0x0000018e91dd3d74 relative=0x0000000000000314
Event: 139.542 Thread 0x0000018ea48c0000 Uncommon trap: reason=profile_predicate action=maybe_recompile pc=0x0000018e91dd3d74 method=com.android.tools.r8.internal.LI0.a(Ljava/util/Iterator;Ljava/util/Iterator;Lcom/android/tools/r8/internal/yp1;)I @ 5 c2
Event: 139.542 Thread 0x0000018ea48c0000 DEOPT PACKING pc=0x0000018e91dd3d74 sp=0x00000031ec0fc9e0
Event: 139.542 Thread 0x0000018ea48c0000 DEOPT UNPACKING pc=0x0000018e8a2c662f sp=0x00000031ec0fc988 mode 2

Classes redefined (0 events):
No events

Internal exceptions (20 events):
Event: 127.384 Thread 0x0000018ea2fab800 Exception <a 'sun/nio/fs/WindowsException'{0x000000008da5f5b0}> (0x000000008da5f5b0) thrown at [./src/hotspot/share/prims/jni.cpp, line 615]
Event: 127.384 Thread 0x0000018ea2fab800 Exception <a 'sun/nio/fs/WindowsException'{0x000000008da60958}> (0x000000008da60958) thrown at [./src/hotspot/share/prims/jni.cpp, line 615]
Event: 127.384 Thread 0x0000018ea2fab800 Exception <a 'sun/nio/fs/WindowsException'{0x000000008da61d50}> (0x000000008da61d50) thrown at [./src/hotspot/share/prims/jni.cpp, line 615]
Event: 127.384 Thread 0x0000018ea2fab800 Exception <a 'sun/nio/fs/WindowsException'{0x000000008da63148}> (0x000000008da63148) thrown at [./src/hotspot/share/prims/jni.cpp, line 615]
Event: 138.594 Thread 0x0000018ea48c9000 Exception <a 'sun/nio/fs/WindowsException'{0x000000009086e248}> (0x000000009086e248) thrown at [./src/hotspot/share/prims/jni.cpp, line 615]
Event: 138.604 Thread 0x0000018ea48c9000 Exception <a 'sun/nio/fs/WindowsException'{0x00000000908c5468}> (0x00000000908c5468) thrown at [./src/hotspot/share/prims/jni.cpp, line 615]
Event: 138.614 Thread 0x0000018ea48c9000 Exception <a 'sun/nio/fs/WindowsException'{0x00000000908df050}> (0x00000000908df050) thrown at [./src/hotspot/share/prims/jni.cpp, line 615]
Event: 138.642 Thread 0x0000018ea48c9000 Exception <a 'sun/nio/fs/WindowsException'{0x00000000908f8418}> (0x00000000908f8418) thrown at [./src/hotspot/share/prims/jni.cpp, line 615]
Event: 138.652 Thread 0x0000018ea48c9000 Exception <a 'sun/nio/fs/WindowsException'{0x0000000090703fb8}> (0x0000000090703fb8) thrown at [./src/hotspot/share/prims/jni.cpp, line 615]
Event: 138.675 Thread 0x0000018ea48c9000 Exception <a 'sun/nio/fs/WindowsException'{0x000000009070f010}> (0x000000009070f010) thrown at [./src/hotspot/share/prims/jni.cpp, line 615]
Event: 138.689 Thread 0x0000018ea48c9000 Exception <a 'sun/nio/fs/WindowsException'{0x00000000907231b0}> (0x00000000907231b0) thrown at [./src/hotspot/share/prims/jni.cpp, line 615]
Event: 138.768 Thread 0x0000018ea48c9000 Exception <a 'sun/nio/fs/WindowsException'{0x00000000903a4e70}> (0x00000000903a4e70) thrown at [./src/hotspot/share/prims/jni.cpp, line 615]
Event: 138.807 Thread 0x0000018ea48c0000 Exception <a 'sun/nio/fs/WindowsException'{0x00000000907034d0}> (0x00000000907034d0) thrown at [./src/hotspot/share/prims/jni.cpp, line 615]
Event: 139.435 Thread 0x0000018ea48c9000 Exception <a 'sun/nio/fs/WindowsException'{0x000000008f749b10}> (0x000000008f749b10) thrown at [./src/hotspot/share/prims/jni.cpp, line 615]
Event: 139.486 Thread 0x0000018ea48c9000 Exception <a 'sun/nio/fs/WindowsException'{0x000000008f755ad0}> (0x000000008f755ad0) thrown at [./src/hotspot/share/prims/jni.cpp, line 615]
Event: 139.529 Thread 0x0000018ea48c0000 Exception <a 'sun/nio/fs/WindowsException'{0x000000008f1d5738}> (0x000000008f1d5738) thrown at [./src/hotspot/share/prims/jni.cpp, line 615]
Event: 139.533 Thread 0x0000018ea48c9000 Exception <a 'sun/nio/fs/WindowsException'{0x000000008f761510}> (0x000000008f761510) thrown at [./src/hotspot/share/prims/jni.cpp, line 615]
Event: 139.536 Thread 0x0000018ea48c0000 Exception <a 'sun/nio/fs/WindowsException'{0x000000008f1e1178}> (0x000000008f1e1178) thrown at [./src/hotspot/share/prims/jni.cpp, line 615]
Event: 139.544 Thread 0x0000018ea48c0000 Exception <a 'sun/nio/fs/WindowsException'{0x000000008f0d40e0}> (0x000000008f0d40e0) thrown at [./src/hotspot/share/prims/jni.cpp, line 615]
Event: 139.549 Thread 0x0000018ea48c0000 Exception <a 'sun/nio/fs/WindowsException'{0x000000008f0ee710}> (0x000000008f0ee710) thrown at [./src/hotspot/share/prims/jni.cpp, line 615]

Events (20 events):
Event: 138.501 Thread 0x0000018ea03b4000 flushing nmethod 0x0000018e8b379890
Event: 138.501 Thread 0x0000018ea03b4000 flushing nmethod 0x0000018e8b392910
Event: 138.501 Thread 0x0000018ea03b4000 flushing nmethod 0x0000018e8b3ae190
Event: 138.502 Thread 0x0000018ea03b4000 flushing nmethod 0x0000018e8b41ce90
Event: 138.502 Thread 0x0000018ea03b4000 flushing nmethod 0x0000018e8b424910
Event: 138.502 Thread 0x0000018ea03b4000 flushing nmethod 0x0000018e8b489d10
Event: 138.737 Executing VM operation: RevokeBias
Event: 138.738 Executing VM operation: RevokeBias done
Event: 138.749 Thread 0x0000018ea48c0000 Thread added: 0x0000018ea48c0000
Event: 138.751 Thread 0x0000018ea48ca000 Thread added: 0x0000018ea48ca000
Event: 138.752 Thread 0x0000018ea48c6800 Thread added: 0x0000018ea48c6800
Event: 138.759 Thread 0x0000018ea4335800 Thread added: 0x0000018ea4335800
Event: 138.771 Executing VM operation: G1CollectForAllocation
Event: 138.791 Executing VM operation: G1CollectForAllocation done
Event: 138.798 Executing VM operation: RevokeBias
Event: 138.798 Executing VM operation: RevokeBias done
Event: 138.824 Executing VM operation: RevokeBias
Event: 138.825 Executing VM operation: RevokeBias done
Event: 139.307 Executing VM operation: ICBufferFull
Event: 139.308 Executing VM operation: ICBufferFull done


Dynamic libraries:
0x00007ff7f4400000 - 0x00007ff7f440a000 	C:\Program Files\Android\Android Studio New\jre\bin\java.exe
0x00007ffbc5380000 - 0x00007ffbc5570000 	C:\WINDOWS\SYSTEM32\ntdll.dll
0x00007ffbc3690000 - 0x00007ffbc3742000 	C:\WINDOWS\System32\KERNEL32.DLL
0x00007ffbc2490000 - 0x00007ffbc2735000 	C:\WINDOWS\System32\KERNELBASE.dll
0x00007ffbc2a60000 - 0x00007ffbc2b5a000 	C:\WINDOWS\System32\ucrtbase.dll
0x00007ffbb7210000 - 0x00007ffbb7227000 	C:\Program Files\Android\Android Studio New\jre\bin\VCRUNTIME140.dll
0x00007ffbbad70000 - 0x00007ffbbad89000 	C:\Program Files\Android\Android Studio New\jre\bin\jli.dll
0x00007ffbc51a0000 - 0x00007ffbc5334000 	C:\WINDOWS\System32\USER32.dll
0x00007ffbc2a30000 - 0x00007ffbc2a51000 	C:\WINDOWS\System32\win32u.dll
0x00007ffba7b80000 - 0x00007ffba7e04000 	C:\WINDOWS\WinSxS\amd64_microsoft.windows.common-controls_6595b64144ccf1df_6.0.18362.1256_none_9e7e379be45e40e2\COMCTL32.dll
0x00007ffbc4fb0000 - 0x00007ffbc4fd6000 	C:\WINDOWS\System32\GDI32.dll
0x00007ffbc22f0000 - 0x00007ffbc2486000 	C:\WINDOWS\System32\gdi32full.dll
0x00007ffbc5100000 - 0x00007ffbc519e000 	C:\WINDOWS\System32\msvcrt.dll
0x00007ffbc2770000 - 0x00007ffbc280e000 	C:\WINDOWS\System32\msvcp_win.dll
0x00007ffbc4550000 - 0x00007ffbc4886000 	C:\WINDOWS\System32\combase.dll
0x00007ffbc4fe0000 - 0x00007ffbc5100000 	C:\WINDOWS\System32\RPCRT4.dll
0x00007ffbc2b60000 - 0x00007ffbc2be1000 	C:\WINDOWS\System32\bcryptPrimitives.dll
0x00007ffbc3750000 - 0x00007ffbc377e000 	C:\WINDOWS\System32\IMM32.DLL
0x00007ffb93560000 - 0x00007ffb935fd000 	C:\Program Files\Android\Android Studio New\jre\bin\msvcp140.dll
0x00007ffb756f0000 - 0x00007ffb761c5000 	C:\Program Files\Android\Android Studio New\jre\bin\server\jvm.dll
0x00007ffbc44a0000 - 0x00007ffbc4543000 	C:\WINDOWS\System32\ADVAPI32.dll
0x00007ffbc3440000 - 0x00007ffbc34d7000 	C:\WINDOWS\System32\sechost.dll
0x00007ffbc3430000 - 0x00007ffbc3438000 	C:\WINDOWS\System32\PSAPI.DLL
0x00007ffbbbf00000 - 0x00007ffbbbf24000 	C:\WINDOWS\SYSTEM32\WINMM.dll
0x00007ffbbae60000 - 0x00007ffbbae69000 	C:\WINDOWS\SYSTEM32\WSOCK32.dll
0x00007ffbc3c20000 - 0x00007ffbc3c8f000 	C:\WINDOWS\System32\WS2_32.dll
0x00007ffbb9280000 - 0x00007ffbb928a000 	C:\WINDOWS\SYSTEM32\VERSION.dll
0x00007ffbbbed0000 - 0x00007ffbbbefd000 	C:\WINDOWS\SYSTEM32\WINMMBASE.dll
0x00007ffbc33e0000 - 0x00007ffbc342a000 	C:\WINDOWS\System32\cfgmgr32.dll
0x00007ffbc2250000 - 0x00007ffbc2261000 	C:\WINDOWS\System32\kernel.appcore.dll
0x00007ffbab300000 - 0x00007ffbab311000 	C:\Program Files\Android\Android Studio New\jre\bin\verify.dll
0x00007ffbc0950000 - 0x00007ffbc0b44000 	C:\WINDOWS\SYSTEM32\DBGHELP.DLL
0x00007ffbb7500000 - 0x00007ffbb752a000 	C:\WINDOWS\SYSTEM32\dbgcore.DLL
0x00007ffbab2d0000 - 0x00007ffbab2f9000 	C:\Program Files\Android\Android Studio New\jre\bin\java.dll
0x00007ffbbae20000 - 0x00007ffbbae2b000 	C:\Program Files\Android\Android Studio New\jre\bin\jimage.dll
0x00007ffba81c0000 - 0x00007ffba81d8000 	C:\Program Files\Android\Android Studio New\jre\bin\zip.dll
0x00007ffbc3db0000 - 0x00007ffbc4497000 	C:\WINDOWS\System32\SHELL32.dll
0x00007ffbc3780000 - 0x00007ffbc3829000 	C:\WINDOWS\System32\shcore.dll
0x00007ffbc2c50000 - 0x00007ffbc33d1000 	C:\WINDOWS\System32\windows.storage.dll
0x00007ffbc22c0000 - 0x00007ffbc22e3000 	C:\WINDOWS\System32\profapi.dll
0x00007ffbc2270000 - 0x00007ffbc22ba000 	C:\WINDOWS\System32\powrprof.dll
0x00007ffbc2220000 - 0x00007ffbc2230000 	C:\WINDOWS\System32\UMPDC.dll
0x00007ffbc3980000 - 0x00007ffbc39d2000 	C:\WINDOWS\System32\shlwapi.dll
0x00007ffbc2810000 - 0x00007ffbc2827000 	C:\WINDOWS\System32\cryptsp.dll
0x00007ffb9fad0000 - 0x00007ffb9faea000 	C:\Program Files\Android\Android Studio New\jre\bin\net.dll
0x00007ffbb56e0000 - 0x00007ffbb57d0000 	C:\WINDOWS\SYSTEM32\WINHTTP.dll
0x00007ffbc1a10000 - 0x00007ffbc1a77000 	C:\WINDOWS\system32\mswsock.dll
0x00007ffb9ef70000 - 0x00007ffb9ef84000 	C:\Program Files\Android\Android Studio New\jre\bin\nio.dll
0x00007ffbab1e0000 - 0x00007ffbab207000 	C:\Users\JOHN BATISTA\.gradle\native\e1d6ef7f7dcc3fd88c89a11ec53ec762bb8ba0a96d01ffa2cd45eb1d1d8dd5c5\windows-amd64\native-platform.dll
0x00007ffb8a4f0000 - 0x00007ffb8a634000 	C:\Users\JOHN BATISTA\.gradle\native\5664cfc778a61ccfe75a443a1ab52a65af34e5dc3c78e0209fed803814484fcb\windows-amd64\native-platform-file-events.dll
0x00007ffbbade0000 - 0x00007ffbbadea000 	C:\Program Files\Android\Android Studio New\jre\bin\management.dll
0x00007ffbbad50000 - 0x00007ffbbad5d000 	C:\Program Files\Android\Android Studio New\jre\bin\management_ext.dll
0x00007ffbc1580000 - 0x00007ffbc15b3000 	C:\WINDOWS\system32\rsaenh.dll
0x00007ffbc2740000 - 0x00007ffbc2766000 	C:\WINDOWS\System32\bcrypt.dll
0x00007ffbc2140000 - 0x00007ffbc2165000 	C:\WINDOWS\SYSTEM32\USERENV.dll
0x00007ffbc1be0000 - 0x00007ffbc1bec000 	C:\WINDOWS\SYSTEM32\CRYPTBASE.dll
0x00007ffbc1720000 - 0x00007ffbc175a000 	C:\WINDOWS\SYSTEM32\IPHLPAPI.DLL
0x00007ffbc3970000 - 0x00007ffbc3978000 	C:\WINDOWS\System32\NSI.dll
0x00007ffbb7780000 - 0x00007ffbb7796000 	C:\WINDOWS\SYSTEM32\dhcpcsvc6.DLL
0x00007ffbb7760000 - 0x00007ffbb777c000 	C:\WINDOWS\SYSTEM32\dhcpcsvc.DLL
0x00007ffbc1770000 - 0x00007ffbc183b000 	C:\WINDOWS\SYSTEM32\DNSAPI.dll
0x00007ffbbadd0000 - 0x00007ffbbadd8000 	C:\Program Files\Android\Android Studio New\jre\bin\rmi.dll
0x00007ffbb9950000 - 0x00007ffbb9966000 	C:\WINDOWS\system32\napinsp.dll
0x00007ffbb91e0000 - 0x00007ffbb91fa000 	C:\WINDOWS\system32\pnrpnsp.dll
0x00007ffbbae80000 - 0x00007ffbbae8e000 	C:\WINDOWS\System32\winrnr.dll
0x00007ffbbad30000 - 0x00007ffbbad4c000 	C:\WINDOWS\system32\NLAapi.dll
0x00007ffbba3c0000 - 0x00007ffbba3d5000 	C:\WINDOWS\system32\wshbth.dll
0x00007ffbb73d0000 - 0x00007ffbb73da000 	C:\Windows\System32\rasadhlp.dll
0x00007ffbb6460000 - 0x00007ffbb64d7000 	C:\WINDOWS\System32\fwpuclnt.dll
0x00007ffbc1260000 - 0x00007ffbc1291000 	C:\WINDOWS\SYSTEM32\ntmarta.dll
0x00007ffb9ee10000 - 0x00007ffb9ee37000 	C:\Program Files\Android\Android Studio New\jre\bin\sunec.dll

dbghelp: loaded successfully - version: 4.0.5 - missing functions: none
symbol engine: initialized successfully - sym options: 0x614 - pdb path: .;C:\Program Files\Android\Android Studio New\jre\bin;C:\WINDOWS\SYSTEM32;C:\WINDOWS\WinSxS\amd64_microsoft.windows.common-controls_6595b64144ccf1df_6.0.18362.1256_none_9e7e379be45e40e2;C:\Program Files\Android\Android Studio New\jre\bin\server;C:\Users\JOHN BATISTA\.gradle\native\e1d6ef7f7dcc3fd88c89a11ec53ec762bb8ba0a96d01ffa2cd45eb1d1d8dd5c5\windows-amd64;C:\Users\JOHN BATISTA\.gradle\native\5664cfc778a61ccfe75a443a1ab52a65af34e5dc3c78e0209fed803814484fcb\windows-amd64

VM Arguments:
jvm_args: --add-opens=java.base/java.util=ALL-UNNAMED --add-opens=java.base/java.lang=ALL-UNNAMED --add-opens=java.base/java.lang.invoke=ALL-UNNAMED --add-opens=java.base/java.util=ALL-UNNAMED --add-opens=java.prefs/java.util.prefs=ALL-UNNAMED --add-opens=java.prefs/java.util.prefs=ALL-UNNAMED --add-opens=java.base/java.nio.charset=ALL-UNNAMED --add-opens=java.base/java.net=ALL-UNNAMED --add-opens=java.base/java.util.concurrent.atomic=ALL-UNNAMED -Xmx2048m -Dfile.encoding=UTF-8 -Duser.country=US -Duser.language=en -Duser.variant 
java_command: org.gradle.launcher.daemon.bootstrap.GradleDaemon 7.2
java_class_path (initial): C:\Users\JOHN BATISTA\.gradle\wrapper\dists\gradle-7.2-bin\2dnblmf4td7x66yl1d74lt32g\gradle-7.2\lib\gradle-launcher-7.2.jar
Launcher Type: SUN_STANDARD

[Global flags]
     intx CICompilerCount                          = 3                                         {product} {ergonomic}
     uint ConcGCThreads                            = 1                                         {product} {ergonomic}
     uint G1ConcRefinementThreads                  = 4                                         {product} {ergonomic}
   size_t G1HeapRegionSize                         = 1048576                                   {product} {ergonomic}
    uintx GCDrainStackTargetSize                   = 64                                        {product} {ergonomic}
   size_t InitialHeapSize                          = 134217728                                 {product} {ergonomic}
   size_t MarkStackSize                            = 4194304                                   {product} {ergonomic}
   size_t MaxHeapSize                              = 2147483648                                {product} {command line}
   size_t MaxNewSize                               = 1287651328                                {product} {ergonomic}
   size_t MinHeapDeltaBytes                        = 1048576                                   {product} {ergonomic}
    uintx NonNMethodCodeHeapSize                   = 5830732                                {pd product} {ergonomic}
    uintx NonProfiledCodeHeapSize                  = 122913754                              {pd product} {ergonomic}
    uintx ProfiledCodeHeapSize                     = 122913754                              {pd product} {ergonomic}
    uintx ReservedCodeCacheSize                    = 251658240                              {pd product} {ergonomic}
     bool SegmentedCodeCache                       = true                                      {product} {ergonomic}
     bool UseCompressedClassPointers               = true                                 {lp64_product} {ergonomic}
     bool UseCompressedOops                        = true                                 {lp64_product} {ergonomic}
     bool UseG1GC                                  = true                                      {product} {ergonomic}
     bool UseLargePagesIndividualAllocation        = false                                  {pd product} {ergonomic}

Logging:
Log output configuration:
 #0: stdout all=warning uptime,level,tags
 #1: stderr all=off uptime,level,tags

Environment Variables:
JAVA_HOME=C:\Program Files\Java\jdk-15.0.1
PATH=C:\Program Files\Java\jdk-15.0.1\bin;C:\Program Files\Git\cmd;C:\Program Files\PuTTY\;C:\Program Files\MATLAB\R2013a\runtime\win64;C:\Program Files\MATLAB\R2013a\bin;C:\Program Files\Microsoft VS Code\bin;C:\nodejs\;C:\Users\JOHN BATISTA\AppData\Local\Programs\Python\Python310\Scripts;C:\Users\JOHN BATISTA\AppData\Local\Programs\Python\Python310\Scripts\;C:\Users\JOHN BATISTA\AppData\Local\Programs\Python\Python310\;C:\Users\JOHN BATISTA\AppData\Roaming\npm;
USERNAME=JOHN BATISTA
OS=Windows_NT
PROCESSOR_IDENTIFIER=Intel64 Family 6 Model 142 Stepping 9, GenuineIntel



---------------  S Y S T E M  ---------------

OS: Windows 10 , 64 bit Build 18362 (10.0.18362.1110)
OS uptime: 3 days 22:05 hours

CPU:total 4 (initial active 4) (2 cores per cpu, 2 threads per core) family 6 model 142 stepping 9 microcode 0x8e, cmov, cx8, fxsr, mmx, sse, sse2, sse3, ssse3, sse4.1, sse4.2, popcnt, avx, avx2, aes, clmul, erms, 3dnowpref, lzcnt, ht, tsc, tscinvbit, bmi1, bmi2, adx, fma

Memory: 4k page, system-wide physical 8107M (520M free)
TotalPageFile size 20395M (AvailPageFile size 2M)
current process WorkingSet (physical memory assigned to process): 618M, peak: 618M
current process commit charge ("private bytes"): 650M, peak: 651M

vm_info: OpenJDK 64-Bit Server VM (11.0.11+9-b60-7590822) for windows-amd64 JRE (11.0.11+9-b60-7590822), built on Jul 29 2021 21:43:44 by "builder" with MS VC++ 14.0 (VS2015)

END.
