#
# There is insufficient memory for the Java Runtime Environment to continue.
# Native memory allocation (mmap) failed to map 50331648 bytes for Failed to commit area from 0x000000008ee00000 to 0x0000000091e00000 of length 50331648.
# Possible reasons:
#   The system is out of physical RAM or swap space
#   The process is running with CompressedOops enabled, and the Java Heap may be blocking the growth of the native heap
# Possible solutions:
#   Reduce memory load on the system
#   Increase physical memory or swap space
#   Check if swap backing store is full
#   Decrease Java heap size (-Xmx/-Xms)
#   Decrease number of Java threads
#   Decrease Java thread stack sizes (-Xss)
#   Set larger code cache with -XX:ReservedCodeCacheSize=
#   JVM is running with Unscaled Compressed Oops mode in which the Java heap is
#     placed in the first 4GB address space. The Java Heap base address is the
#     maximum limit for the native heap growth. Please use -XX:HeapBaseMinAddress
#     to set the Java Heap base and to place the Java Heap above 4GB virtual address.
# This output file may be truncated or incomplete.
#
#  Out of Memory Error (./src/hotspot/os/windows/os_windows.cpp:3301), pid=7368, tid=12780
#
# JRE version: OpenJDK Runtime Environment (11.0.11+9) (build 11.0.11+9-b60-7590822)
# Java VM: OpenJDK 64-Bit Server VM (11.0.11+9-b60-7590822, mixed mode, tiered, compressed oops, g1 gc, windows-amd64)
# No core dump will be written. Minidumps are not enabled by default on client versions of Windows
#

---------------  S U M M A R Y ------------

Command Line: --add-opens=java.base/java.util=ALL-UNNAMED --add-opens=java.base/java.lang=ALL-UNNAMED --add-opens=java.base/java.lang.invoke=ALL-UNNAMED --add-opens=java.base/java.util=ALL-UNNAMED --add-opens=java.prefs/java.util.prefs=ALL-UNNAMED --add-opens=java.prefs/java.util.prefs=ALL-UNNAMED --add-opens=java.base/java.nio.charset=ALL-UNNAMED --add-opens=java.base/java.net=ALL-UNNAMED --add-opens=java.base/java.util.concurrent.atomic=ALL-UNNAMED -Xmx2048m -Dfile.encoding=UTF-8 -Duser.country=US -Duser.language=en -Duser.variant org.gradle.launcher.daemon.bootstrap.GradleDaemon 7.2

Host: Intel(R) Core(TM) i3-7020U CPU @ 2.30GHz, 4 cores, 7G,  Windows 10 , 64 bit Build 18362 (10.0.18362.1110)
Time: Tue Jun 14 01:14:01 2022 UTC-11 elapsed time: 54.040938 seconds (0d 0h 0m 54s)

---------------  T H R E A D  ---------------

Current thread (0x0000018ce9d3b000):  VMThread "VM Thread" [stack: 0x0000008038f00000,0x0000008039000000] [id=12780]

Stack: [0x0000008038f00000,0x0000008039000000]
[error occurred during error reporting (printing stack bounds), id 0xc0000005, EXCEPTION_ACCESS_VIOLATION (0xc0000005) at pc=0x0000018cd3c50f2d]

Native frames: (J=compiled Java code, j=interpreted, Vv=VM code, C=native code)
V  [jvm.dll+0x5f214a]
V  [jvm.dll+0x726fb5]
V  [jvm.dll+0x7285cd]
V  [jvm.dll+0x728be5]
V  [jvm.dll+0x728b9b]
V  [jvm.dll+0x5f14e8]
V  [jvm.dll+0x5f1c78]
C  [ntdll.dll+0xa184f]
C  [ntdll.dll+0x6a889]
C  [ntdll.dll+0xa04be]
C  0x0000018cd3c50f2d

VM_Operation (0x000000803f1fcf50): G1CollectForAllocation, mode: safepoint, requested by thread 0x0000018cf14c3000


---------------  P R O C E S S  ---------------

Threads class SMR info:
_java_thread_list=0x0000018cee01d8a0, length=94, elements={
0x0000018cd015d000, 0x0000018ce9d3f800, 0x0000018ce9d40800, 0x0000018cea6c5800,
0x0000018cea6c6800, 0x0000018cea6c9800, 0x0000018cea6cb000, 0x0000018ce9d5d000,
0x0000018ce9d61000, 0x0000018cea81d000, 0x0000018ceb97d000, 0x0000018ceced8800,
0x0000018cecea9000, 0x0000018cec4dc800, 0x0000018ceb886000, 0x0000018ceb3a8800,
0x0000018ceb3a2800, 0x0000018ceb3a3800, 0x0000018ceb3a6000, 0x0000018ceb3a4800,
0x0000018ced7b8000, 0x0000018ced7bd000, 0x0000018ced7ba800, 0x0000018ced7be000,
0x0000018ced7be800, 0x0000018ced7bf800, 0x0000018ced7b9800, 0x0000018ced7c0000,
0x0000018ced7c1000, 0x0000018ced7bb800, 0x0000018ced7c2000, 0x0000018ced7bc000,
0x0000018ced7c6000, 0x0000018ced7c3800, 0x0000018ced7c4800, 0x0000018ced7c5000,
0x0000018ced7c2800, 0x0000018ceb3a9800, 0x0000018ceb3a5000, 0x0000018ceb3a7000,
0x0000018ceb3a7800, 0x0000018cec082800, 0x0000018cec081000, 0x0000018cec083800,
0x0000018cec082000, 0x0000018cec085000, 0x0000018cec084800, 0x0000018cec086000,
0x0000018cec080000, 0x0000018cec087800, 0x0000018cec08c800, 0x0000018cec086800,
0x0000018cec08b000, 0x0000018cec08b800, 0x0000018cec08d000, 0x0000018cec088800,
0x0000018cec08a000, 0x0000018cec08e000, 0x0000018cec089000, 0x0000018cec08f000,
0x0000018cee0d9800, 0x0000018cee0da000, 0x0000018cee0de800, 0x0000018cee0df000,
0x0000018cee0e0000, 0x0000018cee0e1000, 0x0000018cee0db000, 0x0000018cee0dc000,
0x0000018cee0dc800, 0x0000018cee0e1800, 0x0000018cee0e2800, 0x0000018cee0e3000,
0x0000018cee0dd800, 0x0000018cee0e5800, 0x0000018cee0e6800, 0x0000018cee0e7800,
0x0000018cee0e4000, 0x0000018cee0e5000, 0x0000018cee0e8000, 0x0000018cf14b9800,
0x0000018cf14ba000, 0x0000018cf14bd800, 0x0000018cf14bb000, 0x0000018cf14bc800,
0x0000018cf14be800, 0x0000018cf14c5000, 0x0000018cf14c1000, 0x0000018cf14c1800,
0x0000018cf14bf000, 0x0000018cf14c2800, 0x0000018cf14c4000, 0x0000018cf14c3000,
0x0000018cf14c5800, 0x0000018cf462f800
}

Java Threads: ( => current thread )
  0x0000018cd015d000 JavaThread "main" [_thread_blocked, id=10736, stack(0x0000008038900000,0x0000008038a00000)]
  0x0000018ce9d3f800 JavaThread "Reference Handler" daemon [_thread_blocked, id=6488, stack(0x0000008039000000,0x0000008039100000)]
  0x0000018ce9d40800 JavaThread "Finalizer" daemon [_thread_blocked, id=8712, stack(0x0000008039100000,0x0000008039200000)]
  0x0000018cea6c5800 JavaThread "Signal Dispatcher" daemon [_thread_blocked, id=8564, stack(0x0000008039200000,0x0000008039300000)]
  0x0000018cea6c6800 JavaThread "Attach Listener" daemon [_thread_blocked, id=12232, stack(0x0000008039300000,0x0000008039400000)]
  0x0000018cea6c9800 JavaThread "Service Thread" daemon [_thread_blocked, id=9940, stack(0x0000008039400000,0x0000008039500000)]
  0x0000018cea6cb000 JavaThread "C2 CompilerThread0" daemon [_thread_blocked, id=11624, stack(0x0000008039500000,0x0000008039600000)]
  0x0000018ce9d5d000 JavaThread "C1 CompilerThread0" daemon [_thread_blocked, id=17220, stack(0x0000008039600000,0x0000008039700000)]
  0x0000018ce9d61000 JavaThread "Sweeper thread" daemon [_thread_blocked, id=16992, stack(0x0000008039700000,0x0000008039800000)]
  0x0000018cea81d000 JavaThread "Common-Cleaner" daemon [_thread_blocked, id=12440, stack(0x0000008039800000,0x0000008039900000)]
  0x0000018ceb97d000 JavaThread "Daemon health stats" [_thread_blocked, id=12312, stack(0x0000008039d00000,0x0000008039e00000)]
  0x0000018ceced8800 JavaThread "Incoming local TCP Connector on port 54917" [_thread_in_native, id=7712, stack(0x0000008039c00000,0x0000008039d00000)]
  0x0000018cecea9000 JavaThread "Daemon periodic checks" [_thread_blocked, id=13820, stack(0x0000008039e00000,0x0000008039f00000)]
  0x0000018cec4dc800 JavaThread "Daemon" [_thread_blocked, id=7996, stack(0x0000008039f00000,0x000000803a000000)]
  0x0000018ceb886000 JavaThread "Daemon worker" [_thread_blocked, id=5220, stack(0x000000803a200000,0x000000803a300000)]
  0x0000018ceb3a8800 JavaThread "Cache worker for journal cache (C:\Users\JOHN BATISTA\.gradle\caches\journal-1)" [_thread_blocked, id=12444, stack(0x000000803a700000,0x000000803a800000)]
  0x0000018ceb3a2800 JavaThread "File lock request listener" [_thread_in_native, id=12284, stack(0x000000803a800000,0x000000803a900000)]
  0x0000018ceb3a3800 JavaThread "Cache worker for file hash cache (C:\Users\JOHN BATISTA\.gradle\caches\7.2\fileHashes)" [_thread_blocked, id=17756, stack(0x000000803a900000,0x000000803aa00000)]
  0x0000018ceb3a6000 JavaThread "File watcher server" daemon [_thread_blocked, id=16504, stack(0x000000803ac00000,0x000000803ad00000)]
  0x0000018ceb3a4800 JavaThread "File watcher consumer" daemon [_thread_blocked, id=708, stack(0x000000803ad00000,0x000000803ae00000)]
  0x0000018ced7b8000 JavaThread "Cache worker for execution history cache (C:\Users\JOHN BATISTA\.gradle\caches\7.2\executionHistory)" [_thread_blocked, id=15380, stack(0x000000803b100000,0x000000803b200000)]
  0x0000018ced7bd000 JavaThread "jar transforms" [_thread_blocked, id=3376, stack(0x000000803b200000,0x000000803b300000)]
  0x0000018ced7ba800 JavaThread "Cache worker for file content cache (C:\Users\JOHN BATISTA\.gradle\caches\7.2\fileContent)" [_thread_blocked, id=2360, stack(0x000000803b300000,0x000000803b400000)]
  0x0000018ced7be000 JavaThread "jar transforms Thread 2" [_thread_blocked, id=2588, stack(0x000000803b400000,0x000000803b500000)]
  0x0000018ced7be800 JavaThread "Handler for socket connection from /127.0.0.1:54917 to /127.0.0.1:54923" [_thread_in_native, id=12412, stack(0x000000803a000000,0x000000803a100000)]
  0x0000018ced7bf800 JavaThread "Cancel handler" [_thread_blocked, id=15456, stack(0x000000803a100000,0x000000803a200000)]
  0x0000018ced7b9800 JavaThread "Asynchronous log dispatcher for DefaultDaemonConnection: socket connection from /127.0.0.1:54917 to /127.0.0.1:54923" [_thread_blocked, id=6556, stack(0x000000803a300000,0x000000803a400000)]
  0x0000018ced7c0000 JavaThread "Stdin handler" [_thread_blocked, id=1320, stack(0x000000803a400000,0x000000803a500000)]
  0x0000018ced7c1000 JavaThread "Daemon client event forwarder" [_thread_blocked, id=15464, stack(0x000000803a500000,0x000000803a600000)]
  0x0000018ced7bb800 JavaThread "Cache worker for file hash cache (C:\Users\JOHN BATISTA\AndroidStudioProjects\SportsApplication\.gradle\7.2\fileHashes)" [_thread_blocked, id=17208, stack(0x000000803aa00000,0x000000803ab00000)]
  0x0000018ced7c2000 JavaThread "Cache worker for checksums cache (C:\Users\JOHN BATISTA\AndroidStudioProjects\SportsApplication\.gradle\checksums)" [_thread_blocked, id=5704, stack(0x000000803ab00000,0x000000803ac00000)]
  0x0000018ced7bc000 JavaThread "Cache worker for cache directory md-supplier (C:\Users\JOHN BATISTA\.gradle\caches\7.2\md-supplier)" [_thread_blocked, id=15652, stack(0x000000803ae00000,0x000000803af00000)]
  0x0000018ced7c6000 JavaThread "Cache worker for cache directory md-rule (C:\Users\JOHN BATISTA\.gradle\caches\7.2\md-rule)" [_thread_blocked, id=13700, stack(0x000000803af00000,0x000000803b000000)]
  0x0000018ced7c3800 JavaThread "Cache worker for dependencies-accessors (C:\Users\JOHN BATISTA\AndroidStudioProjects\SportsApplication\.gradle\7.2\dependencies-accessors)" [_thread_blocked, id=3616, stack(0x000000803b000000,0x000000803b100000)]
  0x0000018ced7c4800 JavaThread "jar transforms Thread 3" [_thread_blocked, id=4252, stack(0x000000803b600000,0x000000803b700000)]
  0x0000018ced7c5000 JavaThread "Cache worker for Build Output Cleanup Cache (C:\Users\JOHN BATISTA\AndroidStudioProjects\SportsApplication\.gradle\buildOutputCleanup)" [_thread_blocked, id=9140, stack(0x000000803b700000,0x000000803b800000)]
  0x0000018ced7c2800 JavaThread "Unconstrained build operations" [_thread_blocked, id=5668, stack(0x000000803b800000,0x000000803b900000)]
  0x0000018ceb3a9800 JavaThread "Unconstrained build operations Thread 2" [_thread_blocked, id=972, stack(0x000000803b900000,0x000000803ba00000)]
  0x0000018ceb3a5000 JavaThread "Unconstrained build operations Thread 3" [_thread_blocked, id=17020, stack(0x000000803ba00000,0x000000803bb00000)]
  0x0000018ceb3a7000 JavaThread "Unconstrained build operations Thread 4" [_thread_blocked, id=16432, stack(0x000000803bb00000,0x000000803bc00000)]
  0x0000018ceb3a7800 JavaThread "Unconstrained build operations Thread 5" [_thread_blocked, id=11260, stack(0x000000803bc00000,0x000000803bd00000)]
  0x0000018cec082800 JavaThread "Unconstrained build operations Thread 6" [_thread_blocked, id=9804, stack(0x000000803bd00000,0x000000803be00000)]
  0x0000018cec081000 JavaThread "Unconstrained build operations Thread 7" [_thread_blocked, id=18388, stack(0x000000803be00000,0x000000803bf00000)]
  0x0000018cec083800 JavaThread "Unconstrained build operations Thread 8" [_thread_blocked, id=1976, stack(0x000000803bf00000,0x000000803c000000)]
  0x0000018cec082000 JavaThread "Unconstrained build operations Thread 9" [_thread_blocked, id=12396, stack(0x000000803c000000,0x000000803c100000)]
  0x0000018cec085000 JavaThread "Unconstrained build operations Thread 10" [_thread_blocked, id=9004, stack(0x000000803c100000,0x000000803c200000)]
  0x0000018cec084800 JavaThread "Unconstrained build operations Thread 11" [_thread_blocked, id=12488, stack(0x000000803c200000,0x000000803c300000)]
  0x0000018cec086000 JavaThread "Unconstrained build operations Thread 12" [_thread_blocked, id=14196, stack(0x000000803c300000,0x000000803c400000)]
  0x0000018cec080000 JavaThread "Unconstrained build operations Thread 13" [_thread_blocked, id=17844, stack(0x000000803c400000,0x000000803c500000)]
  0x0000018cec087800 JavaThread "Unconstrained build operations Thread 14" [_thread_blocked, id=6520, stack(0x000000803c500000,0x000000803c600000)]
  0x0000018cec08c800 JavaThread "Unconstrained build operations Thread 15" [_thread_blocked, id=14404, stack(0x000000803c600000,0x000000803c700000)]
  0x0000018cec086800 JavaThread "Unconstrained build operations Thread 16" [_thread_blocked, id=12648, stack(0x000000803c700000,0x000000803c800000)]
  0x0000018cec08b000 JavaThread "Unconstrained build operations Thread 17" [_thread_blocked, id=3352, stack(0x000000803c800000,0x000000803c900000)]
  0x0000018cec08b800 JavaThread "Unconstrained build operations Thread 18" [_thread_blocked, id=5656, stack(0x000000803c900000,0x000000803ca00000)]
  0x0000018cec08d000 JavaThread "Unconstrained build operations Thread 19" [_thread_blocked, id=2104, stack(0x000000803ca00000,0x000000803cb00000)]
  0x0000018cec088800 JavaThread "Unconstrained build operations Thread 20" [_thread_blocked, id=1528, stack(0x000000803cb00000,0x000000803cc00000)]
  0x0000018cec08a000 JavaThread "Unconstrained build operations Thread 21" [_thread_blocked, id=14672, stack(0x000000803cc00000,0x000000803cd00000)]
  0x0000018cec08e000 JavaThread "Unconstrained build operations Thread 22" [_thread_blocked, id=7616, stack(0x000000803cd00000,0x000000803ce00000)]
  0x0000018cec089000 JavaThread "Unconstrained build operations Thread 23" [_thread_blocked, id=6628, stack(0x000000803ce00000,0x000000803cf00000)]
  0x0000018cec08f000 JavaThread "Unconstrained build operations Thread 24" [_thread_blocked, id=2624, stack(0x000000803cf00000,0x000000803d000000)]
  0x0000018cee0d9800 JavaThread "Unconstrained build operations Thread 25" [_thread_blocked, id=2788, stack(0x000000803d000000,0x000000803d100000)]
  0x0000018cee0da000 JavaThread "Unconstrained build operations Thread 26" [_thread_blocked, id=1496, stack(0x000000803d100000,0x000000803d200000)]
  0x0000018cee0de800 JavaThread "Unconstrained build operations Thread 27" [_thread_blocked, id=5896, stack(0x000000803d200000,0x000000803d300000)]
  0x0000018cee0df000 JavaThread "Unconstrained build operations Thread 28" [_thread_blocked, id=14124, stack(0x000000803d300000,0x000000803d400000)]
  0x0000018cee0e0000 JavaThread "Unconstrained build operations Thread 29" [_thread_blocked, id=10184, stack(0x000000803d400000,0x000000803d500000)]
  0x0000018cee0e1000 JavaThread "Unconstrained build operations Thread 30" [_thread_blocked, id=15080, stack(0x000000803d500000,0x000000803d600000)]
  0x0000018cee0db000 JavaThread "Unconstrained build operations Thread 31" [_thread_blocked, id=12732, stack(0x000000803d600000,0x000000803d700000)]
  0x0000018cee0dc000 JavaThread "Unconstrained build operations Thread 32" [_thread_blocked, id=14708, stack(0x000000803d700000,0x000000803d800000)]
  0x0000018cee0dc800 JavaThread "Unconstrained build operations Thread 33" [_thread_blocked, id=13336, stack(0x000000803d800000,0x000000803d900000)]
  0x0000018cee0e1800 JavaThread "Unconstrained build operations Thread 34" [_thread_blocked, id=12016, stack(0x000000803d900000,0x000000803da00000)]
  0x0000018cee0e2800 JavaThread "Unconstrained build operations Thread 35" [_thread_blocked, id=5016, stack(0x000000803da00000,0x000000803db00000)]
  0x0000018cee0e3000 JavaThread "Unconstrained build operations Thread 36" [_thread_blocked, id=1580, stack(0x000000803db00000,0x000000803dc00000)]
  0x0000018cee0dd800 JavaThread "Unconstrained build operations Thread 37" [_thread_blocked, id=17672, stack(0x000000803dc00000,0x000000803dd00000)]
  0x0000018cee0e5800 JavaThread "Unconstrained build operations Thread 38" [_thread_blocked, id=14884, stack(0x000000803dd00000,0x000000803de00000)]
  0x0000018cee0e6800 JavaThread "Unconstrained build operations Thread 39" [_thread_blocked, id=7380, stack(0x000000803de00000,0x000000803df00000)]
  0x0000018cee0e7800 JavaThread "Unconstrained build operations Thread 40" [_thread_blocked, id=13464, stack(0x000000803df00000,0x000000803e000000)]
  0x0000018cee0e4000 JavaThread "jar transforms Thread 4" [_thread_blocked, id=6348, stack(0x000000803e000000,0x000000803e100000)]
  0x0000018cee0e5000 JavaThread "Memory manager" [_thread_blocked, id=3844, stack(0x000000803e100000,0x000000803e200000)]
  0x0000018cee0e8000 JavaThread "build event listener" [_thread_blocked, id=5508, stack(0x000000803e200000,0x000000803e300000)]
  0x0000018cf14b9800 JavaThread "build event listener" [_thread_blocked, id=10808, stack(0x000000803e300000,0x000000803e400000)]
  0x0000018cf14ba000 JavaThread "Execution worker for ':'" [_thread_blocked, id=17996, stack(0x000000803e400000,0x000000803e500000)]
  0x0000018cf14bd800 JavaThread "Execution worker for ':' Thread 2" [_thread_blocked, id=6424, stack(0x000000803e500000,0x000000803e600000)]
  0x0000018cf14bb000 JavaThread "Execution worker for ':' Thread 3" [_thread_blocked, id=11116, stack(0x000000803e600000,0x000000803e700000)]
  0x0000018cf14bc800 JavaThread "Cache worker for execution history cache (C:\Users\JOHN BATISTA\AndroidStudioProjects\SportsApplication\.gradle\7.2\executionHistory)" [_thread_blocked, id=13932, stack(0x000000803e700000,0x000000803e800000)]
  0x0000018cf14be800 JavaThread "RMI Scheduler(0)" daemon [_thread_blocked, id=2164, stack(0x000000803e800000,0x000000803e900000)]
  0x0000018cf14c5000 JavaThread "RMI GC Daemon" daemon [_thread_blocked, id=1500, stack(0x000000803ea00000,0x000000803eb00000)]
  0x0000018cf14c1000 JavaThread "RMI TCP Accept-0" daemon [_thread_in_native, id=17156, stack(0x000000803eb00000,0x000000803ec00000)]
  0x0000018cf14c1800 JavaThread "RMI Reaper" [_thread_blocked, id=12932, stack(0x000000803ec00000,0x000000803ed00000)]
  0x0000018cf14bf000 JavaThread "RMI TCP Connection(1)-127.0.0.1" daemon [_thread_in_native, id=16916, stack(0x000000803ef00000,0x000000803f000000)]
  0x0000018cf14c2800 JavaThread "WorkerExecutor Queue" [_thread_blocked, id=9624, stack(0x000000803e900000,0x000000803ea00000)]
  0x0000018cf14c4000 JavaThread "WorkerExecutor Queue Thread 2" [_thread_blocked, id=16604, stack(0x000000803f000000,0x000000803f100000)]
  0x0000018cf14c3000 JavaThread "WorkerExecutor Queue Thread 3" [_thread_blocked, id=8740, stack(0x000000803f100000,0x000000803f200000)]
  0x0000018cf14c5800 JavaThread "WorkerExecutor Queue Thread 4" [_thread_blocked, id=5164, stack(0x000000803f200000,0x000000803f300000)]
  0x0000018cf462f800 JavaThread "C2 CompilerThread1" daemon [_thread_blocked, id=4468, stack(0x000000803b500000,0x000000803b600000)]

Other Threads:
=>0x0000018ce9d3b000 VMThread "VM Thread" [stack: 0x0000008038f00000,0x0000008039000000] [id=12780]
  0x0000018cea845000 WatcherThread [stack: 0x0000008039900000,0x0000008039a00000] [id=13256]
  0x0000018cd0177000 GCTaskThread "GC Thread#0" [stack: 0x0000008038a00000,0x0000008038b00000] [id=11500]
  0x0000018ceaf5a800 GCTaskThread "GC Thread#1" [stack: 0x0000008039a00000,0x0000008039b00000] [id=5764]
  0x0000018ceab9b800 GCTaskThread "GC Thread#2" [stack: 0x0000008039b00000,0x0000008039c00000] [id=5060]
  0x0000018ceb8e4000 GCTaskThread "GC Thread#3" [stack: 0x000000803a600000,0x000000803a700000] [id=17440]
  0x0000018cd01a9000 ConcurrentGCThread "G1 Main Marker" [stack: 0x0000008038b00000,0x0000008038c00000] [id=10008]
  0x0000018cd01ac000 ConcurrentGCThread "G1 Conc#0" [stack: 0x0000008038c00000,0x0000008038d00000] [id=4344]
  0x0000018ce9b90800 ConcurrentGCThread "G1 Refine#0" [stack: 0x0000008038d00000,0x0000008038e00000] [id=2800]
  0x0000018ce9b91800 ConcurrentGCThread "G1 Young RemSet Sampling" [stack: 0x0000008038e00000,0x0000008038f00000] [id=1600]

Threads with active compile tasks:
C2 CompilerThread0  54177 13107       4       com.android.tools.r8.dex.r::m (2110 bytes)
C2 CompilerThread1  54177 13111       4       com.android.tools.r8.internal.Hb1::a (185 bytes)

VM state:at safepoint (normal execution)

VM Mutex/Monitor currently owned by a thread:  ([mutex/lock_event])
[0x0000018cd0158a80] Threads_lock - owner thread: 0x0000018ce9d3b000
[0x0000018cd0159020] Heap_lock - owner thread: 0x0000018cf14c3000

Heap address: 0x0000000080000000, size: 2048 MB, Compressed Oops mode: 32-bit
Narrow klass base: 0x0000000000000000, Narrow klass shift: 3
Compressed class space size: 1073741824 Address: 0x0000000100000000

Heap:
 garbage-first heap   total 292864K, used 214628K [0x0000000080000000, 0x0000000100000000)
  region size 1024K, 2 young (2048K), 2 survivors (2048K)
 Metaspace       used 108351K, capacity 111043K, committed 111220K, reserved 1146880K
  class space    used 13796K, capacity 14790K, committed 14924K, reserved 1048576K
Heap Regions: E=young(eden), S=young(survivor), O=old, HS=humongous(starts), HC=humongous(continues), CS=collection set, F=free, A=archive, TAMS=top-at-mark-start (previous, next)
|   0|0x0000000080000000, 0x0000000080100000, 0x0000000080100000|100%|HS|  |TAMS 0x0000000080100000, 0x0000000080000000| Complete 
|   1|0x0000000080100000, 0x0000000080200000, 0x0000000080200000|100%|HC|  |TAMS 0x0000000080200000, 0x0000000080100000| Complete 
|   2|0x0000000080200000, 0x0000000080300000, 0x0000000080300000|100%|HC|  |TAMS 0x0000000080300000, 0x0000000080200000| Complete 
|   3|0x0000000080300000, 0x0000000080400000, 0x0000000080400000|100%| O|  |TAMS 0x0000000080400000, 0x0000000080300000| Untracked 
|   4|0x0000000080400000, 0x0000000080500000, 0x0000000080500000|100%| O|  |TAMS 0x0000000080500000, 0x0000000080400000| Untracked 
|   5|0x0000000080500000, 0x0000000080600000, 0x0000000080600000|100%| O|  |TAMS 0x0000000080600000, 0x0000000080500000| Untracked 
|   6|0x0000000080600000, 0x0000000080700000, 0x0000000080700000|100%| O|  |TAMS 0x0000000080700000, 0x0000000080600000| Untracked 
|   7|0x0000000080700000, 0x0000000080800000, 0x0000000080800000|100%| O|  |TAMS 0x0000000080800000, 0x0000000080700000| Complete 
|   8|0x0000000080800000, 0x0000000080900000, 0x0000000080900000|100%| O|  |TAMS 0x0000000080900000, 0x0000000080800000| Untracked 
|   9|0x0000000080900000, 0x0000000080a00000, 0x0000000080a00000|100%| O|  |TAMS 0x0000000080a00000, 0x0000000080900000| Untracked 
|  10|0x0000000080a00000, 0x0000000080b00000, 0x0000000080b00000|100%| O|  |TAMS 0x0000000080b00000, 0x0000000080a00000| Untracked 
|  11|0x0000000080b00000, 0x0000000080c00000, 0x0000000080c00000|100%| O|  |TAMS 0x0000000080c00000, 0x0000000080b00000| Untracked 
|  12|0x0000000080c00000, 0x0000000080d00000, 0x0000000080d00000|100%| O|  |TAMS 0x0000000080d00000, 0x0000000080c00000| Untracked 
|  13|0x0000000080d00000, 0x0000000080e00000, 0x0000000080e00000|100%| O|  |TAMS 0x0000000080e00000, 0x0000000080d00000| Untracked 
|  14|0x0000000080e00000, 0x0000000080f00000, 0x0000000080f00000|100%| O|  |TAMS 0x0000000080f00000, 0x0000000080e00000| Untracked 
|  15|0x0000000080f00000, 0x0000000081000000, 0x0000000081000000|100%| O|  |TAMS 0x0000000081000000, 0x0000000080f00000| Untracked 
|  16|0x0000000081000000, 0x0000000081100000, 0x0000000081100000|100%| O|  |TAMS 0x0000000081100000, 0x0000000081000000| Untracked 
|  17|0x0000000081100000, 0x0000000081200000, 0x0000000081200000|100%| O|  |TAMS 0x0000000081200000, 0x0000000081100000| Untracked 
|  18|0x0000000081200000, 0x0000000081300000, 0x0000000081300000|100%| O|  |TAMS 0x0000000081300000, 0x0000000081200000| Untracked 
|  19|0x0000000081300000, 0x0000000081400000, 0x0000000081400000|100%| O|  |TAMS 0x0000000081400000, 0x0000000081300000| Untracked 
|  20|0x0000000081400000, 0x0000000081500000, 0x0000000081500000|100%| O|  |TAMS 0x0000000081500000, 0x0000000081400000| Complete 
|  21|0x0000000081500000, 0x0000000081600000, 0x0000000081600000|100%| O|  |TAMS 0x0000000081600000, 0x0000000081500000| Untracked 
|  22|0x0000000081600000, 0x0000000081700000, 0x0000000081700000|100%| O|  |TAMS 0x0000000081700000, 0x0000000081600000| Complete 
|  23|0x0000000081700000, 0x0000000081800000, 0x0000000081800000|100%| O|  |TAMS 0x0000000081800000, 0x0000000081700000| Untracked 
|  24|0x0000000081800000, 0x0000000081900000, 0x0000000081900000|100%| O|  |TAMS 0x0000000081900000, 0x0000000081800000| Untracked 
|  25|0x0000000081900000, 0x0000000081a00000, 0x0000000081a00000|100%| O|  |TAMS 0x0000000081a00000, 0x0000000081900000| Untracked 
|  26|0x0000000081a00000, 0x0000000081b00000, 0x0000000081b00000|100%| O|  |TAMS 0x0000000081b00000, 0x0000000081a00000| Complete 
|  27|0x0000000081b00000, 0x0000000081c00000, 0x0000000081c00000|100%|HS|  |TAMS 0x0000000081c00000, 0x0000000081b00000| Complete 
|  28|0x0000000081c00000, 0x0000000081d00000, 0x0000000081d00000|100%|HS|  |TAMS 0x0000000081d00000, 0x0000000081c00000| Complete 
|  29|0x0000000081d00000, 0x0000000081e00000, 0x0000000081e00000|100%|HS|  |TAMS 0x0000000081e00000, 0x0000000081d00000| Complete 
|  30|0x0000000081e00000, 0x0000000081f00000, 0x0000000081f00000|100%|HS|  |TAMS 0x0000000081f00000, 0x0000000081e00000| Complete 
|  31|0x0000000081f00000, 0x0000000082000000, 0x0000000082000000|100%|HS|  |TAMS 0x0000000082000000, 0x0000000081f00000| Complete 
|  32|0x0000000082000000, 0x0000000082100000, 0x0000000082100000|100%|HC|  |TAMS 0x0000000082100000, 0x0000000082000000| Complete 
|  33|0x0000000082100000, 0x0000000082200000, 0x0000000082200000|100%|HC|  |TAMS 0x0000000082200000, 0x0000000082100000| Complete 
|  34|0x0000000082200000, 0x0000000082300000, 0x0000000082300000|100%|HS|  |TAMS 0x0000000082300000, 0x0000000082200000| Complete 
|  35|0x0000000082300000, 0x0000000082400000, 0x0000000082400000|100%|HC|  |TAMS 0x0000000082400000, 0x0000000082300000| Complete 
|  36|0x0000000082400000, 0x0000000082500000, 0x0000000082500000|100%| O|  |TAMS 0x0000000082500000, 0x0000000082400000| Untracked 
|  37|0x0000000082500000, 0x0000000082600000, 0x0000000082600000|100%| O|  |TAMS 0x0000000082600000, 0x0000000082500000| Untracked 
|  38|0x0000000082600000, 0x0000000082700000, 0x0000000082700000|100%| O|  |TAMS 0x0000000082700000, 0x0000000082600000| Untracked 
|  39|0x0000000082700000, 0x0000000082800000, 0x0000000082800000|100%| O|  |TAMS 0x0000000082800000, 0x0000000082700000| Untracked 
|  40|0x0000000082800000, 0x0000000082900000, 0x0000000082900000|100%| O|  |TAMS 0x0000000082900000, 0x0000000082800000| Untracked 
|  41|0x0000000082900000, 0x0000000082a00000, 0x0000000082a00000|100%| O|  |TAMS 0x0000000082a00000, 0x0000000082900000| Complete 
|  42|0x0000000082a00000, 0x0000000082b00000, 0x0000000082b00000|100%| O|  |TAMS 0x0000000082b00000, 0x0000000082a00000| Complete 
|  43|0x0000000082b00000, 0x0000000082c00000, 0x0000000082c00000|100%| O|  |TAMS 0x0000000082c00000, 0x0000000082b00000| Complete 
|  44|0x0000000082c00000, 0x0000000082d00000, 0x0000000082d00000|100%| O|  |TAMS 0x0000000082d00000, 0x0000000082c00000| Complete 
|  45|0x0000000082d00000, 0x0000000082e00000, 0x0000000082e00000|100%| O|  |TAMS 0x0000000082e00000, 0x0000000082d00000| Complete 
|  46|0x0000000082e00000, 0x0000000082f00000, 0x0000000082f00000|100%| O|  |TAMS 0x0000000082f00000, 0x0000000082e00000| Untracked 
|  47|0x0000000082f00000, 0x0000000083000000, 0x0000000083000000|100%| O|  |TAMS 0x0000000083000000, 0x0000000082f00000| Complete 
|  48|0x0000000083000000, 0x0000000083100000, 0x0000000083100000|100%| O|  |TAMS 0x0000000083100000, 0x0000000083000000| Untracked 
|  49|0x0000000083100000, 0x0000000083200000, 0x0000000083200000|100%| O|  |TAMS 0x0000000083200000, 0x0000000083100000| Untracked 
|  50|0x0000000083200000, 0x0000000083300000, 0x0000000083300000|100%| O|  |TAMS 0x0000000083300000, 0x0000000083200000| Untracked 
|  51|0x0000000083300000, 0x0000000083400000, 0x0000000083400000|100%| O|  |TAMS 0x0000000083400000, 0x0000000083300000| Untracked 
|  52|0x0000000083400000, 0x0000000083500000, 0x0000000083500000|100%| O|  |TAMS 0x0000000083500000, 0x0000000083400000| Untracked 
|  53|0x0000000083500000, 0x0000000083600000, 0x0000000083600000|100%| O|  |TAMS 0x0000000083600000, 0x0000000083500000| Complete 
|  54|0x0000000083600000, 0x0000000083700000, 0x0000000083700000|100%| O|  |TAMS 0x0000000083700000, 0x0000000083600000| Complete 
|  55|0x0000000083700000, 0x0000000083800000, 0x0000000083800000|100%| O|  |TAMS 0x0000000083800000, 0x0000000083700000| Untracked 
|  56|0x0000000083800000, 0x0000000083900000, 0x0000000083900000|100%| O|  |TAMS 0x0000000083900000, 0x0000000083800000| Untracked 
|  57|0x0000000083900000, 0x0000000083a00000, 0x0000000083a00000|100%| O|  |TAMS 0x0000000083a00000, 0x0000000083900000| Untracked 
|  58|0x0000000083a00000, 0x0000000083b00000, 0x0000000083b00000|100%| O|  |TAMS 0x0000000083b00000, 0x0000000083a00000| Untracked 
|  59|0x0000000083b00000, 0x0000000083c00000, 0x0000000083c00000|100%| O|  |TAMS 0x0000000083c00000, 0x0000000083b00000| Untracked 
|  60|0x0000000083c00000, 0x0000000083d00000, 0x0000000083d00000|100%| O|  |TAMS 0x0000000083d00000, 0x0000000083c00000| Untracked 
|  61|0x0000000083d00000, 0x0000000083e00000, 0x0000000083e00000|100%| O|  |TAMS 0x0000000083e00000, 0x0000000083d00000| Untracked 
|  62|0x0000000083e00000, 0x0000000083f00000, 0x0000000083f00000|100%| O|  |TAMS 0x0000000083f00000, 0x0000000083e00000| Untracked 
|  63|0x0000000083f00000, 0x0000000084000000, 0x0000000084000000|100%| O|  |TAMS 0x0000000084000000, 0x0000000083f00000| Untracked 
|  64|0x0000000084000000, 0x0000000084100000, 0x0000000084100000|100%| O|  |TAMS 0x0000000084100000, 0x0000000084000000| Untracked 
|  65|0x0000000084100000, 0x0000000084200000, 0x0000000084200000|100%| O|  |TAMS 0x0000000084200000, 0x0000000084100000| Untracked 
|  66|0x0000000084200000, 0x0000000084300000, 0x0000000084300000|100%| O|  |TAMS 0x0000000084300000, 0x0000000084200000| Untracked 
|  67|0x0000000084300000, 0x0000000084400000, 0x0000000084400000|100%| O|  |TAMS 0x0000000084400000, 0x0000000084300000| Complete 
|  68|0x0000000084400000, 0x0000000084500000, 0x0000000084500000|100%| O|  |TAMS 0x0000000084500000, 0x0000000084400000| Untracked 
|  69|0x0000000084500000, 0x0000000084600000, 0x0000000084600000|100%| O|  |TAMS 0x0000000084600000, 0x0000000084500000| Untracked 
|  70|0x0000000084600000, 0x0000000084700000, 0x0000000084700000|100%| O|  |TAMS 0x0000000084700000, 0x0000000084600000| Untracked 
|  71|0x0000000084700000, 0x0000000084800000, 0x0000000084800000|100%| O|  |TAMS 0x0000000084800000, 0x0000000084700000| Untracked 
|  72|0x0000000084800000, 0x0000000084900000, 0x0000000084900000|100%| O|  |TAMS 0x0000000084900000, 0x0000000084800000| Complete 
|  73|0x0000000084900000, 0x0000000084a00000, 0x0000000084a00000|100%| O|  |TAMS 0x0000000084a00000, 0x0000000084900000| Complete 
|  74|0x0000000084a00000, 0x0000000084b00000, 0x0000000084b00000|100%| O|  |TAMS 0x0000000084b00000, 0x0000000084a00000| Complete 
|  75|0x0000000084b00000, 0x0000000084c00000, 0x0000000084c00000|100%| O|  |TAMS 0x0000000084c00000, 0x0000000084b00000| Untracked 
|  76|0x0000000084c00000, 0x0000000084d00000, 0x0000000084d00000|100%| O|  |TAMS 0x0000000084d00000, 0x0000000084c00000| Untracked 
|  77|0x0000000084d00000, 0x0000000084e00000, 0x0000000084e00000|100%| O|  |TAMS 0x0000000084e00000, 0x0000000084d00000| Complete 
|  78|0x0000000084e00000, 0x0000000084f00000, 0x0000000084f00000|100%| O|  |TAMS 0x0000000084f00000, 0x0000000084e00000| Untracked 
|  79|0x0000000084f00000, 0x0000000085000000, 0x0000000085000000|100%| O|  |TAMS 0x0000000085000000, 0x0000000084f00000| Complete 
|  80|0x0000000085000000, 0x0000000085100000, 0x0000000085100000|100%| O|  |TAMS 0x0000000085100000, 0x0000000085000000| Complete 
|  81|0x0000000085100000, 0x0000000085200000, 0x0000000085200000|100%| O|  |TAMS 0x0000000085200000, 0x0000000085100000| Untracked 
|  82|0x0000000085200000, 0x0000000085300000, 0x0000000085300000|100%| O|  |TAMS 0x0000000085300000, 0x0000000085200000| Untracked 
|  83|0x0000000085300000, 0x0000000085400000, 0x0000000085400000|100%| O|  |TAMS 0x0000000085400000, 0x0000000085300000| Untracked 
|  84|0x0000000085400000, 0x0000000085500000, 0x0000000085500000|100%| O|  |TAMS 0x0000000085500000, 0x0000000085400000| Complete 
|  85|0x0000000085500000, 0x0000000085600000, 0x0000000085600000|100%| O|  |TAMS 0x0000000085600000, 0x0000000085500000| Complete 
|  86|0x0000000085600000, 0x0000000085700000, 0x0000000085700000|100%| O|  |TAMS 0x0000000085700000, 0x0000000085600000| Complete 
|  87|0x0000000085700000, 0x0000000085800000, 0x0000000085800000|100%| O|  |TAMS 0x0000000085800000, 0x0000000085700000| Complete 
|  88|0x0000000085800000, 0x0000000085900000, 0x0000000085900000|100%| O|  |TAMS 0x0000000085900000, 0x0000000085800000| Complete 
|  89|0x0000000085900000, 0x0000000085a00000, 0x0000000085a00000|100%| O|  |TAMS 0x0000000085a00000, 0x0000000085900000| Complete 
|  90|0x0000000085a00000, 0x0000000085b00000, 0x0000000085b00000|100%| O|  |TAMS 0x0000000085b00000, 0x0000000085a00000| Complete 
|  91|0x0000000085b00000, 0x0000000085c00000, 0x0000000085c00000|100%| O|  |TAMS 0x0000000085c00000, 0x0000000085b00000| Complete 
|  92|0x0000000085c00000, 0x0000000085d00000, 0x0000000085d00000|100%| O|  |TAMS 0x0000000085d00000, 0x0000000085c00000| Complete 
|  93|0x0000000085d00000, 0x0000000085e00000, 0x0000000085e00000|100%| O|  |TAMS 0x0000000085e00000, 0x0000000085d00000| Complete 
|  94|0x0000000085e00000, 0x0000000085f00000, 0x0000000085f00000|100%| O|  |TAMS 0x0000000085f00000, 0x0000000085e00000| Complete 
|  95|0x0000000085f00000, 0x0000000086000000, 0x0000000086000000|100%| O|  |TAMS 0x0000000086000000, 0x0000000085f00000| Untracked 
|  96|0x0000000086000000, 0x0000000086100000, 0x0000000086100000|100%| O|  |TAMS 0x0000000086100000, 0x0000000086000000| Untracked 
|  97|0x0000000086100000, 0x0000000086200000, 0x0000000086200000|100%|HS|  |TAMS 0x0000000086200000, 0x0000000086100000| Complete 
|  98|0x0000000086200000, 0x0000000086300000, 0x0000000086300000|100%|HC|  |TAMS 0x0000000086300000, 0x0000000086200000| Complete 
|  99|0x0000000086300000, 0x0000000086400000, 0x0000000086400000|100%|HC|  |TAMS 0x0000000086400000, 0x0000000086300000| Complete 
| 100|0x0000000086400000, 0x0000000086500000, 0x0000000086500000|100%|HS|  |TAMS 0x0000000086500000, 0x0000000086400000| Complete 
| 101|0x0000000086500000, 0x0000000086600000, 0x0000000086600000|100%|HC|  |TAMS 0x0000000086600000, 0x0000000086500000| Complete 
| 102|0x0000000086600000, 0x0000000086700000, 0x0000000086700000|100%|HS|  |TAMS 0x0000000086700000, 0x0000000086600000| Complete 
| 103|0x0000000086700000, 0x0000000086800000, 0x0000000086800000|100%|HC|  |TAMS 0x0000000086800000, 0x0000000086700000| Complete 
| 104|0x0000000086800000, 0x0000000086900000, 0x0000000086900000|100%| O|  |TAMS 0x0000000086900000, 0x0000000086800000| Untracked 
| 105|0x0000000086900000, 0x0000000086a00000, 0x0000000086a00000|100%| O|  |TAMS 0x0000000086a00000, 0x0000000086900000| Untracked 
| 106|0x0000000086a00000, 0x0000000086b00000, 0x0000000086b00000|100%| O|  |TAMS 0x0000000086b00000, 0x0000000086a00000| Untracked 
| 107|0x0000000086b00000, 0x0000000086c00000, 0x0000000086c00000|100%| O|  |TAMS 0x0000000086c00000, 0x0000000086b00000| Untracked 
| 108|0x0000000086c00000, 0x0000000086d00000, 0x0000000086d00000|100%| O|  |TAMS 0x0000000086d00000, 0x0000000086c00000| Untracked 
| 109|0x0000000086d00000, 0x0000000086e00000, 0x0000000086e00000|100%| O|  |TAMS 0x0000000086e00000, 0x0000000086d00000| Untracked 
| 110|0x0000000086e00000, 0x0000000086f00000, 0x0000000086f00000|100%| O|  |TAMS 0x0000000086f00000, 0x0000000086e00000| Untracked 
| 111|0x0000000086f00000, 0x0000000087000000, 0x0000000087000000|100%| O|  |TAMS 0x0000000087000000, 0x0000000086f00000| Untracked 
| 112|0x0000000087000000, 0x0000000087100000, 0x0000000087100000|100%| O|  |TAMS 0x0000000087100000, 0x0000000087000000| Untracked 
| 113|0x0000000087100000, 0x0000000087200000, 0x0000000087200000|100%| O|  |TAMS 0x0000000087200000, 0x0000000087100000| Complete 
| 114|0x0000000087200000, 0x0000000087300000, 0x0000000087300000|100%|HS|  |TAMS 0x0000000087300000, 0x0000000087200000| Complete 
| 115|0x0000000087300000, 0x0000000087400000, 0x0000000087400000|100%|HS|  |TAMS 0x0000000087400000, 0x0000000087300000| Complete 
| 116|0x0000000087400000, 0x0000000087500000, 0x0000000087500000|100%|HC|  |TAMS 0x0000000087500000, 0x0000000087400000| Complete 
| 117|0x0000000087500000, 0x0000000087600000, 0x0000000087600000|100%|HS|  |TAMS 0x0000000087600000, 0x0000000087500000| Complete 
| 118|0x0000000087600000, 0x0000000087700000, 0x0000000087700000|100%|HC|  |TAMS 0x0000000087700000, 0x0000000087600000| Complete 
| 119|0x0000000087700000, 0x0000000087800000, 0x0000000087800000|100%|HS|  |TAMS 0x0000000087800000, 0x0000000087700000| Complete 
| 120|0x0000000087800000, 0x0000000087900000, 0x0000000087900000|100%|HS|  |TAMS 0x0000000087900000, 0x0000000087800000| Complete 
| 121|0x0000000087900000, 0x0000000087a00000, 0x0000000087a00000|100%|HS|  |TAMS 0x0000000087a00000, 0x0000000087900000| Complete 
| 122|0x0000000087a00000, 0x0000000087b00000, 0x0000000087b00000|100%| O|  |TAMS 0x0000000087b00000, 0x0000000087a00000| Untracked 
| 123|0x0000000087b00000, 0x0000000087c00000, 0x0000000087c00000|100%| O|  |TAMS 0x0000000087c00000, 0x0000000087b00000| Untracked 
| 124|0x0000000087c00000, 0x0000000087d00000, 0x0000000087d00000|100%| O|  |TAMS 0x0000000087d00000, 0x0000000087c00000| Complete 
| 125|0x0000000087d00000, 0x0000000087e00000, 0x0000000087e00000|100%|HS|  |TAMS 0x0000000087e00000, 0x0000000087d00000| Complete 
| 126|0x0000000087e00000, 0x0000000087f00000, 0x0000000087f00000|100%|HS|  |TAMS 0x0000000087f00000, 0x0000000087e00000| Complete 
| 127|0x0000000087f00000, 0x0000000088000000, 0x0000000088000000|100%|HS|  |TAMS 0x0000000088000000, 0x0000000087f00000| Complete 
| 128|0x0000000088000000, 0x0000000088100000, 0x0000000088100000|100%|HC|  |TAMS 0x0000000088100000, 0x0000000088000000| Complete 
| 129|0x0000000088100000, 0x0000000088200000, 0x0000000088200000|100%| O|  |TAMS 0x0000000088200000, 0x0000000088100000| Untracked 
| 130|0x0000000088200000, 0x0000000088300000, 0x0000000088300000|100%| O|  |TAMS 0x0000000088300000, 0x0000000088200000| Complete 
| 131|0x0000000088300000, 0x0000000088400000, 0x0000000088400000|100%|HS|  |TAMS 0x0000000088400000, 0x0000000088300000| Complete 
| 132|0x0000000088400000, 0x0000000088500000, 0x0000000088500000|100%|HC|  |TAMS 0x0000000088500000, 0x0000000088400000| Complete 
| 133|0x0000000088500000, 0x0000000088600000, 0x0000000088600000|100%|HC|  |TAMS 0x0000000088600000, 0x0000000088500000| Complete 
| 134|0x0000000088600000, 0x0000000088700000, 0x0000000088700000|100%|HS|  |TAMS 0x0000000088700000, 0x0000000088600000| Complete 
| 135|0x0000000088700000, 0x0000000088800000, 0x0000000088800000|100%|HS|  |TAMS 0x0000000088800000, 0x0000000088700000| Complete 
| 136|0x0000000088800000, 0x0000000088900000, 0x0000000088900000|100%|HC|  |TAMS 0x0000000088900000, 0x0000000088800000| Complete 
| 137|0x0000000088900000, 0x0000000088a00000, 0x0000000088a00000|100%| O|  |TAMS 0x0000000088a00000, 0x0000000088900000| Untracked 
| 138|0x0000000088a00000, 0x0000000088b00000, 0x0000000088b00000|100%| O|  |TAMS 0x0000000088b00000, 0x0000000088a00000| Untracked 
| 139|0x0000000088b00000, 0x0000000088c00000, 0x0000000088c00000|100%| O|  |TAMS 0x0000000088c00000, 0x0000000088b00000| Untracked 
| 140|0x0000000088c00000, 0x0000000088d00000, 0x0000000088d00000|100%| O|  |TAMS 0x0000000088d00000, 0x0000000088c00000| Untracked 
| 141|0x0000000088d00000, 0x0000000088e00000, 0x0000000088e00000|100%| O|  |TAMS 0x0000000088e00000, 0x0000000088d00000| Untracked 
| 142|0x0000000088e00000, 0x0000000088f00000, 0x0000000088f00000|100%|HS|  |TAMS 0x0000000088f00000, 0x0000000088e00000| Complete 
| 143|0x0000000088f00000, 0x0000000089000000, 0x0000000089000000|100%|HC|  |TAMS 0x0000000089000000, 0x0000000088f00000| Complete 
| 144|0x0000000089000000, 0x0000000089100000, 0x0000000089100000|100%| O|  |TAMS 0x0000000089100000, 0x0000000089000000| Untracked 
| 145|0x0000000089100000, 0x0000000089200000, 0x0000000089200000|100%| O|  |TAMS 0x0000000089200000, 0x0000000089100000| Complete 
| 146|0x0000000089200000, 0x0000000089300000, 0x0000000089300000|100%|HS|  |TAMS 0x0000000089300000, 0x0000000089200000| Complete 
| 147|0x0000000089300000, 0x0000000089400000, 0x0000000089400000|100%|HC|  |TAMS 0x0000000089400000, 0x0000000089300000| Complete 
| 148|0x0000000089400000, 0x0000000089500000, 0x0000000089500000|100%| O|  |TAMS 0x0000000089500000, 0x0000000089400000| Untracked 
| 149|0x0000000089500000, 0x0000000089600000, 0x0000000089600000|100%|HS|  |TAMS 0x0000000089600000, 0x0000000089500000| Complete 
| 150|0x0000000089600000, 0x0000000089700000, 0x0000000089700000|100%| O|  |TAMS 0x0000000089700000, 0x0000000089600000| Untracked 
| 151|0x0000000089700000, 0x0000000089800000, 0x0000000089800000|100%| O|  |TAMS 0x0000000089800000, 0x0000000089700000| Untracked 
| 152|0x0000000089800000, 0x0000000089900000, 0x0000000089900000|100%|HS|  |TAMS 0x0000000089900000, 0x0000000089800000| Complete 
| 153|0x0000000089900000, 0x0000000089a00000, 0x0000000089a00000|100%|HC|  |TAMS 0x0000000089a00000, 0x0000000089900000| Complete 
| 154|0x0000000089a00000, 0x0000000089b00000, 0x0000000089b00000|100%| O|  |TAMS 0x0000000089b00000, 0x0000000089a00000| Untracked 
| 155|0x0000000089b00000, 0x0000000089c00000, 0x0000000089c00000|100%| O|  |TAMS 0x0000000089c00000, 0x0000000089b00000| Untracked 
| 156|0x0000000089c00000, 0x0000000089d00000, 0x0000000089d00000|100%|HS|  |TAMS 0x0000000089d00000, 0x0000000089c00000| Complete 
| 157|0x0000000089d00000, 0x0000000089e00000, 0x0000000089e00000|100%|HC|  |TAMS 0x0000000089e00000, 0x0000000089d00000| Complete 
| 158|0x0000000089e00000, 0x0000000089f00000, 0x0000000089f00000|100%| O|  |TAMS 0x0000000089f00000, 0x0000000089e00000| Complete 
| 159|0x0000000089f00000, 0x000000008a000000, 0x000000008a000000|100%|HS|  |TAMS 0x000000008a000000, 0x0000000089f00000| Complete 
| 160|0x000000008a000000, 0x000000008a100000, 0x000000008a100000|100%| O|  |TAMS 0x000000008a100000, 0x000000008a000000| Untracked 
| 161|0x000000008a100000, 0x000000008a200000, 0x000000008a200000|100%|HS|  |TAMS 0x000000008a200000, 0x000000008a100000| Complete 
| 162|0x000000008a200000, 0x000000008a300000, 0x000000008a300000|100%| O|  |TAMS 0x000000008a300000, 0x000000008a200000| Untracked 
| 163|0x000000008a300000, 0x000000008a400000, 0x000000008a400000|100%|HS|  |TAMS 0x000000008a400000, 0x000000008a300000| Complete 
| 164|0x000000008a400000, 0x000000008a500000, 0x000000008a500000|100%| O|  |TAMS 0x000000008a4eec00, 0x000000008a400000| Complete 
| 165|0x000000008a500000, 0x000000008a600000, 0x000000008a600000|100%|HS|  |TAMS 0x000000008a600000, 0x000000008a500000| Complete 
| 166|0x000000008a600000, 0x000000008a700000, 0x000000008a700000|100%|HS|  |TAMS 0x000000008a600000, 0x000000008a600000| Complete 
| 167|0x000000008a700000, 0x000000008a800000, 0x000000008a800000|100%|HS|  |TAMS 0x000000008a800000, 0x000000008a700000| Complete 
| 168|0x000000008a800000, 0x000000008a900000, 0x000000008a900000|100%| O|  |TAMS 0x000000008a800000, 0x000000008a800000| Untracked 
| 169|0x000000008a900000, 0x000000008aa00000, 0x000000008aa00000|100%| O|  |TAMS 0x000000008a900000, 0x000000008a900000| Untracked 
| 170|0x000000008aa00000, 0x000000008ab00000, 0x000000008ab00000|100%|HS|  |TAMS 0x000000008ab00000, 0x000000008aa00000| Complete 
| 171|0x000000008ab00000, 0x000000008ac00000, 0x000000008ac00000|100%|HC|  |TAMS 0x000000008ac00000, 0x000000008ab00000| Complete 
| 172|0x000000008ac00000, 0x000000008ad00000, 0x000000008ad00000|100%| O|  |TAMS 0x000000008ac00000, 0x000000008ac00000| Untracked 
| 173|0x000000008ad00000, 0x000000008ae00000, 0x000000008ae00000|100%| O|  |TAMS 0x000000008ad00000, 0x000000008ad00000| Untracked 
| 174|0x000000008ae00000, 0x000000008af00000, 0x000000008af00000|100%|HS|  |TAMS 0x000000008ae00000, 0x000000008ae00000| Complete 
| 175|0x000000008af00000, 0x000000008b000000, 0x000000008b000000|100%|HS|  |TAMS 0x000000008b000000, 0x000000008af00000| Complete 
| 176|0x000000008b000000, 0x000000008b100000, 0x000000008b100000|100%|HC|  |TAMS 0x000000008b100000, 0x000000008b000000| Complete 
| 177|0x000000008b100000, 0x000000008b200000, 0x000000008b200000|100%|HC|  |TAMS 0x000000008b200000, 0x000000008b100000| Complete 
| 178|0x000000008b200000, 0x000000008b300000, 0x000000008b300000|100%| O|  |TAMS 0x000000008b200000, 0x000000008b200000| Untracked 
| 179|0x000000008b300000, 0x000000008b400000, 0x000000008b400000|100%|HS|  |TAMS 0x000000008b400000, 0x000000008b300000| Complete 
| 180|0x000000008b400000, 0x000000008b500000, 0x000000008b500000|100%| O|  |TAMS 0x000000008b400000, 0x000000008b400000| Untracked 
| 181|0x000000008b500000, 0x000000008b600000, 0x000000008b600000|100%| O|  |TAMS 0x000000008b500000, 0x000000008b500000| Untracked 
| 182|0x000000008b600000, 0x000000008b700000, 0x000000008b700000|100%|HS|  |TAMS 0x000000008b700000, 0x000000008b600000| Complete 
| 183|0x000000008b700000, 0x000000008b800000, 0x000000008b800000|100%|HC|  |TAMS 0x000000008b800000, 0x000000008b700000| Complete 
| 184|0x000000008b800000, 0x000000008b900000, 0x000000008b900000|100%| O|  |TAMS 0x000000008b900000, 0x000000008b800000| Untracked 
| 185|0x000000008b900000, 0x000000008ba00000, 0x000000008ba00000|100%| O|  |TAMS 0x000000008ba00000, 0x000000008b900000| Complete 
| 186|0x000000008ba00000, 0x000000008bb00000, 0x000000008bb00000|100%| O|  |TAMS 0x000000008bb00000, 0x000000008ba00000| Untracked 
| 187|0x000000008bb00000, 0x000000008bc00000, 0x000000008bc00000|100%| O|  |TAMS 0x000000008bc00000, 0x000000008bb00000| Untracked 
| 188|0x000000008bc00000, 0x000000008bd00000, 0x000000008bd00000|100%| O|  |TAMS 0x000000008bd00000, 0x000000008bc00000| Untracked 
| 189|0x000000008bd00000, 0x000000008be00000, 0x000000008be00000|100%| O|  |TAMS 0x000000008be00000, 0x000000008bd00000| Untracked 
| 190|0x000000008be00000, 0x000000008bf00000, 0x000000008bf00000|100%| O|  |TAMS 0x000000008bf00000, 0x000000008be00000| Untracked 
| 191|0x000000008bf00000, 0x000000008c000000, 0x000000008c000000|100%| O|  |TAMS 0x000000008c000000, 0x000000008bf00000| Untracked 
| 192|0x000000008c000000, 0x000000008c100000, 0x000000008c100000|100%| O|  |TAMS 0x000000008c100000, 0x000000008c000000| Complete 
| 193|0x000000008c100000, 0x000000008c200000, 0x000000008c200000|100%| O|  |TAMS 0x000000008c100000, 0x000000008c100000| Untracked 
| 194|0x000000008c200000, 0x000000008c300000, 0x000000008c300000|100%| O|  |TAMS 0x000000008c200000, 0x000000008c200000| Untracked 
| 195|0x000000008c300000, 0x000000008c400000, 0x000000008c400000|100%| O|  |TAMS 0x000000008c300000, 0x000000008c300000| Untracked 
| 196|0x000000008c400000, 0x000000008c500000, 0x000000008c500000|100%| O|  |TAMS 0x000000008c400000, 0x000000008c400000| Untracked 
| 197|0x000000008c500000, 0x000000008c600000, 0x000000008c600000|100%| O|  |TAMS 0x000000008c500000, 0x000000008c500000| Untracked 
| 198|0x000000008c600000, 0x000000008c700000, 0x000000008c700000|100%|HS|  |TAMS 0x000000008c600000, 0x000000008c600000| Complete 
| 199|0x000000008c700000, 0x000000008c800000, 0x000000008c800000|100%|HC|  |TAMS 0x000000008c700000, 0x000000008c700000| Complete 
| 200|0x000000008c800000, 0x000000008c900000, 0x000000008c900000|100%| O|  |TAMS 0x000000008c800000, 0x000000008c800000| Untracked 
| 201|0x000000008c900000, 0x000000008ca00000, 0x000000008ca00000|100%| O|  |TAMS 0x000000008c900000, 0x000000008c900000| Untracked 
| 202|0x000000008ca00000, 0x000000008cb00000, 0x000000008cb00000|100%| O|  |TAMS 0x000000008ca00000, 0x000000008ca00000| Untracked 
| 203|0x000000008cb00000, 0x000000008cb99000, 0x000000008cc00000| 59%| O|  |TAMS 0x000000008cb00000, 0x000000008cb00000| Untracked 
| 204|0x000000008cc00000, 0x000000008cc00000, 0x000000008cd00000|  0%| F|  |TAMS 0x000000008cc00000, 0x000000008cc00000| Untracked 
| 205|0x000000008cd00000, 0x000000008cd00000, 0x000000008ce00000|  0%| F|  |TAMS 0x000000008cd00000, 0x000000008cd00000| Untracked 
| 206|0x000000008ce00000, 0x000000008ce00000, 0x000000008cf00000|  0%| F|  |TAMS 0x000000008ce00000, 0x000000008ce00000| Untracked 
| 207|0x000000008cf00000, 0x000000008cf00000, 0x000000008d000000|  0%| F|  |TAMS 0x000000008cf00000, 0x000000008cf00000| Untracked 
| 208|0x000000008d000000, 0x000000008d000000, 0x000000008d100000|  0%| F|  |TAMS 0x000000008d000000, 0x000000008d000000| Untracked 
| 209|0x000000008d100000, 0x000000008d100000, 0x000000008d200000|  0%| F|  |TAMS 0x000000008d100000, 0x000000008d100000| Untracked 
| 210|0x000000008d200000, 0x000000008d200000, 0x000000008d300000|  0%| F|  |TAMS 0x000000008d200000, 0x000000008d200000| Untracked 
| 211|0x000000008d300000, 0x000000008d300000, 0x000000008d400000|  0%| F|  |TAMS 0x000000008d300000, 0x000000008d300000| Untracked 
| 212|0x000000008d400000, 0x000000008d400000, 0x000000008d500000|  0%| F|  |TAMS 0x000000008d400000, 0x000000008d400000| Untracked 
| 213|0x000000008d500000, 0x000000008d500000, 0x000000008d600000|  0%| F|  |TAMS 0x000000008d500000, 0x000000008d500000| Untracked 
| 214|0x000000008d600000, 0x000000008d600000, 0x000000008d700000|  0%| F|  |TAMS 0x000000008d600000, 0x000000008d600000| Untracked 
| 215|0x000000008d700000, 0x000000008d700000, 0x000000008d800000|  0%| F|  |TAMS 0x000000008d700000, 0x000000008d700000| Untracked 
| 216|0x000000008d800000, 0x000000008d800000, 0x000000008d900000|  0%| F|  |TAMS 0x000000008d800000, 0x000000008d800000| Untracked 
| 217|0x000000008d900000, 0x000000008d900000, 0x000000008da00000|  0%| F|  |TAMS 0x000000008d900000, 0x000000008d900000| Untracked 
| 218|0x000000008da00000, 0x000000008da00000, 0x000000008db00000|  0%| F|  |TAMS 0x000000008da00000, 0x000000008da00000| Untracked 
| 219|0x000000008db00000, 0x000000008db00000, 0x000000008dc00000|  0%| F|  |TAMS 0x000000008db00000, 0x000000008db00000| Untracked 
| 220|0x000000008dc00000, 0x000000008dc00000, 0x000000008dd00000|  0%| F|  |TAMS 0x000000008dc00000, 0x000000008dc00000| Untracked 
| 221|0x000000008dd00000, 0x000000008dd00000, 0x000000008de00000|  0%| F|  |TAMS 0x000000008dd00000, 0x000000008dd00000| Untracked 
| 222|0x000000008de00000, 0x000000008de00000, 0x000000008df00000|  0%| F|  |TAMS 0x000000008de00000, 0x000000008de00000| Untracked 
| 223|0x000000008df00000, 0x000000008e000000, 0x000000008e000000|100%| S|CS|TAMS 0x000000008df00000, 0x000000008df00000| Complete 
| 224|0x000000008e000000, 0x000000008e100000, 0x000000008e100000|100%| S|CS|TAMS 0x000000008e000000, 0x000000008e000000| Complete 
| 225|0x000000008e100000, 0x000000008e100000, 0x000000008e200000|  0%| F|  |TAMS 0x000000008e100000, 0x000000008e100000| Untracked 
| 226|0x000000008e200000, 0x000000008e200000, 0x000000008e300000|  0%| F|  |TAMS 0x000000008e200000, 0x000000008e200000| Untracked 
| 227|0x000000008e300000, 0x000000008e300000, 0x000000008e400000|  0%| F|  |TAMS 0x000000008e300000, 0x000000008e300000| Untracked 
| 228|0x000000008e400000, 0x000000008e400000, 0x000000008e500000|  0%| F|  |TAMS 0x000000008e400000, 0x000000008e400000| Untracked 
| 229|0x000000008e500000, 0x000000008e500000, 0x000000008e600000|  0%| F|  |TAMS 0x000000008e500000, 0x000000008e500000| Untracked 
| 230|0x000000008e600000, 0x000000008e600000, 0x000000008e700000|  0%| F|  |TAMS 0x000000008e600000, 0x000000008e600000| Untracked 
| 231|0x000000008e700000, 0x000000008e700000, 0x000000008e800000|  0%| F|  |TAMS 0x000000008e700000, 0x000000008e700000| Untracked 
| 232|0x000000008e800000, 0x000000008e800000, 0x000000008e900000|  0%| F|  |TAMS 0x000000008e800000, 0x000000008e800000| Untracked 
| 233|0x000000008e900000, 0x000000008e900000, 0x000000008ea00000|  0%| F|  |TAMS 0x000000008e900000, 0x000000008e900000| Untracked 
| 234|0x000000008ea00000, 0x000000008eb00000, 0x000000008eb00000|100%| O|  |TAMS 0x000000008eb00000, 0x000000008ea00000| Untracked 
| 235|0x000000008eb00000, 0x000000008ec00000, 0x000000008ec00000|100%| O|  |TAMS 0x000000008ec00000, 0x000000008eb00000| Untracked 
| 236|0x000000008ec00000, 0x000000008ed00000, 0x000000008ed00000|100%| O|  |TAMS 0x000000008ed00000, 0x000000008ec00000| Untracked 
| 237|0x000000008ed00000, 0x000000008ee00000, 0x000000008ee00000|100%| O|  |TAMS 0x000000008ee00000, 0x000000008ed00000| Complete 

Card table byte_map: [0x0000018ce3050000,0x0000018ce3450000] _byte_map_base: 0x0000018ce2c50000

Marking Bits (Prev, Next): (CMBitMap*) 0x0000018cd01a03f0, (CMBitMap*) 0x0000018cd01a03b8
 Prev Bits: [0x0000018ce5850000, 0x0000018ce7850000)
 Next Bits: [0x0000018ce3850000, 0x0000018ce5850000)

Polling page: 0x0000018ccdff0000

Metaspace:

Usage:
  Non-class:     94.00 MB capacity,    92.34 MB ( 98%) used,     1.36 MB (  1%) free+waste,   307.94 KB ( <1%) overhead. 
      Class:     14.44 MB capacity,    13.47 MB ( 93%) used,   856.72 KB (  6%) free+waste,   137.13 KB ( <1%) overhead. 
       Both:    108.44 MB capacity,   105.81 MB ( 98%) used,     2.19 MB (  2%) free+waste,   445.06 KB ( <1%) overhead. 

Virtual space:
  Non-class space:       96.00 MB reserved,      94.04 MB ( 98%) committed 
      Class space:        1.00 GB reserved,      14.57 MB (  1%) committed 
             Both:        1.09 GB reserved,     108.61 MB ( 10%) committed 

Chunk freelists:
   Non-Class:  43.00 KB
       Class:  26.00 KB
        Both:  69.00 KB

MaxMetaspaceSize: 17179869184.00 GB
CompressedClassSpaceSize: 1.00 GB

CodeHeap 'non-profiled nmethods': size=120064Kb used=8393Kb max_used=8393Kb free=111670Kb
 bounds [0x0000018cdb710000, 0x0000018cdbf50000, 0x0000018ce2c50000]
CodeHeap 'profiled nmethods': size=120000Kb used=28610Kb max_used=28610Kb free=91389Kb
 bounds [0x0000018cd41e0000, 0x0000018cd5de0000, 0x0000018cdb710000]
CodeHeap 'non-nmethods': size=5696Kb used=2344Kb max_used=2385Kb free=3351Kb
 bounds [0x0000018cd3c50000, 0x0000018cd3ec0000, 0x0000018cd41e0000]
 total_blobs=13929 nmethods=12963 adapters=877
 compilation: enabled
              stopped_count=0, restarted_count=0
 full_count=0

Compilation events (20 events):
Event: 53.773 Thread 0x0000018cea6cb000 13100       4       com.android.tools.r8.internal.a51::hasNext (20 bytes)
Event: 53.773 Thread 0x0000018ce9d5d000 nmethod 13103 0x0000018cd5dd0210 code [0x0000018cd5dd03e0, 0x0000018cd5dd07c8]
Event: 53.773 Thread 0x0000018cea6cb000 nmethod 13100 0x0000018cdbf30190 code [0x0000018cdbf30320, 0x0000018cdbf303b8]
Event: 53.773 Thread 0x0000018cea6cb000 13101       4       com.android.tools.r8.internal.a51::l (60 bytes)
Event: 53.777 Thread 0x0000018cea6cb000 nmethod 13101 0x0000018cdbf30490 code [0x0000018cdbf30620, 0x0000018cdbf30878]
Event: 53.777 Thread 0x0000018cea6cb000 13104       4       com.android.tools.r8.dex.r::a (83 bytes)
Event: 53.797 Thread 0x0000018cf462f800 nmethod 13037% 0x0000018cdbf30990 code [0x0000018cdbf31020, 0x0000018cdbf379f8]
Event: 53.797 Thread 0x0000018cf462f800 13102       4       com.android.tools.r8.internal.LH0::a (42 bytes)
Event: 53.817 Thread 0x0000018cea6cb000 nmethod 13104 0x0000018cdbf3c590 code [0x0000018cdbf3c7e0, 0x0000018cdbf3d6b8]
Event: 53.818 Thread 0x0000018cea6cb000 13090       4       com.android.tools.r8.graph.p0::a (35 bytes)
Event: 53.828 Thread 0x0000018cea6cb000 nmethod 13090 0x0000018cdbf3e390 code [0x0000018cdbf3e560, 0x0000018cdbf3ea38]
Event: 53.828 Thread 0x0000018cea6cb000 13091       4       com.android.tools.r8.internal.md1::d (33 bytes)
Event: 53.829 Thread 0x0000018cea6cb000 nmethod 13091 0x0000018cdbf3ec90 code [0x0000018cdbf3ee20, 0x0000018cdbf3eeb8]
Event: 53.829 Thread 0x0000018cea6cb000 13092       4       com.android.tools.r8.internal.md1::a (34 bytes)
Event: 53.831 Thread 0x0000018cea6cb000 nmethod 13092 0x0000018cdbf3ef90 code [0x0000018cdbf3f120, 0x0000018cdbf3f298]
Event: 53.835 Thread 0x0000018cea6cb000 13107       4       com.android.tools.r8.dex.r::m (2110 bytes)
Event: 53.862 Thread 0x0000018ce9d5d000 13110       1       com.android.tools.r8.internal.ZY0::b (6 bytes)
Event: 53.862 Thread 0x0000018ce9d5d000 nmethod 13110 0x0000018cdbf3f390 code [0x0000018cdbf3f540, 0x0000018cdbf3f5f8]
Event: 53.880 Thread 0x0000018cf462f800 nmethod 13102 0x0000018cdbf3f690 code [0x0000018cdbf3f980, 0x0000018cdbf415a0]
Event: 53.880 Thread 0x0000018cf462f800 13111       4       com.android.tools.r8.internal.Hb1::a (185 bytes)

GC Heap History (20 events):
Event: 48.957 GC heap after
{Heap after GC invocations=29 (full 0):
 garbage-first heap   total 239616K, used 131184K [0x0000000080000000, 0x0000000100000000)
  region size 1024K, 4 young (4096K), 4 survivors (4096K)
 Metaspace       used 103822K, capacity 106423K, committed 106740K, reserved 1142784K
  class space    used 13237K, capacity 14229K, committed 14284K, reserved 1048576K
}
Event: 49.379 GC heap before
{Heap before GC invocations=30 (full 0):
 garbage-first heap   total 239616K, used 135280K [0x0000000080000000, 0x0000000100000000)
  region size 1024K, 5 young (5120K), 4 survivors (4096K)
 Metaspace       used 103822K, capacity 106423K, committed 106740K, reserved 1142784K
  class space    used 13237K, capacity 14229K, committed 14284K, reserved 1048576K
}
Event: 49.384 GC heap after
{Heap after GC invocations=31 (full 0):
 garbage-first heap   total 239616K, used 136179K [0x0000000080000000, 0x0000000100000000)
  region size 1024K, 3 young (3072K), 3 survivors (3072K)
 Metaspace       used 103822K, capacity 106423K, committed 106740K, reserved 1142784K
  class space    used 13237K, capacity 14229K, committed 14284K, reserved 1048576K
}
Event: 49.808 GC heap before
{Heap before GC invocations=32 (full 0):
 garbage-first heap   total 239616K, used 140275K [0x0000000080000000, 0x0000000100000000)
  region size 1024K, 5 young (5120K), 3 survivors (3072K)
 Metaspace       used 103822K, capacity 106423K, committed 106740K, reserved 1142784K
  class space    used 13237K, capacity 14229K, committed 14284K, reserved 1048576K
}
Event: 49.811 GC heap after
{Heap after GC invocations=33 (full 0):
 garbage-first heap   total 239616K, used 140463K [0x0000000080000000, 0x0000000100000000)
  region size 1024K, 5 young (5120K), 5 survivors (5120K)
 Metaspace       used 103822K, capacity 106423K, committed 106740K, reserved 1142784K
  class space    used 13237K, capacity 14229K, committed 14284K, reserved 1048576K
}
Event: 52.352 GC heap before
{Heap before GC invocations=34 (full 0):
 garbage-first heap   total 239616K, used 169135K [0x0000000080000000, 0x0000000100000000)
  region size 1024K, 30 young (30720K), 5 survivors (5120K)
 Metaspace       used 107792K, capacity 110407K, committed 110580K, reserved 1144832K
  class space    used 13723K, capacity 14683K, committed 14796K, reserved 1048576K
}
Event: 52.360 GC heap after
{Heap after GC invocations=35 (full 0):
 garbage-first heap   total 239616K, used 147956K [0x0000000080000000, 0x0000000100000000)
  region size 1024K, 5 young (5120K), 5 survivors (5120K)
 Metaspace       used 107792K, capacity 110407K, committed 110580K, reserved 1144832K
  class space    used 13723K, capacity 14683K, committed 14796K, reserved 1048576K
}
Event: 52.932 GC heap before
{Heap before GC invocations=35 (full 0):
 garbage-first heap   total 239616K, used 223732K [0x0000000080000000, 0x0000000100000000)
  region size 1024K, 36 young (36864K), 5 survivors (5120K)
 Metaspace       used 108322K, capacity 110979K, committed 111220K, reserved 1146880K
  class space    used 13794K, capacity 14790K, committed 14924K, reserved 1048576K
}
Event: 52.949 GC heap after
{Heap after GC invocations=36 (full 0):
 garbage-first heap   total 243712K, used 184219K [0x0000000080000000, 0x0000000100000000)
  region size 1024K, 5 young (5120K), 5 survivors (5120K)
 Metaspace       used 108322K, capacity 110979K, committed 111220K, reserved 1146880K
  class space    used 13794K, capacity 14790K, committed 14924K, reserved 1048576K
}
Event: 53.086 GC heap before
{Heap before GC invocations=37 (full 0):
 garbage-first heap   total 243712K, used 200603K [0x0000000080000000, 0x0000000100000000)
  region size 1024K, 22 young (22528K), 5 survivors (5120K)
 Metaspace       used 108324K, capacity 110979K, committed 111220K, reserved 1146880K
  class space    used 13794K, capacity 14790K, committed 14924K, reserved 1048576K
}
Event: 53.104 GC heap after
{Heap after GC invocations=38 (full 0):
 garbage-first heap   total 243712K, used 191840K [0x0000000080000000, 0x0000000100000000)
  region size 1024K, 3 young (3072K), 3 survivors (3072K)
 Metaspace       used 108324K, capacity 110979K, committed 111220K, reserved 1146880K
  class space    used 13794K, capacity 14790K, committed 14924K, reserved 1048576K
}
Event: 53.134 GC heap before
{Heap before GC invocations=38 (full 0):
 garbage-first heap   total 243712K, used 194912K [0x0000000080000000, 0x0000000100000000)
  region size 1024K, 7 young (7168K), 3 survivors (3072K)
 Metaspace       used 108325K, capacity 110979K, committed 111220K, reserved 1146880K
  class space    used 13794K, capacity 14790K, committed 14924K, reserved 1048576K
}
Event: 53.149 GC heap after
{Heap after GC invocations=39 (full 0):
 garbage-first heap   total 243712K, used 194396K [0x0000000080000000, 0x0000000100000000)
  region size 1024K, 2 young (2048K), 2 survivors (2048K)
 Metaspace       used 108325K, capacity 110979K, committed 111220K, reserved 1146880K
  class space    used 13794K, capacity 14790K, committed 14924K, reserved 1048576K
}
Event: 53.317 GC heap before
{Heap before GC invocations=39 (full 0):
 garbage-first heap   total 243712K, used 205660K [0x0000000080000000, 0x0000000100000000)
  region size 1024K, 12 young (12288K), 2 survivors (2048K)
 Metaspace       used 108334K, capacity 110979K, committed 111220K, reserved 1146880K
  class space    used 13794K, capacity 14790K, committed 14924K, reserved 1048576K
}
Event: 53.334 GC heap after
{Heap after GC invocations=40 (full 0):
 garbage-first heap   total 243712K, used 199640K [0x0000000080000000, 0x0000000100000000)
  region size 1024K, 2 young (2048K), 2 survivors (2048K)
 Metaspace       used 108334K, capacity 110979K, committed 111220K, reserved 1146880K
  class space    used 13794K, capacity 14790K, committed 14924K, reserved 1048576K
}
Event: 53.508 GC heap before
{Heap before GC invocations=40 (full 0):
 garbage-first heap   total 243712K, used 209880K [0x0000000080000000, 0x0000000100000000)
  region size 1024K, 11 young (11264K), 2 survivors (2048K)
 Metaspace       used 108351K, capacity 111043K, committed 111220K, reserved 1146880K
  class space    used 13796K, capacity 14790K, committed 14924K, reserved 1048576K
}
Event: 53.527 GC heap after
{Heap after GC invocations=41 (full 0):
 garbage-first heap   total 243712K, used 204632K [0x0000000080000000, 0x0000000100000000)
  region size 1024K, 2 young (2048K), 2 survivors (2048K)
 Metaspace       used 108351K, capacity 111043K, committed 111220K, reserved 1146880K
  class space    used 13796K, capacity 14790K, committed 14924K, reserved 1048576K
}
Event: 53.730 GC heap before
{Heap before GC invocations=41 (full 0):
 garbage-first heap   total 243712K, used 212824K [0x0000000080000000, 0x0000000100000000)
  region size 1024K, 11 young (11264K), 2 survivors (2048K)
 Metaspace       used 108351K, capacity 111043K, committed 111220K, reserved 1146880K
  class space    used 13796K, capacity 14790K, committed 14924K, reserved 1048576K
}
Event: 53.749 GC heap after
{Heap after GC invocations=42 (full 0):
 garbage-first heap   total 243712K, used 208398K [0x0000000080000000, 0x0000000100000000)
  region size 1024K, 2 young (2048K), 2 survivors (2048K)
 Metaspace       used 108351K, capacity 111043K, committed 111220K, reserved 1146880K
  class space    used 13796K, capacity 14790K, committed 14924K, reserved 1048576K
}
Event: 53.943 GC heap before
{Heap before GC invocations=43 (full 0):
 garbage-first heap   total 243712K, used 218638K [0x0000000080000000, 0x0000000100000000)
  region size 1024K, 11 young (11264K), 2 survivors (2048K)
 Metaspace       used 108351K, capacity 111043K, committed 111220K, reserved 1146880K
  class space    used 13796K, capacity 14790K, committed 14924K, reserved 1048576K
}

Deoptimization events (20 events):
Event: 53.852 Thread 0x0000018cf14c3000 DEOPT PACKING pc=0x0000018cd5d676de sp=0x000000803f1fd780
Event: 53.852 Thread 0x0000018cf14c3000 DEOPT UNPACKING pc=0x0000018cd3c76dde sp=0x000000803f1fce40 mode 0
Event: 53.857 Thread 0x0000018cf14c3000 DEOPT PACKING pc=0x0000018cd5d676de sp=0x000000803f1fd780
Event: 53.857 Thread 0x0000018cf14c3000 DEOPT UNPACKING pc=0x0000018cd3c76dde sp=0x000000803f1fce40 mode 0
Event: 53.860 Thread 0x0000018cf14c3000 DEOPT PACKING pc=0x0000018cd5d676de sp=0x000000803f1fd780
Event: 53.860 Thread 0x0000018cf14c3000 DEOPT UNPACKING pc=0x0000018cd3c76dde sp=0x000000803f1fce40 mode 0
Event: 53.862 Thread 0x0000018cf14c3000 DEOPT PACKING pc=0x0000018cd5d683d8 sp=0x000000803f1fd780
Event: 53.862 Thread 0x0000018cf14c3000 DEOPT UNPACKING pc=0x0000018cd3c76dde sp=0x000000803f1fce48 mode 0
Event: 53.863 Thread 0x0000018cf14c3000 DEOPT PACKING pc=0x0000018cd5d676de sp=0x000000803f1fd780
Event: 53.863 Thread 0x0000018cf14c3000 DEOPT UNPACKING pc=0x0000018cd3c76dde sp=0x000000803f1fce40 mode 0
Event: 53.872 Thread 0x0000018cf14c3000 DEOPT PACKING pc=0x0000018cd5d676de sp=0x000000803f1fd780
Event: 53.872 Thread 0x0000018cf14c3000 DEOPT UNPACKING pc=0x0000018cd3c76dde sp=0x000000803f1fce40 mode 0
Event: 53.873 Thread 0x0000018cf14c3000 DEOPT PACKING pc=0x0000018cd5d676de sp=0x000000803f1fd780
Event: 53.873 Thread 0x0000018cf14c3000 DEOPT UNPACKING pc=0x0000018cd3c76dde sp=0x000000803f1fce40 mode 0
Event: 53.875 Thread 0x0000018cf14c3000 DEOPT PACKING pc=0x0000018cd5d676de sp=0x000000803f1fd780
Event: 53.875 Thread 0x0000018cf14c3000 DEOPT UNPACKING pc=0x0000018cd3c76dde sp=0x000000803f1fce40 mode 0
Event: 53.876 Thread 0x0000018cf14c3000 DEOPT PACKING pc=0x0000018cd5d676de sp=0x000000803f1fd780
Event: 53.876 Thread 0x0000018cf14c3000 DEOPT UNPACKING pc=0x0000018cd3c76dde sp=0x000000803f1fce40 mode 0
Event: 53.898 Thread 0x0000018cf14c3000 DEOPT PACKING pc=0x0000018cd5d676de sp=0x000000803f1fd780
Event: 53.898 Thread 0x0000018cf14c3000 DEOPT UNPACKING pc=0x0000018cd3c76dde sp=0x000000803f1fce40 mode 0

Classes redefined (0 events):
No events

Internal exceptions (20 events):
Event: 37.297 Thread 0x0000018cf14b8800 Exception <a 'java/lang/InterruptedException'{0x0000000089845b08}> (0x0000000089845b08) thrown at [./src/hotspot/share/runtime/objectMonitor.cpp, line 1635]
Event: 37.298 Thread 0x0000018cf14b8800 Exception <a 'java/lang/NoSuchMethodError'{0x000000008984d918}: 'java.lang.Object java.lang.invoke.DirectMethodHandle$Holder.invokeStatic(java.lang.Object, java.lang.Object, int, java.lang.Object, long)'> (0x000000008984d918) thrown at [./src/hotspot/share/interpreter/linkResolver.cpp, line 773]
Event: 37.315 Thread 0x0000018cf14bb000 Exception <a 'java/lang/NoSuchMethodError'{0x0000000089860688}: <clinit>> (0x0000000089860688) thrown at [./src/hotspot/share/prims/jni.cpp, line 1362]
Event: 37.317 Thread 0x0000018cf14bb000 Exception <a 'java/lang/NoSuchMethodError'{0x0000000089872480}: <clinit>> (0x0000000089872480) thrown at [./src/hotspot/share/prims/jni.cpp, line 1362]
Event: 37.318 Thread 0x0000018cf14bb000 Exception <a 'java/lang/NoSuchMethodError'{0x0000000089884250}: <clinit>> (0x0000000089884250) thrown at [./src/hotspot/share/prims/jni.cpp, line 1362]
Event: 37.326 Thread 0x0000018cf14bb000 Exception <a 'java/lang/NoSuchMethodError'{0x00000000898bfe78}: <clinit>> (0x00000000898bfe78) thrown at [./src/hotspot/share/prims/jni.cpp, line 1362]
Event: 37.376 Thread 0x0000018cf14bb000 Exception <a 'java/lang/NoSuchMethodError'{0x000000008963e900}: <clinit>> (0x000000008963e900) thrown at [./src/hotspot/share/prims/jni.cpp, line 1362]
Event: 37.381 Thread 0x0000018cf14bb000 Exception <a 'java/lang/NoSuchMethodError'{0x0000000089686cd8}: <clinit>> (0x0000000089686cd8) thrown at [./src/hotspot/share/prims/jni.cpp, line 1362]
Event: 37.383 Thread 0x0000018cf14bb000 Exception <a 'java/lang/NoSuchMethodError'{0x00000000896a4170}: <clinit>> (0x00000000896a4170) thrown at [./src/hotspot/share/prims/jni.cpp, line 1362]
Event: 37.383 Thread 0x0000018cf14bb000 Exception <a 'java/lang/NoSuchMethodError'{0x00000000896c1610}: <clinit>> (0x00000000896c1610) thrown at [./src/hotspot/share/prims/jni.cpp, line 1362]
Event: 37.416 Thread 0x0000018cf14bf000 Exception <a 'java/lang/NoSuchMethodError'{0x0000000089489190}: 'java.lang.Object java.lang.invoke.DirectMethodHandle$Holder.invokeStatic(java.lang.Object, java.lang.Object, java.lang.Object, java.lang.Object, java.lang.Object, java.lang.Object, java.lang.Object, java.lang.Object, java.lang.Object, java.lang.Object, java.lang.Object, java.lang.Object, java.lang.Object, int)'> (0x0000000089489190) thrown at [./src/hotspot/share/interpreter/linkResolver.cpp, line 773]
Event: 37.418 Thread 0x0000018cf14bf000 Exception <a 'java/lang/NoSuchMethodError'{0x0000000089495c08}: 'java.lang.Object java.lang.invoke.DirectMethodHandle$Holder.invokeStatic(java.lang.Object, java.lang.Object, java.lang.Object, java.lang.Object, java.lang.Object, java.lang.Object, java.lang.Object, java.lang.Object, java.lang.Object, java.lang.Object, java.lang.Object, java.lang.Object, java.lang.Object, int, int)'> (0x0000000089495c08) thrown at [./src/hotspot/share/interpreter/linkResolver.cpp, line 773]
Event: 42.202 Thread 0x0000018cf14bb000 Exception <a 'java/lang/NoSuchMethodError'{0x0000000089264990}: 'void java.lang.invoke.DirectMethodHandle$Holder.invokeStatic(java.lang.Object, java.lang.Object, java.lang.Object, java.lang.Object, java.lang.Object, java.lang.Object, java.lang.Object)'> (0x0000000089264990) thrown at [./src/hotspot/share/interpreter/linkResolver.cpp, line 773]
Event: 42.272 Thread 0x0000018ced7c1000 Exception <a 'java/lang/NoSuchMethodError'{0x000000008e839d30}: <clinit>> (0x000000008e839d30) thrown at [./src/hotspot/share/prims/jni.cpp, line 1362]
Event: 42.789 Thread 0x0000018cf14bb000 Exception <a 'java/lang/NoSuchMethodError'{0x000000008cf32fc8}: <clinit>> (0x000000008cf32fc8) thrown at [./src/hotspot/share/prims/jni.cpp, line 1362]
Event: 45.891 Thread 0x0000018cf14bb000 Exception <a 'java/lang/NoSuchMethodError'{0x000000008b7d7d48}: <clinit>> (0x000000008b7d7d48) thrown at [./src/hotspot/share/prims/jni.cpp, line 1362]
Event: 48.002 Thread 0x0000018cf14c2800 Exception <a 'sun/nio/fs/WindowsException'{0x000000008e7864e8}> (0x000000008e7864e8) thrown at [./src/hotspot/share/prims/jni.cpp, line 615]
Event: 48.002 Thread 0x0000018cf14c2800 Exception <a 'sun/nio/fs/WindowsException'{0x000000008e7865d0}> (0x000000008e7865d0) thrown at [./src/hotspot/share/prims/jni.cpp, line 615]
Event: 51.314 Thread 0x0000018cf14c3000 Exception <a 'sun/nio/fs/WindowsException'{0x000000008db2d438}> (0x000000008db2d438) thrown at [./src/hotspot/share/prims/jni.cpp, line 615]
Event: 52.417 Thread 0x0000018cf14c3000 Exception <a 'java/lang/NoSuchMethodError'{0x000000008e9ff300}: 'java.lang.Object java.lang.invoke.DirectMethodHandle$Holder.invokeStaticInit(java.lang.Object, java.lang.Object, java.lang.Object, java.lang.Object, java.lang.Object, java.lang.Object, java.lang.Object, java.lang.Object, java.lang.Object, java.lang.Object, java.lang.Object, java.lang.Object, java.lang.Object, java.lang.Object, java.lang.Object, java.lang.Object, java.lang.Object, java.lang.Object, int, java.lang.Object, java.lang.Object)'> (0

Events (20 events):
Event: 53.104 Executing VM operation: G1CollectForAllocation done
Event: 53.134 Executing VM operation: G1CollectForAllocation
Event: 53.149 Executing VM operation: G1CollectForAllocation done
Event: 53.316 Executing VM operation: G1CollectForAllocation
Event: 53.334 Executing VM operation: G1CollectForAllocation done
Event: 53.448 loading class java/util/concurrent/ConcurrentHashMap$TreeNode
Event: 53.480 loading class java/util/concurrent/ConcurrentHashMap$TreeNode done
Event: 53.480 loading class java/util/concurrent/ConcurrentHashMap$TreeBin
Event: 53.480 loading class java/util/concurrent/ConcurrentHashMap$TreeBin done
Event: 53.508 Executing VM operation: G1CollectForAllocation
Event: 53.527 Executing VM operation: G1CollectForAllocation done
Event: 53.627 Executing VM operation: RevokeBias
Event: 53.628 Executing VM operation: RevokeBias done
Event: 53.629 Executing VM operation: CGC_Operation
Event: 53.650 Executing VM operation: CGC_Operation done
Event: 53.730 Executing VM operation: G1CollectForAllocation
Event: 53.749 Executing VM operation: G1CollectForAllocation done
Event: 53.934 Executing VM operation: CGC_Operation
Event: 53.936 Executing VM operation: CGC_Operation done
Event: 53.943 Executing VM operation: G1CollectForAllocation


Dynamic libraries:
0x00007ff7323e0000 - 0x00007ff7323ea000 	C:\Program Files\Android\Android Studio New\jre\bin\java.exe
0x00007ffbc5380000 - 0x00007ffbc5570000 	C:\WINDOWS\SYSTEM32\ntdll.dll
0x00007ffbc3690000 - 0x00007ffbc3742000 	C:\WINDOWS\System32\KERNEL32.DLL
0x00007ffbc2490000 - 0x00007ffbc2735000 	C:\WINDOWS\System32\KERNELBASE.dll
0x00007ffbc2a60000 - 0x00007ffbc2b5a000 	C:\WINDOWS\System32\ucrtbase.dll
0x00007ffb9fad0000 - 0x00007ffb9fae7000 	C:\Program Files\Android\Android Studio New\jre\bin\VCRUNTIME140.dll
0x00007ffbb79e0000 - 0x00007ffbb79f9000 	C:\Program Files\Android\Android Studio New\jre\bin\jli.dll
0x00007ffbc51a0000 - 0x00007ffbc5334000 	C:\WINDOWS\System32\USER32.dll
0x00007ffbc2a30000 - 0x00007ffbc2a51000 	C:\WINDOWS\System32\win32u.dll
0x00007ffbc4fb0000 - 0x00007ffbc4fd6000 	C:\WINDOWS\System32\GDI32.dll
0x00007ffbc22f0000 - 0x00007ffbc2486000 	C:\WINDOWS\System32\gdi32full.dll
0x00007ffbc2770000 - 0x00007ffbc280e000 	C:\WINDOWS\System32\msvcp_win.dll
0x00007ffba7b80000 - 0x00007ffba7e04000 	C:\WINDOWS\WinSxS\amd64_microsoft.windows.common-controls_6595b64144ccf1df_6.0.18362.1256_none_9e7e379be45e40e2\COMCTL32.dll
0x00007ffbc5100000 - 0x00007ffbc519e000 	C:\WINDOWS\System32\msvcrt.dll
0x00007ffbc4550000 - 0x00007ffbc4886000 	C:\WINDOWS\System32\combase.dll
0x00007ffbc4fe0000 - 0x00007ffbc5100000 	C:\WINDOWS\System32\RPCRT4.dll
0x00007ffbc2b60000 - 0x00007ffbc2be1000 	C:\WINDOWS\System32\bcryptPrimitives.dll
0x00007ffbc3750000 - 0x00007ffbc377e000 	C:\WINDOWS\System32\IMM32.DLL
0x00007ffb8d3e0000 - 0x00007ffb8d47d000 	C:\Program Files\Android\Android Studio New\jre\bin\msvcp140.dll
0x00007ffb57710000 - 0x00007ffb581e5000 	C:\Program Files\Android\Android Studio New\jre\bin\server\jvm.dll
0x00007ffbc44a0000 - 0x00007ffbc4543000 	C:\WINDOWS\System32\ADVAPI32.dll
0x00007ffbc3440000 - 0x00007ffbc34d7000 	C:\WINDOWS\System32\sechost.dll
0x00007ffbc3430000 - 0x00007ffbc3438000 	C:\WINDOWS\System32\PSAPI.DLL
0x00007ffbbad50000 - 0x00007ffbbad59000 	C:\WINDOWS\SYSTEM32\WSOCK32.dll
0x00007ffbc3c20000 - 0x00007ffbc3c8f000 	C:\WINDOWS\System32\WS2_32.dll
0x00007ffbbbf00000 - 0x00007ffbbbf24000 	C:\WINDOWS\SYSTEM32\WINMM.dll
0x00007ffbb9280000 - 0x00007ffbb928a000 	C:\WINDOWS\SYSTEM32\VERSION.dll
0x00007ffbbbed0000 - 0x00007ffbbbefd000 	C:\WINDOWS\SYSTEM32\WINMMBASE.dll
0x00007ffbc33e0000 - 0x00007ffbc342a000 	C:\WINDOWS\System32\cfgmgr32.dll
0x00007ffbc2250000 - 0x00007ffbc2261000 	C:\WINDOWS\System32\kernel.appcore.dll
0x00007ffb90130000 - 0x00007ffb90141000 	C:\Program Files\Android\Android Studio New\jre\bin\verify.dll
0x00007ffbc0950000 - 0x00007ffbc0b44000 	C:\WINDOWS\SYSTEM32\DBGHELP.DLL
0x00007ffbb7500000 - 0x00007ffbb752a000 	C:\WINDOWS\SYSTEM32\dbgcore.DLL
0x00007ffb8ffe0000 - 0x00007ffb90009000 	C:\Program Files\Android\Android Studio New\jre\bin\java.dll
0x00007ffba81d0000 - 0x00007ffba81db000 	C:\Program Files\Android\Android Studio New\jre\bin\jimage.dll
0x00007ffb90110000 - 0x00007ffb90128000 	C:\Program Files\Android\Android Studio New\jre\bin\zip.dll
0x00007ffbc3db0000 - 0x00007ffbc4497000 	C:\WINDOWS\System32\SHELL32.dll
0x00007ffbc3780000 - 0x00007ffbc3829000 	C:\WINDOWS\System32\shcore.dll
0x00007ffbc2c50000 - 0x00007ffbc33d1000 	C:\WINDOWS\System32\windows.storage.dll
0x00007ffbc22c0000 - 0x00007ffbc22e3000 	C:\WINDOWS\System32\profapi.dll
0x00007ffbc2270000 - 0x00007ffbc22ba000 	C:\WINDOWS\System32\powrprof.dll
0x00007ffbc2220000 - 0x00007ffbc2230000 	C:\WINDOWS\System32\UMPDC.dll
0x00007ffbc3980000 - 0x00007ffbc39d2000 	C:\WINDOWS\System32\shlwapi.dll
0x00007ffbc2810000 - 0x00007ffbc2827000 	C:\WINDOWS\System32\cryptsp.dll
0x00007ffb8f330000 - 0x00007ffb8f34a000 	C:\Program Files\Android\Android Studio New\jre\bin\net.dll
0x00007ffbb56e0000 - 0x00007ffbb57d0000 	C:\WINDOWS\SYSTEM32\WINHTTP.dll
0x00007ffbc1a10000 - 0x00007ffbc1a77000 	C:\WINDOWS\system32\mswsock.dll
0x00007ffb8dca0000 - 0x00007ffb8dcb4000 	C:\Program Files\Android\Android Studio New\jre\bin\nio.dll
0x00007ffb9ef30000 - 0x00007ffb9ef57000 	C:\Users\JOHN BATISTA\.gradle\native\e1d6ef7f7dcc3fd88c89a11ec53ec762bb8ba0a96d01ffa2cd45eb1d1d8dd5c5\windows-amd64\native-platform.dll
0x00007ffb8f160000 - 0x00007ffb8f2a4000 	C:\Users\JOHN BATISTA\.gradle\native\5664cfc778a61ccfe75a443a1ab52a65af34e5dc3c78e0209fed803814484fcb\windows-amd64\native-platform-file-events.dll
0x00007ffba3980000 - 0x00007ffba398a000 	C:\Program Files\Android\Android Studio New\jre\bin\management.dll
0x00007ffb9ded0000 - 0x00007ffb9dedd000 	C:\Program Files\Android\Android Studio New\jre\bin\management_ext.dll
0x00007ffbc1580000 - 0x00007ffbc15b3000 	C:\WINDOWS\system32\rsaenh.dll
0x00007ffbc2740000 - 0x00007ffbc2766000 	C:\WINDOWS\System32\bcrypt.dll
0x00007ffbc2140000 - 0x00007ffbc2165000 	C:\WINDOWS\SYSTEM32\USERENV.dll
0x00007ffbc1be0000 - 0x00007ffbc1bec000 	C:\WINDOWS\SYSTEM32\CRYPTBASE.dll
0x00007ffbc1720000 - 0x00007ffbc175a000 	C:\WINDOWS\SYSTEM32\IPHLPAPI.DLL
0x00007ffbc3970000 - 0x00007ffbc3978000 	C:\WINDOWS\System32\NSI.dll
0x00007ffbb7780000 - 0x00007ffbb7796000 	C:\WINDOWS\SYSTEM32\dhcpcsvc6.DLL
0x00007ffbb7760000 - 0x00007ffbb777c000 	C:\WINDOWS\SYSTEM32\dhcpcsvc.DLL
0x00007ffbc1770000 - 0x00007ffbc183b000 	C:\WINDOWS\SYSTEM32\DNSAPI.dll
0x00007ffbb8530000 - 0x00007ffbb8538000 	C:\Program Files\Android\Android Studio New\jre\bin\rmi.dll
0x00007ffbb91e0000 - 0x00007ffbb91f6000 	C:\WINDOWS\system32\napinsp.dll
0x00007ffbb71b0000 - 0x00007ffbb71ca000 	C:\WINDOWS\system32\pnrpnsp.dll
0x00007ffbbae80000 - 0x00007ffbbae8e000 	C:\WINDOWS\System32\winrnr.dll
0x00007ffbbad30000 - 0x00007ffbbad4c000 	C:\WINDOWS\system32\NLAapi.dll
0x00007ffbba3c0000 - 0x00007ffbba3d5000 	C:\WINDOWS\system32\wshbth.dll
0x00007ffbb73d0000 - 0x00007ffbb73da000 	C:\Windows\System32\rasadhlp.dll
0x00007ffbb6460000 - 0x00007ffbb64d7000 	C:\WINDOWS\System32\fwpuclnt.dll

dbghelp: loaded successfully - version: 4.0.5 - missing functions: none
symbol engine: initialized successfully - sym options: 0x614 - pdb path: .;C:\Program Files\Android\Android Studio New\jre\bin;C:\WINDOWS\SYSTEM32;C:\WINDOWS\WinSxS\amd64_microsoft.windows.common-controls_6595b64144ccf1df_6.0.18362.1256_none_9e7e379be45e40e2;C:\Program Files\Android\Android Studio New\jre\bin\server;C:\Users\JOHN BATISTA\.gradle\native\e1d6ef7f7dcc3fd88c89a11ec53ec762bb8ba0a96d01ffa2cd45eb1d1d8dd5c5\windows-amd64;C:\Users\JOHN BATISTA\.gradle\native\5664cfc778a61ccfe75a443a1ab52a65af34e5dc3c78e0209fed803814484fcb\windows-amd64

VM Arguments:
jvm_args: --add-opens=java.base/java.util=ALL-UNNAMED --add-opens=java.base/java.lang=ALL-UNNAMED --add-opens=java.base/java.lang.invoke=ALL-UNNAMED --add-opens=java.base/java.util=ALL-UNNAMED --add-opens=java.prefs/java.util.prefs=ALL-UNNAMED --add-opens=java.prefs/java.util.prefs=ALL-UNNAMED --add-opens=java.base/java.nio.charset=ALL-UNNAMED --add-opens=java.base/java.net=ALL-UNNAMED --add-opens=java.base/java.util.concurrent.atomic=ALL-UNNAMED -Xmx2048m -Dfile.encoding=UTF-8 -Duser.country=US -Duser.language=en -Duser.variant 
java_command: org.gradle.launcher.daemon.bootstrap.GradleDaemon 7.2
java_class_path (initial): C:\Users\JOHN BATISTA\.gradle\wrapper\dists\gradle-7.2-bin\2dnblmf4td7x66yl1d74lt32g\gradle-7.2\lib\gradle-launcher-7.2.jar
Launcher Type: SUN_STANDARD

[Global flags]
     intx CICompilerCount                          = 3                                         {product} {ergonomic}
     uint ConcGCThreads                            = 1                                         {product} {ergonomic}
     uint G1ConcRefinementThreads                  = 4                                         {product} {ergonomic}
   size_t G1HeapRegionSize                         = 1048576                                   {product} {ergonomic}
    uintx GCDrainStackTargetSize                   = 64                                        {product} {ergonomic}
   size_t InitialHeapSize                          = 134217728                                 {product} {ergonomic}
   size_t MarkStackSize                            = 4194304                                   {product} {ergonomic}
   size_t MaxHeapSize                              = 2147483648                                {product} {command line}
   size_t MaxNewSize                               = 1287651328                                {product} {ergonomic}
   size_t MinHeapDeltaBytes                        = 1048576                                   {product} {ergonomic}
    uintx NonNMethodCodeHeapSize                   = 5830732                                {pd product} {ergonomic}
    uintx NonProfiledCodeHeapSize                  = 122913754                              {pd product} {ergonomic}
    uintx ProfiledCodeHeapSize                     = 122913754                              {pd product} {ergonomic}
    uintx ReservedCodeCacheSize                    = 251658240                              {pd product} {ergonomic}
     bool SegmentedCodeCache                       = true                                      {product} {ergonomic}
     bool UseCompressedClassPointers               = true                                 {lp64_product} {ergonomic}
     bool UseCompressedOops                        = true                                 {lp64_product} {ergonomic}
     bool UseG1GC                                  = true                                      {product} {ergonomic}
     bool UseLargePagesIndividualAllocation        = false                                  {pd product} {ergonomic}

Logging:
Log output configuration:
 #0: stdout all=warning uptime,level,tags
 #1: stderr all=off uptime,level,tags

Environment Variables:
JAVA_HOME=C:\Program Files\Java\jdk-15.0.1
PATH=C:\Program Files\Java\jdk-15.0.1\bin;C:\Program Files\Git\cmd;C:\Program Files\PuTTY\;C:\Program Files\MATLAB\R2013a\runtime\win64;C:\Program Files\MATLAB\R2013a\bin;C:\Program Files\Microsoft VS Code\bin;C:\nodejs\;C:\Users\JOHN BATISTA\AppData\Local\Programs\Python\Python310\Scripts;C:\Users\JOHN BATISTA\AppData\Local\Programs\Python\Python310\Scripts\;C:\Users\JOHN BATISTA\AppData\Local\Programs\Python\Python310\;C:\Users\JOHN BATISTA\AppData\Roaming\npm;
USERNAME=JOHN BATISTA
OS=Windows_NT
PROCESSOR_IDENTIFIER=Intel64 Family 6 Model 142 Stepping 9, GenuineIntel



---------------  S Y S T E M  ---------------

OS: Windows 10 , 64 bit Build 18362 (10.0.18362.1110)
OS uptime: 3 days 14:29 hours

CPU:total 4 (initial active 4) (2 cores per cpu, 2 threads per core) family 6 model 142 stepping 9 microcode 0x8e, cmov, cx8, fxsr, mmx, sse, sse2, sse3, ssse3, sse4.1, sse4.2, popcnt, avx, avx2, aes, clmul, erms, 3dnowpref, lzcnt, ht, tsc, tscinvbit, bmi1, bmi2, adx, fma

Memory: 4k page, system-wide physical 8107M (442M free)
TotalPageFile size 20395M (AvailPageFile size 2M)
current process WorkingSet (physical memory assigned to process): 496M, peak: 503M
current process commit charge ("private bytes"): 567M, peak: 615M

vm_info: OpenJDK 64-Bit Server VM (11.0.11+9-b60-7590822) for windows-amd64 JRE (11.0.11+9-b60-7590822), built on Jul 29 2021 21:43:44 by "builder" with MS VC++ 14.0 (VS2015)

END.
