#
# There is insufficient memory for the Java Runtime Environment to continue.
# Native memory allocation (malloc) failed to allocate 1828496 bytes for Chunk::new
# Possible reasons:
#   The system is out of physical RAM or swap space
#   The process is running with CompressedOops enabled, and the Java Heap may be blocking the growth of the native heap
# Possible solutions:
#   Reduce memory load on the system
#   Increase physical memory or swap space
#   Check if swap backing store is full
#   Decrease Java heap size (-Xmx/-Xms)
#   Decrease number of Java threads
#   Decrease Java thread stack sizes (-Xss)
#   Set larger code cache with -XX:ReservedCodeCacheSize=
#   JVM is running with Unscaled Compressed Oops mode in which the Java heap is
#     placed in the first 4GB address space. The Java Heap base address is the
#     maximum limit for the native heap growth. Please use -XX:HeapBaseMinAddress
#     to set the Java Heap base and to place the Java Heap above 4GB virtual address.
# This output file may be truncated or incomplete.
#
#  Out of Memory Error (./src/hotspot/share/memory/arena.cpp:197), pid=12608, tid=5360
#
# JRE version: OpenJDK Runtime Environment (11.0.11+9) (build 11.0.11+9-b60-7590822)
# Java VM: OpenJDK 64-Bit Server VM (11.0.11+9-b60-7590822, mixed mode, tiered, compressed oops, g1 gc, windows-amd64)
# No core dump will be written. Minidumps are not enabled by default on client versions of Windows
#

---------------  S U M M A R Y ------------

Command Line: --add-opens=java.base/java.util=ALL-UNNAMED --add-opens=java.base/java.lang=ALL-UNNAMED --add-opens=java.base/java.lang.invoke=ALL-UNNAMED --add-opens=java.base/java.util=ALL-UNNAMED --add-opens=java.prefs/java.util.prefs=ALL-UNNAMED --add-opens=java.prefs/java.util.prefs=ALL-UNNAMED --add-opens=java.base/java.nio.charset=ALL-UNNAMED --add-opens=java.base/java.net=ALL-UNNAMED --add-opens=java.base/java.util.concurrent.atomic=ALL-UNNAMED -Xmx2048m -Dfile.encoding=UTF-8 -Duser.country=US -Duser.language=en -Duser.variant org.gradle.launcher.daemon.bootstrap.GradleDaemon 7.2

Host: Intel(R) Core(TM) i3-7020U CPU @ 2.30GHz, 4 cores, 7G,  Windows 10 , 64 bit Build 18362 (10.0.18362.1110)
Time: Tue Jun 14 08:47:34 2022 UTC-11 elapsed time: 150.470841 seconds (0d 0h 2m 30s)

---------------  T H R E A D  ---------------

Current thread (0x00000264feee0800):  JavaThread "C2 CompilerThread0" daemon [_thread_in_native, id=5360, stack(0x0000008697100000,0x0000008697200000)]


Current CompileTask:
C2: 150470 16749   !   4       java.io.ObjectOutputStream::writeObject0 (619 bytes)

Stack: [0x0000008697100000,0x0000008697200000]
Native frames: (J=compiled Java code, j=interpreted, Vv=VM code, C=native code)
V  [jvm.dll+0x5f214a]
V  [jvm.dll+0x726fb5]
V  [jvm.dll+0x7285cd]
V  [jvm.dll+0x728c83]
V  [jvm.dll+0x243278]
V  [jvm.dll+0xbc53c]
V  [jvm.dll+0xbca3c]
V  [jvm.dll+0x353e7d]
V  [jvm.dll+0x321893]
V  [jvm.dll+0x320d8a]
V  [jvm.dll+0x1fc1e2]
V  [jvm.dll+0x1fb3d4]
V  [jvm.dll+0x183d6c]
V  [jvm.dll+0x209a57]
V  [jvm.dll+0x2082a1]
V  [jvm.dll+0x6ef58f]
V  [jvm.dll+0x6e80b5]
V  [jvm.dll+0x5f1036]
C  [ucrtbase.dll+0x210b2]
C  [KERNEL32.DLL+0x17c24]
C  [ntdll.dll+0x6d4d1]


---------------  P R O C E S S  ---------------

Threads class SMR info:
_java_thread_list=0x00000264a1f17c50, length=95, elements={
0x00000264fdcfe000, 0x00000264feebf800, 0x00000264feec1800, 0x00000264feedb000,
0x00000264feedb800, 0x00000264feede000, 0x00000264feee0800, 0x00000264feef1000,
0x00000264feef3000, 0x00000264ff997000, 0x000002649a8d0000, 0x000002649b324800,
0x000002649b20c800, 0x000002649b1ac800, 0x000002649b1a9000, 0x000002649b1ab800,
0x000002649b1ad000, 0x000002649b1af800, 0x000002649ae48000, 0x000002649ae46800,
0x000002649ae43800, 0x000002649ae42800, 0x000002649ae49000, 0x00000264994f2000,
0x00000264994ec800, 0x00000264994f7000, 0x00000264994f6000, 0x00000264994f8800,
0x00000264994f9800, 0x000002649d86c800, 0x000002649d875800, 0x000002649d874800,
0x000002649d86d800, 0x000002649d86f000, 0x000002649d86b000, 0x000002649d86e000,
0x000002649d86b800, 0x000002649d869000, 0x000002649d86a000, 0x000002649d870800,
0x000002649d86f800, 0x000002649d876800, 0x000002649d877000, 0x000002649d871800,
0x000002649d873000, 0x000002649d878000, 0x000002649d874000, 0x000002649d872000,
0x00000264994f1800, 0x00000264994f3000, 0x00000264994ef000, 0x00000264994ef800,
0x00000264994f0800, 0x00000264994ed000, 0x00000264994f3800, 0x00000264994f5800,
0x00000264994fa800, 0x00000264994f4800, 0x00000264994f8000, 0x00000264994fb000,
0x000002649b1aa000, 0x000002649b1ae000, 0x000002649b1af000, 0x000002649b1ab000,
0x000002649ae45800, 0x000002649ae47800, 0x000002649af20000, 0x000002649af1a800,
0x000002649af1c000, 0x000002649af1b800, 0x000002649af1e800, 0x000002649af1e000,
0x000002649af1f800, 0x000002649af22800, 0x000002649af21000, 0x000002649af22000,
0x000002649af1d000, 0x000002649af25000, 0x000002649af27800, 0x000002649af28800,
0x000002649af26000, 0x000002649af23800, 0x000002649af24800, 0x000002649af27000,
0x000002649af29000, 0x000002649d2f1800, 0x000002649d2f4800, 0x000002649d2ef800,
0x000002649d2f3000, 0x000002649d2f0800, 0x000002649d2f4000, 0x000002649d2f5800,
0x000002649d2f7000, 0x000002649d2f6000, 0x000002649943d000
}

Java Threads: ( => current thread )
  0x00000264fdcfe000 JavaThread "main" [_thread_blocked, id=12652, stack(0x0000008696500000,0x0000008696600000)]
  0x00000264feebf800 JavaThread "Reference Handler" daemon [_thread_blocked, id=17528, stack(0x0000008696c00000,0x0000008696d00000)]
  0x00000264feec1800 JavaThread "Finalizer" daemon [_thread_blocked, id=4392, stack(0x0000008696d00000,0x0000008696e00000)]
  0x00000264feedb000 JavaThread "Signal Dispatcher" daemon [_thread_blocked, id=14120, stack(0x0000008696e00000,0x0000008696f00000)]
  0x00000264feedb800 JavaThread "Attach Listener" daemon [_thread_blocked, id=4024, stack(0x0000008696f00000,0x0000008697000000)]
  0x00000264feede000 JavaThread "Service Thread" daemon [_thread_blocked, id=17688, stack(0x0000008697000000,0x0000008697100000)]
=>0x00000264feee0800 JavaThread "C2 CompilerThread0" daemon [_thread_in_native, id=5360, stack(0x0000008697100000,0x0000008697200000)]
  0x00000264feef1000 JavaThread "C1 CompilerThread0" daemon [_thread_blocked, id=5016, stack(0x0000008697200000,0x0000008697300000)]
  0x00000264feef3000 JavaThread "Sweeper thread" daemon [_thread_blocked, id=6804, stack(0x0000008697300000,0x0000008697400000)]
  0x00000264ff997000 JavaThread "Common-Cleaner" daemon [_thread_blocked, id=14440, stack(0x0000008697400000,0x0000008697500000)]
  0x000002649a8d0000 JavaThread "Daemon health stats" [_thread_blocked, id=2184, stack(0x0000008697900000,0x0000008697a00000)]
  0x000002649b324800 JavaThread "Incoming local TCP Connector on port 56626" [_thread_in_native, id=13548, stack(0x0000008697600000,0x0000008697700000)]
  0x000002649b20c800 JavaThread "Daemon periodic checks" [_thread_blocked, id=17124, stack(0x0000008697a00000,0x0000008697b00000)]
  0x000002649b1ac800 JavaThread "Cache worker for journal cache (C:\Users\JOHN BATISTA\.gradle\caches\journal-1)" [_thread_blocked, id=13084, stack(0x0000008697f00000,0x0000008698000000)]
  0x000002649b1a9000 JavaThread "File lock request listener" [_thread_in_native, id=7320, stack(0x0000008698400000,0x0000008698500000)]
  0x000002649b1ab800 JavaThread "Cache worker for file hash cache (C:\Users\JOHN BATISTA\.gradle\caches\7.2\fileHashes)" [_thread_blocked, id=9800, stack(0x0000008698500000,0x0000008698600000)]
  0x000002649b1ad000 JavaThread "File watcher server" daemon [_thread_in_native, id=11740, stack(0x0000008698800000,0x0000008698900000)]
  0x000002649b1af800 JavaThread "File watcher consumer" daemon [_thread_blocked, id=16972, stack(0x0000008698900000,0x0000008698a00000)]
  0x000002649ae48000 JavaThread "Cache worker for execution history cache (C:\Users\JOHN BATISTA\.gradle\caches\7.2\executionHistory)" [_thread_blocked, id=16084, stack(0x0000008698d00000,0x0000008698e00000)]
  0x000002649ae46800 JavaThread "jar transforms" [_thread_blocked, id=17820, stack(0x0000008698e00000,0x0000008698f00000)]
  0x000002649ae43800 JavaThread "Cache worker for file content cache (C:\Users\JOHN BATISTA\.gradle\caches\7.2\fileContent)" [_thread_blocked, id=7392, stack(0x0000008698f00000,0x0000008699000000)]
  0x000002649ae42800 JavaThread "jar transforms Thread 2" [_thread_blocked, id=268, stack(0x0000008699000000,0x0000008699100000)]
  0x000002649ae49000 JavaThread "jar transforms Thread 3" [_thread_blocked, id=3620, stack(0x0000008699200000,0x0000008699300000)]
  0x00000264994f2000 JavaThread "jar transforms Thread 4" [_thread_blocked, id=9312, stack(0x0000008698600000,0x0000008698700000)]
  0x00000264994ec800 JavaThread "Memory manager" [_thread_blocked, id=2132, stack(0x000000869bd00000,0x000000869be00000)]
  0x00000264994f7000 JavaThread "RMI Scheduler(0)" daemon [_thread_blocked, id=15844, stack(0x000000869c600000,0x000000869c700000)]
  0x00000264994f6000 JavaThread "RMI GC Daemon" daemon [_thread_blocked, id=12248, stack(0x000000869c800000,0x000000869c900000)]
  0x00000264994f8800 JavaThread "RMI TCP Accept-0" daemon [_thread_in_native, id=14748, stack(0x000000869c900000,0x000000869ca00000)]
  0x00000264994f9800 JavaThread "RMI Reaper" [_thread_blocked, id=3956, stack(0x000000869ca00000,0x000000869cb00000)]
  0x000002649d86c800 JavaThread "Cache worker for Java compile cache (C:\Users\JOHN BATISTA\.gradle\caches\7.2\javaCompile)" [_thread_blocked, id=5272, stack(0x000000869c700000,0x000000869c800000)]
  0x000002649d875800 JavaThread "ForkJoinPool.commonPool-worker-3" daemon [_thread_blocked, id=14516, stack(0x000000869d600000,0x000000869d700000)]
  0x000002649d874800 JavaThread "ForkJoinPool.commonPool-worker-7" daemon [_thread_blocked, id=9536, stack(0x000000869d800000,0x000000869d900000)]
  0x000002649d86d800 JavaThread "Daemon Thread 2" [_thread_blocked, id=220, stack(0x0000008696200000,0x0000008696300000)]
  0x000002649d86f000 JavaThread "Handler for socket connection from /127.0.0.1:56626 to /127.0.0.1:56657" [_thread_in_native, id=14572, stack(0x0000008696300000,0x0000008696400000)]
  0x000002649d86b000 JavaThread "Cancel handler" [_thread_blocked, id=1368, stack(0x0000008696400000,0x0000008696500000)]
  0x000002649d86e000 JavaThread "Daemon worker Thread 2" [_thread_in_native, id=16772, stack(0x0000008697b00000,0x0000008697c00000)]
  0x000002649d86b800 JavaThread "Asynchronous log dispatcher for DefaultDaemonConnection: socket connection from /127.0.0.1:56626 to /127.0.0.1:56657" [_thread_blocked, id=360, stack(0x0000008697c00000,0x0000008697d00000)]
  0x000002649d869000 JavaThread "Stdin handler" [_thread_blocked, id=1624, stack(0x0000008697d00000,0x0000008697e00000)]
  0x000002649d86a000 JavaThread "Daemon client event forwarder" [_thread_blocked, id=15876, stack(0x0000008697e00000,0x0000008697f00000)]
  0x000002649d870800 JavaThread "Cache worker for file hash cache (C:\Users\JOHN BATISTA\AndroidStudioProjects\SportsApplication\.gradle\7.2\fileHashes)" [_thread_blocked, id=12996, stack(0x0000008698000000,0x0000008698100000)]
  0x000002649d86f800 JavaThread "Cache worker for checksums cache (C:\Users\JOHN BATISTA\AndroidStudioProjects\SportsApplication\.gradle\checksums)" [_thread_blocked, id=16844, stack(0x0000008698200000,0x0000008698300000)]
  0x000002649d876800 JavaThread "Cache worker for cache directory md-supplier (C:\Users\JOHN BATISTA\.gradle\caches\7.2\md-supplier)" [_thread_blocked, id=1708, stack(0x0000008698700000,0x0000008698800000)]
  0x000002649d877000 JavaThread "Cache worker for cache directory md-rule (C:\Users\JOHN BATISTA\.gradle\caches\7.2\md-rule)" [_thread_blocked, id=2612, stack(0x0000008698a00000,0x0000008698b00000)]
  0x000002649d871800 JavaThread "Cache worker for dependencies-accessors (C:\Users\JOHN BATISTA\AndroidStudioProjects\SportsApplication\.gradle\7.2\dependencies-accessors)" [_thread_blocked, id=9196, stack(0x0000008698b00000,0x0000008698c00000)]
  0x000002649d873000 JavaThread "Cache worker for Build Output Cleanup Cache (C:\Users\JOHN BATISTA\AndroidStudioProjects\SportsApplication\.gradle\buildOutputCleanup)" [_thread_blocked, id=2180, stack(0x0000008698100000,0x0000008698200000)]
  0x000002649d878000 JavaThread "Unconstrained build operations" [_thread_blocked, id=10164, stack(0x0000008699100000,0x0000008699200000)]
  0x000002649d874000 JavaThread "Unconstrained build operations Thread 2" [_thread_blocked, id=18176, stack(0x0000008699300000,0x0000008699400000)]
  0x000002649d872000 JavaThread "Unconstrained build operations Thread 3" [_thread_blocked, id=9892, stack(0x0000008699400000,0x0000008699500000)]
  0x00000264994f1800 JavaThread "Unconstrained build operations Thread 4" [_thread_blocked, id=10688, stack(0x0000008699500000,0x0000008699600000)]
  0x00000264994f3000 JavaThread "Unconstrained build operations Thread 5" [_thread_blocked, id=6504, stack(0x0000008699600000,0x0000008699700000)]
  0x00000264994ef000 JavaThread "Unconstrained build operations Thread 6" [_thread_blocked, id=4148, stack(0x0000008699700000,0x0000008699800000)]
  0x00000264994ef800 JavaThread "Unconstrained build operations Thread 7" [_thread_blocked, id=9920, stack(0x0000008699800000,0x0000008699900000)]
  0x00000264994f0800 JavaThread "Unconstrained build operations Thread 8" [_thread_blocked, id=11488, stack(0x0000008699900000,0x0000008699a00000)]
  0x00000264994ed000 JavaThread "Unconstrained build operations Thread 9" [_thread_blocked, id=10556, stack(0x0000008699a00000,0x0000008699b00000)]
  0x00000264994f3800 JavaThread "Unconstrained build operations Thread 10" [_thread_blocked, id=13620, stack(0x0000008699b00000,0x0000008699c00000)]
  0x00000264994f5800 JavaThread "Unconstrained build operations Thread 11" [_thread_blocked, id=2264, stack(0x0000008699c00000,0x0000008699d00000)]
  0x00000264994fa800 JavaThread "Unconstrained build operations Thread 12" [_thread_blocked, id=12000, stack(0x0000008699d00000,0x0000008699e00000)]
  0x00000264994f4800 JavaThread "Unconstrained build operations Thread 13" [_thread_blocked, id=14732, stack(0x0000008699e00000,0x0000008699f00000)]
  0x00000264994f8000 JavaThread "Unconstrained build operations Thread 14" [_thread_blocked, id=11132, stack(0x0000008699f00000,0x000000869a000000)]
  0x00000264994fb000 JavaThread "Unconstrained build operations Thread 15" [_thread_blocked, id=14232, stack(0x000000869a000000,0x000000869a100000)]
  0x000002649b1aa000 JavaThread "Unconstrained build operations Thread 16" [_thread_blocked, id=17392, stack(0x000000869a100000,0x000000869a200000)]
  0x000002649b1ae000 JavaThread "Unconstrained build operations Thread 17" [_thread_blocked, id=13736, stack(0x000000869a200000,0x000000869a300000)]
  0x000002649b1af000 JavaThread "Unconstrained build operations Thread 18" [_thread_blocked, id=13912, stack(0x000000869a300000,0x000000869a400000)]
  0x000002649b1ab000 JavaThread "Unconstrained build operations Thread 19" [_thread_blocked, id=10996, stack(0x000000869a400000,0x000000869a500000)]
  0x000002649ae45800 JavaThread "Unconstrained build operations Thread 20" [_thread_blocked, id=16616, stack(0x000000869a500000,0x000000869a600000)]
  0x000002649ae47800 JavaThread "Unconstrained build operations Thread 21" [_thread_blocked, id=3320, stack(0x000000869a600000,0x000000869a700000)]
  0x000002649af20000 JavaThread "Unconstrained build operations Thread 22" [_thread_blocked, id=8580, stack(0x000000869a700000,0x000000869a800000)]
  0x000002649af1a800 JavaThread "Unconstrained build operations Thread 23" [_thread_blocked, id=13520, stack(0x000000869a800000,0x000000869a900000)]
  0x000002649af1c000 JavaThread "Unconstrained build operations Thread 24" [_thread_blocked, id=14636, stack(0x000000869a900000,0x000000869aa00000)]
  0x000002649af1b800 JavaThread "Unconstrained build operations Thread 25" [_thread_blocked, id=3792, stack(0x000000869aa00000,0x000000869ab00000)]
  0x000002649af1e800 JavaThread "Unconstrained build operations Thread 26" [_thread_blocked, id=14544, stack(0x000000869ab00000,0x000000869ac00000)]
  0x000002649af1e000 JavaThread "Unconstrained build operations Thread 27" [_thread_blocked, id=12584, stack(0x000000869ac00000,0x000000869ad00000)]
  0x000002649af1f800 JavaThread "Unconstrained build operations Thread 28" [_thread_blocked, id=644, stack(0x000000869ad00000,0x000000869ae00000)]
  0x000002649af22800 JavaThread "Unconstrained build operations Thread 29" [_thread_blocked, id=11968, stack(0x000000869ae00000,0x000000869af00000)]
  0x000002649af21000 JavaThread "Unconstrained build operations Thread 30" [_thread_blocked, id=11152, stack(0x000000869af00000,0x000000869b000000)]
  0x000002649af22000 JavaThread "Unconstrained build operations Thread 31" [_thread_blocked, id=14504, stack(0x000000869b000000,0x000000869b100000)]
  0x000002649af1d000 JavaThread "Unconstrained build operations Thread 32" [_thread_blocked, id=8184, stack(0x000000869b100000,0x000000869b200000)]
  0x000002649af25000 JavaThread "Unconstrained build operations Thread 33" [_thread_blocked, id=5544, stack(0x000000869b200000,0x000000869b300000)]
  0x000002649af27800 JavaThread "Unconstrained build operations Thread 34" [_thread_blocked, id=9124, stack(0x000000869b300000,0x000000869b400000)]
  0x000002649af28800 JavaThread "Unconstrained build operations Thread 35" [_thread_blocked, id=9272, stack(0x000000869b400000,0x000000869b500000)]
  0x000002649af26000 JavaThread "Unconstrained build operations Thread 36" [_thread_blocked, id=10188, stack(0x000000869b500000,0x000000869b600000)]
  0x000002649af23800 JavaThread "Unconstrained build operations Thread 37" [_thread_blocked, id=13480, stack(0x000000869b600000,0x000000869b700000)]
  0x000002649af24800 JavaThread "Unconstrained build operations Thread 38" [_thread_blocked, id=10460, stack(0x000000869b700000,0x000000869b800000)]
  0x000002649af27000 JavaThread "Unconstrained build operations Thread 39" [_thread_blocked, id=7204, stack(0x000000869b800000,0x000000869b900000)]
  0x000002649af29000 JavaThread "Unconstrained build operations Thread 40" [_thread_blocked, id=14480, stack(0x000000869b900000,0x000000869ba00000)]
  0x000002649d2f1800 JavaThread "build event listener" [_thread_blocked, id=9512, stack(0x000000869ba00000,0x000000869bb00000)]
  0x000002649d2f4800 JavaThread "build event listener" [_thread_blocked, id=17640, stack(0x000000869bb00000,0x000000869bc00000)]
  0x000002649d2ef800 JavaThread "Execution worker for ':'" [_thread_blocked, id=17680, stack(0x000000869bc00000,0x000000869bd00000)]
  0x000002649d2f3000 JavaThread "Execution worker for ':' Thread 2" [_thread_blocked, id=13760, stack(0x000000869be00000,0x000000869bf00000)]
  0x000002649d2f0800 JavaThread "Execution worker for ':' Thread 3" [_thread_blocked, id=7780, stack(0x000000869bf00000,0x000000869c000000)]
  0x000002649d2f4000 JavaThread "Cache worker for execution history cache (C:\Users\JOHN BATISTA\AndroidStudioProjects\SportsApplication\.gradle\7.2\executionHistory)" [_thread_blocked, id=2484, stack(0x000000869c000000,0x000000869c100000)]
  0x000002649d2f5800 JavaThread "RMI RenewClean-[127.0.0.1:17268,org.jetbrains.kotlin.daemon.common.LoopbackNetworkInterface$ClientLoopbackSocketFactory@47909a3f]" daemon [_thread_blocked, id=3192, stack(0x000000869c100000,0x000000869c200000)]
  0x000002649d2f7000 JavaThread "RMI TCP Connection(4)-127.0.0.1" daemon [_thread_in_native, id=10028, stack(0x000000869c200000,0x000000869c300000)]
  0x000002649d2f6000 JavaThread "RMI TCP Connection(5)-127.0.0.1" daemon [_thread_in_native, id=5352, stack(0x000000869c300000,0x000000869c400000)]
  0x000002649943d000 JavaThread "C2 CompilerThread1" daemon [_thread_in_native, id=18392, stack(0x0000008698c00000,0x0000008698d00000)]

Other Threads:
  0x00000264feeb9000 VMThread "VM Thread" [stack: 0x0000008696b00000,0x0000008696c00000] [id=5960]
  0x00000264ff9cf000 WatcherThread [stack: 0x0000008697500000,0x0000008697600000] [id=6088]
  0x00000264fdd17800 GCTaskThread "GC Thread#0" [stack: 0x0000008696600000,0x0000008696700000] [id=16904]
  0x00000264ffa75000 GCTaskThread "GC Thread#1" [stack: 0x0000008697700000,0x0000008697800000] [id=12480]
  0x0000026498e9b800 GCTaskThread "GC Thread#2" [stack: 0x0000008697800000,0x0000008697900000] [id=11268]
  0x000002649a337800 GCTaskThread "GC Thread#3" [stack: 0x0000008698300000,0x0000008698400000] [id=3212]
  0x00000264fdd48800 ConcurrentGCThread "G1 Main Marker" [stack: 0x0000008696700000,0x0000008696800000] [id=11000]
  0x00000264fdd4a000 ConcurrentGCThread "G1 Conc#0" [stack: 0x0000008696800000,0x0000008696900000] [id=9280]
  0x00000264fed10800 ConcurrentGCThread "G1 Refine#0" [stack: 0x0000008696900000,0x0000008696a00000] [id=13960]
  0x00000264fed11800 ConcurrentGCThread "G1 Young RemSet Sampling" [stack: 0x0000008696a00000,0x0000008696b00000] [id=11428]

Threads with active compile tasks:
C2 CompilerThread0 150560 16749   !   4       java.io.ObjectOutputStream::writeObject0 (619 bytes)
C2 CompilerThread1 150560 16781       4       org.gradle.api.internal.artifacts.transform.TransformingAsyncArtifactListener$TransformedArtifact::startFinalization (15 bytes)

VM state:not at safepoint (normal execution)

VM Mutex/Monitor currently owned by a thread: None

Heap address: 0x0000000080000000, size: 2048 MB, Compressed Oops mode: 32-bit
Narrow klass base: 0x0000000000000000, Narrow klass shift: 3
Compressed class space size: 1073741824 Address: 0x0000000100000000

Heap:
 garbage-first heap   total 227328K, used 157604K [0x0000000080000000, 0x0000000100000000)
  region size 1024K, 33 young (33792K), 7 survivors (7168K)
 Metaspace       used 113777K, capacity 116832K, committed 117248K, reserved 1150976K
  class space    used 14808K, capacity 15997K, committed 16128K, reserved 1048576K
Heap Regions: E=young(eden), S=young(survivor), O=old, HS=humongous(starts), HC=humongous(continues), CS=collection set, F=free, A=archive, TAMS=top-at-mark-start (previous, next)
|   0|0x0000000080000000, 0x0000000080100000, 0x0000000080100000|100%|HS|  |TAMS 0x0000000080100000, 0x0000000080000000| Complete 
|   1|0x0000000080100000, 0x0000000080200000, 0x0000000080200000|100%|HC|  |TAMS 0x0000000080200000, 0x0000000080100000| Complete 
|   2|0x0000000080200000, 0x0000000080300000, 0x0000000080300000|100%|HC|  |TAMS 0x0000000080300000, 0x0000000080200000| Complete 
|   3|0x0000000080300000, 0x0000000080400000, 0x0000000080400000|100%| O|  |TAMS 0x0000000080400000, 0x0000000080300000| Untracked 
|   4|0x0000000080400000, 0x0000000080500000, 0x0000000080500000|100%| O|  |TAMS 0x0000000080500000, 0x0000000080400000| Untracked 
|   5|0x0000000080500000, 0x0000000080600000, 0x0000000080600000|100%| O|  |TAMS 0x0000000080600000, 0x0000000080500000| Untracked 
|   6|0x0000000080600000, 0x0000000080700000, 0x0000000080700000|100%| O|  |TAMS 0x0000000080700000, 0x0000000080600000| Untracked 
|   7|0x0000000080700000, 0x0000000080800000, 0x0000000080800000|100%| O|  |TAMS 0x0000000080800000, 0x0000000080700000| Untracked 
|   8|0x0000000080800000, 0x0000000080900000, 0x0000000080900000|100%| O|  |TAMS 0x0000000080900000, 0x0000000080800000| Untracked 
|   9|0x0000000080900000, 0x0000000080a00000, 0x0000000080a00000|100%| O|  |TAMS 0x0000000080a00000, 0x0000000080900000| Untracked 
|  10|0x0000000080a00000, 0x0000000080b00000, 0x0000000080b00000|100%| O|  |TAMS 0x0000000080b00000, 0x0000000080a00000| Untracked 
|  11|0x0000000080b00000, 0x0000000080c00000, 0x0000000080c00000|100%| O|  |TAMS 0x0000000080c00000, 0x0000000080b00000| Untracked 
|  12|0x0000000080c00000, 0x0000000080d00000, 0x0000000080d00000|100%| O|  |TAMS 0x0000000080d00000, 0x0000000080c00000| Untracked 
|  13|0x0000000080d00000, 0x0000000080e00000, 0x0000000080e00000|100%| O|  |TAMS 0x0000000080e00000, 0x0000000080d00000| Untracked 
|  14|0x0000000080e00000, 0x0000000080f00000, 0x0000000080f00000|100%| O|  |TAMS 0x0000000080f00000, 0x0000000080e00000| Untracked 
|  15|0x0000000080f00000, 0x0000000081000000, 0x0000000081000000|100%| O|  |TAMS 0x0000000081000000, 0x0000000080f00000| Untracked 
|  16|0x0000000081000000, 0x0000000081100000, 0x0000000081100000|100%| O|  |TAMS 0x0000000081100000, 0x0000000081000000| Untracked 
|  17|0x0000000081100000, 0x0000000081200000, 0x0000000081200000|100%|HS|  |TAMS 0x0000000081200000, 0x0000000081100000| Complete 
|  18|0x0000000081200000, 0x0000000081300000, 0x0000000081300000|100%| O|  |TAMS 0x0000000081300000, 0x0000000081200000| Untracked 
|  19|0x0000000081300000, 0x0000000081400000, 0x0000000081400000|100%| O|  |TAMS 0x0000000081400000, 0x0000000081300000| Untracked 
|  20|0x0000000081400000, 0x0000000081500000, 0x0000000081500000|100%| O|  |TAMS 0x0000000081500000, 0x0000000081400000| Untracked 
|  21|0x0000000081500000, 0x0000000081600000, 0x0000000081600000|100%| O|  |TAMS 0x0000000081600000, 0x0000000081500000| Untracked 
|  22|0x0000000081600000, 0x0000000081700000, 0x0000000081700000|100%| O|  |TAMS 0x0000000081700000, 0x0000000081600000| Untracked 
|  23|0x0000000081700000, 0x0000000081800000, 0x0000000081800000|100%| O|  |TAMS 0x0000000081800000, 0x0000000081700000| Untracked 
|  24|0x0000000081800000, 0x0000000081900000, 0x0000000081900000|100%|HS|  |TAMS 0x0000000081900000, 0x0000000081800000| Complete 
|  25|0x0000000081900000, 0x0000000081a00000, 0x0000000081a00000|100%|HS|  |TAMS 0x0000000081a00000, 0x0000000081900000| Complete 
|  26|0x0000000081a00000, 0x0000000081b00000, 0x0000000081b00000|100%|HS|  |TAMS 0x0000000081b00000, 0x0000000081a00000| Complete 
|  27|0x0000000081b00000, 0x0000000081c00000, 0x0000000081c00000|100%|HS|  |TAMS 0x0000000081c00000, 0x0000000081b00000| Complete 
|  28|0x0000000081c00000, 0x0000000081d00000, 0x0000000081d00000|100%|HC|  |TAMS 0x0000000081d00000, 0x0000000081c00000| Complete 
|  29|0x0000000081d00000, 0x0000000081e00000, 0x0000000081e00000|100%|HC|  |TAMS 0x0000000081e00000, 0x0000000081d00000| Complete 
|  30|0x0000000081e00000, 0x0000000081f00000, 0x0000000081f00000|100%|HS|  |TAMS 0x0000000081f00000, 0x0000000081e00000| Complete 
|  31|0x0000000081f00000, 0x0000000082000000, 0x0000000082000000|100%|HC|  |TAMS 0x0000000082000000, 0x0000000081f00000| Complete 
|  32|0x0000000082000000, 0x0000000082100000, 0x0000000082100000|100%| O|  |TAMS 0x0000000082100000, 0x0000000082000000| Untracked 
|  33|0x0000000082100000, 0x0000000082200000, 0x0000000082200000|100%| O|  |TAMS 0x0000000082200000, 0x0000000082100000| Untracked 
|  34|0x0000000082200000, 0x0000000082300000, 0x0000000082300000|100%| O|  |TAMS 0x0000000082300000, 0x0000000082200000| Untracked 
|  35|0x0000000082300000, 0x0000000082400000, 0x0000000082400000|100%| O|  |TAMS 0x0000000082400000, 0x0000000082300000| Untracked 
|  36|0x0000000082400000, 0x0000000082500000, 0x0000000082500000|100%| O|  |TAMS 0x0000000082500000, 0x0000000082400000| Untracked 
|  37|0x0000000082500000, 0x0000000082600000, 0x0000000082600000|100%| O|  |TAMS 0x0000000082600000, 0x0000000082500000| Untracked 
|  38|0x0000000082600000, 0x0000000082700000, 0x0000000082700000|100%| O|  |TAMS 0x0000000082700000, 0x0000000082600000| Untracked 
|  39|0x0000000082700000, 0x0000000082800000, 0x0000000082800000|100%| O|  |TAMS 0x0000000082800000, 0x0000000082700000| Untracked 
|  40|0x0000000082800000, 0x0000000082900000, 0x0000000082900000|100%| O|  |TAMS 0x0000000082900000, 0x0000000082800000| Untracked 
|  41|0x0000000082900000, 0x0000000082a00000, 0x0000000082a00000|100%| O|  |TAMS 0x0000000082a00000, 0x0000000082900000| Untracked 
|  42|0x0000000082a00000, 0x0000000082b00000, 0x0000000082b00000|100%| O|  |TAMS 0x0000000082b00000, 0x0000000082a00000| Untracked 
|  43|0x0000000082b00000, 0x0000000082c00000, 0x0000000082c00000|100%| O|  |TAMS 0x0000000082c00000, 0x0000000082b00000| Untracked 
|  44|0x0000000082c00000, 0x0000000082d00000, 0x0000000082d00000|100%| O|  |TAMS 0x0000000082d00000, 0x0000000082c00000| Untracked 
|  45|0x0000000082d00000, 0x0000000082e00000, 0x0000000082e00000|100%| O|  |TAMS 0x0000000082e00000, 0x0000000082d00000| Untracked 
|  46|0x0000000082e00000, 0x0000000082f00000, 0x0000000082f00000|100%| O|  |TAMS 0x0000000082f00000, 0x0000000082e00000| Untracked 
|  47|0x0000000082f00000, 0x0000000083000000, 0x0000000083000000|100%| O|  |TAMS 0x0000000083000000, 0x0000000082f00000| Untracked 
|  48|0x0000000083000000, 0x0000000083100000, 0x0000000083100000|100%| O|  |TAMS 0x0000000083100000, 0x0000000083000000| Untracked 
|  49|0x0000000083100000, 0x0000000083200000, 0x0000000083200000|100%| O|  |TAMS 0x0000000083200000, 0x0000000083100000| Untracked 
|  50|0x0000000083200000, 0x0000000083300000, 0x0000000083300000|100%| O|  |TAMS 0x0000000083300000, 0x0000000083200000| Untracked 
|  51|0x0000000083300000, 0x0000000083400000, 0x0000000083400000|100%| O|  |TAMS 0x0000000083400000, 0x0000000083300000| Untracked 
|  52|0x0000000083400000, 0x0000000083500000, 0x0000000083500000|100%| O|  |TAMS 0x0000000083500000, 0x0000000083400000| Untracked 
|  53|0x0000000083500000, 0x0000000083600000, 0x0000000083600000|100%| O|  |TAMS 0x0000000083600000, 0x0000000083500000| Untracked 
|  54|0x0000000083600000, 0x0000000083700000, 0x0000000083700000|100%| O|  |TAMS 0x0000000083700000, 0x0000000083600000| Untracked 
|  55|0x0000000083700000, 0x0000000083800000, 0x0000000083800000|100%| O|  |TAMS 0x0000000083800000, 0x0000000083700000| Untracked 
|  56|0x0000000083800000, 0x0000000083900000, 0x0000000083900000|100%| O|  |TAMS 0x0000000083900000, 0x0000000083800000| Untracked 
|  57|0x0000000083900000, 0x0000000083a00000, 0x0000000083a00000|100%| O|  |TAMS 0x0000000083a00000, 0x0000000083900000| Untracked 
|  58|0x0000000083a00000, 0x0000000083b00000, 0x0000000083b00000|100%| O|  |TAMS 0x0000000083b00000, 0x0000000083a00000| Untracked 
|  59|0x0000000083b00000, 0x0000000083c00000, 0x0000000083c00000|100%| O|  |TAMS 0x0000000083c00000, 0x0000000083b00000| Untracked 
|  60|0x0000000083c00000, 0x0000000083d00000, 0x0000000083d00000|100%| O|  |TAMS 0x0000000083d00000, 0x0000000083c00000| Untracked 
|  61|0x0000000083d00000, 0x0000000083e00000, 0x0000000083e00000|100%| O|  |TAMS 0x0000000083e00000, 0x0000000083d00000| Untracked 
|  62|0x0000000083e00000, 0x0000000083f00000, 0x0000000083f00000|100%| O|  |TAMS 0x0000000083f00000, 0x0000000083e00000| Untracked 
|  63|0x0000000083f00000, 0x0000000084000000, 0x0000000084000000|100%| O|  |TAMS 0x0000000084000000, 0x0000000083f00000| Untracked 
|  64|0x0000000084000000, 0x0000000084100000, 0x0000000084100000|100%| O|  |TAMS 0x0000000084100000, 0x0000000084000000| Untracked 
|  65|0x0000000084100000, 0x0000000084200000, 0x0000000084200000|100%| O|  |TAMS 0x0000000084200000, 0x0000000084100000| Untracked 
|  66|0x0000000084200000, 0x0000000084300000, 0x0000000084300000|100%| O|  |TAMS 0x0000000084300000, 0x0000000084200000| Untracked 
|  67|0x0000000084300000, 0x0000000084400000, 0x0000000084400000|100%| O|  |TAMS 0x0000000084400000, 0x0000000084300000| Untracked 
|  68|0x0000000084400000, 0x0000000084500000, 0x0000000084500000|100%| O|  |TAMS 0x0000000084500000, 0x0000000084400000| Untracked 
|  69|0x0000000084500000, 0x0000000084600000, 0x0000000084600000|100%| O|  |TAMS 0x0000000084500000, 0x0000000084500000| Untracked 
|  70|0x0000000084600000, 0x0000000084700000, 0x0000000084700000|100%| O|  |TAMS 0x0000000084700000, 0x0000000084600000| Untracked 
|  71|0x0000000084700000, 0x0000000084800000, 0x0000000084800000|100%| O|  |TAMS 0x0000000084800000, 0x0000000084700000| Untracked 
|  72|0x0000000084800000, 0x0000000084900000, 0x0000000084900000|100%| O|  |TAMS 0x0000000084900000, 0x0000000084800000| Untracked 
|  73|0x0000000084900000, 0x0000000084a00000, 0x0000000084a00000|100%| O|  |TAMS 0x0000000084a00000, 0x0000000084900000| Untracked 
|  74|0x0000000084a00000, 0x0000000084b00000, 0x0000000084b00000|100%| O|  |TAMS 0x0000000084b00000, 0x0000000084a00000| Untracked 
|  75|0x0000000084b00000, 0x0000000084c00000, 0x0000000084c00000|100%| O|  |TAMS 0x0000000084c00000, 0x0000000084b00000| Untracked 
|  76|0x0000000084c00000, 0x0000000084d00000, 0x0000000084d00000|100%| O|  |TAMS 0x0000000084d00000, 0x0000000084c00000| Untracked 
|  77|0x0000000084d00000, 0x0000000084e00000, 0x0000000084e00000|100%| O|  |TAMS 0x0000000084e00000, 0x0000000084d00000| Untracked 
|  78|0x0000000084e00000, 0x0000000084f00000, 0x0000000084f00000|100%| O|  |TAMS 0x0000000084f00000, 0x0000000084e00000| Untracked 
|  79|0x0000000084f00000, 0x0000000085000000, 0x0000000085000000|100%| O|  |TAMS 0x0000000085000000, 0x0000000084f00000| Untracked 
|  80|0x0000000085000000, 0x0000000085100000, 0x0000000085100000|100%| O|  |TAMS 0x0000000085100000, 0x0000000085000000| Untracked 
|  81|0x0000000085100000, 0x0000000085200000, 0x0000000085200000|100%| O|  |TAMS 0x0000000085200000, 0x0000000085100000| Untracked 
|  82|0x0000000085200000, 0x0000000085300000, 0x0000000085300000|100%| O|  |TAMS 0x0000000085300000, 0x0000000085200000| Untracked 
|  83|0x0000000085300000, 0x0000000085400000, 0x0000000085400000|100%| O|  |TAMS 0x0000000085400000, 0x0000000085300000| Untracked 
|  84|0x0000000085400000, 0x0000000085500000, 0x0000000085500000|100%| O|  |TAMS 0x0000000085500000, 0x0000000085400000| Untracked 
|  85|0x0000000085500000, 0x0000000085600000, 0x0000000085600000|100%| O|  |TAMS 0x0000000085600000, 0x0000000085500000| Untracked 
|  86|0x0000000085600000, 0x0000000085700000, 0x0000000085700000|100%| O|  |TAMS 0x0000000085700000, 0x0000000085600000| Untracked 
|  87|0x0000000085700000, 0x0000000085800000, 0x0000000085800000|100%| O|  |TAMS 0x0000000085800000, 0x0000000085700000| Untracked 
|  88|0x0000000085800000, 0x0000000085900000, 0x0000000085900000|100%| O|  |TAMS 0x0000000085900000, 0x0000000085800000| Untracked 
|  89|0x0000000085900000, 0x0000000085a00000, 0x0000000085a00000|100%| O|  |TAMS 0x0000000085a00000, 0x0000000085900000| Untracked 
|  90|0x0000000085a00000, 0x0000000085b00000, 0x0000000085b00000|100%| O|  |TAMS 0x0000000085b00000, 0x0000000085a00000| Untracked 
|  91|0x0000000085b00000, 0x0000000085c00000, 0x0000000085c00000|100%| O|  |TAMS 0x0000000085c00000, 0x0000000085b00000| Untracked 
|  92|0x0000000085c00000, 0x0000000085d00000, 0x0000000085d00000|100%| O|  |TAMS 0x0000000085d00000, 0x0000000085c00000| Untracked 
|  93|0x0000000085d00000, 0x0000000085e00000, 0x0000000085e00000|100%| O|  |TAMS 0x0000000085e00000, 0x0000000085d00000| Untracked 
|  94|0x0000000085e00000, 0x0000000085f00000, 0x0000000085f00000|100%| O|  |TAMS 0x0000000085f00000, 0x0000000085e00000| Untracked 
|  95|0x0000000085f00000, 0x0000000086000000, 0x0000000086000000|100%| O|  |TAMS 0x0000000086000000, 0x0000000085f00000| Untracked 
|  96|0x0000000086000000, 0x0000000086100000, 0x0000000086100000|100%| O|  |TAMS 0x0000000086100000, 0x0000000086000000| Untracked 
|  97|0x0000000086100000, 0x0000000086200000, 0x0000000086200000|100%| O|  |TAMS 0x0000000086200000, 0x0000000086100000| Untracked 
|  98|0x0000000086200000, 0x0000000086300000, 0x0000000086300000|100%| O|  |TAMS 0x0000000086300000, 0x0000000086200000| Untracked 
|  99|0x0000000086300000, 0x0000000086400000, 0x0000000086400000|100%| O|  |TAMS 0x0000000086400000, 0x0000000086300000| Untracked 
| 100|0x0000000086400000, 0x0000000086500000, 0x0000000086500000|100%| O|  |TAMS 0x0000000086500000, 0x0000000086400000| Untracked 
| 101|0x0000000086500000, 0x0000000086600000, 0x0000000086600000|100%| O|  |TAMS 0x0000000086600000, 0x0000000086500000| Untracked 
| 102|0x0000000086600000, 0x0000000086700000, 0x0000000086700000|100%| O|  |TAMS 0x0000000086700000, 0x0000000086600000| Untracked 
| 103|0x0000000086700000, 0x0000000086800000, 0x0000000086800000|100%| O|  |TAMS 0x0000000086800000, 0x0000000086700000| Untracked 
| 104|0x0000000086800000, 0x0000000086900000, 0x0000000086900000|100%| O|  |TAMS 0x0000000086900000, 0x0000000086800000| Untracked 
| 105|0x0000000086900000, 0x0000000086a00000, 0x0000000086a00000|100%| O|  |TAMS 0x0000000086a00000, 0x0000000086900000| Untracked 
| 106|0x0000000086a00000, 0x0000000086b00000, 0x0000000086b00000|100%| O|  |TAMS 0x0000000086b00000, 0x0000000086a00000| Untracked 
| 107|0x0000000086b00000, 0x0000000086c00000, 0x0000000086c00000|100%| O|  |TAMS 0x0000000086c00000, 0x0000000086b00000| Untracked 
| 108|0x0000000086c00000, 0x0000000086d00000, 0x0000000086d00000|100%| O|  |TAMS 0x0000000086d00000, 0x0000000086c00000| Untracked 
| 109|0x0000000086d00000, 0x0000000086e00000, 0x0000000086e00000|100%| O|  |TAMS 0x0000000086d00000, 0x0000000086d00000| Untracked 
| 110|0x0000000086e00000, 0x0000000086f00000, 0x0000000086f00000|100%| O|  |TAMS 0x0000000086e00000, 0x0000000086e00000| Untracked 
| 111|0x0000000086f00000, 0x0000000087000000, 0x0000000087000000|100%| O|  |TAMS 0x0000000087000000, 0x0000000086f00000| Untracked 
| 112|0x0000000087000000, 0x0000000087100000, 0x0000000087100000|100%| O|  |TAMS 0x0000000087100000, 0x0000000087000000| Untracked 
| 113|0x0000000087100000, 0x0000000087200000, 0x0000000087200000|100%| O|  |TAMS 0x0000000087200000, 0x0000000087100000| Untracked 
| 114|0x0000000087200000, 0x0000000087300000, 0x0000000087300000|100%| O|  |TAMS 0x0000000087300000, 0x0000000087200000| Untracked 
| 115|0x0000000087300000, 0x0000000087400000, 0x0000000087400000|100%| O|  |TAMS 0x0000000087400000, 0x0000000087300000| Untracked 
| 116|0x0000000087400000, 0x0000000087500000, 0x0000000087500000|100%| O|  |TAMS 0x0000000087500000, 0x0000000087400000| Untracked 
| 117|0x0000000087500000, 0x0000000087600000, 0x0000000087600000|100%| O|  |TAMS 0x0000000087600000, 0x0000000087500000| Untracked 
| 118|0x0000000087600000, 0x0000000087700000, 0x0000000087700000|100%| O|  |TAMS 0x0000000087700000, 0x0000000087600000| Untracked 
| 119|0x0000000087700000, 0x0000000087800000, 0x0000000087800000|100%| O|  |TAMS 0x0000000087800000, 0x0000000087700000| Untracked 
| 120|0x0000000087800000, 0x0000000087900000, 0x0000000087900000|100%| O|  |TAMS 0x00000000878ad600, 0x0000000087800000| Untracked 
| 121|0x0000000087900000, 0x00000000879e9000, 0x0000000087a00000| 91%| O|  |TAMS 0x0000000087900000, 0x0000000087900000| Untracked 
| 122|0x0000000087a00000, 0x0000000087a00000, 0x0000000087b00000|  0%| F|  |TAMS 0x0000000087a00000, 0x0000000087a00000| Untracked 
| 123|0x0000000087b00000, 0x0000000087b00000, 0x0000000087c00000|  0%| F|  |TAMS 0x0000000087b00000, 0x0000000087b00000| Untracked 
| 124|0x0000000087c00000, 0x0000000087c00000, 0x0000000087d00000|  0%| F|  |TAMS 0x0000000087c00000, 0x0000000087c00000| Untracked 
| 125|0x0000000087d00000, 0x0000000087d00000, 0x0000000087e00000|  0%| F|  |TAMS 0x0000000087d00000, 0x0000000087d00000| Untracked 
| 126|0x0000000087e00000, 0x0000000087e00000, 0x0000000087f00000|  0%| F|  |TAMS 0x0000000087e00000, 0x0000000087e00000| Untracked 
| 127|0x0000000087f00000, 0x0000000087f00000, 0x0000000088000000|  0%| F|  |TAMS 0x0000000087f00000, 0x0000000087f00000| Untracked 
| 128|0x0000000088000000, 0x0000000088000000, 0x0000000088100000|  0%| F|  |TAMS 0x0000000088000000, 0x0000000088000000| Untracked 
| 129|0x0000000088100000, 0x0000000088100000, 0x0000000088200000|  0%| F|  |TAMS 0x0000000088100000, 0x0000000088100000| Untracked 
| 130|0x0000000088200000, 0x0000000088200000, 0x0000000088300000|  0%| F|  |TAMS 0x0000000088200000, 0x0000000088200000| Untracked 
| 131|0x0000000088300000, 0x0000000088300000, 0x0000000088400000|  0%| F|  |TAMS 0x0000000088300000, 0x0000000088300000| Untracked 
| 132|0x0000000088400000, 0x0000000088400000, 0x0000000088500000|  0%| F|  |TAMS 0x0000000088400000, 0x0000000088400000| Untracked 
| 133|0x0000000088500000, 0x0000000088500000, 0x0000000088600000|  0%| F|  |TAMS 0x0000000088500000, 0x0000000088500000| Untracked 
| 134|0x0000000088600000, 0x0000000088600000, 0x0000000088700000|  0%| F|  |TAMS 0x0000000088600000, 0x0000000088600000| Untracked 
| 135|0x0000000088700000, 0x0000000088700000, 0x0000000088800000|  0%| F|  |TAMS 0x0000000088700000, 0x0000000088700000| Untracked 
| 136|0x0000000088800000, 0x0000000088800000, 0x0000000088900000|  0%| F|  |TAMS 0x0000000088800000, 0x0000000088800000| Untracked 
| 137|0x0000000088900000, 0x0000000088900000, 0x0000000088a00000|  0%| F|  |TAMS 0x0000000088900000, 0x0000000088900000| Untracked 
| 138|0x0000000088a00000, 0x0000000088a00000, 0x0000000088b00000|  0%| F|  |TAMS 0x0000000088a00000, 0x0000000088a00000| Untracked 
| 139|0x0000000088b00000, 0x0000000088b00000, 0x0000000088c00000|  0%| F|  |TAMS 0x0000000088b00000, 0x0000000088b00000| Untracked 
| 140|0x0000000088c00000, 0x0000000088c00000, 0x0000000088d00000|  0%| F|  |TAMS 0x0000000088c00000, 0x0000000088c00000| Untracked 
| 141|0x0000000088d00000, 0x0000000088d00000, 0x0000000088e00000|  0%| F|  |TAMS 0x0000000088d00000, 0x0000000088d00000| Untracked 
| 142|0x0000000088e00000, 0x0000000088e00000, 0x0000000088f00000|  0%| F|  |TAMS 0x0000000088e00000, 0x0000000088e00000| Untracked 
| 143|0x0000000088f00000, 0x0000000088f00000, 0x0000000089000000|  0%| F|  |TAMS 0x0000000088f00000, 0x0000000088f00000| Untracked 
| 144|0x0000000089000000, 0x0000000089000000, 0x0000000089100000|  0%| F|  |TAMS 0x0000000089000000, 0x0000000089000000| Untracked 
| 145|0x0000000089100000, 0x0000000089100000, 0x0000000089200000|  0%| F|  |TAMS 0x0000000089100000, 0x0000000089100000| Untracked 
| 146|0x0000000089200000, 0x0000000089200000, 0x0000000089300000|  0%| F|  |TAMS 0x0000000089200000, 0x0000000089200000| Untracked 
| 147|0x0000000089300000, 0x0000000089300000, 0x0000000089400000|  0%| F|  |TAMS 0x0000000089300000, 0x0000000089300000| Untracked 
| 148|0x0000000089400000, 0x0000000089400000, 0x0000000089500000|  0%| F|  |TAMS 0x0000000089400000, 0x0000000089400000| Untracked 
| 149|0x0000000089500000, 0x0000000089500000, 0x0000000089600000|  0%| F|  |TAMS 0x0000000089500000, 0x0000000089500000| Untracked 
| 150|0x0000000089600000, 0x0000000089600000, 0x0000000089700000|  0%| F|  |TAMS 0x0000000089600000, 0x0000000089600000| Untracked 
| 151|0x0000000089700000, 0x0000000089700000, 0x0000000089800000|  0%| F|  |TAMS 0x0000000089700000, 0x0000000089700000| Untracked 
| 152|0x0000000089800000, 0x0000000089800000, 0x0000000089900000|  0%| F|  |TAMS 0x0000000089800000, 0x0000000089800000| Untracked 
| 153|0x0000000089900000, 0x0000000089900000, 0x0000000089a00000|  0%| F|  |TAMS 0x0000000089900000, 0x0000000089900000| Untracked 
| 154|0x0000000089a00000, 0x0000000089a00000, 0x0000000089b00000|  0%| F|  |TAMS 0x0000000089a00000, 0x0000000089a00000| Untracked 
| 155|0x0000000089b00000, 0x0000000089b00000, 0x0000000089c00000|  0%| F|  |TAMS 0x0000000089b00000, 0x0000000089b00000| Untracked 
| 156|0x0000000089c00000, 0x0000000089c00000, 0x0000000089d00000|  0%| F|  |TAMS 0x0000000089c00000, 0x0000000089c00000| Untracked 
| 157|0x0000000089d00000, 0x0000000089d00000, 0x0000000089e00000|  0%| F|  |TAMS 0x0000000089d00000, 0x0000000089d00000| Untracked 
| 158|0x0000000089e00000, 0x0000000089e00000, 0x0000000089f00000|  0%| F|  |TAMS 0x0000000089e00000, 0x0000000089e00000| Untracked 
| 159|0x0000000089f00000, 0x0000000089f00000, 0x000000008a000000|  0%| F|  |TAMS 0x0000000089f00000, 0x0000000089f00000| Untracked 
| 160|0x000000008a000000, 0x000000008a000000, 0x000000008a100000|  0%| F|  |TAMS 0x000000008a000000, 0x000000008a000000| Untracked 
| 161|0x000000008a100000, 0x000000008a100000, 0x000000008a200000|  0%| F|  |TAMS 0x000000008a100000, 0x000000008a100000| Untracked 
| 162|0x000000008a200000, 0x000000008a200000, 0x000000008a300000|  0%| F|  |TAMS 0x000000008a200000, 0x000000008a200000| Untracked 
| 163|0x000000008a300000, 0x000000008a400000, 0x000000008a400000|100%| S|CS|TAMS 0x000000008a300000, 0x000000008a300000| Complete 
| 164|0x000000008a400000, 0x000000008a500000, 0x000000008a500000|100%| S|CS|TAMS 0x000000008a400000, 0x000000008a400000| Complete 
| 165|0x000000008a500000, 0x000000008a600000, 0x000000008a600000|100%| S|CS|TAMS 0x000000008a500000, 0x000000008a500000| Complete 
| 166|0x000000008a600000, 0x000000008a700000, 0x000000008a700000|100%| S|CS|TAMS 0x000000008a600000, 0x000000008a600000| Complete 
| 167|0x000000008a700000, 0x000000008a800000, 0x000000008a800000|100%| S|CS|TAMS 0x000000008a700000, 0x000000008a700000| Complete 
| 168|0x000000008a800000, 0x000000008a900000, 0x000000008a900000|100%| S|CS|TAMS 0x000000008a800000, 0x000000008a800000| Complete 
| 169|0x000000008a900000, 0x000000008aa00000, 0x000000008aa00000|100%| S|CS|TAMS 0x000000008a900000, 0x000000008a900000| Complete 
| 170|0x000000008aa00000, 0x000000008aa00000, 0x000000008ab00000|  0%| F|  |TAMS 0x000000008aa00000, 0x000000008aa00000| Untracked 
| 171|0x000000008ab00000, 0x000000008ab00000, 0x000000008ac00000|  0%| F|  |TAMS 0x000000008ab00000, 0x000000008ab00000| Untracked 
| 172|0x000000008ac00000, 0x000000008ac00000, 0x000000008ad00000|  0%| F|  |TAMS 0x000000008ac00000, 0x000000008ac00000| Untracked 
| 173|0x000000008ad00000, 0x000000008ad00000, 0x000000008ae00000|  0%| F|  |TAMS 0x000000008ad00000, 0x000000008ad00000| Untracked 
| 174|0x000000008ae00000, 0x000000008ae00000, 0x000000008af00000|  0%| F|  |TAMS 0x000000008ae00000, 0x000000008ae00000| Untracked 
| 175|0x000000008af00000, 0x000000008af00000, 0x000000008b000000|  0%| F|  |TAMS 0x000000008af00000, 0x000000008af00000| Untracked 
| 176|0x000000008b000000, 0x000000008b000000, 0x000000008b100000|  0%| F|  |TAMS 0x000000008b000000, 0x000000008b000000| Untracked 
| 177|0x000000008b100000, 0x000000008b100000, 0x000000008b200000|  0%| F|  |TAMS 0x000000008b100000, 0x000000008b100000| Untracked 
| 178|0x000000008b200000, 0x000000008b200000, 0x000000008b300000|  0%| F|  |TAMS 0x000000008b200000, 0x000000008b200000| Untracked 
| 179|0x000000008b300000, 0x000000008b300000, 0x000000008b400000|  0%| F|  |TAMS 0x000000008b300000, 0x000000008b300000| Untracked 
| 180|0x000000008b400000, 0x000000008b400000, 0x000000008b500000|  0%| F|  |TAMS 0x000000008b400000, 0x000000008b400000| Untracked 
| 181|0x000000008b500000, 0x000000008b500000, 0x000000008b600000|  0%| F|  |TAMS 0x000000008b500000, 0x000000008b500000| Untracked 
| 182|0x000000008b600000, 0x000000008b600000, 0x000000008b700000|  0%| F|  |TAMS 0x000000008b600000, 0x000000008b600000| Untracked 
| 183|0x000000008b700000, 0x000000008b700000, 0x000000008b800000|  0%| F|  |TAMS 0x000000008b700000, 0x000000008b700000| Untracked 
| 184|0x000000008b800000, 0x000000008b800000, 0x000000008b900000|  0%| F|  |TAMS 0x000000008b800000, 0x000000008b800000| Untracked 
| 185|0x000000008b900000, 0x000000008b900000, 0x000000008ba00000|  0%| F|  |TAMS 0x000000008b900000, 0x000000008b900000| Untracked 
| 186|0x000000008ba00000, 0x000000008ba00000, 0x000000008bb00000|  0%| F|  |TAMS 0x000000008ba00000, 0x000000008ba00000| Untracked 
| 187|0x000000008bb00000, 0x000000008bb00000, 0x000000008bc00000|  0%| F|  |TAMS 0x000000008bb00000, 0x000000008bb00000| Untracked 
| 188|0x000000008bc00000, 0x000000008bc00000, 0x000000008bd00000|  0%| F|  |TAMS 0x000000008bc00000, 0x000000008bc00000| Untracked 
| 189|0x000000008bd00000, 0x000000008bd00000, 0x000000008be00000|  0%| F|  |TAMS 0x000000008bd00000, 0x000000008bd00000| Untracked 
| 190|0x000000008be00000, 0x000000008be00000, 0x000000008bf00000|  0%| F|  |TAMS 0x000000008be00000, 0x000000008be00000| Untracked 
| 191|0x000000008bf00000, 0x000000008bf00000, 0x000000008c000000|  0%| F|  |TAMS 0x000000008bf00000, 0x000000008bf00000| Untracked 
| 192|0x000000008c000000, 0x000000008c000000, 0x000000008c100000|  0%| F|  |TAMS 0x000000008c000000, 0x000000008c000000| Untracked 
| 193|0x000000008c100000, 0x000000008c100000, 0x000000008c200000|  0%| F|  |TAMS 0x000000008c100000, 0x000000008c100000| Untracked 
| 194|0x000000008c200000, 0x000000008c200000, 0x000000008c300000|  0%| F|  |TAMS 0x000000008c200000, 0x000000008c200000| Untracked 
| 195|0x000000008c300000, 0x000000008c344438, 0x000000008c400000| 26%| E|  |TAMS 0x000000008c300000, 0x000000008c300000| Complete 
| 196|0x000000008c400000, 0x000000008c500000, 0x000000008c500000|100%| E|CS|TAMS 0x000000008c400000, 0x000000008c400000| Complete 
| 197|0x000000008c500000, 0x000000008c600000, 0x000000008c600000|100%| E|CS|TAMS 0x000000008c500000, 0x000000008c500000| Complete 
| 198|0x000000008c600000, 0x000000008c700000, 0x000000008c700000|100%| E|CS|TAMS 0x000000008c600000, 0x000000008c600000| Complete 
| 199|0x000000008c700000, 0x000000008c800000, 0x000000008c800000|100%| E|CS|TAMS 0x000000008c700000, 0x000000008c700000| Complete 
| 200|0x000000008c800000, 0x000000008c900000, 0x000000008c900000|100%| E|CS|TAMS 0x000000008c800000, 0x000000008c800000| Complete 
| 201|0x000000008c900000, 0x000000008ca00000, 0x000000008ca00000|100%| E|CS|TAMS 0x000000008c900000, 0x000000008c900000| Complete 
| 202|0x000000008ca00000, 0x000000008cb00000, 0x000000008cb00000|100%| E|CS|TAMS 0x000000008ca00000, 0x000000008ca00000| Complete 
| 203|0x000000008cb00000, 0x000000008cc00000, 0x000000008cc00000|100%| E|CS|TAMS 0x000000008cb00000, 0x000000008cb00000| Complete 
| 204|0x000000008cc00000, 0x000000008cd00000, 0x000000008cd00000|100%| E|CS|TAMS 0x000000008cc00000, 0x000000008cc00000| Complete 
| 205|0x000000008cd00000, 0x000000008ce00000, 0x000000008ce00000|100%| E|CS|TAMS 0x000000008cd00000, 0x000000008cd00000| Complete 
| 206|0x000000008ce00000, 0x000000008cf00000, 0x000000008cf00000|100%| E|CS|TAMS 0x000000008ce00000, 0x000000008ce00000| Complete 
| 207|0x000000008cf00000, 0x000000008d000000, 0x000000008d000000|100%| E|CS|TAMS 0x000000008cf00000, 0x000000008cf00000| Complete 
| 208|0x000000008d000000, 0x000000008d100000, 0x000000008d100000|100%| E|CS|TAMS 0x000000008d000000, 0x000000008d000000| Complete 
| 209|0x000000008d100000, 0x000000008d200000, 0x000000008d200000|100%| E|CS|TAMS 0x000000008d100000, 0x000000008d100000| Complete 
| 210|0x000000008d200000, 0x000000008d300000, 0x000000008d300000|100%| E|CS|TAMS 0x000000008d200000, 0x000000008d200000| Complete 
| 211|0x000000008d300000, 0x000000008d400000, 0x000000008d400000|100%| E|CS|TAMS 0x000000008d300000, 0x000000008d300000| Complete 
| 212|0x000000008d400000, 0x000000008d500000, 0x000000008d500000|100%| E|CS|TAMS 0x000000008d400000, 0x000000008d400000| Complete 
| 213|0x000000008d500000, 0x000000008d600000, 0x000000008d600000|100%| E|CS|TAMS 0x000000008d500000, 0x000000008d500000| Complete 
| 214|0x000000008d600000, 0x000000008d700000, 0x000000008d700000|100%| E|CS|TAMS 0x000000008d600000, 0x000000008d600000| Complete 
| 215|0x000000008d700000, 0x000000008d800000, 0x000000008d800000|100%| E|CS|TAMS 0x000000008d700000, 0x000000008d700000| Complete 
| 216|0x000000008d800000, 0x000000008d900000, 0x000000008d900000|100%| E|CS|TAMS 0x000000008d800000, 0x000000008d800000| Complete 
| 217|0x000000008d900000, 0x000000008da00000, 0x000000008da00000|100%| E|CS|TAMS 0x000000008d900000, 0x000000008d900000| Complete 
| 218|0x000000008da00000, 0x000000008db00000, 0x000000008db00000|100%| E|CS|TAMS 0x000000008da00000, 0x000000008da00000| Complete 
| 219|0x000000008db00000, 0x000000008dc00000, 0x000000008dc00000|100%| E|CS|TAMS 0x000000008db00000, 0x000000008db00000| Complete 
| 220|0x000000008dc00000, 0x000000008dd00000, 0x000000008dd00000|100%| E|CS|TAMS 0x000000008dc00000, 0x000000008dc00000| Complete 
| 221|0x000000008dd00000, 0x000000008de00000, 0x000000008de00000|100%| E|CS|TAMS 0x000000008dd00000, 0x000000008dd00000| Complete 

Card table byte_map: [0x00000264fe1d0000,0x00000264fe5d0000] _byte_map_base: 0x00000264fddd0000

Marking Bits (Prev, Next): (CMBitMap*) 0x00000264fdd3fc00, (CMBitMap*) 0x00000264fdd3fbc8
 Prev Bits: [0x0000026494a20000, 0x0000026496a20000)
 Next Bits: [0x0000026492a20000, 0x0000026494a20000)

Polling page: 0x00000264fbb00000

Metaspace:

Usage:
  Non-class:     98.47 MB capacity,    96.65 MB ( 98%) used,     1.45 MB (  1%) free+waste,   376.25 KB ( <1%) overhead. 
      Class:     15.62 MB capacity,    14.46 MB ( 93%) used,  1018.05 KB (  6%) free+waste,   170.44 KB (  1%) overhead. 
       Both:    114.09 MB capacity,   111.11 MB ( 97%) used,     2.45 MB (  2%) free+waste,   546.69 KB ( <1%) overhead. 

Virtual space:
  Non-class space:      100.00 MB reserved,      98.75 MB ( 99%) committed 
      Class space:        1.00 GB reserved,      15.75 MB (  2%) committed 
             Both:        1.10 GB reserved,     114.50 MB ( 10%) committed 

Chunk freelists:
   Non-Class:  157.00 KB
       Class:  131.00 KB
        Both:  288.00 KB

MaxMetaspaceSize: 17179869184.00 GB
CompressedClassSpaceSize: 1.00 GB

CodeHeap 'non-profiled nmethods': size=120064Kb used=11230Kb max_used=11230Kb free=108833Kb
 bounds [0x000002648b4e0000, 0x000002648bfe0000, 0x0000026492a20000]
CodeHeap 'profiled nmethods': size=120000Kb used=36859Kb max_used=36859Kb free=83140Kb
 bounds [0x0000026483fb0000, 0x00000264863b0000, 0x000002648b4e0000]
CodeHeap 'non-nmethods': size=5696Kb used=2360Kb max_used=2412Kb free=3335Kb
 bounds [0x0000026483a20000, 0x0000026483c90000, 0x0000026483fb0000]
 total_blobs=17684 nmethods=16696 adapters=898
 compilation: enabled
              stopped_count=0, restarted_count=0
 full_count=0

Compilation events (20 events):
Event: 150.394 Thread 0x00000264feef1000 16789       3       org.jetbrains.kotlin.cli.common.arguments.Freezable$FreezableVar::setValue (66 bytes)
Event: 150.397 Thread 0x00000264feef1000 nmethod 16789 0x00000264863a7690 code [0x00000264863a7a60, 0x00000264863a8f88]
Event: 150.408 Thread 0x00000264feef1000 16790       3       org.gradle.api.internal.provider.TransformBackedProvider::calculateOwnValue (21 bytes)
Event: 150.408 Thread 0x00000264feef1000 nmethod 16790 0x00000264863a9790 code [0x00000264863a99e0, 0x00000264863aa1f8]
Event: 150.408 Thread 0x00000264feef1000 16791       3       org.gradle.api.internal.provider.TransformBackedProvider::beforeRead (21 bytes)
Event: 150.409 Thread 0x00000264feef1000 nmethod 16791 0x00000264863aa510 code [0x00000264863aa720, 0x00000264863aadb8]
Event: 150.409 Thread 0x00000264feef1000 16792       3       org.gradle.api.internal.provider.TransformBackedProvider::mapValue (45 bytes)
Event: 150.410 Thread 0x00000264feef1000 nmethod 16792 0x00000264863ab010 code [0x00000264863ab260, 0x00000264863abb88]
Event: 150.413 Thread 0x00000264feef1000 16793       3       org.gradle.internal.snapshot.RegularFileSnapshot::accept (8 bytes)
Event: 150.414 Thread 0x00000264feef1000 nmethod 16793 0x00000264863abe90 code [0x00000264863ac060, 0x00000264863ac2f8]
Event: 150.417 Thread 0x00000264feef1000 16794       3       java.util.ArrayDeque::toArray (95 bytes)
Event: 150.418 Thread 0x00000264feef1000 nmethod 16794 0x00000264863ac490 code [0x00000264863ac6a0, 0x00000264863acef8]
Event: 150.418 Thread 0x00000264feef1000 16795       3       org.gradle.api.internal.project.DefaultProjectStateRegistry$ProjectStateImpl::hasMutableState (76 bytes)
Event: 150.419 Thread 0x00000264feef1000 nmethod 16795 0x00000264863ad110 code [0x00000264863ad360, 0x00000264863adb88]
Event: 150.430 Thread 0x00000264feef1000 16797       3       org.gradle.internal.fingerprint.DirectorySensitivity$$Lambda$121/0x0000000100292440::test (8 bytes)
Event: 150.431 Thread 0x00000264feef1000 nmethod 16797 0x00000264863adf10 code [0x00000264863ae0e0, 0x00000264863ae468]
Event: 150.431 Thread 0x00000264feef1000 16798       3       org.gradle.internal.fingerprint.DirectorySensitivity::lambda$static$1 (18 bytes)
Event: 150.431 Thread 0x00000264feef1000 nmethod 16798 0x00000264863ae590 code [0x00000264863ae760, 0x00000264863ae968]
Event: 150.441 Thread 0x00000264feef1000 16799       3       org.gradle.internal.service.DefaultServiceRegistry$SingletonService::getFactory (19 bytes)
Event: 150.441 Thread 0x00000264feef1000 nmethod 16799 0x00000264863aea10 code [0x00000264863aebe0, 0x00000264863aedb8]

GC Heap History (20 events):
Event: 46.008 GC heap before
{Heap before GC invocations=34 (full 0):
 garbage-first heap   total 189440K, used 157565K [0x0000000080000000, 0x0000000100000000)
  region size 1024K, 44 young (45056K), 4 survivors (4096K)
 Metaspace       used 97448K, capacity 99918K, committed 100096K, reserved 1136640K
  class space    used 12540K, capacity 13471K, committed 13568K, reserved 1048576K
}
Event: 46.022 GC heap after
{Heap after GC invocations=35 (full 0):
 garbage-first heap   total 189440K, used 121502K [0x0000000080000000, 0x0000000100000000)
  region size 1024K, 6 young (6144K), 6 survivors (6144K)
 Metaspace       used 97448K, capacity 99918K, committed 100096K, reserved 1136640K
  class space    used 12540K, capacity 13471K, committed 13568K, reserved 1048576K
}
Event: 46.180 GC heap before
{Heap before GC invocations=35 (full 0):
 garbage-first heap   total 189440K, used 123550K [0x0000000080000000, 0x0000000100000000)
  region size 1024K, 9 young (9216K), 6 survivors (6144K)
 Metaspace       used 97460K, capacity 99923K, committed 100096K, reserved 1136640K
  class space    used 12541K, capacity 13472K, committed 13568K, reserved 1048576K
}
Event: 46.196 GC heap after
{Heap after GC invocations=36 (full 0):
 garbage-first heap   total 189440K, used 118971K [0x0000000080000000, 0x0000000100000000)
  region size 1024K, 1 young (1024K), 1 survivors (1024K)
 Metaspace       used 97460K, capacity 99923K, committed 100096K, reserved 1136640K
  class space    used 12541K, capacity 13472K, committed 13568K, reserved 1048576K
}
Event: 46.225 GC heap before
{Heap before GC invocations=36 (full 0):
 garbage-first heap   total 189440K, used 118971K [0x0000000080000000, 0x0000000100000000)
  region size 1024K, 2 young (2048K), 1 survivors (1024K)
 Metaspace       used 97460K, capacity 99923K, committed 100096K, reserved 1136640K
  class space    used 12541K, capacity 13472K, committed 13568K, reserved 1048576K
}
Event: 46.233 GC heap after
{Heap after GC invocations=37 (full 0):
 garbage-first heap   total 189440K, used 119126K [0x0000000080000000, 0x0000000100000000)
  region size 1024K, 2 young (2048K), 2 survivors (2048K)
 Metaspace       used 97460K, capacity 99923K, committed 100096K, reserved 1136640K
  class space    used 12541K, capacity 13472K, committed 13568K, reserved 1048576K
}
Event: 48.360 GC heap before
{Heap before GC invocations=38 (full 0):
 garbage-first heap   total 189440K, used 146774K [0x0000000080000000, 0x0000000100000000)
  region size 1024K, 28 young (28672K), 2 survivors (2048K)
 Metaspace       used 101124K, capacity 103705K, committed 103936K, reserved 1138688K
  class space    used 13047K, capacity 14048K, committed 14080K, reserved 1048576K
}
Event: 48.367 GC heap after
{Heap after GC invocations=39 (full 0):
 garbage-first heap   total 189440K, used 122555K [0x0000000080000000, 0x0000000100000000)
  region size 1024K, 3 young (3072K), 3 survivors (3072K)
 Metaspace       used 101124K, capacity 103705K, committed 103936K, reserved 1138688K
  class space    used 13047K, capacity 14048K, committed 14080K, reserved 1048576K
}
Event: 49.284 GC heap before
{Heap before GC invocations=39 (full 0):
 garbage-first heap   total 189440K, used 149179K [0x0000000080000000, 0x0000000100000000)
  region size 1024K, 30 young (30720K), 3 survivors (3072K)
 Metaspace       used 107062K, capacity 109996K, committed 110208K, reserved 1144832K
  class space    used 14051K, capacity 15211K, committed 15232K, reserved 1048576K
}
Event: 49.299 GC heap after
{Heap after GC invocations=40 (full 0):
 garbage-first heap   total 189440K, used 124541K [0x0000000080000000, 0x0000000100000000)
  region size 1024K, 4 young (4096K), 4 survivors (4096K)
 Metaspace       used 107062K, capacity 109996K, committed 110208K, reserved 1144832K
  class space    used 14051K, capacity 15211K, committed 15232K, reserved 1048576K
}
Event: 50.474 GC heap before
{Heap before GC invocations=41 (full 0):
 garbage-first heap   total 189440K, used 152189K [0x0000000080000000, 0x0000000100000000)
  region size 1024K, 32 young (32768K), 4 survivors (4096K)
 Metaspace       used 109538K, capacity 112697K, committed 112896K, reserved 1146880K
  class space    used 14371K, capacity 15611K, committed 15616K, reserved 1048576K
}
Event: 50.484 GC heap after
{Heap after GC invocations=42 (full 0):
 garbage-first heap   total 189440K, used 124028K [0x0000000080000000, 0x0000000100000000)
  region size 1024K, 2 young (2048K), 2 survivors (2048K)
 Metaspace       used 109538K, capacity 112697K, committed 112896K, reserved 1146880K
  class space    used 14371K, capacity 15611K, committed 15616K, reserved 1048576K
}
Event: 50.810 GC heap before
{Heap before GC invocations=42 (full 0):
 garbage-first heap   total 189440K, used 130172K [0x0000000080000000, 0x0000000100000000)
  region size 1024K, 9 young (9216K), 2 survivors (2048K)
 Metaspace       used 110433K, capacity 113663K, committed 113920K, reserved 1146880K
  class space    used 14541K, capacity 15799K, committed 15872K, reserved 1048576K
}
Event: 50.819 GC heap after
{Heap after GC invocations=43 (full 0):
 garbage-first heap   total 189440K, used 123315K [0x0000000080000000, 0x0000000100000000)
  region size 1024K, 1 young (1024K), 1 survivors (1024K)
 Metaspace       used 110433K, capacity 113663K, committed 113920K, reserved 1146880K
  class space    used 14541K, capacity 15799K, committed 15872K, reserved 1048576K
}
Event: 52.016 GC heap before
{Heap before GC invocations=43 (full 0):
 garbage-first heap   total 189440K, used 154035K [0x0000000080000000, 0x0000000100000000)
  region size 1024K, 31 young (31744K), 1 survivors (1024K)
 Metaspace       used 112199K, capacity 115429K, committed 115712K, reserved 1148928K
  class space    used 14750K, capacity 16017K, committed 16128K, reserved 1048576K
}
Event: 52.028 GC heap after
{Heap after GC invocations=44 (full 0):
 garbage-first heap   total 227328K, used 125900K [0x0000000080000000, 0x0000000100000000)
  region size 1024K, 4 young (4096K), 4 survivors (4096K)
 Metaspace       used 112199K, capacity 115429K, committed 115712K, reserved 1148928K
  class space    used 14750K, capacity 16017K, committed 16128K, reserved 1048576K
}
Event: 145.310 GC heap before
{Heap before GC invocations=45 (full 0):
 garbage-first heap   total 227328K, used 188364K [0x0000000080000000, 0x0000000100000000)
  region size 1024K, 48 young (49152K), 4 survivors (4096K)
 Metaspace       used 113307K, capacity 116441K, committed 116992K, reserved 1150976K
  class space    used 14800K, capacity 15983K, committed 16128K, reserved 1048576K
}
Event: 145.327 GC heap after
{Heap after GC invocations=46 (full 0):
 garbage-first heap   total 227328K, used 126833K [0x0000000080000000, 0x0000000100000000)
  region size 1024K, 6 young (6144K), 6 survivors (6144K)
 Metaspace       used 113307K, capacity 116441K, committed 116992K, reserved 1150976K
  class space    used 14800K, capacity 15983K, committed 16128K, reserved 1048576K
}
Event: 147.154 GC heap before
{Heap before GC invocations=46 (full 0):
 garbage-first heap   total 227328K, used 172913K [0x0000000080000000, 0x0000000100000000)
  region size 1024K, 52 young (53248K), 6 survivors (6144K)
 Metaspace       used 113639K, capacity 116749K, committed 117248K, reserved 1150976K
  class space    used 14805K, capacity 15992K, committed 16128K, reserved 1048576K
}
Event: 147.175 GC heap after
{Heap after GC invocations=47 (full 0):
 garbage-first heap   total 227328K, used 132004K [0x0000000080000000, 0x0000000100000000)
  region size 1024K, 7 young (7168K), 7 survivors (7168K)
 Metaspace       used 113639K, capacity 116749K, committed 117248K, reserved 1150976K
  class space    used 14805K, capacity 15992K, committed 16128K, reserved 1048576K
}

Deoptimization events (20 events):
Event: 147.003 Thread 0x000002649d2ef800 Uncommon trap: trap_request=0xffffff4d fr.pc=0x000002648baeb3c0 relative=0x0000000000000300
Event: 147.003 Thread 0x000002649d2ef800 Uncommon trap: reason=unstable_if action=reinterpret pc=0x000002648baeb3c0 method=java.util.concurrent.locks.AbstractQueuedSynchronizer.enq(Ljava/util/concurrent/locks/AbstractQueuedSynchronizer$Node;)Ljava/util/concurrent/locks/AbstractQueuedSynchronizer
Event: 147.003 Thread 0x000002649d2ef800 DEOPT PACKING pc=0x000002648baeb3c0 sp=0x000000869bcf9860
Event: 147.003 Thread 0x000002649d2ef800 DEOPT UNPACKING pc=0x0000026483a4662f sp=0x000000869bcf9818 mode 2
Event: 148.514 Thread 0x000002649d2ef800 Uncommon trap: trap_request=0xffffff7e fr.pc=0x000002648bed2e80 relative=0x0000000000000820
Event: 148.514 Thread 0x000002649d2ef800 Uncommon trap: reason=predicate action=maybe_recompile pc=0x000002648bed2e80 method=java.util.ComparableTimSort.binarySort([Ljava/lang/Object;III)V @ 34 c2
Event: 148.514 Thread 0x000002649d2ef800 DEOPT PACKING pc=0x000002648bed2e80 sp=0x000000869bcf9c80
Event: 148.514 Thread 0x000002649d2ef800 DEOPT UNPACKING pc=0x0000026483a4662f sp=0x000000869bcf9c28 mode 2
Event: 148.566 Thread 0x000002649d2f7000 Uncommon trap: trap_request=0xffffffde fr.pc=0x000002648b8e457c relative=0x00000000000000bc
Event: 148.566 Thread 0x000002649d2f7000 Uncommon trap: reason=class_check action=maybe_recompile pc=0x000002648b8e457c method=java.lang.ThreadLocal.set(Ljava/lang/Object;)V @ 26 c2
Event: 148.566 Thread 0x000002649d2f7000 DEOPT PACKING pc=0x000002648b8e457c sp=0x000000869c2fd5a0
Event: 148.566 Thread 0x000002649d2f7000 DEOPT UNPACKING pc=0x0000026483a4662f sp=0x000000869c2fd530 mode 2
Event: 149.216 Thread 0x000002649d2f6000 Uncommon trap: trap_request=0xffffffde fr.pc=0x000002648b8e457c relative=0x00000000000000bc
Event: 149.216 Thread 0x000002649d2f6000 Uncommon trap: reason=class_check action=maybe_recompile pc=0x000002648b8e457c method=java.lang.ThreadLocal.set(Ljava/lang/Object;)V @ 26 c2
Event: 149.216 Thread 0x000002649d2f6000 DEOPT PACKING pc=0x000002648b8e457c sp=0x000000869c3fd3d0
Event: 149.216 Thread 0x000002649d2f6000 DEOPT UNPACKING pc=0x0000026483a4662f sp=0x000000869c3fd360 mode 2
Event: 150.353 Thread 0x000002649d2ef800 Uncommon trap: trap_request=0xffffffc6 fr.pc=0x000002648b884208 relative=0x00000000000000c8
Event: 150.353 Thread 0x000002649d2ef800 Uncommon trap: reason=bimorphic_or_optimized_type_check action=maybe_recompile pc=0x000002648b884208 method=com.google.common.collect.RegularImmutableMap.checkNoConflictInKeyBucket(Ljava/lang/Object;Ljava/util/Map$Entry;Lcom/google/common/collect/Immutabl
Event: 150.353 Thread 0x000002649d2ef800 DEOPT PACKING pc=0x000002648b884208 sp=0x000000869bcfce30
Event: 150.353 Thread 0x000002649d2ef800 DEOPT UNPACKING pc=0x0000026483a4662f sp=0x000000869bcfcdd8 mode 2

Classes redefined (0 events):
No events

Internal exceptions (20 events):
Event: 51.617 Thread 0x000002649d873000 Exception <a 'java/lang/NoSuchMethodError'{0x000000008a46ef80}: 'java.lang.Object java.lang.invoke.Invokers$Holder.linkToTargetMethod(java.lang.Object, java.lang.Object, java.lang.Object, java.lang.Object, java.lang.Object, java.lang.Object, int, java.lang.Object)'> (0x000000008a46ef80) thrown at [./src/hotspot/share/interpreter/linkResolver.cpp, line 773]
Event: 52.434 Thread 0x000002649d873000 Exception <a 'java/lang/NoSuchMethodError'{0x000000008dad3070}: 'java.lang.Object java.lang.invoke.DirectMethodHandle$Holder.invokeVirtual(java.lang.Object, java.lang.Object, int)'> (0x000000008dad3070) thrown at [./src/hotspot/share/interpreter/linkResolver.cpp, line 773]
Event: 52.437 Thread 0x000002649d873000 Implicit null exception at 0x000002648ba70c6b to 0x000002648ba70c8c
Event: 52.694 Thread 0x000002649aff1000 Exception <a 'sun/nio/fs/WindowsException'{0x000000008d85add8}> (0x000000008d85add8) thrown at [./src/hotspot/share/prims/jni.cpp, line 615]
Event: 52.694 Thread 0x000002649aff1000 Exception <a 'sun/nio/fs/WindowsException'{0x000000008d85af68}> (0x000000008d85af68) thrown at [./src/hotspot/share/prims/jni.cpp, line 615]
Event: 52.694 Thread 0x000002649aff1000 Exception <a 'sun/nio/fs/WindowsException'{0x000000008d85c960}> (0x000000008d85c960) thrown at [./src/hotspot/share/prims/jni.cpp, line 615]
Event: 52.799 Thread 0x000002649aff1000 Exception <a 'java/lang/NoSuchMethodError'{0x000000008d67a748}: 'java.lang.Object java.lang.invoke.DirectMethodHandle$Holder.invokeSpecial(java.lang.Object, java.lang.Object, java.lang.Object, java.lang.Object, int, java.lang.Object, java.lang.Object)'> (0x000000008d67a748) thrown at [./src/hotspot/share/interpreter/linkResolver.cpp, line 773]
Event: 52.886 Thread 0x000002649aff1000 Implicit null exception at 0x000002648bab532f to 0x000002648bab537c
Event: 53.852 Thread 0x000002649b20c800 Implicit null exception at 0x000002648b5134f4 to 0x000002648b513a08
Event: 53.852 Thread 0x000002649b20c800 Implicit null exception at 0x000002648b8e0a14 to 0x000002648b8e0fe8
Event: 143.028 Thread 0x000002649d86e000 Implicit null exception at 0x000002648bd8a664 to 0x000002648bd9129c
Event: 143.028 Thread 0x000002649d86e000 Implicit null exception at 0x000002648bb76745 to 0x000002648bb76a41
Event: 143.028 Thread 0x000002649d86e000 Implicit null exception at 0x000002648baacddf to 0x000002648baad8ec
Event: 145.170 Thread 0x000002649d86e000 Exception <a 'sun/nio/fs/WindowsException'{0x000000008b6bb710}> (0x000000008b6bb710) thrown at [./src/hotspot/share/prims/jni.cpp, line 615]
Event: 145.567 Thread 0x000002649d86e000 Exception <a 'sun/nio/fs/WindowsException'{0x000000008d414480}> (0x000000008d414480) thrown at [./src/hotspot/share/prims/jni.cpp, line 615]
Event: 145.579 Thread 0x000002649d86e000 Exception <a 'sun/nio/fs/WindowsException'{0x000000008d4b1458}> (0x000000008d4b1458) thrown at [./src/hotspot/share/prims/jni.cpp, line 615]
Event: 145.580 Thread 0x000002649d86e000 Exception <a 'sun/nio/fs/WindowsException'{0x000000008d4b2800}> (0x000000008d4b2800) thrown at [./src/hotspot/share/prims/jni.cpp, line 615]
Event: 145.580 Thread 0x000002649d86e000 Exception <a 'sun/nio/fs/WindowsException'{0x000000008d4b3bf8}> (0x000000008d4b3bf8) thrown at [./src/hotspot/share/prims/jni.cpp, line 615]
Event: 145.580 Thread 0x000002649d86e000 Exception <a 'sun/nio/fs/WindowsException'{0x000000008d4b4ff0}> (0x000000008d4b4ff0) thrown at [./src/hotspot/share/prims/jni.cpp, line 615]
Event: 148.549 Thread 0x000002649d2f5800 Exception <a 'java/lang/InterruptedException'{0x000000008ce6fb38}> (0x000000008ce6fb38) thrown at [./src/hotspot/share/runtime/objectMonitor.cpp, line 1635]

Events (20 events):
Event: 149.218 Executing VM operation: RevokeBias
Event: 149.218 Executing VM operation: RevokeBias done
Event: 150.035 Thread 0x000002649943d000 Thread exited: 0x000002649943d000
Event: 150.134 Executing VM operation: RevokeBias
Event: 150.135 Executing VM operation: RevokeBias done
Event: 150.213 Thread 0x000002649943d000 Thread added: 0x000002649943d000
Event: 150.360 Executing VM operation: RevokeBias
Event: 150.360 Executing VM operation: RevokeBias done
Event: 150.384 Executing VM operation: RevokeBias
Event: 150.384 Executing VM operation: RevokeBias done
Event: 150.427 Executing VM operation: RevokeBias
Event: 150.428 Executing VM operation: RevokeBias done
Event: 150.439 Executing VM operation: RevokeBias
Event: 150.439 Executing VM operation: RevokeBias done
Event: 150.439 Executing VM operation: RevokeBias
Event: 150.439 Executing VM operation: RevokeBias done
Event: 150.439 Executing VM operation: BulkRevokeBias
Event: 150.440 Executing VM operation: BulkRevokeBias done
Event: 150.441 Executing VM operation: RevokeBias
Event: 150.441 Executing VM operation: RevokeBias done


Dynamic libraries:
0x00007ff7f4400000 - 0x00007ff7f440a000 	C:\Program Files\Android\Android Studio New\jre\bin\java.exe
0x00007ffbc5380000 - 0x00007ffbc5570000 	C:\WINDOWS\SYSTEM32\ntdll.dll
0x00007ffbc3690000 - 0x00007ffbc3742000 	C:\WINDOWS\System32\KERNEL32.DLL
0x00007ffbc2490000 - 0x00007ffbc2735000 	C:\WINDOWS\System32\KERNELBASE.dll
0x00007ffbc2a60000 - 0x00007ffbc2b5a000 	C:\WINDOWS\System32\ucrtbase.dll
0x00007ffbb7210000 - 0x00007ffbb7227000 	C:\Program Files\Android\Android Studio New\jre\bin\VCRUNTIME140.dll
0x00007ffbbad70000 - 0x00007ffbbad89000 	C:\Program Files\Android\Android Studio New\jre\bin\jli.dll
0x00007ffbc51a0000 - 0x00007ffbc5334000 	C:\WINDOWS\System32\USER32.dll
0x00007ffba7b80000 - 0x00007ffba7e04000 	C:\WINDOWS\WinSxS\amd64_microsoft.windows.common-controls_6595b64144ccf1df_6.0.18362.1256_none_9e7e379be45e40e2\COMCTL32.dll
0x00007ffbc2a30000 - 0x00007ffbc2a51000 	C:\WINDOWS\System32\win32u.dll
0x00007ffbc5100000 - 0x00007ffbc519e000 	C:\WINDOWS\System32\msvcrt.dll
0x00007ffbc4fb0000 - 0x00007ffbc4fd6000 	C:\WINDOWS\System32\GDI32.dll
0x00007ffbc4550000 - 0x00007ffbc4886000 	C:\WINDOWS\System32\combase.dll
0x00007ffbc4fe0000 - 0x00007ffbc5100000 	C:\WINDOWS\System32\RPCRT4.dll
0x00007ffbc22f0000 - 0x00007ffbc2486000 	C:\WINDOWS\System32\gdi32full.dll
0x00007ffbc2770000 - 0x00007ffbc280e000 	C:\WINDOWS\System32\msvcp_win.dll
0x00007ffbc2b60000 - 0x00007ffbc2be1000 	C:\WINDOWS\System32\bcryptPrimitives.dll
0x00007ffbc3750000 - 0x00007ffbc377e000 	C:\WINDOWS\System32\IMM32.DLL
0x00007ffb93560000 - 0x00007ffb935fd000 	C:\Program Files\Android\Android Studio New\jre\bin\msvcp140.dll
0x00007ffb756f0000 - 0x00007ffb761c5000 	C:\Program Files\Android\Android Studio New\jre\bin\server\jvm.dll
0x00007ffbc44a0000 - 0x00007ffbc4543000 	C:\WINDOWS\System32\ADVAPI32.dll
0x00007ffbc3440000 - 0x00007ffbc34d7000 	C:\WINDOWS\System32\sechost.dll
0x00007ffbc3430000 - 0x00007ffbc3438000 	C:\WINDOWS\System32\PSAPI.DLL
0x00007ffbbbf00000 - 0x00007ffbbbf24000 	C:\WINDOWS\SYSTEM32\WINMM.dll
0x00007ffbbae60000 - 0x00007ffbbae69000 	C:\WINDOWS\SYSTEM32\WSOCK32.dll
0x00007ffbc3c20000 - 0x00007ffbc3c8f000 	C:\WINDOWS\System32\WS2_32.dll
0x00007ffbb9280000 - 0x00007ffbb928a000 	C:\WINDOWS\SYSTEM32\VERSION.dll
0x00007ffbbbed0000 - 0x00007ffbbbefd000 	C:\WINDOWS\SYSTEM32\WINMMBASE.dll
0x00007ffbc33e0000 - 0x00007ffbc342a000 	C:\WINDOWS\System32\cfgmgr32.dll
0x00007ffbc2250000 - 0x00007ffbc2261000 	C:\WINDOWS\System32\kernel.appcore.dll
0x00007ffbab300000 - 0x00007ffbab311000 	C:\Program Files\Android\Android Studio New\jre\bin\verify.dll
0x00007ffbc0950000 - 0x00007ffbc0b44000 	C:\WINDOWS\SYSTEM32\DBGHELP.DLL
0x00007ffbb7500000 - 0x00007ffbb752a000 	C:\WINDOWS\SYSTEM32\dbgcore.DLL
0x00007ffbab2d0000 - 0x00007ffbab2f9000 	C:\Program Files\Android\Android Studio New\jre\bin\java.dll
0x00007ffbbae20000 - 0x00007ffbbae2b000 	C:\Program Files\Android\Android Studio New\jre\bin\jimage.dll
0x00007ffba81c0000 - 0x00007ffba81d8000 	C:\Program Files\Android\Android Studio New\jre\bin\zip.dll
0x00007ffbc3db0000 - 0x00007ffbc4497000 	C:\WINDOWS\System32\SHELL32.dll
0x00007ffbc3780000 - 0x00007ffbc3829000 	C:\WINDOWS\System32\shcore.dll
0x00007ffbc2c50000 - 0x00007ffbc33d1000 	C:\WINDOWS\System32\windows.storage.dll
0x00007ffbc22c0000 - 0x00007ffbc22e3000 	C:\WINDOWS\System32\profapi.dll
0x00007ffbc2270000 - 0x00007ffbc22ba000 	C:\WINDOWS\System32\powrprof.dll
0x00007ffbc2220000 - 0x00007ffbc2230000 	C:\WINDOWS\System32\UMPDC.dll
0x00007ffbc3980000 - 0x00007ffbc39d2000 	C:\WINDOWS\System32\shlwapi.dll
0x00007ffbc2810000 - 0x00007ffbc2827000 	C:\WINDOWS\System32\cryptsp.dll
0x00007ffb9fad0000 - 0x00007ffb9faea000 	C:\Program Files\Android\Android Studio New\jre\bin\net.dll
0x00007ffbb56e0000 - 0x00007ffbb57d0000 	C:\WINDOWS\SYSTEM32\WINHTTP.dll
0x00007ffbc1a10000 - 0x00007ffbc1a77000 	C:\WINDOWS\system32\mswsock.dll
0x00007ffb9ef70000 - 0x00007ffb9ef84000 	C:\Program Files\Android\Android Studio New\jre\bin\nio.dll
0x00007ffbab1e0000 - 0x00007ffbab207000 	C:\Users\JOHN BATISTA\.gradle\native\e1d6ef7f7dcc3fd88c89a11ec53ec762bb8ba0a96d01ffa2cd45eb1d1d8dd5c5\windows-amd64\native-platform.dll
0x00007ffb8ec20000 - 0x00007ffb8ed64000 	C:\Users\JOHN BATISTA\.gradle\native\5664cfc778a61ccfe75a443a1ab52a65af34e5dc3c78e0209fed803814484fcb\windows-amd64\native-platform-file-events.dll
0x00007ffbbade0000 - 0x00007ffbbadea000 	C:\Program Files\Android\Android Studio New\jre\bin\management.dll
0x00007ffbbad50000 - 0x00007ffbbad5d000 	C:\Program Files\Android\Android Studio New\jre\bin\management_ext.dll
0x00007ffbc1580000 - 0x00007ffbc15b3000 	C:\WINDOWS\system32\rsaenh.dll
0x00007ffbc2740000 - 0x00007ffbc2766000 	C:\WINDOWS\System32\bcrypt.dll
0x00007ffbc2140000 - 0x00007ffbc2165000 	C:\WINDOWS\SYSTEM32\USERENV.dll
0x00007ffbc1be0000 - 0x00007ffbc1bec000 	C:\WINDOWS\SYSTEM32\CRYPTBASE.dll
0x00007ffbc1720000 - 0x00007ffbc175a000 	C:\WINDOWS\SYSTEM32\IPHLPAPI.DLL
0x00007ffbc3970000 - 0x00007ffbc3978000 	C:\WINDOWS\System32\NSI.dll
0x00007ffbb7780000 - 0x00007ffbb7796000 	C:\WINDOWS\SYSTEM32\dhcpcsvc6.DLL
0x00007ffbb7760000 - 0x00007ffbb777c000 	C:\WINDOWS\SYSTEM32\dhcpcsvc.DLL
0x00007ffbc1770000 - 0x00007ffbc183b000 	C:\WINDOWS\SYSTEM32\DNSAPI.dll
0x00007ffbbadd0000 - 0x00007ffbbadd8000 	C:\Program Files\Android\Android Studio New\jre\bin\rmi.dll
0x00007ffbb9950000 - 0x00007ffbb9966000 	C:\WINDOWS\system32\napinsp.dll
0x00007ffbb91e0000 - 0x00007ffbb91fa000 	C:\WINDOWS\system32\pnrpnsp.dll
0x00007ffbbae80000 - 0x00007ffbbae8e000 	C:\WINDOWS\System32\winrnr.dll
0x00007ffbbad30000 - 0x00007ffbbad4c000 	C:\WINDOWS\system32\NLAapi.dll
0x00007ffbba3c0000 - 0x00007ffbba3d5000 	C:\WINDOWS\system32\wshbth.dll
0x00007ffbb73d0000 - 0x00007ffbb73da000 	C:\Windows\System32\rasadhlp.dll
0x00007ffbb6460000 - 0x00007ffbb64d7000 	C:\WINDOWS\System32\fwpuclnt.dll
0x00007ffbc1260000 - 0x00007ffbc1291000 	C:\WINDOWS\SYSTEM32\ntmarta.dll
0x00007ffb9ee10000 - 0x00007ffb9ee37000 	C:\Program Files\Android\Android Studio New\jre\bin\sunec.dll

dbghelp: loaded successfully - version: 4.0.5 - missing functions: none
symbol engine: initialized successfully - sym options: 0x614 - pdb path: .;C:\Program Files\Android\Android Studio New\jre\bin;C:\WINDOWS\SYSTEM32;C:\WINDOWS\WinSxS\amd64_microsoft.windows.common-controls_6595b64144ccf1df_6.0.18362.1256_none_9e7e379be45e40e2;C:\Program Files\Android\Android Studio New\jre\bin\server;C:\Users\JOHN BATISTA\.gradle\native\e1d6ef7f7dcc3fd88c89a11ec53ec762bb8ba0a96d01ffa2cd45eb1d1d8dd5c5\windows-amd64;C:\Users\JOHN BATISTA\.gradle\native\5664cfc778a61ccfe75a443a1ab52a65af34e5dc3c78e0209fed803814484fcb\windows-amd64

VM Arguments:
jvm_args: --add-opens=java.base/java.util=ALL-UNNAMED --add-opens=java.base/java.lang=ALL-UNNAMED --add-opens=java.base/java.lang.invoke=ALL-UNNAMED --add-opens=java.base/java.util=ALL-UNNAMED --add-opens=java.prefs/java.util.prefs=ALL-UNNAMED --add-opens=java.prefs/java.util.prefs=ALL-UNNAMED --add-opens=java.base/java.nio.charset=ALL-UNNAMED --add-opens=java.base/java.net=ALL-UNNAMED --add-opens=java.base/java.util.concurrent.atomic=ALL-UNNAMED -Xmx2048m -Dfile.encoding=UTF-8 -Duser.country=US -Duser.language=en -Duser.variant 
java_command: org.gradle.launcher.daemon.bootstrap.GradleDaemon 7.2
java_class_path (initial): C:\Users\JOHN BATISTA\.gradle\wrapper\dists\gradle-7.2-bin\2dnblmf4td7x66yl1d74lt32g\gradle-7.2\lib\gradle-launcher-7.2.jar
Launcher Type: SUN_STANDARD

[Global flags]
     intx CICompilerCount                          = 3                                         {product} {ergonomic}
     uint ConcGCThreads                            = 1                                         {product} {ergonomic}
     uint G1ConcRefinementThreads                  = 4                                         {product} {ergonomic}
   size_t G1HeapRegionSize                         = 1048576                                   {product} {ergonomic}
    uintx GCDrainStackTargetSize                   = 64                                        {product} {ergonomic}
   size_t InitialHeapSize                          = 134217728                                 {product} {ergonomic}
   size_t MarkStackSize                            = 4194304                                   {product} {ergonomic}
   size_t MaxHeapSize                              = 2147483648                                {product} {command line}
   size_t MaxNewSize                               = 1287651328                                {product} {ergonomic}
   size_t MinHeapDeltaBytes                        = 1048576                                   {product} {ergonomic}
    uintx NonNMethodCodeHeapSize                   = 5830732                                {pd product} {ergonomic}
    uintx NonProfiledCodeHeapSize                  = 122913754                              {pd product} {ergonomic}
    uintx ProfiledCodeHeapSize                     = 122913754                              {pd product} {ergonomic}
    uintx ReservedCodeCacheSize                    = 251658240                              {pd product} {ergonomic}
     bool SegmentedCodeCache                       = true                                      {product} {ergonomic}
     bool UseCompressedClassPointers               = true                                 {lp64_product} {ergonomic}
     bool UseCompressedOops                        = true                                 {lp64_product} {ergonomic}
     bool UseG1GC                                  = true                                      {product} {ergonomic}
     bool UseLargePagesIndividualAllocation        = false                                  {pd product} {ergonomic}

Logging:
Log output configuration:
 #0: stdout all=warning uptime,level,tags
 #1: stderr all=off uptime,level,tags

Environment Variables:
JAVA_HOME=C:\Program Files\Java\jdk-15.0.1
PATH=C:\Program Files\Java\jdk-15.0.1\bin;C:\Program Files\Git\cmd;C:\Program Files\PuTTY\;C:\Program Files\MATLAB\R2013a\runtime\win64;C:\Program Files\MATLAB\R2013a\bin;C:\Program Files\Microsoft VS Code\bin;C:\nodejs\;C:\Users\JOHN BATISTA\AppData\Local\Programs\Python\Python310\Scripts;C:\Users\JOHN BATISTA\AppData\Local\Programs\Python\Python310\Scripts\;C:\Users\JOHN BATISTA\AppData\Local\Programs\Python\Python310\;C:\Users\JOHN BATISTA\AppData\Roaming\npm;
USERNAME=JOHN BATISTA
OS=Windows_NT
PROCESSOR_IDENTIFIER=Intel64 Family 6 Model 142 Stepping 9, GenuineIntel



---------------  S Y S T E M  ---------------

OS: Windows 10 , 64 bit Build 18362 (10.0.18362.1110)
OS uptime: 3 days 22:03 hours

CPU:total 4 (initial active 4) (2 cores per cpu, 2 threads per core) family 6 model 142 stepping 9 microcode 0x8e, cmov, cx8, fxsr, mmx, sse, sse2, sse3, ssse3, sse4.1, sse4.2, popcnt, avx, avx2, aes, clmul, erms, 3dnowpref, lzcnt, ht, tsc, tscinvbit, bmi1, bmi2, adx, fma

Memory: 4k page, system-wide physical 8107M (544M free)
TotalPageFile size 20395M (AvailPageFile size 60M)
current process WorkingSet (physical memory assigned to process): 544M, peak: 551M
current process commit charge ("private bytes"): 575M, peak: 581M

vm_info: OpenJDK 64-Bit Server VM (11.0.11+9-b60-7590822) for windows-amd64 JRE (11.0.11+9-b60-7590822), built on Jul 29 2021 21:43:44 by "builder" with MS VC++ 14.0 (VS2015)

END.
