#
# There is insufficient memory for the Java Runtime Environment to continue.
# Native memory allocation (mmap) failed to map 47185920 bytes for Failed to commit area from 0x000000008de00000 to 0x0000000090b00000 of length 47185920.
# Possible reasons:
#   The system is out of physical RAM or swap space
#   The process is running with CompressedOops enabled, and the Java Heap may be blocking the growth of the native heap
# Possible solutions:
#   Reduce memory load on the system
#   Increase physical memory or swap space
#   Check if swap backing store is full
#   Decrease Java heap size (-Xmx/-Xms)
#   Decrease number of Java threads
#   Decrease Java thread stack sizes (-Xss)
#   Set larger code cache with -XX:ReservedCodeCacheSize=
#   JVM is running with Unscaled Compressed Oops mode in which the Java heap is
#     placed in the first 4GB address space. The Java Heap base address is the
#     maximum limit for the native heap growth. Please use -XX:HeapBaseMinAddress
#     to set the Java Heap base and to place the Java Heap above 4GB virtual address.
# This output file may be truncated or incomplete.
#
#  Out of Memory Error (./src/hotspot/os/windows/os_windows.cpp:3301), pid=17704, tid=7832
#
# JRE version: OpenJDK Runtime Environment (11.0.11+9) (build 11.0.11+9-b60-7590822)
# Java VM: OpenJDK 64-Bit Server VM (11.0.11+9-b60-7590822, mixed mode, tiered, compressed oops, g1 gc, windows-amd64)
# No core dump will be written. Minidumps are not enabled by default on client versions of Windows
#

---------------  S U M M A R Y ------------

Command Line: --add-opens=java.base/java.util=ALL-UNNAMED --add-opens=java.base/java.lang=ALL-UNNAMED --add-opens=java.base/java.lang.invoke=ALL-UNNAMED --add-opens=java.base/java.util=ALL-UNNAMED --add-opens=java.prefs/java.util.prefs=ALL-UNNAMED --add-opens=java.prefs/java.util.prefs=ALL-UNNAMED --add-opens=java.base/java.nio.charset=ALL-UNNAMED --add-opens=java.base/java.net=ALL-UNNAMED --add-opens=java.base/java.util.concurrent.atomic=ALL-UNNAMED -Xmx2048m -Dfile.encoding=UTF-8 -Duser.country=US -Duser.language=en -Duser.variant org.gradle.launcher.daemon.bootstrap.GradleDaemon 7.2

Host: Intel(R) Core(TM) i3-7020U CPU @ 2.30GHz, 4 cores, 7G,  Windows 10 , 64 bit Build 18362 (10.0.18362.1110)
Time: Tue Jun 14 01:18:36 2022 UTC-11 elapsed time: 53.013443 seconds (0d 0h 0m 53s)

---------------  T H R E A D  ---------------

Current thread (0x000001eafe9dc800):  VMThread "VM Thread" [stack: 0x0000009237f00000,0x0000009238000000] [id=7832]

Stack: [0x0000009237f00000,0x0000009238000000]
[error occurred during error reporting (printing stack bounds), id 0xc0000005, EXCEPTION_ACCESS_VIOLATION (0xc0000005) at pc=0x000001ea83a20f2d]

Native frames: (J=compiled Java code, j=interpreted, Vv=VM code, C=native code)
V  [jvm.dll+0x5f214a]
V  [jvm.dll+0x726fb5]
V  [jvm.dll+0x7285cd]
V  [jvm.dll+0x728be5]
V  [jvm.dll+0x728b9b]
V  [jvm.dll+0x5f14e8]
V  [jvm.dll+0x5f1c78]
C  [ntdll.dll+0xa184f]
C  [ntdll.dll+0x6a889]
C  [ntdll.dll+0xa04be]
C  0x000001ea83a20f2d

VM_Operation (0x000000923bef8830): G1CollectForAllocation, mode: safepoint, requested by thread 0x000001ea9e8a0800


---------------  P R O C E S S  ---------------

Threads class SMR info:
_java_thread_list=0x000001ea9b0e8e00, length=92, elements={
0x000001eafd81e000, 0x000001eafe9e0800, 0x000001eafe9ee000, 0x000001eaff365800,
0x000001eaff366800, 0x000001eaff369000, 0x000001eafe9fd000, 0x000001eafea03000,
0x000001eafea06800, 0x000001eaff4b5800, 0x000001ea9af02800, 0x000001ea99085800,
0x000001ea99630000, 0x000001ea9ae8a000, 0x000001ea98f43800, 0x000001ea9a30a800,
0x000001ea9a3cb800, 0x000001ea9aaf3800, 0x000001ea99598800, 0x000001ea99879000,
0x000001ea9987b800, 0x000001ea9987c800, 0x000001ea9987e000, 0x000001ea9987a000,
0x000001ea99878000, 0x000001ea9987a800, 0x000001ea9987e800, 0x000001ea9b839800,
0x000001ea9b837000, 0x000001ea9b835800, 0x000001ea9b83b000, 0x000001ea9b83c000,
0x000001ea9b839000, 0x000001ea9b83f800, 0x000001ea9b841000, 0x000001ea9b843800,
0x000001ea9b841800, 0x000001ea9b844000, 0x000001ea9b842800, 0x000001ea9b8dc000,
0x000001ea9b8df000, 0x000001ea9b8e0000, 0x000001ea9b8dc800, 0x000001ea9b8db000,
0x000001ea9b8dd800, 0x000001ea9b8da000, 0x000001ea9b8e0800, 0x000001ea9b8e3000,
0x000001ea9b8e1800, 0x000001ea9b8e2800, 0x000001ea9b8e4000, 0x000001ea9b8de800,
0x000001ea9b8e8000, 0x000001ea9b8e9000, 0x000001ea9b8e6800, 0x000001ea9b8e5800,
0x000001ea9b8e5000, 0x000001ea9b8e7000, 0x000001ea9e8a0800, 0x000001ea9e89d000,
0x000001ea9e89b800, 0x000001ea9e89e800, 0x000001ea9e89e000, 0x000001ea9e89c000,
0x000001ea9e8a2000, 0x000001ea9e8a2800, 0x000001ea9e8a5000, 0x000001ea9e8a3800,
0x000001ea9e8a4800, 0x000001ea9e89f800, 0x000001ea9e8a6000, 0x000001ea9e8a7000,
0x000001ea9e8a1000, 0x000001ea9e8a7800, 0x000001ea9e8a8800, 0x000001ea9e8a9000,
0x000001ea9e8aa000, 0x000001ea9a05b800, 0x000001ea9a058800, 0x000001ea9a05c800,
0x000001ea9a056800, 0x000001ea9a05a000, 0x000001ea9a05d800, 0x000001ea9a057800,
0x000001ea9a05f000, 0x000001ea9a05e000, 0x000001ea9a064800, 0x000001ea9a064000,
0x000001ea9a065800, 0x000001ea9a05f800, 0x000001ea9a061800, 0x000001ea9a059000
}

Java Threads: ( => current thread )
  0x000001eafd81e000 JavaThread "main" [_thread_blocked, id=5536, stack(0x0000009237900000,0x0000009237a00000)]
  0x000001eafe9e0800 JavaThread "Reference Handler" daemon [_thread_blocked, id=17816, stack(0x0000009238000000,0x0000009238100000)]
  0x000001eafe9ee000 JavaThread "Finalizer" daemon [_thread_blocked, id=3468, stack(0x0000009238100000,0x0000009238200000)]
  0x000001eaff365800 JavaThread "Signal Dispatcher" daemon [_thread_blocked, id=9080, stack(0x0000009238200000,0x0000009238300000)]
  0x000001eaff366800 JavaThread "Attach Listener" daemon [_thread_blocked, id=15524, stack(0x0000009238300000,0x0000009238400000)]
  0x000001eaff369000 JavaThread "Service Thread" daemon [_thread_blocked, id=13440, stack(0x0000009238400000,0x0000009238500000)]
  0x000001eafe9fd000 JavaThread "C2 CompilerThread0" daemon [_thread_blocked, id=10648, stack(0x0000009238500000,0x0000009238600000)]
  0x000001eafea03000 JavaThread "C1 CompilerThread0" daemon [_thread_blocked, id=18244, stack(0x0000009238600000,0x0000009238700000)]
  0x000001eafea06800 JavaThread "Sweeper thread" daemon [_thread_blocked, id=2340, stack(0x0000009238700000,0x0000009238800000)]
  0x000001eaff4b5800 JavaThread "Common-Cleaner" daemon [_thread_blocked, id=18356, stack(0x0000009238800000,0x0000009238900000)]
  0x000001ea9af02800 JavaThread "Daemon health stats" [_thread_blocked, id=8252, stack(0x0000009238d00000,0x0000009238e00000)]
  0x000001ea99085800 JavaThread "Incoming local TCP Connector on port 54994" [_thread_in_native, id=17772, stack(0x0000009238a00000,0x0000009238b00000)]
  0x000001ea99630000 JavaThread "Daemon periodic checks" [_thread_blocked, id=11240, stack(0x0000009238e00000,0x0000009238f00000)]
  0x000001ea9ae8a000 JavaThread "Daemon" [_thread_blocked, id=4112, stack(0x0000009238f00000,0x0000009239000000)]
  0x000001ea98f43800 JavaThread "Handler for socket connection from /127.0.0.1:54994 to /127.0.0.1:54995" [_thread_in_native, id=2172, stack(0x0000009239000000,0x0000009239100000)]
  0x000001ea9a30a800 JavaThread "Cancel handler" [_thread_blocked, id=3632, stack(0x0000009239100000,0x0000009239200000)]
  0x000001ea9a3cb800 JavaThread "Daemon worker" [_thread_blocked, id=2640, stack(0x0000009239200000,0x0000009239300000)]
  0x000001ea9aaf3800 JavaThread "Asynchronous log dispatcher for DefaultDaemonConnection: socket connection from /127.0.0.1:54994 to /127.0.0.1:54995" [_thread_blocked, id=5632, stack(0x0000009239400000,0x0000009239500000)]
  0x000001ea99598800 JavaThread "Stdin handler" [_thread_blocked, id=16336, stack(0x0000009239500000,0x0000009239600000)]
  0x000001ea99879000 JavaThread "Daemon client event forwarder" [_thread_blocked, id=12040, stack(0x0000009239600000,0x0000009239700000)]
  0x000001ea9987b800 JavaThread "Cache worker for journal cache (C:\Users\JOHN BATISTA\.gradle\caches\journal-1)" [_thread_blocked, id=11544, stack(0x0000009239800000,0x0000009239900000)]
  0x000001ea9987c800 JavaThread "File lock request listener" [_thread_in_native, id=11804, stack(0x0000009239900000,0x0000009239a00000)]
  0x000001ea9987e000 JavaThread "Cache worker for file hash cache (C:\Users\JOHN BATISTA\.gradle\caches\7.2\fileHashes)" [_thread_blocked, id=6092, stack(0x0000009239a00000,0x0000009239b00000)]
  0x000001ea9987a000 JavaThread "Cache worker for file hash cache (C:\Users\JOHN BATISTA\AndroidStudioProjects\SportsApplication\.gradle\7.2\fileHashes)" [_thread_blocked, id=15960, stack(0x0000009239b00000,0x0000009239c00000)]
  0x000001ea99878000 JavaThread "File watcher server" daemon [_thread_blocked, id=2076, stack(0x0000009239c00000,0x0000009239d00000)]
  0x000001ea9987a800 JavaThread "File watcher consumer" daemon [_thread_blocked, id=8356, stack(0x0000009239d00000,0x0000009239e00000)]
  0x000001ea9987e800 JavaThread "Cache worker for checksums cache (C:\Users\JOHN BATISTA\AndroidStudioProjects\SportsApplication\.gradle\checksums)" [_thread_blocked, id=9256, stack(0x0000009239e00000,0x0000009239f00000)]
  0x000001ea9b839800 JavaThread "Cache worker for cache directory md-supplier (C:\Users\JOHN BATISTA\.gradle\caches\7.2\md-supplier)" [_thread_blocked, id=14872, stack(0x0000009239f00000,0x000000923a000000)]
  0x000001ea9b837000 JavaThread "Cache worker for cache directory md-rule (C:\Users\JOHN BATISTA\.gradle\caches\7.2\md-rule)" [_thread_blocked, id=12896, stack(0x000000923a000000,0x000000923a100000)]
  0x000001ea9b835800 JavaThread "Cache worker for execution history cache (C:\Users\JOHN BATISTA\.gradle\caches\7.2\executionHistory)" [_thread_blocked, id=17608, stack(0x000000923a100000,0x000000923a200000)]
  0x000001ea9b83b000 JavaThread "jar transforms" [_thread_blocked, id=18364, stack(0x000000923a200000,0x000000923a300000)]
  0x000001ea9b83c000 JavaThread "Cache worker for file content cache (C:\Users\JOHN BATISTA\.gradle\caches\7.2\fileContent)" [_thread_blocked, id=3520, stack(0x000000923a300000,0x000000923a400000)]
  0x000001ea9b839000 JavaThread "jar transforms Thread 2" [_thread_blocked, id=3664, stack(0x000000923a400000,0x000000923a500000)]
  0x000001ea9b83f800 JavaThread "Cache worker for dependencies-accessors (C:\Users\JOHN BATISTA\AndroidStudioProjects\SportsApplication\.gradle\7.2\dependencies-accessors)" [_thread_blocked, id=14896, stack(0x000000923a500000,0x000000923a600000)]
  0x000001ea9b841000 JavaThread "jar transforms Thread 3" [_thread_blocked, id=11720, stack(0x000000923a600000,0x000000923a700000)]
  0x000001ea9b843800 JavaThread "Cache worker for Build Output Cleanup Cache (C:\Users\JOHN BATISTA\AndroidStudioProjects\SportsApplication\.gradle\buildOutputCleanup)" [_thread_blocked, id=12680, stack(0x000000923a700000,0x000000923a800000)]
  0x000001ea9b841800 JavaThread "Unconstrained build operations" [_thread_blocked, id=14380, stack(0x000000923a800000,0x000000923a900000)]
  0x000001ea9b844000 JavaThread "Unconstrained build operations Thread 2" [_thread_blocked, id=14604, stack(0x000000923a900000,0x000000923aa00000)]
  0x000001ea9b842800 JavaThread "Unconstrained build operations Thread 3" [_thread_blocked, id=8320, stack(0x000000923aa00000,0x000000923ab00000)]
  0x000001ea9b8dc000 JavaThread "Unconstrained build operations Thread 4" [_thread_blocked, id=10624, stack(0x000000923ab00000,0x000000923ac00000)]
  0x000001ea9b8df000 JavaThread "Unconstrained build operations Thread 5" [_thread_blocked, id=10420, stack(0x000000923ac00000,0x000000923ad00000)]
  0x000001ea9b8e0000 JavaThread "Unconstrained build operations Thread 6" [_thread_blocked, id=18128, stack(0x000000923ad00000,0x000000923ae00000)]
  0x000001ea9b8dc800 JavaThread "Unconstrained build operations Thread 7" [_thread_blocked, id=14396, stack(0x000000923ae00000,0x000000923af00000)]
  0x000001ea9b8db000 JavaThread "Unconstrained build operations Thread 8" [_thread_blocked, id=8528, stack(0x000000923af00000,0x000000923b000000)]
  0x000001ea9b8dd800 JavaThread "Unconstrained build operations Thread 9" [_thread_blocked, id=14608, stack(0x000000923b000000,0x000000923b100000)]
  0x000001ea9b8da000 JavaThread "Unconstrained build operations Thread 10" [_thread_blocked, id=14908, stack(0x000000923b100000,0x000000923b200000)]
  0x000001ea9b8e0800 JavaThread "Unconstrained build operations Thread 11" [_thread_blocked, id=18016, stack(0x000000923b200000,0x000000923b300000)]
  0x000001ea9b8e3000 JavaThread "Unconstrained build operations Thread 12" [_thread_blocked, id=9184, stack(0x000000923b300000,0x000000923b400000)]
  0x000001ea9b8e1800 JavaThread "Unconstrained build operations Thread 13" [_thread_blocked, id=13824, stack(0x000000923b400000,0x000000923b500000)]
  0x000001ea9b8e2800 JavaThread "Unconstrained build operations Thread 14" [_thread_blocked, id=7272, stack(0x000000923b500000,0x000000923b600000)]
  0x000001ea9b8e4000 JavaThread "Unconstrained build operations Thread 15" [_thread_blocked, id=8820, stack(0x000000923b600000,0x000000923b700000)]
  0x000001ea9b8de800 JavaThread "Unconstrained build operations Thread 16" [_thread_blocked, id=7476, stack(0x000000923b700000,0x000000923b800000)]
  0x000001ea9b8e8000 JavaThread "Unconstrained build operations Thread 17" [_thread_blocked, id=11396, stack(0x000000923b800000,0x000000923b900000)]
  0x000001ea9b8e9000 JavaThread "Unconstrained build operations Thread 18" [_thread_blocked, id=8680, stack(0x000000923b900000,0x000000923ba00000)]
  0x000001ea9b8e6800 JavaThread "Unconstrained build operations Thread 19" [_thread_blocked, id=14492, stack(0x000000923ba00000,0x000000923bb00000)]
  0x000001ea9b8e5800 JavaThread "Unconstrained build operations Thread 20" [_thread_blocked, id=16052, stack(0x000000923bb00000,0x000000923bc00000)]
  0x000001ea9b8e5000 JavaThread "Unconstrained build operations Thread 21" [_thread_blocked, id=14436, stack(0x000000923bc00000,0x000000923bd00000)]
  0x000001ea9b8e7000 JavaThread "Unconstrained build operations Thread 22" [_thread_blocked, id=7504, stack(0x000000923bd00000,0x000000923be00000)]
  0x000001ea9e8a0800 JavaThread "Unconstrained build operations Thread 23" [_thread_blocked, id=15748, stack(0x000000923be00000,0x000000923bf00000)]
  0x000001ea9e89d000 JavaThread "Unconstrained build operations Thread 24" [_thread_blocked, id=7308, stack(0x000000923bf00000,0x000000923c000000)]
  0x000001ea9e89b800 JavaThread "Unconstrained build operations Thread 25" [_thread_blocked, id=1828, stack(0x000000923c000000,0x000000923c100000)]
  0x000001ea9e89e800 JavaThread "Unconstrained build operations Thread 26" [_thread_blocked, id=660, stack(0x000000923c100000,0x000000923c200000)]
  0x000001ea9e89e000 JavaThread "Unconstrained build operations Thread 27" [_thread_blocked, id=13552, stack(0x000000923c200000,0x000000923c300000)]
  0x000001ea9e89c000 JavaThread "Unconstrained build operations Thread 28" [_thread_blocked, id=14008, stack(0x000000923c300000,0x000000923c400000)]
  0x000001ea9e8a2000 JavaThread "Unconstrained build operations Thread 29" [_thread_blocked, id=13896, stack(0x000000923c400000,0x000000923c500000)]
  0x000001ea9e8a2800 JavaThread "Unconstrained build operations Thread 30" [_thread_blocked, id=2520, stack(0x000000923c500000,0x000000923c600000)]
  0x000001ea9e8a5000 JavaThread "Unconstrained build operations Thread 31" [_thread_blocked, id=8768, stack(0x000000923c600000,0x000000923c700000)]
  0x000001ea9e8a3800 JavaThread "Unconstrained build operations Thread 32" [_thread_blocked, id=14480, stack(0x000000923c700000,0x000000923c800000)]
  0x000001ea9e8a4800 JavaThread "Unconstrained build operations Thread 33" [_thread_blocked, id=4536, stack(0x000000923c800000,0x000000923c900000)]
  0x000001ea9e89f800 JavaThread "Unconstrained build operations Thread 34" [_thread_blocked, id=10888, stack(0x000000923c900000,0x000000923ca00000)]
  0x000001ea9e8a6000 JavaThread "Unconstrained build operations Thread 35" [_thread_blocked, id=9336, stack(0x000000923ca00000,0x000000923cb00000)]
  0x000001ea9e8a7000 JavaThread "Unconstrained build operations Thread 36" [_thread_blocked, id=6740, stack(0x000000923cb00000,0x000000923cc00000)]
  0x000001ea9e8a1000 JavaThread "Unconstrained build operations Thread 37" [_thread_blocked, id=1412, stack(0x000000923cc00000,0x000000923cd00000)]
  0x000001ea9e8a7800 JavaThread "Unconstrained build operations Thread 38" [_thread_blocked, id=3168, stack(0x000000923cd00000,0x000000923ce00000)]
  0x000001ea9e8a8800 JavaThread "Unconstrained build operations Thread 39" [_thread_blocked, id=3284, stack(0x000000923ce00000,0x000000923cf00000)]
  0x000001ea9e8a9000 JavaThread "Unconstrained build operations Thread 40" [_thread_blocked, id=11556, stack(0x000000923cf00000,0x000000923d000000)]
  0x000001ea9e8aa000 JavaThread "jar transforms Thread 4" [_thread_blocked, id=16768, stack(0x000000923d000000,0x000000923d100000)]
  0x000001ea9a05b800 JavaThread "Memory manager" [_thread_blocked, id=14624, stack(0x000000923d100000,0x000000923d200000)]
  0x000001ea9a058800 JavaThread "build event listener" [_thread_blocked, id=17276, stack(0x000000923d200000,0x000000923d300000)]
  0x000001ea9a05c800 JavaThread "build event listener" [_thread_blocked, id=8488, stack(0x000000923d300000,0x000000923d400000)]
  0x000001ea9a056800 JavaThread "Execution worker for ':'" [_thread_blocked, id=8796, stack(0x000000923d400000,0x000000923d500000)]
  0x000001ea9a05a000 JavaThread "Execution worker for ':' Thread 2" [_thread_blocked, id=15292, stack(0x000000923d500000,0x000000923d600000)]
  0x000001ea9a05d800 JavaThread "Execution worker for ':' Thread 3" [_thread_blocked, id=16656, stack(0x000000923d600000,0x000000923d700000)]
  0x000001ea9a057800 JavaThread "Cache worker for execution history cache (C:\Users\JOHN BATISTA\AndroidStudioProjects\SportsApplication\.gradle\7.2\executionHistory)" [_thread_blocked, id=10980, stack(0x000000923d700000,0x000000923d800000)]
  0x000001ea9a05f000 JavaThread "WorkerExecutor Queue" [_thread_blocked, id=9792, stack(0x000000923d800000,0x000000923d900000)]
  0x000001ea9a05e000 JavaThread "WorkerExecutor Queue Thread 2" [_thread_blocked, id=3424, stack(0x000000923da00000,0x000000923db00000)]
  0x000001ea9a064800 JavaThread "WorkerExecutor Queue Thread 3" [_thread_blocked, id=3464, stack(0x000000923dc00000,0x000000923dd00000)]
  0x000001ea9a064000 JavaThread "WorkerExecutor Queue Thread 4" [_thread_blocked, id=10256, stack(0x000000923dd00000,0x000000923de00000)]
  0x000001ea9a065800 JavaThread "pool-3-thread-1" [_thread_blocked, id=14924, stack(0x000000923de00000,0x000000923df00000)]
  0x000001ea9a05f800 JavaThread "stderr" [_thread_in_native, id=9892, stack(0x000000923df00000,0x000000923e000000)]
  0x000001ea9a061800 JavaThread "stdout" [_thread_in_native, id=17036, stack(0x000000923e000000,0x000000923e100000)]
  0x000001ea9a059000 JavaThread "C2 CompilerThread1" daemon [_thread_in_native, id=14368, stack(0x000000923db00000,0x000000923dc00000)]

Other Threads:
=>0x000001eafe9dc800 VMThread "VM Thread" [stack: 0x0000009237f00000,0x0000009238000000] [id=7832]
  0x000001eaff4c8800 WatcherThread [stack: 0x0000009238900000,0x0000009238a00000] [id=8484]
  0x000001eafd839000 GCTaskThread "GC Thread#0" [stack: 0x0000009237a00000,0x0000009237b00000] [id=3184]
  0x000001ea98c46000 GCTaskThread "GC Thread#1" [stack: 0x0000009238b00000,0x0000009238c00000] [id=12960]
  0x000001eaffa1d800 GCTaskThread "GC Thread#2" [stack: 0x0000009238c00000,0x0000009238d00000] [id=13856]
  0x000001ea99716800 GCTaskThread "GC Thread#3" [stack: 0x0000009239700000,0x0000009239800000] [id=3228]
  0x000001eafd869000 ConcurrentGCThread "G1 Main Marker" [stack: 0x0000009237b00000,0x0000009237c00000] [id=13660]
  0x000001eafd86c000 ConcurrentGCThread "G1 Conc#0" [stack: 0x0000009237c00000,0x0000009237d00000] [id=14540]
  0x000001eafd8ee000 ConcurrentGCThread "G1 Refine#0" [stack: 0x0000009237d00000,0x0000009237e00000] [id=7388]
  0x000001eafe830800 ConcurrentGCThread "G1 Young RemSet Sampling" [stack: 0x0000009237e00000,0x0000009237f00000] [id=11380]

Threads with active compile tasks:
C2 CompilerThread0  53035 15878       4       com.android.tools.r8.graph.n2::a (2441 bytes)
C2 CompilerThread1  53035 15773 %     4       com.android.tools.r8.internal.lH0::a @ 2422 (6068 bytes)

VM state:at safepoint (normal execution)

VM Mutex/Monitor currently owned by a thread:  ([mutex/lock_event])
[0x000001eafd8194c0] Threads_lock - owner thread: 0x000001eafe9dc800
[0x000001eafd8191f0] Heap_lock - owner thread: 0x000001ea9e8a0800

Heap address: 0x0000000080000000, size: 2048 MB, Compressed Oops mode: 32-bit
Narrow klass base: 0x0000000000000000, Narrow klass shift: 3
Compressed class space size: 1073741824 Address: 0x0000000100000000

Heap:
 garbage-first heap   total 273408K, used 148480K [0x0000000080000000, 0x0000000100000000)
  region size 1024K, 6 young (6144K), 6 survivors (6144K)
 Metaspace       used 110746K, capacity 113459K, committed 113576K, reserved 1148928K
  class space    used 13991K, capacity 15097K, committed 15180K, reserved 1048576K
Heap Regions: E=young(eden), S=young(survivor), O=old, HS=humongous(starts), HC=humongous(continues), CS=collection set, F=free, A=archive, TAMS=top-at-mark-start (previous, next)
|   0|0x0000000080000000, 0x0000000080100000, 0x0000000080100000|100%|HS|  |TAMS 0x0000000080100000, 0x0000000080100000| Complete 
|   1|0x0000000080100000, 0x0000000080200000, 0x0000000080200000|100%|HC|  |TAMS 0x0000000080200000, 0x0000000080200000| Complete 
|   2|0x0000000080200000, 0x0000000080300000, 0x0000000080300000|100%|HC|  |TAMS 0x0000000080300000, 0x0000000080300000| Complete 
|   3|0x0000000080300000, 0x0000000080400000, 0x0000000080400000|100%| O|  |TAMS 0x0000000080400000, 0x0000000080400000| Untracked 
|   4|0x0000000080400000, 0x0000000080500000, 0x0000000080500000|100%| O|  |TAMS 0x0000000080500000, 0x0000000080500000| Untracked 
|   5|0x0000000080500000, 0x0000000080600000, 0x0000000080600000|100%| O|  |TAMS 0x0000000080600000, 0x0000000080600000| Untracked 
|   6|0x0000000080600000, 0x0000000080700000, 0x0000000080700000|100%| O|  |TAMS 0x0000000080700000, 0x0000000080700000| Untracked 
|   7|0x0000000080700000, 0x0000000080800000, 0x0000000080800000|100%| O|  |TAMS 0x0000000080800000, 0x0000000080800000| Untracked 
|   8|0x0000000080800000, 0x0000000080900000, 0x0000000080900000|100%| O|  |TAMS 0x0000000080900000, 0x0000000080900000| Untracked 
|   9|0x0000000080900000, 0x0000000080a00000, 0x0000000080a00000|100%| O|  |TAMS 0x0000000080a00000, 0x0000000080a00000| Untracked 
|  10|0x0000000080a00000, 0x0000000080b00000, 0x0000000080b00000|100%| O|  |TAMS 0x0000000080b00000, 0x0000000080b00000| Untracked 
|  11|0x0000000080b00000, 0x0000000080c00000, 0x0000000080c00000|100%| O|  |TAMS 0x0000000080c00000, 0x0000000080c00000| Untracked 
|  12|0x0000000080c00000, 0x0000000080d00000, 0x0000000080d00000|100%| O|  |TAMS 0x0000000080d00000, 0x0000000080d00000| Untracked 
|  13|0x0000000080d00000, 0x0000000080e00000, 0x0000000080e00000|100%| O|  |TAMS 0x0000000080e00000, 0x0000000080e00000| Untracked 
|  14|0x0000000080e00000, 0x0000000080f00000, 0x0000000080f00000|100%| O|  |TAMS 0x0000000080f00000, 0x0000000080f00000| Untracked 
|  15|0x0000000080f00000, 0x0000000081000000, 0x0000000081000000|100%| O|  |TAMS 0x0000000081000000, 0x0000000081000000| Untracked 
|  16|0x0000000081000000, 0x0000000081100000, 0x0000000081100000|100%| O|  |TAMS 0x0000000081100000, 0x0000000081100000| Untracked 
|  17|0x0000000081100000, 0x0000000081200000, 0x0000000081200000|100%|HS|  |TAMS 0x0000000081200000, 0x0000000081200000| Complete 
|  18|0x0000000081200000, 0x0000000081300000, 0x0000000081300000|100%| O|  |TAMS 0x0000000081300000, 0x0000000081300000| Untracked 
|  19|0x0000000081300000, 0x0000000081400000, 0x0000000081400000|100%| O|  |TAMS 0x0000000081400000, 0x0000000081400000| Untracked 
|  20|0x0000000081400000, 0x0000000081500000, 0x0000000081500000|100%| O|  |TAMS 0x0000000081500000, 0x0000000081500000| Untracked 
|  21|0x0000000081500000, 0x0000000081600000, 0x0000000081600000|100%| O|  |TAMS 0x0000000081600000, 0x0000000081600000| Untracked 
|  22|0x0000000081600000, 0x0000000081700000, 0x0000000081700000|100%| O|  |TAMS 0x0000000081700000, 0x0000000081700000| Untracked 
|  23|0x0000000081700000, 0x0000000081800000, 0x0000000081800000|100%| O|  |TAMS 0x0000000081800000, 0x0000000081800000| Untracked 
|  24|0x0000000081800000, 0x0000000081900000, 0x0000000081900000|100%|HS|  |TAMS 0x0000000081900000, 0x0000000081900000| Complete 
|  25|0x0000000081900000, 0x0000000081a00000, 0x0000000081a00000|100%|HS|  |TAMS 0x0000000081a00000, 0x0000000081a00000| Complete 
|  26|0x0000000081a00000, 0x0000000081b00000, 0x0000000081b00000|100%|HS|  |TAMS 0x0000000081b00000, 0x0000000081b00000| Complete 
|  27|0x0000000081b00000, 0x0000000081c00000, 0x0000000081c00000|100%|HS|  |TAMS 0x0000000081c00000, 0x0000000081c00000| Complete 
|  28|0x0000000081c00000, 0x0000000081d00000, 0x0000000081d00000|100%|HC|  |TAMS 0x0000000081d00000, 0x0000000081d00000| Complete 
|  29|0x0000000081d00000, 0x0000000081e00000, 0x0000000081e00000|100%|HC|  |TAMS 0x0000000081e00000, 0x0000000081e00000| Complete 
|  30|0x0000000081e00000, 0x0000000081f00000, 0x0000000081f00000|100%|HS|  |TAMS 0x0000000081f00000, 0x0000000081f00000| Complete 
|  31|0x0000000081f00000, 0x0000000082000000, 0x0000000082000000|100%|HC|  |TAMS 0x0000000082000000, 0x0000000082000000| Complete 
|  32|0x0000000082000000, 0x0000000082100000, 0x0000000082100000|100%| O|  |TAMS 0x0000000082100000, 0x0000000082100000| Untracked 
|  33|0x0000000082100000, 0x0000000082200000, 0x0000000082200000|100%| O|  |TAMS 0x0000000082200000, 0x0000000082200000| Untracked 
|  34|0x0000000082200000, 0x0000000082300000, 0x0000000082300000|100%| O|  |TAMS 0x0000000082300000, 0x0000000082300000| Untracked 
|  35|0x0000000082300000, 0x0000000082400000, 0x0000000082400000|100%| O|  |TAMS 0x0000000082400000, 0x0000000082400000| Untracked 
|  36|0x0000000082400000, 0x0000000082500000, 0x0000000082500000|100%| O|  |TAMS 0x0000000082500000, 0x0000000082500000| Untracked 
|  37|0x0000000082500000, 0x0000000082600000, 0x0000000082600000|100%| O|  |TAMS 0x0000000082600000, 0x0000000082600000| Untracked 
|  38|0x0000000082600000, 0x0000000082700000, 0x0000000082700000|100%| O|  |TAMS 0x0000000082700000, 0x0000000082700000| Untracked 
|  39|0x0000000082700000, 0x0000000082800000, 0x0000000082800000|100%| O|  |TAMS 0x0000000082800000, 0x0000000082800000| Untracked 
|  40|0x0000000082800000, 0x0000000082900000, 0x0000000082900000|100%| O|  |TAMS 0x0000000082900000, 0x0000000082900000| Untracked 
|  41|0x0000000082900000, 0x0000000082a00000, 0x0000000082a00000|100%| O|  |TAMS 0x0000000082a00000, 0x0000000082a00000| Untracked 
|  42|0x0000000082a00000, 0x0000000082b00000, 0x0000000082b00000|100%| O|  |TAMS 0x0000000082b00000, 0x0000000082b00000| Untracked 
|  43|0x0000000082b00000, 0x0000000082c00000, 0x0000000082c00000|100%| O|  |TAMS 0x0000000082c00000, 0x0000000082c00000| Untracked 
|  44|0x0000000082c00000, 0x0000000082d00000, 0x0000000082d00000|100%| O|  |TAMS 0x0000000082d00000, 0x0000000082d00000| Untracked 
|  45|0x0000000082d00000, 0x0000000082e00000, 0x0000000082e00000|100%| O|  |TAMS 0x0000000082e00000, 0x0000000082e00000| Untracked 
|  46|0x0000000082e00000, 0x0000000082f00000, 0x0000000082f00000|100%| O|  |TAMS 0x0000000082f00000, 0x0000000082f00000| Untracked 
|  47|0x0000000082f00000, 0x0000000083000000, 0x0000000083000000|100%| O|  |TAMS 0x0000000083000000, 0x0000000083000000| Untracked 
|  48|0x0000000083000000, 0x0000000083100000, 0x0000000083100000|100%| O|  |TAMS 0x0000000083100000, 0x0000000083100000| Untracked 
|  49|0x0000000083100000, 0x0000000083200000, 0x0000000083200000|100%| O|  |TAMS 0x0000000083200000, 0x0000000083200000| Untracked 
|  50|0x0000000083200000, 0x0000000083300000, 0x0000000083300000|100%| O|  |TAMS 0x0000000083300000, 0x0000000083300000| Untracked 
|  51|0x0000000083300000, 0x0000000083400000, 0x0000000083400000|100%| O|  |TAMS 0x0000000083400000, 0x0000000083400000| Untracked 
|  52|0x0000000083400000, 0x0000000083500000, 0x0000000083500000|100%| O|  |TAMS 0x0000000083500000, 0x0000000083500000| Untracked 
|  53|0x0000000083500000, 0x0000000083600000, 0x0000000083600000|100%| O|  |TAMS 0x0000000083600000, 0x0000000083600000| Untracked 
|  54|0x0000000083600000, 0x0000000083700000, 0x0000000083700000|100%| O|  |TAMS 0x0000000083700000, 0x0000000083700000| Untracked 
|  55|0x0000000083700000, 0x0000000083800000, 0x0000000083800000|100%| O|  |TAMS 0x0000000083800000, 0x0000000083800000| Untracked 
|  56|0x0000000083800000, 0x0000000083900000, 0x0000000083900000|100%| O|  |TAMS 0x0000000083900000, 0x0000000083900000| Untracked 
|  57|0x0000000083900000, 0x0000000083a00000, 0x0000000083a00000|100%| O|  |TAMS 0x0000000083a00000, 0x0000000083a00000| Untracked 
|  58|0x0000000083a00000, 0x0000000083b00000, 0x0000000083b00000|100%| O|  |TAMS 0x0000000083b00000, 0x0000000083b00000| Untracked 
|  59|0x0000000083b00000, 0x0000000083c00000, 0x0000000083c00000|100%| O|  |TAMS 0x0000000083c00000, 0x0000000083c00000| Untracked 
|  60|0x0000000083c00000, 0x0000000083d00000, 0x0000000083d00000|100%| O|  |TAMS 0x0000000083d00000, 0x0000000083d00000| Untracked 
|  61|0x0000000083d00000, 0x0000000083e00000, 0x0000000083e00000|100%| O|  |TAMS 0x0000000083e00000, 0x0000000083e00000| Untracked 
|  62|0x0000000083e00000, 0x0000000083f00000, 0x0000000083f00000|100%| O|  |TAMS 0x0000000083f00000, 0x0000000083f00000| Untracked 
|  63|0x0000000083f00000, 0x0000000084000000, 0x0000000084000000|100%| O|  |TAMS 0x0000000084000000, 0x0000000084000000| Untracked 
|  64|0x0000000084000000, 0x0000000084100000, 0x0000000084100000|100%| O|  |TAMS 0x0000000084100000, 0x0000000084100000| Untracked 
|  65|0x0000000084100000, 0x0000000084200000, 0x0000000084200000|100%| O|  |TAMS 0x0000000084200000, 0x0000000084200000| Untracked 
|  66|0x0000000084200000, 0x0000000084300000, 0x0000000084300000|100%| O|  |TAMS 0x0000000084300000, 0x0000000084300000| Untracked 
|  67|0x0000000084300000, 0x0000000084400000, 0x0000000084400000|100%| O|  |TAMS 0x0000000084400000, 0x0000000084400000| Untracked 
|  68|0x0000000084400000, 0x0000000084500000, 0x0000000084500000|100%| O|  |TAMS 0x0000000084500000, 0x0000000084500000| Untracked 
|  69|0x0000000084500000, 0x0000000084600000, 0x0000000084600000|100%| O|  |TAMS 0x0000000084600000, 0x0000000084600000| Untracked 
|  70|0x0000000084600000, 0x0000000084700000, 0x0000000084700000|100%| O|  |TAMS 0x0000000084700000, 0x0000000084700000| Untracked 
|  71|0x0000000084700000, 0x0000000084800000, 0x0000000084800000|100%| O|  |TAMS 0x0000000084800000, 0x0000000084800000| Untracked 
|  72|0x0000000084800000, 0x0000000084900000, 0x0000000084900000|100%| O|  |TAMS 0x0000000084900000, 0x0000000084900000| Untracked 
|  73|0x0000000084900000, 0x0000000084a00000, 0x0000000084a00000|100%| O|  |TAMS 0x0000000084a00000, 0x0000000084a00000| Untracked 
|  74|0x0000000084a00000, 0x0000000084b00000, 0x0000000084b00000|100%| O|  |TAMS 0x0000000084b00000, 0x0000000084b00000| Untracked 
|  75|0x0000000084b00000, 0x0000000084c00000, 0x0000000084c00000|100%| O|  |TAMS 0x0000000084c00000, 0x0000000084c00000| Untracked 
|  76|0x0000000084c00000, 0x0000000084d00000, 0x0000000084d00000|100%| O|  |TAMS 0x0000000084d00000, 0x0000000084d00000| Untracked 
|  77|0x0000000084d00000, 0x0000000084e00000, 0x0000000084e00000|100%| O|  |TAMS 0x0000000084e00000, 0x0000000084e00000| Untracked 
|  78|0x0000000084e00000, 0x0000000084f00000, 0x0000000084f00000|100%| O|  |TAMS 0x0000000084f00000, 0x0000000084f00000| Untracked 
|  79|0x0000000084f00000, 0x0000000085000000, 0x0000000085000000|100%| O|  |TAMS 0x0000000085000000, 0x0000000085000000| Untracked 
|  80|0x0000000085000000, 0x0000000085100000, 0x0000000085100000|100%| O|  |TAMS 0x0000000085100000, 0x0000000085100000| Untracked 
|  81|0x0000000085100000, 0x0000000085200000, 0x0000000085200000|100%| O|  |TAMS 0x0000000085200000, 0x0000000085200000| Untracked 
|  82|0x0000000085200000, 0x0000000085300000, 0x0000000085300000|100%| O|  |TAMS 0x0000000085300000, 0x0000000085300000| Untracked 
|  83|0x0000000085300000, 0x0000000085400000, 0x0000000085400000|100%| O|  |TAMS 0x0000000085400000, 0x0000000085400000| Untracked 
|  84|0x0000000085400000, 0x0000000085500000, 0x0000000085500000|100%| O|  |TAMS 0x0000000085500000, 0x0000000085500000| Untracked 
|  85|0x0000000085500000, 0x0000000085600000, 0x0000000085600000|100%| O|  |TAMS 0x0000000085500000, 0x0000000085600000| Untracked 
|  86|0x0000000085600000, 0x0000000085700000, 0x0000000085700000|100%| O|  |TAMS 0x0000000085700000, 0x0000000085700000| Untracked 
|  87|0x0000000085700000, 0x0000000085800000, 0x0000000085800000|100%| O|  |TAMS 0x0000000085800000, 0x0000000085800000| Untracked 
|  88|0x0000000085800000, 0x0000000085900000, 0x0000000085900000|100%| O|  |TAMS 0x0000000085900000, 0x0000000085900000| Untracked 
|  89|0x0000000085900000, 0x0000000085a00000, 0x0000000085a00000|100%| O|  |TAMS 0x0000000085a00000, 0x0000000085a00000| Untracked 
|  90|0x0000000085a00000, 0x0000000085b00000, 0x0000000085b00000|100%| O|  |TAMS 0x0000000085b00000, 0x0000000085b00000| Untracked 
|  91|0x0000000085b00000, 0x0000000085c00000, 0x0000000085c00000|100%| O|  |TAMS 0x0000000085c00000, 0x0000000085c00000| Untracked 
|  92|0x0000000085c00000, 0x0000000085d00000, 0x0000000085d00000|100%| O|  |TAMS 0x0000000085d00000, 0x0000000085d00000| Untracked 
|  93|0x0000000085d00000, 0x0000000085e00000, 0x0000000085e00000|100%| O|  |TAMS 0x0000000085e00000, 0x0000000085e00000| Untracked 
|  94|0x0000000085e00000, 0x0000000085f00000, 0x0000000085f00000|100%| O|  |TAMS 0x0000000085f00000, 0x0000000085f00000| Untracked 
|  95|0x0000000085f00000, 0x0000000086000000, 0x0000000086000000|100%| O|  |TAMS 0x0000000086000000, 0x0000000086000000| Untracked 
|  96|0x0000000086000000, 0x0000000086100000, 0x0000000086100000|100%| O|  |TAMS 0x0000000086100000, 0x0000000086100000| Untracked 
|  97|0x0000000086100000, 0x0000000086200000, 0x0000000086200000|100%| O|  |TAMS 0x0000000086200000, 0x0000000086200000| Untracked 
|  98|0x0000000086200000, 0x0000000086300000, 0x0000000086300000|100%| O|  |TAMS 0x0000000086300000, 0x0000000086300000| Untracked 
|  99|0x0000000086300000, 0x0000000086400000, 0x0000000086400000|100%| O|  |TAMS 0x0000000086400000, 0x0000000086400000| Untracked 
| 100|0x0000000086400000, 0x0000000086500000, 0x0000000086500000|100%| O|  |TAMS 0x0000000086500000, 0x0000000086500000| Untracked 
| 101|0x0000000086500000, 0x0000000086600000, 0x0000000086600000|100%| O|  |TAMS 0x0000000086600000, 0x0000000086600000| Untracked 
| 102|0x0000000086600000, 0x0000000086700000, 0x0000000086700000|100%| O|  |TAMS 0x0000000086700000, 0x0000000086700000| Untracked 
| 103|0x0000000086700000, 0x0000000086800000, 0x0000000086800000|100%| O|  |TAMS 0x0000000086800000, 0x0000000086800000| Untracked 
| 104|0x0000000086800000, 0x0000000086900000, 0x0000000086900000|100%| O|  |TAMS 0x0000000086900000, 0x0000000086900000| Untracked 
| 105|0x0000000086900000, 0x0000000086a00000, 0x0000000086a00000|100%| O|  |TAMS 0x0000000086a00000, 0x0000000086a00000| Untracked 
| 106|0x0000000086a00000, 0x0000000086b00000, 0x0000000086b00000|100%| O|  |TAMS 0x0000000086b00000, 0x0000000086b00000| Untracked 
| 107|0x0000000086b00000, 0x0000000086c00000, 0x0000000086c00000|100%| O|  |TAMS 0x0000000086c00000, 0x0000000086c00000| Untracked 
| 108|0x0000000086c00000, 0x0000000086c00000, 0x0000000086d00000|  0%| F|  |TAMS 0x0000000086c00000, 0x0000000086c00000| Untracked 
| 109|0x0000000086d00000, 0x0000000086e00000, 0x0000000086e00000|100%| O|  |TAMS 0x0000000086e00000, 0x0000000086e00000| Untracked 
| 110|0x0000000086e00000, 0x0000000086f00000, 0x0000000086f00000|100%| O|  |TAMS 0x0000000086f00000, 0x0000000086f00000| Untracked 
| 111|0x0000000086f00000, 0x0000000087000000, 0x0000000087000000|100%| O|  |TAMS 0x0000000086ffda00, 0x0000000087000000| Untracked 
| 112|0x0000000087000000, 0x0000000087100000, 0x0000000087100000|100%| O|  |TAMS 0x0000000087100000, 0x0000000087100000| Untracked 
| 113|0x0000000087100000, 0x0000000087200000, 0x0000000087200000|100%| O|  |TAMS 0x0000000087100000, 0x0000000087200000| Untracked 
| 114|0x0000000087200000, 0x0000000087300000, 0x0000000087300000|100%| O|  |TAMS 0x0000000087300000, 0x0000000087300000| Untracked 
| 115|0x0000000087300000, 0x0000000087400000, 0x0000000087400000|100%| O|  |TAMS 0x0000000087300000, 0x0000000087400000| Untracked 
| 116|0x0000000087400000, 0x0000000087500000, 0x0000000087500000|100%| O|  |TAMS 0x0000000087400000, 0x0000000087500000| Untracked 
| 117|0x0000000087500000, 0x0000000087600000, 0x0000000087600000|100%| O|  |TAMS 0x0000000087600000, 0x0000000087600000| Untracked 
| 118|0x0000000087600000, 0x0000000087700000, 0x0000000087700000|100%| O|  |TAMS 0x0000000087700000, 0x0000000087700000| Untracked 
| 119|0x0000000087700000, 0x0000000087800000, 0x0000000087800000|100%|HS|  |TAMS 0x0000000087800000, 0x0000000087800000| Complete 
| 120|0x0000000087800000, 0x0000000087900000, 0x0000000087900000|100%|HC|  |TAMS 0x0000000087900000, 0x0000000087900000| Complete 
| 121|0x0000000087900000, 0x0000000087a00000, 0x0000000087a00000|100%| O|  |TAMS 0x0000000087a00000, 0x0000000087a00000| Untracked 
| 122|0x0000000087a00000, 0x0000000087b00000, 0x0000000087b00000|100%| O|  |TAMS 0x0000000087b00000, 0x0000000087b00000| Untracked 
| 123|0x0000000087b00000, 0x0000000087c00000, 0x0000000087c00000|100%| O|  |TAMS 0x0000000087c00000, 0x0000000087c00000| Untracked 
| 124|0x0000000087c00000, 0x0000000087d00000, 0x0000000087d00000|100%| O|  |TAMS 0x0000000087d00000, 0x0000000087d00000| Untracked 
| 125|0x0000000087d00000, 0x0000000087e00000, 0x0000000087e00000|100%| O|  |TAMS 0x0000000087e00000, 0x0000000087e00000| Untracked 
| 126|0x0000000087e00000, 0x0000000087f00000, 0x0000000087f00000|100%| O|  |TAMS 0x0000000087e00000, 0x0000000087f00000| Untracked 
| 127|0x0000000087f00000, 0x0000000088000000, 0x0000000088000000|100%| O|  |TAMS 0x0000000087f00000, 0x0000000088000000| Untracked 
| 128|0x0000000088000000, 0x0000000088100000, 0x0000000088100000|100%| O|  |TAMS 0x0000000088000000, 0x0000000088100000| Untracked 
| 129|0x0000000088100000, 0x0000000088200000, 0x0000000088200000|100%| O|  |TAMS 0x0000000088100000, 0x0000000088200000| Untracked 
| 130|0x0000000088200000, 0x0000000088300000, 0x0000000088300000|100%| O|  |TAMS 0x0000000088200000, 0x0000000088300000| Untracked 
| 131|0x0000000088300000, 0x0000000088400000, 0x0000000088400000|100%| O|  |TAMS 0x0000000088300000, 0x0000000088400000| Untracked 
| 132|0x0000000088400000, 0x0000000088500000, 0x0000000088500000|100%| O|  |TAMS 0x0000000088400000, 0x0000000088500000| Untracked 
| 133|0x0000000088500000, 0x0000000088600000, 0x0000000088600000|100%| O|  |TAMS 0x0000000088500000, 0x0000000088600000| Untracked 
| 134|0x0000000088600000, 0x0000000088700000, 0x0000000088700000|100%| O|  |TAMS 0x0000000088600000, 0x0000000088700000| Untracked 
| 135|0x0000000088700000, 0x0000000088800000, 0x0000000088800000|100%| O|  |TAMS 0x0000000088700000, 0x0000000088800000| Untracked 
| 136|0x0000000088800000, 0x0000000088900000, 0x0000000088900000|100%| O|  |TAMS 0x0000000088800000, 0x0000000088900000| Untracked 
| 137|0x0000000088900000, 0x0000000088a00000, 0x0000000088a00000|100%| O|  |TAMS 0x0000000088900000, 0x0000000088a00000| Untracked 
| 138|0x0000000088a00000, 0x0000000088b00000, 0x0000000088b00000|100%| O|  |TAMS 0x0000000088a00000, 0x0000000088b00000| Untracked 
| 139|0x0000000088b00000, 0x0000000088c00000, 0x0000000088c00000|100%| O|  |TAMS 0x0000000088b00000, 0x0000000088c00000| Untracked 
| 140|0x0000000088c00000, 0x0000000088c00000, 0x0000000088d00000|  0%| F|  |TAMS 0x0000000088c00000, 0x0000000088c00000| Untracked 
| 141|0x0000000088d00000, 0x0000000088d00000, 0x0000000088e00000|  0%| F|  |TAMS 0x0000000088d00000, 0x0000000088d00000| Untracked 
| 142|0x0000000088e00000, 0x0000000088e00000, 0x0000000088f00000|  0%| F|  |TAMS 0x0000000088e00000, 0x0000000088e00000| Untracked 
| 143|0x0000000088f00000, 0x0000000088f00000, 0x0000000089000000|  0%| F|  |TAMS 0x0000000088f00000, 0x0000000088f00000| Untracked 
| 144|0x0000000089000000, 0x0000000089000000, 0x0000000089100000|  0%| F|  |TAMS 0x0000000089000000, 0x0000000089000000| Untracked 
| 145|0x0000000089100000, 0x0000000089100000, 0x0000000089200000|  0%| F|  |TAMS 0x0000000089100000, 0x0000000089100000| Untracked 
| 146|0x0000000089200000, 0x0000000089200000, 0x0000000089300000|  0%| F|  |TAMS 0x0000000089200000, 0x0000000089200000| Untracked 
| 147|0x0000000089300000, 0x0000000089300000, 0x0000000089400000|  0%| F|  |TAMS 0x0000000089300000, 0x0000000089300000| Untracked 
| 148|0x0000000089400000, 0x0000000089400000, 0x0000000089500000|  0%| F|  |TAMS 0x0000000089400000, 0x0000000089400000| Untracked 
| 149|0x0000000089500000, 0x0000000089500000, 0x0000000089600000|  0%| F|  |TAMS 0x0000000089500000, 0x0000000089500000| Untracked 
| 150|0x0000000089600000, 0x0000000089600000, 0x0000000089700000|  0%| F|  |TAMS 0x0000000089600000, 0x0000000089600000| Untracked 
| 151|0x0000000089700000, 0x0000000089700000, 0x0000000089800000|  0%| F|  |TAMS 0x0000000089700000, 0x0000000089700000| Untracked 
| 152|0x0000000089800000, 0x0000000089800000, 0x0000000089900000|  0%| F|  |TAMS 0x0000000089800000, 0x0000000089800000| Untracked 
| 153|0x0000000089900000, 0x0000000089900000, 0x0000000089a00000|  0%| F|  |TAMS 0x0000000089900000, 0x0000000089900000| Untracked 
| 154|0x0000000089a00000, 0x0000000089a00000, 0x0000000089b00000|  0%| F|  |TAMS 0x0000000089a00000, 0x0000000089a00000| Untracked 
| 155|0x0000000089b00000, 0x0000000089b00000, 0x0000000089c00000|  0%| F|  |TAMS 0x0000000089b00000, 0x0000000089b00000| Untracked 
| 156|0x0000000089c00000, 0x0000000089c00000, 0x0000000089d00000|  0%| F|  |TAMS 0x0000000089c00000, 0x0000000089c00000| Untracked 
| 157|0x0000000089d00000, 0x0000000089d00000, 0x0000000089e00000|  0%| F|  |TAMS 0x0000000089d00000, 0x0000000089d00000| Untracked 
| 158|0x0000000089e00000, 0x0000000089e00000, 0x0000000089f00000|  0%| F|  |TAMS 0x0000000089e00000, 0x0000000089e00000| Untracked 
| 159|0x0000000089f00000, 0x0000000089f00000, 0x000000008a000000|  0%| F|  |TAMS 0x0000000089f00000, 0x0000000089f00000| Untracked 
| 160|0x000000008a000000, 0x000000008a000000, 0x000000008a100000|  0%| F|  |TAMS 0x000000008a000000, 0x000000008a000000| Untracked 
| 161|0x000000008a100000, 0x000000008a100000, 0x000000008a200000|  0%| F|  |TAMS 0x000000008a100000, 0x000000008a100000| Untracked 
| 162|0x000000008a200000, 0x000000008a200000, 0x000000008a300000|  0%| F|  |TAMS 0x000000008a200000, 0x000000008a200000| Untracked 
| 163|0x000000008a300000, 0x000000008a300000, 0x000000008a400000|  0%| F|  |TAMS 0x000000008a300000, 0x000000008a300000| Untracked 
| 164|0x000000008a400000, 0x000000008a400000, 0x000000008a500000|  0%| F|  |TAMS 0x000000008a400000, 0x000000008a400000| Untracked 
| 165|0x000000008a500000, 0x000000008a500000, 0x000000008a600000|  0%| F|  |TAMS 0x000000008a500000, 0x000000008a500000| Untracked 
| 166|0x000000008a600000, 0x000000008a600000, 0x000000008a700000|  0%| F|  |TAMS 0x000000008a600000, 0x000000008a600000| Untracked 
| 167|0x000000008a700000, 0x000000008a700000, 0x000000008a800000|  0%| F|  |TAMS 0x000000008a700000, 0x000000008a700000| Untracked 
| 168|0x000000008a800000, 0x000000008a800000, 0x000000008a900000|  0%| F|  |TAMS 0x000000008a800000, 0x000000008a800000| Untracked 
| 169|0x000000008a900000, 0x000000008a900000, 0x000000008aa00000|  0%| F|  |TAMS 0x000000008a900000, 0x000000008a900000| Untracked 
| 170|0x000000008aa00000, 0x000000008aa00000, 0x000000008ab00000|  0%| F|  |TAMS 0x000000008aa00000, 0x000000008aa00000| Untracked 
| 171|0x000000008ab00000, 0x000000008ab00000, 0x000000008ac00000|  0%| F|  |TAMS 0x000000008ab00000, 0x000000008ab00000| Untracked 
| 172|0x000000008ac00000, 0x000000008ac00000, 0x000000008ad00000|  0%| F|  |TAMS 0x000000008ac00000, 0x000000008ac00000| Untracked 
| 173|0x000000008ad00000, 0x000000008ad00000, 0x000000008ae00000|  0%| F|  |TAMS 0x000000008ad00000, 0x000000008ad00000| Untracked 
| 174|0x000000008ae00000, 0x000000008af00000, 0x000000008af00000|100%| S|CS|TAMS 0x000000008ae00000, 0x000000008ae00000| Complete 
| 175|0x000000008af00000, 0x000000008b000000, 0x000000008b000000|100%| S|CS|TAMS 0x000000008af00000, 0x000000008af00000| Complete 
| 176|0x000000008b000000, 0x000000008b100000, 0x000000008b100000|100%| S|CS|TAMS 0x000000008b000000, 0x000000008b000000| Complete 
| 177|0x000000008b100000, 0x000000008b200000, 0x000000008b200000|100%| S|CS|TAMS 0x000000008b100000, 0x000000008b100000| Complete 
| 178|0x000000008b200000, 0x000000008b300000, 0x000000008b300000|100%| S|CS|TAMS 0x000000008b200000, 0x000000008b200000| Complete 
| 179|0x000000008b300000, 0x000000008b400000, 0x000000008b400000|100%| S|CS|TAMS 0x000000008b300000, 0x000000008b300000| Complete 
| 180|0x000000008b400000, 0x000000008b400000, 0x000000008b500000|  0%| F|  |TAMS 0x000000008b400000, 0x000000008b400000| Untracked 
| 181|0x000000008b500000, 0x000000008b500000, 0x000000008b600000|  0%| F|  |TAMS 0x000000008b500000, 0x000000008b500000| Untracked 
| 182|0x000000008b600000, 0x000000008b600000, 0x000000008b700000|  0%| F|  |TAMS 0x000000008b600000, 0x000000008b600000| Untracked 
| 183|0x000000008b700000, 0x000000008b700000, 0x000000008b800000|  0%| F|  |TAMS 0x000000008b700000, 0x000000008b700000| Untracked 
| 184|0x000000008b800000, 0x000000008b800000, 0x000000008b900000|  0%| F|  |TAMS 0x000000008b800000, 0x000000008b800000| Untracked 
| 185|0x000000008b900000, 0x000000008b900000, 0x000000008ba00000|  0%| F|  |TAMS 0x000000008b900000, 0x000000008b900000| Untracked 
| 186|0x000000008ba00000, 0x000000008ba00000, 0x000000008bb00000|  0%| F|  |TAMS 0x000000008ba00000, 0x000000008ba00000| Untracked 
| 187|0x000000008bb00000, 0x000000008bb00000, 0x000000008bc00000|  0%| F|  |TAMS 0x000000008bb00000, 0x000000008bb00000| Untracked 
| 188|0x000000008bc00000, 0x000000008bc00000, 0x000000008bd00000|  0%| F|  |TAMS 0x000000008bc00000, 0x000000008bc00000| Untracked 
| 189|0x000000008bd00000, 0x000000008bd00000, 0x000000008be00000|  0%| F|  |TAMS 0x000000008bd00000, 0x000000008bd00000| Untracked 
| 190|0x000000008be00000, 0x000000008be00000, 0x000000008bf00000|  0%| F|  |TAMS 0x000000008be00000, 0x000000008be00000| Untracked 
| 191|0x000000008bf00000, 0x000000008bf00000, 0x000000008c000000|  0%| F|  |TAMS 0x000000008bf00000, 0x000000008bf00000| Untracked 
| 192|0x000000008c000000, 0x000000008c000000, 0x000000008c100000|  0%| F|  |TAMS 0x000000008c000000, 0x000000008c000000| Untracked 
| 193|0x000000008c100000, 0x000000008c100000, 0x000000008c200000|  0%| F|  |TAMS 0x000000008c100000, 0x000000008c100000| Untracked 
| 194|0x000000008c200000, 0x000000008c200000, 0x000000008c300000|  0%| F|  |TAMS 0x000000008c200000, 0x000000008c200000| Untracked 
| 195|0x000000008c300000, 0x000000008c300000, 0x000000008c400000|  0%| F|  |TAMS 0x000000008c300000, 0x000000008c300000| Untracked 
| 196|0x000000008c400000, 0x000000008c400000, 0x000000008c500000|  0%| F|  |TAMS 0x000000008c400000, 0x000000008c400000| Untracked 
| 197|0x000000008c500000, 0x000000008c500000, 0x000000008c600000|  0%| F|  |TAMS 0x000000008c500000, 0x000000008c500000| Untracked 
| 198|0x000000008c600000, 0x000000008c600000, 0x000000008c700000|  0%| F|  |TAMS 0x000000008c600000, 0x000000008c600000| Untracked 
| 199|0x000000008c700000, 0x000000008c700000, 0x000000008c800000|  0%| F|  |TAMS 0x000000008c700000, 0x000000008c700000| Untracked 
| 200|0x000000008c800000, 0x000000008c800000, 0x000000008c900000|  0%| F|  |TAMS 0x000000008c800000, 0x000000008c800000| Untracked 
| 201|0x000000008c900000, 0x000000008c900000, 0x000000008ca00000|  0%| F|  |TAMS 0x000000008c900000, 0x000000008c900000| Untracked 
| 202|0x000000008ca00000, 0x000000008ca00000, 0x000000008cb00000|  0%| F|  |TAMS 0x000000008ca00000, 0x000000008ca00000| Untracked 
| 203|0x000000008cb00000, 0x000000008cb00000, 0x000000008cc00000|  0%| F|  |TAMS 0x000000008cb00000, 0x000000008cb00000| Untracked 
| 204|0x000000008cc00000, 0x000000008cc00000, 0x000000008cd00000|  0%| F|  |TAMS 0x000000008cc00000, 0x000000008cc00000| Untracked 
| 205|0x000000008cd00000, 0x000000008cd00000, 0x000000008ce00000|  0%| F|  |TAMS 0x000000008cd00000, 0x000000008cd00000| Untracked 
| 206|0x000000008ce00000, 0x000000008ce00000, 0x000000008cf00000|  0%| F|  |TAMS 0x000000008ce00000, 0x000000008ce00000| Untracked 
| 207|0x000000008cf00000, 0x000000008cf00000, 0x000000008d000000|  0%| F|  |TAMS 0x000000008cf00000, 0x000000008cf00000| Untracked 
| 208|0x000000008d000000, 0x000000008d000000, 0x000000008d100000|  0%| F|  |TAMS 0x000000008d000000, 0x000000008d000000| Untracked 
| 209|0x000000008d100000, 0x000000008d100000, 0x000000008d200000|  0%| F|  |TAMS 0x000000008d100000, 0x000000008d100000| Untracked 
| 210|0x000000008d200000, 0x000000008d200000, 0x000000008d300000|  0%| F|  |TAMS 0x000000008d200000, 0x000000008d200000| Untracked 
| 211|0x000000008d300000, 0x000000008d300000, 0x000000008d400000|  0%| F|  |TAMS 0x000000008d300000, 0x000000008d300000| Untracked 
| 212|0x000000008d400000, 0x000000008d400000, 0x000000008d500000|  0%| F|  |TAMS 0x000000008d400000, 0x000000008d400000| Untracked 
| 213|0x000000008d500000, 0x000000008d500000, 0x000000008d600000|  0%| F|  |TAMS 0x000000008d500000, 0x000000008d500000| Untracked 
| 214|0x000000008d600000, 0x000000008d600000, 0x000000008d700000|  0%| F|  |TAMS 0x000000008d600000, 0x000000008d600000| Untracked 
| 215|0x000000008d700000, 0x000000008d700000, 0x000000008d800000|  0%| F|  |TAMS 0x000000008d700000, 0x000000008d700000| Untracked 
| 216|0x000000008d800000, 0x000000008d800000, 0x000000008d900000|  0%| F|  |TAMS 0x000000008d800000, 0x000000008d800000| Untracked 
| 217|0x000000008d900000, 0x000000008d900000, 0x000000008da00000|  0%| F|  |TAMS 0x000000008d900000, 0x000000008d900000| Untracked 
| 218|0x000000008da00000, 0x000000008da00000, 0x000000008db00000|  0%| F|  |TAMS 0x000000008da00000, 0x000000008da00000| Untracked 
| 219|0x000000008db00000, 0x000000008db00000, 0x000000008dc00000|  0%| F|  |TAMS 0x000000008db00000, 0x000000008db00000| Untracked 
| 220|0x000000008dc00000, 0x000000008dc00000, 0x000000008dd00000|  0%| F|  |TAMS 0x000000008dc00000, 0x000000008dc00000| Untracked 
| 221|0x000000008dd00000, 0x000000008dd00000, 0x000000008de00000|  0%| F|  |TAMS 0x000000008dd00000, 0x000000008dd00000| Untracked 

Card table byte_map: [0x000001eafdcf0000,0x000001eafe0f0000] _byte_map_base: 0x000001eafd8f0000

Marking Bits (Prev, Next): (CMBitMap*) 0x000001eafd860338, (CMBitMap*) 0x000001eafd860370
 Prev Bits: [0x000001ea92a20000, 0x000001ea94a20000)
 Next Bits: [0x000001ea94a20000, 0x000001ea96a20000)

Polling page: 0x000001eafb7f0000

Metaspace:

Usage:
  Non-class:     96.06 MB capacity,    94.49 MB ( 98%) used,     1.25 MB (  1%) free+waste,   326.94 KB ( <1%) overhead. 
      Class:     14.74 MB capacity,    13.66 MB ( 93%) used,   956.09 KB (  6%) free+waste,   149.06 KB ( <1%) overhead. 
       Both:    110.80 MB capacity,   108.15 MB ( 98%) used,     2.18 MB (  2%) free+waste,   476.00 KB ( <1%) overhead. 

Virtual space:
  Non-class space:       98.00 MB reserved,      96.09 MB ( 98%) committed 
      Class space:        1.00 GB reserved,      14.82 MB (  1%) committed 
             Both:        1.10 GB reserved,     110.91 MB ( 10%) committed 

Chunk freelists:
   Non-Class:  34.00 KB
       Class:  7.00 KB
        Both:  41.00 KB

MaxMetaspaceSize: 17179869184.00 GB
CompressedClassSpaceSize: 1.00 GB

CodeHeap 'non-profiled nmethods': size=120064Kb used=10036Kb max_used=10036Kb free=110027Kb
 bounds [0x000001ea8b4e0000, 0x000001ea8beb0000, 0x000001ea92a20000]
CodeHeap 'profiled nmethods': size=120000Kb used=34853Kb max_used=34853Kb free=85146Kb
 bounds [0x000001ea83fb0000, 0x000001ea861c0000, 0x000001ea8b4e0000]
CodeHeap 'non-nmethods': size=5696Kb used=2334Kb max_used=2383Kb free=3361Kb
 bounds [0x000001ea83a20000, 0x000001ea83c90000, 0x000001ea83fb0000]
 total_blobs=16555 nmethods=15611 adapters=854
 compilation: enabled
              stopped_count=0, restarted_count=0
 full_count=0

Compilation events (20 events):
Event: 52.967 Thread 0x000001eafe9fd000 nmethod 15845 0x000001ea8beabb90 code [0x000001ea8beabd20, 0x000001ea8beabd78]
Event: 52.967 Thread 0x000001eafe9fd000 15815       4       com.android.tools.r8.graph.Y0::equals (37 bytes)
Event: 52.973 Thread 0x000001eafe9fd000 nmethod 15815 0x000001ea8beabe10 code [0x000001ea8beabfc0, 0x000001ea8beac2f8]
Event: 52.973 Thread 0x000001eafe9fd000 15884       4       java.util.ArrayList::forEach (74 bytes)
Event: 52.976 Thread 0x000001eafe9fd000 nmethod 15884 0x000001ea8beac590 code [0x000001ea8beac740, 0x000001ea8beac8f8]
Event: 52.976 Thread 0x000001eafe9fd000 15730       4       com.android.tools.r8.internal.rr1::d (38 bytes)
Event: 52.980 Thread 0x000001eafea03000 15885       2       com.android.tools.r8.graph.C2$$Lambda$1136/0x0000000100dbfc40::<init> (15 bytes)
Event: 52.980 Thread 0x000001eafea03000 nmethod 15885 0x000001ea861b5e10 code [0x000001ea861b5fc0, 0x000001ea861b6158]
Event: 52.980 Thread 0x000001eafe9fd000 nmethod 15730 0x000001ea8beaca90 code [0x000001ea8beacc40, 0x000001ea8beace38]
Event: 52.980 Thread 0x000001eafe9fd000 15878       4       com.android.tools.r8.graph.n2::a (2441 bytes)
Event: 52.981 Thread 0x000001eafea03000 15886       2       com.android.tools.r8.graph.u1$b::d (4 bytes)
Event: 52.981 Thread 0x000001eafea03000 nmethod 15886 0x000001ea861b6210 code [0x000001ea861b63c0, 0x000001ea861b6498]
Event: 52.981 Thread 0x000001eafea03000 15887       2       com.android.tools.r8.graph.f2::a (14 bytes)
Event: 52.981 Thread 0x000001eafea03000 nmethod 15887 0x000001ea861b6510 code [0x000001ea861b66c0, 0x000001ea861b67b8]
Event: 52.981 Thread 0x000001eafea03000 15888       2       com.android.tools.r8.graph.h2::c (654 bytes)
Event: 52.986 Thread 0x000001eafea03000 nmethod 15888 0x000001ea861b6890 code [0x000001ea861b6cc0, 0x000001ea861b8618]
Event: 52.986 Thread 0x000001eafea03000 15889       2       com.android.tools.r8.internal.L71::a (4 bytes)
Event: 52.986 Thread 0x000001eafea03000 nmethod 15889 0x000001ea861b9590 code [0x000001ea861b9740, 0x000001ea861b9818]
Event: 52.987 Thread 0x000001eafea03000 15890       1       com.android.tools.r8.internal.YD0::C (5 bytes)
Event: 52.987 Thread 0x000001eafea03000 nmethod 15890 0x000001ea8bead090 code [0x000001ea8bead240, 0x000001ea8bead2f8]

GC Heap History (20 events):
Event: 41.714 GC heap after
{Heap after GC invocations=29 (full 0):
 garbage-first heap   total 227328K, used 101276K [0x0000000080000000, 0x0000000100000000)
  region size 1024K, 1 young (1024K), 1 survivors (1024K)
 Metaspace       used 96621K, capacity 98813K, committed 99112K, reserved 1136640K
  class space    used 12068K, capacity 12911K, committed 13004K, reserved 1048576K
}
Event: 43.413 GC heap before
{Heap before GC invocations=29 (full 0):
 garbage-first heap   total 227328K, used 180124K [0x0000000080000000, 0x0000000100000000)
  region size 1024K, 78 young (79872K), 1 survivors (1024K)
 Metaspace       used 100341K, capacity 102548K, committed 102824K, reserved 1138688K
  class space    used 12514K, capacity 13339K, committed 13388K, reserved 1048576K
}
Event: 43.425 GC heap after
{Heap after GC invocations=30 (full 0):
 garbage-first heap   total 227328K, used 105380K [0x0000000080000000, 0x0000000100000000)
  region size 1024K, 5 young (5120K), 5 survivors (5120K)
 Metaspace       used 100341K, capacity 102548K, committed 102824K, reserved 1138688K
  class space    used 12514K, capacity 13339K, committed 13388K, reserved 1048576K
}
Event: 44.942 GC heap before
{Heap before GC invocations=30 (full 0):
 garbage-first heap   total 227328K, used 181156K [0x0000000080000000, 0x0000000100000000)
  region size 1024K, 80 young (81920K), 5 survivors (5120K)
 Metaspace       used 100569K, capacity 102748K, committed 102824K, reserved 1138688K
  class space    used 12531K, capacity 13376K, committed 13388K, reserved 1048576K
}
Event: 44.960 GC heap after
{Heap after GC invocations=31 (full 0):
 garbage-first heap   total 227328K, used 110781K [0x0000000080000000, 0x0000000100000000)
  region size 1024K, 10 young (10240K), 10 survivors (10240K)
 Metaspace       used 100569K, capacity 102748K, committed 102824K, reserved 1138688K
  class space    used 12531K, capacity 13376K, committed 13388K, reserved 1048576K
}
Event: 46.679 GC heap before
{Heap before GC invocations=31 (full 0):
 garbage-first heap   total 227328K, used 183485K [0x0000000080000000, 0x0000000100000000)
  region size 1024K, 82 young (83968K), 10 survivors (10240K)
 Metaspace       used 101525K, capacity 103795K, committed 103976K, reserved 1140736K
  class space    used 12618K, capacity 13472K, committed 13516K, reserved 1048576K
}
Event: 46.712 GC heap after
{Heap after GC invocations=32 (full 0):
 garbage-first heap   total 227328K, used 114746K [0x0000000080000000, 0x0000000100000000)
  region size 1024K, 7 young (7168K), 7 survivors (7168K)
 Metaspace       used 101525K, capacity 103795K, committed 103976K, reserved 1140736K
  class space    used 12618K, capacity 13472K, committed 13516K, reserved 1048576K
}
Event: 46.894 GC heap before
{Heap before GC invocations=32 (full 0):
 garbage-first heap   total 227328K, used 128058K [0x0000000080000000, 0x0000000100000000)
  region size 1024K, 21 young (21504K), 7 survivors (7168K)
 Metaspace       used 101973K, capacity 104296K, committed 104616K, reserved 1140736K
  class space    used 12675K, capacity 13555K, committed 13644K, reserved 1048576K
}
Event: 46.908 GC heap after
{Heap after GC invocations=33 (full 0):
 garbage-first heap   total 227328K, used 115790K [0x0000000080000000, 0x0000000100000000)
  region size 1024K, 2 young (2048K), 2 survivors (2048K)
 Metaspace       used 101973K, capacity 104296K, committed 104616K, reserved 1140736K
  class space    used 12675K, capacity 13555K, committed 13644K, reserved 1048576K
}
Event: 49.679 GC heap before
{Heap before GC invocations=34 (full 0):
 garbage-first heap   total 227328K, used 187470K [0x0000000080000000, 0x0000000100000000)
  region size 1024K, 67 young (68608K), 2 survivors (2048K)
 Metaspace       used 104224K, capacity 106559K, committed 106664K, reserved 1142784K
  class space    used 12988K, capacity 13886K, committed 13900K, reserved 1048576K
}
Event: 49.692 GC heap after
{Heap after GC invocations=35 (full 0):
 garbage-first heap   total 227328K, used 128295K [0x0000000080000000, 0x0000000100000000)
  region size 1024K, 9 young (9216K), 9 survivors (9216K)
 Metaspace       used 104224K, capacity 106559K, committed 106664K, reserved 1142784K
  class space    used 12988K, capacity 13886K, committed 13900K, reserved 1048576K
}
Event: 49.723 GC heap before
{Heap before GC invocations=35 (full 0):
 garbage-first heap   total 227328K, used 129319K [0x0000000080000000, 0x0000000100000000)
  region size 1024K, 11 young (11264K), 9 survivors (9216K)
 Metaspace       used 104266K, capacity 106626K, committed 106664K, reserved 1142784K
  class space    used 12994K, capacity 13886K, committed 13900K, reserved 1048576K
}
Event: 49.735 GC heap after
{Heap after GC invocations=36 (full 0):
 garbage-first heap   total 227328K, used 121607K [0x0000000080000000, 0x0000000100000000)
  region size 1024K, 2 young (2048K), 2 survivors (2048K)
 Metaspace       used 104266K, capacity 106626K, committed 106664K, reserved 1142784K
  class space    used 12994K, capacity 13886K, committed 13900K, reserved 1048576K
}
Event: 51.650 GC heap before
{Heap before GC invocations=36 (full 0):
 garbage-first heap   total 227328K, used 179975K [0x0000000080000000, 0x0000000100000000)
  region size 1024K, 61 young (62464K), 2 survivors (2048K)
 Metaspace       used 106262K, capacity 108751K, committed 109096K, reserved 1144832K
  class space    used 13258K, capacity 14190K, committed 14284K, reserved 1048576K
}
Event: 51.673 GC heap after
{Heap after GC invocations=37 (full 0):
 garbage-first heap   total 227328K, used 134134K [0x0000000080000000, 0x0000000100000000)
  region size 1024K, 8 young (8192K), 8 survivors (8192K)
 Metaspace       used 106262K, capacity 108751K, committed 109096K, reserved 1144832K
  class space    used 13258K, capacity 14190K, committed 14284K, reserved 1048576K
}
Event: 52.583 GC heap before
{Heap before GC invocations=38 (full 0):
 garbage-first heap   total 227328K, used 182262K [0x0000000080000000, 0x0000000100000000)
  region size 1024K, 55 young (56320K), 8 survivors (8192K)
 Metaspace       used 109079K, capacity 111711K, committed 111912K, reserved 1146880K
  class space    used 13710K, capacity 14747K, committed 14796K, reserved 1048576K
}
Event: 52.620 GC heap after
{Heap after GC invocations=39 (full 0):
 garbage-first heap   total 227328K, used 141581K [0x0000000080000000, 0x0000000100000000)
  region size 1024K, 7 young (7168K), 7 survivors (7168K)
 Metaspace       used 109079K, capacity 111711K, committed 111912K, reserved 1146880K
  class space    used 13710K, capacity 14747K, committed 14796K, reserved 1048576K
}
Event: 52.653 GC heap before
{Heap before GC invocations=39 (full 0):
 garbage-first heap   total 227328K, used 145677K [0x0000000080000000, 0x0000000100000000)
  region size 1024K, 11 young (11264K), 7 survivors (7168K)
 Metaspace       used 109230K, capacity 111848K, committed 111912K, reserved 1146880K
  class space    used 13734K, capacity 14750K, committed 14796K, reserved 1048576K
}
Event: 52.673 GC heap after
{Heap after GC invocations=40 (full 0):
 garbage-first heap   total 227328K, used 142348K [0x0000000080000000, 0x0000000100000000)
  region size 1024K, 2 young (2048K), 2 survivors (2048K)
 Metaspace       used 109230K, capacity 111848K, committed 111912K, reserved 1146880K
  class space    used 13734K, capacity 14750K, committed 14796K, reserved 1048576K
}
Event: 52.993 GC heap before
{Heap before GC invocations=40 (full 0):
 garbage-first heap   total 227328K, used 183308K [0x0000000080000000, 0x0000000100000000)
  region size 1024K, 42 young (43008K), 2 survivors (2048K)
 Metaspace       used 110746K, capacity 113459K, committed 113576K, reserved 1148928K
  class space    used 13991K, capacity 15097K, committed 15180K, reserved 1048576K
}

Deoptimization events (20 events):
Event: 52.868 Thread 0x000001ea9e8a2800 Uncommon trap: trap_request=0xffffffde fr.pc=0x000001ea8be98cb4 relative=0x0000000000000d74
Event: 52.868 Thread 0x000001ea9e8a2800 Uncommon trap: reason=class_check action=maybe_recompile pc=0x000001ea8be98cb4 method=java.util.Map.computeIfAbsent(Ljava/lang/Object;Ljava/util/function/Function;)Ljava/lang/Object; @ 19 c2
Event: 52.868 Thread 0x000001ea9e8a2800 DEOPT PACKING pc=0x000001ea8be98cb4 sp=0x000000923c5f9c40
Event: 52.868 Thread 0x000001ea9e8a2800 DEOPT UNPACKING pc=0x000001ea83a4662f sp=0x000000923c5f9c58 mode 2
Event: 52.868 Thread 0x000001ea9e89e000 Uncommon trap: trap_request=0xffffffde fr.pc=0x000001ea8be98cb4 relative=0x0000000000000d74
Event: 52.868 Thread 0x000001ea9e89e000 Uncommon trap: reason=class_check action=maybe_recompile pc=0x000001ea8be98cb4 method=java.util.Map.computeIfAbsent(Ljava/lang/Object;Ljava/util/function/Function;)Ljava/lang/Object; @ 19 c2
Event: 52.869 Thread 0x000001ea9e89e000 DEOPT PACKING pc=0x000001ea8be98cb4 sp=0x000000923c2f9bc0
Event: 52.869 Thread 0x000001ea9e89e000 DEOPT UNPACKING pc=0x000001ea83a4662f sp=0x000000923c2f9bd8 mode 2
Event: 52.888 Thread 0x000001ea9e8a0800 DEOPT PACKING pc=0x000001ea8613c5d3 sp=0x000000923bef96d0
Event: 52.888 Thread 0x000001ea9e8a0800 DEOPT UNPACKING pc=0x000001ea83a46dde sp=0x000000923bef8c00 mode 0
Event: 52.935 Thread 0x000001ea9e8a0800 DEOPT PACKING pc=0x000001ea8613c5d3 sp=0x000000923bef9650
Event: 52.935 Thread 0x000001ea9e8a0800 DEOPT UNPACKING pc=0x000001ea83a46dde sp=0x000000923bef8b80 mode 0
Event: 52.966 Thread 0x000001ea9e8a0800 DEOPT PACKING pc=0x000001ea8613c5d3 sp=0x000000923bef97e0
Event: 52.966 Thread 0x000001ea9e8a0800 DEOPT UNPACKING pc=0x000001ea83a46dde sp=0x000000923bef8d10 mode 0
Event: 52.980 Thread 0x000001ea9e89e000 DEOPT PACKING pc=0x000001ea8613c5d3 sp=0x000000923c2f92e0
Event: 52.980 Thread 0x000001ea9e89e000 DEOPT UNPACKING pc=0x000001ea83a46dde sp=0x000000923c2f8810 mode 0
Event: 52.981 Thread 0x000001ea9e89e000 Uncommon trap: trap_request=0xffffff4d fr.pc=0x000001ea8be84464 relative=0x0000000000004904
Event: 52.981 Thread 0x000001ea9e89e000 Uncommon trap: reason=unstable_if action=reinterpret pc=0x000001ea8be84464 method=com.android.tools.r8.graph.h2.c()V @ 72 c2
Event: 52.981 Thread 0x000001ea9e89e000 DEOPT PACKING pc=0x000001ea8be84464 sp=0x000000923c2f8dc0
Event: 52.981 Thread 0x000001ea9e89e000 DEOPT UNPACKING pc=0x000001ea83a4662f sp=0x000000923c2f8d78 mode 2

Classes redefined (0 events):
No events

Internal exceptions (20 events):
Event: 49.939 Thread 0x000001ea9e89e000 Exception <a 'java/lang/IncompatibleClassChangeError'{0x000000008cfa6900}: Found class java.lang.Object, but interface was expected> (0x000000008cfa6900) thrown at [./src/hotspot/share/interpreter/linkResolver.cpp, line 839]
Event: 49.939 Thread 0x000001ea9e8a2800 Exception <a 'java/lang/IncompatibleClassChangeError'{0x000000008dd70d20}: Found class java.lang.Object, but interface was expected> (0x000000008dd70d20) thrown at [./src/hotspot/share/interpreter/linkResolver.cpp, line 839]
Event: 49.939 Thread 0x000001ea9e8a0800 Exception <a 'java/lang/IncompatibleClassChangeError'{0x000000008cf1cb88}: Found class java.lang.Object, but interface was expected> (0x000000008cf1cb88) thrown at [./src/hotspot/share/interpreter/linkResolver.cpp, line 839]
Event: 50.572 Thread 0x000001ea9a064800 Exception <a 'java/lang/NoSuchMethodError'{0x000000008cc52490}: 'int java.lang.invoke.DirectMethodHandle$Holder.invokeSpecialIFC(java.lang.Object, java.lang.Object, java.lang.Object)'> (0x000000008cc52490) thrown at [./src/hotspot/share/interpreter/linkResolver.cpp, line 773]
Event: 51.521 Thread 0x000001ea9e89e000 Exception <a 'java/lang/NoSuchMethodError'{0x000000008abf8bf0}: 'int java.lang.invoke.DirectMethodHandle$Holder.invokeVirtual(java.lang.Object, java.lang.Object, java.lang.Object, java.lang.Object)'> (0x000000008abf8bf0) thrown at [./src/hotspot/share/interpreter/linkResolver.cpp, line 773]
Event: 51.521 Thread 0x000001ea9e8a2800 Exception <a 'java/lang/NoSuchMethodError'{0x000000008abd69b8}: 'int java.lang.invoke.DirectMethodHandle$Holder.invokeVirtual(java.lang.Object, java.lang.Object, java.lang.Object, java.lang.Object)'> (0x000000008abd69b8) thrown at [./src/hotspot/share/interpreter/linkResolver.cpp, line 773]
Event: 51.618 Thread 0x000001ea9e8a2800 Exception <a 'java/lang/NoSuchMethodError'{0x000000008a8a03d8}: 'long java.lang.invoke.DirectMethodHandle$Holder.invokeStatic(java.lang.Object, java.lang.Object)'> (0x000000008a8a03d8) thrown at [./src/hotspot/share/interpreter/linkResolver.cpp, line 773]
Event: 51.618 Thread 0x000001ea9e89e000 Exception <a 'java/lang/NoSuchMethodError'{0x000000008a82eeb8}: 'long java.lang.invoke.DirectMethodHandle$Holder.invokeStatic(java.lang.Object, java.lang.Object)'> (0x000000008a82eeb8) thrown at [./src/hotspot/share/interpreter/linkResolver.cpp, line 773]
Event: 51.618 Thread 0x000001ea9e8a0800 Exception <a 'java/lang/NoSuchMethodError'{0x000000008a841840}: 'long java.lang.invoke.DirectMethodHandle$Holder.invokeStatic(java.lang.Object, java.lang.Object)'> (0x000000008a841840) thrown at [./src/hotspot/share/interpreter/linkResolver.cpp, line 773]
Event: 51.780 Thread 0x000001ea9e8a0800 Exception <a 'java/lang/IncompatibleClassChangeError'{0x000000008d8c6cf0}: Found class java.lang.Object, but interface was expected> (0x000000008d8c6cf0) thrown at [./src/hotspot/share/interpreter/linkResolver.cpp, line 839]
Event: 51.792 Thread 0x000001ea9e8a0800 Exception <a 'java/lang/NoSuchMethodError'{0x000000008d8cecb8}: 'java.lang.Object java.lang.invoke.DirectMethodHandle$Holder.newInvokeSpecial(java.lang.Object, int)'> (0x000000008d8cecb8) thrown at [./src/hotspot/share/interpreter/linkResolver.cpp, line 773]
Event: 51.794 Thread 0x000001ea9e8a0800 Exception <a 'java/lang/IncompatibleClassChangeError'{0x000000008d8dafd8}: Found class java.lang.Object, but interface was expected> (0x000000008d8dafd8) thrown at [./src/hotspot/share/interpreter/linkResolver.cpp, line 839]
Event: 51.809 Thread 0x000001ea9e8a0800 Exception <a 'java/lang/IncompatibleClassChangeError'{0x000000008d8e51b8}: Found class java.lang.Object, but interface was expected> (0x000000008d8e51b8) thrown at [./src/hotspot/share/interpreter/linkResolver.cpp, line 839]
Event: 51.912 Thread 0x000001ea9e8a2800 Exception <a 'java/lang/IncompatibleClassChangeError'{0x000000008d46a888}: Found class java.lang.Object, but interface was expected> (0x000000008d46a888) thrown at [./src/hotspot/share/interpreter/linkResolver.cpp, line 839]
Event: 52.200 Thread 0x000001ea9e8a0800 Exception <a 'java/lang/NoSuchMethodError'{0x000000008cfce3f8}: 'int java.lang.invoke.DirectMethodHandle$Holder.invokeVirtual(java.lang.Object, java.lang.Object, java.lang.Object)'> (0x000000008cfce3f8) thrown at [./src/hotspot/share/interpreter/linkResolver.cpp, line 773]
Event: 52.454 Thread 0x000001ea9e8a2800 Exception <a 'java/lang/NoSuchMethodError'{0x000000008bc37460}: 'java.lang.Object java.lang.invoke.DirectMethodHandle$Holder.invokeStatic(java.lang.Object, int, java.lang.Object, java.lang.Object)'> (0x000000008bc37460) thrown at [./src/hotspot/share/interpreter/linkResolver.cpp, line 773]
Event: 52.644 Thread 0x000001ea9e89e000 Exception <a 'java/lang/NoSuchMethodError'{0x000000008dbf4c28}: 'int java.lang.invoke.DirectMethodHandle$Holder.invokeSpecial(java.lang.Object, java.lang.Object, java.lang.Object, java.lang.Object, java.lang.Object)'> (0x000000008dbf4c28) thrown at [./src/hotspot/share/interpreter/linkResolver.cpp, line 773]
Event: 52.720 Thread 0x000001ea9e8a2800 Exception <a 'java/lang/NoSuchMethodError'{0x000000008d6a0df0}: 'java.lang.Object java.lang.invoke.DirectMethodHandle$Holder.invokeVirtual(java.lang.Object, java.lang.Object, int, java.lang.Object)'> (0x000000008d6a0df0) thrown at [./src/hotspot/share/interpreter/linkResolver.cpp, line 773]
Event: 52.720 Thread 0x000001ea9e89e000 Exception <a 'java/lang/NoSuchMethodError'{0x000000008d6b6960}: 'java.lang.Object java.lang.invoke.DirectMethodHandle$Holder.invokeVirtual(java.lang.Object, java.lang.Object, int, java.lang.Object)'> (0x000000008d6b6960) thrown at [./src/hotspot/share/interpreter/linkResolver.cpp, line 773]
Event: 52.774 Thread 0x000001ea9e89e000 Exception <a 'java/lang/NoSuchMethodError'{0x000000008ce7b2d8}: 'void java.lang.invoke.DirectMethodHandle$Holder.invokeVirtual(java.lang.Object, java.lang.Object, int, java.lang.Object)'> (0x000000008ce7b2d8) thrown at [./src/hotspot/share/interpreter/linkResolver.cpp, line 773]

Events (20 events):
Event: 52.930 loading class com/android/tools/r8/internal/NV0 done
Event: 52.931 loading class com/android/tools/r8/internal/MV0
Event: 52.931 loading class com/android/tools/r8/internal/MV0 done
Event: 52.932 loading class com/android/tools/r8/graph/a0
Event: 52.932 loading class com/android/tools/r8/graph/a0 done
Event: 52.932 loading class com/android/tools/r8/internal/JL0
Event: 52.932 loading class com/android/tools/r8/internal/JL0 done
Event: 52.945 loading class com/android/tools/r8/graph/Z
Event: 52.945 loading class com/android/tools/r8/graph/Z done
Event: 52.945 loading class com/android/tools/r8/ir/optimize/b
Event: 52.945 loading class com/android/tools/r8/ir/optimize/b done
Event: 52.946 loading class com/android/tools/r8/internal/MT0
Event: 52.946 loading class com/android/tools/r8/internal/MT0 done
Event: 52.947 loading class com/android/tools/r8/graph/h0
Event: 52.947 loading class com/android/tools/r8/graph/h0 done
Event: 52.982 Executing VM operation: RevokeBias
Event: 52.983 Executing VM operation: RevokeBias done
Event: 52.988 Executing VM operation: BulkRevokeBias
Event: 52.990 Executing VM operation: BulkRevokeBias done
Event: 52.993 Executing VM operation: G1CollectForAllocation


Dynamic libraries:
0x00007ff7323e0000 - 0x00007ff7323ea000 	C:\Program Files\Android\Android Studio New\jre\bin\java.exe
0x00007ffbc5380000 - 0x00007ffbc5570000 	C:\WINDOWS\SYSTEM32\ntdll.dll
0x00007ffbc3690000 - 0x00007ffbc3742000 	C:\WINDOWS\System32\KERNEL32.DLL
0x00007ffbc2490000 - 0x00007ffbc2735000 	C:\WINDOWS\System32\KERNELBASE.dll
0x00007ffbc2a60000 - 0x00007ffbc2b5a000 	C:\WINDOWS\System32\ucrtbase.dll
0x00007ffb9fad0000 - 0x00007ffb9fae7000 	C:\Program Files\Android\Android Studio New\jre\bin\VCRUNTIME140.dll
0x00007ffbb79e0000 - 0x00007ffbb79f9000 	C:\Program Files\Android\Android Studio New\jre\bin\jli.dll
0x00007ffbc51a0000 - 0x00007ffbc5334000 	C:\WINDOWS\System32\USER32.dll
0x00007ffba7b80000 - 0x00007ffba7e04000 	C:\WINDOWS\WinSxS\amd64_microsoft.windows.common-controls_6595b64144ccf1df_6.0.18362.1256_none_9e7e379be45e40e2\COMCTL32.dll
0x00007ffbc5100000 - 0x00007ffbc519e000 	C:\WINDOWS\System32\msvcrt.dll
0x00007ffbc2a30000 - 0x00007ffbc2a51000 	C:\WINDOWS\System32\win32u.dll
0x00007ffbc4550000 - 0x00007ffbc4886000 	C:\WINDOWS\System32\combase.dll
0x00007ffbc4fb0000 - 0x00007ffbc4fd6000 	C:\WINDOWS\System32\GDI32.dll
0x00007ffbc4fe0000 - 0x00007ffbc5100000 	C:\WINDOWS\System32\RPCRT4.dll
0x00007ffbc22f0000 - 0x00007ffbc2486000 	C:\WINDOWS\System32\gdi32full.dll
0x00007ffbc2b60000 - 0x00007ffbc2be1000 	C:\WINDOWS\System32\bcryptPrimitives.dll
0x00007ffbc2770000 - 0x00007ffbc280e000 	C:\WINDOWS\System32\msvcp_win.dll
0x00007ffbc3750000 - 0x00007ffbc377e000 	C:\WINDOWS\System32\IMM32.DLL
0x00007ffb8d3e0000 - 0x00007ffb8d47d000 	C:\Program Files\Android\Android Studio New\jre\bin\msvcp140.dll
0x00007ffb57710000 - 0x00007ffb581e5000 	C:\Program Files\Android\Android Studio New\jre\bin\server\jvm.dll
0x00007ffbc44a0000 - 0x00007ffbc4543000 	C:\WINDOWS\System32\ADVAPI32.dll
0x00007ffbc3440000 - 0x00007ffbc34d7000 	C:\WINDOWS\System32\sechost.dll
0x00007ffbc3430000 - 0x00007ffbc3438000 	C:\WINDOWS\System32\PSAPI.DLL
0x00007ffbbad50000 - 0x00007ffbbad59000 	C:\WINDOWS\SYSTEM32\WSOCK32.dll
0x00007ffbb9280000 - 0x00007ffbb928a000 	C:\WINDOWS\SYSTEM32\VERSION.dll
0x00007ffbbbf00000 - 0x00007ffbbbf24000 	C:\WINDOWS\SYSTEM32\WINMM.dll
0x00007ffbc3c20000 - 0x00007ffbc3c8f000 	C:\WINDOWS\System32\WS2_32.dll
0x00007ffbbbed0000 - 0x00007ffbbbefd000 	C:\WINDOWS\SYSTEM32\winmmbase.dll
0x00007ffbc33e0000 - 0x00007ffbc342a000 	C:\WINDOWS\System32\cfgmgr32.dll
0x00007ffbc2250000 - 0x00007ffbc2261000 	C:\WINDOWS\System32\kernel.appcore.dll
0x00007ffb90130000 - 0x00007ffb90141000 	C:\Program Files\Android\Android Studio New\jre\bin\verify.dll
0x00007ffbc0950000 - 0x00007ffbc0b44000 	C:\WINDOWS\SYSTEM32\DBGHELP.DLL
0x00007ffbb7500000 - 0x00007ffbb752a000 	C:\WINDOWS\SYSTEM32\dbgcore.DLL
0x00007ffb8ffe0000 - 0x00007ffb90009000 	C:\Program Files\Android\Android Studio New\jre\bin\java.dll
0x00007ffba81d0000 - 0x00007ffba81db000 	C:\Program Files\Android\Android Studio New\jre\bin\jimage.dll
0x00007ffb90110000 - 0x00007ffb90128000 	C:\Program Files\Android\Android Studio New\jre\bin\zip.dll
0x00007ffbc3db0000 - 0x00007ffbc4497000 	C:\WINDOWS\System32\SHELL32.dll
0x00007ffbc3780000 - 0x00007ffbc3829000 	C:\WINDOWS\System32\shcore.dll
0x00007ffbc2c50000 - 0x00007ffbc33d1000 	C:\WINDOWS\System32\windows.storage.dll
0x00007ffbc22c0000 - 0x00007ffbc22e3000 	C:\WINDOWS\System32\profapi.dll
0x00007ffbc2270000 - 0x00007ffbc22ba000 	C:\WINDOWS\System32\powrprof.dll
0x00007ffbc2220000 - 0x00007ffbc2230000 	C:\WINDOWS\System32\UMPDC.dll
0x00007ffbc3980000 - 0x00007ffbc39d2000 	C:\WINDOWS\System32\shlwapi.dll
0x00007ffbc2810000 - 0x00007ffbc2827000 	C:\WINDOWS\System32\cryptsp.dll
0x00007ffb8f330000 - 0x00007ffb8f34a000 	C:\Program Files\Android\Android Studio New\jre\bin\net.dll
0x00007ffbb56e0000 - 0x00007ffbb57d0000 	C:\WINDOWS\SYSTEM32\WINHTTP.dll
0x00007ffbc1a10000 - 0x00007ffbc1a77000 	C:\WINDOWS\system32\mswsock.dll
0x00007ffb8dca0000 - 0x00007ffb8dcb4000 	C:\Program Files\Android\Android Studio New\jre\bin\nio.dll
0x00007ffb9ef30000 - 0x00007ffb9ef57000 	C:\Users\JOHN BATISTA\.gradle\native\e1d6ef7f7dcc3fd88c89a11ec53ec762bb8ba0a96d01ffa2cd45eb1d1d8dd5c5\windows-amd64\native-platform.dll
0x00007ffb8b780000 - 0x00007ffb8b8c4000 	C:\Users\JOHN BATISTA\.gradle\native\5664cfc778a61ccfe75a443a1ab52a65af34e5dc3c78e0209fed803814484fcb\windows-amd64\native-platform-file-events.dll
0x00007ffba3980000 - 0x00007ffba398a000 	C:\Program Files\Android\Android Studio New\jre\bin\management.dll
0x00007ffb9ded0000 - 0x00007ffb9dedd000 	C:\Program Files\Android\Android Studio New\jre\bin\management_ext.dll
0x00007ffbc1580000 - 0x00007ffbc15b3000 	C:\WINDOWS\system32\rsaenh.dll
0x00007ffbc2740000 - 0x00007ffbc2766000 	C:\WINDOWS\System32\bcrypt.dll
0x00007ffbc2140000 - 0x00007ffbc2165000 	C:\WINDOWS\SYSTEM32\USERENV.dll
0x00007ffbc1be0000 - 0x00007ffbc1bec000 	C:\WINDOWS\SYSTEM32\CRYPTBASE.dll
0x00007ffbc1720000 - 0x00007ffbc175a000 	C:\WINDOWS\SYSTEM32\IPHLPAPI.DLL
0x00007ffbc3970000 - 0x00007ffbc3978000 	C:\WINDOWS\System32\NSI.dll
0x00007ffbb7780000 - 0x00007ffbb7796000 	C:\WINDOWS\SYSTEM32\dhcpcsvc6.DLL
0x00007ffbb7760000 - 0x00007ffbb777c000 	C:\WINDOWS\SYSTEM32\dhcpcsvc.DLL
0x00007ffbc1770000 - 0x00007ffbc183b000 	C:\WINDOWS\SYSTEM32\DNSAPI.dll
0x00007ffbc1260000 - 0x00007ffbc1291000 	C:\WINDOWS\SYSTEM32\ntmarta.dll

dbghelp: loaded successfully - version: 4.0.5 - missing functions: none
symbol engine: initialized successfully - sym options: 0x614 - pdb path: .;C:\Program Files\Android\Android Studio New\jre\bin;C:\WINDOWS\SYSTEM32;C:\WINDOWS\WinSxS\amd64_microsoft.windows.common-controls_6595b64144ccf1df_6.0.18362.1256_none_9e7e379be45e40e2;C:\Program Files\Android\Android Studio New\jre\bin\server;C:\Users\JOHN BATISTA\.gradle\native\e1d6ef7f7dcc3fd88c89a11ec53ec762bb8ba0a96d01ffa2cd45eb1d1d8dd5c5\windows-amd64;C:\Users\JOHN BATISTA\.gradle\native\5664cfc778a61ccfe75a443a1ab52a65af34e5dc3c78e0209fed803814484fcb\windows-amd64

VM Arguments:
jvm_args: --add-opens=java.base/java.util=ALL-UNNAMED --add-opens=java.base/java.lang=ALL-UNNAMED --add-opens=java.base/java.lang.invoke=ALL-UNNAMED --add-opens=java.base/java.util=ALL-UNNAMED --add-opens=java.prefs/java.util.prefs=ALL-UNNAMED --add-opens=java.prefs/java.util.prefs=ALL-UNNAMED --add-opens=java.base/java.nio.charset=ALL-UNNAMED --add-opens=java.base/java.net=ALL-UNNAMED --add-opens=java.base/java.util.concurrent.atomic=ALL-UNNAMED -Xmx2048m -Dfile.encoding=UTF-8 -Duser.country=US -Duser.language=en -Duser.variant 
java_command: org.gradle.launcher.daemon.bootstrap.GradleDaemon 7.2
java_class_path (initial): C:\Users\JOHN BATISTA\.gradle\wrapper\dists\gradle-7.2-bin\2dnblmf4td7x66yl1d74lt32g\gradle-7.2\lib\gradle-launcher-7.2.jar
Launcher Type: SUN_STANDARD

[Global flags]
     intx CICompilerCount                          = 3                                         {product} {ergonomic}
     uint ConcGCThreads                            = 1                                         {product} {ergonomic}
     uint G1ConcRefinementThreads                  = 4                                         {product} {ergonomic}
   size_t G1HeapRegionSize                         = 1048576                                   {product} {ergonomic}
    uintx GCDrainStackTargetSize                   = 64                                        {product} {ergonomic}
   size_t InitialHeapSize                          = 134217728                                 {product} {ergonomic}
   size_t MarkStackSize                            = 4194304                                   {product} {ergonomic}
   size_t MaxHeapSize                              = 2147483648                                {product} {command line}
   size_t MaxNewSize                               = 1287651328                                {product} {ergonomic}
   size_t MinHeapDeltaBytes                        = 1048576                                   {product} {ergonomic}
    uintx NonNMethodCodeHeapSize                   = 5830732                                {pd product} {ergonomic}
    uintx NonProfiledCodeHeapSize                  = 122913754                              {pd product} {ergonomic}
    uintx ProfiledCodeHeapSize                     = 122913754                              {pd product} {ergonomic}
    uintx ReservedCodeCacheSize                    = 251658240                              {pd product} {ergonomic}
     bool SegmentedCodeCache                       = true                                      {product} {ergonomic}
     bool UseCompressedClassPointers               = true                                 {lp64_product} {ergonomic}
     bool UseCompressedOops                        = true                                 {lp64_product} {ergonomic}
     bool UseG1GC                                  = true                                      {product} {ergonomic}
     bool UseLargePagesIndividualAllocation        = false                                  {pd product} {ergonomic}

Logging:
Log output configuration:
 #0: stdout all=warning uptime,level,tags
 #1: stderr all=off uptime,level,tags

Environment Variables:
JAVA_HOME=C:\Program Files\Java\jdk-15.0.1
PATH=C:\Program Files\Java\jdk-15.0.1\bin;C:\Program Files\Git\cmd;C:\Program Files\PuTTY\;C:\Program Files\MATLAB\R2013a\runtime\win64;C:\Program Files\MATLAB\R2013a\bin;C:\Program Files\Microsoft VS Code\bin;C:\nodejs\;C:\Users\JOHN BATISTA\AppData\Local\Programs\Python\Python310\Scripts;C:\Users\JOHN BATISTA\AppData\Local\Programs\Python\Python310\Scripts\;C:\Users\JOHN BATISTA\AppData\Local\Programs\Python\Python310\;C:\Users\JOHN BATISTA\AppData\Roaming\npm;
USERNAME=JOHN BATISTA
OS=Windows_NT
PROCESSOR_IDENTIFIER=Intel64 Family 6 Model 142 Stepping 9, GenuineIntel



---------------  S Y S T E M  ---------------

OS: Windows 10 , 64 bit Build 18362 (10.0.18362.1110)
OS uptime: 3 days 14:34 hours

CPU:total 4 (initial active 4) (2 cores per cpu, 2 threads per core) family 6 model 142 stepping 9 microcode 0x8e, cmov, cx8, fxsr, mmx, sse, sse2, sse3, ssse3, sse4.1, sse4.2, popcnt, avx, avx2, aes, clmul, erms, 3dnowpref, lzcnt, ht, tsc, tscinvbit, bmi1, bmi2, adx, fma

Memory: 4k page, system-wide physical 8107M (529M free)
TotalPageFile size 20395M (AvailPageFile size 46M)
current process WorkingSet (physical memory assigned to process): 553M, peak: 555M
current process commit charge ("private bytes"): 585M, peak: 630M

vm_info: OpenJDK 64-Bit Server VM (11.0.11+9-b60-7590822) for windows-amd64 JRE (11.0.11+9-b60-7590822), built on Jul 29 2021 21:43:44 by "builder" with MS VC++ 14.0 (VS2015)

END.
