#
# There is insufficient memory for the Java Runtime Environment to continue.
# Native memory allocation (mmap) failed to map 138412032 bytes for Failed to commit area from 0x000000008b900000 to 0x0000000093d00000 of length 138412032.
# Possible reasons:
#   The system is out of physical RAM or swap space
#   The process is running with CompressedOops enabled, and the Java Heap may be blocking the growth of the native heap
# Possible solutions:
#   Reduce memory load on the system
#   Increase physical memory or swap space
#   Check if swap backing store is full
#   Decrease Java heap size (-Xmx/-Xms)
#   Decrease number of Java threads
#   Decrease Java thread stack sizes (-Xss)
#   Set larger code cache with -XX:ReservedCodeCacheSize=
#   JVM is running with Unscaled Compressed Oops mode in which the Java heap is
#     placed in the first 4GB address space. The Java Heap base address is the
#     maximum limit for the native heap growth. Please use -XX:HeapBaseMinAddress
#     to set the Java Heap base and to place the Java Heap above 4GB virtual address.
# This output file may be truncated or incomplete.
#
#  Out of Memory Error (./src/hotspot/os/windows/os_windows.cpp:3301), pid=17956, tid=15220
#
# JRE version: OpenJDK Runtime Environment (11.0.11+9) (build 11.0.11+9-b60-7590822)
# Java VM: OpenJDK 64-Bit Server VM (11.0.11+9-b60-7590822, mixed mode, tiered, compressed oops, g1 gc, windows-amd64)
# No core dump will be written. Minidumps are not enabled by default on client versions of Windows
#

---------------  S U M M A R Y ------------

Command Line: --add-opens=java.base/java.util=ALL-UNNAMED --add-opens=java.base/java.lang=ALL-UNNAMED --add-opens=java.base/java.lang.invoke=ALL-UNNAMED --add-opens=java.base/java.util=ALL-UNNAMED --add-opens=java.prefs/java.util.prefs=ALL-UNNAMED --add-opens=java.prefs/java.util.prefs=ALL-UNNAMED --add-opens=java.base/java.nio.charset=ALL-UNNAMED --add-opens=java.base/java.net=ALL-UNNAMED --add-opens=java.base/java.util.concurrent.atomic=ALL-UNNAMED -Xmx2048m -Dfile.encoding=UTF-8 -Duser.country=US -Duser.language=en -Duser.variant org.gradle.launcher.daemon.bootstrap.GradleDaemon 7.2

Host: Intel(R) Core(TM) i3-7020U CPU @ 2.30GHz, 4 cores, 7G,  Windows 10 , 64 bit Build 18362 (10.0.18362.1110)
Time: Mon Jun 13 10:01:10 2022 UTC-11 elapsed time: 9234.278757 seconds (0d 2h 33m 54s)

---------------  T H R E A D  ---------------

Current thread (0x00000121c09dc800):  VMThread "VM Thread" [stack: 0x00000009eba00000,0x00000009ebb00000] [id=15220]

Stack: [0x00000009eba00000,0x00000009ebb00000]
[error occurred during error reporting (printing stack bounds), id 0xc0000005, EXCEPTION_ACCESS_VIOLATION (0xc0000005) at pc=0x00000121aa8f0f2d]

Native frames: (J=compiled Java code, j=interpreted, Vv=VM code, C=native code)
V  [jvm.dll+0x5f214a]
V  [jvm.dll+0x726fb5]
V  [jvm.dll+0x7285cd]
V  [jvm.dll+0x728be5]
V  [jvm.dll+0x728b9b]
V  [jvm.dll+0x5f14e8]
V  [jvm.dll+0x5f1c78]
C  [ntdll.dll+0xa184f]
C  [ntdll.dll+0x6a889]
C  [ntdll.dll+0xa04be]
C  0x00000121aa8f0f2d

VM_Operation (0x00000009edefe1e0): G1CollectForAllocation, mode: safepoint, requested by thread 0x00000121c4181800


---------------  P R O C E S S  ---------------

Threads class SMR info:
_java_thread_list=0x00000121c49f0b60, length=83, elements={
0x00000121a6dfd000, 0x00000121c09e0800, 0x00000121c09ee800, 0x00000121c09fb800,
0x00000121c09fc800, 0x00000121c0a00800, 0x00000121c0a0f000, 0x00000121c0a13000,
0x00000121c0a1c800, 0x00000121c14c9800, 0x00000121c31ae800, 0x00000121c2c7d000,
0x00000121c3b01800, 0x00000121c1aad000, 0x00000121c1aaf800, 0x00000121c1aaf000,
0x00000121c1aaa800, 0x00000121c1ab1000, 0x00000121c1ab0800, 0x00000121c1aab800,
0x00000121c18e4800, 0x00000121c18e3800, 0x00000121c18e2800, 0x00000121c18e7800,
0x00000121c4184800, 0x00000121c4178800, 0x00000121c417c800, 0x00000121c417b800,
0x00000121c4177800, 0x00000121c417e000, 0x00000121c4179000, 0x00000121c4180000,
0x00000121c417a000, 0x00000121c4180800, 0x00000121c417b000, 0x00000121c4186800,
0x00000121c4181800, 0x00000121c417f000, 0x00000121c4184000, 0x00000121c18e6000,
0x00000121c18e2000, 0x00000121c18e6800, 0x00000121c18e8800, 0x00000121c18e9000,
0x00000121c18eb000, 0x00000121c18e5000, 0x00000121c18ed000, 0x00000121c18ee000,
0x00000121c18ef000, 0x00000121c18ef800, 0x00000121c18eb800, 0x00000121c18ec800,
0x00000121c1aae000, 0x00000121c1aac800, 0x00000121c19be800, 0x00000121c19c0000,
0x00000121c19bd000, 0x00000121c19bd800, 0x00000121c19bf800, 0x00000121c19c2000,
0x00000121c19bc000, 0x00000121c19c1000, 0x00000121c19c2800, 0x00000121c37a0000,
0x00000121c37a0800, 0x00000121c37a3000, 0x00000121c37a1800, 0x00000121c37a4000,
0x00000121c37a2800, 0x00000121c379e800, 0x00000121c37a5000, 0x00000121c379f000,
0x00000121c43c9800, 0x00000121c43cd800, 0x00000121c43ca800, 0x00000121c43ce800,
0x00000121c43d1000, 0x00000121c43cb000, 0x00000121c43d2000, 0x00000121c43cc000,
0x00000121c43d2800, 0x00000121c43cd000, 0x00000121c43d5000
}

Java Threads: ( => current thread )
  0x00000121a6dfd000 JavaThread "main" [_thread_blocked, id=14280, stack(0x00000009eb400000,0x00000009eb500000)]
  0x00000121c09e0800 JavaThread "Reference Handler" daemon [_thread_blocked, id=5684, stack(0x00000009ebb00000,0x00000009ebc00000)]
  0x00000121c09ee800 JavaThread "Finalizer" daemon [_thread_blocked, id=9680, stack(0x00000009ebc00000,0x00000009ebd00000)]
  0x00000121c09fb800 JavaThread "Signal Dispatcher" daemon [_thread_blocked, id=15244, stack(0x00000009ebd00000,0x00000009ebe00000)]
  0x00000121c09fc800 JavaThread "Attach Listener" daemon [_thread_blocked, id=6280, stack(0x00000009ebe00000,0x00000009ebf00000)]
  0x00000121c0a00800 JavaThread "Service Thread" daemon [_thread_blocked, id=11220, stack(0x00000009ebf00000,0x00000009ec000000)]
  0x00000121c0a0f000 JavaThread "C2 CompilerThread0" daemon [_thread_blocked, id=15176, stack(0x00000009ec000000,0x00000009ec100000)]
  0x00000121c0a13000 JavaThread "C1 CompilerThread0" daemon [_thread_blocked, id=13856, stack(0x00000009ec100000,0x00000009ec200000)]
  0x00000121c0a1c800 JavaThread "Sweeper thread" daemon [_thread_blocked, id=6904, stack(0x00000009ec200000,0x00000009ec300000)]
  0x00000121c14c9800 JavaThread "Common-Cleaner" daemon [_thread_blocked, id=1608, stack(0x00000009ec300000,0x00000009ec400000)]
  0x00000121c31ae800 JavaThread "Daemon health stats" [_thread_blocked, id=10104, stack(0x00000009ec700000,0x00000009ec800000)]
  0x00000121c2c7d000 JavaThread "Incoming local TCP Connector on port 60364" [_thread_in_native, id=13432, stack(0x00000009ec800000,0x00000009ec900000)]
  0x00000121c3b01800 JavaThread "Daemon periodic checks" [_thread_blocked, id=17168, stack(0x00000009ec900000,0x00000009eca00000)]
  0x00000121c1aad000 JavaThread "Cache worker for journal cache (C:\Users\JOHN BATISTA\.gradle\caches\journal-1)" [_thread_blocked, id=8736, stack(0x00000009ed200000,0x00000009ed300000)]
  0x00000121c1aaf800 JavaThread "File lock request listener" [_thread_in_native, id=7004, stack(0x00000009ed300000,0x00000009ed400000)]
  0x00000121c1aaf000 JavaThread "Cache worker for file hash cache (C:\Users\JOHN BATISTA\.gradle\caches\7.2\fileHashes)" [_thread_blocked, id=11492, stack(0x00000009ed400000,0x00000009ed500000)]
  0x00000121c1aaa800 JavaThread "File watcher server" daemon [_thread_blocked, id=3340, stack(0x00000009ed500000,0x00000009ed600000)]
  0x00000121c1ab1000 JavaThread "File watcher consumer" daemon [_thread_blocked, id=15968, stack(0x00000009ed700000,0x00000009ed800000)]
  0x00000121c1ab0800 JavaThread "jar transforms" [_thread_blocked, id=11500, stack(0x00000009ed800000,0x00000009ed900000)]
  0x00000121c1aab800 JavaThread "jar transforms Thread 2" [_thread_blocked, id=9532, stack(0x00000009ed900000,0x00000009eda00000)]
  0x00000121c18e4800 JavaThread "jar transforms Thread 3" [_thread_blocked, id=9500, stack(0x00000009eda00000,0x00000009edb00000)]
  0x00000121c18e3800 JavaThread "jar transforms Thread 4" [_thread_blocked, id=6940, stack(0x00000009edb00000,0x00000009edc00000)]
  0x00000121c18e2800 JavaThread "Cache worker for execution history cache (C:\Users\JOHN BATISTA\.gradle\caches\7.2\executionHistory)" [_thread_blocked, id=9348, stack(0x00000009edf00000,0x00000009ee000000)]
  0x00000121c18e7800 JavaThread "Cache worker for file content cache (C:\Users\JOHN BATISTA\.gradle\caches\7.2\fileContent)" [_thread_blocked, id=11372, stack(0x00000009ee000000,0x00000009ee100000)]
  0x00000121c4184800 JavaThread "Memory manager" [_thread_blocked, id=1708, stack(0x00000009ecf00000,0x00000009ed000000)]
  0x00000121c4178800 JavaThread "Daemon Thread 2" [_thread_blocked, id=12324, stack(0x00000009eb100000,0x00000009eb200000)]
  0x00000121c417c800 JavaThread "Handler for socket connection from /127.0.0.1:60364 to /127.0.0.1:49958" [_thread_in_native, id=14816, stack(0x00000009eb200000,0x00000009eb300000)]
  0x00000121c417b800 JavaThread "Cancel handler" [_thread_blocked, id=7320, stack(0x00000009eb300000,0x00000009eb400000)]
  0x00000121c4177800 JavaThread "Daemon worker Thread 2" [_thread_blocked, id=11668, stack(0x00000009eca00000,0x00000009ecb00000)]
  0x00000121c417e000 JavaThread "Asynchronous log dispatcher for DefaultDaemonConnection: socket connection from /127.0.0.1:60364 to /127.0.0.1:49958" [_thread_blocked, id=15708, stack(0x00000009ecb00000,0x00000009ecc00000)]
  0x00000121c4179000 JavaThread "Daemon client event forwarder" [_thread_blocked, id=7268, stack(0x00000009ecd00000,0x00000009ece00000)]
  0x00000121c4180000 JavaThread "Cache worker for file hash cache (C:\Users\JOHN BATISTA\AndroidStudioProjects\SportsApplication\.gradle\7.2\fileHashes)" [_thread_blocked, id=15796, stack(0x00000009ece00000,0x00000009ecf00000)]
  0x00000121c417a000 JavaThread "Cache worker for checksums cache (C:\Users\JOHN BATISTA\AndroidStudioProjects\SportsApplication\.gradle\checksums)" [_thread_blocked, id=11584, stack(0x00000009ed000000,0x00000009ed100000)]
  0x00000121c4180800 JavaThread "Cache worker for cache directory md-supplier (C:\Users\JOHN BATISTA\.gradle\caches\7.2\md-supplier)" [_thread_blocked, id=9892, stack(0x00000009ed600000,0x00000009ed700000)]
  0x00000121c417b000 JavaThread "Cache worker for cache directory md-rule (C:\Users\JOHN BATISTA\.gradle\caches\7.2\md-rule)" [_thread_blocked, id=16316, stack(0x00000009edc00000,0x00000009edd00000)]
  0x00000121c4186800 JavaThread "Cache worker for dependencies-accessors (C:\Users\JOHN BATISTA\AndroidStudioProjects\SportsApplication\.gradle\7.2\dependencies-accessors)" [_thread_blocked, id=16128, stack(0x00000009edd00000,0x00000009ede00000)]
  0x00000121c4181800 JavaThread "Cache worker for Build Output Cleanup Cache (C:\Users\JOHN BATISTA\AndroidStudioProjects\SportsApplication\.gradle\buildOutputCleanup)" [_thread_blocked, id=8516, stack(0x00000009ede00000,0x00000009edf00000)]
  0x00000121c417f000 JavaThread "Unconstrained build operations" [_thread_blocked, id=3992, stack(0x00000009ecc00000,0x00000009ecd00000)]
  0x00000121c4184000 JavaThread "Unconstrained build operations Thread 2" [_thread_blocked, id=2944, stack(0x00000009ee100000,0x00000009ee200000)]
  0x00000121c18e6000 JavaThread "Unconstrained build operations Thread 3" [_thread_blocked, id=7564, stack(0x00000009ee200000,0x00000009ee300000)]
  0x00000121c18e2000 JavaThread "Unconstrained build operations Thread 4" [_thread_blocked, id=12844, stack(0x00000009ee300000,0x00000009ee400000)]
  0x00000121c18e6800 JavaThread "Unconstrained build operations Thread 5" [_thread_blocked, id=7404, stack(0x00000009ee400000,0x00000009ee500000)]
  0x00000121c18e8800 JavaThread "Unconstrained build operations Thread 6" [_thread_blocked, id=6492, stack(0x00000009ee500000,0x00000009ee600000)]
  0x00000121c18e9000 JavaThread "Unconstrained build operations Thread 7" [_thread_blocked, id=6208, stack(0x00000009ee600000,0x00000009ee700000)]
  0x00000121c18eb000 JavaThread "Unconstrained build operations Thread 8" [_thread_blocked, id=17640, stack(0x00000009ee700000,0x00000009ee800000)]
  0x00000121c18e5000 JavaThread "Unconstrained build operations Thread 9" [_thread_blocked, id=13764, stack(0x00000009ee800000,0x00000009ee900000)]
  0x00000121c18ed000 JavaThread "Unconstrained build operations Thread 10" [_thread_blocked, id=10228, stack(0x00000009ee900000,0x00000009eea00000)]
  0x00000121c18ee000 JavaThread "Unconstrained build operations Thread 11" [_thread_blocked, id=17924, stack(0x00000009eea00000,0x00000009eeb00000)]
  0x00000121c18ef000 JavaThread "Unconstrained build operations Thread 12" [_thread_blocked, id=6444, stack(0x00000009eeb00000,0x00000009eec00000)]
  0x00000121c18ef800 JavaThread "Unconstrained build operations Thread 13" [_thread_blocked, id=14688, stack(0x00000009eec00000,0x00000009eed00000)]
  0x00000121c18eb800 JavaThread "Unconstrained build operations Thread 14" [_thread_blocked, id=17336, stack(0x00000009eed00000,0x00000009eee00000)]
  0x00000121c18ec800 JavaThread "Unconstrained build operations Thread 15" [_thread_blocked, id=8580, stack(0x00000009eee00000,0x00000009eef00000)]
  0x00000121c1aae000 JavaThread "Unconstrained build operations Thread 16" [_thread_blocked, id=12552, stack(0x00000009eef00000,0x00000009ef000000)]
  0x00000121c1aac800 JavaThread "Unconstrained build operations Thread 17" [_thread_blocked, id=284, stack(0x00000009ef000000,0x00000009ef100000)]
  0x00000121c19be800 JavaThread "Unconstrained build operations Thread 18" [_thread_blocked, id=5152, stack(0x00000009ef100000,0x00000009ef200000)]
  0x00000121c19c0000 JavaThread "Unconstrained build operations Thread 19" [_thread_blocked, id=8400, stack(0x00000009ef200000,0x00000009ef300000)]
  0x00000121c19bd000 JavaThread "Unconstrained build operations Thread 20" [_thread_blocked, id=15540, stack(0x00000009ef300000,0x00000009ef400000)]
  0x00000121c19bd800 JavaThread "Unconstrained build operations Thread 21" [_thread_blocked, id=12008, stack(0x00000009ef400000,0x00000009ef500000)]
  0x00000121c19bf800 JavaThread "Unconstrained build operations Thread 22" [_thread_blocked, id=11716, stack(0x00000009ef500000,0x00000009ef600000)]
  0x00000121c19c2000 JavaThread "Unconstrained build operations Thread 23" [_thread_blocked, id=3572, stack(0x00000009ef600000,0x00000009ef700000)]
  0x00000121c19bc000 JavaThread "Unconstrained build operations Thread 24" [_thread_blocked, id=13240, stack(0x00000009ef700000,0x00000009ef800000)]
  0x00000121c19c1000 JavaThread "Unconstrained build operations Thread 25" [_thread_blocked, id=13576, stack(0x00000009ef800000,0x00000009ef900000)]
  0x00000121c19c2800 JavaThread "Unconstrained build operations Thread 26" [_thread_blocked, id=3580, stack(0x00000009ef900000,0x00000009efa00000)]
  0x00000121c37a0000 JavaThread "Unconstrained build operations Thread 27" [_thread_blocked, id=10152, stack(0x00000009efa00000,0x00000009efb00000)]
  0x00000121c37a0800 JavaThread "Unconstrained build operations Thread 28" [_thread_blocked, id=12972, stack(0x00000009efb00000,0x00000009efc00000)]
  0x00000121c37a3000 JavaThread "Unconstrained build operations Thread 29" [_thread_blocked, id=3692, stack(0x00000009efc00000,0x00000009efd00000)]
  0x00000121c37a1800 JavaThread "Unconstrained build operations Thread 30" [_thread_blocked, id=18068, stack(0x00000009efd00000,0x00000009efe00000)]
  0x00000121c37a4000 JavaThread "Unconstrained build operations Thread 31" [_thread_blocked, id=16324, stack(0x00000009efe00000,0x00000009eff00000)]
  0x00000121c37a2800 JavaThread "Unconstrained build operations Thread 32" [_thread_blocked, id=6516, stack(0x00000009eff00000,0x00000009f0000000)]
  0x00000121c379e800 JavaThread "Unconstrained build operations Thread 33" [_thread_blocked, id=11704, stack(0x00000009f0000000,0x00000009f0100000)]
  0x00000121c37a5000 JavaThread "Unconstrained build operations Thread 34" [_thread_blocked, id=14608, stack(0x00000009f0100000,0x00000009f0200000)]
  0x00000121c379f000 JavaThread "Unconstrained build operations Thread 35" [_thread_blocked, id=9220, stack(0x00000009f0200000,0x00000009f0300000)]
  0x00000121c43c9800 JavaThread "Unconstrained build operations Thread 36" [_thread_blocked, id=2588, stack(0x00000009f0300000,0x00000009f0400000)]
  0x00000121c43cd800 JavaThread "Unconstrained build operations Thread 37" [_thread_blocked, id=11936, stack(0x00000009f0400000,0x00000009f0500000)]
  0x00000121c43ca800 JavaThread "Unconstrained build operations Thread 38" [_thread_blocked, id=16952, stack(0x00000009f0500000,0x00000009f0600000)]
  0x00000121c43ce800 JavaThread "Unconstrained build operations Thread 39" [_thread_blocked, id=11808, stack(0x00000009f0600000,0x00000009f0700000)]
  0x00000121c43d1000 JavaThread "Unconstrained build operations Thread 40" [_thread_blocked, id=17976, stack(0x00000009f0700000,0x00000009f0800000)]
  0x00000121c43cb000 JavaThread "build event listener" [_thread_blocked, id=18392, stack(0x00000009f0800000,0x00000009f0900000)]
  0x00000121c43d2000 JavaThread "build event listener" [_thread_blocked, id=4896, stack(0x00000009f0900000,0x00000009f0a00000)]
  0x00000121c43cc000 JavaThread "Execution worker for ':'" [_thread_blocked, id=4304, stack(0x00000009f0a00000,0x00000009f0b00000)]
  0x00000121c43d2800 JavaThread "Execution worker for ':' Thread 2" [_thread_blocked, id=18220, stack(0x00000009f0b00000,0x00000009f0c00000)]
  0x00000121c43cd000 JavaThread "Execution worker for ':' Thread 3" [_thread_blocked, id=11084, stack(0x00000009f0c00000,0x00000009f0d00000)]
  0x00000121c43d5000 JavaThread "Cache worker for execution history cache (C:\Users\JOHN BATISTA\AndroidStudioProjects\SportsApplication\.gradle\7.2\executionHistory)" [_thread_blocked, id=3492, stack(0x00000009f0d00000,0x00000009f0e00000)]

Other Threads:
=>0x00000121c09dc800 VMThread "VM Thread" [stack: 0x00000009eba00000,0x00000009ebb00000] [id=15220]
  0x00000121c1513000 WatcherThread [stack: 0x00000009ec400000,0x00000009ec500000] [id=7420]
  0x00000121a6e17800 GCTaskThread "GC Thread#0" [stack: 0x00000009eb500000,0x00000009eb600000] [id=15624]
  0x00000121c16fe000 GCTaskThread "GC Thread#1" [stack: 0x00000009ec500000,0x00000009ec600000] [id=6764]
  0x00000121c1ccc000 GCTaskThread "GC Thread#2" [stack: 0x00000009ec600000,0x00000009ec700000] [id=13508]
  0x00000121c1f1c800 GCTaskThread "GC Thread#3" [stack: 0x00000009ed100000,0x00000009ed200000] [id=17132]
  0x00000121a6e48800 ConcurrentGCThread "G1 Main Marker" [stack: 0x00000009eb600000,0x00000009eb700000] [id=13284]
  0x00000121a6e4a000 ConcurrentGCThread "G1 Conc#0" [stack: 0x00000009eb700000,0x00000009eb800000] [id=13888]
  0x00000121c0830800 ConcurrentGCThread "G1 Refine#0" [stack: 0x00000009eb800000,0x00000009eb900000] [id=15700]
  0x00000121c0831800 ConcurrentGCThread "G1 Young RemSet Sampling" [stack: 0x00000009eb900000,0x00000009eba00000] [id=10640]

Threads with active compile tasks:
C2 CompilerThread09234907 16304       4       org.gradle.internal.vfs.impl.DefaultSnapshotHierarchy::getMetadata (37 bytes)
C1 CompilerThread09234907 16308       1       org.gradle.api.internal.AbstractTask::getDestroyables (5 bytes)

VM state:at safepoint (normal execution)

VM Mutex/Monitor currently owned by a thread:  ([mutex/lock_event])
[0x00000121a6df8880] Threads_lock - owner thread: 0x00000121c09dc800
[0x00000121a6df8760] Heap_lock - owner thread: 0x00000121c4181800

Heap address: 0x0000000080000000, size: 2048 MB, Compressed Oops mode: 32-bit
Narrow klass base: 0x0000000000000000, Narrow klass shift: 3
Compressed class space size: 1073741824 Address: 0x0000000100000000

Heap:
 garbage-first heap   total 324608K, used 142682K [0x0000000080000000, 0x0000000100000000)
  region size 1024K, 2 young (2048K), 2 survivors (2048K)
 Metaspace       used 116103K, capacity 118911K, committed 120112K, reserved 1153024K
  class space    used 14819K, capacity 15901K, committed 16256K, reserved 1048576K
Heap Regions: E=young(eden), S=young(survivor), O=old, HS=humongous(starts), HC=humongous(continues), CS=collection set, F=free, A=archive, TAMS=top-at-mark-start (previous, next)
|   0|0x0000000080000000, 0x0000000080100000, 0x0000000080100000|100%|HS|  |TAMS 0x0000000080100000, 0x0000000080000000| Complete 
|   1|0x0000000080100000, 0x0000000080200000, 0x0000000080200000|100%|HC|  |TAMS 0x0000000080200000, 0x0000000080100000| Complete 
|   2|0x0000000080200000, 0x0000000080300000, 0x0000000080300000|100%|HC|  |TAMS 0x0000000080300000, 0x0000000080200000| Complete 
|   3|0x0000000080300000, 0x0000000080400000, 0x0000000080400000|100%| O|  |TAMS 0x0000000080400000, 0x0000000080300000| Complete 
|   4|0x0000000080400000, 0x0000000080500000, 0x0000000080500000|100%| O|  |TAMS 0x0000000080500000, 0x0000000080400000| Untracked 
|   5|0x0000000080500000, 0x0000000080600000, 0x0000000080600000|100%| O|  |TAMS 0x0000000080600000, 0x0000000080500000| Untracked 
|   6|0x0000000080600000, 0x0000000080700000, 0x0000000080700000|100%| O|  |TAMS 0x0000000080700000, 0x0000000080600000| Untracked 
|   7|0x0000000080700000, 0x0000000080800000, 0x0000000080800000|100%| O|  |TAMS 0x0000000080800000, 0x0000000080700000| Untracked 
|   8|0x0000000080800000, 0x0000000080900000, 0x0000000080900000|100%| O|  |TAMS 0x0000000080900000, 0x0000000080800000| Complete 
|   9|0x0000000080900000, 0x0000000080a00000, 0x0000000080a00000|100%| O|  |TAMS 0x0000000080a00000, 0x0000000080900000| Untracked 
|  10|0x0000000080a00000, 0x0000000080b00000, 0x0000000080b00000|100%| O|  |TAMS 0x0000000080b00000, 0x0000000080a00000| Complete 
|  11|0x0000000080b00000, 0x0000000080c00000, 0x0000000080c00000|100%| O|  |TAMS 0x0000000080c00000, 0x0000000080b00000| Complete 
|  12|0x0000000080c00000, 0x0000000080d00000, 0x0000000080d00000|100%| O|  |TAMS 0x0000000080d00000, 0x0000000080c00000| Complete 
|  13|0x0000000080d00000, 0x0000000080e00000, 0x0000000080e00000|100%| O|  |TAMS 0x0000000080e00000, 0x0000000080d00000| Complete 
|  14|0x0000000080e00000, 0x0000000080f00000, 0x0000000080f00000|100%| O|  |TAMS 0x0000000080f00000, 0x0000000080e00000| Untracked 
|  15|0x0000000080f00000, 0x0000000081000000, 0x0000000081000000|100%| O|  |TAMS 0x0000000081000000, 0x0000000080f00000| Untracked 
|  16|0x0000000081000000, 0x0000000081100000, 0x0000000081100000|100%| O|  |TAMS 0x0000000081100000, 0x0000000081000000| Untracked 
|  17|0x0000000081100000, 0x0000000081200000, 0x0000000081200000|100%|HS|  |TAMS 0x0000000081200000, 0x0000000081100000| Complete 
|  18|0x0000000081200000, 0x0000000081300000, 0x0000000081300000|100%|HC|  |TAMS 0x0000000081300000, 0x0000000081200000| Complete 
|  19|0x0000000081300000, 0x0000000081400000, 0x0000000081400000|100%|HS|  |TAMS 0x0000000081400000, 0x0000000081300000| Complete 
|  20|0x0000000081400000, 0x0000000081500000, 0x0000000081500000|100%|HC|  |TAMS 0x0000000081500000, 0x0000000081400000| Complete 
|  21|0x0000000081500000, 0x0000000081600000, 0x0000000081600000|100%|HC|  |TAMS 0x0000000081600000, 0x0000000081500000| Complete 
|  22|0x0000000081600000, 0x0000000081700000, 0x0000000081700000|100%|HS|  |TAMS 0x0000000081700000, 0x0000000081600000| Complete 
|  23|0x0000000081700000, 0x0000000081800000, 0x0000000081800000|100%|HC|  |TAMS 0x0000000081800000, 0x0000000081700000| Complete 
|  24|0x0000000081800000, 0x0000000081900000, 0x0000000081900000|100%|HC|  |TAMS 0x0000000081900000, 0x0000000081800000| Complete 
|  25|0x0000000081900000, 0x0000000081a00000, 0x0000000081a00000|100%|HC|  |TAMS 0x0000000081a00000, 0x0000000081900000| Complete 
|  26|0x0000000081a00000, 0x0000000081b00000, 0x0000000081b00000|100%| O|  |TAMS 0x0000000081b00000, 0x0000000081a00000| Untracked 
|  27|0x0000000081b00000, 0x0000000081c00000, 0x0000000081c00000|100%| O|  |TAMS 0x0000000081c00000, 0x0000000081b00000| Untracked 
|  28|0x0000000081c00000, 0x0000000081d00000, 0x0000000081d00000|100%| O|  |TAMS 0x0000000081d00000, 0x0000000081c00000| Complete 
|  29|0x0000000081d00000, 0x0000000081e00000, 0x0000000081e00000|100%| O|  |TAMS 0x0000000081e00000, 0x0000000081d00000| Complete 
|  30|0x0000000081e00000, 0x0000000081f00000, 0x0000000081f00000|100%| O|  |TAMS 0x0000000081f00000, 0x0000000081e00000| Untracked 
|  31|0x0000000081f00000, 0x0000000082000000, 0x0000000082000000|100%| O|  |TAMS 0x0000000082000000, 0x0000000081f00000| Complete 
|  32|0x0000000082000000, 0x0000000082100000, 0x0000000082100000|100%| O|  |TAMS 0x0000000082100000, 0x0000000082000000| Complete 
|  33|0x0000000082100000, 0x0000000082200000, 0x0000000082200000|100%|HS|  |TAMS 0x0000000082200000, 0x0000000082100000| Complete 
|  34|0x0000000082200000, 0x0000000082300000, 0x0000000082300000|100%|HC|  |TAMS 0x0000000082300000, 0x0000000082200000| Complete 
|  35|0x0000000082300000, 0x0000000082400000, 0x0000000082400000|100%|HC|  |TAMS 0x0000000082400000, 0x0000000082300000| Complete 
|  36|0x0000000082400000, 0x0000000082500000, 0x0000000082500000|100%| O|  |TAMS 0x0000000082500000, 0x0000000082400000| Complete 
|  37|0x0000000082500000, 0x0000000082600000, 0x0000000082600000|100%| O|  |TAMS 0x0000000082600000, 0x0000000082500000| Complete 
|  38|0x0000000082600000, 0x0000000082700000, 0x0000000082700000|100%| O|  |TAMS 0x0000000082700000, 0x0000000082600000| Untracked 
|  39|0x0000000082700000, 0x0000000082800000, 0x0000000082800000|100%| O|  |TAMS 0x0000000082800000, 0x0000000082700000| Complete 
|  40|0x0000000082800000, 0x0000000082900000, 0x0000000082900000|100%| O|  |TAMS 0x0000000082900000, 0x0000000082800000| Complete 
|  41|0x0000000082900000, 0x0000000082a00000, 0x0000000082a00000|100%| O|  |TAMS 0x0000000082900000, 0x0000000082900000| Untracked 
|  42|0x0000000082a00000, 0x0000000082b00000, 0x0000000082b00000|100%| O|  |TAMS 0x0000000082b00000, 0x0000000082a00000| Untracked 
|  43|0x0000000082b00000, 0x0000000082c00000, 0x0000000082c00000|100%| O|  |TAMS 0x0000000082b00000, 0x0000000082b00000| Untracked 
|  44|0x0000000082c00000, 0x0000000082d00000, 0x0000000082d00000|100%| O|  |TAMS 0x0000000082d00000, 0x0000000082c00000| Complete 
|  45|0x0000000082d00000, 0x0000000082e00000, 0x0000000082e00000|100%| O|  |TAMS 0x0000000082e00000, 0x0000000082d00000| Complete 
|  46|0x0000000082e00000, 0x0000000082f00000, 0x0000000082f00000|100%|HS|  |TAMS 0x0000000082f00000, 0x0000000082e00000| Complete 
|  47|0x0000000082f00000, 0x0000000083000000, 0x0000000083000000|100%|HC|  |TAMS 0x0000000083000000, 0x0000000082f00000| Complete 
|  48|0x0000000083000000, 0x0000000083100000, 0x0000000083100000|100%|HC|  |TAMS 0x0000000083100000, 0x0000000083000000| Complete 
|  49|0x0000000083100000, 0x0000000083200000, 0x0000000083200000|100%|HC|  |TAMS 0x0000000083200000, 0x0000000083100000| Complete 
|  50|0x0000000083200000, 0x0000000083300000, 0x0000000083300000|100%| O|  |TAMS 0x0000000083200000, 0x0000000083200000| Untracked 
|  51|0x0000000083300000, 0x0000000083400000, 0x0000000083400000|100%| O|  |TAMS 0x0000000083300000, 0x0000000083300000| Untracked 
|  52|0x0000000083400000, 0x0000000083500000, 0x0000000083500000|100%|HS|  |TAMS 0x0000000083500000, 0x0000000083400000| Complete 
|  53|0x0000000083500000, 0x0000000083600000, 0x0000000083600000|100%|HS|  |TAMS 0x0000000083600000, 0x0000000083500000| Complete 
|  54|0x0000000083600000, 0x0000000083700000, 0x0000000083700000|100%|HS|  |TAMS 0x0000000083700000, 0x0000000083600000| Complete 
|  55|0x0000000083700000, 0x0000000083800000, 0x0000000083800000|100%|HS|  |TAMS 0x0000000083800000, 0x0000000083700000| Complete 
|  56|0x0000000083800000, 0x0000000083900000, 0x0000000083900000|100%| O|  |TAMS 0x0000000083900000, 0x0000000083800000| Complete 
|  57|0x0000000083900000, 0x0000000083a00000, 0x0000000083a00000|100%| O|  |TAMS 0x0000000083900000, 0x0000000083900000| Untracked 
|  58|0x0000000083a00000, 0x0000000083b00000, 0x0000000083b00000|100%| O|  |TAMS 0x0000000083a00000, 0x0000000083a00000| Untracked 
|  59|0x0000000083b00000, 0x0000000083c00000, 0x0000000083c00000|100%| O|  |TAMS 0x0000000083b00000, 0x0000000083b00000| Untracked 
|  60|0x0000000083c00000, 0x0000000083d00000, 0x0000000083d00000|100%| O|  |TAMS 0x0000000083c00000, 0x0000000083c00000| Untracked 
|  61|0x0000000083d00000, 0x0000000083d00000, 0x0000000083e00000|  0%| F|  |TAMS 0x0000000083d00000, 0x0000000083d00000| Untracked 
|  62|0x0000000083e00000, 0x0000000083f00000, 0x0000000083f00000|100%|HS|  |TAMS 0x0000000083f00000, 0x0000000083e00000| Complete 
|  63|0x0000000083f00000, 0x0000000084000000, 0x0000000084000000|100%|HC|  |TAMS 0x0000000084000000, 0x0000000083f00000| Complete 
|  64|0x0000000084000000, 0x0000000084100000, 0x0000000084100000|100%|HC|  |TAMS 0x0000000084100000, 0x0000000084000000| Complete 
|  65|0x0000000084100000, 0x0000000084200000, 0x0000000084200000|100%| O|  |TAMS 0x0000000084200000, 0x0000000084100000| Complete 
|  66|0x0000000084200000, 0x0000000084300000, 0x0000000084300000|100%| O|  |TAMS 0x0000000084300000, 0x0000000084200000| Untracked 
|  67|0x0000000084300000, 0x0000000084400000, 0x0000000084400000|100%| O|  |TAMS 0x0000000084400000, 0x0000000084300000| Untracked 
|  68|0x0000000084400000, 0x0000000084500000, 0x0000000084500000|100%| O|  |TAMS 0x0000000084500000, 0x0000000084400000| Complete 
|  69|0x0000000084500000, 0x0000000084600000, 0x0000000084600000|100%| O|  |TAMS 0x0000000084500000, 0x0000000084500000| Untracked 
|  70|0x0000000084600000, 0x0000000084700000, 0x0000000084700000|100%| O|  |TAMS 0x0000000084600000, 0x0000000084600000| Untracked 
|  71|0x0000000084700000, 0x0000000084800000, 0x0000000084800000|100%|HS|  |TAMS 0x0000000084800000, 0x0000000084700000| Complete 
|  72|0x0000000084800000, 0x0000000084900000, 0x0000000084900000|100%|HC|  |TAMS 0x0000000084900000, 0x0000000084800000| Complete 
|  73|0x0000000084900000, 0x0000000084a00000, 0x0000000084a00000|100%| O|  |TAMS 0x0000000084a00000, 0x0000000084900000| Untracked 
|  74|0x0000000084a00000, 0x0000000084a00000, 0x0000000084b00000|  0%| F|  |TAMS 0x0000000084a00000, 0x0000000084a00000| Untracked 
|  75|0x0000000084b00000, 0x0000000084c00000, 0x0000000084c00000|100%| O|  |TAMS 0x0000000084c00000, 0x0000000084b00000| Complete 
|  76|0x0000000084c00000, 0x0000000084d00000, 0x0000000084d00000|100%| O|  |TAMS 0x0000000084d00000, 0x0000000084c00000| Untracked 
|  77|0x0000000084d00000, 0x0000000084d00000, 0x0000000084e00000|  0%| F|  |TAMS 0x0000000084d00000, 0x0000000084d00000| Untracked 
|  78|0x0000000084e00000, 0x0000000084f00000, 0x0000000084f00000|100%| O|  |TAMS 0x0000000084f00000, 0x0000000084e00000| Complete 
|  79|0x0000000084f00000, 0x0000000085000000, 0x0000000085000000|100%| O|  |TAMS 0x0000000085000000, 0x0000000084f00000| Untracked 
|  80|0x0000000085000000, 0x0000000085100000, 0x0000000085100000|100%| O|  |TAMS 0x0000000085100000, 0x0000000085000000| Complete 
|  81|0x0000000085100000, 0x0000000085200000, 0x0000000085200000|100%| O|  |TAMS 0x0000000085200000, 0x0000000085100000| Complete 
|  82|0x0000000085200000, 0x0000000085300000, 0x0000000085300000|100%| O|  |TAMS 0x0000000085300000, 0x0000000085200000| Complete 
|  83|0x0000000085300000, 0x0000000085400000, 0x0000000085400000|100%| O|  |TAMS 0x0000000085300000, 0x0000000085300000| Untracked 
|  84|0x0000000085400000, 0x0000000085500000, 0x0000000085500000|100%| O|  |TAMS 0x0000000085400000, 0x0000000085400000| Untracked 
|  85|0x0000000085500000, 0x0000000085600000, 0x0000000085600000|100%| O|  |TAMS 0x0000000085600000, 0x0000000085500000| Complete 
|  86|0x0000000085600000, 0x0000000085700000, 0x0000000085700000|100%| O|  |TAMS 0x0000000085600000, 0x0000000085600000| Untracked 
|  87|0x0000000085700000, 0x0000000085800000, 0x0000000085800000|100%| O|  |TAMS 0x0000000085700000, 0x0000000085700000| Untracked 
|  88|0x0000000085800000, 0x0000000085900000, 0x0000000085900000|100%| O|  |TAMS 0x0000000085800000, 0x0000000085800000| Untracked 
|  89|0x0000000085900000, 0x0000000085a00000, 0x0000000085a00000|100%| O|  |TAMS 0x0000000085900000, 0x0000000085900000| Untracked 
|  90|0x0000000085a00000, 0x0000000085a00000, 0x0000000085b00000|  0%| F|  |TAMS 0x0000000085a00000, 0x0000000085a00000| Untracked 
|  91|0x0000000085b00000, 0x0000000085c00000, 0x0000000085c00000|100%| O|  |TAMS 0x0000000085c00000, 0x0000000085b00000| Complete 
|  92|0x0000000085c00000, 0x0000000085c00000, 0x0000000085d00000|  0%| F|  |TAMS 0x0000000085c00000, 0x0000000085c00000| Untracked 
|  93|0x0000000085d00000, 0x0000000085d00000, 0x0000000085e00000|  0%| F|  |TAMS 0x0000000085d00000, 0x0000000085d00000| Untracked 
|  94|0x0000000085e00000, 0x0000000085f00000, 0x0000000085f00000|100%| O|  |TAMS 0x0000000085e00000, 0x0000000085e00000| Untracked 
|  95|0x0000000085f00000, 0x0000000085f00000, 0x0000000086000000|  0%| F|  |TAMS 0x0000000085f00000, 0x0000000085f00000| Untracked 
|  96|0x0000000086000000, 0x0000000086000000, 0x0000000086100000|  0%| F|  |TAMS 0x0000000086000000, 0x0000000086000000| Untracked 
|  97|0x0000000086100000, 0x0000000086200000, 0x0000000086200000|100%|HS|  |TAMS 0x0000000086200000, 0x0000000086100000| Complete 
|  98|0x0000000086200000, 0x0000000086300000, 0x0000000086300000|100%|HC|  |TAMS 0x0000000086300000, 0x0000000086200000| Complete 
|  99|0x0000000086300000, 0x0000000086400000, 0x0000000086400000|100%| O|  |TAMS 0x0000000086400000, 0x0000000086300000| Untracked 
| 100|0x0000000086400000, 0x0000000086500000, 0x0000000086500000|100%| O|  |TAMS 0x0000000086400000, 0x0000000086400000| Untracked 
| 101|0x0000000086500000, 0x0000000086600000, 0x0000000086600000|100%|HS|  |TAMS 0x0000000086600000, 0x0000000086500000| Complete 
| 102|0x0000000086600000, 0x0000000086700000, 0x0000000086700000|100%|HC|  |TAMS 0x0000000086700000, 0x0000000086600000| Complete 
| 103|0x0000000086700000, 0x0000000086800000, 0x0000000086800000|100%|HC|  |TAMS 0x0000000086800000, 0x0000000086700000| Complete 
| 104|0x0000000086800000, 0x0000000086900000, 0x0000000086900000|100%|HS|  |TAMS 0x0000000086900000, 0x0000000086800000| Complete 
| 105|0x0000000086900000, 0x0000000086a00000, 0x0000000086a00000|100%|HC|  |TAMS 0x0000000086a00000, 0x0000000086900000| Complete 
| 106|0x0000000086a00000, 0x0000000086b00000, 0x0000000086b00000|100%|HC|  |TAMS 0x0000000086b00000, 0x0000000086a00000| Complete 
| 107|0x0000000086b00000, 0x0000000086c00000, 0x0000000086c00000|100%|HC|  |TAMS 0x0000000086c00000, 0x0000000086b00000| Complete 
| 108|0x0000000086c00000, 0x0000000086d00000, 0x0000000086d00000|100%| O|  |TAMS 0x0000000086d00000, 0x0000000086c00000| Untracked 
| 109|0x0000000086d00000, 0x0000000086d00000, 0x0000000086e00000|  0%| F|  |TAMS 0x0000000086d00000, 0x0000000086d00000| Untracked 
| 110|0x0000000086e00000, 0x0000000086f00000, 0x0000000086f00000|100%| O|  |TAMS 0x0000000086e00000, 0x0000000086e00000| Untracked 
| 111|0x0000000086f00000, 0x0000000087000000, 0x0000000087000000|100%| O|  |TAMS 0x0000000086f00000, 0x0000000086f00000| Untracked 
| 112|0x0000000087000000, 0x0000000087100000, 0x0000000087100000|100%| O|  |TAMS 0x0000000087000000, 0x0000000087000000| Untracked 
| 113|0x0000000087100000, 0x0000000087200000, 0x0000000087200000|100%| O|  |TAMS 0x0000000087100000, 0x0000000087100000| Untracked 
| 114|0x0000000087200000, 0x0000000087300000, 0x0000000087300000|100%| O|  |TAMS 0x0000000087200000, 0x0000000087200000| Untracked 
| 115|0x0000000087300000, 0x0000000087300000, 0x0000000087400000|  0%| F|  |TAMS 0x0000000087300000, 0x0000000087300000| Untracked 
| 116|0x0000000087400000, 0x0000000087500000, 0x0000000087500000|100%| O|  |TAMS 0x0000000087500000, 0x0000000087400000| Complete 
| 117|0x0000000087500000, 0x0000000087600000, 0x0000000087600000|100%| O|  |TAMS 0x0000000087500000, 0x0000000087500000| Untracked 
| 118|0x0000000087600000, 0x0000000087600000, 0x0000000087700000|  0%| F|  |TAMS 0x0000000087600000, 0x0000000087600000| Untracked 
| 119|0x0000000087700000, 0x0000000087800000, 0x0000000087800000|100%| O|  |TAMS 0x0000000087700000, 0x0000000087700000| Untracked 
| 120|0x0000000087800000, 0x0000000087900000, 0x0000000087900000|100%| O|  |TAMS 0x0000000087800000, 0x0000000087800000| Untracked 
| 121|0x0000000087900000, 0x0000000087900000, 0x0000000087a00000|  0%| F|  |TAMS 0x0000000087900000, 0x0000000087900000| Untracked 
| 122|0x0000000087a00000, 0x0000000087b00000, 0x0000000087b00000|100%| O|  |TAMS 0x0000000087a00000, 0x0000000087a00000| Untracked 
| 123|0x0000000087b00000, 0x0000000087c00000, 0x0000000087c00000|100%| O|  |TAMS 0x0000000087b00000, 0x0000000087b00000| Untracked 
| 124|0x0000000087c00000, 0x0000000087c66200, 0x0000000087d00000| 39%| O|  |TAMS 0x0000000087c00000, 0x0000000087c00000| Untracked 
| 125|0x0000000087d00000, 0x0000000087e00000, 0x0000000087e00000|100%| O|  |TAMS 0x0000000087e00000, 0x0000000087d00000| Untracked 
| 126|0x0000000087e00000, 0x0000000087e00000, 0x0000000087f00000|  0%| F|  |TAMS 0x0000000087e00000, 0x0000000087e00000| Untracked 
| 127|0x0000000087f00000, 0x0000000088000000, 0x0000000088000000|100%| O|  |TAMS 0x0000000088000000, 0x0000000087f00000| Untracked 
| 128|0x0000000088000000, 0x0000000088000000, 0x0000000088100000|  0%| F|  |TAMS 0x0000000088000000, 0x0000000088000000| Untracked 
| 129|0x0000000088100000, 0x0000000088200000, 0x0000000088200000|100%| O|  |TAMS 0x0000000088200000, 0x0000000088100000| Complete 
| 130|0x0000000088200000, 0x0000000088200000, 0x0000000088300000|  0%| F|  |TAMS 0x0000000088200000, 0x0000000088200000| Untracked 
| 131|0x0000000088300000, 0x0000000088300000, 0x0000000088400000|  0%| F|  |TAMS 0x0000000088300000, 0x0000000088300000| Untracked 
| 132|0x0000000088400000, 0x0000000088400000, 0x0000000088500000|  0%| F|  |TAMS 0x0000000088400000, 0x0000000088400000| Untracked 
| 133|0x0000000088500000, 0x0000000088600000, 0x0000000088600000|100%| O|  |TAMS 0x0000000088600000, 0x0000000088500000| Untracked 
| 134|0x0000000088600000, 0x0000000088700000, 0x0000000088700000|100%| O|  |TAMS 0x0000000088700000, 0x0000000088600000| Untracked 
| 135|0x0000000088700000, 0x0000000088800000, 0x0000000088800000|100%| O|  |TAMS 0x0000000088800000, 0x0000000088700000| Untracked 
| 136|0x0000000088800000, 0x0000000088900000, 0x0000000088900000|100%| O|  |TAMS 0x0000000088900000, 0x0000000088800000| Complete 
| 137|0x0000000088900000, 0x0000000088900000, 0x0000000088a00000|  0%| F|  |TAMS 0x0000000088900000, 0x0000000088900000| Untracked 
| 138|0x0000000088a00000, 0x0000000088a00000, 0x0000000088b00000|  0%| F|  |TAMS 0x0000000088a00000, 0x0000000088a00000| Untracked 
| 139|0x0000000088b00000, 0x0000000088c00000, 0x0000000088c00000|100%| O|  |TAMS 0x0000000088c00000, 0x0000000088b00000| Complete 
| 140|0x0000000088c00000, 0x0000000088c00000, 0x0000000088d00000|  0%| F|  |TAMS 0x0000000088c00000, 0x0000000088c00000| Untracked 
| 141|0x0000000088d00000, 0x0000000088d00000, 0x0000000088e00000|  0%| F|  |TAMS 0x0000000088d00000, 0x0000000088d00000| Untracked 
| 142|0x0000000088e00000, 0x0000000088f00000, 0x0000000088f00000|100%| O|  |TAMS 0x0000000088f00000, 0x0000000088e00000| Complete 
| 143|0x0000000088f00000, 0x0000000089000000, 0x0000000089000000|100%| O|  |TAMS 0x0000000089000000, 0x0000000088f00000| Untracked 
| 144|0x0000000089000000, 0x0000000089100000, 0x0000000089100000|100%| O|  |TAMS 0x0000000089100000, 0x0000000089000000| Untracked 
| 145|0x0000000089100000, 0x0000000089200000, 0x0000000089200000|100%| O|  |TAMS 0x0000000089200000, 0x0000000089100000| Untracked 
| 146|0x0000000089200000, 0x0000000089300000, 0x0000000089300000|100%| O|  |TAMS 0x0000000089300000, 0x0000000089200000| Complete 
| 147|0x0000000089300000, 0x0000000089400000, 0x0000000089400000|100%| O|  |TAMS 0x0000000089400000, 0x0000000089300000| Complete 
| 148|0x0000000089400000, 0x0000000089500000, 0x0000000089500000|100%| O|  |TAMS 0x0000000089500000, 0x0000000089400000| Complete 
| 149|0x0000000089500000, 0x0000000089500000, 0x0000000089600000|  0%| F|  |TAMS 0x0000000089500000, 0x0000000089500000| Untracked 
| 150|0x0000000089600000, 0x0000000089600000, 0x0000000089700000|  0%| F|  |TAMS 0x0000000089600000, 0x0000000089600000| Untracked 
| 151|0x0000000089700000, 0x0000000089700000, 0x0000000089800000|  0%| F|  |TAMS 0x0000000089700000, 0x0000000089700000| Untracked 
| 152|0x0000000089800000, 0x0000000089800000, 0x0000000089900000|  0%| F|  |TAMS 0x0000000089800000, 0x0000000089800000| Untracked 
| 153|0x0000000089900000, 0x0000000089900000, 0x0000000089a00000|  0%| F|  |TAMS 0x0000000089900000, 0x0000000089900000| Untracked 
| 154|0x0000000089a00000, 0x0000000089a00000, 0x0000000089b00000|  0%| F|  |TAMS 0x0000000089a00000, 0x0000000089a00000| Untracked 
| 155|0x0000000089b00000, 0x0000000089b00000, 0x0000000089c00000|  0%| F|  |TAMS 0x0000000089b00000, 0x0000000089b00000| Untracked 
| 156|0x0000000089c00000, 0x0000000089c00000, 0x0000000089d00000|  0%| F|  |TAMS 0x0000000089c00000, 0x0000000089c00000| Untracked 
| 157|0x0000000089d00000, 0x0000000089d00000, 0x0000000089e00000|  0%| F|  |TAMS 0x0000000089d00000, 0x0000000089d00000| Untracked 
| 158|0x0000000089e00000, 0x0000000089e00000, 0x0000000089f00000|  0%| F|  |TAMS 0x0000000089e00000, 0x0000000089e00000| Untracked 
| 159|0x0000000089f00000, 0x000000008a000000, 0x000000008a000000|100%| O|  |TAMS 0x000000008a000000, 0x0000000089f00000| Complete 
| 160|0x000000008a000000, 0x000000008a000000, 0x000000008a100000|  0%| F|  |TAMS 0x000000008a000000, 0x000000008a000000| Untracked 
| 161|0x000000008a100000, 0x000000008a100000, 0x000000008a200000|  0%| F|  |TAMS 0x000000008a100000, 0x000000008a100000| Untracked 
| 162|0x000000008a200000, 0x000000008a200000, 0x000000008a300000|  0%| F|  |TAMS 0x000000008a200000, 0x000000008a200000| Untracked 
| 163|0x000000008a300000, 0x000000008a300000, 0x000000008a400000|  0%| F|  |TAMS 0x000000008a300000, 0x000000008a300000| Untracked 
| 164|0x000000008a400000, 0x000000008a500000, 0x000000008a500000|100%| O|  |TAMS 0x000000008a500000, 0x000000008a400000| Untracked 
| 165|0x000000008a500000, 0x000000008a600000, 0x000000008a600000|100%| O|  |TAMS 0x000000008a53be00, 0x000000008a500000| Untracked 
| 166|0x000000008a600000, 0x000000008a700000, 0x000000008a700000|100%| O|  |TAMS 0x000000008a600000, 0x000000008a600000| Untracked 
| 167|0x000000008a700000, 0x000000008a800000, 0x000000008a800000|100%| O|  |TAMS 0x000000008a700000, 0x000000008a700000| Untracked 
| 168|0x000000008a800000, 0x000000008a900000, 0x000000008a900000|100%| O|  |TAMS 0x000000008a800000, 0x000000008a800000| Untracked 
| 169|0x000000008a900000, 0x000000008aa00000, 0x000000008aa00000|100%| O|  |TAMS 0x000000008a900000, 0x000000008a900000| Untracked 
| 170|0x000000008aa00000, 0x000000008ab00000, 0x000000008ab00000|100%| O|  |TAMS 0x000000008aa00000, 0x000000008aa00000| Untracked 
| 171|0x000000008ab00000, 0x000000008ac00000, 0x000000008ac00000|100%| O|  |TAMS 0x000000008ab00000, 0x000000008ab00000| Untracked 
| 172|0x000000008ac00000, 0x000000008ad00000, 0x000000008ad00000|100%| O|  |TAMS 0x000000008ac00000, 0x000000008ac00000| Untracked 
| 173|0x000000008ad00000, 0x000000008ad00000, 0x000000008ae00000|  0%| F|  |TAMS 0x000000008ad00000, 0x000000008ad00000| Untracked 
| 174|0x000000008ae00000, 0x000000008aef0660, 0x000000008af00000| 93%| S|CS|TAMS 0x000000008ae00000, 0x000000008ae00000| Complete 
| 175|0x000000008af00000, 0x000000008b000000, 0x000000008b000000|100%| S|CS|TAMS 0x000000008af00000, 0x000000008af00000| Complete 
| 176|0x000000008b000000, 0x000000008b000000, 0x000000008b100000|  0%| F|  |TAMS 0x000000008b000000, 0x000000008b000000| Untracked 
| 177|0x000000008b100000, 0x000000008b100000, 0x000000008b200000|  0%| F|  |TAMS 0x000000008b100000, 0x000000008b100000| Untracked 
| 178|0x000000008b200000, 0x000000008b200000, 0x000000008b300000|  0%| F|  |TAMS 0x000000008b200000, 0x000000008b200000| Untracked 
| 179|0x000000008b300000, 0x000000008b300000, 0x000000008b400000|  0%| F|  |TAMS 0x000000008b300000, 0x000000008b300000| Untracked 
| 180|0x000000008b400000, 0x000000008b400000, 0x000000008b500000|  0%| F|  |TAMS 0x000000008b400000, 0x000000008b400000| Untracked 
| 181|0x000000008b500000, 0x000000008b500000, 0x000000008b600000|  0%| F|  |TAMS 0x000000008b500000, 0x000000008b500000| Untracked 
| 182|0x000000008b600000, 0x000000008b600000, 0x000000008b700000|  0%| F|  |TAMS 0x000000008b600000, 0x000000008b600000| Untracked 
| 183|0x000000008b700000, 0x000000008b700000, 0x000000008b800000|  0%| F|  |TAMS 0x000000008b700000, 0x000000008b700000| Untracked 
| 184|0x000000008b800000, 0x000000008b800000, 0x000000008b900000|  0%| F|  |TAMS 0x000000008b800000, 0x000000008b800000| Untracked 

Card table byte_map: [0x00000121b9cf0000,0x00000121ba0f0000] _byte_map_base: 0x00000121b98f0000

Marking Bits (Prev, Next): (CMBitMap*) 0x00000121a6e3fb50, (CMBitMap*) 0x00000121a6e3fb18
 Prev Bits: [0x00000121bc4f0000, 0x00000121be4f0000)
 Next Bits: [0x00000121ba4f0000, 0x00000121bc4f0000)

Polling page: 0x00000121a4c40000

Metaspace:

Usage:
  Non-class:    100.60 MB capacity,    98.91 MB ( 98%) used,     1.37 MB (  1%) free+waste,   322.63 KB ( <1%) overhead. 
      Class:     15.53 MB capacity,    14.47 MB ( 93%) used,   938.09 KB (  6%) free+waste,   143.50 KB ( <1%) overhead. 
       Both:    116.12 MB capacity,   113.38 MB ( 98%) used,     2.29 MB (  2%) free+waste,   466.13 KB ( <1%) overhead. 

Virtual space:
  Non-class space:      102.00 MB reserved,     101.42 MB (>99%) committed 
      Class space:        1.00 GB reserved,      15.88 MB (  2%) committed 
             Both:        1.10 GB reserved,     117.30 MB ( 10%) committed 

Chunk freelists:
   Non-Class:  654.00 KB
       Class:  259.00 KB
        Both:  913.00 KB

MaxMetaspaceSize: 17179869184.00 GB
CompressedClassSpaceSize: 1.00 GB

CodeHeap 'non-profiled nmethods': size=120064Kb used=12063Kb max_used=12063Kb free=108000Kb
 bounds [0x00000121b23b0000, 0x00000121b2f80000, 0x00000121b98f0000]
CodeHeap 'profiled nmethods': size=120000Kb used=36084Kb max_used=36084Kb free=83915Kb
 bounds [0x00000121aae80000, 0x00000121ad1c0000, 0x00000121b23b0000]
CodeHeap 'non-nmethods': size=5696Kb used=2357Kb max_used=2406Kb free=3338Kb
 bounds [0x00000121aa8f0000, 0x00000121aab60000, 0x00000121aae80000]
 total_blobs=17115 nmethods=16136 adapters=889
 compilation: enabled
              stopped_count=0, restarted_count=0
 full_count=0

Compilation events (20 events):
Event: 9232.282 Thread 0x00000121c0a13000 nmethod 16298 0x00000121ad1b7290 code [0x00000121ad1b7440, 0x00000121ad1b7588]
Event: 9232.285 Thread 0x00000121c0a0f000 nmethod 16297 0x00000121b2f74810 code [0x00000121b2f749c0, 0x00000121b2f74bf8]
Event: 9233.106 Thread 0x00000121c0a0f000 16299       4       sun.nio.fs.WindowsPath::startsWith (105 bytes)
Event: 9233.147 Thread 0x00000121c0a0f000 nmethod 16299 0x00000121b2f74e10 code [0x00000121b2f75040, 0x00000121b2f761f0]
Event: 9233.749 Thread 0x00000121c0a0f000 16300       4       com.esotericsoftware.kryo.io.Output::writeString (125 bytes)
Event: 9233.754 Thread 0x00000121c0a0f000 nmethod 16300 0x00000121b2f76e90 code [0x00000121b2f77080, 0x00000121b2f773e0]
Event: 9233.891 Thread 0x00000121c0a13000 16301   !   3       java.util.concurrent.ConcurrentHashMap::computeIfAbsent (576 bytes)
Event: 9233.894 Thread 0x00000121c0a13000 nmethod 16301 0x00000121ad1b7690 code [0x00000121ad1b7b00, 0x00000121ad1ba6e8]
Event: 9233.906 Thread 0x00000121c0a0f000 16302       4       java.util.ArrayList$ArrayListSpliterator::estimateSize (11 bytes)
Event: 9233.907 Thread 0x00000121c0a0f000 nmethod 16302 0x00000121b2f77710 code [0x00000121b2f778a0, 0x00000121b2f77938]
Event: 9233.908 Thread 0x00000121c0a13000 16303       1       org.gradle.internal.snapshot.SnapshottingFilter$1::isEmpty (2 bytes)
Event: 9233.908 Thread 0x00000121c0a13000 nmethod 16303 0x00000121b2f77a10 code [0x00000121b2f77bc0, 0x00000121b2f77c78]
Event: 9233.909 Thread 0x00000121c0a0f000 16304       4       org.gradle.internal.vfs.impl.DefaultSnapshotHierarchy::getMetadata (37 bytes)
Event: 9233.911 Thread 0x00000121c0a13000 16305       3       java.util.HashSet::writeObject (75 bytes)
Event: 9233.912 Thread 0x00000121c0a13000 nmethod 16305 0x00000121ad1bb890 code [0x00000121ad1bbb20, 0x00000121ad1bc628]
Event: 9233.912 Thread 0x00000121c0a13000 16306       3       java.io.ObjectOutputStream::writeFloat (9 bytes)
Event: 9233.913 Thread 0x00000121c0a13000 nmethod 16306 0x00000121ad1bca10 code [0x00000121ad1bcbc0, 0x00000121ad1bcd08]
Event: 9233.913 Thread 0x00000121c0a13000 16307       3       org.gradle.api.internal.tasks.properties.bean.AbstractNestedRuntimeBeanNode$BeanPropertyValue::getUnprocessedValue (10 bytes)
Event: 9233.913 Thread 0x00000121c0a13000 nmethod 16307 0x00000121ad1bce10 code [0x00000121ad1bcfc0, 0x00000121ad1bd188]
Event: 9233.913 Thread 0x00000121c0a13000 16308       1       org.gradle.api.internal.AbstractTask::getDestroyables (5 bytes)

GC Heap History (20 events):
Event: 9188.524 GC heap after
{Heap after GC invocations=187 (full 0):
 garbage-first heap   total 189440K, used 167165K [0x0000000080000000, 0x0000000100000000)
  region size 1024K, 2 young (2048K), 2 survivors (2048K)
 Metaspace       used 114952K, capacity 118148K, committed 118192K, reserved 1150976K
  class space    used 14669K, capacity 15839K, committed 15872K, reserved 1048576K
}
Event: 9190.062 GC heap before
{Heap before GC invocations=187 (full 0):
 garbage-first heap   total 189440K, used 173309K [0x0000000080000000, 0x0000000100000000)
  region size 1024K, 9 young (9216K), 2 survivors (2048K)
 Metaspace       used 114952K, capacity 118148K, committed 118192K, reserved 1150976K
  class space    used 14669K, capacity 15839K, committed 15872K, reserved 1048576K
}
Event: 9190.067 GC heap after
{Heap after GC invocations=188 (full 0):
 garbage-first heap   total 189440K, used 167959K [0x0000000080000000, 0x0000000100000000)
  region size 1024K, 2 young (2048K), 2 survivors (2048K)
 Metaspace       used 114952K, capacity 118148K, committed 118192K, reserved 1150976K
  class space    used 14669K, capacity 15839K, committed 15872K, reserved 1048576K
}
Event: 9190.632 GC heap before
{Heap before GC invocations=188 (full 0):
 garbage-first heap   total 189440K, used 174103K [0x0000000080000000, 0x0000000100000000)
  region size 1024K, 9 young (9216K), 2 survivors (2048K)
 Metaspace       used 114959K, capacity 118154K, committed 118192K, reserved 1150976K
  class space    used 14670K, capacity 15840K, committed 15872K, reserved 1048576K
}
Event: 9190.638 GC heap after
{Heap after GC invocations=189 (full 0):
 garbage-first heap   total 189440K, used 169318K [0x0000000080000000, 0x0000000100000000)
  region size 1024K, 2 young (2048K), 2 survivors (2048K)
 Metaspace       used 114959K, capacity 118154K, committed 118192K, reserved 1150976K
  class space    used 14670K, capacity 15840K, committed 15872K, reserved 1048576K
}
Event: 9195.285 GC heap before
{Heap before GC invocations=189 (full 0):
 garbage-first heap   total 189440K, used 175462K [0x0000000080000000, 0x0000000100000000)
  region size 1024K, 9 young (9216K), 2 survivors (2048K)
 Metaspace       used 115161K, capacity 118378K, committed 118448K, reserved 1153024K
  class space    used 14699K, capacity 15872K, committed 15872K, reserved 1048576K
}
Event: 9195.310 GC heap after
{Heap after GC invocations=190 (full 0):
 garbage-first heap   total 189440K, used 170104K [0x0000000080000000, 0x0000000100000000)
  region size 1024K, 1 young (1024K), 1 survivors (1024K)
 Metaspace       used 115161K, capacity 118378K, committed 118448K, reserved 1153024K
  class space    used 14699K, capacity 15872K, committed 15872K, reserved 1048576K
}
Event: 9200.303 GC heap before
{Heap before GC invocations=190 (full 0):
 garbage-first heap   total 189440K, used 177272K [0x0000000080000000, 0x0000000100000000)
  region size 1024K, 9 young (9216K), 1 survivors (1024K)
 Metaspace       used 115187K, capacity 118380K, committed 118448K, reserved 1153024K
  class space    used 14700K, capacity 15872K, committed 15872K, reserved 1048576K
}
Event: 9200.595 GC heap after
{Heap after GC invocations=191 (full 0):
 garbage-first heap   total 189440K, used 170892K [0x0000000080000000, 0x0000000100000000)
  region size 1024K, 2 young (2048K), 2 survivors (2048K)
 Metaspace       used 115187K, capacity 118380K, committed 118448K, reserved 1153024K
  class space    used 14700K, capacity 15872K, committed 15872K, reserved 1048576K
}
Event: 9209.049 GC heap before
{Heap before GC invocations=191 (full 0):
 garbage-first heap   total 189440K, used 178060K [0x0000000080000000, 0x0000000100000000)
  region size 1024K, 9 young (9216K), 2 survivors (2048K)
 Metaspace       used 115568K, capacity 118795K, committed 118832K, reserved 1153024K
  class space    used 14777K, capacity 15967K, committed 16000K, reserved 1048576K
}
Event: 9209.062 GC heap after
{Heap after GC invocations=192 (full 0):
 garbage-first heap   total 189440K, used 171533K [0x0000000080000000, 0x0000000100000000)
  region size 1024K, 2 young (2048K), 2 survivors (2048K)
 Metaspace       used 115568K, capacity 118795K, committed 118832K, reserved 1153024K
  class space    used 14777K, capacity 15967K, committed 16000K, reserved 1048576K
}
Event: 9219.391 GC heap before
{Heap before GC invocations=193 (full 0):
 garbage-first heap   total 189440K, used 178701K [0x0000000080000000, 0x0000000100000000)
  region size 1024K, 9 young (9216K), 2 survivors (2048K)
 Metaspace       used 114942K, capacity 117732K, committed 118832K, reserved 1153024K
  class space    used 14637K, capacity 15709K, committed 16000K, reserved 1048576K
}
Event: 9219.398 GC heap after
{Heap after GC invocations=194 (full 0):
 garbage-first heap   total 189440K, used 171646K [0x0000000080000000, 0x0000000100000000)
  region size 1024K, 1 young (1024K), 1 survivors (1024K)
 Metaspace       used 114942K, capacity 117732K, committed 118832K, reserved 1153024K
  class space    used 14637K, capacity 15709K, committed 16000K, reserved 1048576K
}
Event: 9226.202 GC heap before
{Heap before GC invocations=194 (full 0):
 garbage-first heap   total 189440K, used 179838K [0x0000000080000000, 0x0000000100000000)
  region size 1024K, 9 young (9216K), 1 survivors (1024K)
 Metaspace       used 115727K, capacity 118525K, committed 119728K, reserved 1153024K
  class space    used 14761K, capacity 15822K, committed 16128K, reserved 1048576K
}
Event: 9226.268 GC heap after
{Heap after GC invocations=195 (full 0):
 garbage-first heap   total 189440K, used 158302K [0x0000000080000000, 0x0000000100000000)
  region size 1024K, 1 young (1024K), 1 survivors (1024K)
 Metaspace       used 115727K, capacity 118525K, committed 119728K, reserved 1153024K
  class space    used 14761K, capacity 15822K, committed 16128K, reserved 1048576K
}
Event: 9229.437 GC heap before
{Heap before GC invocations=195 (full 0):
 garbage-first heap   total 189440K, used 166494K [0x0000000080000000, 0x0000000100000000)
  region size 1024K, 9 young (9216K), 1 survivors (1024K)
 Metaspace       used 116046K, capacity 118847K, committed 119856K, reserved 1153024K
  class space    used 14812K, capacity 15901K, committed 16256K, reserved 1048576K
}
Event: 9229.846 GC heap after
{Heap after GC invocations=196 (full 0):
 garbage-first heap   total 189440K, used 149466K [0x0000000080000000, 0x0000000100000000)
  region size 1024K, 2 young (2048K), 2 survivors (2048K)
 Metaspace       used 116046K, capacity 118847K, committed 119856K, reserved 1153024K
  class space    used 14812K, capacity 15901K, committed 16256K, reserved 1048576K
}
Event: 9232.393 GC heap before
{Heap before GC invocations=196 (full 0):
 garbage-first heap   total 189440K, used 155610K [0x0000000080000000, 0x0000000100000000)
  region size 1024K, 9 young (9216K), 2 survivors (2048K)
 Metaspace       used 116101K, capacity 118911K, committed 120112K, reserved 1153024K
  class space    used 14819K, capacity 15901K, committed 16256K, reserved 1048576K
}
Event: 9232.672 GC heap after
{Heap after GC invocations=197 (full 0):
 garbage-first heap   total 189440K, used 145875K [0x0000000080000000, 0x0000000100000000)
  region size 1024K, 2 young (2048K), 2 survivors (2048K)
 Metaspace       used 116101K, capacity 118911K, committed 120112K, reserved 1153024K
  class space    used 14819K, capacity 15901K, committed 16256K, reserved 1048576K
}
Event: 9233.913 GC heap before
{Heap before GC invocations=197 (full 0):
 garbage-first heap   total 189440K, used 152019K [0x0000000080000000, 0x0000000100000000)
  region size 1024K, 9 young (9216K), 2 survivors (2048K)
 Metaspace       used 116103K, capacity 118911K, committed 120112K, reserved 1153024K
  class space    used 14819K, capacity 15901K, committed 16256K, reserved 1048576K
}

Deoptimization events (20 events):
Event: 9231.303 Thread 0x00000121c19bc000 DEOPT PACKING pc=0x00000121ad17c444 sp=0x00000009ef7fc850
Event: 9231.304 Thread 0x00000121c19bc000 DEOPT UNPACKING pc=0x00000121aa916dde sp=0x00000009ef7fbdf0 mode 0
Event: 9231.352 Thread 0x00000121c43cb000 Uncommon trap: trap_request=0xffffff4d fr.pc=0x00000121b2f37bc0 relative=0x0000000000004220
Event: 9231.352 Thread 0x00000121c43cb000 Uncommon trap: reason=unstable_if action=reinterpret pc=0x00000121b2f37bc0 method=java.lang.Module.implIsExportedOrOpen(Ljava/lang/String;Ljava/lang/Module;Z)Z @ 11 c2
Event: 9231.352 Thread 0x00000121c43cb000 DEOPT PACKING pc=0x00000121b2f37bc0 sp=0x00000009f08fc390
Event: 9231.352 Thread 0x00000121c43cb000 DEOPT UNPACKING pc=0x00000121aa91662f sp=0x00000009f08fc398 mode 2
Event: 9231.800 Thread 0x00000121c43ce800 Uncommon trap: trap_request=0xffffff4d fr.pc=0x00000121b2c06aa0 relative=0x00000000000022c0
Event: 9231.800 Thread 0x00000121c43ce800 Uncommon trap: reason=unstable_if action=reinterpret pc=0x00000121b2c06aa0 method=java.util.concurrent.ConcurrentHashMap.computeIfAbsent(Ljava/lang/Object;Ljava/util/function/Function;)Ljava/lang/Object; @ 104 c2
Event: 9231.800 Thread 0x00000121c43ce800 DEOPT PACKING pc=0x00000121b2c06aa0 sp=0x00000009f06fe880
Event: 9231.800 Thread 0x00000121c43ce800 DEOPT UNPACKING pc=0x00000121aa91662f sp=0x00000009f06fe828 mode 2
Event: 9232.968 Thread 0x00000121c37a2800 DEOPT PACKING pc=0x00000121ad17c444 sp=0x00000009efffde30
Event: 9232.968 Thread 0x00000121c43ca800 DEOPT PACKING pc=0x00000121ad17c444 sp=0x00000009f05fdef0
Event: 9232.968 Thread 0x00000121c37a2800 DEOPT UNPACKING pc=0x00000121aa916dde sp=0x00000009efffd3d0 mode 0
Event: 9232.968 Thread 0x00000121c43ca800 DEOPT UNPACKING pc=0x00000121aa916dde sp=0x00000009f05fd490 mode 0
Event: 9233.749 Thread 0x00000121c1aaf000 DEOPT PACKING pc=0x00000121ad18ec46 sp=0x00000009ed4fe7a0
Event: 9233.749 Thread 0x00000121c1aaf000 DEOPT UNPACKING pc=0x00000121aa916dde sp=0x00000009ed4fdc40 mode 0
Event: 9233.911 Thread 0x00000121c4177800 Uncommon trap: trap_request=0xffffffde fr.pc=0x00000121b2bbe8a0 relative=0x0000000000000560
Event: 9233.911 Thread 0x00000121c4177800 Uncommon trap: reason=class_check action=maybe_recompile pc=0x00000121b2bbe8a0 method=org.gradle.internal.snapshot.LargeChildMap.withNode(Lorg/gradle/internal/snapshot/VfsRelativePath;Lorg/gradle/internal/snapshot/CaseSensitivity;Lorg/gradle/internal/snap
Event: 9233.911 Thread 0x00000121c4177800 DEOPT PACKING pc=0x00000121b2bbe8a0 sp=0x00000009ecaf8950
Event: 9233.911 Thread 0x00000121c4177800 DEOPT UNPACKING pc=0x00000121aa91662f sp=0x00000009ecaf8910 mode 2

Classes redefined (0 events):
No events

Internal exceptions (20 events):
Event: 9175.600 Thread 0x00000121c4177800 Exception <a 'java/lang/NoSuchMethodError'{0x000000008b8361b8}: <clinit>> (0x000000008b8361b8) thrown at [./src/hotspot/share/prims/jni.cpp, line 1362]
Event: 9175.600 Thread 0x00000121c4177800 Exception <a 'java/lang/NoSuchMethodError'{0x000000008b838df8}: <clinit>> (0x000000008b838df8) thrown at [./src/hotspot/share/prims/jni.cpp, line 1362]
Event: 9175.602 Thread 0x00000121c4177800 Exception <a 'java/lang/NoSuchMethodError'{0x000000008b85e528}: <clinit>> (0x000000008b85e528) thrown at [./src/hotspot/share/prims/jni.cpp, line 1362]
Event: 9175.603 Thread 0x00000121c4177800 Exception <a 'java/lang/NoSuchMethodError'{0x000000008b860200}: <clinit>> (0x000000008b860200) thrown at [./src/hotspot/share/prims/jni.cpp, line 1362]
Event: 9203.317 Thread 0x00000121c4177800 Exception <a 'java/lang/NoSuchMethodError'{0x000000008b7d1b80}: 'int java.lang.invoke.DirectMethodHandle$Holder.invokeSpecial(java.lang.Object, java.lang.Object, java.lang.Object, java.lang.Object, java.lang.Object)'> (0x000000008b7d1b80) thrown at [./src/hotspot/share/interpreter/linkResolver.cpp, line 773]
Event: 9218.705 Thread 0x00000121c4177800 Implicit null exception at 0x00000121b261bac0 to 0x00000121b261e3d0
Event: 9219.640 Thread 0x00000121c4177800 Implicit null exception at 0x00000121b2635cef to 0x00000121b2636128
Event: 9219.687 Thread 0x00000121c4177800 Implicit null exception at 0x00000121b29a7e4b to 0x00000121b29acb80
Event: 9219.747 Thread 0x00000121c4177800 Implicit null exception at 0x00000121b2b3cfad to 0x00000121b2b40fc4
Event: 9222.239 Thread 0x00000121c4177800 Exception <a 'java/lang/NoSuchMethodError'{0x000000008b13b7a0}: 'void java.lang.invoke.DirectMethodHandle$Holder.invokeStatic(java.lang.Object, long)'> (0x000000008b13b7a0) thrown at [./src/hotspot/share/interpreter/linkResolver.cpp, line 773]
Event: 9222.239 Thread 0x00000121c4177800 Exception <a 'java/lang/NoSuchMethodError'{0x000000008b141c50}: 'java.lang.Object java.lang.invoke.DirectMethodHandle$Holder.invokeStatic(java.lang.Object, long)'> (0x000000008b141c50) thrown at [./src/hotspot/share/interpreter/linkResolver.cpp, line 773]
Event: 9222.241 Thread 0x00000121c4177800 Exception <a 'java/lang/NoSuchMethodError'{0x000000008b150fa8}: 'java.lang.Object java.lang.invoke.DirectMethodHandle$Holder.invokeStaticInit(java.lang.Object, java.lang.Object, long, java.lang.Object)'> (0x000000008b150fa8) thrown at [./src/hotspot/share/interpreter/linkResolver.cpp, line 773]
Event: 9222.242 Thread 0x00000121c4177800 Exception <a 'java/lang/NoSuchMethodError'{0x000000008b1584a8}: 'java.lang.Object java.lang.invoke.DirectMethodHandle$Holder.invokeStatic(java.lang.Object, java.lang.Object, long)'> (0x000000008b1584a8) thrown at [./src/hotspot/share/interpreter/linkResolver.cpp, line 773]
Event: 9222.242 Thread 0x00000121c4177800 Exception <a 'java/lang/NoSuchMethodError'{0x000000008b15fcb8}: 'java.lang.Object java.lang.invoke.Invokers$Holder.linkToTargetMethod(java.lang.Object, long, java.lang.Object)'> (0x000000008b15fcb8) thrown at [./src/hotspot/share/interpreter/linkResolver.cpp, line 773]
Event: 9226.370 Thread 0x00000121c417e000 Implicit null exception at 0x00000121b2673075 to 0x00000121b26738e8
Event: 9227.202 Thread 0x00000121c4177800 Exception <a 'java/lang/reflect/InvocationTargetException'{0x000000008b793458}> (0x000000008b793458) thrown at [./src/hotspot/share/runtime/reflection.cpp, line 1247]
Event: 9227.358 Thread 0x00000121c4177800 Exception <a 'java/lang/NoSuchMethodError'{0x000000008b7fd8c0}: 'void java.lang.invoke.DirectMethodHandle$Holder.invokeStatic(java.lang.Object, java.lang.Object, java.lang.Object, java.lang.Object, java.lang.Object, java.lang.Object, java.lang.Object)'> (0x000000008b7fd8c0) thrown at [./src/hotspot/share/interpreter/linkResolver.cpp, line 773]
Event: 9228.109 Thread 0x00000121c4179000 Exception <a 'java/lang/NoSuchMethodError'{0x000000008b3cee20}: <clinit>> (0x000000008b3cee20) thrown at [./src/hotspot/share/prims/jni.cpp, line 1362]
Event: 9228.144 Thread 0x00000121c4179000 Exception <a 'java/lang/NoSuchMethodError'{0x000000008b210f20}: <clinit>> (0x000000008b210f20) thrown at [./src/hotspot/share/prims/jni.cpp, line 1362]
Event: 9228.146 Thread 0x00000121c4179000 Exception <a 'java/lang/NoSuchMethodError'{0x000000008b2230f8}: <clinit>> (0x000000008b2230f8) thrown at [./src/hotspot/share/prims/jni.cpp, line 1362]

Events (20 events):
Event: 9231.270 loading class sun/net/InetAddressCachePolicy$2 done
Event: 9231.270 loading class java/net/InetAddress$CachedAddresses
Event: 9231.304 loading class java/net/InetAddress$CachedAddresses done
Event: 9231.304 loading class java/util/concurrent/atomic/Striped64$1
Event: 9231.325 loading class java/util/concurrent/atomic/Striped64$1 done
Event: 9231.352 loading class java/net/InetAddress$CachedLocalHost
Event: 9231.355 loading class java/net/InetAddress$CachedLocalHost done
Event: 9231.355 loading class org/jetbrains/kotlin/gradle/plugin/stat/CompileStatData
Event: 9231.355 loading class org/jetbrains/kotlin/gradle/plugin/stat/CompileStatData done
Event: 9231.605 Executing VM operation: RevokeBias
Event: 9231.605 Executing VM operation: RevokeBias done
Event: 9231.800 Executing VM operation: RevokeBias
Event: 9231.800 Executing VM operation: RevokeBias done
Event: 9231.800 Executing VM operation: RevokeBias
Event: 9231.800 Executing VM operation: RevokeBias done
Event: 9231.814 Executing VM operation: RevokeBias
Event: 9231.865 Executing VM operation: RevokeBias done
Event: 9232.393 Executing VM operation: G1CollectForAllocation
Event: 9232.672 Executing VM operation: G1CollectForAllocation done
Event: 9233.913 Executing VM operation: G1CollectForAllocation


Dynamic libraries:
0x00007ff70b2e0000 - 0x00007ff70b2ea000 	C:\Program Files\Android\Android Studio New\jre\bin\java.exe
0x00007ffbc5380000 - 0x00007ffbc5570000 	C:\WINDOWS\SYSTEM32\ntdll.dll
0x00007ffbc3690000 - 0x00007ffbc3742000 	C:\WINDOWS\System32\KERNEL32.DLL
0x00007ffbc2490000 - 0x00007ffbc2735000 	C:\WINDOWS\System32\KERNELBASE.dll
0x00007ffbc2a60000 - 0x00007ffbc2b5a000 	C:\WINDOWS\System32\ucrtbase.dll
0x00007ffbb91b0000 - 0x00007ffbb91c7000 	C:\Program Files\Android\Android Studio New\jre\bin\VCRUNTIME140.dll
0x00007ffbb7060000 - 0x00007ffbb7079000 	C:\Program Files\Android\Android Studio New\jre\bin\jli.dll
0x00007ffbc51a0000 - 0x00007ffbc5334000 	C:\WINDOWS\System32\USER32.dll
0x00007ffbc2a30000 - 0x00007ffbc2a51000 	C:\WINDOWS\System32\win32u.dll
0x00007ffba7b80000 - 0x00007ffba7e04000 	C:\WINDOWS\WinSxS\amd64_microsoft.windows.common-controls_6595b64144ccf1df_6.0.18362.1256_none_9e7e379be45e40e2\COMCTL32.dll
0x00007ffbc4fb0000 - 0x00007ffbc4fd6000 	C:\WINDOWS\System32\GDI32.dll
0x00007ffbc5100000 - 0x00007ffbc519e000 	C:\WINDOWS\System32\msvcrt.dll
0x00007ffbc22f0000 - 0x00007ffbc2486000 	C:\WINDOWS\System32\gdi32full.dll
0x00007ffbc4550000 - 0x00007ffbc4886000 	C:\WINDOWS\System32\combase.dll
0x00007ffbc2770000 - 0x00007ffbc280e000 	C:\WINDOWS\System32\msvcp_win.dll
0x00007ffbc4fe0000 - 0x00007ffbc5100000 	C:\WINDOWS\System32\RPCRT4.dll
0x00007ffbc2b60000 - 0x00007ffbc2be1000 	C:\WINDOWS\System32\bcryptPrimitives.dll
0x00007ffbc3750000 - 0x00007ffbc377e000 	C:\WINDOWS\System32\IMM32.DLL
0x00007ffb88a10000 - 0x00007ffb88aad000 	C:\Program Files\Android\Android Studio New\jre\bin\msvcp140.dll
0x00007ffb57710000 - 0x00007ffb581e5000 	C:\Program Files\Android\Android Studio New\jre\bin\server\jvm.dll
0x00007ffbc44a0000 - 0x00007ffbc4543000 	C:\WINDOWS\System32\ADVAPI32.dll
0x00007ffbc3440000 - 0x00007ffbc34d7000 	C:\WINDOWS\System32\sechost.dll
0x00007ffbc3430000 - 0x00007ffbc3438000 	C:\WINDOWS\System32\PSAPI.DLL
0x00007ffbbad50000 - 0x00007ffbbad59000 	C:\WINDOWS\SYSTEM32\WSOCK32.dll
0x00007ffbbbf00000 - 0x00007ffbbbf24000 	C:\WINDOWS\SYSTEM32\WINMM.dll
0x00007ffbb9280000 - 0x00007ffbb928a000 	C:\WINDOWS\SYSTEM32\VERSION.dll
0x00007ffbbbed0000 - 0x00007ffbbbefd000 	C:\WINDOWS\SYSTEM32\WINMMBASE.dll
0x00007ffbc33e0000 - 0x00007ffbc342a000 	C:\WINDOWS\System32\cfgmgr32.dll
0x00007ffbc3c20000 - 0x00007ffbc3c8f000 	C:\WINDOWS\System32\WS2_32.dll
0x00007ffbc2250000 - 0x00007ffbc2261000 	C:\WINDOWS\System32\kernel.appcore.dll
0x00007ffb90130000 - 0x00007ffb90141000 	C:\Program Files\Android\Android Studio New\jre\bin\verify.dll
0x00007ffbc0950000 - 0x00007ffbc0b44000 	C:\WINDOWS\SYSTEM32\DBGHELP.DLL
0x00007ffbb7500000 - 0x00007ffbb752a000 	C:\WINDOWS\SYSTEM32\dbgcore.DLL
0x00007ffb8ffe0000 - 0x00007ffb90009000 	C:\Program Files\Android\Android Studio New\jre\bin\java.dll
0x00007ffba81d0000 - 0x00007ffba81db000 	C:\Program Files\Android\Android Studio New\jre\bin\jimage.dll
0x00007ffb90110000 - 0x00007ffb90128000 	C:\Program Files\Android\Android Studio New\jre\bin\zip.dll
0x00007ffbc3db0000 - 0x00007ffbc4497000 	C:\WINDOWS\System32\SHELL32.dll
0x00007ffbc3780000 - 0x00007ffbc3829000 	C:\WINDOWS\System32\shcore.dll
0x00007ffbc2c50000 - 0x00007ffbc33d1000 	C:\WINDOWS\System32\windows.storage.dll
0x00007ffbc22c0000 - 0x00007ffbc22e3000 	C:\WINDOWS\System32\profapi.dll
0x00007ffbc2270000 - 0x00007ffbc22ba000 	C:\WINDOWS\System32\powrprof.dll
0x00007ffbc2220000 - 0x00007ffbc2230000 	C:\WINDOWS\System32\UMPDC.dll
0x00007ffbc3980000 - 0x00007ffbc39d2000 	C:\WINDOWS\System32\shlwapi.dll
0x00007ffbc2810000 - 0x00007ffbc2827000 	C:\WINDOWS\System32\cryptsp.dll
0x00007ffb8f330000 - 0x00007ffb8f34a000 	C:\Program Files\Android\Android Studio New\jre\bin\net.dll
0x00007ffbb56e0000 - 0x00007ffbb57d0000 	C:\WINDOWS\SYSTEM32\WINHTTP.dll
0x00007ffbc1a10000 - 0x00007ffbc1a77000 	C:\WINDOWS\system32\mswsock.dll
0x00007ffb8dca0000 - 0x00007ffb8dcb4000 	C:\Program Files\Android\Android Studio New\jre\bin\nio.dll
0x00007ffbb71a0000 - 0x00007ffbb71c7000 	C:\Users\JOHN BATISTA\.gradle\native\e1d6ef7f7dcc3fd88c89a11ec53ec762bb8ba0a96d01ffa2cd45eb1d1d8dd5c5\windows-amd64\native-platform.dll
0x00007ffb8e7d0000 - 0x00007ffb8e914000 	C:\Users\JOHN BATISTA\.gradle\native\5664cfc778a61ccfe75a443a1ab52a65af34e5dc3c78e0209fed803814484fcb\windows-amd64\native-platform-file-events.dll
0x00007ffba3980000 - 0x00007ffba398a000 	C:\Program Files\Android\Android Studio New\jre\bin\management.dll
0x00007ffb9ded0000 - 0x00007ffb9dedd000 	C:\Program Files\Android\Android Studio New\jre\bin\management_ext.dll
0x00007ffbc1580000 - 0x00007ffbc15b3000 	C:\WINDOWS\system32\rsaenh.dll
0x00007ffbc2740000 - 0x00007ffbc2766000 	C:\WINDOWS\System32\bcrypt.dll
0x00007ffbc2140000 - 0x00007ffbc2165000 	C:\WINDOWS\SYSTEM32\USERENV.dll
0x00007ffbc1be0000 - 0x00007ffbc1bec000 	C:\WINDOWS\SYSTEM32\CRYPTBASE.dll
0x00007ffbc1720000 - 0x00007ffbc175a000 	C:\WINDOWS\SYSTEM32\IPHLPAPI.DLL
0x00007ffbc3970000 - 0x00007ffbc3978000 	C:\WINDOWS\System32\NSI.dll
0x00007ffbb7780000 - 0x00007ffbb7796000 	C:\WINDOWS\SYSTEM32\dhcpcsvc6.DLL
0x00007ffbb7760000 - 0x00007ffbb777c000 	C:\WINDOWS\SYSTEM32\dhcpcsvc.DLL
0x00007ffbc1770000 - 0x00007ffbc183b000 	C:\WINDOWS\SYSTEM32\DNSAPI.dll
0x00007ffbab250000 - 0x00007ffbab26e000 	C:\Users\JOHN BATISTA\AppData\Local\Temp\native-platform15583631173123595357dir\native-platform.dll
0x00007ffbbad90000 - 0x00007ffbbada6000 	C:\WINDOWS\system32\napinsp.dll
0x00007ffbbad70000 - 0x00007ffbbad8a000 	C:\WINDOWS\system32\pnrpnsp.dll
0x00007ffbbae80000 - 0x00007ffbbae8e000 	C:\WINDOWS\System32\winrnr.dll
0x00007ffbbad30000 - 0x00007ffbbad4c000 	C:\WINDOWS\system32\NLAapi.dll
0x00007ffbba3c0000 - 0x00007ffbba3d5000 	C:\WINDOWS\system32\wshbth.dll
0x00007ffbb73d0000 - 0x00007ffbb73da000 	C:\Windows\System32\rasadhlp.dll
0x00007ffbb6460000 - 0x00007ffbb64d7000 	C:\WINDOWS\System32\fwpuclnt.dll

dbghelp: loaded successfully - version: 4.0.5 - missing functions: none
symbol engine: initialized successfully - sym options: 0x614 - pdb path: .;C:\Program Files\Android\Android Studio New\jre\bin;C:\WINDOWS\SYSTEM32;C:\WINDOWS\WinSxS\amd64_microsoft.windows.common-controls_6595b64144ccf1df_6.0.18362.1256_none_9e7e379be45e40e2;C:\Program Files\Android\Android Studio New\jre\bin\server;C:\Users\JOHN BATISTA\.gradle\native\e1d6ef7f7dcc3fd88c89a11ec53ec762bb8ba0a96d01ffa2cd45eb1d1d8dd5c5\windows-amd64;C:\Users\JOHN BATISTA\.gradle\native\5664cfc778a61ccfe75a443a1ab52a65af34e5dc3c78e0209fed803814484fcb\windows-amd64;C:\Users\JOHN BATISTA\AppData\Local\Temp\native-platform15583631173123595357dir

VM Arguments:
jvm_args: --add-opens=java.base/java.util=ALL-UNNAMED --add-opens=java.base/java.lang=ALL-UNNAMED --add-opens=java.base/java.lang.invoke=ALL-UNNAMED --add-opens=java.base/java.util=ALL-UNNAMED --add-opens=java.prefs/java.util.prefs=ALL-UNNAMED --add-opens=java.prefs/java.util.prefs=ALL-UNNAMED --add-opens=java.base/java.nio.charset=ALL-UNNAMED --add-opens=java.base/java.net=ALL-UNNAMED --add-opens=java.base/java.util.concurrent.atomic=ALL-UNNAMED -Xmx2048m -Dfile.encoding=UTF-8 -Duser.country=US -Duser.language=en -Duser.variant 
java_command: org.gradle.launcher.daemon.bootstrap.GradleDaemon 7.2
java_class_path (initial): C:\Users\JOHN BATISTA\.gradle\wrapper\dists\gradle-7.2-bin\2dnblmf4td7x66yl1d74lt32g\gradle-7.2\lib\gradle-launcher-7.2.jar
Launcher Type: SUN_STANDARD

[Global flags]
     intx CICompilerCount                          = 3                                         {product} {ergonomic}
     uint ConcGCThreads                            = 1                                         {product} {ergonomic}
     uint G1ConcRefinementThreads                  = 4                                         {product} {ergonomic}
   size_t G1HeapRegionSize                         = 1048576                                   {product} {ergonomic}
    uintx GCDrainStackTargetSize                   = 64                                        {product} {ergonomic}
   size_t InitialHeapSize                          = 134217728                                 {product} {ergonomic}
   size_t MarkStackSize                            = 4194304                                   {product} {ergonomic}
   size_t MaxHeapSize                              = 2147483648                                {product} {command line}
   size_t MaxNewSize                               = 1287651328                                {product} {ergonomic}
   size_t MinHeapDeltaBytes                        = 1048576                                   {product} {ergonomic}
    uintx NonNMethodCodeHeapSize                   = 5830732                                {pd product} {ergonomic}
    uintx NonProfiledCodeHeapSize                  = 122913754                              {pd product} {ergonomic}
    uintx ProfiledCodeHeapSize                     = 122913754                              {pd product} {ergonomic}
    uintx ReservedCodeCacheSize                    = 251658240                              {pd product} {ergonomic}
     bool SegmentedCodeCache                       = true                                      {product} {ergonomic}
     bool UseCompressedClassPointers               = true                                 {lp64_product} {ergonomic}
     bool UseCompressedOops                        = true                                 {lp64_product} {ergonomic}
     bool UseG1GC                                  = true                                      {product} {ergonomic}
     bool UseLargePagesIndividualAllocation        = false                                  {pd product} {ergonomic}

Logging:
Log output configuration:
 #0: stdout all=warning uptime,level,tags
 #1: stderr all=off uptime,level,tags

Environment Variables:
JAVA_HOME=C:\Program Files\Java\jdk-15.0.1
PATH=C:\Program Files\Java\jdk-15.0.1\bin;C:\Program Files\Git\cmd;C:\Program Files\PuTTY\;C:\Program Files\MATLAB\R2013a\runtime\win64;C:\Program Files\MATLAB\R2013a\bin;C:\Program Files\Microsoft VS Code\bin;C:\nodejs\;C:\Users\JOHN BATISTA\AppData\Local\Programs\Python\Python310\Scripts;C:\Users\JOHN BATISTA\AppData\Local\Programs\Python\Python310\Scripts\;C:\Users\JOHN BATISTA\AppData\Local\Programs\Python\Python310\;C:\Users\JOHN BATISTA\AppData\Roaming\npm;
USERNAME=JOHN BATISTA
OS=Windows_NT
PROCESSOR_IDENTIFIER=Intel64 Family 6 Model 142 Stepping 9, GenuineIntel



---------------  S Y S T E M  ---------------

OS: Windows 10 , 64 bit Build 18362 (10.0.18362.1110)
OS uptime: 2 days 23:16 hours

CPU:total 4 (initial active 4) (2 cores per cpu, 2 threads per core) family 6 model 142 stepping 9 microcode 0x8e, cmov, cx8, fxsr, mmx, sse, sse2, sse3, ssse3, sse4.1, sse4.2, popcnt, avx, avx2, aes, clmul, erms, 3dnowpref, lzcnt, ht, tsc, tscinvbit, bmi1, bmi2, adx, fma

Memory: 4k page, system-wide physical 8107M (410M free)
TotalPageFile size 20395M (AvailPageFile size 44M)
current process WorkingSet (physical memory assigned to process): 383M, peak: 497M
current process commit charge ("private bytes"): 519M, peak: 651M

vm_info: OpenJDK 64-Bit Server VM (11.0.11+9-b60-7590822) for windows-amd64 JRE (11.0.11+9-b60-7590822), built on Jul 29 2021 21:43:44 by "builder" with MS VC++ 14.0 (VS2015)

END.
