#
# There is insufficient memory for the Java Runtime Environment to continue.
# Native memory allocation (mmap) failed to map 47185920 bytes for Failed to commit area from 0x000000008de00000 to 0x0000000090b00000 of length 47185920.
# Possible reasons:
#   The system is out of physical RAM or swap space
#   The process is running with CompressedOops enabled, and the Java Heap may be blocking the growth of the native heap
# Possible solutions:
#   Reduce memory load on the system
#   Increase physical memory or swap space
#   Check if swap backing store is full
#   Decrease Java heap size (-Xmx/-Xms)
#   Decrease number of Java threads
#   Decrease Java thread stack sizes (-Xss)
#   Set larger code cache with -XX:ReservedCodeCacheSize=
#   JVM is running with Unscaled Compressed Oops mode in which the Java heap is
#     placed in the first 4GB address space. The Java Heap base address is the
#     maximum limit for the native heap growth. Please use -XX:HeapBaseMinAddress
#     to set the Java Heap base and to place the Java Heap above 4GB virtual address.
# This output file may be truncated or incomplete.
#
#  Out of Memory Error (./src/hotspot/os/windows/os_windows.cpp:3301), pid=2340, tid=18244
#
# JRE version: OpenJDK Runtime Environment (11.0.11+9) (build 11.0.11+9-b60-7590822)
# Java VM: OpenJDK 64-Bit Server VM (11.0.11+9-b60-7590822, mixed mode, tiered, compressed oops, g1 gc, windows-amd64)
# No core dump will be written. Minidumps are not enabled by default on client versions of Windows
#

---------------  S U M M A R Y ------------

Command Line: --add-opens=java.base/java.util=ALL-UNNAMED --add-opens=java.base/java.lang=ALL-UNNAMED --add-opens=java.base/java.lang.invoke=ALL-UNNAMED --add-opens=java.base/java.util=ALL-UNNAMED --add-opens=java.prefs/java.util.prefs=ALL-UNNAMED --add-opens=java.prefs/java.util.prefs=ALL-UNNAMED --add-opens=java.base/java.nio.charset=ALL-UNNAMED --add-opens=java.base/java.net=ALL-UNNAMED --add-opens=java.base/java.util.concurrent.atomic=ALL-UNNAMED -Xmx2048m -Dfile.encoding=UTF-8 -Duser.country=US -Duser.language=en -Duser.variant org.gradle.launcher.daemon.bootstrap.GradleDaemon 7.2

Host: Intel(R) Core(TM) i3-7020U CPU @ 2.30GHz, 4 cores, 7G,  Windows 10 , 64 bit Build 18362 (10.0.18362.1110)
Time: Tue Jun 14 01:11:58 2022 UTC-11 elapsed time: 34.722454 seconds (0d 0h 0m 34s)

---------------  T H R E A D  ---------------

Current thread (0x0000021644abc800):  VMThread "VM Thread" [stack: 0x000000aeaa400000,0x000000aeaa500000] [id=18244]

Stack: [0x000000aeaa400000,0x000000aeaa500000]
[error occurred during error reporting (printing stack bounds), id 0xc0000005, EXCEPTION_ACCESS_VIOLATION (0xc0000005) at pc=0x000002162e9d0f2d]

Native frames: (J=compiled Java code, j=interpreted, Vv=VM code, C=native code)
V  [jvm.dll+0x5f214a]
V  [jvm.dll+0x726fb5]
V  [jvm.dll+0x7285cd]
V  [jvm.dll+0x728be5]
V  [jvm.dll+0x728b9b]
V  [jvm.dll+0x5f14e8]
V  [jvm.dll+0x5f1c78]
C  [ntdll.dll+0xa184f]
C  [ntdll.dll+0x6a889]
C  [ntdll.dll+0xa04be]
C  0x000002162e9d0f2d

VM_Operation (0x000000aeafdfacd0): G1CollectForAllocation, mode: safepoint, requested by thread 0x000002164590a800


---------------  P R O C E S S  ---------------

Threads class SMR info:
_java_thread_list=0x000002164c007440, length=89, elements={
0x000002162aedb800, 0x0000021644ac2800, 0x0000021644acc000, 0x0000021644adc000,
0x0000021644add000, 0x0000021644ade800, 0x0000021644ae3800, 0x0000021644ae9800,
0x0000021644af4800, 0x000002164559d000, 0x0000021647401800, 0x0000021645632800,
0x000002164641f000, 0x000002164778c800, 0x000002164686e800, 0x0000021647354800,
0x0000021646fc8800, 0x00000216474d1800, 0x0000021646675800, 0x00000216476dd800,
0x00000216476db000, 0x00000216476de800, 0x00000216476df000, 0x00000216476e0000,
0x00000216476da800, 0x00000216476dc000, 0x00000216476e1000, 0x00000216476dc800,
0x000002164ad32800, 0x000002164ad32000, 0x000002164ad35000, 0x000002164ad34000,
0x000002164ad30000, 0x000002164ad36800, 0x000002164ad31000, 0x000002164ad3b800,
0x000002164ad3a800, 0x000002164ad3a000, 0x000002164ad3c800, 0x000002164ad3d000,
0x000002164ad37800, 0x000002164ad3e000, 0x000002164ad38800, 0x000002164ad3f000,
0x000002164ad39000, 0x000002164c0f9800, 0x000002164c0fb000, 0x000002164c0f6000,
0x000002164c0f8800, 0x000002164c0f7000, 0x000002164c0f7800, 0x000002164c0f5000,
0x000002164c0fc000, 0x000002164c0fa000, 0x000002164c100800, 0x000002164c102800,
0x000002164c0ff000, 0x000002164c0fd800, 0x000002164c0fc800, 0x000002164c103000,
0x000002164c100000, 0x000002164c0fe000, 0x000002164c101800, 0x000002164c104000,
0x000002164945d000, 0x0000021649461000, 0x000002164945e800, 0x0000021649460000,
0x000002164945f800, 0x0000021649462000, 0x000002164945c000, 0x000002164945e000,
0x0000021649466000, 0x0000021649466800, 0x0000021649467800, 0x0000021649462800,
0x0000021649464800, 0x0000021649468800, 0x0000021649463800, 0x000002164946a000,
0x000002164946b000, 0x0000021649465000, 0x000002164590b000, 0x0000021645907000,
0x000002164eb69000, 0x000002164590a800, 0x000002164590c000, 0x000002164590d000,
0x0000021645908800
}

Java Threads: ( => current thread )
  0x000002162aedb800 JavaThread "main" [_thread_blocked, id=3392, stack(0x000000aea9e00000,0x000000aea9f00000)]
  0x0000021644ac2800 JavaThread "Reference Handler" daemon [_thread_blocked, id=10016, stack(0x000000aeaa500000,0x000000aeaa600000)]
  0x0000021644acc000 JavaThread "Finalizer" daemon [_thread_blocked, id=17284, stack(0x000000aeaa600000,0x000000aeaa700000)]
  0x0000021644adc000 JavaThread "Signal Dispatcher" daemon [_thread_blocked, id=7280, stack(0x000000aeaa700000,0x000000aeaa800000)]
  0x0000021644add000 JavaThread "Attach Listener" daemon [_thread_blocked, id=12552, stack(0x000000aeaa800000,0x000000aeaa900000)]
  0x0000021644ade800 JavaThread "Service Thread" daemon [_thread_blocked, id=16464, stack(0x000000aeaa900000,0x000000aeaaa00000)]
  0x0000021644ae3800 JavaThread "C2 CompilerThread0" daemon [_thread_blocked, id=15820, stack(0x000000aeaaa00000,0x000000aeaab00000)]
  0x0000021644ae9800 JavaThread "C1 CompilerThread0" daemon [_thread_blocked, id=9808, stack(0x000000aeaab00000,0x000000aeaac00000)]
  0x0000021644af4800 JavaThread "Sweeper thread" daemon [_thread_blocked, id=9772, stack(0x000000aeaac00000,0x000000aeaad00000)]
  0x000002164559d000 JavaThread "Common-Cleaner" daemon [_thread_blocked, id=16540, stack(0x000000aeaad00000,0x000000aeaae00000)]
  0x0000021647401800 JavaThread "Daemon health stats" [_thread_blocked, id=3048, stack(0x000000aeab200000,0x000000aeab300000)]
  0x0000021645632800 JavaThread "Incoming local TCP Connector on port 54902" [_thread_in_native, id=10068, stack(0x000000aeaaf00000,0x000000aeab000000)]
  0x000002164641f000 JavaThread "Daemon periodic checks" [_thread_blocked, id=12616, stack(0x000000aeab300000,0x000000aeab400000)]
  0x000002164778c800 JavaThread "Daemon" [_thread_blocked, id=14352, stack(0x000000aeab400000,0x000000aeab500000)]
  0x000002164686e800 JavaThread "Handler for socket connection from /127.0.0.1:54902 to /127.0.0.1:54903" [_thread_in_native, id=14612, stack(0x000000aeab500000,0x000000aeab600000)]
  0x0000021647354800 JavaThread "Cancel handler" [_thread_blocked, id=14176, stack(0x000000aeab600000,0x000000aeab700000)]
  0x0000021646fc8800 JavaThread "Daemon worker" [_thread_blocked, id=14736, stack(0x000000aeab700000,0x000000aeab800000)]
  0x00000216474d1800 JavaThread "Asynchronous log dispatcher for DefaultDaemonConnection: socket connection from /127.0.0.1:54902 to /127.0.0.1:54903" [_thread_blocked, id=11960, stack(0x000000aeab800000,0x000000aeab900000)]
  0x0000021646675800 JavaThread "Stdin handler" [_thread_blocked, id=11588, stack(0x000000aeab900000,0x000000aeaba00000)]
  0x00000216476dd800 JavaThread "Daemon client event forwarder" [_thread_blocked, id=14388, stack(0x000000aeaba00000,0x000000aeabb00000)]
  0x00000216476db000 JavaThread "Cache worker for journal cache (C:\Users\JOHN BATISTA\.gradle\caches\journal-1)" [_thread_blocked, id=5916, stack(0x000000aeabc00000,0x000000aeabd00000)]
  0x00000216476de800 JavaThread "File lock request listener" [_thread_in_native, id=3480, stack(0x000000aeabd00000,0x000000aeabe00000)]
  0x00000216476df000 JavaThread "Cache worker for file hash cache (C:\Users\JOHN BATISTA\.gradle\caches\7.2\fileHashes)" [_thread_blocked, id=13072, stack(0x000000aeabe00000,0x000000aeabf00000)]
  0x00000216476e0000 JavaThread "Cache worker for file hash cache (C:\Users\JOHN BATISTA\AndroidStudioProjects\SportsApplication\.gradle\7.2\fileHashes)" [_thread_blocked, id=13028, stack(0x000000aeac000000,0x000000aeac100000)]
  0x00000216476da800 JavaThread "File watcher server" daemon [_thread_blocked, id=3460, stack(0x000000aeac100000,0x000000aeac200000)]
  0x00000216476dc000 JavaThread "File watcher consumer" daemon [_thread_blocked, id=7456, stack(0x000000aeac200000,0x000000aeac300000)]
  0x00000216476e1000 JavaThread "Cache worker for checksums cache (C:\Users\JOHN BATISTA\AndroidStudioProjects\SportsApplication\.gradle\checksums)" [_thread_blocked, id=16884, stack(0x000000aeac300000,0x000000aeac400000)]
  0x00000216476dc800 JavaThread "Cache worker for cache directory md-supplier (C:\Users\JOHN BATISTA\.gradle\caches\7.2\md-supplier)" [_thread_blocked, id=10872, stack(0x000000aeac400000,0x000000aeac500000)]
  0x000002164ad32800 JavaThread "Cache worker for cache directory md-rule (C:\Users\JOHN BATISTA\.gradle\caches\7.2\md-rule)" [_thread_blocked, id=4356, stack(0x000000aeac500000,0x000000aeac600000)]
  0x000002164ad32000 JavaThread "Cache worker for execution history cache (C:\Users\JOHN BATISTA\.gradle\caches\7.2\executionHistory)" [_thread_blocked, id=17636, stack(0x000000aeac600000,0x000000aeac700000)]
  0x000002164ad35000 JavaThread "jar transforms" [_thread_blocked, id=2396, stack(0x000000aeac700000,0x000000aeac800000)]
  0x000002164ad34000 JavaThread "Cache worker for file content cache (C:\Users\JOHN BATISTA\.gradle\caches\7.2\fileContent)" [_thread_blocked, id=17248, stack(0x000000aeac800000,0x000000aeac900000)]
  0x000002164ad30000 JavaThread "jar transforms Thread 2" [_thread_blocked, id=2204, stack(0x000000aeac900000,0x000000aeaca00000)]
  0x000002164ad36800 JavaThread "Cache worker for dependencies-accessors (C:\Users\JOHN BATISTA\AndroidStudioProjects\SportsApplication\.gradle\7.2\dependencies-accessors)" [_thread_blocked, id=3432, stack(0x000000aeaca00000,0x000000aeacb00000)]
  0x000002164ad31000 JavaThread "jar transforms Thread 3" [_thread_blocked, id=9144, stack(0x000000aeacb00000,0x000000aeacc00000)]
  0x000002164ad3b800 JavaThread "Cache worker for Build Output Cleanup Cache (C:\Users\JOHN BATISTA\AndroidStudioProjects\SportsApplication\.gradle\buildOutputCleanup)" [_thread_blocked, id=13216, stack(0x000000aeacc00000,0x000000aeacd00000)]
  0x000002164ad3a800 JavaThread "Unconstrained build operations" [_thread_blocked, id=9092, stack(0x000000aeacd00000,0x000000aeace00000)]
  0x000002164ad3a000 JavaThread "Unconstrained build operations Thread 2" [_thread_blocked, id=7612, stack(0x000000aeace00000,0x000000aeacf00000)]
  0x000002164ad3c800 JavaThread "Unconstrained build operations Thread 3" [_thread_blocked, id=14016, stack(0x000000aeacf00000,0x000000aead000000)]
  0x000002164ad3d000 JavaThread "Unconstrained build operations Thread 4" [_thread_blocked, id=18228, stack(0x000000aead000000,0x000000aead100000)]
  0x000002164ad37800 JavaThread "Unconstrained build operations Thread 5" [_thread_blocked, id=17704, stack(0x000000aead100000,0x000000aead200000)]
  0x000002164ad3e000 JavaThread "Unconstrained build operations Thread 6" [_thread_blocked, id=1396, stack(0x000000aead200000,0x000000aead300000)]
  0x000002164ad38800 JavaThread "Unconstrained build operations Thread 7" [_thread_blocked, id=13760, stack(0x000000aead300000,0x000000aead400000)]
  0x000002164ad3f000 JavaThread "Unconstrained build operations Thread 8" [_thread_blocked, id=15068, stack(0x000000aead400000,0x000000aead500000)]
  0x000002164ad39000 JavaThread "Unconstrained build operations Thread 9" [_thread_blocked, id=10264, stack(0x000000aead500000,0x000000aead600000)]
  0x000002164c0f9800 JavaThread "Unconstrained build operations Thread 10" [_thread_blocked, id=15036, stack(0x000000aead600000,0x000000aead700000)]
  0x000002164c0fb000 JavaThread "Unconstrained build operations Thread 11" [_thread_blocked, id=7812, stack(0x000000aead700000,0x000000aead800000)]
  0x000002164c0f6000 JavaThread "Unconstrained build operations Thread 12" [_thread_blocked, id=11968, stack(0x000000aead800000,0x000000aead900000)]
  0x000002164c0f8800 JavaThread "Unconstrained build operations Thread 13" [_thread_blocked, id=11488, stack(0x000000aead900000,0x000000aeada00000)]
  0x000002164c0f7000 JavaThread "Unconstrained build operations Thread 14" [_thread_blocked, id=15900, stack(0x000000aeada00000,0x000000aeadb00000)]
  0x000002164c0f7800 JavaThread "Unconstrained build operations Thread 15" [_thread_blocked, id=11732, stack(0x000000aeadb00000,0x000000aeadc00000)]
  0x000002164c0f5000 JavaThread "Unconstrained build operations Thread 16" [_thread_blocked, id=416, stack(0x000000aeadc00000,0x000000aeadd00000)]
  0x000002164c0fc000 JavaThread "Unconstrained build operations Thread 17" [_thread_blocked, id=6688, stack(0x000000aeadd00000,0x000000aeade00000)]
  0x000002164c0fa000 JavaThread "Unconstrained build operations Thread 18" [_thread_blocked, id=10492, stack(0x000000aeade00000,0x000000aeadf00000)]
  0x000002164c100800 JavaThread "Unconstrained build operations Thread 19" [_thread_blocked, id=12336, stack(0x000000aeadf00000,0x000000aeae000000)]
  0x000002164c102800 JavaThread "Unconstrained build operations Thread 20" [_thread_blocked, id=15516, stack(0x000000aeae000000,0x000000aeae100000)]
  0x000002164c0ff000 JavaThread "Unconstrained build operations Thread 21" [_thread_blocked, id=6300, stack(0x000000aeae100000,0x000000aeae200000)]
  0x000002164c0fd800 JavaThread "Unconstrained build operations Thread 22" [_thread_blocked, id=14256, stack(0x000000aeae200000,0x000000aeae300000)]
  0x000002164c0fc800 JavaThread "Unconstrained build operations Thread 23" [_thread_blocked, id=6496, stack(0x000000aeae300000,0x000000aeae400000)]
  0x000002164c103000 JavaThread "Unconstrained build operations Thread 24" [_thread_blocked, id=11412, stack(0x000000aeae400000,0x000000aeae500000)]
  0x000002164c100000 JavaThread "Unconstrained build operations Thread 25" [_thread_blocked, id=14268, stack(0x000000aeae500000,0x000000aeae600000)]
  0x000002164c0fe000 JavaThread "Unconstrained build operations Thread 26" [_thread_blocked, id=1964, stack(0x000000aeae600000,0x000000aeae700000)]
  0x000002164c101800 JavaThread "Unconstrained build operations Thread 27" [_thread_blocked, id=13572, stack(0x000000aeae700000,0x000000aeae800000)]
  0x000002164c104000 JavaThread "Unconstrained build operations Thread 28" [_thread_blocked, id=16552, stack(0x000000aeae800000,0x000000aeae900000)]
  0x000002164945d000 JavaThread "Unconstrained build operations Thread 29" [_thread_blocked, id=11780, stack(0x000000aeae900000,0x000000aeaea00000)]
  0x0000021649461000 JavaThread "Unconstrained build operations Thread 30" [_thread_blocked, id=5004, stack(0x000000aeaea00000,0x000000aeaeb00000)]
  0x000002164945e800 JavaThread "Unconstrained build operations Thread 31" [_thread_blocked, id=3420, stack(0x000000aeaeb00000,0x000000aeaec00000)]
  0x0000021649460000 JavaThread "Unconstrained build operations Thread 32" [_thread_blocked, id=10320, stack(0x000000aeaec00000,0x000000aeaed00000)]
  0x000002164945f800 JavaThread "Unconstrained build operations Thread 33" [_thread_blocked, id=15568, stack(0x000000aeaed00000,0x000000aeaee00000)]
  0x0000021649462000 JavaThread "Unconstrained build operations Thread 34" [_thread_blocked, id=17588, stack(0x000000aeaee00000,0x000000aeaef00000)]
  0x000002164945c000 JavaThread "Unconstrained build operations Thread 35" [_thread_blocked, id=2652, stack(0x000000aeaef00000,0x000000aeaf000000)]
  0x000002164945e000 JavaThread "Unconstrained build operations Thread 36" [_thread_blocked, id=12484, stack(0x000000aeaf000000,0x000000aeaf100000)]
  0x0000021649466000 JavaThread "Unconstrained build operations Thread 37" [_thread_blocked, id=7756, stack(0x000000aeaf100000,0x000000aeaf200000)]
  0x0000021649466800 JavaThread "Unconstrained build operations Thread 38" [_thread_blocked, id=9248, stack(0x000000aeaf200000,0x000000aeaf300000)]
  0x0000021649467800 JavaThread "Unconstrained build operations Thread 39" [_thread_blocked, id=14616, stack(0x000000aeaf300000,0x000000aeaf400000)]
  0x0000021649462800 JavaThread "Unconstrained build operations Thread 40" [_thread_blocked, id=6568, stack(0x000000aeaf400000,0x000000aeaf500000)]
  0x0000021649464800 JavaThread "jar transforms Thread 4" [_thread_blocked, id=5536, stack(0x000000aeaf500000,0x000000aeaf600000)]
  0x0000021649468800 JavaThread "Memory manager" [_thread_blocked, id=3184, stack(0x000000aeaf600000,0x000000aeaf700000)]
  0x0000021649463800 JavaThread "build event listener" [_thread_blocked, id=13660, stack(0x000000aeaf700000,0x000000aeaf800000)]
  0x000002164946a000 JavaThread "build event listener" [_thread_blocked, id=14540, stack(0x000000aeaf800000,0x000000aeaf900000)]
  0x000002164946b000 JavaThread "Execution worker for ':'" [_thread_blocked, id=7388, stack(0x000000aeaf900000,0x000000aeafa00000)]
  0x0000021649465000 JavaThread "Execution worker for ':' Thread 2" [_thread_blocked, id=11380, stack(0x000000aeafa00000,0x000000aeafb00000)]
  0x000002164590b000 JavaThread "Execution worker for ':' Thread 3" [_thread_blocked, id=7832, stack(0x000000aeafb00000,0x000000aeafc00000)]
  0x0000021645907000 JavaThread "Cache worker for execution history cache (C:\Users\JOHN BATISTA\AndroidStudioProjects\SportsApplication\.gradle\7.2\executionHistory)" [_thread_blocked, id=15132, stack(0x000000aeafc00000,0x000000aeafd00000)]
  0x000002164eb69000 JavaThread "C2 CompilerThread1" daemon [_thread_blocked, id=15524, stack(0x000000aeabf00000,0x000000aeac000000)]
  0x000002164590a800 JavaThread "WorkerExecutor Queue" [_thread_blocked, id=9080, stack(0x000000aeafd00000,0x000000aeafe00000)]
  0x000002164590c000 JavaThread "WorkerExecutor Queue Thread 2" [_thread_blocked, id=10648, stack(0x000000aeb0000000,0x000000aeb0100000)]
  0x000002164590d000 JavaThread "WorkerExecutor Queue Thread 3" [_thread_blocked, id=17816, stack(0x000000aeb0100000,0x000000aeb0200000)]
  0x0000021645908800 JavaThread "WorkerExecutor Queue Thread 4" [_thread_blocked, id=13440, stack(0x000000aeb0200000,0x000000aeb0300000)]

Other Threads:
=>0x0000021644abc800 VMThread "VM Thread" [stack: 0x000000aeaa400000,0x000000aeaa500000] [id=18244]
  0x00000216455b8800 WatcherThread [stack: 0x000000aeaae00000,0x000000aeaaf00000] [id=15852]
  0x000002162aef5800 GCTaskThread "GC Thread#0" [stack: 0x000000aea9f00000,0x000000aeaa000000] [id=7056]
  0x0000021646172800 GCTaskThread "GC Thread#1" [stack: 0x000000aeab000000,0x000000aeab100000] [id=8700]
  0x00000216457c3000 GCTaskThread "GC Thread#2" [stack: 0x000000aeab100000,0x000000aeab200000] [id=6620]
  0x00000216475eb000 GCTaskThread "GC Thread#3" [stack: 0x000000aeabb00000,0x000000aeabc00000] [id=13872]
  0x000002162af28000 ConcurrentGCThread "G1 Main Marker" [stack: 0x000000aeaa000000,0x000000aeaa100000] [id=11992]
  0x000002162af29800 ConcurrentGCThread "G1 Conc#0" [stack: 0x000000aeaa100000,0x000000aeaa200000] [id=6788]
  0x0000021644910800 ConcurrentGCThread "G1 Refine#0" [stack: 0x000000aeaa200000,0x000000aeaa300000] [id=10344]
  0x0000021644911800 ConcurrentGCThread "G1 Young RemSet Sampling" [stack: 0x000000aeaa300000,0x000000aeaa400000] [id=8368]

Threads with active compile tasks:
C2 CompilerThread0  34741 12549   !   4       com.android.tools.r8.graph.W0::S (91 bytes)
C2 CompilerThread1  34741 12562       4       com.android.tools.r8.dex.f::b (9 bytes)

VM state:at safepoint (normal execution)

VM Mutex/Monitor currently owned by a thread:  ([mutex/lock_event])
[0x000002162aed8030] Threads_lock - owner thread: 0x0000021644abc800
[0x000002162aed72b0] Heap_lock - owner thread: 0x000002164590a800

Heap address: 0x0000000080000000, size: 2048 MB, Compressed Oops mode: 32-bit
Narrow klass base: 0x0000000000000000, Narrow klass shift: 3
Compressed class space size: 1073741824 Address: 0x0000000100000000

Heap:
 garbage-first heap   total 273408K, used 178775K [0x0000000080000000, 0x0000000100000000)
  region size 1024K, 2 young (2048K), 2 survivors (2048K)
 Metaspace       used 103248K, capacity 105567K, committed 105896K, reserved 1140736K
  class space    used 13156K, capacity 14030K, committed 14156K, reserved 1048576K
Heap Regions: E=young(eden), S=young(survivor), O=old, HS=humongous(starts), HC=humongous(continues), CS=collection set, F=free, A=archive, TAMS=top-at-mark-start (previous, next)
|   0|0x0000000080000000, 0x0000000080100000, 0x0000000080100000|100%|HS|  |TAMS 0x0000000080100000, 0x0000000080100000| Complete 
|   1|0x0000000080100000, 0x0000000080200000, 0x0000000080200000|100%|HC|  |TAMS 0x0000000080200000, 0x0000000080200000| Complete 
|   2|0x0000000080200000, 0x0000000080300000, 0x0000000080300000|100%|HC|  |TAMS 0x0000000080300000, 0x0000000080300000| Complete 
|   3|0x0000000080300000, 0x0000000080400000, 0x0000000080400000|100%| O|  |TAMS 0x0000000080400000, 0x0000000080400000| Untracked 
|   4|0x0000000080400000, 0x0000000080500000, 0x0000000080500000|100%| O|  |TAMS 0x0000000080500000, 0x0000000080500000| Untracked 
|   5|0x0000000080500000, 0x0000000080600000, 0x0000000080600000|100%| O|  |TAMS 0x0000000080600000, 0x0000000080600000| Untracked 
|   6|0x0000000080600000, 0x0000000080700000, 0x0000000080700000|100%| O|  |TAMS 0x0000000080700000, 0x0000000080700000| Untracked 
|   7|0x0000000080700000, 0x0000000080800000, 0x0000000080800000|100%| O|  |TAMS 0x0000000080800000, 0x0000000080800000| Untracked 
|   8|0x0000000080800000, 0x0000000080900000, 0x0000000080900000|100%| O|  |TAMS 0x0000000080900000, 0x0000000080900000| Untracked 
|   9|0x0000000080900000, 0x0000000080a00000, 0x0000000080a00000|100%| O|  |TAMS 0x0000000080a00000, 0x0000000080a00000| Untracked 
|  10|0x0000000080a00000, 0x0000000080b00000, 0x0000000080b00000|100%| O|  |TAMS 0x0000000080b00000, 0x0000000080b00000| Untracked 
|  11|0x0000000080b00000, 0x0000000080c00000, 0x0000000080c00000|100%| O|  |TAMS 0x0000000080c00000, 0x0000000080c00000| Untracked 
|  12|0x0000000080c00000, 0x0000000080d00000, 0x0000000080d00000|100%| O|  |TAMS 0x0000000080d00000, 0x0000000080d00000| Untracked 
|  13|0x0000000080d00000, 0x0000000080e00000, 0x0000000080e00000|100%| O|  |TAMS 0x0000000080e00000, 0x0000000080e00000| Untracked 
|  14|0x0000000080e00000, 0x0000000080f00000, 0x0000000080f00000|100%| O|  |TAMS 0x0000000080f00000, 0x0000000080f00000| Untracked 
|  15|0x0000000080f00000, 0x0000000081000000, 0x0000000081000000|100%| O|  |TAMS 0x0000000081000000, 0x0000000081000000| Untracked 
|  16|0x0000000081000000, 0x0000000081100000, 0x0000000081100000|100%|HS|  |TAMS 0x0000000081100000, 0x0000000081100000| Complete 
|  17|0x0000000081100000, 0x0000000081200000, 0x0000000081200000|100%| O|  |TAMS 0x0000000081200000, 0x0000000081200000| Untracked 
|  18|0x0000000081200000, 0x0000000081300000, 0x0000000081300000|100%| O|  |TAMS 0x0000000081300000, 0x0000000081300000| Untracked 
|  19|0x0000000081300000, 0x0000000081400000, 0x0000000081400000|100%| O|  |TAMS 0x0000000081400000, 0x0000000081400000| Untracked 
|  20|0x0000000081400000, 0x0000000081500000, 0x0000000081500000|100%| O|  |TAMS 0x0000000081500000, 0x0000000081500000| Untracked 
|  21|0x0000000081500000, 0x0000000081600000, 0x0000000081600000|100%| O|  |TAMS 0x0000000081600000, 0x0000000081600000| Untracked 
|  22|0x0000000081600000, 0x0000000081700000, 0x0000000081700000|100%| O|  |TAMS 0x0000000081700000, 0x0000000081700000| Untracked 
|  23|0x0000000081700000, 0x0000000081800000, 0x0000000081800000|100%| O|  |TAMS 0x0000000081800000, 0x0000000081800000| Untracked 
|  24|0x0000000081800000, 0x0000000081900000, 0x0000000081900000|100%|HS|  |TAMS 0x0000000081900000, 0x0000000081900000| Complete 
|  25|0x0000000081900000, 0x0000000081a00000, 0x0000000081a00000|100%|HS|  |TAMS 0x0000000081a00000, 0x0000000081a00000| Complete 
|  26|0x0000000081a00000, 0x0000000081b00000, 0x0000000081b00000|100%|HS|  |TAMS 0x0000000081b00000, 0x0000000081b00000| Complete 
|  27|0x0000000081b00000, 0x0000000081c00000, 0x0000000081c00000|100%|HS|  |TAMS 0x0000000081c00000, 0x0000000081c00000| Complete 
|  28|0x0000000081c00000, 0x0000000081d00000, 0x0000000081d00000|100%|HC|  |TAMS 0x0000000081d00000, 0x0000000081d00000| Complete 
|  29|0x0000000081d00000, 0x0000000081e00000, 0x0000000081e00000|100%|HC|  |TAMS 0x0000000081e00000, 0x0000000081e00000| Complete 
|  30|0x0000000081e00000, 0x0000000081f00000, 0x0000000081f00000|100%|HS|  |TAMS 0x0000000081f00000, 0x0000000081f00000| Complete 
|  31|0x0000000081f00000, 0x0000000082000000, 0x0000000082000000|100%|HC|  |TAMS 0x0000000082000000, 0x0000000082000000| Complete 
|  32|0x0000000082000000, 0x0000000082100000, 0x0000000082100000|100%| O|  |TAMS 0x0000000082100000, 0x0000000082100000| Untracked 
|  33|0x0000000082100000, 0x0000000082200000, 0x0000000082200000|100%| O|  |TAMS 0x0000000082200000, 0x0000000082200000| Untracked 
|  34|0x0000000082200000, 0x0000000082300000, 0x0000000082300000|100%| O|  |TAMS 0x0000000082300000, 0x0000000082300000| Untracked 
|  35|0x0000000082300000, 0x0000000082400000, 0x0000000082400000|100%| O|  |TAMS 0x0000000082400000, 0x0000000082400000| Untracked 
|  36|0x0000000082400000, 0x0000000082500000, 0x0000000082500000|100%| O|  |TAMS 0x0000000082500000, 0x0000000082500000| Untracked 
|  37|0x0000000082500000, 0x0000000082600000, 0x0000000082600000|100%| O|  |TAMS 0x0000000082600000, 0x0000000082600000| Untracked 
|  38|0x0000000082600000, 0x0000000082700000, 0x0000000082700000|100%| O|  |TAMS 0x0000000082700000, 0x0000000082700000| Untracked 
|  39|0x0000000082700000, 0x0000000082800000, 0x0000000082800000|100%|HS|  |TAMS 0x0000000082800000, 0x0000000082800000| Complete 
|  40|0x0000000082800000, 0x0000000082900000, 0x0000000082900000|100%| O|  |TAMS 0x0000000082900000, 0x0000000082900000| Untracked 
|  41|0x0000000082900000, 0x0000000082a00000, 0x0000000082a00000|100%| O|  |TAMS 0x0000000082a00000, 0x0000000082a00000| Untracked 
|  42|0x0000000082a00000, 0x0000000082b00000, 0x0000000082b00000|100%| O|  |TAMS 0x0000000082b00000, 0x0000000082b00000| Untracked 
|  43|0x0000000082b00000, 0x0000000082c00000, 0x0000000082c00000|100%| O|  |TAMS 0x0000000082c00000, 0x0000000082c00000| Untracked 
|  44|0x0000000082c00000, 0x0000000082d00000, 0x0000000082d00000|100%| O|  |TAMS 0x0000000082d00000, 0x0000000082d00000| Untracked 
|  45|0x0000000082d00000, 0x0000000082e00000, 0x0000000082e00000|100%| O|  |TAMS 0x0000000082e00000, 0x0000000082e00000| Untracked 
|  46|0x0000000082e00000, 0x0000000082f00000, 0x0000000082f00000|100%| O|  |TAMS 0x0000000082f00000, 0x0000000082f00000| Untracked 
|  47|0x0000000082f00000, 0x0000000083000000, 0x0000000083000000|100%| O|  |TAMS 0x0000000083000000, 0x0000000083000000| Untracked 
|  48|0x0000000083000000, 0x0000000083100000, 0x0000000083100000|100%| O|  |TAMS 0x0000000083100000, 0x0000000083100000| Untracked 
|  49|0x0000000083100000, 0x0000000083200000, 0x0000000083200000|100%| O|  |TAMS 0x0000000083200000, 0x0000000083200000| Untracked 
|  50|0x0000000083200000, 0x0000000083300000, 0x0000000083300000|100%| O|  |TAMS 0x0000000083300000, 0x0000000083300000| Untracked 
|  51|0x0000000083300000, 0x0000000083400000, 0x0000000083400000|100%| O|  |TAMS 0x0000000083400000, 0x0000000083400000| Untracked 
|  52|0x0000000083400000, 0x0000000083500000, 0x0000000083500000|100%| O|  |TAMS 0x0000000083500000, 0x0000000083500000| Untracked 
|  53|0x0000000083500000, 0x0000000083600000, 0x0000000083600000|100%| O|  |TAMS 0x0000000083600000, 0x0000000083600000| Untracked 
|  54|0x0000000083600000, 0x0000000083700000, 0x0000000083700000|100%| O|  |TAMS 0x0000000083700000, 0x0000000083700000| Untracked 
|  55|0x0000000083700000, 0x0000000083800000, 0x0000000083800000|100%| O|  |TAMS 0x0000000083800000, 0x0000000083800000| Untracked 
|  56|0x0000000083800000, 0x0000000083900000, 0x0000000083900000|100%| O|  |TAMS 0x0000000083900000, 0x0000000083900000| Untracked 
|  57|0x0000000083900000, 0x0000000083a00000, 0x0000000083a00000|100%| O|  |TAMS 0x0000000083a00000, 0x0000000083a00000| Untracked 
|  58|0x0000000083a00000, 0x0000000083b00000, 0x0000000083b00000|100%| O|  |TAMS 0x0000000083b00000, 0x0000000083b00000| Untracked 
|  59|0x0000000083b00000, 0x0000000083c00000, 0x0000000083c00000|100%| O|  |TAMS 0x0000000083c00000, 0x0000000083c00000| Untracked 
|  60|0x0000000083c00000, 0x0000000083d00000, 0x0000000083d00000|100%| O|  |TAMS 0x0000000083d00000, 0x0000000083d00000| Untracked 
|  61|0x0000000083d00000, 0x0000000083e00000, 0x0000000083e00000|100%| O|  |TAMS 0x0000000083e00000, 0x0000000083e00000| Untracked 
|  62|0x0000000083e00000, 0x0000000083f00000, 0x0000000083f00000|100%| O|  |TAMS 0x0000000083f00000, 0x0000000083f00000| Untracked 
|  63|0x0000000083f00000, 0x0000000084000000, 0x0000000084000000|100%| O|  |TAMS 0x0000000084000000, 0x0000000084000000| Untracked 
|  64|0x0000000084000000, 0x0000000084100000, 0x0000000084100000|100%| O|  |TAMS 0x0000000084100000, 0x0000000084100000| Untracked 
|  65|0x0000000084100000, 0x0000000084200000, 0x0000000084200000|100%| O|  |TAMS 0x0000000084200000, 0x0000000084200000| Untracked 
|  66|0x0000000084200000, 0x0000000084300000, 0x0000000084300000|100%| O|  |TAMS 0x0000000084300000, 0x0000000084300000| Untracked 
|  67|0x0000000084300000, 0x0000000084400000, 0x0000000084400000|100%| O|  |TAMS 0x0000000084400000, 0x0000000084400000| Untracked 
|  68|0x0000000084400000, 0x0000000084500000, 0x0000000084500000|100%| O|  |TAMS 0x0000000084500000, 0x0000000084500000| Untracked 
|  69|0x0000000084500000, 0x0000000084600000, 0x0000000084600000|100%| O|  |TAMS 0x0000000084600000, 0x0000000084600000| Untracked 
|  70|0x0000000084600000, 0x0000000084700000, 0x0000000084700000|100%| O|  |TAMS 0x0000000084700000, 0x0000000084700000| Untracked 
|  71|0x0000000084700000, 0x0000000084800000, 0x0000000084800000|100%| O|  |TAMS 0x0000000084800000, 0x0000000084800000| Untracked 
|  72|0x0000000084800000, 0x0000000084900000, 0x0000000084900000|100%| O|  |TAMS 0x0000000084900000, 0x0000000084900000| Untracked 
|  73|0x0000000084900000, 0x0000000084a00000, 0x0000000084a00000|100%| O|  |TAMS 0x0000000084a00000, 0x0000000084a00000| Untracked 
|  74|0x0000000084a00000, 0x0000000084b00000, 0x0000000084b00000|100%| O|  |TAMS 0x0000000084b00000, 0x0000000084b00000| Untracked 
|  75|0x0000000084b00000, 0x0000000084c00000, 0x0000000084c00000|100%| O|  |TAMS 0x0000000084c00000, 0x0000000084c00000| Untracked 
|  76|0x0000000084c00000, 0x0000000084d00000, 0x0000000084d00000|100%| O|  |TAMS 0x0000000084d00000, 0x0000000084d00000| Untracked 
|  77|0x0000000084d00000, 0x0000000084e00000, 0x0000000084e00000|100%| O|  |TAMS 0x0000000084e00000, 0x0000000084e00000| Untracked 
|  78|0x0000000084e00000, 0x0000000084f00000, 0x0000000084f00000|100%| O|  |TAMS 0x0000000084f00000, 0x0000000084f00000| Untracked 
|  79|0x0000000084f00000, 0x0000000085000000, 0x0000000085000000|100%| O|  |TAMS 0x0000000085000000, 0x0000000085000000| Untracked 
|  80|0x0000000085000000, 0x0000000085100000, 0x0000000085100000|100%| O|  |TAMS 0x0000000085100000, 0x0000000085100000| Untracked 
|  81|0x0000000085100000, 0x0000000085200000, 0x0000000085200000|100%| O|  |TAMS 0x0000000085200000, 0x0000000085200000| Untracked 
|  82|0x0000000085200000, 0x0000000085300000, 0x0000000085300000|100%| O|  |TAMS 0x0000000085300000, 0x0000000085300000| Untracked 
|  83|0x0000000085300000, 0x0000000085400000, 0x0000000085400000|100%| O|  |TAMS 0x0000000085400000, 0x0000000085400000| Untracked 
|  84|0x0000000085400000, 0x0000000085500000, 0x0000000085500000|100%| O|  |TAMS 0x0000000085500000, 0x0000000085500000| Untracked 
|  85|0x0000000085500000, 0x0000000085600000, 0x0000000085600000|100%| O|  |TAMS 0x0000000085600000, 0x0000000085600000| Untracked 
|  86|0x0000000085600000, 0x0000000085700000, 0x0000000085700000|100%| O|  |TAMS 0x0000000085700000, 0x0000000085700000| Untracked 
|  87|0x0000000085700000, 0x0000000085800000, 0x0000000085800000|100%| O|  |TAMS 0x0000000085800000, 0x0000000085800000| Untracked 
|  88|0x0000000085800000, 0x0000000085900000, 0x0000000085900000|100%| O|  |TAMS 0x0000000085900000, 0x0000000085900000| Untracked 
|  89|0x0000000085900000, 0x0000000085a00000, 0x0000000085a00000|100%| O|  |TAMS 0x0000000085a00000, 0x0000000085a00000| Untracked 
|  90|0x0000000085a00000, 0x0000000085b00000, 0x0000000085b00000|100%| O|  |TAMS 0x0000000085b00000, 0x0000000085b00000| Untracked 
|  91|0x0000000085b00000, 0x0000000085c00000, 0x0000000085c00000|100%| O|  |TAMS 0x0000000085c00000, 0x0000000085c00000| Untracked 
|  92|0x0000000085c00000, 0x0000000085d00000, 0x0000000085d00000|100%|HS|  |TAMS 0x0000000085c00000, 0x0000000085d00000| Complete 
|  93|0x0000000085d00000, 0x0000000085e00000, 0x0000000085e00000|100%| O|  |TAMS 0x0000000085d00000, 0x0000000085e00000| Untracked 
|  94|0x0000000085e00000, 0x0000000085f00000, 0x0000000085f00000|100%| O|  |TAMS 0x0000000085e00000, 0x0000000085f00000| Untracked 
|  95|0x0000000085f00000, 0x0000000086000000, 0x0000000086000000|100%|HS|  |TAMS 0x0000000086000000, 0x0000000086000000| Complete 
|  96|0x0000000086000000, 0x0000000086100000, 0x0000000086100000|100%|HS|  |TAMS 0x0000000086100000, 0x0000000086100000| Complete 
|  97|0x0000000086100000, 0x0000000086200000, 0x0000000086200000|100%|HC|  |TAMS 0x0000000086200000, 0x0000000086200000| Complete 
|  98|0x0000000086200000, 0x0000000086300000, 0x0000000086300000|100%|HC|  |TAMS 0x0000000086300000, 0x0000000086300000| Complete 
|  99|0x0000000086300000, 0x0000000086400000, 0x0000000086400000|100%| O|  |TAMS 0x0000000086400000, 0x0000000086400000| Untracked 
| 100|0x0000000086400000, 0x0000000086500000, 0x0000000086500000|100%| O|  |TAMS 0x0000000086500000, 0x0000000086500000| Untracked 
| 101|0x0000000086500000, 0x0000000086600000, 0x0000000086600000|100%| O|  |TAMS 0x0000000086600000, 0x0000000086600000| Untracked 
| 102|0x0000000086600000, 0x0000000086700000, 0x0000000086700000|100%| O|  |TAMS 0x0000000086700000, 0x0000000086700000| Untracked 
| 103|0x0000000086700000, 0x0000000086800000, 0x0000000086800000|100%| O|  |TAMS 0x0000000086800000, 0x0000000086800000| Untracked 
| 104|0x0000000086800000, 0x0000000086900000, 0x0000000086900000|100%| O|  |TAMS 0x0000000086900000, 0x0000000086900000| Untracked 
| 105|0x0000000086900000, 0x0000000086a00000, 0x0000000086a00000|100%| O|  |TAMS 0x0000000086a00000, 0x0000000086a00000| Untracked 
| 106|0x0000000086a00000, 0x0000000086b00000, 0x0000000086b00000|100%| O|  |TAMS 0x0000000086b00000, 0x0000000086b00000| Untracked 
| 107|0x0000000086b00000, 0x0000000086c00000, 0x0000000086c00000|100%| O|  |TAMS 0x0000000086c00000, 0x0000000086c00000| Untracked 
| 108|0x0000000086c00000, 0x0000000086d00000, 0x0000000086d00000|100%| O|  |TAMS 0x0000000086d00000, 0x0000000086d00000| Untracked 
| 109|0x0000000086d00000, 0x0000000086e00000, 0x0000000086e00000|100%| O|  |TAMS 0x0000000086e00000, 0x0000000086e00000| Untracked 
| 110|0x0000000086e00000, 0x0000000086f00000, 0x0000000086f00000|100%| O|  |TAMS 0x0000000086f00000, 0x0000000086f00000| Untracked 
| 111|0x0000000086f00000, 0x0000000087000000, 0x0000000087000000|100%|HS|  |TAMS 0x0000000087000000, 0x0000000087000000| Complete 
| 112|0x0000000087000000, 0x0000000087100000, 0x0000000087100000|100%|HS|  |TAMS 0x0000000087100000, 0x0000000087100000| Complete 
| 113|0x0000000087100000, 0x0000000087200000, 0x0000000087200000|100%|HC|  |TAMS 0x0000000087200000, 0x0000000087200000| Complete 
| 114|0x0000000087200000, 0x0000000087300000, 0x0000000087300000|100%|HS|  |TAMS 0x0000000087300000, 0x0000000087300000| Complete 
| 115|0x0000000087300000, 0x0000000087400000, 0x0000000087400000|100%|HC|  |TAMS 0x0000000087400000, 0x0000000087400000| Complete 
| 116|0x0000000087400000, 0x0000000087500000, 0x0000000087500000|100%|HS|  |TAMS 0x0000000087500000, 0x0000000087500000| Complete 
| 117|0x0000000087500000, 0x0000000087600000, 0x0000000087600000|100%|HC|  |TAMS 0x0000000087600000, 0x0000000087600000| Complete 
| 118|0x0000000087600000, 0x0000000087700000, 0x0000000087700000|100%|HS|  |TAMS 0x0000000087700000, 0x0000000087700000| Complete 
| 119|0x0000000087700000, 0x0000000087800000, 0x0000000087800000|100%|HC|  |TAMS 0x0000000087800000, 0x0000000087800000| Complete 
| 120|0x0000000087800000, 0x0000000087900000, 0x0000000087900000|100%|HS|  |TAMS 0x0000000087900000, 0x0000000087900000| Complete 
| 121|0x0000000087900000, 0x0000000087a00000, 0x0000000087a00000|100%| O|  |TAMS 0x0000000087a00000, 0x0000000087a00000| Untracked 
| 122|0x0000000087a00000, 0x0000000087b00000, 0x0000000087b00000|100%| O|  |TAMS 0x0000000087b00000, 0x0000000087b00000| Untracked 
| 123|0x0000000087b00000, 0x0000000087c00000, 0x0000000087c00000|100%| O|  |TAMS 0x0000000087c00000, 0x0000000087c00000| Untracked 
| 124|0x0000000087c00000, 0x0000000087d00000, 0x0000000087d00000|100%| O|  |TAMS 0x0000000087d00000, 0x0000000087d00000| Untracked 
| 125|0x0000000087d00000, 0x0000000087e00000, 0x0000000087e00000|100%| O|  |TAMS 0x0000000087e00000, 0x0000000087e00000| Untracked 
| 126|0x0000000087e00000, 0x0000000087f00000, 0x0000000087f00000|100%| O|  |TAMS 0x0000000087f00000, 0x0000000087f00000| Untracked 
| 127|0x0000000087f00000, 0x0000000088000000, 0x0000000088000000|100%| O|  |TAMS 0x0000000087f52000, 0x0000000088000000| Untracked 
| 128|0x0000000088000000, 0x0000000088100000, 0x0000000088100000|100%|HS|  |TAMS 0x0000000088000000, 0x0000000088100000| Complete 
| 129|0x0000000088100000, 0x0000000088200000, 0x0000000088200000|100%|HS|  |TAMS 0x0000000088100000, 0x0000000088200000| Complete 
| 130|0x0000000088200000, 0x0000000088300000, 0x0000000088300000|100%|HC|  |TAMS 0x0000000088200000, 0x0000000088300000| Complete 
| 131|0x0000000088300000, 0x0000000088400000, 0x0000000088400000|100%|HS|  |TAMS 0x0000000088300000, 0x0000000088400000| Complete 
| 132|0x0000000088400000, 0x0000000088500000, 0x0000000088500000|100%|HC|  |TAMS 0x0000000088400000, 0x0000000088500000| Complete 
| 133|0x0000000088500000, 0x0000000088600000, 0x0000000088600000|100%|HC|  |TAMS 0x0000000088500000, 0x0000000088600000| Complete 
| 134|0x0000000088600000, 0x0000000088700000, 0x0000000088700000|100%|HS|  |TAMS 0x0000000088600000, 0x0000000088700000| Complete 
| 135|0x0000000088700000, 0x0000000088800000, 0x0000000088800000|100%| O|  |TAMS 0x0000000088700000, 0x0000000088800000| Untracked 
| 136|0x0000000088800000, 0x0000000088900000, 0x0000000088900000|100%|HS|  |TAMS 0x0000000088800000, 0x0000000088900000| Complete 
| 137|0x0000000088900000, 0x0000000088a00000, 0x0000000088a00000|100%|HS|  |TAMS 0x0000000088900000, 0x0000000088a00000| Complete 
| 138|0x0000000088a00000, 0x0000000088b00000, 0x0000000088b00000|100%|HC|  |TAMS 0x0000000088a00000, 0x0000000088b00000| Complete 
| 139|0x0000000088b00000, 0x0000000088b95c00, 0x0000000088c00000| 58%| O|  |TAMS 0x0000000088b00000, 0x0000000088b95c00| Untracked 
| 140|0x0000000088c00000, 0x0000000088d00000, 0x0000000088d00000|100%|HS|  |TAMS 0x0000000088c00000, 0x0000000088d00000| Complete 
| 141|0x0000000088d00000, 0x0000000088e00000, 0x0000000088e00000|100%|HS|  |TAMS 0x0000000088d00000, 0x0000000088e00000| Complete 
| 142|0x0000000088e00000, 0x0000000088f00000, 0x0000000088f00000|100%|HC|  |TAMS 0x0000000088e00000, 0x0000000088f00000| Complete 
| 143|0x0000000088f00000, 0x0000000088f00000, 0x0000000089000000|  0%| F|  |TAMS 0x0000000088f00000, 0x0000000088f00000| Untracked 
| 144|0x0000000089000000, 0x0000000089000000, 0x0000000089100000|  0%| F|  |TAMS 0x0000000089000000, 0x0000000089000000| Untracked 
| 145|0x0000000089100000, 0x0000000089200000, 0x0000000089200000|100%|HS|  |TAMS 0x0000000089100000, 0x0000000089200000| Complete 
| 146|0x0000000089200000, 0x0000000089300000, 0x0000000089300000|100%|HC|  |TAMS 0x0000000089200000, 0x0000000089300000| Complete 
| 147|0x0000000089300000, 0x0000000089300000, 0x0000000089400000|  0%| F|  |TAMS 0x0000000089300000, 0x0000000089300000| Untracked 
| 148|0x0000000089400000, 0x0000000089500000, 0x0000000089500000|100%|HS|  |TAMS 0x0000000089400000, 0x0000000089500000| Complete 
| 149|0x0000000089500000, 0x0000000089600000, 0x0000000089600000|100%|HS|  |TAMS 0x0000000089500000, 0x0000000089600000| Complete 
| 150|0x0000000089600000, 0x0000000089700000, 0x0000000089700000|100%|HC|  |TAMS 0x0000000089600000, 0x0000000089700000| Complete 
| 151|0x0000000089700000, 0x0000000089800000, 0x0000000089800000|100%|HS|  |TAMS 0x0000000089700000, 0x0000000089800000| Complete 
| 152|0x0000000089800000, 0x0000000089900000, 0x0000000089900000|100%|HC|  |TAMS 0x0000000089800000, 0x0000000089900000| Complete 
| 153|0x0000000089900000, 0x0000000089a00000, 0x0000000089a00000|100%|HS|  |TAMS 0x0000000089900000, 0x0000000089a00000| Complete 
| 154|0x0000000089a00000, 0x0000000089b00000, 0x0000000089b00000|100%| O|  |TAMS 0x0000000089a00000, 0x0000000089b00000| Untracked 
| 155|0x0000000089b00000, 0x0000000089c00000, 0x0000000089c00000|100%|HS|  |TAMS 0x0000000089b00000, 0x0000000089c00000| Complete 
| 156|0x0000000089c00000, 0x0000000089d00000, 0x0000000089d00000|100%|HC|  |TAMS 0x0000000089c00000, 0x0000000089d00000| Complete 
| 157|0x0000000089d00000, 0x0000000089e00000, 0x0000000089e00000|100%| O|  |TAMS 0x0000000089d00000, 0x0000000089e00000| Untracked 
| 158|0x0000000089e00000, 0x0000000089f00000, 0x0000000089f00000|100%|HS|  |TAMS 0x0000000089e00000, 0x0000000089f00000| Complete 
| 159|0x0000000089f00000, 0x000000008a000000, 0x000000008a000000|100%| O|  |TAMS 0x0000000089f00000, 0x000000008a000000| Untracked 
| 160|0x000000008a000000, 0x000000008a100000, 0x000000008a100000|100%|HS|  |TAMS 0x000000008a000000, 0x000000008a100000| Complete 
| 161|0x000000008a100000, 0x000000008a200000, 0x000000008a200000|100%| O|  |TAMS 0x000000008a100000, 0x000000008a200000| Untracked 
| 162|0x000000008a200000, 0x000000008a300000, 0x000000008a300000|100%|HS|  |TAMS 0x000000008a200000, 0x000000008a300000| Complete 
| 163|0x000000008a300000, 0x000000008a400000, 0x000000008a400000|100%| O|  |TAMS 0x000000008a300000, 0x000000008a400000| Untracked 
| 164|0x000000008a400000, 0x000000008a500000, 0x000000008a500000|100%| O|  |TAMS 0x000000008a400000, 0x000000008a500000| Untracked 
| 165|0x000000008a500000, 0x000000008a600000, 0x000000008a600000|100%| O|  |TAMS 0x000000008a500000, 0x000000008a600000| Untracked 
| 166|0x000000008a600000, 0x000000008a700000, 0x000000008a700000|100%| O|  |TAMS 0x000000008a600000, 0x000000008a700000| Untracked 
| 167|0x000000008a700000, 0x000000008a800000, 0x000000008a800000|100%| O|  |TAMS 0x000000008a700000, 0x000000008a800000| Untracked 
| 168|0x000000008a800000, 0x000000008a900000, 0x000000008a900000|100%| O|  |TAMS 0x000000008a800000, 0x000000008a900000| Untracked 
| 169|0x000000008a900000, 0x000000008a900000, 0x000000008aa00000|  0%| F|  |TAMS 0x000000008a900000, 0x000000008a900000| Untracked 
| 170|0x000000008aa00000, 0x000000008aa00000, 0x000000008ab00000|  0%| F|  |TAMS 0x000000008aa00000, 0x000000008aa00000| Untracked 
| 171|0x000000008ab00000, 0x000000008ab00000, 0x000000008ac00000|  0%| F|  |TAMS 0x000000008ab00000, 0x000000008ab00000| Untracked 
| 172|0x000000008ac00000, 0x000000008ad00000, 0x000000008ad00000|100%|HS|  |TAMS 0x000000008ac00000, 0x000000008ad00000| Complete 
| 173|0x000000008ad00000, 0x000000008ae00000, 0x000000008ae00000|100%|HC|  |TAMS 0x000000008ad00000, 0x000000008ae00000| Complete 
| 174|0x000000008ae00000, 0x000000008af00000, 0x000000008af00000|100%|HC|  |TAMS 0x000000008ae00000, 0x000000008af00000| Complete 
| 175|0x000000008af00000, 0x000000008af00000, 0x000000008b000000|  0%| F|  |TAMS 0x000000008af00000, 0x000000008af00000| Untracked 
| 176|0x000000008b000000, 0x000000008b000000, 0x000000008b100000|  0%| F|  |TAMS 0x000000008b000000, 0x000000008b000000| Untracked 
| 177|0x000000008b100000, 0x000000008b200000, 0x000000008b200000|100%|HS|  |TAMS 0x000000008b100000, 0x000000008b200000| Complete 
| 178|0x000000008b200000, 0x000000008b300000, 0x000000008b300000|100%|HC|  |TAMS 0x000000008b200000, 0x000000008b300000| Complete 
| 179|0x000000008b300000, 0x000000008b400000, 0x000000008b400000|100%| O|  |TAMS 0x000000008b300000, 0x000000008b400000| Untracked 
| 180|0x000000008b400000, 0x000000008b500000, 0x000000008b500000|100%| O|  |TAMS 0x000000008b400000, 0x000000008b500000| Untracked 
| 181|0x000000008b500000, 0x000000008b500000, 0x000000008b600000|  0%| F|  |TAMS 0x000000008b500000, 0x000000008b500000| Untracked 
| 182|0x000000008b600000, 0x000000008b600000, 0x000000008b700000|  0%| F|  |TAMS 0x000000008b600000, 0x000000008b600000| Untracked 
| 183|0x000000008b700000, 0x000000008b700000, 0x000000008b800000|  0%| F|  |TAMS 0x000000008b700000, 0x000000008b700000| Untracked 
| 184|0x000000008b800000, 0x000000008b800000, 0x000000008b900000|  0%| F|  |TAMS 0x000000008b800000, 0x000000008b800000| Untracked 
| 185|0x000000008b900000, 0x000000008b900000, 0x000000008ba00000|  0%| F|  |TAMS 0x000000008b900000, 0x000000008b900000| Untracked 
| 186|0x000000008ba00000, 0x000000008ba00000, 0x000000008bb00000|  0%| F|  |TAMS 0x000000008ba00000, 0x000000008ba00000| Untracked 
| 187|0x000000008bb00000, 0x000000008bb00000, 0x000000008bc00000|  0%| F|  |TAMS 0x000000008bb00000, 0x000000008bb00000| Untracked 
| 188|0x000000008bc00000, 0x000000008bc00000, 0x000000008bd00000|  0%| F|  |TAMS 0x000000008bc00000, 0x000000008bc00000| Untracked 
| 189|0x000000008bd00000, 0x000000008bd00000, 0x000000008be00000|  0%| F|  |TAMS 0x000000008bd00000, 0x000000008bd00000| Untracked 
| 190|0x000000008be00000, 0x000000008be00000, 0x000000008bf00000|  0%| F|  |TAMS 0x000000008be00000, 0x000000008be00000| Untracked 
| 191|0x000000008bf00000, 0x000000008bf00000, 0x000000008c000000|  0%| F|  |TAMS 0x000000008bf00000, 0x000000008bf00000| Untracked 
| 192|0x000000008c000000, 0x000000008c000000, 0x000000008c100000|  0%| F|  |TAMS 0x000000008c000000, 0x000000008c000000| Untracked 
| 193|0x000000008c100000, 0x000000008c100000, 0x000000008c200000|  0%| F|  |TAMS 0x000000008c100000, 0x000000008c100000| Untracked 
| 194|0x000000008c200000, 0x000000008c200000, 0x000000008c300000|  0%| F|  |TAMS 0x000000008c200000, 0x000000008c200000| Untracked 
| 195|0x000000008c300000, 0x000000008c300000, 0x000000008c400000|  0%| F|  |TAMS 0x000000008c300000, 0x000000008c300000| Untracked 
| 196|0x000000008c400000, 0x000000008c400000, 0x000000008c500000|  0%| F|  |TAMS 0x000000008c400000, 0x000000008c400000| Untracked 
| 197|0x000000008c500000, 0x000000008c500000, 0x000000008c600000|  0%| F|  |TAMS 0x000000008c500000, 0x000000008c500000| Untracked 
| 198|0x000000008c600000, 0x000000008c600000, 0x000000008c700000|  0%| F|  |TAMS 0x000000008c600000, 0x000000008c600000| Untracked 
| 199|0x000000008c700000, 0x000000008c700000, 0x000000008c800000|  0%| F|  |TAMS 0x000000008c700000, 0x000000008c700000| Untracked 
| 200|0x000000008c800000, 0x000000008c800000, 0x000000008c900000|  0%| F|  |TAMS 0x000000008c800000, 0x000000008c800000| Untracked 
| 201|0x000000008c900000, 0x000000008c900000, 0x000000008ca00000|  0%| F|  |TAMS 0x000000008c900000, 0x000000008c900000| Untracked 
| 202|0x000000008ca00000, 0x000000008ca00000, 0x000000008cb00000|  0%| F|  |TAMS 0x000000008ca00000, 0x000000008ca00000| Untracked 
| 203|0x000000008cb00000, 0x000000008cb00000, 0x000000008cc00000|  0%| F|  |TAMS 0x000000008cb00000, 0x000000008cb00000| Untracked 
| 204|0x000000008cc00000, 0x000000008cc00000, 0x000000008cd00000|  0%| F|  |TAMS 0x000000008cc00000, 0x000000008cc00000| Untracked 
| 205|0x000000008cd00000, 0x000000008ce00000, 0x000000008ce00000|100%| S|CS|TAMS 0x000000008cd00000, 0x000000008cd00000| Complete 
| 206|0x000000008ce00000, 0x000000008cf00000, 0x000000008cf00000|100%| S|CS|TAMS 0x000000008ce00000, 0x000000008ce00000| Complete 
| 207|0x000000008cf00000, 0x000000008cf00000, 0x000000008d000000|  0%| F|  |TAMS 0x000000008cf00000, 0x000000008cf00000| Untracked 
| 208|0x000000008d000000, 0x000000008d000000, 0x000000008d100000|  0%| F|  |TAMS 0x000000008d000000, 0x000000008d000000| Untracked 
| 209|0x000000008d100000, 0x000000008d100000, 0x000000008d200000|  0%| F|  |TAMS 0x000000008d100000, 0x000000008d100000| Untracked 
| 210|0x000000008d200000, 0x000000008d200000, 0x000000008d300000|  0%| F|  |TAMS 0x000000008d200000, 0x000000008d200000| Untracked 
| 211|0x000000008d300000, 0x000000008d300000, 0x000000008d400000|  0%| F|  |TAMS 0x000000008d300000, 0x000000008d300000| Untracked 
| 212|0x000000008d400000, 0x000000008d400000, 0x000000008d500000|  0%| F|  |TAMS 0x000000008d400000, 0x000000008d400000| Untracked 
| 213|0x000000008d500000, 0x000000008d500000, 0x000000008d600000|  0%| F|  |TAMS 0x000000008d500000, 0x000000008d500000| Untracked 
| 214|0x000000008d600000, 0x000000008d600000, 0x000000008d700000|  0%| F|  |TAMS 0x000000008d600000, 0x000000008d600000| Untracked 
| 215|0x000000008d700000, 0x000000008d700000, 0x000000008d800000|  0%| F|  |TAMS 0x000000008d700000, 0x000000008d700000| Untracked 
| 216|0x000000008d800000, 0x000000008d800000, 0x000000008d900000|  0%| F|  |TAMS 0x000000008d800000, 0x000000008d800000| Untracked 
| 217|0x000000008d900000, 0x000000008d900000, 0x000000008da00000|  0%| F|  |TAMS 0x000000008d900000, 0x000000008d900000| Untracked 
| 218|0x000000008da00000, 0x000000008da00000, 0x000000008db00000|  0%| F|  |TAMS 0x000000008da00000, 0x000000008da00000| Untracked 
| 219|0x000000008db00000, 0x000000008db00000, 0x000000008dc00000|  0%| F|  |TAMS 0x000000008db00000, 0x000000008db00000| Untracked 
| 220|0x000000008dc00000, 0x000000008dc00000, 0x000000008dd00000|  0%| F|  |TAMS 0x000000008dc00000, 0x000000008dc00000| Untracked 
| 221|0x000000008dd00000, 0x000000008dd00000, 0x000000008de00000|  0%| F|  |TAMS 0x000000008dd00000, 0x000000008dd00000| Untracked 

Card table byte_map: [0x000002163ddd0000,0x000002163e1d0000] _byte_map_base: 0x000002163d9d0000

Marking Bits (Prev, Next): (CMBitMap*) 0x000002162af1f220, (CMBitMap*) 0x000002162af1f1e8
 Prev Bits: [0x00000216405d0000, 0x00000216425d0000)
 Next Bits: [0x000002163e5d0000, 0x00000216405d0000)

Polling page: 0x0000021628e50000

Metaspace:

Usage:
  Non-class:     89.39 MB capacity,    87.98 MB ( 98%) used,     1.14 MB (  1%) free+waste,   274.75 KB ( <1%) overhead. 
      Class:     13.70 MB capacity,    12.85 MB ( 94%) used,   752.72 KB (  5%) free+waste,   120.88 KB ( <1%) overhead. 
       Both:    103.09 MB capacity,   100.83 MB ( 98%) used,     1.88 MB (  2%) free+waste,   395.63 KB ( <1%) overhead. 

Virtual space:
  Non-class space:       90.00 MB reserved,      89.59 MB (>99%) committed 
      Class space:        1.00 GB reserved,      13.82 MB (  1%) committed 
             Both:        1.09 GB reserved,     103.41 MB (  9%) committed 

Chunk freelists:
   Non-Class:  11.00 KB
       Class:  18.00 KB
        Both:  29.00 KB

MaxMetaspaceSize: 17179869184.00 GB
CompressedClassSpaceSize: 1.00 GB

CodeHeap 'non-profiled nmethods': size=120064Kb used=8051Kb max_used=8051Kb free=112012Kb
 bounds [0x0000021636490000, 0x0000021636c70000, 0x000002163d9d0000]
CodeHeap 'profiled nmethods': size=120000Kb used=27905Kb max_used=27905Kb free=92094Kb
 bounds [0x000002162ef60000, 0x0000021630ab0000, 0x0000021636490000]
CodeHeap 'non-nmethods': size=5696Kb used=2312Kb max_used=2351Kb free=3383Kb
 bounds [0x000002162e9d0000, 0x000002162ec40000, 0x000002162ef60000]
 total_blobs=13371 nmethods=12449 adapters=833
 compilation: enabled
              stopped_count=0, restarted_count=0
 full_count=0

Compilation events (20 events):
Event: 34.696 Thread 0x0000021644ae9800 12565       2       com.android.tools.r8.internal.W41::next (5 bytes)
Event: 34.696 Thread 0x0000021644ae9800 nmethod 12565 0x0000021630a9e710 code [0x0000021630a9e8c0, 0x0000021630a9e9c8]
Event: 34.696 Thread 0x0000021644ae9800 12566       2       com.android.tools.r8.internal.a51::l (60 bytes)
Event: 34.697 Thread 0x0000021644ae9800 nmethod 12566 0x0000021630a9ea90 code [0x0000021630a9ec80, 0x0000021630a9efd8]
Event: 34.697 Thread 0x0000021644ae9800 12567       2       com.android.tools.r8.internal.LH0$$Lambda$1097/0x0000000100d8ac40::accept (12 bytes)
Event: 34.697 Thread 0x0000021644ae9800 nmethod 12567 0x0000021630a9f190 code [0x0000021630a9f340, 0x0000021630a9f4a8]
Event: 34.697 Thread 0x0000021644ae9800 12568       2       com.android.tools.r8.internal.LH0::a (42 bytes)
Event: 34.697 Thread 0x0000021644ae9800 nmethod 12568 0x0000021630a9f590 code [0x0000021630a9f780, 0x0000021630a9f9e8]
Event: 34.697 Thread 0x0000021644ae9800 12569       2       com.android.tools.r8.internal.YY0::f (40 bytes)
Event: 34.697 Thread 0x0000021644ae9800 nmethod 12569 0x0000021630a9fb90 code [0x0000021630a9fd80, 0x0000021630aa0138]
Event: 34.698 Thread 0x0000021644ae9800 12572       2       com.android.tools.r8.internal.md1::a (34 bytes)
Event: 34.698 Thread 0x0000021644ae9800 nmethod 12572 0x0000021630aa0310 code [0x0000021630aa04c0, 0x0000021630aa0698]
Event: 34.701 Thread 0x0000021644ae3800 nmethod 12485 0x0000021636c69b10 code [0x0000021636c69d60, 0x0000021636c6b5c0]
Event: 34.701 Thread 0x000002164eb69000 nmethod 12548 0x0000021636c6c110 code [0x0000021636c6c2c0, 0x0000021636c6c478]
Event: 34.701 Thread 0x0000021644ae3800 12549   !   4       com.android.tools.r8.graph.W0::S (91 bytes)
Event: 34.701 Thread 0x000002164eb69000 12535       4       com.android.tools.r8.dex.f::f (34 bytes)
Event: 34.703 Thread 0x000002164eb69000 nmethod 12535 0x0000021636c6c610 code [0x0000021636c6c7a0, 0x0000021636c6c8b8]
Event: 34.704 Thread 0x000002164eb69000 12521       4       com.android.tools.r8.graph.l0::<init> (5 bytes)
Event: 34.704 Thread 0x000002164eb69000 nmethod 12521 0x0000021636c6ca90 code [0x0000021636c6cc20, 0x0000021636c6cc78]
Event: 34.704 Thread 0x000002164eb69000 12562       4       com.android.tools.r8.dex.f::b (9 bytes)

GC Heap History (20 events):
Event: 24.765 GC heap after
{Heap after GC invocations=21 (full 0):
 garbage-first heap   total 227328K, used 91376K [0x0000000080000000, 0x0000000100000000)
  region size 1024K, 10 young (10240K), 10 survivors (10240K)
 Metaspace       used 86485K, capacity 88610K, committed 88744K, reserved 1126400K
  class space    used 11184K, capacity 11988K, committed 12108K, reserved 1048576K
}
Event: 27.174 GC heap before
{Heap before GC invocations=21 (full 0):
 garbage-first heap   total 227328K, used 171248K [0x0000000080000000, 0x0000000100000000)
  region size 1024K, 89 young (91136K), 10 survivors (10240K)
 Metaspace       used 90022K, capacity 92200K, committed 92456K, reserved 1130496K
  class space    used 11637K, capacity 12472K, committed 12492K, reserved 1048576K
}
Event: 27.197 GC heap after
{Heap after GC invocations=22 (full 0):
 garbage-first heap   total 227328K, used 95685K [0x0000000080000000, 0x0000000100000000)
  region size 1024K, 7 young (7168K), 7 survivors (7168K)
 Metaspace       used 90022K, capacity 92200K, committed 92456K, reserved 1130496K
  class space    used 11637K, capacity 12472K, committed 12492K, reserved 1048576K
}
Event: 29.853 GC heap before
{Heap before GC invocations=22 (full 0):
 garbage-first heap   total 227328K, used 176581K [0x0000000080000000, 0x0000000100000000)
  region size 1024K, 85 young (87040K), 7 survivors (7168K)
 Metaspace       used 92938K, capacity 95100K, committed 95144K, reserved 1132544K
  class space    used 11974K, capacity 12832K, committed 12876K, reserved 1048576K
}
Event: 29.904 GC heap after
{Heap after GC invocations=23 (full 0):
 garbage-first heap   total 227328K, used 107520K [0x0000000080000000, 0x0000000100000000)
  region size 1024K, 11 young (11264K), 11 survivors (11264K)
 Metaspace       used 92938K, capacity 95100K, committed 95144K, reserved 1132544K
  class space    used 11974K, capacity 12832K, committed 12876K, reserved 1048576K
}
Event: 32.457 GC heap before
{Heap before GC invocations=23 (full 0):
 garbage-first heap   total 227328K, used 179200K [0x0000000080000000, 0x0000000100000000)
  region size 1024K, 79 young (80896K), 11 survivors (11264K)
 Metaspace       used 95080K, capacity 97316K, committed 97448K, reserved 1134592K
  class space    used 12240K, capacity 13114K, committed 13132K, reserved 1048576K
}
Event: 32.500 GC heap after
{Heap after GC invocations=24 (full 0):
 garbage-first heap   total 227328K, used 114483K [0x0000000080000000, 0x0000000100000000)
  region size 1024K, 9 young (9216K), 9 survivors (9216K)
 Metaspace       used 95080K, capacity 97316K, committed 97448K, reserved 1134592K
  class space    used 12240K, capacity 13114K, committed 13132K, reserved 1048576K
}
Event: 32.695 GC heap before
{Heap before GC invocations=24 (full 0):
 garbage-first heap   total 227328K, used 125747K [0x0000000080000000, 0x0000000100000000)
  region size 1024K, 22 young (22528K), 9 survivors (9216K)
 Metaspace       used 95279K, capacity 97552K, committed 97832K, reserved 1134592K
  class space    used 12261K, capacity 13150K, committed 13260K, reserved 1048576K
}
Event: 32.714 GC heap after
{Heap after GC invocations=25 (full 0):
 garbage-first heap   total 227328K, used 116317K [0x0000000080000000, 0x0000000100000000)
  region size 1024K, 3 young (3072K), 3 survivors (3072K)
 Metaspace       used 95279K, capacity 97552K, committed 97832K, reserved 1134592K
  class space    used 12261K, capacity 13150K, committed 13260K, reserved 1048576K
}
Event: 33.745 GC heap before
{Heap before GC invocations=26 (full 0):
 garbage-first heap   total 227328K, used 176733K [0x0000000080000000, 0x0000000100000000)
  region size 1024K, 57 young (58368K), 3 survivors (3072K)
 Metaspace       used 97098K, capacity 99374K, committed 99624K, reserved 1136640K
  class space    used 12349K, capacity 13198K, committed 13260K, reserved 1048576K
}
Event: 33.757 GC heap after
{Heap after GC invocations=27 (full 0):
 garbage-first heap   total 227328K, used 124988K [0x0000000080000000, 0x0000000100000000)
  region size 1024K, 7 young (7168K), 7 survivors (7168K)
 Metaspace       used 97098K, capacity 99374K, committed 99624K, reserved 1136640K
  class space    used 12349K, capacity 13198K, committed 13260K, reserved 1048576K
}
Event: 33.796 GC heap before
{Heap before GC invocations=27 (full 0):
 garbage-first heap   total 227328K, used 133180K [0x0000000080000000, 0x0000000100000000)
  region size 1024K, 11 young (11264K), 7 survivors (7168K)
 Metaspace       used 97105K, capacity 99374K, committed 99624K, reserved 1136640K
  class space    used 12350K, capacity 13198K, committed 13260K, reserved 1048576K
}
Event: 33.806 GC heap after
{Heap after GC invocations=28 (full 0):
 garbage-first heap   total 227328K, used 131400K [0x0000000080000000, 0x0000000100000000)
  region size 1024K, 2 young (2048K), 2 survivors (2048K)
 Metaspace       used 97105K, capacity 99374K, committed 99624K, reserved 1136640K
  class space    used 12350K, capacity 13198K, committed 13260K, reserved 1048576K
}
Event: 33.812 GC heap before
{Heap before GC invocations=28 (full 0):
 garbage-first heap   total 227328K, used 131400K [0x0000000080000000, 0x0000000100000000)
  region size 1024K, 4 young (4096K), 2 survivors (2048K)
 Metaspace       used 97105K, capacity 99374K, committed 99624K, reserved 1136640K
  class space    used 12350K, capacity 13198K, committed 13260K, reserved 1048576K
}
Event: 33.815 GC heap after
{Heap after GC invocations=29 (full 0):
 garbage-first heap   total 227328K, used 131539K [0x0000000080000000, 0x0000000100000000)
  region size 1024K, 3 young (3072K), 3 survivors (3072K)
 Metaspace       used 97105K, capacity 99374K, committed 99624K, reserved 1136640K
  class space    used 12350K, capacity 13198K, committed 13260K, reserved 1048576K
}
Event: 34.470 GC heap before
{Heap before GC invocations=30 (full 0):
 garbage-first heap   total 227328K, used 198099K [0x0000000080000000, 0x0000000100000000)
  region size 1024K, 33 young (33792K), 3 survivors (3072K)
 Metaspace       used 101852K, capacity 104150K, committed 104360K, reserved 1140736K
  class space    used 12979K, capacity 13812K, committed 13900K, reserved 1048576K
}
Event: 34.479 GC heap after
{Heap after GC invocations=31 (full 0):
 garbage-first heap   total 227328K, used 163272K [0x0000000080000000, 0x0000000100000000)
  region size 1024K, 5 young (5120K), 5 survivors (5120K)
 Metaspace       used 101852K, capacity 104150K, committed 104360K, reserved 1140736K
  class space    used 12979K, capacity 13812K, committed 13900K, reserved 1048576K
}
Event: 34.490 GC heap before
{Heap before GC invocations=31 (full 0):
 garbage-first heap   total 227328K, used 188872K [0x0000000080000000, 0x0000000100000000)
  region size 1024K, 11 young (11264K), 5 survivors (5120K)
 Metaspace       used 101895K, capacity 104182K, committed 104360K, reserved 1140736K
  class space    used 12985K, capacity 13844K, committed 13900K, reserved 1048576K
}
Event: 34.494 GC heap after
{Heap after GC invocations=32 (full 0):
 garbage-first heap   total 227328K, used 174249K [0x0000000080000000, 0x0000000100000000)
  region size 1024K, 2 young (2048K), 2 survivors (2048K)
 Metaspace       used 101895K, capacity 104182K, committed 104360K, reserved 1140736K
  class space    used 12985K, capacity 13844K, committed 13900K, reserved 1048576K
}
Event: 34.705 GC heap before
{Heap before GC invocations=32 (full 0):
 garbage-first heap   total 227328K, used 186537K [0x0000000080000000, 0x0000000100000000)
  region size 1024K, 15 young (15360K), 2 survivors (2048K)
 Metaspace       used 103248K, capacity 105567K, committed 105896K, reserved 1140736K
  class space    used 13156K, capacity 14030K, committed 14156K, reserved 1048576K
}

Deoptimization events (20 events):
Event: 34.597 Thread 0x000002164590d000 Uncommon trap: trap_request=0xffffff4d fr.pc=0x0000021636c459e8 relative=0x0000000000000648
Event: 34.597 Thread 0x000002164590d000 Uncommon trap: reason=unstable_if action=reinterpret pc=0x0000021636c459e8 method=com.google.common.collect.MapMakerInternalMap$Segment.getEntry(Ljava/lang/Object;I)Lcom/google/common/collect/MapMakerInternalMap$InternalEntry; @ 63 c2
Event: 34.597 Thread 0x000002164590d000 DEOPT PACKING pc=0x0000021636c459e8 sp=0x000000aeb01fb690
Event: 34.597 Thread 0x000002164590d000 DEOPT UNPACKING pc=0x000002162e9f662f sp=0x000000aeb01fb4d8 mode 2
Event: 34.597 Thread 0x000002164590d000 Uncommon trap: trap_request=0xffffff4d fr.pc=0x0000021636c467c8 relative=0x00000000000002c8
Event: 34.597 Thread 0x000002164590d000 Uncommon trap: reason=unstable_if action=reinterpret pc=0x0000021636c467c8 method=com.google.common.collect.MapMakerInternalMap$Segment.getEntry(Ljava/lang/Object;I)Lcom/google/common/collect/MapMakerInternalMap$InternalEntry; @ 63 c2
Event: 34.597 Thread 0x000002164590d000 DEOPT PACKING pc=0x0000021636c467c8 sp=0x000000aeb01fb5e0
Event: 34.597 Thread 0x000002164590d000 DEOPT UNPACKING pc=0x000002162e9f662f sp=0x000000aeb01fb4c0 mode 2
Event: 34.634 Thread 0x000002164590d000 DEOPT PACKING pc=0x0000021630a6170e sp=0x000000aeb01fd9d0
Event: 34.634 Thread 0x000002164590d000 DEOPT UNPACKING pc=0x000002162e9f6dde sp=0x000000aeb01fce48 mode 0
Event: 34.638 Thread 0x000002164590d000 DEOPT PACKING pc=0x0000021630a6170e sp=0x000000aeb01fd9d0
Event: 34.638 Thread 0x000002164590d000 DEOPT UNPACKING pc=0x000002162e9f6dde sp=0x000000aeb01fce48 mode 0
Event: 34.640 Thread 0x000002164590d000 DEOPT PACKING pc=0x0000021630a6170e sp=0x000000aeb01fda00
Event: 34.640 Thread 0x000002164590d000 DEOPT UNPACKING pc=0x000002162e9f6dde sp=0x000000aeb01fce78 mode 0
Event: 34.643 Thread 0x000002164590d000 DEOPT PACKING pc=0x0000021630a6170e sp=0x000000aeb01fda00
Event: 34.643 Thread 0x000002164590d000 DEOPT UNPACKING pc=0x000002162e9f6dde sp=0x000000aeb01fce78 mode 0
Event: 34.675 Thread 0x000002164590d000 Uncommon trap: trap_request=0xffffff4d fr.pc=0x0000021636c62b80 relative=0x0000000000001320
Event: 34.676 Thread 0x000002164590d000 Uncommon trap: reason=unstable_if action=reinterpret pc=0x0000021636c62b80 method=com.android.tools.r8.dex.r.m()V @ 22 c2
Event: 34.676 Thread 0x000002164590d000 DEOPT PACKING pc=0x0000021636c62b80 sp=0x000000aeb01fde20
Event: 34.676 Thread 0x000002164590d000 DEOPT UNPACKING pc=0x000002162e9f662f sp=0x000000aeb01fddf8 mode 2

Classes redefined (0 events):
No events

Internal exceptions (20 events):
Event: 21.224 Thread 0x0000021646fc8800 Exception <a 'java/lang/IncompatibleClassChangeError'{0x000000008a488a20}: Found class java.lang.Object, but interface was expected> (0x000000008a488a20) thrown at [./src/hotspot/share/interpreter/linkResolver.cpp, line 839]
Event: 21.229 Thread 0x0000021646fc8800 Exception <a 'java/lang/IncompatibleClassChangeError'{0x000000008a4b18a8}: Found class java.lang.Object, but interface was expected> (0x000000008a4b18a8) thrown at [./src/hotspot/share/interpreter/linkResolver.cpp, line 839]
Event: 21.272 Thread 0x0000021646fc8800 Exception <a 'java/lang/NoSuchMethodError'{0x000000008a1b80a0}: 'int java.lang.invoke.DirectMethodHandle$Holder.invokeStaticInit(java.lang.Object, java.lang.Object, java.lang.Object, java.lang.Object, java.lang.Object)'> (0x000000008a1b80a0) thrown at [./src/hotspot/share/interpreter/linkResolver.cpp, line 773]
Event: 21.766 Thread 0x000002164590b000 Exception <a 'java/lang/NoSuchMethodError'{0x00000000894a80b8}: 'void java.lang.invoke.DirectMethodHandle$Holder.invokeStatic(java.lang.Object, java.lang.Object, java.lang.Object, java.lang.Object, int, java.lang.Object, java.lang.Object)'> (0x00000000894a80b8) thrown at [./src/hotspot/share/interpreter/linkResolver.cpp, line 773]
Event: 21.806 Thread 0x000002164ad3a800 Exception <a 'java/lang/NoSuchMethodError'{0x0000000089031fb0}: 'java.lang.Object java.lang.invoke.DirectMethodHandle$Holder.invokeSpecialIFC(java.lang.Object, java.lang.Object, java.lang.Object)'> (0x0000000089031fb0) thrown at [./src/hotspot/share/interpreter/linkResolver.cpp, line 773]
Event: 21.806 Thread 0x000002164590b000 Exception <a 'java/lang/NoSuchMethodError'{0x000000008906f308}: 'java.lang.Object java.lang.invoke.DirectMethodHandle$Holder.invokeSpecialIFC(java.lang.Object, java.lang.Object, java.lang.Object)'> (0x000000008906f308) thrown at [./src/hotspot/share/interpreter/linkResolver.cpp, line 773]
Event: 22.363 Thread 0x000002164ad3d000 Exception <a 'java/lang/NoSuchMethodError'{0x0000000087a7a3c0}: 'void java.lang.invoke.DirectMethodHandle$Holder.invokeVirtual(java.lang.Object, java.lang.Object)'> (0x0000000087a7a3c0) thrown at [./src/hotspot/share/interpreter/linkResolver.cpp, line 773]
Event: 24.200 Thread 0x000002164590b000 Exception <a 'java/lang/NoSuchMethodError'{0x000000008b9f8358}: <clinit>> (0x000000008b9f8358) thrown at [./src/hotspot/share/prims/jni.cpp, line 1362]
Event: 24.200 Thread 0x000002164590b000 Exception <a 'java/lang/NoSuchMethodError'{0x000000008b9f9960}: <clinit>> (0x000000008b9f9960) thrown at [./src/hotspot/share/prims/jni.cpp, line 1362]
Event: 24.201 Thread 0x000002164590b000 Exception <a 'java/lang/NoSuchMethodError'{0x000000008b9fbb00}: <clinit>> (0x000000008b9fbb00) thrown at [./src/hotspot/share/prims/jni.cpp, line 1362]
Event: 24.203 Thread 0x000002164590b000 Exception <a 'java/lang/NoSuchMethodError'{0x000000008b813368}: <clinit>> (0x000000008b813368) thrown at [./src/hotspot/share/prims/jni.cpp, line 1362]
Event: 24.203 Thread 0x000002164590b000 Exception <a 'java/lang/NoSuchMethodError'{0x000000008b814848}: <clinit>> (0x000000008b814848) thrown at [./src/hotspot/share/prims/jni.cpp, line 1362]
Event: 28.113 Thread 0x000002164590b000 Exception <a 'java/lang/NoSuchMethodError'{0x000000008ba37270}: 'int java.lang.invoke.DirectMethodHandle$Holder.invokeSpecial(java.lang.Object, java.lang.Object, java.lang.Object, java.lang.Object, java.lang.Object)'> (0x000000008ba37270) thrown at [./src/hotspot/share/interpreter/linkResolver.cpp, line 773]
Event: 29.664 Thread 0x000002164590b000 Exception <a 'java/lang/NoSuchMethodError'{0x0000000089dcb470}: <clinit>> (0x0000000089dcb470) thrown at [./src/hotspot/share/prims/jni.cpp, line 1362]
Event: 30.473 Thread 0x000002164590b000 Exception <a 'java/lang/NoSuchMethodError'{0x000000008d2a2e38}: <clinit>> (0x000000008d2a2e38) thrown at [./src/hotspot/share/prims/jni.cpp, line 1362]
Event: 30.621 Thread 0x000002164590a800 Implicit null exception at 0x0000021636aa94d6 to 0x0000021636aa9d74
Event: 33.985 Thread 0x000002164590d000 Exception <a 'sun/nio/fs/WindowsException'{0x000000008d377e08}> (0x000000008d377e08) thrown at [./src/hotspot/share/prims/jni.cpp, line 615]
Event: 34.447 Thread 0x000002164590d000 Exception <a 'java/lang/NoSuchMethodError'{0x000000008c404e40}: 'java.lang.Object java.lang.invoke.DirectMethodHandle$Holder.invokeStaticInit(java.lang.Object, java.lang.Object, java.lang.Object, java.lang.Object, java.lang.Object, java.lang.Object, java.lang.Object, java.lang.Object, java.lang.Object, java.lang.Object, java.lang.Object, java.lang.Object, java.lang.Object, java.lang.Object, java.lang.Object, java.lang.Object, java.lang.Object, java.lang.Object, int, java.lang.Object, java.lang.Object)'> (0
Event: 34.582 Thread 0x000002164590a800 Exception <a 'sun/nio/fs/WindowsException'{0x000000008d412a78}> (0x000000008d412a78) thrown at [./src/hotspot/share/prims/jni.cpp, line 615]
Event: 34.582 Thread 0x000002164590a800 Exception <a 'sun/nio/fs/WindowsException'{0x000000008d412b60}> (0x000000008d412b60) thrown at [./src/hotspot/share/prims/jni.cpp, line 615]

Events (20 events):
Event: 34.624 loading class com/android/tools/r8/internal/X41 done
Event: 34.625 loading class com/android/tools/r8/internal/LH0
Event: 34.625 loading class com/android/tools/r8/internal/LH0 done
Event: 34.626 loading class com/android/tools/r8/internal/W41
Event: 34.626 loading class com/android/tools/r8/internal/W41 done
Event: 34.626 loading class com/android/tools/r8/internal/a51
Event: 34.626 loading class com/android/tools/r8/internal/a51 done
Event: 34.631 loading class com/android/tools/r8/internal/MS0
Event: 34.631 loading class com/android/tools/r8/internal/MS0 done
Event: 34.631 loading class com/android/tools/r8/internal/MS0
Event: 34.631 loading class com/android/tools/r8/internal/MS0 done
Event: 34.646 loading class com/android/tools/r8/graph/Y0
Event: 34.646 loading class com/android/tools/r8/graph/Y0 done
Event: 34.646 loading class com/android/tools/r8/graph/Y0
Event: 34.646 loading class com/android/tools/r8/graph/Y0 done
Event: 34.646 loading class com/android/tools/r8/dex/r
Event: 34.646 loading class com/android/tools/r8/dex/r done
Event: 34.673 loading class com/android/tools/r8/graph/G
Event: 34.673 loading class com/android/tools/r8/graph/G done
Event: 34.705 Executing VM operation: G1CollectForAllocation


Dynamic libraries:
0x00007ff7323e0000 - 0x00007ff7323ea000 	C:\Program Files\Android\Android Studio New\jre\bin\java.exe
0x00007ffbc5380000 - 0x00007ffbc5570000 	C:\WINDOWS\SYSTEM32\ntdll.dll
0x00007ffbc3690000 - 0x00007ffbc3742000 	C:\WINDOWS\System32\KERNEL32.DLL
0x00007ffbc2490000 - 0x00007ffbc2735000 	C:\WINDOWS\System32\KERNELBASE.dll
0x00007ffbc2a60000 - 0x00007ffbc2b5a000 	C:\WINDOWS\System32\ucrtbase.dll
0x00007ffbb79e0000 - 0x00007ffbb79f9000 	C:\Program Files\Android\Android Studio New\jre\bin\jli.dll
0x00007ffbc51a0000 - 0x00007ffbc5334000 	C:\WINDOWS\System32\USER32.dll
0x00007ffbc2a30000 - 0x00007ffbc2a51000 	C:\WINDOWS\System32\win32u.dll
0x00007ffb9fad0000 - 0x00007ffb9fae7000 	C:\Program Files\Android\Android Studio New\jre\bin\VCRUNTIME140.dll
0x00007ffba7b80000 - 0x00007ffba7e04000 	C:\WINDOWS\WinSxS\amd64_microsoft.windows.common-controls_6595b64144ccf1df_6.0.18362.1256_none_9e7e379be45e40e2\COMCTL32.dll
0x00007ffbc4fb0000 - 0x00007ffbc4fd6000 	C:\WINDOWS\System32\GDI32.dll
0x00007ffbc5100000 - 0x00007ffbc519e000 	C:\WINDOWS\System32\msvcrt.dll
0x00007ffbc22f0000 - 0x00007ffbc2486000 	C:\WINDOWS\System32\gdi32full.dll
0x00007ffbc2770000 - 0x00007ffbc280e000 	C:\WINDOWS\System32\msvcp_win.dll
0x00007ffbc4550000 - 0x00007ffbc4886000 	C:\WINDOWS\System32\combase.dll
0x00007ffbc4fe0000 - 0x00007ffbc5100000 	C:\WINDOWS\System32\RPCRT4.dll
0x00007ffbc2b60000 - 0x00007ffbc2be1000 	C:\WINDOWS\System32\bcryptPrimitives.dll
0x00007ffbc3750000 - 0x00007ffbc377e000 	C:\WINDOWS\System32\IMM32.DLL
0x00007ffb8d3e0000 - 0x00007ffb8d47d000 	C:\Program Files\Android\Android Studio New\jre\bin\msvcp140.dll
0x00007ffb57710000 - 0x00007ffb581e5000 	C:\Program Files\Android\Android Studio New\jre\bin\server\jvm.dll
0x00007ffbc44a0000 - 0x00007ffbc4543000 	C:\WINDOWS\System32\ADVAPI32.dll
0x00007ffbc3440000 - 0x00007ffbc34d7000 	C:\WINDOWS\System32\sechost.dll
0x00007ffbc3430000 - 0x00007ffbc3438000 	C:\WINDOWS\System32\PSAPI.DLL
0x00007ffbbbf00000 - 0x00007ffbbbf24000 	C:\WINDOWS\SYSTEM32\WINMM.dll
0x00007ffbb9280000 - 0x00007ffbb928a000 	C:\WINDOWS\SYSTEM32\VERSION.dll
0x00007ffbbbed0000 - 0x00007ffbbbefd000 	C:\WINDOWS\SYSTEM32\WINMMBASE.dll
0x00007ffbc33e0000 - 0x00007ffbc342a000 	C:\WINDOWS\System32\cfgmgr32.dll
0x00007ffbbad50000 - 0x00007ffbbad59000 	C:\WINDOWS\SYSTEM32\WSOCK32.dll
0x00007ffbc3c20000 - 0x00007ffbc3c8f000 	C:\WINDOWS\System32\WS2_32.dll
0x00007ffbc2250000 - 0x00007ffbc2261000 	C:\WINDOWS\System32\kernel.appcore.dll
0x00007ffb90130000 - 0x00007ffb90141000 	C:\Program Files\Android\Android Studio New\jre\bin\verify.dll
0x00007ffbc0950000 - 0x00007ffbc0b44000 	C:\WINDOWS\SYSTEM32\DBGHELP.DLL
0x00007ffbb7500000 - 0x00007ffbb752a000 	C:\WINDOWS\SYSTEM32\dbgcore.DLL
0x00007ffb8ffe0000 - 0x00007ffb90009000 	C:\Program Files\Android\Android Studio New\jre\bin\java.dll
0x00007ffba81d0000 - 0x00007ffba81db000 	C:\Program Files\Android\Android Studio New\jre\bin\jimage.dll
0x00007ffb90110000 - 0x00007ffb90128000 	C:\Program Files\Android\Android Studio New\jre\bin\zip.dll
0x00007ffbc3db0000 - 0x00007ffbc4497000 	C:\WINDOWS\System32\SHELL32.dll
0x00007ffbc3780000 - 0x00007ffbc3829000 	C:\WINDOWS\System32\shcore.dll
0x00007ffbc2c50000 - 0x00007ffbc33d1000 	C:\WINDOWS\System32\windows.storage.dll
0x00007ffbc22c0000 - 0x00007ffbc22e3000 	C:\WINDOWS\System32\profapi.dll
0x00007ffbc2270000 - 0x00007ffbc22ba000 	C:\WINDOWS\System32\powrprof.dll
0x00007ffbc2220000 - 0x00007ffbc2230000 	C:\WINDOWS\System32\UMPDC.dll
0x00007ffbc3980000 - 0x00007ffbc39d2000 	C:\WINDOWS\System32\shlwapi.dll
0x00007ffbc2810000 - 0x00007ffbc2827000 	C:\WINDOWS\System32\cryptsp.dll
0x00007ffb8f330000 - 0x00007ffb8f34a000 	C:\Program Files\Android\Android Studio New\jre\bin\net.dll
0x00007ffbb56e0000 - 0x00007ffbb57d0000 	C:\WINDOWS\SYSTEM32\WINHTTP.dll
0x00007ffbc1a10000 - 0x00007ffbc1a77000 	C:\WINDOWS\system32\mswsock.dll
0x00007ffb8dca0000 - 0x00007ffb8dcb4000 	C:\Program Files\Android\Android Studio New\jre\bin\nio.dll
0x00007ffb9ef30000 - 0x00007ffb9ef57000 	C:\Users\JOHN BATISTA\.gradle\native\e1d6ef7f7dcc3fd88c89a11ec53ec762bb8ba0a96d01ffa2cd45eb1d1d8dd5c5\windows-amd64\native-platform.dll
0x00007ffb8f160000 - 0x00007ffb8f2a4000 	C:\Users\JOHN BATISTA\.gradle\native\5664cfc778a61ccfe75a443a1ab52a65af34e5dc3c78e0209fed803814484fcb\windows-amd64\native-platform-file-events.dll
0x00007ffba3980000 - 0x00007ffba398a000 	C:\Program Files\Android\Android Studio New\jre\bin\management.dll
0x00007ffb9ded0000 - 0x00007ffb9dedd000 	C:\Program Files\Android\Android Studio New\jre\bin\management_ext.dll
0x00007ffbc1580000 - 0x00007ffbc15b3000 	C:\WINDOWS\system32\rsaenh.dll
0x00007ffbc2740000 - 0x00007ffbc2766000 	C:\WINDOWS\System32\bcrypt.dll
0x00007ffbc2140000 - 0x00007ffbc2165000 	C:\WINDOWS\SYSTEM32\USERENV.dll
0x00007ffbc1be0000 - 0x00007ffbc1bec000 	C:\WINDOWS\SYSTEM32\CRYPTBASE.dll
0x00007ffbc1720000 - 0x00007ffbc175a000 	C:\WINDOWS\SYSTEM32\IPHLPAPI.DLL
0x00007ffbc3970000 - 0x00007ffbc3978000 	C:\WINDOWS\System32\NSI.dll
0x00007ffbb7780000 - 0x00007ffbb7796000 	C:\WINDOWS\SYSTEM32\dhcpcsvc6.DLL
0x00007ffbb7760000 - 0x00007ffbb777c000 	C:\WINDOWS\SYSTEM32\dhcpcsvc.DLL
0x00007ffbc1770000 - 0x00007ffbc183b000 	C:\WINDOWS\SYSTEM32\DNSAPI.dll

dbghelp: loaded successfully - version: 4.0.5 - missing functions: none
symbol engine: initialized successfully - sym options: 0x614 - pdb path: .;C:\Program Files\Android\Android Studio New\jre\bin;C:\WINDOWS\SYSTEM32;C:\WINDOWS\WinSxS\amd64_microsoft.windows.common-controls_6595b64144ccf1df_6.0.18362.1256_none_9e7e379be45e40e2;C:\Program Files\Android\Android Studio New\jre\bin\server;C:\Users\JOHN BATISTA\.gradle\native\e1d6ef7f7dcc3fd88c89a11ec53ec762bb8ba0a96d01ffa2cd45eb1d1d8dd5c5\windows-amd64;C:\Users\JOHN BATISTA\.gradle\native\5664cfc778a61ccfe75a443a1ab52a65af34e5dc3c78e0209fed803814484fcb\windows-amd64

VM Arguments:
jvm_args: --add-opens=java.base/java.util=ALL-UNNAMED --add-opens=java.base/java.lang=ALL-UNNAMED --add-opens=java.base/java.lang.invoke=ALL-UNNAMED --add-opens=java.base/java.util=ALL-UNNAMED --add-opens=java.prefs/java.util.prefs=ALL-UNNAMED --add-opens=java.prefs/java.util.prefs=ALL-UNNAMED --add-opens=java.base/java.nio.charset=ALL-UNNAMED --add-opens=java.base/java.net=ALL-UNNAMED --add-opens=java.base/java.util.concurrent.atomic=ALL-UNNAMED -Xmx2048m -Dfile.encoding=UTF-8 -Duser.country=US -Duser.language=en -Duser.variant 
java_command: org.gradle.launcher.daemon.bootstrap.GradleDaemon 7.2
java_class_path (initial): C:\Users\JOHN BATISTA\.gradle\wrapper\dists\gradle-7.2-bin\2dnblmf4td7x66yl1d74lt32g\gradle-7.2\lib\gradle-launcher-7.2.jar
Launcher Type: SUN_STANDARD

[Global flags]
     intx CICompilerCount                          = 3                                         {product} {ergonomic}
     uint ConcGCThreads                            = 1                                         {product} {ergonomic}
     uint G1ConcRefinementThreads                  = 4                                         {product} {ergonomic}
   size_t G1HeapRegionSize                         = 1048576                                   {product} {ergonomic}
    uintx GCDrainStackTargetSize                   = 64                                        {product} {ergonomic}
   size_t InitialHeapSize                          = 134217728                                 {product} {ergonomic}
   size_t MarkStackSize                            = 4194304                                   {product} {ergonomic}
   size_t MaxHeapSize                              = 2147483648                                {product} {command line}
   size_t MaxNewSize                               = 1287651328                                {product} {ergonomic}
   size_t MinHeapDeltaBytes                        = 1048576                                   {product} {ergonomic}
    uintx NonNMethodCodeHeapSize                   = 5830732                                {pd product} {ergonomic}
    uintx NonProfiledCodeHeapSize                  = 122913754                              {pd product} {ergonomic}
    uintx ProfiledCodeHeapSize                     = 122913754                              {pd product} {ergonomic}
    uintx ReservedCodeCacheSize                    = 251658240                              {pd product} {ergonomic}
     bool SegmentedCodeCache                       = true                                      {product} {ergonomic}
     bool UseCompressedClassPointers               = true                                 {lp64_product} {ergonomic}
     bool UseCompressedOops                        = true                                 {lp64_product} {ergonomic}
     bool UseG1GC                                  = true                                      {product} {ergonomic}
     bool UseLargePagesIndividualAllocation        = false                                  {pd product} {ergonomic}

Logging:
Log output configuration:
 #0: stdout all=warning uptime,level,tags
 #1: stderr all=off uptime,level,tags

Environment Variables:
JAVA_HOME=C:\Program Files\Java\jdk-15.0.1
PATH=C:\Program Files\Java\jdk-15.0.1\bin;C:\Program Files\Git\cmd;C:\Program Files\PuTTY\;C:\Program Files\MATLAB\R2013a\runtime\win64;C:\Program Files\MATLAB\R2013a\bin;C:\Program Files\Microsoft VS Code\bin;C:\nodejs\;C:\Users\JOHN BATISTA\AppData\Local\Programs\Python\Python310\Scripts;C:\Users\JOHN BATISTA\AppData\Local\Programs\Python\Python310\Scripts\;C:\Users\JOHN BATISTA\AppData\Local\Programs\Python\Python310\;C:\Users\JOHN BATISTA\AppData\Roaming\npm;
USERNAME=JOHN BATISTA
OS=Windows_NT
PROCESSOR_IDENTIFIER=Intel64 Family 6 Model 142 Stepping 9, GenuineIntel



---------------  S Y S T E M  ---------------

OS: Windows 10 , 64 bit Build 18362 (10.0.18362.1110)
OS uptime: 3 days 14:27 hours

CPU:total 4 (initial active 4) (2 cores per cpu, 2 threads per core) family 6 model 142 stepping 9 microcode 0x8e, cmov, cx8, fxsr, mmx, sse, sse2, sse3, ssse3, sse4.1, sse4.2, popcnt, avx, avx2, aes, clmul, erms, 3dnowpref, lzcnt, ht, tsc, tscinvbit, bmi1, bmi2, adx, fma

Memory: 4k page, system-wide physical 8107M (452M free)
TotalPageFile size 20395M (AvailPageFile size 41M)
current process WorkingSet (physical memory assigned to process): 506M, peak: 506M
current process commit charge ("private bytes"): 535M, peak: 580M

vm_info: OpenJDK 64-Bit Server VM (11.0.11+9-b60-7590822) for windows-amd64 JRE (11.0.11+9-b60-7590822), built on Jul 29 2021 21:43:44 by "builder" with MS VC++ 14.0 (VS2015)

END.
