#
# There is insufficient memory for the Java Runtime Environment to continue.
# Native memory allocation (malloc) failed to allocate 1329296 bytes for Chunk::new
# Possible reasons:
#   The system is out of physical RAM or swap space
#   The process is running with CompressedOops enabled, and the Java Heap may be blocking the growth of the native heap
# Possible solutions:
#   Reduce memory load on the system
#   Increase physical memory or swap space
#   Check if swap backing store is full
#   Decrease Java heap size (-Xmx/-Xms)
#   Decrease number of Java threads
#   Decrease Java thread stack sizes (-Xss)
#   Set larger code cache with -XX:ReservedCodeCacheSize=
#   JVM is running with Unscaled Compressed Oops mode in which the Java heap is
#     placed in the first 4GB address space. The Java Heap base address is the
#     maximum limit for the native heap growth. Please use -XX:HeapBaseMinAddress
#     to set the Java Heap base and to place the Java Heap above 4GB virtual address.
# This output file may be truncated or incomplete.
#
#  Out of Memory Error (./src/hotspot/share/memory/arena.cpp:197), pid=18244, tid=8364
#
# JRE version: OpenJDK Runtime Environment (11.0.11+9) (build 11.0.11+9-b60-7590822)
# Java VM: OpenJDK 64-Bit Server VM (11.0.11+9-b60-7590822, mixed mode, tiered, compressed oops, g1 gc, windows-amd64)
# No core dump will be written. Minidumps are not enabled by default on client versions of Windows
#

---------------  S U M M A R Y ------------

Command Line: --add-opens=java.base/java.util=ALL-UNNAMED --add-opens=java.base/java.lang=ALL-UNNAMED --add-opens=java.base/java.lang.invoke=ALL-UNNAMED --add-opens=java.base/java.util=ALL-UNNAMED --add-opens=java.prefs/java.util.prefs=ALL-UNNAMED --add-opens=java.prefs/java.util.prefs=ALL-UNNAMED --add-opens=java.base/java.nio.charset=ALL-UNNAMED --add-opens=java.base/java.net=ALL-UNNAMED --add-opens=java.base/java.util.concurrent.atomic=ALL-UNNAMED -Xmx2048m -Dfile.encoding=UTF-8 -Duser.country=US -Duser.language=en -Duser.variant org.gradle.launcher.daemon.bootstrap.GradleDaemon 7.2

Host: Intel(R) Core(TM) i3-7020U CPU @ 2.30GHz, 4 cores, 7G,  Windows 10 , 64 bit Build 18362 (10.0.18362.1110)
Time: Tue Jun 14 09:13:08 2022 UTC-11 elapsed time: 439.202748 seconds (0d 0h 7m 19s)

---------------  T H R E A D  ---------------

Current thread (0x00000297cdb0c800):  JavaThread "C2 CompilerThread0" daemon [_thread_in_native, id=8364, stack(0x000000b0f1000000,0x000000b0f1100000)]


Current CompileTask:
C2: 439202 18928       4       org.gradle.api.internal.attributes.DefaultAttributesSchema$MergedSchema::matchValue (138 bytes)

Stack: [0x000000b0f1000000,0x000000b0f1100000]
Native frames: (J=compiled Java code, j=interpreted, Vv=VM code, C=native code)
V  [jvm.dll+0x5f214a]
V  [jvm.dll+0x726fb5]
V  [jvm.dll+0x7285cd]
V  [jvm.dll+0x728c83]
V  [jvm.dll+0x243278]
V  [jvm.dll+0xbc53c]
V  [jvm.dll+0xbca3c]
V  [jvm.dll+0x353e3b]
V  [jvm.dll+0x321893]
V  [jvm.dll+0x320d8a]
V  [jvm.dll+0x1fc1e2]
V  [jvm.dll+0x1fb3d4]
V  [jvm.dll+0x183d6c]
V  [jvm.dll+0x209a57]
V  [jvm.dll+0x2082a1]
V  [jvm.dll+0x6ef58f]
V  [jvm.dll+0x6e80b5]
V  [jvm.dll+0x5f1036]
C  [ucrtbase.dll+0x210b2]
C  [KERNEL32.DLL+0x17c24]
C  [ntdll.dll+0x6d4d1]


---------------  P R O C E S S  ---------------

Threads class SMR info:
_java_thread_list=0x00000297d3ace550, length=43, elements={
0x00000297b1ddd800, 0x00000297ce311800, 0x00000297ce31e800, 0x00000297cdb05800,
0x00000297cdb06800, 0x00000297cdb08800, 0x00000297cdb0c800, 0x00000297ce330000,
0x00000297ce333800, 0x00000297ce4ea800, 0x00000297d0272800, 0x00000297ce545000,
0x00000297cfd0d000, 0x00000297d05f2800, 0x00000297d05f1800, 0x00000297d05f3000,
0x00000297d152f000, 0x00000297d152e000, 0x00000297d1536000, 0x00000297d1533000,
0x00000297d1534800, 0x00000297d1538000, 0x00000297d153c000, 0x00000297d10d9800,
0x00000297d10d4800, 0x00000297d1f1d800, 0x00000297d1f24800, 0x00000297d1f27000,
0x00000297d1f28000, 0x00000297d1f24000, 0x00000297d167f800, 0x00000297d167b800,
0x00000297d167d000, 0x00000297d167a800, 0x00000297d167c800, 0x00000297d167e000,
0x00000297d1678800, 0x00000297d167f000, 0x00000297d1679000, 0x00000297d167a000,
0x00000297d1685800, 0x00000297d1686000, 0x00000297dcf79800
}

Java Threads: ( => current thread )
  0x00000297b1ddd800 JavaThread "main" [_thread_blocked, id=12676, stack(0x000000b0f0400000,0x000000b0f0500000)]
  0x00000297ce311800 JavaThread "Reference Handler" daemon [_thread_blocked, id=18332, stack(0x000000b0f0b00000,0x000000b0f0c00000)]
  0x00000297ce31e800 JavaThread "Finalizer" daemon [_thread_blocked, id=5228, stack(0x000000b0f0c00000,0x000000b0f0d00000)]
  0x00000297cdb05800 JavaThread "Signal Dispatcher" daemon [_thread_blocked, id=9900, stack(0x000000b0f0d00000,0x000000b0f0e00000)]
  0x00000297cdb06800 JavaThread "Attach Listener" daemon [_thread_blocked, id=12232, stack(0x000000b0f0e00000,0x000000b0f0f00000)]
  0x00000297cdb08800 JavaThread "Service Thread" daemon [_thread_blocked, id=3208, stack(0x000000b0f0f00000,0x000000b0f1000000)]
=>0x00000297cdb0c800 JavaThread "C2 CompilerThread0" daemon [_thread_in_native, id=8364, stack(0x000000b0f1000000,0x000000b0f1100000)]
  0x00000297ce330000 JavaThread "C1 CompilerThread0" daemon [_thread_blocked, id=5688, stack(0x000000b0f1100000,0x000000b0f1200000)]
  0x00000297ce333800 JavaThread "Sweeper thread" daemon [_thread_blocked, id=17344, stack(0x000000b0f1200000,0x000000b0f1300000)]
  0x00000297ce4ea800 JavaThread "Common-Cleaner" daemon [_thread_blocked, id=16332, stack(0x000000b0f1300000,0x000000b0f1400000)]
  0x00000297d0272800 JavaThread "Daemon health stats" [_thread_blocked, id=8708, stack(0x000000b0f1800000,0x000000b0f1900000)]
  0x00000297ce545000 JavaThread "Incoming local TCP Connector on port 56931" [_thread_in_native, id=6272, stack(0x000000b0f1500000,0x000000b0f1600000)]
  0x00000297cfd0d000 JavaThread "Daemon periodic checks" [_thread_blocked, id=15996, stack(0x000000b0f1900000,0x000000b0f1a00000)]
  0x00000297d05f2800 JavaThread "Cache worker for journal cache (C:\Users\JOHN BATISTA\.gradle\caches\journal-1)" [_thread_blocked, id=17080, stack(0x000000b0f1f00000,0x000000b0f2000000)]
  0x00000297d05f1800 JavaThread "File lock request listener" [_thread_in_native, id=8684, stack(0x000000b0f2300000,0x000000b0f2400000)]
  0x00000297d05f3000 JavaThread "Cache worker for file hash cache (C:\Users\JOHN BATISTA\.gradle\caches\7.2\fileHashes)" [_thread_blocked, id=16356, stack(0x000000b0f2400000,0x000000b0f2500000)]
  0x00000297d152f000 JavaThread "File watcher server" daemon [_thread_in_native, id=2852, stack(0x000000b0f2700000,0x000000b0f2800000)]
  0x00000297d152e000 JavaThread "File watcher consumer" daemon [_thread_blocked, id=17640, stack(0x000000b0f2800000,0x000000b0f2900000)]
  0x00000297d1536000 JavaThread "Cache worker for execution history cache (C:\Users\JOHN BATISTA\.gradle\caches\7.2\executionHistory)" [_thread_blocked, id=16620, stack(0x000000b0f2c00000,0x000000b0f2d00000)]
  0x00000297d1533000 JavaThread "jar transforms" [_thread_blocked, id=12116, stack(0x000000b0f2d00000,0x000000b0f2e00000)]
  0x00000297d1534800 JavaThread "Cache worker for file content cache (C:\Users\JOHN BATISTA\.gradle\caches\7.2\fileContent)" [_thread_blocked, id=18020, stack(0x000000b0f2e00000,0x000000b0f2f00000)]
  0x00000297d1538000 JavaThread "jar transforms Thread 2" [_thread_blocked, id=7308, stack(0x000000b0f2f00000,0x000000b0f3000000)]
  0x00000297d153c000 JavaThread "jar transforms Thread 3" [_thread_blocked, id=8796, stack(0x000000b0f3100000,0x000000b0f3200000)]
  0x00000297d10d9800 JavaThread "jar transforms Thread 4" [_thread_blocked, id=3388, stack(0x000000b0f5a00000,0x000000b0f5b00000)]
  0x00000297d10d4800 JavaThread "Memory manager" [_thread_blocked, id=17856, stack(0x000000b0f5c00000,0x000000b0f5d00000)]
  0x00000297d1f1d800 JavaThread "RMI Scheduler(0)" daemon [_thread_blocked, id=13296, stack(0x000000b0f6400000,0x000000b0f6500000)]
  0x00000297d1f24800 JavaThread "RMI GC Daemon" daemon [_thread_blocked, id=8768, stack(0x000000b0f6600000,0x000000b0f6700000)]
  0x00000297d1f27000 JavaThread "RMI TCP Accept-0" daemon [_thread_in_native, id=6000, stack(0x000000b0f6700000,0x000000b0f6800000)]
  0x00000297d1f28000 JavaThread "RMI Reaper" [_thread_blocked, id=14816, stack(0x000000b0f6800000,0x000000b0f6900000)]
  0x00000297d1f24000 JavaThread "Cache worker for Java compile cache (C:\Users\JOHN BATISTA\.gradle\caches\7.2\javaCompile)" [_thread_blocked, id=11848, stack(0x000000b0f0300000,0x000000b0f0400000)]
  0x00000297d167f800 JavaThread "ForkJoinPool.commonPool-worker-3" daemon [_thread_blocked, id=6304, stack(0x000000b0f7000000,0x000000b0f7100000)]
  0x00000297d167b800 JavaThread "RMI TCP Connection(idle)" daemon [_thread_blocked, id=6572, stack(0x000000b0f0100000,0x000000b0f0200000)]
  0x00000297d167d000 JavaThread "Daemon Thread 2" [_thread_blocked, id=11748, stack(0x000000b0f0200000,0x000000b0f0300000)]
  0x00000297d167a800 JavaThread "Handler for socket connection from /127.0.0.1:56931 to /127.0.0.1:56976" [_thread_in_native, id=3276, stack(0x000000b0f1a00000,0x000000b0f1b00000)]
  0x00000297d167c800 JavaThread "Cancel handler" [_thread_blocked, id=12968, stack(0x000000b0f1b00000,0x000000b0f1c00000)]
  0x00000297d167e000 JavaThread "Daemon worker Thread 2" [_thread_in_vm, id=17472, stack(0x000000b0f1d00000,0x000000b0f1e00000)]
  0x00000297d1678800 JavaThread "Asynchronous log dispatcher for DefaultDaemonConnection: socket connection from /127.0.0.1:56931 to /127.0.0.1:56976" [_thread_blocked, id=15760, stack(0x000000b0f1e00000,0x000000b0f1f00000)]
  0x00000297d167f000 JavaThread "Stdin handler" [_thread_blocked, id=924, stack(0x000000b0f2000000,0x000000b0f2100000)]
  0x00000297d1679000 JavaThread "Daemon client event forwarder" [_thread_blocked, id=14284, stack(0x000000b0f2100000,0x000000b0f2200000)]
  0x00000297d167a000 JavaThread "Cache worker for file hash cache (C:\Users\JOHN BATISTA\AndroidStudioProjects\SportsApplication\.gradle\7.2\fileHashes)" [_thread_blocked, id=7892, stack(0x000000b0f2200000,0x000000b0f2300000)]
  0x00000297d1685800 JavaThread "Cache worker for checksums cache (C:\Users\JOHN BATISTA\AndroidStudioProjects\SportsApplication\.gradle\checksums)" [_thread_blocked, id=16344, stack(0x000000b0f2600000,0x000000b0f2700000)]
  0x00000297d1686000 JavaThread "Cache worker for dependencies-accessors (C:\Users\JOHN BATISTA\AndroidStudioProjects\SportsApplication\.gradle\7.2\dependencies-accessors)" [_thread_blocked, id=9432, stack(0x000000b0f2b00000,0x000000b0f2c00000)]
  0x00000297dcf79800 JavaThread "C2 CompilerThread1" daemon [_thread_blocked, id=11412, stack(0x000000b0f2500000,0x000000b0f2600000)]

Other Threads:
  0x00000297cdaba000 VMThread "VM Thread" [stack: 0x000000b0f0a00000,0x000000b0f0b00000] [id=12328]
  0x00000297ce51d800 WatcherThread [stack: 0x000000b0f1400000,0x000000b0f1500000] [id=18340]
  0x00000297b3efa000 GCTaskThread "GC Thread#0" [stack: 0x000000b0f0500000,0x000000b0f0600000] [id=9104]
  0x00000297cf11f000 GCTaskThread "GC Thread#1" [stack: 0x000000b0f1600000,0x000000b0f1700000] [id=16612]
  0x00000297ce850800 GCTaskThread "GC Thread#2" [stack: 0x000000b0f1700000,0x000000b0f1800000] [id=1340]
  0x00000297cfd02000 GCTaskThread "GC Thread#3" [stack: 0x000000b0f1c00000,0x000000b0f1d00000] [id=12172]
  0x00000297b3f2a800 ConcurrentGCThread "G1 Main Marker" [stack: 0x000000b0f0600000,0x000000b0f0700000] [id=8036]
  0x00000297b3f2c000 ConcurrentGCThread "G1 Conc#0" [stack: 0x000000b0f0700000,0x000000b0f0800000] [id=16976]
  0x00000297b3fae000 ConcurrentGCThread "G1 Refine#0" [stack: 0x000000b0f0800000,0x000000b0f0900000] [id=13916]
  0x00000297cd922800 ConcurrentGCThread "G1 Young RemSet Sampling" [stack: 0x000000b0f0900000,0x000000b0f0a00000] [id=7732]

Threads with active compile tasks:
C2 CompilerThread0 439236 18928       4       org.gradle.api.internal.attributes.DefaultAttributesSchema$MergedSchema::matchValue (138 bytes)
C1 CompilerThread0 439236 18980       3       jdk.internal.reflect.MethodAccessorGenerator::<init> (5 bytes)

VM state:not at safepoint (normal execution)

VM Mutex/Monitor currently owned by a thread: None

OutOfMemory and StackOverflow Exception counts:
OutOfMemoryError java_heap_errors=1
LinkageErrors=201

Heap address: 0x0000000080000000, size: 2048 MB, Compressed Oops mode: 32-bit
Narrow klass base: 0x0000000000000000, Narrow klass shift: 3
Compressed class space size: 1073741824 Address: 0x0000000100000000

Heap:
 garbage-first heap   total 229376K, used 153546K [0x0000000080000000, 0x0000000100000000)
  region size 1024K, 10 young (10240K), 2 survivors (2048K)
 Metaspace       used 125701K, capacity 129398K, committed 141092K, reserved 1171456K
  class space    used 16159K, capacity 17601K, committed 19328K, reserved 1048576K
Heap Regions: E=young(eden), S=young(survivor), O=old, HS=humongous(starts), HC=humongous(continues), CS=collection set, F=free, A=archive, TAMS=top-at-mark-start (previous, next)
|   0|0x0000000080000000, 0x0000000080100000, 0x0000000080100000|100%|HS|  |TAMS 0x0000000080100000, 0x0000000080000000| Complete 
|   1|0x0000000080100000, 0x0000000080200000, 0x0000000080200000|100%|HC|  |TAMS 0x0000000080200000, 0x0000000080100000| Complete 
|   2|0x0000000080200000, 0x0000000080300000, 0x0000000080300000|100%|HC|  |TAMS 0x0000000080300000, 0x0000000080200000| Complete 
|   3|0x0000000080300000, 0x0000000080400000, 0x0000000080400000|100%| O|  |TAMS 0x0000000080400000, 0x0000000080300000| Untracked 
|   4|0x0000000080400000, 0x0000000080500000, 0x0000000080500000|100%| O|  |TAMS 0x0000000080500000, 0x0000000080400000| Untracked 
|   5|0x0000000080500000, 0x0000000080600000, 0x0000000080600000|100%| O|  |TAMS 0x0000000080600000, 0x0000000080500000| Complete 
|   6|0x0000000080600000, 0x0000000080700000, 0x0000000080700000|100%| O|  |TAMS 0x0000000080700000, 0x0000000080600000| Untracked 
|   7|0x0000000080700000, 0x0000000080800000, 0x0000000080800000|100%| O|  |TAMS 0x0000000080800000, 0x0000000080700000| Complete 
|   8|0x0000000080800000, 0x0000000080900000, 0x0000000080900000|100%| O|  |TAMS 0x0000000080900000, 0x0000000080800000| Untracked 
|   9|0x0000000080900000, 0x0000000080a00000, 0x0000000080a00000|100%| O|  |TAMS 0x0000000080a00000, 0x0000000080900000| Untracked 
|  10|0x0000000080a00000, 0x0000000080b00000, 0x0000000080b00000|100%| O|  |TAMS 0x0000000080b00000, 0x0000000080a00000| Untracked 
|  11|0x0000000080b00000, 0x0000000080c00000, 0x0000000080c00000|100%| O|  |TAMS 0x0000000080c00000, 0x0000000080b00000| Untracked 
|  12|0x0000000080c00000, 0x0000000080d00000, 0x0000000080d00000|100%| O|  |TAMS 0x0000000080d00000, 0x0000000080c00000| Untracked 
|  13|0x0000000080d00000, 0x0000000080e00000, 0x0000000080e00000|100%| O|  |TAMS 0x0000000080e00000, 0x0000000080d00000| Untracked 
|  14|0x0000000080e00000, 0x0000000080f00000, 0x0000000080f00000|100%| O|  |TAMS 0x0000000080f00000, 0x0000000080e00000| Untracked 
|  15|0x0000000080f00000, 0x0000000081000000, 0x0000000081000000|100%| O|  |TAMS 0x0000000081000000, 0x0000000080f00000| Untracked 
|  16|0x0000000081000000, 0x0000000081100000, 0x0000000081100000|100%| O|  |TAMS 0x0000000081100000, 0x0000000081000000| Untracked 
|  17|0x0000000081100000, 0x0000000081200000, 0x0000000081200000|100%| O|  |TAMS 0x0000000081200000, 0x0000000081100000| Untracked 
|  18|0x0000000081200000, 0x0000000081300000, 0x0000000081300000|100%| O|  |TAMS 0x0000000081300000, 0x0000000081200000| Untracked 
|  19|0x0000000081300000, 0x0000000081400000, 0x0000000081400000|100%| O|  |TAMS 0x0000000081400000, 0x0000000081300000| Untracked 
|  20|0x0000000081400000, 0x0000000081500000, 0x0000000081500000|100%| O|  |TAMS 0x0000000081500000, 0x0000000081400000| Complete 
|  21|0x0000000081500000, 0x0000000081600000, 0x0000000081600000|100%| O|  |TAMS 0x0000000081600000, 0x0000000081500000| Untracked 
|  22|0x0000000081600000, 0x0000000081700000, 0x0000000081700000|100%| O|  |TAMS 0x0000000081700000, 0x0000000081600000| Complete 
|  23|0x0000000081700000, 0x0000000081800000, 0x0000000081800000|100%| O|  |TAMS 0x0000000081800000, 0x0000000081700000| Untracked 
|  24|0x0000000081800000, 0x0000000081900000, 0x0000000081900000|100%| O|  |TAMS 0x0000000081900000, 0x0000000081800000| Untracked 
|  25|0x0000000081900000, 0x0000000081a00000, 0x0000000081a00000|100%| O|  |TAMS 0x0000000081a00000, 0x0000000081900000| Complete 
|  26|0x0000000081a00000, 0x0000000081b00000, 0x0000000081b00000|100%|HS|  |TAMS 0x0000000081b00000, 0x0000000081a00000| Complete 
|  27|0x0000000081b00000, 0x0000000081c00000, 0x0000000081c00000|100%|HS|  |TAMS 0x0000000081c00000, 0x0000000081b00000| Complete 
|  28|0x0000000081c00000, 0x0000000081d00000, 0x0000000081d00000|100%|HS|  |TAMS 0x0000000081d00000, 0x0000000081c00000| Complete 
|  29|0x0000000081d00000, 0x0000000081e00000, 0x0000000081e00000|100%|HS|  |TAMS 0x0000000081e00000, 0x0000000081d00000| Complete 
|  30|0x0000000081e00000, 0x0000000081f00000, 0x0000000081f00000|100%|HS|  |TAMS 0x0000000081f00000, 0x0000000081e00000| Complete 
|  31|0x0000000081f00000, 0x0000000082000000, 0x0000000082000000|100%|HC|  |TAMS 0x0000000082000000, 0x0000000081f00000| Complete 
|  32|0x0000000082000000, 0x0000000082100000, 0x0000000082100000|100%|HC|  |TAMS 0x0000000082100000, 0x0000000082000000| Complete 
|  33|0x0000000082100000, 0x0000000082200000, 0x0000000082200000|100%|HS|  |TAMS 0x0000000082200000, 0x0000000082100000| Complete 
|  34|0x0000000082200000, 0x0000000082300000, 0x0000000082300000|100%|HC|  |TAMS 0x0000000082300000, 0x0000000082200000| Complete 
|  35|0x0000000082300000, 0x0000000082400000, 0x0000000082400000|100%| O|  |TAMS 0x0000000082400000, 0x0000000082300000| Untracked 
|  36|0x0000000082400000, 0x0000000082500000, 0x0000000082500000|100%| O|  |TAMS 0x0000000082500000, 0x0000000082400000| Untracked 
|  37|0x0000000082500000, 0x0000000082600000, 0x0000000082600000|100%| O|  |TAMS 0x0000000082600000, 0x0000000082500000| Untracked 
|  38|0x0000000082600000, 0x0000000082700000, 0x0000000082700000|100%| O|  |TAMS 0x0000000082700000, 0x0000000082600000| Untracked 
|  39|0x0000000082700000, 0x0000000082800000, 0x0000000082800000|100%| O|  |TAMS 0x0000000082800000, 0x0000000082700000| Untracked 
|  40|0x0000000082800000, 0x0000000082900000, 0x0000000082900000|100%| O|  |TAMS 0x0000000082900000, 0x0000000082800000| Complete 
|  41|0x0000000082900000, 0x0000000082a00000, 0x0000000082a00000|100%| O|  |TAMS 0x0000000082a00000, 0x0000000082900000| Untracked 
|  42|0x0000000082a00000, 0x0000000082b00000, 0x0000000082b00000|100%| O|  |TAMS 0x0000000082b00000, 0x0000000082a00000| Complete 
|  43|0x0000000082b00000, 0x0000000082c00000, 0x0000000082c00000|100%| O|  |TAMS 0x0000000082c00000, 0x0000000082b00000| Untracked 
|  44|0x0000000082c00000, 0x0000000082d00000, 0x0000000082d00000|100%| O|  |TAMS 0x0000000082d00000, 0x0000000082c00000| Untracked 
|  45|0x0000000082d00000, 0x0000000082e00000, 0x0000000082e00000|100%| O|  |TAMS 0x0000000082e00000, 0x0000000082d00000| Untracked 
|  46|0x0000000082e00000, 0x0000000082f00000, 0x0000000082f00000|100%| O|  |TAMS 0x0000000082f00000, 0x0000000082e00000| Untracked 
|  47|0x0000000082f00000, 0x0000000083000000, 0x0000000083000000|100%| O|  |TAMS 0x0000000083000000, 0x0000000082f00000| Complete 
|  48|0x0000000083000000, 0x0000000083100000, 0x0000000083100000|100%| O|  |TAMS 0x0000000083100000, 0x0000000083000000| Untracked 
|  49|0x0000000083100000, 0x0000000083200000, 0x0000000083200000|100%| O|  |TAMS 0x0000000083200000, 0x0000000083100000| Untracked 
|  50|0x0000000083200000, 0x0000000083300000, 0x0000000083300000|100%| O|  |TAMS 0x0000000083300000, 0x0000000083200000| Complete 
|  51|0x0000000083300000, 0x0000000083300000, 0x0000000083400000|  0%| F|  |TAMS 0x0000000083300000, 0x0000000083300000| Untracked 
|  52|0x0000000083400000, 0x0000000083500000, 0x0000000083500000|100%| O|  |TAMS 0x0000000083500000, 0x0000000083400000| Complete 
|  53|0x0000000083500000, 0x0000000083600000, 0x0000000083600000|100%| O|  |TAMS 0x0000000083600000, 0x0000000083500000| Complete 
|  54|0x0000000083600000, 0x0000000083700000, 0x0000000083700000|100%| O|  |TAMS 0x0000000083700000, 0x0000000083600000| Untracked 
|  55|0x0000000083700000, 0x0000000083800000, 0x0000000083800000|100%| O|  |TAMS 0x0000000083800000, 0x0000000083700000| Untracked 
|  56|0x0000000083800000, 0x0000000083900000, 0x0000000083900000|100%| O|  |TAMS 0x0000000083900000, 0x0000000083800000| Untracked 
|  57|0x0000000083900000, 0x0000000083a00000, 0x0000000083a00000|100%| O|  |TAMS 0x0000000083a00000, 0x0000000083900000| Untracked 
|  58|0x0000000083a00000, 0x0000000083b00000, 0x0000000083b00000|100%| O|  |TAMS 0x0000000083b00000, 0x0000000083a00000| Complete 
|  59|0x0000000083b00000, 0x0000000083c00000, 0x0000000083c00000|100%| O|  |TAMS 0x0000000083c00000, 0x0000000083b00000| Untracked 
|  60|0x0000000083c00000, 0x0000000083d00000, 0x0000000083d00000|100%| O|  |TAMS 0x0000000083d00000, 0x0000000083c00000| Untracked 
|  61|0x0000000083d00000, 0x0000000083e00000, 0x0000000083e00000|100%| O|  |TAMS 0x0000000083e00000, 0x0000000083d00000| Untracked 
|  62|0x0000000083e00000, 0x0000000083f00000, 0x0000000083f00000|100%| O|  |TAMS 0x0000000083f00000, 0x0000000083e00000| Untracked 
|  63|0x0000000083f00000, 0x0000000084000000, 0x0000000084000000|100%| O|  |TAMS 0x0000000084000000, 0x0000000083f00000| Untracked 
|  64|0x0000000084000000, 0x0000000084100000, 0x0000000084100000|100%| O|  |TAMS 0x0000000084100000, 0x0000000084000000| Untracked 
|  65|0x0000000084100000, 0x0000000084200000, 0x0000000084200000|100%| O|  |TAMS 0x0000000084200000, 0x0000000084100000| Untracked 
|  66|0x0000000084200000, 0x0000000084300000, 0x0000000084300000|100%| O|  |TAMS 0x0000000084300000, 0x0000000084200000| Complete 
|  67|0x0000000084300000, 0x0000000084400000, 0x0000000084400000|100%| O|  |TAMS 0x0000000084400000, 0x0000000084300000| Untracked 
|  68|0x0000000084400000, 0x0000000084500000, 0x0000000084500000|100%| O|  |TAMS 0x0000000084500000, 0x0000000084400000| Untracked 
|  69|0x0000000084500000, 0x0000000084600000, 0x0000000084600000|100%| O|  |TAMS 0x0000000084600000, 0x0000000084500000| Complete 
|  70|0x0000000084600000, 0x0000000084700000, 0x0000000084700000|100%| O|  |TAMS 0x0000000084700000, 0x0000000084600000| Complete 
|  71|0x0000000084700000, 0x0000000084800000, 0x0000000084800000|100%| O|  |TAMS 0x0000000084800000, 0x0000000084700000| Untracked 
|  72|0x0000000084800000, 0x0000000084900000, 0x0000000084900000|100%| O|  |TAMS 0x0000000084900000, 0x0000000084800000| Untracked 
|  73|0x0000000084900000, 0x0000000084a00000, 0x0000000084a00000|100%| O|  |TAMS 0x0000000084a00000, 0x0000000084900000| Untracked 
|  74|0x0000000084a00000, 0x0000000084b00000, 0x0000000084b00000|100%| O|  |TAMS 0x0000000084b00000, 0x0000000084a00000| Complete 
|  75|0x0000000084b00000, 0x0000000084c00000, 0x0000000084c00000|100%| O|  |TAMS 0x0000000084c00000, 0x0000000084b00000| Complete 
|  76|0x0000000084c00000, 0x0000000084d00000, 0x0000000084d00000|100%| O|  |TAMS 0x0000000084d00000, 0x0000000084c00000| Untracked 
|  77|0x0000000084d00000, 0x0000000084e00000, 0x0000000084e00000|100%| O|  |TAMS 0x0000000084e00000, 0x0000000084d00000| Complete 
|  78|0x0000000084e00000, 0x0000000084f00000, 0x0000000084f00000|100%| O|  |TAMS 0x0000000084f00000, 0x0000000084e00000| Untracked 
|  79|0x0000000084f00000, 0x0000000085000000, 0x0000000085000000|100%| O|  |TAMS 0x0000000085000000, 0x0000000084f00000| Untracked 
|  80|0x0000000085000000, 0x0000000085100000, 0x0000000085100000|100%| O|  |TAMS 0x0000000085100000, 0x0000000085000000| Complete 
|  81|0x0000000085100000, 0x0000000085200000, 0x0000000085200000|100%| O|  |TAMS 0x0000000085200000, 0x0000000085100000| Complete 
|  82|0x0000000085200000, 0x0000000085300000, 0x0000000085300000|100%| O|  |TAMS 0x0000000085300000, 0x0000000085200000| Untracked 
|  83|0x0000000085300000, 0x0000000085400000, 0x0000000085400000|100%| O|  |TAMS 0x0000000085400000, 0x0000000085300000| Complete 
|  84|0x0000000085400000, 0x0000000085500000, 0x0000000085500000|100%| O|  |TAMS 0x0000000085500000, 0x0000000085400000| Untracked 
|  85|0x0000000085500000, 0x0000000085600000, 0x0000000085600000|100%| O|  |TAMS 0x0000000085600000, 0x0000000085500000| Untracked 
|  86|0x0000000085600000, 0x0000000085700000, 0x0000000085700000|100%| O|  |TAMS 0x0000000085700000, 0x0000000085600000| Complete 
|  87|0x0000000085700000, 0x0000000085800000, 0x0000000085800000|100%| O|  |TAMS 0x0000000085800000, 0x0000000085700000| Complete 
|  88|0x0000000085800000, 0x0000000085900000, 0x0000000085900000|100%| O|  |TAMS 0x0000000085900000, 0x0000000085800000| Complete 
|  89|0x0000000085900000, 0x0000000085a00000, 0x0000000085a00000|100%| O|  |TAMS 0x0000000085a00000, 0x0000000085900000| Complete 
|  90|0x0000000085a00000, 0x0000000085b00000, 0x0000000085b00000|100%| O|  |TAMS 0x0000000085b00000, 0x0000000085a00000| Complete 
|  91|0x0000000085b00000, 0x0000000085c00000, 0x0000000085c00000|100%| O|  |TAMS 0x0000000085c00000, 0x0000000085b00000| Complete 
|  92|0x0000000085c00000, 0x0000000085d00000, 0x0000000085d00000|100%| O|  |TAMS 0x0000000085d00000, 0x0000000085c00000| Complete 
|  93|0x0000000085d00000, 0x0000000085d00000, 0x0000000085e00000|  0%| F|  |TAMS 0x0000000085d00000, 0x0000000085d00000| Untracked 
|  94|0x0000000085e00000, 0x0000000085f00000, 0x0000000085f00000|100%| O|  |TAMS 0x0000000085f00000, 0x0000000085e00000| Untracked 
|  95|0x0000000085f00000, 0x0000000086000000, 0x0000000086000000|100%| O|  |TAMS 0x0000000086000000, 0x0000000085f00000| Untracked 
|  96|0x0000000086000000, 0x0000000086100000, 0x0000000086100000|100%| O|  |TAMS 0x0000000086100000, 0x0000000086000000| Untracked 
|  97|0x0000000086100000, 0x0000000086200000, 0x0000000086200000|100%| O|  |TAMS 0x0000000086200000, 0x0000000086100000| Untracked 
|  98|0x0000000086200000, 0x0000000086300000, 0x0000000086300000|100%| O|  |TAMS 0x0000000086300000, 0x0000000086200000| Complete 
|  99|0x0000000086300000, 0x0000000086400000, 0x0000000086400000|100%| O|  |TAMS 0x0000000086400000, 0x0000000086300000| Complete 
| 100|0x0000000086400000, 0x0000000086500000, 0x0000000086500000|100%| O|  |TAMS 0x0000000086500000, 0x0000000086400000| Complete 
| 101|0x0000000086500000, 0x0000000086600000, 0x0000000086600000|100%| O|  |TAMS 0x0000000086600000, 0x0000000086500000| Complete 
| 102|0x0000000086600000, 0x0000000086600000, 0x0000000086700000|  0%| F|  |TAMS 0x0000000086600000, 0x0000000086600000| Untracked 
| 103|0x0000000086700000, 0x0000000086800000, 0x0000000086800000|100%| O|  |TAMS 0x0000000086800000, 0x0000000086700000| Complete 
| 104|0x0000000086800000, 0x0000000086900000, 0x0000000086900000|100%| O|  |TAMS 0x0000000086900000, 0x0000000086800000| Complete 
| 105|0x0000000086900000, 0x0000000086a00000, 0x0000000086a00000|100%| O|  |TAMS 0x0000000086a00000, 0x0000000086900000| Complete 
| 106|0x0000000086a00000, 0x0000000086b00000, 0x0000000086b00000|100%| O|  |TAMS 0x0000000086b00000, 0x0000000086a00000| Complete 
| 107|0x0000000086b00000, 0x0000000086c00000, 0x0000000086c00000|100%| O|  |TAMS 0x0000000086c00000, 0x0000000086b00000| Complete 
| 108|0x0000000086c00000, 0x0000000086c00000, 0x0000000086d00000|  0%| F|  |TAMS 0x0000000086c00000, 0x0000000086c00000| Untracked 
| 109|0x0000000086d00000, 0x0000000086d00000, 0x0000000086e00000|  0%| F|  |TAMS 0x0000000086d00000, 0x0000000086d00000| Untracked 
| 110|0x0000000086e00000, 0x0000000086f00000, 0x0000000086f00000|100%|HS|  |TAMS 0x0000000086f00000, 0x0000000086e00000| Complete 
| 111|0x0000000086f00000, 0x0000000087000000, 0x0000000087000000|100%|HC|  |TAMS 0x0000000087000000, 0x0000000086f00000| Complete 
| 112|0x0000000087000000, 0x0000000087000000, 0x0000000087100000|  0%| F|  |TAMS 0x0000000087000000, 0x0000000087000000| Untracked 
| 113|0x0000000087100000, 0x0000000087100000, 0x0000000087200000|  0%| F|  |TAMS 0x0000000087100000, 0x0000000087100000| Untracked 
| 114|0x0000000087200000, 0x0000000087200000, 0x0000000087300000|  0%| F|  |TAMS 0x0000000087200000, 0x0000000087200000| Untracked 
| 115|0x0000000087300000, 0x0000000087400000, 0x0000000087400000|100%|HS|  |TAMS 0x0000000087400000, 0x0000000087300000| Complete 
| 116|0x0000000087400000, 0x0000000087500000, 0x0000000087500000|100%|HS|  |TAMS 0x0000000087500000, 0x0000000087400000| Complete 
| 117|0x0000000087500000, 0x0000000087600000, 0x0000000087600000|100%|HC|  |TAMS 0x0000000087600000, 0x0000000087500000| Complete 
| 118|0x0000000087600000, 0x0000000087700000, 0x0000000087700000|100%|HC|  |TAMS 0x0000000087700000, 0x0000000087600000| Complete 
| 119|0x0000000087700000, 0x0000000087700000, 0x0000000087800000|  0%| F|  |TAMS 0x0000000087700000, 0x0000000087700000| Untracked 
| 120|0x0000000087800000, 0x0000000087900000, 0x0000000087900000|100%| O|  |TAMS 0x0000000087900000, 0x0000000087800000| Complete 
| 121|0x0000000087900000, 0x0000000087a00000, 0x0000000087a00000|100%| O|  |TAMS 0x0000000087a00000, 0x0000000087900000| Untracked 
| 122|0x0000000087a00000, 0x0000000087a00000, 0x0000000087b00000|  0%| F|  |TAMS 0x0000000087a00000, 0x0000000087a00000| Untracked 
| 123|0x0000000087b00000, 0x0000000087c00000, 0x0000000087c00000|100%| O|  |TAMS 0x0000000087c00000, 0x0000000087b00000| Complete 
| 124|0x0000000087c00000, 0x0000000087c00000, 0x0000000087d00000|  0%| F|  |TAMS 0x0000000087c00000, 0x0000000087c00000| Untracked 
| 125|0x0000000087d00000, 0x0000000087d00000, 0x0000000087e00000|  0%| F|  |TAMS 0x0000000087d00000, 0x0000000087d00000| Untracked 
| 126|0x0000000087e00000, 0x0000000087e00000, 0x0000000087f00000|  0%| F|  |TAMS 0x0000000087e00000, 0x0000000087e00000| Untracked 
| 127|0x0000000087f00000, 0x0000000088000000, 0x0000000088000000|100%| O|  |TAMS 0x0000000088000000, 0x0000000087f00000| Complete 
| 128|0x0000000088000000, 0x0000000088000000, 0x0000000088100000|  0%| F|  |TAMS 0x0000000088000000, 0x0000000088000000| Untracked 
| 129|0x0000000088100000, 0x0000000088100000, 0x0000000088200000|  0%| F|  |TAMS 0x0000000088100000, 0x0000000088100000| Untracked 
| 130|0x0000000088200000, 0x0000000088200000, 0x0000000088300000|  0%| F|  |TAMS 0x0000000088200000, 0x0000000088200000| Untracked 
| 131|0x0000000088300000, 0x0000000088300000, 0x0000000088400000|  0%| F|  |TAMS 0x0000000088300000, 0x0000000088300000| Untracked 
| 132|0x0000000088400000, 0x0000000088400000, 0x0000000088500000|  0%| F|  |TAMS 0x0000000088400000, 0x0000000088400000| Untracked 
| 133|0x0000000088500000, 0x0000000088600000, 0x0000000088600000|100%| O|  |TAMS 0x0000000088600000, 0x0000000088500000| Complete 
| 134|0x0000000088600000, 0x0000000088700000, 0x0000000088700000|100%| O|  |TAMS 0x0000000088700000, 0x0000000088600000| Untracked 
| 135|0x0000000088700000, 0x0000000088800000, 0x0000000088800000|100%| O|  |TAMS 0x0000000088800000, 0x0000000088700000| Untracked 
| 136|0x0000000088800000, 0x0000000088900000, 0x0000000088900000|100%| O|  |TAMS 0x0000000088900000, 0x0000000088800000| Complete 
| 137|0x0000000088900000, 0x0000000088900000, 0x0000000088a00000|  0%| F|  |TAMS 0x0000000088900000, 0x0000000088900000| Untracked 
| 138|0x0000000088a00000, 0x0000000088b00000, 0x0000000088b00000|100%| O|  |TAMS 0x0000000088b00000, 0x0000000088a00000| Complete 
| 139|0x0000000088b00000, 0x0000000088c00000, 0x0000000088c00000|100%| O|  |TAMS 0x0000000088c00000, 0x0000000088b00000| Untracked 
| 140|0x0000000088c00000, 0x0000000088d00000, 0x0000000088d00000|100%| O|  |TAMS 0x0000000088d00000, 0x0000000088c00000| Complete 
| 141|0x0000000088d00000, 0x0000000088e00000, 0x0000000088e00000|100%| O|  |TAMS 0x0000000088e00000, 0x0000000088d00000| Complete 
| 142|0x0000000088e00000, 0x0000000088f00000, 0x0000000088f00000|100%| O|  |TAMS 0x0000000088f00000, 0x0000000088e00000| Complete 
| 143|0x0000000088f00000, 0x0000000088f00000, 0x0000000089000000|  0%| F|  |TAMS 0x0000000088f00000, 0x0000000088f00000| Untracked 
| 144|0x0000000089000000, 0x0000000089000000, 0x0000000089100000|  0%| F|  |TAMS 0x0000000089000000, 0x0000000089000000| Untracked 
| 145|0x0000000089100000, 0x0000000089200000, 0x0000000089200000|100%| O|  |TAMS 0x0000000089100000, 0x0000000089100000| Untracked 
| 146|0x0000000089200000, 0x0000000089200000, 0x0000000089300000|  0%| F|  |TAMS 0x0000000089200000, 0x0000000089200000| Untracked 
| 147|0x0000000089300000, 0x0000000089300000, 0x0000000089400000|  0%| F|  |TAMS 0x0000000089300000, 0x0000000089300000| Untracked 
| 148|0x0000000089400000, 0x0000000089400000, 0x0000000089500000|  0%| F|  |TAMS 0x0000000089400000, 0x0000000089400000| Untracked 
| 149|0x0000000089500000, 0x0000000089600000, 0x0000000089600000|100%| O|  |TAMS 0x0000000089600000, 0x0000000089500000| Untracked 
| 150|0x0000000089600000, 0x0000000089600000, 0x0000000089700000|  0%| F|  |TAMS 0x0000000089600000, 0x0000000089600000| Untracked 
| 151|0x0000000089700000, 0x0000000089800000, 0x0000000089800000|100%| O|  |TAMS 0x0000000089800000, 0x0000000089700000| Complete 
| 152|0x0000000089800000, 0x0000000089900000, 0x0000000089900000|100%| O|  |TAMS 0x0000000089800000, 0x0000000089800000| Untracked 
| 153|0x0000000089900000, 0x0000000089a00000, 0x0000000089a00000|100%| O|  |TAMS 0x0000000089900000, 0x0000000089900000| Untracked 
| 154|0x0000000089a00000, 0x0000000089b00000, 0x0000000089b00000|100%| O|  |TAMS 0x0000000089b00000, 0x0000000089a00000| Complete 
| 155|0x0000000089b00000, 0x0000000089c00000, 0x0000000089c00000|100%| O|  |TAMS 0x0000000089c00000, 0x0000000089b00000| Untracked 
| 156|0x0000000089c00000, 0x0000000089d00000, 0x0000000089d00000|100%| O|  |TAMS 0x0000000089d00000, 0x0000000089c00000| Complete 
| 157|0x0000000089d00000, 0x0000000089e00000, 0x0000000089e00000|100%| O|  |TAMS 0x0000000089e00000, 0x0000000089d00000| Untracked 
| 158|0x0000000089e00000, 0x0000000089f00000, 0x0000000089f00000|100%| O|  |TAMS 0x0000000089f00000, 0x0000000089e00000| Untracked 
| 159|0x0000000089f00000, 0x000000008a000000, 0x000000008a000000|100%| O|  |TAMS 0x000000008a000000, 0x0000000089f00000| Complete 
| 160|0x000000008a000000, 0x000000008a100000, 0x000000008a100000|100%| O|  |TAMS 0x000000008a100000, 0x000000008a000000| Complete 
| 161|0x000000008a100000, 0x000000008a1f2800, 0x000000008a200000| 94%| O|  |TAMS 0x000000008a100000, 0x000000008a100000| Untracked 
| 162|0x000000008a200000, 0x000000008a200000, 0x000000008a300000|  0%| F|  |TAMS 0x000000008a200000, 0x000000008a200000| Untracked 
| 163|0x000000008a300000, 0x000000008a300000, 0x000000008a400000|  0%| F|  |TAMS 0x000000008a300000, 0x000000008a300000| Untracked 
| 164|0x000000008a400000, 0x000000008a400000, 0x000000008a500000|  0%| F|  |TAMS 0x000000008a400000, 0x000000008a400000| Untracked 
| 165|0x000000008a500000, 0x000000008a500000, 0x000000008a600000|  0%| F|  |TAMS 0x000000008a500000, 0x000000008a500000| Untracked 
| 166|0x000000008a600000, 0x000000008a600000, 0x000000008a700000|  0%| F|  |TAMS 0x000000008a600000, 0x000000008a600000| Untracked 
| 167|0x000000008a700000, 0x000000008a700000, 0x000000008a800000|  0%| F|  |TAMS 0x000000008a700000, 0x000000008a700000| Untracked 
| 168|0x000000008a800000, 0x000000008a800000, 0x000000008a900000|  0%| F|  |TAMS 0x000000008a800000, 0x000000008a800000| Untracked 
| 169|0x000000008a900000, 0x000000008a900000, 0x000000008aa00000|  0%| F|  |TAMS 0x000000008a900000, 0x000000008a900000| Untracked 
| 170|0x000000008aa00000, 0x000000008aa00000, 0x000000008ab00000|  0%| F|  |TAMS 0x000000008aa00000, 0x000000008aa00000| Untracked 
| 171|0x000000008ab00000, 0x000000008ab00000, 0x000000008ac00000|  0%| F|  |TAMS 0x000000008ab00000, 0x000000008ab00000| Untracked 
| 172|0x000000008ac00000, 0x000000008ac00000, 0x000000008ad00000|  0%| F|  |TAMS 0x000000008ac00000, 0x000000008ac00000| Untracked 
| 173|0x000000008ad00000, 0x000000008ad00000, 0x000000008ae00000|  0%| F|  |TAMS 0x000000008ad00000, 0x000000008ad00000| Untracked 
| 174|0x000000008ae00000, 0x000000008ae00000, 0x000000008af00000|  0%| F|  |TAMS 0x000000008ae00000, 0x000000008ae00000| Untracked 
| 175|0x000000008af00000, 0x000000008b000000, 0x000000008b000000|100%| O|  |TAMS 0x000000008aff6800, 0x000000008af00000| Untracked 
| 176|0x000000008b000000, 0x000000008b100000, 0x000000008b100000|100%| O|  |TAMS 0x000000008b000000, 0x000000008b000000| Untracked 
| 177|0x000000008b100000, 0x000000008b200000, 0x000000008b200000|100%| O|  |TAMS 0x000000008b100000, 0x000000008b100000| Untracked 
| 178|0x000000008b200000, 0x000000008b300000, 0x000000008b300000|100%| O|  |TAMS 0x000000008b200000, 0x000000008b200000| Untracked 
| 179|0x000000008b300000, 0x000000008b300000, 0x000000008b400000|  0%| F|  |TAMS 0x000000008b300000, 0x000000008b300000| Untracked 
| 180|0x000000008b400000, 0x000000008b400000, 0x000000008b500000|  0%| F|  |TAMS 0x000000008b400000, 0x000000008b400000| Untracked 
| 181|0x000000008b500000, 0x000000008b500000, 0x000000008b600000|  0%| F|  |TAMS 0x000000008b500000, 0x000000008b500000| Untracked 
| 182|0x000000008b600000, 0x000000008b600000, 0x000000008b700000|  0%| F|  |TAMS 0x000000008b600000, 0x000000008b600000| Untracked 
| 183|0x000000008b700000, 0x000000008b700000, 0x000000008b800000|  0%| F|  |TAMS 0x000000008b700000, 0x000000008b700000| Untracked 
| 184|0x000000008b800000, 0x000000008b800000, 0x000000008b900000|  0%| F|  |TAMS 0x000000008b800000, 0x000000008b800000| Untracked 
| 185|0x000000008b900000, 0x000000008b900000, 0x000000008ba00000|  0%| F|  |TAMS 0x000000008b900000, 0x000000008b900000| Untracked 
| 186|0x000000008ba00000, 0x000000008ba00000, 0x000000008bb00000|  0%| F|  |TAMS 0x000000008ba00000, 0x000000008ba00000| Untracked 
| 187|0x000000008bb00000, 0x000000008bb00000, 0x000000008bc00000|  0%| F|  |TAMS 0x000000008bb00000, 0x000000008bb00000| Untracked 
| 188|0x000000008bc00000, 0x000000008bc00000, 0x000000008bd00000|  0%| F|  |TAMS 0x000000008bc00000, 0x000000008bc00000| Untracked 
| 189|0x000000008bd00000, 0x000000008bd00000, 0x000000008be00000|  0%| F|  |TAMS 0x000000008bd00000, 0x000000008bd00000| Untracked 
| 190|0x000000008be00000, 0x000000008be00000, 0x000000008bf00000|  0%| F|  |TAMS 0x000000008be00000, 0x000000008be00000| Untracked 
| 191|0x000000008bf00000, 0x000000008bf00000, 0x000000008c000000|  0%| F|  |TAMS 0x000000008bf00000, 0x000000008bf00000| Untracked 
| 192|0x000000008c000000, 0x000000008c000000, 0x000000008c100000|  0%| F|  |TAMS 0x000000008c000000, 0x000000008c000000| Untracked 
| 193|0x000000008c100000, 0x000000008c100000, 0x000000008c200000|  0%| F|  |TAMS 0x000000008c100000, 0x000000008c100000| Untracked 
| 194|0x000000008c200000, 0x000000008c200000, 0x000000008c300000|  0%| F|  |TAMS 0x000000008c200000, 0x000000008c200000| Untracked 
| 195|0x000000008c300000, 0x000000008c300000, 0x000000008c400000|  0%| F|  |TAMS 0x000000008c300000, 0x000000008c300000| Untracked 
| 196|0x000000008c400000, 0x000000008c400000, 0x000000008c500000|  0%| F|  |TAMS 0x000000008c400000, 0x000000008c400000| Untracked 
| 197|0x000000008c500000, 0x000000008c500000, 0x000000008c600000|  0%| F|  |TAMS 0x000000008c500000, 0x000000008c500000| Untracked 
| 198|0x000000008c600000, 0x000000008c600000, 0x000000008c700000|  0%| F|  |TAMS 0x000000008c600000, 0x000000008c600000| Untracked 
| 199|0x000000008c700000, 0x000000008c700000, 0x000000008c800000|  0%| F|  |TAMS 0x000000008c700000, 0x000000008c700000| Untracked 
| 200|0x000000008c800000, 0x000000008c800000, 0x000000008c900000|  0%| F|  |TAMS 0x000000008c800000, 0x000000008c800000| Untracked 
| 201|0x000000008c900000, 0x000000008c900000, 0x000000008ca00000|  0%| F|  |TAMS 0x000000008c900000, 0x000000008c900000| Untracked 
| 202|0x000000008ca00000, 0x000000008ca00000, 0x000000008cb00000|  0%| F|  |TAMS 0x000000008ca00000, 0x000000008ca00000| Untracked 
| 203|0x000000008cb00000, 0x000000008cb00000, 0x000000008cc00000|  0%| F|  |TAMS 0x000000008cb00000, 0x000000008cb00000| Untracked 
| 204|0x000000008cc00000, 0x000000008cc00000, 0x000000008cd00000|  0%| F|  |TAMS 0x000000008cc00000, 0x000000008cc00000| Untracked 
| 205|0x000000008cd00000, 0x000000008cd00000, 0x000000008ce00000|  0%| F|  |TAMS 0x000000008cd00000, 0x000000008cd00000| Untracked 
| 206|0x000000008ce00000, 0x000000008ce00000, 0x000000008cf00000|  0%| F|  |TAMS 0x000000008ce00000, 0x000000008ce00000| Untracked 
| 207|0x000000008cf00000, 0x000000008cf00000, 0x000000008d000000|  0%| F|  |TAMS 0x000000008cf00000, 0x000000008cf00000| Untracked 
| 208|0x000000008d000000, 0x000000008d000000, 0x000000008d100000|  0%| F|  |TAMS 0x000000008d000000, 0x000000008d000000| Untracked 
| 209|0x000000008d100000, 0x000000008d100000, 0x000000008d200000|  0%| F|  |TAMS 0x000000008d100000, 0x000000008d100000| Untracked 
| 210|0x000000008d200000, 0x000000008d200000, 0x000000008d300000|  0%| F|  |TAMS 0x000000008d200000, 0x000000008d200000| Untracked 
| 211|0x000000008d300000, 0x000000008d300000, 0x000000008d400000|  0%| F|  |TAMS 0x000000008d300000, 0x000000008d300000| Untracked 
| 212|0x000000008d400000, 0x000000008d500000, 0x000000008d500000|100%| S|CS|TAMS 0x000000008d400000, 0x000000008d400000| Complete 
| 213|0x000000008d500000, 0x000000008d600000, 0x000000008d600000|100%| S|CS|TAMS 0x000000008d500000, 0x000000008d500000| Complete 
| 214|0x000000008d600000, 0x000000008d600000, 0x000000008d700000|  0%| F|  |TAMS 0x000000008d600000, 0x000000008d600000| Untracked 
| 215|0x000000008d700000, 0x000000008d7314d8, 0x000000008d800000| 19%| E|  |TAMS 0x000000008d700000, 0x000000008d700000| Complete 
| 216|0x000000008d800000, 0x000000008d900000, 0x000000008d900000|100%| E|CS|TAMS 0x000000008d800000, 0x000000008d800000| Complete 
| 217|0x000000008d900000, 0x000000008da00000, 0x000000008da00000|100%| E|CS|TAMS 0x000000008d900000, 0x000000008d900000| Complete 
| 218|0x000000008da00000, 0x000000008db00000, 0x000000008db00000|100%| E|CS|TAMS 0x000000008da00000, 0x000000008da00000| Complete 
| 219|0x000000008db00000, 0x000000008dc00000, 0x000000008dc00000|100%| E|CS|TAMS 0x000000008db00000, 0x000000008db00000| Complete 
| 220|0x000000008dc00000, 0x000000008dd00000, 0x000000008dd00000|100%| E|CS|TAMS 0x000000008dc00000, 0x000000008dc00000| Complete 
| 221|0x000000008dd00000, 0x000000008de00000, 0x000000008de00000|100%| E|CS|TAMS 0x000000008dd00000, 0x000000008dd00000| Complete 
| 222|0x000000008de00000, 0x000000008df00000, 0x000000008df00000|100%| E|CS|TAMS 0x000000008de00000, 0x000000008de00000| Complete 
| 223|0x000000008df00000, 0x000000008e000000, 0x000000008e000000|100%| E|CS|TAMS 0x000000008df00000, 0x000000008df00000| Complete 

Card table byte_map: [0x00000297c6dd0000,0x00000297c71d0000] _byte_map_base: 0x00000297c69d0000

Marking Bits (Prev, Next): (CMBitMap*) 0x00000297b3f21cd0, (CMBitMap*) 0x00000297b3f21c98
 Prev Bits: [0x00000297c95d0000, 0x00000297cb5d0000)
 Next Bits: [0x00000297c75d0000, 0x00000297c95d0000)

Polling page: 0x00000297b1e30000

Metaspace:

Usage:
  Non-class:    109.26 MB capacity,   107.02 MB ( 98%) used,     1.82 MB (  2%) free+waste,   436.94 KB ( <1%) overhead. 
      Class:     17.19 MB capacity,    15.78 MB ( 92%) used,     1.21 MB (  7%) free+waste,   200.75 KB (  1%) overhead. 
       Both:    126.46 MB capacity,   122.80 MB ( 97%) used,     3.03 MB (  2%) free+waste,   637.69 KB ( <1%) overhead. 

Virtual space:
  Non-class space:      120.00 MB reserved,     118.91 MB (>99%) committed 
      Class space:        1.00 GB reserved,      18.88 MB (  2%) committed 
             Both:        1.12 GB reserved,     137.79 MB ( 12%) committed 

Chunk freelists:
   Non-Class:  9.52 MB
       Class:  1.65 MB
        Both:  11.17 MB

MaxMetaspaceSize: 17179869184.00 GB
CompressedClassSpaceSize: 1.00 GB

CodeHeap 'non-profiled nmethods': size=120064Kb used=11219Kb max_used=11219Kb free=108844Kb
 bounds [0x00000297bf490000, 0x00000297bff90000, 0x00000297c69d0000]
CodeHeap 'profiled nmethods': size=120000Kb used=39927Kb max_used=39927Kb free=80072Kb
 bounds [0x00000297b7f60000, 0x00000297ba670000, 0x00000297bf490000]
CodeHeap 'non-nmethods': size=5696Kb used=2372Kb max_used=2423Kb free=3323Kb
 bounds [0x00000297b79d0000, 0x00000297b7c40000, 0x00000297b7f60000]
 total_blobs=18970 nmethods=17964 adapters=915
 compilation: enabled
              stopped_count=0, restarted_count=0
 full_count=0

Compilation events (20 events):
Event: 439.067 Thread 0x00000297ce330000 nmethod 18977 0x00000297bff81090 code [0x00000297bff81240, 0x00000297bff812d8]
Event: 439.069 Thread 0x00000297dcf79800 nmethod 18972 0x00000297bff81390 code [0x00000297bff81580, 0x00000297bff81b58]
Event: 439.069 Thread 0x00000297dcf79800 18969       4       org.gradle.internal.watch.registry.impl.WatchableHierarchies$RemoveUnwatchedFiles::visitEntry (21 bytes)
Event: 439.069 Thread 0x00000297ce330000 18978       3       org.gradle.internal.concurrent.CompositeStoppable::add (34 bytes)
Event: 439.070 Thread 0x00000297ce330000 nmethod 18978 0x00000297ba66b810 code [0x00000297ba66ba20, 0x00000297ba66c108]
Event: 439.076 Thread 0x00000297dcf79800 nmethod 18969 0x00000297bff82090 code [0x00000297bff82280, 0x00000297bff82588]
Event: 439.076 Thread 0x00000297dcf79800 18970       4       org.gradle.internal.watch.registry.impl.WatchableHierarchies$RemoveUnwatchedFiles::shouldBeRemoved (55 bytes)
Event: 439.081 Thread 0x00000297dcf79800 nmethod 18970 0x00000297bff82a10 code [0x00000297bff82c00, 0x00000297bff82eb8]
Event: 439.081 Thread 0x00000297dcf79800 18971       4       org.gradle.internal.service.scopes.VirtualFileSystemServices$GradleUserHomeServices$$Lambda$108/0x0000000100290c40::test (12 bytes)
Event: 439.084 Thread 0x00000297dcf79800 nmethod 18971 0x00000297bff83290 code [0x00000297bff83440, 0x00000297bff83588]
Event: 439.084 Thread 0x00000297dcf79800 18979       4       java.util.concurrent.ConcurrentHashMap$KeyIterator::next (34 bytes)
Event: 439.091 Thread 0x00000297dcf79800 nmethod 18979 0x00000297bff83790 code [0x00000297bff83940, 0x00000297bff83d58]
Event: 439.091 Thread 0x00000297dcf79800 18973       4       org.gradle.internal.snapshot.DirectorySnapshot::accept (93 bytes)
Event: 439.094 Thread 0x00000297dcf79800 nmethod 18973 0x00000297bff83f90 code [0x00000297bff84140, 0x00000297bff84378]
Event: 439.094 Thread 0x00000297dcf79800 18974       4       org.gradle.internal.snapshot.DirectorySnapshot$$Lambda$963/0x0000000100bae440::get$Lambda (9 bytes)
Event: 439.095 Thread 0x00000297dcf79800 nmethod 18974 0x00000297bff84590 code [0x00000297bff84720, 0x00000297bff84858]
Event: 439.095 Thread 0x00000297dcf79800 18963       4       org.gradle.internal.serialize.kryo.KryoBackedEncoder::writeSmallInt (11 bytes)
Event: 439.096 Thread 0x00000297dcf79800 nmethod 18963 0x00000297bff84910 code [0x00000297bff84ac0, 0x00000297bff84b68]
Event: 439.096 Thread 0x00000297dcf79800 18957       4       org.gradle.internal.logging.text.AbstractLineChoppingStyledTextOutput$StateContext::access$008 (12 bytes)
Event: 439.096 Thread 0x00000297dcf79800 nmethod 18957 0x00000297bff84c90 code [0x00000297bff84e20, 0x00000297bff84e78]

GC Heap History (20 events):
Event: 78.422 GC heap before
{Heap before GC invocations=56 (full 0):
 garbage-first heap   total 229376K, used 183149K [0x0000000080000000, 0x0000000100000000)
  region size 1024K, 50 young (51200K), 6 survivors (6144K)
 Metaspace       used 119423K, capacity 122910K, committed 123172K, reserved 1157120K
  class space    used 15117K, capacity 16448K, committed 16512K, reserved 1048576K
}
Event: 78.449 GC heap after
{Heap after GC invocations=57 (full 0):
 garbage-first heap   total 229376K, used 148227K [0x0000000080000000, 0x0000000100000000)
  region size 1024K, 7 young (7168K), 7 survivors (7168K)
 Metaspace       used 119423K, capacity 122910K, committed 123172K, reserved 1157120K
  class space    used 15117K, capacity 16448K, committed 16512K, reserved 1048576K
}
Event: 79.372 GC heap before
{Heap before GC invocations=57 (full 0):
 garbage-first heap   total 229376K, used 186115K [0x0000000080000000, 0x0000000100000000)
  region size 1024K, 45 young (46080K), 7 survivors (7168K)
 Metaspace       used 120146K, capacity 123581K, committed 123812K, reserved 1157120K
  class space    used 15218K, capacity 16545K, committed 16640K, reserved 1048576K
}
Event: 79.398 GC heap after
{Heap after GC invocations=58 (full 0):
 garbage-first heap   total 229376K, used 156940K [0x0000000080000000, 0x0000000100000000)
  region size 1024K, 6 young (6144K), 6 survivors (6144K)
 Metaspace       used 120146K, capacity 123581K, committed 123812K, reserved 1157120K
  class space    used 15218K, capacity 16545K, committed 16640K, reserved 1048576K
}
Event: 80.753 GC heap before
{Heap before GC invocations=58 (full 0):
 garbage-first heap   total 229376K, used 187660K [0x0000000080000000, 0x0000000100000000)
  region size 1024K, 37 young (37888K), 6 survivors (6144K)
 Metaspace       used 120642K, capacity 124155K, committed 124324K, reserved 1157120K
  class space    used 15242K, capacity 16585K, committed 16640K, reserved 1048576K
}
Event: 80.766 GC heap after
{Heap after GC invocations=59 (full 0):
 garbage-first heap   total 229376K, used 159087K [0x0000000080000000, 0x0000000100000000)
  region size 1024K, 4 young (4096K), 4 survivors (4096K)
 Metaspace       used 120642K, capacity 124155K, committed 124324K, reserved 1157120K
  class space    used 15242K, capacity 16585K, committed 16640K, reserved 1048576K
}
Event: 84.696 GC heap before
{Heap before GC invocations=59 (full 0):
 garbage-first heap   total 229376K, used 190831K [0x0000000080000000, 0x0000000100000000)
  region size 1024K, 34 young (34816K), 4 survivors (4096K)
 Metaspace       used 123395K, capacity 126934K, committed 127012K, reserved 1159168K
  class space    used 15604K, capacity 16961K, committed 17024K, reserved 1048576K
}
Event: 84.706 GC heap after
{Heap after GC invocations=60 (full 0):
 garbage-first heap   total 229376K, used 164641K [0x0000000080000000, 0x0000000100000000)
  region size 1024K, 4 young (4096K), 4 survivors (4096K)
 Metaspace       used 123395K, capacity 126934K, committed 127012K, reserved 1159168K
  class space    used 15604K, capacity 16961K, committed 17024K, reserved 1048576K
}
Event: 85.604 GC heap before
{Heap before GC invocations=60 (full 0):
 garbage-first heap   total 229376K, used 192289K [0x0000000080000000, 0x0000000100000000)
  region size 1024K, 32 young (32768K), 4 survivors (4096K)
 Metaspace       used 130051K, capacity 134000K, committed 134180K, reserved 1165312K
  class space    used 16724K, capacity 18285K, committed 18304K, reserved 1048576K
}
Event: 85.614 GC heap after
{Heap after GC invocations=61 (full 0):
 garbage-first heap   total 229376K, used 166403K [0x0000000080000000, 0x0000000100000000)
  region size 1024K, 2 young (2048K), 2 survivors (2048K)
 Metaspace       used 130051K, capacity 134000K, committed 134180K, reserved 1165312K
  class space    used 16724K, capacity 18285K, committed 18304K, reserved 1048576K
}
Event: 86.321 GC heap before
{Heap before GC invocations=61 (full 0):
 garbage-first heap   total 229376K, used 193027K [0x0000000080000000, 0x0000000100000000)
  region size 1024K, 29 young (29696K), 2 survivors (2048K)
 Metaspace       used 132486K, capacity 136560K, committed 136612K, reserved 1167360K
  class space    used 17033K, capacity 18659K, committed 18688K, reserved 1048576K
}
Event: 86.327 GC heap after
{Heap after GC invocations=62 (full 0):
 garbage-first heap   total 229376K, used 166748K [0x0000000080000000, 0x0000000100000000)
  region size 1024K, 3 young (3072K), 3 survivors (3072K)
 Metaspace       used 132486K, capacity 136560K, committed 136612K, reserved 1167360K
  class space    used 17033K, capacity 18659K, committed 18688K, reserved 1048576K
}
Event: 88.239 GC heap before
{Heap before GC invocations=62 (full 0):
 garbage-first heap   total 229376K, used 193372K [0x0000000080000000, 0x0000000100000000)
  region size 1024K, 30 young (30720K), 3 survivors (3072K)
 Metaspace       used 134227K, capacity 138441K, committed 138660K, reserved 1169408K
  class space    used 17287K, capacity 18929K, committed 18944K, reserved 1048576K
}
Event: 88.247 GC heap after
{Heap after GC invocations=63 (full 0):
 garbage-first heap   total 229376K, used 167545K [0x0000000080000000, 0x0000000100000000)
  region size 1024K, 3 young (3072K), 3 survivors (3072K)
 Metaspace       used 134227K, capacity 138441K, committed 138660K, reserved 1169408K
  class space    used 17287K, capacity 18929K, committed 18944K, reserved 1048576K
}
Event: 89.424 GC heap before
{Heap before GC invocations=63 (full 0):
 garbage-first heap   total 229376K, used 209529K [0x0000000080000000, 0x0000000100000000)
  region size 1024K, 31 young (31744K), 3 survivors (3072K)
 Metaspace       used 136008K, capacity 140289K, committed 140452K, reserved 1171456K
  class space    used 17516K, capacity 19177K, committed 19200K, reserved 1048576K
}
Event: 89.435 GC heap after
{Heap after GC invocations=64 (full 0):
 garbage-first heap   total 229376K, used 179867K [0x0000000080000000, 0x0000000100000000)
  region size 1024K, 4 young (4096K), 4 survivors (4096K)
 Metaspace       used 136008K, capacity 140289K, committed 140452K, reserved 1171456K
  class space    used 17516K, capacity 19177K, committed 19200K, reserved 1048576K
}
Event: 369.759 GC heap before
{Heap before GC invocations=65 (full 0):
 garbage-first heap   total 229376K, used 202395K [0x0000000080000000, 0x0000000100000000)
  region size 1024K, 24 young (24576K), 4 survivors (4096K)
 Metaspace       used 125409K, capacity 129047K, committed 141092K, reserved 1171456K
  class space    used 16119K, capacity 17555K, committed 19328K, reserved 1048576K
}
Event: 369.773 GC heap after
{Heap after GC invocations=66 (full 0):
 garbage-first heap   total 229376K, used 166557K [0x0000000080000000, 0x0000000100000000)
  region size 1024K, 1 young (1024K), 1 survivors (1024K)
 Metaspace       used 125409K, capacity 129047K, committed 141092K, reserved 1171456K
  class space    used 16119K, capacity 17555K, committed 19328K, reserved 1048576K
}
Event: 437.527 GC heap before
{Heap before GC invocations=66 (full 0):
 garbage-first heap   total 229376K, used 175773K [0x0000000080000000, 0x0000000100000000)
  region size 1024K, 11 young (11264K), 1 survivors (1024K)
 Metaspace       used 125586K, capacity 129251K, committed 141092K, reserved 1171456K
  class space    used 16147K, capacity 17598K, committed 19328K, reserved 1048576K
}
Event: 437.544 GC heap after
{Heap after GC invocations=67 (full 0):
 garbage-first heap   total 229376K, used 146378K [0x0000000080000000, 0x0000000100000000)
  region size 1024K, 2 young (2048K), 2 survivors (2048K)
 Metaspace       used 125586K, capacity 129251K, committed 141092K, reserved 1171456K
  class space    used 16147K, capacity 17598K, committed 19328K, reserved 1048576K
}

Deoptimization events (20 events):
Event: 436.340 Thread 0x00000297d167e000 DEOPT PACKING pc=0x00000297bfa68d44 sp=0x000000b0f1dface0
Event: 436.340 Thread 0x00000297d167e000 DEOPT UNPACKING pc=0x00000297b79f662f sp=0x000000b0f1dfac80 mode 2
Event: 436.359 Thread 0x00000297d167e000 DEOPT PACKING pc=0x00000297b8520d11 sp=0x000000b0f1dfb650
Event: 436.359 Thread 0x00000297d167e000 DEOPT UNPACKING pc=0x00000297b79f6dde sp=0x000000b0f1dfab28 mode 0
Event: 436.492 Thread 0x00000297d167e000 Uncommon trap: trap_request=0xffffffde fr.pc=0x00000297bfa97c70 relative=0x0000000000000a10
Event: 436.492 Thread 0x00000297d167e000 Uncommon trap: reason=class_check action=maybe_recompile pc=0x00000297bfa97c70 method=org.gradle.cache.internal.LockOnDemandCrossProcessCacheAccess.incrementLockCount()V @ 97 c2
Event: 436.492 Thread 0x00000297d167e000 DEOPT PACKING pc=0x00000297bfa97c70 sp=0x000000b0f1df7400
Event: 436.492 Thread 0x00000297d167e000 DEOPT UNPACKING pc=0x00000297b79f662f sp=0x000000b0f1df73e0 mode 2
Event: 438.999 Thread 0x00000297d167e000 Uncommon trap: trap_request=0xffffff4d fr.pc=0x00000297bfd89ea4 relative=0x0000000000003c84
Event: 438.999 Thread 0x00000297d167e000 Uncommon trap: reason=unstable_if action=reinterpret pc=0x00000297bfd89ea4 method=java.util.regex.Matcher.search(I)Z @ 76 c2
Event: 438.999 Thread 0x00000297d167e000 DEOPT PACKING pc=0x00000297bfd89ea4 sp=0x000000b0f1dfbc20
Event: 439.000 Thread 0x00000297d167e000 DEOPT UNPACKING pc=0x00000297b79f662f sp=0x000000b0f1dfbaa8 mode 2
Event: 439.000 Thread 0x00000297d167e000 Uncommon trap: trap_request=0xffffff4d fr.pc=0x00000297bfbac5a8 relative=0x0000000000000348
Event: 439.000 Thread 0x00000297d167e000 Uncommon trap: reason=unstable_if action=reinterpret pc=0x00000297bfbac5a8 method=java.util.regex.Matcher.search(I)Z @ 76 c2
Event: 439.000 Thread 0x00000297d167e000 DEOPT PACKING pc=0x00000297bfbac5a8 sp=0x000000b0f1dfbb20
Event: 439.000 Thread 0x00000297d167e000 DEOPT UNPACKING pc=0x00000297b79f662f sp=0x000000b0f1dfbac0 mode 2
Event: 439.047 Thread 0x00000297d167e000 Uncommon trap: trap_request=0xffffffde fr.pc=0x00000297bfc4035c relative=0x000000000000011c
Event: 439.047 Thread 0x00000297d167e000 Uncommon trap: reason=class_check action=maybe_recompile pc=0x00000297bfc4035c method=java.util.ArrayDeque$DeqSpliterator.tryAdvance(Ljava/util/function/Consumer;)Z @ 77 c2
Event: 439.047 Thread 0x00000297d167e000 DEOPT PACKING pc=0x00000297bfc4035c sp=0x000000b0f1dfc0a0
Event: 439.047 Thread 0x00000297d167e000 DEOPT UNPACKING pc=0x00000297b79f662f sp=0x000000b0f1dfc020 mode 2

Classes redefined (0 events):
No events

Internal exceptions (20 events):
Event: 88.735 Thread 0x00000297d1f26800 Exception <a 'java/lang/NoSuchMethodError'{0x000000008d029c90}: 'java.lang.Object java.lang.invoke.DirectMethodHandle$Holder.invokeSpecial(java.lang.Object, java.lang.Object, java.lang.Object, java.lang.Object, java.lang.Object, java.lang.Object, java.lang.Object, int, java.lang.Object)'> (0x000000008d029c90) thrown at [./src/hotspot/share/interpreter/linkResolver.cpp, line 773]
Event: 88.735 Thread 0x00000297d1f26800 Exception <a 'java/lang/NoSuchMethodError'{0x000000008d032eb8}: 'java.lang.Object java.lang.invoke.DirectMethodHandle$Holder.invokeStatic(java.lang.Object, java.lang.Object, java.lang.Object, java.lang.Object, java.lang.Object, java.lang.Object, java.lang.Object, int)'> (0x000000008d032eb8) thrown at [./src/hotspot/share/interpreter/linkResolver.cpp, line 773]
Event: 88.736 Thread 0x00000297d1f26800 Exception <a 'java/lang/NoSuchMethodError'{0x000000008d036ed8}: 'java.lang.Object java.lang.invoke.DirectMethodHandle$Holder.invokeSpecial(java.lang.Object, java.lang.Object, java.lang.Object, java.lang.Object, java.lang.Object, java.lang.Object, java.lang.Object, java.lang.Object, int)'> (0x000000008d036ed8) thrown at [./src/hotspot/share/interpreter/linkResolver.cpp, line 773]
Event: 88.736 Thread 0x00000297d1f26800 Exception <a 'java/lang/NoSuchMethodError'{0x000000008d03a570}: 'java.lang.Object java.lang.invoke.Invokers$Holder.linkToTargetMethod(java.lang.Object, java.lang.Object, java.lang.Object, java.lang.Object, java.lang.Object, java.lang.Object, int, java.lang.Object)'> (0x000000008d03a570) thrown at [./src/hotspot/share/interpreter/linkResolver.cpp, line 773]
Event: 89.707 Thread 0x00000297cf3c2000 Exception <a 'sun/nio/fs/WindowsException'{0x000000008dcf2058}> (0x000000008dcf2058) thrown at [./src/hotspot/share/prims/jni.cpp, line 615]
Event: 89.707 Thread 0x00000297cf3c2000 Exception <a 'sun/nio/fs/WindowsException'{0x000000008dcf20d8}> (0x000000008dcf20d8) thrown at [./src/hotspot/share/prims/jni.cpp, line 615]
Event: 89.707 Thread 0x00000297cf3c2000 Exception <a 'sun/nio/fs/WindowsException'{0x000000008dcf4240}> (0x000000008dcf4240) thrown at [./src/hotspot/share/prims/jni.cpp, line 615]
Event: 89.912 Thread 0x00000297cf3c2000 Exception <a 'java/lang/NoSuchMethodError'{0x000000008d982570}: 'java.lang.Object java.lang.invoke.DirectMethodHandle$Holder.invokeSpecial(java.lang.Object, java.lang.Object, java.lang.Object, java.lang.Object, int, java.lang.Object, java.lang.Object)'> (0x000000008d982570) thrown at [./src/hotspot/share/interpreter/linkResolver.cpp, line 773]
Event: 90.054 Thread 0x00000297cf3c2000 Implicit null exception at 0x00000297bfaf4caf to 0x00000297bfaf4cfc
Event: 93.558 Thread 0x00000297cfd0d000 Implicit null exception at 0x00000297bf4c31f4 to 0x00000297bf4c3708
Event: 93.559 Thread 0x00000297cfd0d000 Implicit null exception at 0x00000297bf884c94 to 0x00000297bf885268
Event: 369.781 Thread 0x00000297d167b800 Exception <a 'java/lang/NoSuchMethodError'{0x000000008df6fa20}: 'java.lang.Object java.lang.invoke.DirectMethodHandle$Holder.invokeSpecial(java.lang.Object, java.lang.Object, int, int, int, java.lang.Object, java.lang.Object, java.lang.Object)'> (0x000000008df6fa20) thrown at [./src/hotspot/share/interpreter/linkResolver.cpp, line 773]
Event: 369.781 Thread 0x00000297d167b800 Exception <a 'java/lang/NoSuchMethodError'{0x000000008df732d0}: 'java.lang.Object java.lang.invoke.DelegatingMethodHandle$Holder.reinvoke_L(java.lang.Object, int, int, int, java.lang.Object, java.lang.Object, java.lang.Object)'> (0x000000008df732d0) thrown at [./src/hotspot/share/interpreter/linkResolver.cpp, line 773]
Event: 369.782 Thread 0x00000297d167b800 Exception <a 'java/lang/NoSuchMethodError'{0x000000008df7ace0}: 'java.lang.Object java.lang.invoke.DirectMethodHandle$Holder.invokeStatic(java.lang.Object, java.lang.Object, java.lang.Object, java.lang.Object, java.lang.Object, int)'> (0x000000008df7ace0) thrown at [./src/hotspot/share/interpreter/linkResolver.cpp, line 773]
Event: 369.783 Thread 0x00000297d167b800 Exception <a 'java/lang/NoSuchMethodError'{0x000000008df91798}: 'java.lang.Object java.lang.invoke.DirectMethodHandle$Holder.invokeStatic(java.lang.Object, java.lang.Object, java.lang.Object, java.lang.Object, java.lang.Object, int, int)'> (0x000000008df91798) thrown at [./src/hotspot/share/interpreter/linkResolver.cpp, line 773]
Event: 436.294 Thread 0x00000297d167e000 Implicit null exception at 0x00000297bfa67c45 to 0x00000297bfa67f3d
Event: 436.294 Thread 0x00000297d167e000 Implicit null exception at 0x00000297bf9ca75f to 0x00000297bf9cb234
Event: 438.965 Thread 0x00000297d167e000 Exception <a 'java/lang/OutOfMemoryError'{0x000000008dada8a0}: unable to create native thread: possibly out of memory or process/resource limits reached> (0x000000008dada8a0) thrown at [./src/hotspot/share/prims/jvm.cpp, line 2924]
Event: 438.972 Thread 0x00000297d1679000 Exception <a 'java/lang/NoSuchMethodError'{0x000000008d95af20}: <clinit>> (0x000000008d95af20) thrown at [./src/hotspot/share/prims/jni.cpp, line 1362]
Event: 438.974 Thread 0x00000297d1679000 Exception <a 'java/lang/NoSuchMethodError'{0x000000008d964750}: <clinit>> (0x000000008d964750) thrown at [./src/hotspot/share/prims/jni.cpp, line 1362]

Events (20 events):
Event: 439.011 loading class org/gradle/internal/buildevents/BuildExceptionReporter$1
Event: 439.011 loading class org/gradle/internal/buildevents/BuildExceptionReporter$1 done
Event: 439.037 Thread 0x00000297dcf79800 Thread added: 0x00000297dcf79800
Event: 439.070 Executing VM operation: RevokeBias
Event: 439.070 Executing VM operation: RevokeBias done
Event: 439.070 Thread 0x00000297d1684800 Thread exited: 0x00000297d1684800
Event: 439.071 Executing VM operation: RevokeBias
Event: 439.072 Executing VM operation: RevokeBias done
Event: 439.072 Thread 0x00000297d1680800 Thread exited: 0x00000297d1680800
Event: 439.072 Executing VM operation: RevokeBias
Event: 439.073 Executing VM operation: RevokeBias done
Event: 439.073 Thread 0x00000297d1683800 Thread exited: 0x00000297d1683800
Event: 439.074 Executing VM operation: RevokeBias
Event: 439.075 Executing VM operation: RevokeBias done
Event: 439.075 Executing VM operation: RevokeBias
Event: 439.075 Executing VM operation: RevokeBias done
Event: 439.080 loading class com/google/common/collect/AbstractMultiset$EntrySet
Event: 439.080 loading class com/google/common/collect/AbstractMultiset$EntrySet done
Event: 439.107 loading class com/google/common/collect/Multisets$EntrySet
Event: 439.107 loading class com/google/common/collect/Multisets$EntrySet done


Dynamic libraries:
0x00007ff7f4400000 - 0x00007ff7f440a000 	C:\Program Files\Android\Android Studio New\jre\bin\java.exe
0x00007ffbc5380000 - 0x00007ffbc5570000 	C:\WINDOWS\SYSTEM32\ntdll.dll
0x00007ffbc3690000 - 0x00007ffbc3742000 	C:\WINDOWS\System32\KERNEL32.DLL
0x00007ffbc2490000 - 0x00007ffbc2735000 	C:\WINDOWS\System32\KERNELBASE.dll
0x00007ffbc2a60000 - 0x00007ffbc2b5a000 	C:\WINDOWS\System32\ucrtbase.dll
0x00007ffbb7210000 - 0x00007ffbb7227000 	C:\Program Files\Android\Android Studio New\jre\bin\VCRUNTIME140.dll
0x00007ffbbad70000 - 0x00007ffbbad89000 	C:\Program Files\Android\Android Studio New\jre\bin\jli.dll
0x00007ffbc51a0000 - 0x00007ffbc5334000 	C:\WINDOWS\System32\USER32.dll
0x00007ffbc2a30000 - 0x00007ffbc2a51000 	C:\WINDOWS\System32\win32u.dll
0x00007ffba7b80000 - 0x00007ffba7e04000 	C:\WINDOWS\WinSxS\amd64_microsoft.windows.common-controls_6595b64144ccf1df_6.0.18362.1256_none_9e7e379be45e40e2\COMCTL32.dll
0x00007ffbc4fb0000 - 0x00007ffbc4fd6000 	C:\WINDOWS\System32\GDI32.dll
0x00007ffbc5100000 - 0x00007ffbc519e000 	C:\WINDOWS\System32\msvcrt.dll
0x00007ffbc4550000 - 0x00007ffbc4886000 	C:\WINDOWS\System32\combase.dll
0x00007ffbc22f0000 - 0x00007ffbc2486000 	C:\WINDOWS\System32\gdi32full.dll
0x00007ffbc4fe0000 - 0x00007ffbc5100000 	C:\WINDOWS\System32\RPCRT4.dll
0x00007ffbc2770000 - 0x00007ffbc280e000 	C:\WINDOWS\System32\msvcp_win.dll
0x00007ffbc2b60000 - 0x00007ffbc2be1000 	C:\WINDOWS\System32\bcryptPrimitives.dll
0x00007ffbc3750000 - 0x00007ffbc377e000 	C:\WINDOWS\System32\IMM32.DLL
0x00007ffb93560000 - 0x00007ffb935fd000 	C:\Program Files\Android\Android Studio New\jre\bin\msvcp140.dll
0x00007ffb756f0000 - 0x00007ffb761c5000 	C:\Program Files\Android\Android Studio New\jre\bin\server\jvm.dll
0x00007ffbc44a0000 - 0x00007ffbc4543000 	C:\WINDOWS\System32\ADVAPI32.dll
0x00007ffbc3440000 - 0x00007ffbc34d7000 	C:\WINDOWS\System32\sechost.dll
0x00007ffbc3430000 - 0x00007ffbc3438000 	C:\WINDOWS\System32\PSAPI.DLL
0x00007ffbbae60000 - 0x00007ffbbae69000 	C:\WINDOWS\SYSTEM32\WSOCK32.dll
0x00007ffbbbf00000 - 0x00007ffbbbf24000 	C:\WINDOWS\SYSTEM32\WINMM.dll
0x00007ffbc3c20000 - 0x00007ffbc3c8f000 	C:\WINDOWS\System32\WS2_32.dll
0x00007ffbb9280000 - 0x00007ffbb928a000 	C:\WINDOWS\SYSTEM32\VERSION.dll
0x00007ffbbbed0000 - 0x00007ffbbbefd000 	C:\WINDOWS\SYSTEM32\winmmbase.dll
0x00007ffbc33e0000 - 0x00007ffbc342a000 	C:\WINDOWS\System32\cfgmgr32.dll
0x00007ffbc2250000 - 0x00007ffbc2261000 	C:\WINDOWS\System32\kernel.appcore.dll
0x00007ffbab300000 - 0x00007ffbab311000 	C:\Program Files\Android\Android Studio New\jre\bin\verify.dll
0x00007ffbc0950000 - 0x00007ffbc0b44000 	C:\WINDOWS\SYSTEM32\DBGHELP.DLL
0x00007ffbb7500000 - 0x00007ffbb752a000 	C:\WINDOWS\SYSTEM32\dbgcore.DLL
0x00007ffbab2d0000 - 0x00007ffbab2f9000 	C:\Program Files\Android\Android Studio New\jre\bin\java.dll
0x00007ffbbae20000 - 0x00007ffbbae2b000 	C:\Program Files\Android\Android Studio New\jre\bin\jimage.dll
0x00007ffba81c0000 - 0x00007ffba81d8000 	C:\Program Files\Android\Android Studio New\jre\bin\zip.dll
0x00007ffbc3db0000 - 0x00007ffbc4497000 	C:\WINDOWS\System32\SHELL32.dll
0x00007ffbc3780000 - 0x00007ffbc3829000 	C:\WINDOWS\System32\shcore.dll
0x00007ffbc2c50000 - 0x00007ffbc33d1000 	C:\WINDOWS\System32\windows.storage.dll
0x00007ffbc22c0000 - 0x00007ffbc22e3000 	C:\WINDOWS\System32\profapi.dll
0x00007ffbc2270000 - 0x00007ffbc22ba000 	C:\WINDOWS\System32\powrprof.dll
0x00007ffbc2220000 - 0x00007ffbc2230000 	C:\WINDOWS\System32\UMPDC.dll
0x00007ffbc3980000 - 0x00007ffbc39d2000 	C:\WINDOWS\System32\shlwapi.dll
0x00007ffbc2810000 - 0x00007ffbc2827000 	C:\WINDOWS\System32\cryptsp.dll
0x00007ffb9fad0000 - 0x00007ffb9faea000 	C:\Program Files\Android\Android Studio New\jre\bin\net.dll
0x00007ffbb56e0000 - 0x00007ffbb57d0000 	C:\WINDOWS\SYSTEM32\WINHTTP.dll
0x00007ffbc1a10000 - 0x00007ffbc1a77000 	C:\WINDOWS\system32\mswsock.dll
0x00007ffb9ef70000 - 0x00007ffb9ef84000 	C:\Program Files\Android\Android Studio New\jre\bin\nio.dll
0x00007ffb9fe10000 - 0x00007ffb9fe37000 	C:\Users\JOHN BATISTA\.gradle\native\e1d6ef7f7dcc3fd88c89a11ec53ec762bb8ba0a96d01ffa2cd45eb1d1d8dd5c5\windows-amd64\native-platform.dll
0x00007ffb8a4f0000 - 0x00007ffb8a634000 	C:\Users\JOHN BATISTA\.gradle\native\5664cfc778a61ccfe75a443a1ab52a65af34e5dc3c78e0209fed803814484fcb\windows-amd64\native-platform-file-events.dll
0x00007ffbbade0000 - 0x00007ffbbadea000 	C:\Program Files\Android\Android Studio New\jre\bin\management.dll
0x00007ffbbad50000 - 0x00007ffbbad5d000 	C:\Program Files\Android\Android Studio New\jre\bin\management_ext.dll
0x00007ffbc1580000 - 0x00007ffbc15b3000 	C:\WINDOWS\system32\rsaenh.dll
0x00007ffbc2740000 - 0x00007ffbc2766000 	C:\WINDOWS\System32\bcrypt.dll
0x00007ffbc2140000 - 0x00007ffbc2165000 	C:\WINDOWS\SYSTEM32\USERENV.dll
0x00007ffbc1be0000 - 0x00007ffbc1bec000 	C:\WINDOWS\SYSTEM32\CRYPTBASE.dll
0x00007ffbc1720000 - 0x00007ffbc175a000 	C:\WINDOWS\SYSTEM32\IPHLPAPI.DLL
0x00007ffbc3970000 - 0x00007ffbc3978000 	C:\WINDOWS\System32\NSI.dll
0x00007ffbb7780000 - 0x00007ffbb7796000 	C:\WINDOWS\SYSTEM32\dhcpcsvc6.DLL
0x00007ffbb7760000 - 0x00007ffbb777c000 	C:\WINDOWS\SYSTEM32\dhcpcsvc.DLL
0x00007ffbc1770000 - 0x00007ffbc183b000 	C:\WINDOWS\SYSTEM32\DNSAPI.dll
0x00007ffbbadd0000 - 0x00007ffbbadd8000 	C:\Program Files\Android\Android Studio New\jre\bin\rmi.dll
0x00007ffbb91e0000 - 0x00007ffbb91f6000 	C:\WINDOWS\system32\napinsp.dll
0x00007ffbb79e0000 - 0x00007ffbb79fa000 	C:\WINDOWS\system32\pnrpnsp.dll
0x00007ffbbae80000 - 0x00007ffbbae8e000 	C:\WINDOWS\System32\winrnr.dll
0x00007ffbbad30000 - 0x00007ffbbad4c000 	C:\WINDOWS\system32\NLAapi.dll
0x00007ffbba3c0000 - 0x00007ffbba3d5000 	C:\WINDOWS\system32\wshbth.dll
0x00007ffbb73d0000 - 0x00007ffbb73da000 	C:\Windows\System32\rasadhlp.dll
0x00007ffbb6460000 - 0x00007ffbb64d7000 	C:\WINDOWS\System32\fwpuclnt.dll
0x00007ffbc1260000 - 0x00007ffbc1291000 	C:\WINDOWS\SYSTEM32\ntmarta.dll
0x00007ffbab230000 - 0x00007ffbab257000 	C:\Program Files\Android\Android Studio New\jre\bin\sunec.dll

dbghelp: loaded successfully - version: 4.0.5 - missing functions: none
symbol engine: initialized successfully - sym options: 0x614 - pdb path: .;C:\Program Files\Android\Android Studio New\jre\bin;C:\WINDOWS\SYSTEM32;C:\WINDOWS\WinSxS\amd64_microsoft.windows.common-controls_6595b64144ccf1df_6.0.18362.1256_none_9e7e379be45e40e2;C:\Program Files\Android\Android Studio New\jre\bin\server;C:\Users\JOHN BATISTA\.gradle\native\e1d6ef7f7dcc3fd88c89a11ec53ec762bb8ba0a96d01ffa2cd45eb1d1d8dd5c5\windows-amd64;C:\Users\JOHN BATISTA\.gradle\native\5664cfc778a61ccfe75a443a1ab52a65af34e5dc3c78e0209fed803814484fcb\windows-amd64

VM Arguments:
jvm_args: --add-opens=java.base/java.util=ALL-UNNAMED --add-opens=java.base/java.lang=ALL-UNNAMED --add-opens=java.base/java.lang.invoke=ALL-UNNAMED --add-opens=java.base/java.util=ALL-UNNAMED --add-opens=java.prefs/java.util.prefs=ALL-UNNAMED --add-opens=java.prefs/java.util.prefs=ALL-UNNAMED --add-opens=java.base/java.nio.charset=ALL-UNNAMED --add-opens=java.base/java.net=ALL-UNNAMED --add-opens=java.base/java.util.concurrent.atomic=ALL-UNNAMED -Xmx2048m -Dfile.encoding=UTF-8 -Duser.country=US -Duser.language=en -Duser.variant 
java_command: org.gradle.launcher.daemon.bootstrap.GradleDaemon 7.2
java_class_path (initial): C:\Users\JOHN BATISTA\.gradle\wrapper\dists\gradle-7.2-bin\2dnblmf4td7x66yl1d74lt32g\gradle-7.2\lib\gradle-launcher-7.2.jar
Launcher Type: SUN_STANDARD

[Global flags]
     intx CICompilerCount                          = 3                                         {product} {ergonomic}
     uint ConcGCThreads                            = 1                                         {product} {ergonomic}
     uint G1ConcRefinementThreads                  = 4                                         {product} {ergonomic}
   size_t G1HeapRegionSize                         = 1048576                                   {product} {ergonomic}
    uintx GCDrainStackTargetSize                   = 64                                        {product} {ergonomic}
   size_t InitialHeapSize                          = 134217728                                 {product} {ergonomic}
   size_t MarkStackSize                            = 4194304                                   {product} {ergonomic}
   size_t MaxHeapSize                              = 2147483648                                {product} {command line}
   size_t MaxNewSize                               = 1287651328                                {product} {ergonomic}
   size_t MinHeapDeltaBytes                        = 1048576                                   {product} {ergonomic}
    uintx NonNMethodCodeHeapSize                   = 5830732                                {pd product} {ergonomic}
    uintx NonProfiledCodeHeapSize                  = 122913754                              {pd product} {ergonomic}
    uintx ProfiledCodeHeapSize                     = 122913754                              {pd product} {ergonomic}
    uintx ReservedCodeCacheSize                    = 251658240                              {pd product} {ergonomic}
     bool SegmentedCodeCache                       = true                                      {product} {ergonomic}
     bool UseCompressedClassPointers               = true                                 {lp64_product} {ergonomic}
     bool UseCompressedOops                        = true                                 {lp64_product} {ergonomic}
     bool UseG1GC                                  = true                                      {product} {ergonomic}
     bool UseLargePagesIndividualAllocation        = false                                  {pd product} {ergonomic}

Logging:
Log output configuration:
 #0: stdout all=warning uptime,level,tags
 #1: stderr all=off uptime,level,tags

Environment Variables:
JAVA_HOME=C:\Program Files\Java\jdk-15.0.1
PATH=C:\Program Files\Java\jdk-15.0.1\bin;C:\Program Files\Git\cmd;C:\Program Files\PuTTY\;C:\Program Files\MATLAB\R2013a\runtime\win64;C:\Program Files\MATLAB\R2013a\bin;C:\Program Files\Microsoft VS Code\bin;C:\nodejs\;C:\Users\JOHN BATISTA\AppData\Local\Programs\Python\Python310\Scripts;C:\Users\JOHN BATISTA\AppData\Local\Programs\Python\Python310\Scripts\;C:\Users\JOHN BATISTA\AppData\Local\Programs\Python\Python310\;C:\Users\JOHN BATISTA\AppData\Roaming\npm;
USERNAME=JOHN BATISTA
OS=Windows_NT
PROCESSOR_IDENTIFIER=Intel64 Family 6 Model 142 Stepping 9, GenuineIntel



---------------  S Y S T E M  ---------------

OS: Windows 10 , 64 bit Build 18362 (10.0.18362.1110)
OS uptime: 3 days 22:28 hours

CPU:total 4 (initial active 4) (2 cores per cpu, 2 threads per core) family 6 model 142 stepping 9 microcode 0x8e, cmov, cx8, fxsr, mmx, sse, sse2, sse3, ssse3, sse4.1, sse4.2, popcnt, avx, avx2, aes, clmul, erms, 3dnowpref, lzcnt, ht, tsc, tscinvbit, bmi1, bmi2, adx, fma

Memory: 4k page, system-wide physical 8107M (478M free)
TotalPageFile size 20395M (AvailPageFile size 0M)
current process WorkingSet (physical memory assigned to process): 551M, peak: 572M
current process commit charge ("private bytes"): 589M, peak: 600M

vm_info: OpenJDK 64-Bit Server VM (11.0.11+9-b60-7590822) for windows-amd64 JRE (11.0.11+9-b60-7590822), built on Jul 29 2021 21:43:44 by "builder" with MS VC++ 14.0 (VS2015)

END.
