#
# There is insufficient memory for the Java Runtime Environment to continue.
# Native memory allocation (malloc) failed to allocate 1614256 bytes for Chunk::new
# Possible reasons:
#   The system is out of physical RAM or swap space
#   The process is running with CompressedOops enabled, and the Java Heap may be blocking the growth of the native heap
# Possible solutions:
#   Reduce memory load on the system
#   Increase physical memory or swap space
#   Check if swap backing store is full
#   Decrease Java heap size (-Xmx/-Xms)
#   Decrease number of Java threads
#   Decrease Java thread stack sizes (-Xss)
#   Set larger code cache with -XX:ReservedCodeCacheSize=
#   JVM is running with Unscaled Compressed Oops mode in which the Java heap is
#     placed in the first 4GB address space. The Java Heap base address is the
#     maximum limit for the native heap growth. Please use -XX:HeapBaseMinAddress
#     to set the Java Heap base and to place the Java Heap above 4GB virtual address.
# This output file may be truncated or incomplete.
#
#  Out of Memory Error (./src/hotspot/share/memory/arena.cpp:197), pid=10820, tid=16152
#
# JRE version: OpenJDK Runtime Environment (11.0.11+9) (build 11.0.11+9-b60-7590822)
# Java VM: OpenJDK 64-Bit Server VM (11.0.11+9-b60-7590822, mixed mode, tiered, compressed oops, g1 gc, windows-amd64)
# No core dump will be written. Minidumps are not enabled by default on client versions of Windows
#

---------------  S U M M A R Y ------------

Command Line: --add-opens=java.base/java.util=ALL-UNNAMED --add-opens=java.base/java.lang=ALL-UNNAMED --add-opens=java.base/java.lang.invoke=ALL-UNNAMED --add-opens=java.base/java.util=ALL-UNNAMED --add-opens=java.prefs/java.util.prefs=ALL-UNNAMED --add-opens=java.prefs/java.util.prefs=ALL-UNNAMED --add-opens=java.base/java.nio.charset=ALL-UNNAMED --add-opens=java.base/java.net=ALL-UNNAMED --add-opens=java.base/java.util.concurrent.atomic=ALL-UNNAMED -Xmx2048m -Dfile.encoding=UTF-8 -Duser.country=US -Duser.language=en -Duser.variant org.gradle.launcher.daemon.bootstrap.GradleDaemon 7.2

Host: Intel(R) Core(TM) i3-7020U CPU @ 2.30GHz, 4 cores, 7G,  Windows 10 , 64 bit Build 18362 (10.0.18362.1110)
Time: Mon Jun 13 10:08:03 2022 UTC-11 elapsed time: 265.353520 seconds (0d 0h 4m 25s)

---------------  T H R E A D  ---------------

Current thread (0x000001df4d6e1000):  JavaThread "C2 CompilerThread0" daemon [_thread_in_native, id=16152, stack(0x0000004510700000,0x0000004510800000)]


Current CompileTask:
C2: 265353 12853       4       org.gradle.internal.service.DefaultServiceRegistry$ClassInspector$ClassDetails::collectTypes (63 bytes)

Stack: [0x0000004510700000,0x0000004510800000]
Native frames: (J=compiled Java code, j=interpreted, Vv=VM code, C=native code)
V  [jvm.dll+0x5f214a]
V  [jvm.dll+0x726fb5]
V  [jvm.dll+0x7285cd]
V  [jvm.dll+0x728c83]
V  [jvm.dll+0x243278]
V  [jvm.dll+0xbc53c]
V  [jvm.dll+0xbca3c]
V  [jvm.dll+0x353e7d]
V  [jvm.dll+0x19895c]
V  [jvm.dll+0x1fc2ee]
V  [jvm.dll+0x1fb3d4]
V  [jvm.dll+0x183d6c]
V  [jvm.dll+0x209a57]
V  [jvm.dll+0x2082a1]
V  [jvm.dll+0x6ef58f]
V  [jvm.dll+0x6e80b5]
V  [jvm.dll+0x5f1036]
C  [ucrtbase.dll+0x210b2]
C  [KERNEL32.DLL+0x17c24]
C  [ntdll.dll+0x6d4d1]


---------------  P R O C E S S  ---------------

Threads class SMR info:
_java_thread_list=0x000001df524093e0, length=85, elements={
0x000001df31b7d000, 0x000001df4d6bf000, 0x000001df4d6c8800, 0x000001df4d6db000,
0x000001df4d6dc000, 0x000001df4d6e0000, 0x000001df4d6e1000, 0x000001df4d6e6000,
0x000001df4d6e7000, 0x000001df4e1a3000, 0x000001df4f8e0800, 0x000001df4f64a000,
0x000001df4e3e3800, 0x000001df4f925800, 0x000001df4f925000, 0x000001df4f927800,
0x000001df4f928000, 0x000001df4f923800, 0x000001df4ff1b800, 0x000001df4ff17800,
0x000001df4ff1d800, 0x000001df4ff1a000, 0x000001df4ff18800, 0x000001df50050000,
0x000001df50054800, 0x000001df52705800, 0x000001df52702000, 0x000001df52708000,
0x000001df52708800, 0x000001df52706000, 0x000001df52703000, 0x000001df52703800,
0x000001df5270d800, 0x000001df5270f000, 0x000001df5270b000, 0x000001df5270a800,
0x000001df5270e800, 0x000001df5270c800, 0x000001df52709800, 0x000001df52710000,
0x000001df52711000, 0x000001df5270c000, 0x000001df50048000, 0x000001df50047000,
0x000001df5004a800, 0x000001df5004b800, 0x000001df5004e800, 0x000001df5004e000,
0x000001df5004d000, 0x000001df5004c000, 0x000001df50049000, 0x000001df5004f800,
0x000001df50049800, 0x000001df50051000, 0x000001df50052000, 0x000001df50055000,
0x000001df50056000, 0x000001df4ff1b000, 0x000001df4ff17000, 0x000001df4ff1f000,
0x000001df4ff19800, 0x000001df4ff20000, 0x000001df4ff20800, 0x000001df4ff21800,
0x000001df4ff25800, 0x000001df4ff22800, 0x000001df4ff23000, 0x000001df4ff24000,
0x000001df4ff24800, 0x000001df4f926800, 0x000001df4f929000, 0x000001df4f92a000,
0x000001df4f924000, 0x000001df54a8c800, 0x000001df54a8b000, 0x000001df54a8e000,
0x000001df54a8d800, 0x000001df54a8a000, 0x000001df54a89800, 0x000001df54a91800,
0x000001df54a90000, 0x000001df54a90800, 0x000001df54a8b800, 0x000001df54a92800,
0x000001df54a93000
}

Java Threads: ( => current thread )
  0x000001df31b7d000 JavaThread "main" [_thread_blocked, id=16540, stack(0x000000450fb00000,0x000000450fc00000)]
  0x000001df4d6bf000 JavaThread "Reference Handler" daemon [_thread_blocked, id=10976, stack(0x0000004510200000,0x0000004510300000)]
  0x000001df4d6c8800 JavaThread "Finalizer" daemon [_thread_blocked, id=17816, stack(0x0000004510300000,0x0000004510400000)]
  0x000001df4d6db000 JavaThread "Signal Dispatcher" daemon [_thread_blocked, id=15280, stack(0x0000004510400000,0x0000004510500000)]
  0x000001df4d6dc000 JavaThread "Attach Listener" daemon [_thread_blocked, id=3364, stack(0x0000004510500000,0x0000004510600000)]
  0x000001df4d6e0000 JavaThread "Service Thread" daemon [_thread_blocked, id=6752, stack(0x0000004510600000,0x0000004510700000)]
=>0x000001df4d6e1000 JavaThread "C2 CompilerThread0" daemon [_thread_in_native, id=16152, stack(0x0000004510700000,0x0000004510800000)]
  0x000001df4d6e6000 JavaThread "C1 CompilerThread0" daemon [_thread_blocked, id=8628, stack(0x0000004510800000,0x0000004510900000)]
  0x000001df4d6e7000 JavaThread "Sweeper thread" daemon [_thread_blocked, id=18212, stack(0x0000004510900000,0x0000004510a00000)]
  0x000001df4e1a3000 JavaThread "Common-Cleaner" daemon [_thread_blocked, id=7832, stack(0x0000004510a00000,0x0000004510b00000)]
  0x000001df4f8e0800 JavaThread "Daemon health stats" [_thread_blocked, id=16224, stack(0x0000004510e00000,0x0000004510f00000)]
  0x000001df4f64a000 JavaThread "Incoming local TCP Connector on port 50200" [_thread_in_native, id=7332, stack(0x0000004510f00000,0x0000004511000000)]
  0x000001df4e3e3800 JavaThread "Daemon periodic checks" [_thread_blocked, id=7232, stack(0x0000004511000000,0x0000004511100000)]
  0x000001df4f925800 JavaThread "Cache worker for journal cache (C:\Users\JOHN BATISTA\.gradle\caches\journal-1)" [_thread_blocked, id=8360, stack(0x0000004511900000,0x0000004511a00000)]
  0x000001df4f925000 JavaThread "File lock request listener" [_thread_in_native, id=7724, stack(0x0000004511a00000,0x0000004511b00000)]
  0x000001df4f927800 JavaThread "Cache worker for file hash cache (C:\Users\JOHN BATISTA\.gradle\caches\7.2\fileHashes)" [_thread_blocked, id=7752, stack(0x0000004511b00000,0x0000004511c00000)]
  0x000001df4f928000 JavaThread "File watcher server" daemon [_thread_in_native, id=18016, stack(0x0000004511d00000,0x0000004511e00000)]
  0x000001df4f923800 JavaThread "File watcher consumer" daemon [_thread_blocked, id=2768, stack(0x0000004511e00000,0x0000004511f00000)]
  0x000001df4ff1b800 JavaThread "Cache worker for execution history cache (C:\Users\JOHN BATISTA\.gradle\caches\7.2\executionHistory)" [_thread_blocked, id=14136, stack(0x0000004512000000,0x0000004512100000)]
  0x000001df4ff17800 JavaThread "jar transforms" [_thread_blocked, id=13024, stack(0x0000004512100000,0x0000004512200000)]
  0x000001df4ff1d800 JavaThread "Cache worker for file content cache (C:\Users\JOHN BATISTA\.gradle\caches\7.2\fileContent)" [_thread_blocked, id=17836, stack(0x0000004512200000,0x0000004512300000)]
  0x000001df4ff1a000 JavaThread "jar transforms Thread 2" [_thread_blocked, id=15248, stack(0x0000004512500000,0x0000004512600000)]
  0x000001df4ff18800 JavaThread "jar transforms Thread 3" [_thread_blocked, id=10012, stack(0x0000004512600000,0x0000004512700000)]
  0x000001df50050000 JavaThread "jar transforms Thread 4" [_thread_blocked, id=12996, stack(0x0000004515100000,0x0000004515200000)]
  0x000001df50054800 JavaThread "Memory manager" [_thread_blocked, id=6764, stack(0x000000450f800000,0x000000450f900000)]
  0x000001df52705800 JavaThread "Daemon Thread 2" [_thread_blocked, id=8828, stack(0x000000450f900000,0x000000450fa00000)]
  0x000001df52702000 JavaThread "Handler for socket connection from /127.0.0.1:50200 to /127.0.0.1:50257" [_thread_in_native, id=15124, stack(0x000000450fa00000,0x000000450fb00000)]
  0x000001df52708000 JavaThread "Cancel handler" [_thread_blocked, id=12744, stack(0x0000004511100000,0x0000004511200000)]
  0x000001df52708800 JavaThread "Daemon worker Thread 2" [_thread_in_native, id=10620, stack(0x0000004511200000,0x0000004511300000)]
  0x000001df52706000 JavaThread "Asynchronous log dispatcher for DefaultDaemonConnection: socket connection from /127.0.0.1:50200 to /127.0.0.1:50257" [_thread_blocked, id=17148, stack(0x0000004511400000,0x0000004511500000)]
  0x000001df52703000 JavaThread "Stdin handler" [_thread_blocked, id=13788, stack(0x0000004511500000,0x0000004511600000)]
  0x000001df52703800 JavaThread "Daemon client event forwarder" [_thread_blocked, id=17932, stack(0x0000004511600000,0x0000004511700000)]
  0x000001df5270d800 JavaThread "Cache worker for file hash cache (C:\Users\JOHN BATISTA\AndroidStudioProjects\SportsApplication\.gradle\7.2\fileHashes)" [_thread_blocked, id=10004, stack(0x0000004511700000,0x0000004511800000)]
  0x000001df5270f000 JavaThread "Cache worker for checksums cache (C:\Users\JOHN BATISTA\AndroidStudioProjects\SportsApplication\.gradle\checksums)" [_thread_blocked, id=11748, stack(0x0000004511800000,0x0000004511900000)]
  0x000001df5270b000 JavaThread "Cache worker for cache directory md-supplier (C:\Users\JOHN BATISTA\.gradle\caches\7.2\md-supplier)" [_thread_blocked, id=9980, stack(0x0000004511c00000,0x0000004511d00000)]
  0x000001df5270a800 JavaThread "Cache worker for cache directory md-rule (C:\Users\JOHN BATISTA\.gradle\caches\7.2\md-rule)" [_thread_blocked, id=3584, stack(0x0000004511f00000,0x0000004512000000)]
  0x000001df5270e800 JavaThread "Cache worker for dependencies-accessors (C:\Users\JOHN BATISTA\AndroidStudioProjects\SportsApplication\.gradle\7.2\dependencies-accessors)" [_thread_blocked, id=4004, stack(0x0000004512700000,0x0000004512800000)]
  0x000001df5270c800 JavaThread "Cache worker for Build Output Cleanup Cache (C:\Users\JOHN BATISTA\AndroidStudioProjects\SportsApplication\.gradle\buildOutputCleanup)" [_thread_blocked, id=10760, stack(0x0000004512800000,0x0000004512900000)]
  0x000001df52709800 JavaThread "Unconstrained build operations" [_thread_blocked, id=4468, stack(0x0000004512900000,0x0000004512a00000)]
  0x000001df52710000 JavaThread "Unconstrained build operations Thread 2" [_thread_blocked, id=9780, stack(0x0000004512a00000,0x0000004512b00000)]
  0x000001df52711000 JavaThread "Unconstrained build operations Thread 3" [_thread_blocked, id=16636, stack(0x0000004512b00000,0x0000004512c00000)]
  0x000001df5270c000 JavaThread "Unconstrained build operations Thread 4" [_thread_blocked, id=708, stack(0x0000004512c00000,0x0000004512d00000)]
  0x000001df50048000 JavaThread "Unconstrained build operations Thread 5" [_thread_blocked, id=1076, stack(0x0000004512d00000,0x0000004512e00000)]
  0x000001df50047000 JavaThread "Unconstrained build operations Thread 6" [_thread_blocked, id=16088, stack(0x0000004512e00000,0x0000004512f00000)]
  0x000001df5004a800 JavaThread "Unconstrained build operations Thread 7" [_thread_blocked, id=15512, stack(0x0000004512f00000,0x0000004513000000)]
  0x000001df5004b800 JavaThread "Unconstrained build operations Thread 8" [_thread_blocked, id=16096, stack(0x0000004513000000,0x0000004513100000)]
  0x000001df5004e800 JavaThread "Unconstrained build operations Thread 9" [_thread_blocked, id=8304, stack(0x0000004513100000,0x0000004513200000)]
  0x000001df5004e000 JavaThread "Unconstrained build operations Thread 10" [_thread_blocked, id=6656, stack(0x0000004513200000,0x0000004513300000)]
  0x000001df5004d000 JavaThread "Unconstrained build operations Thread 11" [_thread_blocked, id=5572, stack(0x0000004513300000,0x0000004513400000)]
  0x000001df5004c000 JavaThread "Unconstrained build operations Thread 12" [_thread_blocked, id=5480, stack(0x0000004513400000,0x0000004513500000)]
  0x000001df50049000 JavaThread "Unconstrained build operations Thread 13" [_thread_blocked, id=672, stack(0x0000004513500000,0x0000004513600000)]
  0x000001df5004f800 JavaThread "Unconstrained build operations Thread 14" [_thread_blocked, id=8176, stack(0x0000004513600000,0x0000004513700000)]
  0x000001df50049800 JavaThread "Unconstrained build operations Thread 15" [_thread_blocked, id=15240, stack(0x0000004513700000,0x0000004513800000)]
  0x000001df50051000 JavaThread "Unconstrained build operations Thread 16" [_thread_blocked, id=10996, stack(0x0000004513800000,0x0000004513900000)]
  0x000001df50052000 JavaThread "Unconstrained build operations Thread 17" [_thread_blocked, id=15020, stack(0x0000004513900000,0x0000004513a00000)]
  0x000001df50055000 JavaThread "Unconstrained build operations Thread 18" [_thread_blocked, id=9140, stack(0x0000004513a00000,0x0000004513b00000)]
  0x000001df50056000 JavaThread "Unconstrained build operations Thread 19" [_thread_blocked, id=16188, stack(0x0000004513b00000,0x0000004513c00000)]
  0x000001df4ff1b000 JavaThread "Unconstrained build operations Thread 20" [_thread_blocked, id=12748, stack(0x0000004513c00000,0x0000004513d00000)]
  0x000001df4ff17000 JavaThread "Unconstrained build operations Thread 21" [_thread_blocked, id=1828, stack(0x0000004513d00000,0x0000004513e00000)]
  0x000001df4ff1f000 JavaThread "Unconstrained build operations Thread 22" [_thread_blocked, id=17680, stack(0x0000004513e00000,0x0000004513f00000)]
  0x000001df4ff19800 JavaThread "Unconstrained build operations Thread 23" [_thread_blocked, id=9960, stack(0x0000004513f00000,0x0000004514000000)]
  0x000001df4ff20000 JavaThread "Unconstrained build operations Thread 24" [_thread_blocked, id=10188, stack(0x0000004514000000,0x0000004514100000)]
  0x000001df4ff20800 JavaThread "Unconstrained build operations Thread 25" [_thread_blocked, id=10912, stack(0x0000004514100000,0x0000004514200000)]
  0x000001df4ff21800 JavaThread "Unconstrained build operations Thread 26" [_thread_blocked, id=11592, stack(0x0000004514200000,0x0000004514300000)]
  0x000001df4ff25800 JavaThread "Unconstrained build operations Thread 27" [_thread_blocked, id=8676, stack(0x0000004514300000,0x0000004514400000)]
  0x000001df4ff22800 JavaThread "Unconstrained build operations Thread 28" [_thread_blocked, id=14256, stack(0x0000004514400000,0x0000004514500000)]
  0x000001df4ff23000 JavaThread "Unconstrained build operations Thread 29" [_thread_blocked, id=3972, stack(0x0000004514500000,0x0000004514600000)]
  0x000001df4ff24000 JavaThread "Unconstrained build operations Thread 30" [_thread_blocked, id=15132, stack(0x0000004514600000,0x0000004514700000)]
  0x000001df4ff24800 JavaThread "Unconstrained build operations Thread 31" [_thread_blocked, id=2948, stack(0x0000004514700000,0x0000004514800000)]
  0x000001df4f926800 JavaThread "Unconstrained build operations Thread 32" [_thread_blocked, id=13836, stack(0x0000004514800000,0x0000004514900000)]
  0x000001df4f929000 JavaThread "Unconstrained build operations Thread 33" [_thread_blocked, id=8148, stack(0x0000004514900000,0x0000004514a00000)]
  0x000001df4f92a000 JavaThread "Unconstrained build operations Thread 34" [_thread_blocked, id=18132, stack(0x0000004514a00000,0x0000004514b00000)]
  0x000001df4f924000 JavaThread "Unconstrained build operations Thread 35" [_thread_blocked, id=18312, stack(0x0000004514b00000,0x0000004514c00000)]
  0x000001df54a8c800 JavaThread "Unconstrained build operations Thread 36" [_thread_blocked, id=3240, stack(0x0000004514c00000,0x0000004514d00000)]
  0x000001df54a8b000 JavaThread "Unconstrained build operations Thread 37" [_thread_blocked, id=11104, stack(0x0000004514d00000,0x0000004514e00000)]
  0x000001df54a8e000 JavaThread "Unconstrained build operations Thread 38" [_thread_blocked, id=11408, stack(0x0000004514e00000,0x0000004514f00000)]
  0x000001df54a8d800 JavaThread "Unconstrained build operations Thread 39" [_thread_blocked, id=17252, stack(0x0000004514f00000,0x0000004515000000)]
  0x000001df54a8a000 JavaThread "Unconstrained build operations Thread 40" [_thread_blocked, id=7100, stack(0x0000004515000000,0x0000004515100000)]
  0x000001df54a89800 JavaThread "C2 CompilerThread1" daemon [_thread_in_native, id=10320, stack(0x0000004515200000,0x0000004515300000)]
  0x000001df54a91800 JavaThread "build event listener" [_thread_blocked, id=13636, stack(0x0000004515300000,0x0000004515400000)]
  0x000001df54a90000 JavaThread "build event listener" [_thread_blocked, id=12420, stack(0x0000004515400000,0x0000004515500000)]
  0x000001df54a90800 JavaThread "Execution worker for ':'" [_thread_blocked, id=10780, stack(0x0000004515500000,0x0000004515600000)]
  0x000001df54a8b800 JavaThread "Execution worker for ':' Thread 2" [_thread_blocked, id=16580, stack(0x0000004515600000,0x0000004515700000)]
  0x000001df54a92800 JavaThread "Execution worker for ':' Thread 3" [_thread_blocked, id=10964, stack(0x0000004515700000,0x0000004515800000)]
  0x000001df54a93000 JavaThread "Cache worker for execution history cache (C:\Users\JOHN BATISTA\AndroidStudioProjects\SportsApplication\.gradle\7.2\executionHistory)" [_thread_blocked, id=18268, stack(0x0000004515800000,0x0000004515900000)]

Other Threads:
  0x000001df4d6b8800 VMThread "VM Thread" [stack: 0x0000004510100000,0x0000004510200000] [id=17444]
  0x000001df4e1be800 WatcherThread [stack: 0x0000004510b00000,0x0000004510c00000] [id=7264]
  0x000001df31b97800 GCTaskThread "GC Thread#0" [stack: 0x000000450fc00000,0x000000450fd00000] [id=12444]
  0x000001df4e66c800 GCTaskThread "GC Thread#1" [stack: 0x0000004510c00000,0x0000004510d00000] [id=18264]
  0x000001df4e52f800 GCTaskThread "GC Thread#2" [stack: 0x0000004510d00000,0x0000004510e00000] [id=8648]
  0x000001df4f36a800 GCTaskThread "GC Thread#3" [stack: 0x0000004511300000,0x0000004511400000] [id=7808]
  0x000001df31bc8800 ConcurrentGCThread "G1 Main Marker" [stack: 0x000000450fd00000,0x000000450fe00000] [id=15236]
  0x000001df31bca000 ConcurrentGCThread "G1 Conc#0" [stack: 0x000000450fe00000,0x000000450ff00000] [id=15568]
  0x000001df4d510800 ConcurrentGCThread "G1 Refine#0" [stack: 0x000000450ff00000,0x0000004510000000] [id=15704]
  0x000001df4d511000 ConcurrentGCThread "G1 Young RemSet Sampling" [stack: 0x0000004510000000,0x0000004510100000] [id=6648]

Threads with active compile tasks:
C2 CompilerThread0 266704 12853       4       org.gradle.internal.service.DefaultServiceRegistry$ClassInspector$ClassDetails::collectTypes (63 bytes)
C2 CompilerThread1 266704 13002       4       org.gradle.internal.logging.sink.OutputEventTransformer::onOutput (399 bytes)

VM state:not at safepoint (normal execution)

VM Mutex/Monitor currently owned by a thread: None

Heap address: 0x0000000080000000, size: 2048 MB, Compressed Oops mode: 32-bit
Narrow klass base: 0x0000000000000000, Narrow klass shift: 3
Compressed class space size: 1073741824 Address: 0x0000000100000000

Heap:
 garbage-first heap   total 157696K, used 129626K [0x0000000080000000, 0x0000000100000000)
  region size 1024K, 19 young (19456K), 3 survivors (3072K)
 Metaspace       used 95966K, capacity 98367K, committed 98596K, reserved 1134592K
  class space    used 12306K, capacity 13188K, committed 13312K, reserved 1048576K
Heap Regions: E=young(eden), S=young(survivor), O=old, HS=humongous(starts), HC=humongous(continues), CS=collection set, F=free, A=archive, TAMS=top-at-mark-start (previous, next)
|   0|0x0000000080000000, 0x0000000080100000, 0x0000000080100000|100%|HS|  |TAMS 0x0000000080100000, 0x0000000080000000| Complete 
|   1|0x0000000080100000, 0x0000000080200000, 0x0000000080200000|100%|HC|  |TAMS 0x0000000080200000, 0x0000000080100000| Complete 
|   2|0x0000000080200000, 0x0000000080300000, 0x0000000080300000|100%|HC|  |TAMS 0x0000000080300000, 0x0000000080200000| Complete 
|   3|0x0000000080300000, 0x0000000080400000, 0x0000000080400000|100%| O|  |TAMS 0x0000000080400000, 0x0000000080300000| Untracked 
|   4|0x0000000080400000, 0x0000000080500000, 0x0000000080500000|100%| O|  |TAMS 0x0000000080500000, 0x0000000080400000| Untracked 
|   5|0x0000000080500000, 0x0000000080600000, 0x0000000080600000|100%| O|  |TAMS 0x0000000080600000, 0x0000000080500000| Untracked 
|   6|0x0000000080600000, 0x0000000080700000, 0x0000000080700000|100%| O|  |TAMS 0x0000000080700000, 0x0000000080600000| Untracked 
|   7|0x0000000080700000, 0x0000000080800000, 0x0000000080800000|100%| O|  |TAMS 0x0000000080800000, 0x0000000080700000| Untracked 
|   8|0x0000000080800000, 0x0000000080900000, 0x0000000080900000|100%| O|  |TAMS 0x0000000080900000, 0x0000000080800000| Untracked 
|   9|0x0000000080900000, 0x0000000080a00000, 0x0000000080a00000|100%| O|  |TAMS 0x0000000080a00000, 0x0000000080900000| Untracked 
|  10|0x0000000080a00000, 0x0000000080b00000, 0x0000000080b00000|100%| O|  |TAMS 0x0000000080b00000, 0x0000000080a00000| Untracked 
|  11|0x0000000080b00000, 0x0000000080c00000, 0x0000000080c00000|100%| O|  |TAMS 0x0000000080c00000, 0x0000000080b00000| Untracked 
|  12|0x0000000080c00000, 0x0000000080d00000, 0x0000000080d00000|100%| O|  |TAMS 0x0000000080d00000, 0x0000000080c00000| Untracked 
|  13|0x0000000080d00000, 0x0000000080e00000, 0x0000000080e00000|100%| O|  |TAMS 0x0000000080e00000, 0x0000000080d00000| Untracked 
|  14|0x0000000080e00000, 0x0000000080f00000, 0x0000000080f00000|100%| O|  |TAMS 0x0000000080f00000, 0x0000000080e00000| Untracked 
|  15|0x0000000080f00000, 0x0000000081000000, 0x0000000081000000|100%|HS|  |TAMS 0x0000000081000000, 0x0000000080f00000| Complete 
|  16|0x0000000081000000, 0x0000000081100000, 0x0000000081100000|100%| O|  |TAMS 0x0000000081100000, 0x0000000081000000| Untracked 
|  17|0x0000000081100000, 0x0000000081200000, 0x0000000081200000|100%| O|  |TAMS 0x0000000081200000, 0x0000000081100000| Untracked 
|  18|0x0000000081200000, 0x0000000081300000, 0x0000000081300000|100%| O|  |TAMS 0x0000000081300000, 0x0000000081200000| Untracked 
|  19|0x0000000081300000, 0x0000000081400000, 0x0000000081400000|100%| O|  |TAMS 0x0000000081400000, 0x0000000081300000| Untracked 
|  20|0x0000000081400000, 0x0000000081500000, 0x0000000081500000|100%| O|  |TAMS 0x0000000081500000, 0x0000000081400000| Untracked 
|  21|0x0000000081500000, 0x0000000081600000, 0x0000000081600000|100%| O|  |TAMS 0x0000000081600000, 0x0000000081500000| Untracked 
|  22|0x0000000081600000, 0x0000000081700000, 0x0000000081700000|100%| O|  |TAMS 0x0000000081700000, 0x0000000081600000| Untracked 
|  23|0x0000000081700000, 0x0000000081800000, 0x0000000081800000|100%| O|  |TAMS 0x0000000081800000, 0x0000000081700000| Untracked 
|  24|0x0000000081800000, 0x0000000081900000, 0x0000000081900000|100%| O|  |TAMS 0x0000000081900000, 0x0000000081800000| Untracked 
|  25|0x0000000081900000, 0x0000000081a00000, 0x0000000081a00000|100%| O|  |TAMS 0x0000000081a00000, 0x0000000081900000| Untracked 
|  26|0x0000000081a00000, 0x0000000081b00000, 0x0000000081b00000|100%| O|  |TAMS 0x0000000081b00000, 0x0000000081a00000| Untracked 
|  27|0x0000000081b00000, 0x0000000081c00000, 0x0000000081c00000|100%|HS|  |TAMS 0x0000000081c00000, 0x0000000081b00000| Complete 
|  28|0x0000000081c00000, 0x0000000081d00000, 0x0000000081d00000|100%|HS|  |TAMS 0x0000000081d00000, 0x0000000081c00000| Complete 
|  29|0x0000000081d00000, 0x0000000081e00000, 0x0000000081e00000|100%|HS|  |TAMS 0x0000000081e00000, 0x0000000081d00000| Complete 
|  30|0x0000000081e00000, 0x0000000081f00000, 0x0000000081f00000|100%|HS|  |TAMS 0x0000000081f00000, 0x0000000081e00000| Complete 
|  31|0x0000000081f00000, 0x0000000082000000, 0x0000000082000000|100%|HC|  |TAMS 0x0000000082000000, 0x0000000081f00000| Complete 
|  32|0x0000000082000000, 0x0000000082100000, 0x0000000082100000|100%|HC|  |TAMS 0x0000000082100000, 0x0000000082000000| Complete 
|  33|0x0000000082100000, 0x0000000082200000, 0x0000000082200000|100%|HS|  |TAMS 0x0000000082200000, 0x0000000082100000| Complete 
|  34|0x0000000082200000, 0x0000000082300000, 0x0000000082300000|100%|HC|  |TAMS 0x0000000082300000, 0x0000000082200000| Complete 
|  35|0x0000000082300000, 0x0000000082400000, 0x0000000082400000|100%| O|  |TAMS 0x0000000082400000, 0x0000000082300000| Untracked 
|  36|0x0000000082400000, 0x0000000082500000, 0x0000000082500000|100%| O|  |TAMS 0x0000000082500000, 0x0000000082400000| Untracked 
|  37|0x0000000082500000, 0x0000000082600000, 0x0000000082600000|100%| O|  |TAMS 0x0000000082600000, 0x0000000082500000| Untracked 
|  38|0x0000000082600000, 0x0000000082700000, 0x0000000082700000|100%| O|  |TAMS 0x0000000082700000, 0x0000000082600000| Untracked 
|  39|0x0000000082700000, 0x0000000082800000, 0x0000000082800000|100%| O|  |TAMS 0x0000000082800000, 0x0000000082700000| Untracked 
|  40|0x0000000082800000, 0x0000000082900000, 0x0000000082900000|100%| O|  |TAMS 0x0000000082900000, 0x0000000082800000| Untracked 
|  41|0x0000000082900000, 0x0000000082a00000, 0x0000000082a00000|100%| O|  |TAMS 0x0000000082a00000, 0x0000000082900000| Untracked 
|  42|0x0000000082a00000, 0x0000000082b00000, 0x0000000082b00000|100%| O|  |TAMS 0x0000000082b00000, 0x0000000082a00000| Untracked 
|  43|0x0000000082b00000, 0x0000000082c00000, 0x0000000082c00000|100%| O|  |TAMS 0x0000000082c00000, 0x0000000082b00000| Untracked 
|  44|0x0000000082c00000, 0x0000000082d00000, 0x0000000082d00000|100%| O|  |TAMS 0x0000000082d00000, 0x0000000082c00000| Untracked 
|  45|0x0000000082d00000, 0x0000000082e00000, 0x0000000082e00000|100%| O|  |TAMS 0x0000000082e00000, 0x0000000082d00000| Untracked 
|  46|0x0000000082e00000, 0x0000000082f00000, 0x0000000082f00000|100%| O|  |TAMS 0x0000000082f00000, 0x0000000082e00000| Untracked 
|  47|0x0000000082f00000, 0x0000000083000000, 0x0000000083000000|100%| O|  |TAMS 0x0000000083000000, 0x0000000082f00000| Untracked 
|  48|0x0000000083000000, 0x0000000083100000, 0x0000000083100000|100%| O|  |TAMS 0x0000000083100000, 0x0000000083000000| Untracked 
|  49|0x0000000083100000, 0x0000000083200000, 0x0000000083200000|100%| O|  |TAMS 0x0000000083200000, 0x0000000083100000| Untracked 
|  50|0x0000000083200000, 0x0000000083300000, 0x0000000083300000|100%| O|  |TAMS 0x0000000083300000, 0x0000000083200000| Untracked 
|  51|0x0000000083300000, 0x0000000083400000, 0x0000000083400000|100%| O|  |TAMS 0x0000000083400000, 0x0000000083300000| Untracked 
|  52|0x0000000083400000, 0x0000000083500000, 0x0000000083500000|100%| O|  |TAMS 0x0000000083500000, 0x0000000083400000| Untracked 
|  53|0x0000000083500000, 0x0000000083600000, 0x0000000083600000|100%| O|  |TAMS 0x0000000083600000, 0x0000000083500000| Untracked 
|  54|0x0000000083600000, 0x0000000083700000, 0x0000000083700000|100%| O|  |TAMS 0x0000000083700000, 0x0000000083600000| Untracked 
|  55|0x0000000083700000, 0x0000000083800000, 0x0000000083800000|100%| O|  |TAMS 0x0000000083800000, 0x0000000083700000| Untracked 
|  56|0x0000000083800000, 0x0000000083900000, 0x0000000083900000|100%| O|  |TAMS 0x0000000083900000, 0x0000000083800000| Untracked 
|  57|0x0000000083900000, 0x0000000083a00000, 0x0000000083a00000|100%| O|  |TAMS 0x0000000083900000, 0x0000000083900000| Untracked 
|  58|0x0000000083a00000, 0x0000000083b00000, 0x0000000083b00000|100%| O|  |TAMS 0x0000000083b00000, 0x0000000083a00000| Untracked 
|  59|0x0000000083b00000, 0x0000000083c00000, 0x0000000083c00000|100%| O|  |TAMS 0x0000000083c00000, 0x0000000083b00000| Untracked 
|  60|0x0000000083c00000, 0x0000000083d00000, 0x0000000083d00000|100%| O|  |TAMS 0x0000000083d00000, 0x0000000083c00000| Untracked 
|  61|0x0000000083d00000, 0x0000000083e00000, 0x0000000083e00000|100%| O|  |TAMS 0x0000000083e00000, 0x0000000083d00000| Untracked 
|  62|0x0000000083e00000, 0x0000000083f00000, 0x0000000083f00000|100%| O|  |TAMS 0x0000000083f00000, 0x0000000083e00000| Untracked 
|  63|0x0000000083f00000, 0x0000000084000000, 0x0000000084000000|100%| O|  |TAMS 0x0000000084000000, 0x0000000083f00000| Untracked 
|  64|0x0000000084000000, 0x0000000084100000, 0x0000000084100000|100%| O|  |TAMS 0x0000000084100000, 0x0000000084000000| Untracked 
|  65|0x0000000084100000, 0x0000000084200000, 0x0000000084200000|100%| O|  |TAMS 0x0000000084200000, 0x0000000084100000| Untracked 
|  66|0x0000000084200000, 0x0000000084300000, 0x0000000084300000|100%| O|  |TAMS 0x0000000084300000, 0x0000000084200000| Untracked 
|  67|0x0000000084300000, 0x0000000084400000, 0x0000000084400000|100%| O|  |TAMS 0x0000000084400000, 0x0000000084300000| Untracked 
|  68|0x0000000084400000, 0x0000000084500000, 0x0000000084500000|100%| O|  |TAMS 0x0000000084500000, 0x0000000084400000| Untracked 
|  69|0x0000000084500000, 0x0000000084600000, 0x0000000084600000|100%| O|  |TAMS 0x000000008451fc00, 0x0000000084500000| Untracked 
|  70|0x0000000084600000, 0x0000000084700000, 0x0000000084700000|100%| O|  |TAMS 0x0000000084700000, 0x0000000084600000| Untracked 
|  71|0x0000000084700000, 0x0000000084800000, 0x0000000084800000|100%| O|  |TAMS 0x0000000084800000, 0x0000000084700000| Untracked 
|  72|0x0000000084800000, 0x0000000084900000, 0x0000000084900000|100%| O|  |TAMS 0x0000000084900000, 0x0000000084800000| Untracked 
|  73|0x0000000084900000, 0x0000000084a00000, 0x0000000084a00000|100%| O|  |TAMS 0x0000000084a00000, 0x0000000084900000| Untracked 
|  74|0x0000000084a00000, 0x0000000084b00000, 0x0000000084b00000|100%| O|  |TAMS 0x0000000084b00000, 0x0000000084a00000| Untracked 
|  75|0x0000000084b00000, 0x0000000084c00000, 0x0000000084c00000|100%| O|  |TAMS 0x0000000084c00000, 0x0000000084b00000| Untracked 
|  76|0x0000000084c00000, 0x0000000084d00000, 0x0000000084d00000|100%| O|  |TAMS 0x0000000084d00000, 0x0000000084c00000| Untracked 
|  77|0x0000000084d00000, 0x0000000084e00000, 0x0000000084e00000|100%| O|  |TAMS 0x0000000084e00000, 0x0000000084d00000| Untracked 
|  78|0x0000000084e00000, 0x0000000084f00000, 0x0000000084f00000|100%| O|  |TAMS 0x0000000084f00000, 0x0000000084e00000| Untracked 
|  79|0x0000000084f00000, 0x0000000085000000, 0x0000000085000000|100%| O|  |TAMS 0x0000000085000000, 0x0000000084f00000| Untracked 
|  80|0x0000000085000000, 0x0000000085100000, 0x0000000085100000|100%| O|  |TAMS 0x0000000085100000, 0x0000000085000000| Untracked 
|  81|0x0000000085100000, 0x0000000085200000, 0x0000000085200000|100%| O|  |TAMS 0x0000000085200000, 0x0000000085100000| Untracked 
|  82|0x0000000085200000, 0x0000000085300000, 0x0000000085300000|100%| O|  |TAMS 0x0000000085300000, 0x0000000085200000| Untracked 
|  83|0x0000000085300000, 0x0000000085400000, 0x0000000085400000|100%| O|  |TAMS 0x0000000085400000, 0x0000000085300000| Untracked 
|  84|0x0000000085400000, 0x0000000085500000, 0x0000000085500000|100%| O|  |TAMS 0x0000000085500000, 0x0000000085400000| Untracked 
|  85|0x0000000085500000, 0x0000000085600000, 0x0000000085600000|100%| O|  |TAMS 0x0000000085600000, 0x0000000085500000| Untracked 
|  86|0x0000000085600000, 0x0000000085700000, 0x0000000085700000|100%| O|  |TAMS 0x0000000085700000, 0x0000000085600000| Untracked 
|  87|0x0000000085700000, 0x0000000085800000, 0x0000000085800000|100%| O|  |TAMS 0x0000000085800000, 0x0000000085700000| Untracked 
|  88|0x0000000085800000, 0x0000000085900000, 0x0000000085900000|100%| O|  |TAMS 0x0000000085900000, 0x0000000085800000| Untracked 
|  89|0x0000000085900000, 0x0000000085a00000, 0x0000000085a00000|100%| O|  |TAMS 0x0000000085a00000, 0x0000000085900000| Untracked 
|  90|0x0000000085a00000, 0x0000000085b00000, 0x0000000085b00000|100%| O|  |TAMS 0x0000000085b00000, 0x0000000085a00000| Untracked 
|  91|0x0000000085b00000, 0x0000000085c00000, 0x0000000085c00000|100%| O|  |TAMS 0x0000000085b00000, 0x0000000085b00000| Untracked 
|  92|0x0000000085c00000, 0x0000000085d00000, 0x0000000085d00000|100%| O|  |TAMS 0x0000000085c00000, 0x0000000085c00000| Untracked 
|  93|0x0000000085d00000, 0x0000000085e00000, 0x0000000085e00000|100%| O|  |TAMS 0x0000000085d00000, 0x0000000085d00000| Untracked 
|  94|0x0000000085e00000, 0x0000000085f00000, 0x0000000085f00000|100%| O|  |TAMS 0x0000000085e00000, 0x0000000085e00000| Untracked 
|  95|0x0000000085f00000, 0x0000000086000000, 0x0000000086000000|100%| O|  |TAMS 0x0000000085f00000, 0x0000000085f00000| Untracked 
|  96|0x0000000086000000, 0x0000000086100000, 0x0000000086100000|100%| O|  |TAMS 0x0000000086100000, 0x0000000086000000| Untracked 
|  97|0x0000000086100000, 0x0000000086200000, 0x0000000086200000|100%| O|  |TAMS 0x0000000086200000, 0x0000000086100000| Untracked 
|  98|0x0000000086200000, 0x0000000086300000, 0x0000000086300000|100%| O|  |TAMS 0x0000000086300000, 0x0000000086200000| Untracked 
|  99|0x0000000086300000, 0x0000000086400000, 0x0000000086400000|100%| O|  |TAMS 0x0000000086300000, 0x0000000086300000| Untracked 
| 100|0x0000000086400000, 0x0000000086500000, 0x0000000086500000|100%| O|  |TAMS 0x0000000086400000, 0x0000000086400000| Untracked 
| 101|0x0000000086500000, 0x0000000086600000, 0x0000000086600000|100%| O|  |TAMS 0x0000000086600000, 0x0000000086500000| Untracked 
| 102|0x0000000086600000, 0x0000000086700000, 0x0000000086700000|100%| O|  |TAMS 0x0000000086600000, 0x0000000086600000| Untracked 
| 103|0x0000000086700000, 0x0000000086800000, 0x0000000086800000|100%| O|  |TAMS 0x0000000086700000, 0x0000000086700000| Untracked 
| 104|0x0000000086800000, 0x0000000086900000, 0x0000000086900000|100%| O|  |TAMS 0x0000000086800000, 0x0000000086800000| Untracked 
| 105|0x0000000086900000, 0x0000000086a00000, 0x0000000086a00000|100%| O|  |TAMS 0x0000000086900000, 0x0000000086900000| Untracked 
| 106|0x0000000086a00000, 0x0000000086b00000, 0x0000000086b00000|100%| O|  |TAMS 0x0000000086a00000, 0x0000000086a00000| Untracked 
| 107|0x0000000086b00000, 0x0000000086c00000, 0x0000000086c00000|100%| O|  |TAMS 0x0000000086b00000, 0x0000000086b00000| Untracked 
| 108|0x0000000086c00000, 0x0000000086d00000, 0x0000000086d00000|100%| O|  |TAMS 0x0000000086c00000, 0x0000000086c00000| Untracked 
| 109|0x0000000086d00000, 0x0000000086e00000, 0x0000000086e00000|100%| O|  |TAMS 0x0000000086d00000, 0x0000000086d00000| Untracked 
| 110|0x0000000086e00000, 0x0000000086e74200, 0x0000000086f00000| 45%| O|  |TAMS 0x0000000086e00000, 0x0000000086e00000| Untracked 
| 111|0x0000000086f00000, 0x0000000086f00000, 0x0000000087000000|  0%| F|  |TAMS 0x0000000086f00000, 0x0000000086f00000| Untracked 
| 112|0x0000000087000000, 0x0000000087000000, 0x0000000087100000|  0%| F|  |TAMS 0x0000000087000000, 0x0000000087000000| Untracked 
| 113|0x0000000087100000, 0x0000000087100000, 0x0000000087200000|  0%| F|  |TAMS 0x0000000087100000, 0x0000000087100000| Untracked 
| 114|0x0000000087200000, 0x0000000087200000, 0x0000000087300000|  0%| F|  |TAMS 0x0000000087200000, 0x0000000087200000| Untracked 
| 115|0x0000000087300000, 0x0000000087300000, 0x0000000087400000|  0%| F|  |TAMS 0x0000000087300000, 0x0000000087300000| Untracked 
| 116|0x0000000087400000, 0x0000000087400000, 0x0000000087500000|  0%| F|  |TAMS 0x0000000087400000, 0x0000000087400000| Untracked 
| 117|0x0000000087500000, 0x0000000087500000, 0x0000000087600000|  0%| F|  |TAMS 0x0000000087500000, 0x0000000087500000| Untracked 
| 118|0x0000000087600000, 0x0000000087600000, 0x0000000087700000|  0%| F|  |TAMS 0x0000000087600000, 0x0000000087600000| Untracked 
| 119|0x0000000087700000, 0x0000000087700000, 0x0000000087800000|  0%| F|  |TAMS 0x0000000087700000, 0x0000000087700000| Untracked 
| 120|0x0000000087800000, 0x0000000087800000, 0x0000000087900000|  0%| F|  |TAMS 0x0000000087800000, 0x0000000087800000| Untracked 
| 121|0x0000000087900000, 0x0000000087900000, 0x0000000087a00000|  0%| F|  |TAMS 0x0000000087900000, 0x0000000087900000| Untracked 
| 122|0x0000000087a00000, 0x0000000087a00000, 0x0000000087b00000|  0%| F|  |TAMS 0x0000000087a00000, 0x0000000087a00000| Untracked 
| 123|0x0000000087b00000, 0x0000000087b00000, 0x0000000087c00000|  0%| F|  |TAMS 0x0000000087b00000, 0x0000000087b00000| Untracked 
| 124|0x0000000087c00000, 0x0000000087c00000, 0x0000000087d00000|  0%| F|  |TAMS 0x0000000087c00000, 0x0000000087c00000| Untracked 
| 125|0x0000000087d00000, 0x0000000087d00000, 0x0000000087e00000|  0%| F|  |TAMS 0x0000000087d00000, 0x0000000087d00000| Untracked 
| 126|0x0000000087e00000, 0x0000000087e00000, 0x0000000087f00000|  0%| F|  |TAMS 0x0000000087e00000, 0x0000000087e00000| Untracked 
| 127|0x0000000087f00000, 0x0000000087f00000, 0x0000000088000000|  0%| F|  |TAMS 0x0000000087f00000, 0x0000000087f00000| Untracked 
| 128|0x0000000088000000, 0x0000000088000000, 0x0000000088100000|  0%| F|  |TAMS 0x0000000088000000, 0x0000000088000000| Untracked 
| 129|0x0000000088100000, 0x0000000088100000, 0x0000000088200000|  0%| F|  |TAMS 0x0000000088100000, 0x0000000088100000| Untracked 
| 130|0x0000000088200000, 0x0000000088222690, 0x0000000088300000| 13%| S|CS|TAMS 0x0000000088200000, 0x0000000088200000| Complete 
| 131|0x0000000088300000, 0x0000000088300000, 0x0000000088400000|  0%| F|  |TAMS 0x0000000088300000, 0x0000000088300000| Untracked 
| 132|0x0000000088400000, 0x0000000088400000, 0x0000000088500000|  0%| F|  |TAMS 0x0000000088400000, 0x0000000088400000| Untracked 
| 133|0x0000000088500000, 0x0000000088500000, 0x0000000088600000|  0%| F|  |TAMS 0x0000000088500000, 0x0000000088500000| Untracked 
| 134|0x0000000088600000, 0x0000000088700000, 0x0000000088700000|100%| S|CS|TAMS 0x0000000088600000, 0x0000000088600000| Complete 
| 135|0x0000000088700000, 0x0000000088800000, 0x0000000088800000|100%| S|CS|TAMS 0x0000000088700000, 0x0000000088700000| Complete 
| 136|0x0000000088800000, 0x0000000088800000, 0x0000000088900000|  0%| F|  |TAMS 0x0000000088800000, 0x0000000088800000| Untracked 
| 137|0x0000000088900000, 0x0000000088900000, 0x0000000088a00000|  0%| F|  |TAMS 0x0000000088900000, 0x0000000088900000| Untracked 
| 138|0x0000000088a00000, 0x0000000088a9cdb0, 0x0000000088b00000| 61%| E|  |TAMS 0x0000000088a00000, 0x0000000088a00000| Complete 
| 139|0x0000000088b00000, 0x0000000088c00000, 0x0000000088c00000|100%| E|CS|TAMS 0x0000000088b00000, 0x0000000088b00000| Complete 
| 140|0x0000000088c00000, 0x0000000088d00000, 0x0000000088d00000|100%| E|CS|TAMS 0x0000000088c00000, 0x0000000088c00000| Complete 
| 141|0x0000000088d00000, 0x0000000088e00000, 0x0000000088e00000|100%| E|CS|TAMS 0x0000000088d00000, 0x0000000088d00000| Complete 
| 142|0x0000000088e00000, 0x0000000088f00000, 0x0000000088f00000|100%| E|CS|TAMS 0x0000000088e00000, 0x0000000088e00000| Complete 
| 143|0x0000000088f00000, 0x0000000089000000, 0x0000000089000000|100%| E|CS|TAMS 0x0000000088f00000, 0x0000000088f00000| Complete 
| 144|0x0000000089000000, 0x0000000089100000, 0x0000000089100000|100%| E|  |TAMS 0x0000000089000000, 0x0000000089000000| Complete 
| 145|0x0000000089100000, 0x0000000089200000, 0x0000000089200000|100%| E|CS|TAMS 0x0000000089100000, 0x0000000089100000| Complete 
| 146|0x0000000089200000, 0x0000000089300000, 0x0000000089300000|100%| E|CS|TAMS 0x0000000089200000, 0x0000000089200000| Complete 
| 147|0x0000000089300000, 0x0000000089400000, 0x0000000089400000|100%| E|CS|TAMS 0x0000000089300000, 0x0000000089300000| Complete 
| 148|0x0000000089400000, 0x0000000089500000, 0x0000000089500000|100%| E|CS|TAMS 0x0000000089400000, 0x0000000089400000| Complete 
| 149|0x0000000089500000, 0x0000000089600000, 0x0000000089600000|100%| E|CS|TAMS 0x0000000089500000, 0x0000000089500000| Complete 
| 150|0x0000000089600000, 0x0000000089700000, 0x0000000089700000|100%| E|CS|TAMS 0x0000000089600000, 0x0000000089600000| Complete 
| 151|0x0000000089700000, 0x0000000089800000, 0x0000000089800000|100%| E|CS|TAMS 0x0000000089700000, 0x0000000089700000| Complete 
| 152|0x0000000089800000, 0x0000000089900000, 0x0000000089900000|100%| E|CS|TAMS 0x0000000089800000, 0x0000000089800000| Complete 
| 153|0x0000000089900000, 0x0000000089a00000, 0x0000000089a00000|100%| E|CS|TAMS 0x0000000089900000, 0x0000000089900000| Complete 

Card table byte_map: [0x000001df46870000,0x000001df46c70000] _byte_map_base: 0x000001df46470000

Marking Bits (Prev, Next): (CMBitMap*) 0x000001df31bbfaf0, (CMBitMap*) 0x000001df31bbfab8
 Prev Bits: [0x000001df49070000, 0x000001df4b070000)
 Next Bits: [0x000001df47070000, 0x000001df49070000)

Polling page: 0x000001df31c50000

Metaspace:

Usage:
  Non-class:     83.18 MB capacity,    81.70 MB ( 98%) used,     1.22 MB (  1%) free+waste,   274.50 KB ( <1%) overhead. 
      Class:     12.88 MB capacity,    12.02 MB ( 93%) used,   760.74 KB (  6%) free+waste,   120.81 KB ( <1%) overhead. 
       Both:     96.06 MB capacity,    93.72 MB ( 98%) used,     1.96 MB (  2%) free+waste,   395.31 KB ( <1%) overhead. 

Virtual space:
  Non-class space:       84.00 MB reserved,      83.29 MB (>99%) committed 
      Class space:        1.00 GB reserved,      13.00 MB (  1%) committed 
             Both:        1.08 GB reserved,      96.29 MB (  9%) committed 

Chunk freelists:
   Non-Class:  41.00 KB
       Class:  0 bytes
        Both:  41.00 KB

MaxMetaspaceSize: 17179869184.00 GB
CompressedClassSpaceSize: 1.00 GB

CodeHeap 'non-profiled nmethods': size=120064Kb used=8485Kb max_used=8485Kb free=111578Kb
 bounds [0x000001df3e900000, 0x000001df3f150000, 0x000001df45e40000]
CodeHeap 'profiled nmethods': size=120000Kb used=29988Kb max_used=29988Kb free=90011Kb
 bounds [0x000001df373d0000, 0x000001df39120000, 0x000001df3e900000]
CodeHeap 'non-nmethods': size=5696Kb used=2304Kb max_used=2358Kb free=3391Kb
 bounds [0x000001df36e40000, 0x000001df370b0000, 0x000001df373d0000]
 total_blobs=14503 nmethods=13591 adapters=823
 compilation: enabled
              stopped_count=0, restarted_count=0
 full_count=0

Compilation events (20 events):
Event: 265.307 Thread 0x000001df4d6e6000 nmethod 13031 0x000001df3f132f10 code [0x000001df3f1330c0, 0x000001df3f133178]
Event: 265.308 Thread 0x000001df4d6e6000 13032       1       org.gradle.api.services.internal.DefaultBuildServicesRegistry$DefaultServiceRegistration::getService (5 bytes)
Event: 265.308 Thread 0x000001df4d6e6000 nmethod 13032 0x000001df3f133210 code [0x000001df3f1333c0, 0x000001df3f133478]
Event: 265.308 Thread 0x000001df4d6e6000 13033       3       com.google.common.collect.Iterators::forArray (51 bytes)
Event: 265.309 Thread 0x000001df4d6e6000 nmethod 13033 0x000001df39007410 code [0x000001df390076a0, 0x000001df390081f8]
Event: 265.309 Thread 0x000001df4d6e6000 13034       3       com.google.common.base.Preconditions::checkPositionIndexes (29 bytes)
Event: 265.310 Thread 0x000001df4d6e6000 nmethod 13034 0x000001df39008710 code [0x000001df390088e0, 0x000001df39008b78]
Event: 265.310 Thread 0x000001df4d6e6000 13036       3       com.android.build.api.component.impl.ComponentImpl::computeTaskName (24 bytes)
Event: 265.311 Thread 0x000001df4d6e6000 nmethod 13036 0x000001df39008c90 code [0x000001df39008f40, 0x000001df39009a58]
Event: 265.311 Thread 0x000001df4d6e6000 13035       1       com.android.build.api.component.impl.ComponentImpl::getVariantData (5 bytes)
Event: 265.311 Thread 0x000001df4d6e6000 nmethod 13035 0x000001df3f133510 code [0x000001df3f1336c0, 0x000001df3f133778]
Event: 265.311 Thread 0x000001df4d6e6000 13037       3       org.gradle.model.internal.registry.DefaultModelRegistry::state (22 bytes)
Event: 265.312 Thread 0x000001df4d6e6000 nmethod 13037 0x000001df39009e90 code [0x000001df3900a080, 0x000001df3900a4b8]
Event: 265.312 Thread 0x000001df4d6e6000 13041  s    3       org.gradle.model.internal.core.ModelPath$Cache::get (39 bytes)
Event: 265.313 Thread 0x000001df4d6e6000 nmethod 13041 0x000001df3900a610 code [0x000001df3900a840, 0x000001df3900b0b8]
Event: 265.313 Thread 0x000001df4d6e6000 13038       3       org.gradle.model.internal.core.ModelPath::compareTo (9 bytes)
Event: 265.313 Thread 0x000001df4d6e6000 nmethod 13038 0x000001df3900b310 code [0x000001df3900b4e0, 0x000001df3900b828]
Event: 265.313 Thread 0x000001df4d6e6000 13039       3       org.gradle.api.internal.project.taskfactory.TaskIdentity::<init> (38 bytes)
Event: 265.313 Thread 0x000001df4d6e6000 nmethod 13039 0x000001df3900b990 code [0x000001df3900bb60, 0x000001df3900be98]
Event: 265.313 Thread 0x000001df4d6e6000 13040       3       org.gradle.api.internal.tasks.DefaultTaskCollection::hasWithName (65 bytes)

GC Heap History (20 events):
Event: 150.842 GC heap before
{Heap before GC invocations=50 (full 0):
 garbage-first heap   total 131072K, used 111992K [0x0000000080000000, 0x0000000100000000)
  region size 1024K, 14 young (14336K), 1 survivors (1024K)
 Metaspace       used 94099K, capacity 96331K, committed 96548K, reserved 1132544K
  class space    used 12153K, capacity 13022K, committed 13056K, reserved 1048576K
}
Event: 150.850 GC heap after
{Heap after GC invocations=51 (full 0):
 garbage-first heap   total 131072K, used 101872K [0x0000000080000000, 0x0000000100000000)
  region size 1024K, 2 young (2048K), 2 survivors (2048K)
 Metaspace       used 94099K, capacity 96331K, committed 96548K, reserved 1132544K
  class space    used 12153K, capacity 13022K, committed 13056K, reserved 1048576K
}
Event: 151.514 GC heap before
{Heap before GC invocations=52 (full 0):
 garbage-first heap   total 131072K, used 113136K [0x0000000080000000, 0x0000000100000000)
  region size 1024K, 13 young (13312K), 2 survivors (2048K)
 Metaspace       used 94099K, capacity 96331K, committed 96548K, reserved 1132544K
  class space    used 12153K, capacity 13022K, committed 13056K, reserved 1048576K
}
Event: 151.521 GC heap after
{Heap after GC invocations=53 (full 0):
 garbage-first heap   total 131072K, used 102999K [0x0000000080000000, 0x0000000100000000)
  region size 1024K, 2 young (2048K), 2 survivors (2048K)
 Metaspace       used 94099K, capacity 96331K, committed 96548K, reserved 1132544K
  class space    used 12153K, capacity 13022K, committed 13056K, reserved 1048576K
}
Event: 151.724 GC heap before
{Heap before GC invocations=53 (full 0):
 garbage-first heap   total 131072K, used 107095K [0x0000000080000000, 0x0000000100000000)
  region size 1024K, 6 young (6144K), 2 survivors (2048K)
 Metaspace       used 94102K, capacity 96332K, committed 96548K, reserved 1132544K
  class space    used 12153K, capacity 13022K, committed 13056K, reserved 1048576K
}
Event: 151.735 GC heap after
{Heap after GC invocations=54 (full 0):
 garbage-first heap   total 131072K, used 100956K [0x0000000080000000, 0x0000000100000000)
  region size 1024K, 1 young (1024K), 1 survivors (1024K)
 Metaspace       used 94102K, capacity 96332K, committed 96548K, reserved 1132544K
  class space    used 12153K, capacity 13022K, committed 13056K, reserved 1048576K
}
Event: 152.356 GC heap before
{Heap before GC invocations=54 (full 0):
 garbage-first heap   total 131072K, used 111196K [0x0000000080000000, 0x0000000100000000)
  region size 1024K, 12 young (12288K), 1 survivors (1024K)
 Metaspace       used 94107K, capacity 96333K, committed 96548K, reserved 1132544K
  class space    used 12153K, capacity 13022K, committed 13056K, reserved 1048576K
}
Event: 152.364 GC heap after
{Heap after GC invocations=55 (full 0):
 garbage-first heap   total 131072K, used 102527K [0x0000000080000000, 0x0000000100000000)
  region size 1024K, 2 young (2048K), 2 survivors (2048K)
 Metaspace       used 94107K, capacity 96333K, committed 96548K, reserved 1132544K
  class space    used 12153K, capacity 13022K, committed 13056K, reserved 1048576K
}
Event: 152.917 GC heap before
{Heap before GC invocations=56 (full 0):
 garbage-first heap   total 131072K, used 110719K [0x0000000080000000, 0x0000000100000000)
  region size 1024K, 11 young (11264K), 2 survivors (2048K)
 Metaspace       used 94130K, capacity 96403K, committed 96548K, reserved 1132544K
  class space    used 12154K, capacity 13023K, committed 13056K, reserved 1048576K
}
Event: 152.926 GC heap after
{Heap after GC invocations=57 (full 0):
 garbage-first heap   total 131072K, used 103502K [0x0000000080000000, 0x0000000100000000)
  region size 1024K, 2 young (2048K), 2 survivors (2048K)
 Metaspace       used 94130K, capacity 96403K, committed 96548K, reserved 1132544K
  class space    used 12154K, capacity 13023K, committed 13056K, reserved 1048576K
}
Event: 153.125 GC heap before
{Heap before GC invocations=57 (full 0):
 garbage-first heap   total 131072K, used 106574K [0x0000000080000000, 0x0000000100000000)
  region size 1024K, 6 young (6144K), 2 survivors (2048K)
 Metaspace       used 94132K, capacity 96403K, committed 96548K, reserved 1132544K
  class space    used 12154K, capacity 13023K, committed 13056K, reserved 1048576K
}
Event: 153.142 GC heap after
{Heap after GC invocations=58 (full 0):
 garbage-first heap   total 157696K, used 101995K [0x0000000080000000, 0x0000000100000000)
  region size 1024K, 1 young (1024K), 1 survivors (1024K)
 Metaspace       used 94132K, capacity 96403K, committed 96548K, reserved 1132544K
  class space    used 12154K, capacity 13023K, committed 13056K, reserved 1048576K
}
Event: 155.748 GC heap before
{Heap before GC invocations=58 (full 0):
 garbage-first heap   total 157696K, used 121451K [0x0000000080000000, 0x0000000100000000)
  region size 1024K, 21 young (21504K), 1 survivors (1024K)
 Metaspace       used 94146K, capacity 96403K, committed 96548K, reserved 1132544K
  class space    used 12154K, capacity 13023K, committed 13056K, reserved 1048576K
}
Event: 155.757 GC heap after
{Heap after GC invocations=59 (full 0):
 garbage-first heap   total 157696K, used 104065K [0x0000000080000000, 0x0000000100000000)
  region size 1024K, 3 young (3072K), 3 survivors (3072K)
 Metaspace       used 94146K, capacity 96403K, committed 96548K, reserved 1132544K
  class space    used 12154K, capacity 13023K, committed 13056K, reserved 1048576K
}
Event: 160.396 GC heap before
{Heap before GC invocations=59 (full 0):
 garbage-first heap   total 157696K, used 123521K [0x0000000080000000, 0x0000000100000000)
  region size 1024K, 23 young (23552K), 3 survivors (3072K)
 Metaspace       used 94368K, capacity 96629K, committed 96804K, reserved 1132544K
  class space    used 12180K, capacity 13034K, committed 13056K, reserved 1048576K
}
Event: 160.404 GC heap after
{Heap after GC invocations=60 (full 0):
 garbage-first heap   total 157696K, used 105483K [0x0000000080000000, 0x0000000100000000)
  region size 1024K, 3 young (3072K), 3 survivors (3072K)
 Metaspace       used 94368K, capacity 96629K, committed 96804K, reserved 1132544K
  class space    used 12180K, capacity 13034K, committed 13056K, reserved 1048576K
}
Event: 253.635 GC heap before
{Heap before GC invocations=60 (full 0):
 garbage-first heap   total 157696K, used 125963K [0x0000000080000000, 0x0000000100000000)
  region size 1024K, 23 young (23552K), 3 survivors (3072K)
 Metaspace       used 95305K, capacity 97664K, committed 97700K, reserved 1134592K
  class space    used 12297K, capacity 13171K, committed 13184K, reserved 1048576K
}
Event: 253.645 GC heap after
{Heap after GC invocations=61 (full 0):
 garbage-first heap   total 157696K, used 107914K [0x0000000080000000, 0x0000000100000000)
  region size 1024K, 3 young (3072K), 3 survivors (3072K)
 Metaspace       used 95305K, capacity 97664K, committed 97700K, reserved 1134592K
  class space    used 12297K, capacity 13171K, committed 13184K, reserved 1048576K
}
Event: 265.283 GC heap before
{Heap before GC invocations=61 (full 0):
 garbage-first heap   total 157696K, used 127370K [0x0000000080000000, 0x0000000100000000)
  region size 1024K, 23 young (23552K), 3 survivors (3072K)
 Metaspace       used 95557K, capacity 97907K, committed 97956K, reserved 1134592K
  class space    used 12299K, capacity 13175K, committed 13184K, reserved 1048576K
}
Event: 265.292 GC heap after
{Heap after GC invocations=62 (full 0):
 garbage-first heap   total 157696K, used 109151K [0x0000000080000000, 0x0000000100000000)
  region size 1024K, 2 young (2048K), 2 survivors (2048K)
 Metaspace       used 95557K, capacity 97907K, committed 97956K, reserved 1134592K
  class space    used 12299K, capacity 13175K, committed 13184K, reserved 1048576K
}

Deoptimization events (20 events):
Event: 252.802 Thread 0x000001df52708800 DEOPT PACKING pc=0x000001df378b9279 sp=0x00000045112fb6f0
Event: 252.802 Thread 0x000001df52708800 DEOPT UNPACKING pc=0x000001df36e66dde sp=0x00000045112fabb8 mode 0
Event: 252.981 Thread 0x000001df52708800 Uncommon trap: trap_request=0xffffffde fr.pc=0x000001df3ef5accc relative=0x00000000000009ec
Event: 252.981 Thread 0x000001df52708800 Uncommon trap: reason=class_check action=maybe_recompile pc=0x000001df3ef5accc method=org.gradle.cache.internal.LockOnDemandCrossProcessCacheAccess.incrementLockCount()V @ 97 c2
Event: 252.981 Thread 0x000001df52708800 DEOPT PACKING pc=0x000001df3ef5accc sp=0x00000045112f72a0
Event: 252.981 Thread 0x000001df52708800 DEOPT UNPACKING pc=0x000001df36e6662f sp=0x00000045112f7280 mode 2
Event: 264.684 Thread 0x000001df52708800 Uncommon trap: trap_request=0xffffffc6 fr.pc=0x000001df3f0c6c9c relative=0x00000000000006fc
Event: 264.684 Thread 0x000001df52708800 Uncommon trap: reason=bimorphic_or_optimized_type_check action=maybe_recompile pc=0x000001df3f0c6c9c method=org.gradle.api.internal.file.AbstractOpaqueFileCollection.iterator()Ljava/util/Iterator; @ 4 c2
Event: 264.684 Thread 0x000001df52708800 DEOPT PACKING pc=0x000001df3f0c6c9c sp=0x00000045112fa100
Event: 264.684 Thread 0x000001df52708800 DEOPT UNPACKING pc=0x000001df36e6662f sp=0x00000045112fa0c8 mode 2
Event: 264.686 Thread 0x000001df52708800 Uncommon trap: trap_request=0xffffffd6 fr.pc=0x000001df3f0c0ed4 relative=0x0000000000000b14
Event: 264.686 Thread 0x000001df52708800 Uncommon trap: reason=array_check action=maybe_recompile pc=0x000001df3f0c0ed4 method=com.google.common.collect.RegularImmutableMap.fromEntryArray(I[Ljava/util/Map$Entry;)Lcom/google/common/collect/ImmutableMap; @ 157 c2
Event: 264.686 Thread 0x000001df52708800 DEOPT PACKING pc=0x000001df3f0c0ed4 sp=0x00000045112fa010
Event: 264.686 Thread 0x000001df52708800 DEOPT UNPACKING pc=0x000001df36e6662f sp=0x00000045112f9fc0 mode 2
Event: 264.693 Thread 0x000001df52703800 Uncommon trap: trap_request=0xffffff4d fr.pc=0x000001df3f0e8e6c relative=0x00000000000063cc
Event: 264.693 Thread 0x000001df52703800 Uncommon trap: reason=unstable_if action=reinterpret pc=0x000001df3f0e8e6c method=java.io.ObjectOutputStream.writeOrdinaryObject(Ljava/lang/Object;Ljava/io/ObjectStreamClass;Z)V @ 113 c2
Event: 264.693 Thread 0x000001df52703800 DEOPT PACKING pc=0x000001df3f0e8e6c sp=0x00000045116fd830
Event: 264.693 Thread 0x000001df52703800 DEOPT UNPACKING pc=0x000001df36e6662f sp=0x00000045116fd830 mode 2
Event: 265.137 Thread 0x000001df52708800 DEOPT PACKING pc=0x000001df381e1445 sp=0x00000045112f7b80
Event: 265.137 Thread 0x000001df52708800 DEOPT UNPACKING pc=0x000001df36e66dde sp=0x00000045112f70a0 mode 0

Classes redefined (0 events):
No events

Internal exceptions (20 events):
Event: 149.308 Thread 0x000001df52706000 Exception <a 'java/lang/NoSuchMethodError'{0x000000008782bc30}: 'void java.lang.invoke.DirectMethodHandle$Holder.invokeStatic(java.lang.Object, java.lang.Object, java.lang.Object, java.lang.Object, java.lang.Object, java.lang.Object, java.lang.Object)'> (0x000000008782bc30) thrown at [./src/hotspot/share/interpreter/linkResolver.cpp, line 773]
Event: 149.319 Thread 0x000001df4f926800 Exception <a 'java/lang/NoSuchMethodError'{0x000000008760d620}: <clinit>> (0x000000008760d620) thrown at [./src/hotspot/share/prims/jni.cpp, line 1362]
Event: 149.322 Thread 0x000001df4f926800 Exception <a 'java/lang/NoSuchMethodError'{0x0000000087669918}: <clinit>> (0x0000000087669918) thrown at [./src/hotspot/share/prims/jni.cpp, line 1362]
Event: 149.324 Thread 0x000001df4f926800 Exception <a 'java/lang/NoSuchMethodError'{0x00000000876a68f0}: <clinit>> (0x00000000876a68f0) thrown at [./src/hotspot/share/prims/jni.cpp, line 1362]
Event: 160.142 Thread 0x000001df4e576800 Exception <a 'sun/nio/fs/WindowsException'{0x00000000886a8df8}> (0x00000000886a8df8) thrown at [./src/hotspot/share/prims/jni.cpp, line 615]
Event: 160.142 Thread 0x000001df4e576800 Exception <a 'sun/nio/fs/WindowsException'{0x00000000886a91c8}> (0x00000000886a91c8) thrown at [./src/hotspot/share/prims/jni.cpp, line 615]
Event: 160.143 Thread 0x000001df4e576800 Exception <a 'sun/nio/fs/WindowsException'{0x00000000886be070}> (0x00000000886be070) thrown at [./src/hotspot/share/prims/jni.cpp, line 615]
Event: 160.501 Thread 0x000001df4e576800 Implicit null exception at 0x000001df3f0794cc to 0x000001df3f07ab38
Event: 160.551 Thread 0x000001df4e576800 Exception <a 'java/lang/NoSuchMethodError'{0x00000000897db790}: 'int java.lang.invoke.DirectMethodHandle$Holder.invokeVirtual(java.lang.Object, java.lang.Object, java.lang.Object)'> (0x00000000897db790) thrown at [./src/hotspot/share/interpreter/linkResolver.cpp, line 773]
Event: 160.797 Thread 0x000001df4e576800 Implicit null exception at 0x000001df3ef7a52f to 0x000001df3ef7a57c
Event: 160.883 Thread 0x000001df4e37e000 Exception <a 'java/lang/NoSuchMethodError'{0x00000000893e24a0}: <clinit>> (0x00000000893e24a0) thrown at [./src/hotspot/share/prims/jni.cpp, line 1362]
Event: 160.885 Thread 0x000001df4e37e000 Exception <a 'java/lang/NoSuchMethodError'{0x00000000893f3700}: <clinit>> (0x00000000893f3700) thrown at [./src/hotspot/share/prims/jni.cpp, line 1362]
Event: 160.885 Thread 0x000001df4e37e000 Exception <a 'java/lang/NoSuchMethodError'{0x00000000893f4de8}: <clinit>> (0x00000000893f4de8) thrown at [./src/hotspot/share/prims/jni.cpp, line 1362]
Event: 160.887 Thread 0x000001df4e37e000 Exception <a 'java/lang/NoSuchMethodError'{0x0000000089207600}: <clinit>> (0x0000000089207600) thrown at [./src/hotspot/share/prims/jni.cpp, line 1362]
Event: 160.888 Thread 0x000001df4e37e000 Exception <a 'java/lang/NoSuchMethodError'{0x0000000089213cc0}: <clinit>> (0x0000000089213cc0) thrown at [./src/hotspot/share/prims/jni.cpp, line 1362]
Event: 162.587 Thread 0x000001df4e3e3800 Implicit null exception at 0x000001df3e932ff4 to 0x000001df3e933508
Event: 162.588 Thread 0x000001df4e3e3800 Implicit null exception at 0x000001df3ed04d94 to 0x000001df3ed05368
Event: 252.759 Thread 0x000001df52708800 Implicit null exception at 0x000001df3f06c6c5 to 0x000001df3f06c9b0
Event: 252.759 Thread 0x000001df52708800 Implicit null exception at 0x000001df3ee98edf to 0x000001df3ee999a8
Event: 265.001 Thread 0x000001df52708800 Exception <a 'sun/nio/fs/WindowsException'{0x0000000088b775e8}> (0x0000000088b775e8) thrown at [./src/hotspot/share/prims/jni.cpp, line 615]

Events (20 events):
Event: 264.846 Executing VM operation: RevokeBias done
Event: 265.057 Executing VM operation: RevokeBias
Event: 265.057 Executing VM operation: RevokeBias done
Event: 265.057 Executing VM operation: RevokeBias
Event: 265.057 Executing VM operation: RevokeBias done
Event: 265.057 Executing VM operation: RevokeBias
Event: 265.057 Executing VM operation: RevokeBias done
Event: 265.060 Thread 0x000001df54a91800 Thread added: 0x000001df54a91800
Event: 265.063 Executing VM operation: RevokeBias
Event: 265.064 Executing VM operation: RevokeBias done
Event: 265.065 Executing VM operation: RevokeBias
Event: 265.066 Executing VM operation: RevokeBias done
Event: 265.249 Executing VM operation: RevokeBias
Event: 265.249 Executing VM operation: RevokeBias done
Event: 265.249 Executing VM operation: RevokeBias
Event: 265.249 Executing VM operation: RevokeBias done
Event: 265.278 Executing VM operation: RevokeBias
Event: 265.278 Executing VM operation: RevokeBias done
Event: 265.283 Executing VM operation: G1CollectForAllocation
Event: 265.292 Executing VM operation: G1CollectForAllocation done


Dynamic libraries:
0x00007ff70b2e0000 - 0x00007ff70b2ea000 	C:\Program Files\Android\Android Studio New\jre\bin\java.exe
0x00007ffbc5380000 - 0x00007ffbc5570000 	C:\WINDOWS\SYSTEM32\ntdll.dll
0x00007ffbc3690000 - 0x00007ffbc3742000 	C:\WINDOWS\System32\KERNEL32.DLL
0x00007ffbc2490000 - 0x00007ffbc2735000 	C:\WINDOWS\System32\KERNELBASE.dll
0x00007ffbc2a60000 - 0x00007ffbc2b5a000 	C:\WINDOWS\System32\ucrtbase.dll
0x00007ffbb7060000 - 0x00007ffbb7079000 	C:\Program Files\Android\Android Studio New\jre\bin\jli.dll
0x00007ffbb91b0000 - 0x00007ffbb91c7000 	C:\Program Files\Android\Android Studio New\jre\bin\VCRUNTIME140.dll
0x00007ffbc51a0000 - 0x00007ffbc5334000 	C:\WINDOWS\System32\USER32.dll
0x00007ffbc2a30000 - 0x00007ffbc2a51000 	C:\WINDOWS\System32\win32u.dll
0x00007ffba7b80000 - 0x00007ffba7e04000 	C:\WINDOWS\WinSxS\amd64_microsoft.windows.common-controls_6595b64144ccf1df_6.0.18362.1256_none_9e7e379be45e40e2\COMCTL32.dll
0x00007ffbc4fb0000 - 0x00007ffbc4fd6000 	C:\WINDOWS\System32\GDI32.dll
0x00007ffbc5100000 - 0x00007ffbc519e000 	C:\WINDOWS\System32\msvcrt.dll
0x00007ffbc22f0000 - 0x00007ffbc2486000 	C:\WINDOWS\System32\gdi32full.dll
0x00007ffbc2770000 - 0x00007ffbc280e000 	C:\WINDOWS\System32\msvcp_win.dll
0x00007ffbc4550000 - 0x00007ffbc4886000 	C:\WINDOWS\System32\combase.dll
0x00007ffbc4fe0000 - 0x00007ffbc5100000 	C:\WINDOWS\System32\RPCRT4.dll
0x00007ffbc2b60000 - 0x00007ffbc2be1000 	C:\WINDOWS\System32\bcryptPrimitives.dll
0x00007ffbc3750000 - 0x00007ffbc377e000 	C:\WINDOWS\System32\IMM32.DLL
0x00007ffb88a10000 - 0x00007ffb88aad000 	C:\Program Files\Android\Android Studio New\jre\bin\msvcp140.dll
0x00007ffb57710000 - 0x00007ffb581e5000 	C:\Program Files\Android\Android Studio New\jre\bin\server\jvm.dll
0x00007ffbc44a0000 - 0x00007ffbc4543000 	C:\WINDOWS\System32\ADVAPI32.dll
0x00007ffbc3440000 - 0x00007ffbc34d7000 	C:\WINDOWS\System32\sechost.dll
0x00007ffbc3430000 - 0x00007ffbc3438000 	C:\WINDOWS\System32\PSAPI.DLL
0x00007ffbbbf00000 - 0x00007ffbbbf24000 	C:\WINDOWS\SYSTEM32\WINMM.dll
0x00007ffbbad50000 - 0x00007ffbbad59000 	C:\WINDOWS\SYSTEM32\WSOCK32.dll
0x00007ffbb9280000 - 0x00007ffbb928a000 	C:\WINDOWS\SYSTEM32\VERSION.dll
0x00007ffbc3c20000 - 0x00007ffbc3c8f000 	C:\WINDOWS\System32\WS2_32.dll
0x00007ffbbbed0000 - 0x00007ffbbbefd000 	C:\WINDOWS\SYSTEM32\WINMMBASE.dll
0x00007ffbc33e0000 - 0x00007ffbc342a000 	C:\WINDOWS\System32\cfgmgr32.dll
0x00007ffbc2250000 - 0x00007ffbc2261000 	C:\WINDOWS\System32\kernel.appcore.dll
0x00007ffb90130000 - 0x00007ffb90141000 	C:\Program Files\Android\Android Studio New\jre\bin\verify.dll
0x00007ffbc0950000 - 0x00007ffbc0b44000 	C:\WINDOWS\SYSTEM32\DBGHELP.DLL
0x00007ffbb7500000 - 0x00007ffbb752a000 	C:\WINDOWS\SYSTEM32\dbgcore.DLL
0x00007ffb8ffe0000 - 0x00007ffb90009000 	C:\Program Files\Android\Android Studio New\jre\bin\java.dll
0x00007ffba81d0000 - 0x00007ffba81db000 	C:\Program Files\Android\Android Studio New\jre\bin\jimage.dll
0x00007ffb90110000 - 0x00007ffb90128000 	C:\Program Files\Android\Android Studio New\jre\bin\zip.dll
0x00007ffbc3db0000 - 0x00007ffbc4497000 	C:\WINDOWS\System32\SHELL32.dll
0x00007ffbc3780000 - 0x00007ffbc3829000 	C:\WINDOWS\System32\shcore.dll
0x00007ffbc2c50000 - 0x00007ffbc33d1000 	C:\WINDOWS\System32\windows.storage.dll
0x00007ffbc22c0000 - 0x00007ffbc22e3000 	C:\WINDOWS\System32\profapi.dll
0x00007ffbc2270000 - 0x00007ffbc22ba000 	C:\WINDOWS\System32\powrprof.dll
0x00007ffbc2220000 - 0x00007ffbc2230000 	C:\WINDOWS\System32\UMPDC.dll
0x00007ffbc3980000 - 0x00007ffbc39d2000 	C:\WINDOWS\System32\shlwapi.dll
0x00007ffbc2810000 - 0x00007ffbc2827000 	C:\WINDOWS\System32\cryptsp.dll
0x00007ffb8f330000 - 0x00007ffb8f34a000 	C:\Program Files\Android\Android Studio New\jre\bin\net.dll
0x00007ffbb56e0000 - 0x00007ffbb57d0000 	C:\WINDOWS\SYSTEM32\WINHTTP.dll
0x00007ffbc1a10000 - 0x00007ffbc1a77000 	C:\WINDOWS\system32\mswsock.dll
0x00007ffb8dca0000 - 0x00007ffb8dcb4000 	C:\Program Files\Android\Android Studio New\jre\bin\nio.dll
0x00007ffbb71a0000 - 0x00007ffbb71c7000 	C:\Users\JOHN BATISTA\.gradle\native\e1d6ef7f7dcc3fd88c89a11ec53ec762bb8ba0a96d01ffa2cd45eb1d1d8dd5c5\windows-amd64\native-platform.dll
0x00007ffb92350000 - 0x00007ffb92494000 	C:\Users\JOHN BATISTA\.gradle\native\5664cfc778a61ccfe75a443a1ab52a65af34e5dc3c78e0209fed803814484fcb\windows-amd64\native-platform-file-events.dll
0x00007ffba3980000 - 0x00007ffba398a000 	C:\Program Files\Android\Android Studio New\jre\bin\management.dll
0x00007ffb9ded0000 - 0x00007ffb9dedd000 	C:\Program Files\Android\Android Studio New\jre\bin\management_ext.dll
0x00007ffbc1580000 - 0x00007ffbc15b3000 	C:\WINDOWS\system32\rsaenh.dll
0x00007ffbc2740000 - 0x00007ffbc2766000 	C:\WINDOWS\System32\bcrypt.dll
0x00007ffbc2140000 - 0x00007ffbc2165000 	C:\WINDOWS\SYSTEM32\USERENV.dll
0x00007ffbc1be0000 - 0x00007ffbc1bec000 	C:\WINDOWS\SYSTEM32\CRYPTBASE.dll
0x00007ffbc1720000 - 0x00007ffbc175a000 	C:\WINDOWS\SYSTEM32\IPHLPAPI.DLL
0x00007ffbc3970000 - 0x00007ffbc3978000 	C:\WINDOWS\System32\NSI.dll
0x00007ffbb7780000 - 0x00007ffbb7796000 	C:\WINDOWS\SYSTEM32\dhcpcsvc6.DLL
0x00007ffbb7760000 - 0x00007ffbb777c000 	C:\WINDOWS\SYSTEM32\dhcpcsvc.DLL
0x00007ffbc1770000 - 0x00007ffbc183b000 	C:\WINDOWS\SYSTEM32\DNSAPI.dll
0x00007ffba7660000 - 0x00007ffba767e000 	C:\Users\JOHN BATISTA\AppData\Local\Temp\native-platform18269830161011258408dir\native-platform.dll
0x00007ffbbad90000 - 0x00007ffbbada6000 	C:\WINDOWS\system32\napinsp.dll
0x00007ffbbad70000 - 0x00007ffbbad8a000 	C:\WINDOWS\system32\pnrpnsp.dll
0x00007ffbbae80000 - 0x00007ffbbae8e000 	C:\WINDOWS\System32\winrnr.dll
0x00007ffbbad30000 - 0x00007ffbbad4c000 	C:\WINDOWS\system32\NLAapi.dll
0x00007ffbba3c0000 - 0x00007ffbba3d5000 	C:\WINDOWS\system32\wshbth.dll
0x00007ffbb73d0000 - 0x00007ffbb73da000 	C:\Windows\System32\rasadhlp.dll
0x00007ffbb6460000 - 0x00007ffbb64d7000 	C:\WINDOWS\System32\fwpuclnt.dll

dbghelp: loaded successfully - version: 4.0.5 - missing functions: none
symbol engine: initialized successfully - sym options: 0x614 - pdb path: .;C:\Program Files\Android\Android Studio New\jre\bin;C:\WINDOWS\SYSTEM32;C:\WINDOWS\WinSxS\amd64_microsoft.windows.common-controls_6595b64144ccf1df_6.0.18362.1256_none_9e7e379be45e40e2;C:\Program Files\Android\Android Studio New\jre\bin\server;C:\Users\JOHN BATISTA\.gradle\native\e1d6ef7f7dcc3fd88c89a11ec53ec762bb8ba0a96d01ffa2cd45eb1d1d8dd5c5\windows-amd64;C:\Users\JOHN BATISTA\.gradle\native\5664cfc778a61ccfe75a443a1ab52a65af34e5dc3c78e0209fed803814484fcb\windows-amd64;C:\Users\JOHN BATISTA\AppData\Local\Temp\native-platform18269830161011258408dir

VM Arguments:
jvm_args: --add-opens=java.base/java.util=ALL-UNNAMED --add-opens=java.base/java.lang=ALL-UNNAMED --add-opens=java.base/java.lang.invoke=ALL-UNNAMED --add-opens=java.base/java.util=ALL-UNNAMED --add-opens=java.prefs/java.util.prefs=ALL-UNNAMED --add-opens=java.prefs/java.util.prefs=ALL-UNNAMED --add-opens=java.base/java.nio.charset=ALL-UNNAMED --add-opens=java.base/java.net=ALL-UNNAMED --add-opens=java.base/java.util.concurrent.atomic=ALL-UNNAMED -Xmx2048m -Dfile.encoding=UTF-8 -Duser.country=US -Duser.language=en -Duser.variant 
java_command: org.gradle.launcher.daemon.bootstrap.GradleDaemon 7.2
java_class_path (initial): C:\Users\JOHN BATISTA\.gradle\wrapper\dists\gradle-7.2-bin\2dnblmf4td7x66yl1d74lt32g\gradle-7.2\lib\gradle-launcher-7.2.jar
Launcher Type: SUN_STANDARD

[Global flags]
     intx CICompilerCount                          = 3                                         {product} {ergonomic}
     uint ConcGCThreads                            = 1                                         {product} {ergonomic}
     uint G1ConcRefinementThreads                  = 4                                         {product} {ergonomic}
   size_t G1HeapRegionSize                         = 1048576                                   {product} {ergonomic}
    uintx GCDrainStackTargetSize                   = 64                                        {product} {ergonomic}
   size_t InitialHeapSize                          = 134217728                                 {product} {ergonomic}
   size_t MarkStackSize                            = 4194304                                   {product} {ergonomic}
   size_t MaxHeapSize                              = 2147483648                                {product} {command line}
   size_t MaxNewSize                               = 1287651328                                {product} {ergonomic}
   size_t MinHeapDeltaBytes                        = 1048576                                   {product} {ergonomic}
    uintx NonNMethodCodeHeapSize                   = 5830732                                {pd product} {ergonomic}
    uintx NonProfiledCodeHeapSize                  = 122913754                              {pd product} {ergonomic}
    uintx ProfiledCodeHeapSize                     = 122913754                              {pd product} {ergonomic}
    uintx ReservedCodeCacheSize                    = 251658240                              {pd product} {ergonomic}
     bool SegmentedCodeCache                       = true                                      {product} {ergonomic}
     bool UseCompressedClassPointers               = true                                 {lp64_product} {ergonomic}
     bool UseCompressedOops                        = true                                 {lp64_product} {ergonomic}
     bool UseG1GC                                  = true                                      {product} {ergonomic}
     bool UseLargePagesIndividualAllocation        = false                                  {pd product} {ergonomic}

Logging:
Log output configuration:
 #0: stdout all=warning uptime,level,tags
 #1: stderr all=off uptime,level,tags

Environment Variables:
JAVA_HOME=C:\Program Files\Java\jdk-15.0.1
PATH=C:\Program Files\Java\jdk-15.0.1\bin;C:\Program Files\Git\cmd;C:\Program Files\PuTTY\;C:\Program Files\MATLAB\R2013a\runtime\win64;C:\Program Files\MATLAB\R2013a\bin;C:\Program Files\Microsoft VS Code\bin;C:\nodejs\;C:\Users\JOHN BATISTA\AppData\Local\Programs\Python\Python310\Scripts;C:\Users\JOHN BATISTA\AppData\Local\Programs\Python\Python310\Scripts\;C:\Users\JOHN BATISTA\AppData\Local\Programs\Python\Python310\;C:\Users\JOHN BATISTA\AppData\Roaming\npm;
USERNAME=JOHN BATISTA
OS=Windows_NT
PROCESSOR_IDENTIFIER=Intel64 Family 6 Model 142 Stepping 9, GenuineIntel



---------------  S Y S T E M  ---------------

OS: Windows 10 , 64 bit Build 18362 (10.0.18362.1110)
OS uptime: 2 days 23:23 hours

CPU:total 4 (initial active 4) (2 cores per cpu, 2 threads per core) family 6 model 142 stepping 9 microcode 0x8e, cmov, cx8, fxsr, mmx, sse, sse2, sse3, ssse3, sse4.1, sse4.2, popcnt, avx, avx2, aes, clmul, erms, 3dnowpref, lzcnt, ht, tsc, tscinvbit, bmi1, bmi2, adx, fma

Memory: 4k page, system-wide physical 8107M (547M free)
TotalPageFile size 20395M (AvailPageFile size 5M)
current process WorkingSet (physical memory assigned to process): 419M, peak: 420M
current process commit charge ("private bytes"): 452M, peak: 452M

vm_info: OpenJDK 64-Bit Server VM (11.0.11+9-b60-7590822) for windows-amd64 JRE (11.0.11+9-b60-7590822), built on Jul 29 2021 21:43:44 by "builder" with MS VC++ 14.0 (VS2015)

END.
