#
# There is insufficient memory for the Java Runtime Environment to continue.
# Native memory allocation (mmap) failed to map 75497472 bytes for Failed to commit area from 0x000000008f100000 to 0x0000000093900000 of length 75497472.
# Possible reasons:
#   The system is out of physical RAM or swap space
#   The process is running with CompressedOops enabled, and the Java Heap may be blocking the growth of the native heap
# Possible solutions:
#   Reduce memory load on the system
#   Increase physical memory or swap space
#   Check if swap backing store is full
#   Decrease Java heap size (-Xmx/-Xms)
#   Decrease number of Java threads
#   Decrease Java thread stack sizes (-Xss)
#   Set larger code cache with -XX:ReservedCodeCacheSize=
#   JVM is running with Unscaled Compressed Oops mode in which the Java heap is
#     placed in the first 4GB address space. The Java Heap base address is the
#     maximum limit for the native heap growth. Please use -XX:HeapBaseMinAddress
#     to set the Java Heap base and to place the Java Heap above 4GB virtual address.
# This output file may be truncated or incomplete.
#
#  Out of Memory Error (./src/hotspot/os/windows/os_windows.cpp:3301), pid=9304, tid=18316
#
# JRE version: OpenJDK Runtime Environment (11.0.11+9) (build 11.0.11+9-b60-7590822)
# Java VM: OpenJDK 64-Bit Server VM (11.0.11+9-b60-7590822, mixed mode, tiered, compressed oops, g1 gc, windows-amd64)
# No core dump will be written. Minidumps are not enabled by default on client versions of Windows
#

---------------  S U M M A R Y ------------

Command Line: --add-opens=java.base/java.util=ALL-UNNAMED --add-opens=java.base/java.lang=ALL-UNNAMED --add-opens=java.base/java.lang.invoke=ALL-UNNAMED --add-opens=java.base/java.util=ALL-UNNAMED --add-opens=java.prefs/java.util.prefs=ALL-UNNAMED --add-opens=java.prefs/java.util.prefs=ALL-UNNAMED --add-opens=java.base/java.nio.charset=ALL-UNNAMED --add-opens=java.base/java.net=ALL-UNNAMED --add-opens=java.base/java.util.concurrent.atomic=ALL-UNNAMED -Xmx2048m -Dfile.encoding=UTF-8 -Duser.country=US -Duser.language=en -Duser.variant org.gradle.launcher.daemon.bootstrap.GradleDaemon 7.2

Host: Intel(R) Core(TM) i3-7020U CPU @ 2.30GHz, 4 cores, 7G,  Windows 10 , 64 bit Build 18362 (10.0.18362.1110)
Time: Tue Jun 14 01:16:20 2022 UTC-11 elapsed time: 37.123742 seconds (0d 0h 0m 37s)

---------------  T H R E A D  ---------------

Current thread (0x0000027bfc0ab800):  VMThread "VM Thread" [stack: 0x000000bc5cb00000,0x000000bc5cc00000] [id=18316]

Stack: [0x000000bc5cb00000,0x000000bc5cc00000]
[error occurred during error reporting (printing stack bounds), id 0xc0000005, EXCEPTION_ACCESS_VIOLATION (0xc0000005) at pc=0x0000027b80000f2d]

Native frames: (J=compiled Java code, j=interpreted, Vv=VM code, C=native code)
V  [jvm.dll+0x5f214a]
V  [jvm.dll+0x726fb5]
V  [jvm.dll+0x7285cd]
V  [jvm.dll+0x728be5]
V  [jvm.dll+0x728b9b]
V  [jvm.dll+0x5f14e8]
V  [jvm.dll+0x5f1c78]
C  [ntdll.dll+0xa184f]
C  [ntdll.dll+0x6a889]
C  [ntdll.dll+0xa04be]
C  0x0000027b80000f2d

VM_Operation (0x000000bc62cfce50): G1CollectForAllocation, mode: safepoint, requested by thread 0x0000027b92b6c800


---------------  P R O C E S S  ---------------

Threads class SMR info:
_java_thread_list=0x0000027b923b5930, length=94, elements={
0x0000027bef54e000, 0x0000027bfc0b0800, 0x0000027bfc0b2000, 0x0000027bfca33800,
0x0000027bfca34800, 0x0000027bfca39800, 0x0000027bfca3b000, 0x0000027bfc0cd000,
0x0000027bfc0cf000, 0x0000027bfcb82000, 0x0000027bfe0f1800, 0x0000027bfcc71000,
0x0000027bfdfb1000, 0x0000027bfe8fe800, 0x0000027b8f27e000, 0x0000027bff1cd000,
0x0000027bfef37800, 0x0000027bff3cb000, 0x0000027bff76a800, 0x0000027b8f793000,
0x0000027b8f799800, 0x0000027b8f797000, 0x0000027b8f798000, 0x0000027b8f795800,
0x0000027b8f796000, 0x0000027b8f798800, 0x0000027b8f793800, 0x0000027b8f794800,
0x0000027bfcddf800, 0x0000027bfcddc000, 0x0000027bfcde1000, 0x0000027bfcdde800,
0x0000027bfcde3800, 0x0000027bfcde4800, 0x0000027bfcde5000, 0x0000027bfcde6000,
0x0000027bfcde7000, 0x0000027bfcde7800, 0x0000027bfcde2000, 0x0000027bfcde8800,
0x0000027bfcde3000, 0x0000027bfcdea000, 0x0000027bfcde9800, 0x0000027b92c23000,
0x0000027b92c28000, 0x0000027b92c24000, 0x0000027b92c24800, 0x0000027b92c27000,
0x0000027b92c25800, 0x0000027b92c22800, 0x0000027b92c26800, 0x0000027b92c29800,
0x0000027b92c2c000, 0x0000027b92c2d000, 0x0000027b92c29000, 0x0000027b92c2d800,
0x0000027b92c2f800, 0x0000027b92c2e800, 0x0000027b92c30000, 0x0000027b92c2a800,
0x0000027b92c31000, 0x0000027b92c2b800, 0x0000027b929e2800, 0x0000027b929e3800,
0x0000027b929e1000, 0x0000027b929e1800, 0x0000027b929e4000, 0x0000027b929de800,
0x0000027b929e5000, 0x0000027b929df800, 0x0000027b929e6000, 0x0000027b929e0000,
0x0000027b929e8800, 0x0000027b929e9000, 0x0000027b929e6800, 0x0000027b929ec800,
0x0000027b929ea800, 0x0000027b929eb800, 0x0000027b929e7800, 0x0000027b94c90800,
0x0000027b94c8d000, 0x0000027b94c8e000, 0x0000027b94c8f000, 0x0000027b94c91000,
0x0000027b94c92000, 0x0000027b92b69800, 0x0000027b92b6e000, 0x0000027b92b6a000,
0x0000027b92b6f000, 0x0000027b92b70800, 0x0000027b92b6b000, 0x0000027b92b6c800,
0x0000027b92b71800, 0x0000027b92b6d800
}

Java Threads: ( => current thread )
  0x0000027bef54e000 JavaThread "main" [_thread_blocked, id=7804, stack(0x000000bc5c500000,0x000000bc5c600000)]
  0x0000027bfc0b0800 JavaThread "Reference Handler" daemon [_thread_blocked, id=2336, stack(0x000000bc5cc00000,0x000000bc5cd00000)]
  0x0000027bfc0b2000 JavaThread "Finalizer" daemon [_thread_blocked, id=17316, stack(0x000000bc5cd00000,0x000000bc5ce00000)]
  0x0000027bfca33800 JavaThread "Signal Dispatcher" daemon [_thread_blocked, id=18320, stack(0x000000bc5ce00000,0x000000bc5cf00000)]
  0x0000027bfca34800 JavaThread "Attach Listener" daemon [_thread_blocked, id=7448, stack(0x000000bc5cf00000,0x000000bc5d000000)]
  0x0000027bfca39800 JavaThread "Service Thread" daemon [_thread_blocked, id=13900, stack(0x000000bc5d000000,0x000000bc5d100000)]
  0x0000027bfca3b000 JavaThread "C2 CompilerThread0" daemon [_thread_in_native, id=1340, stack(0x000000bc5d100000,0x000000bc5d200000)]
  0x0000027bfc0cd000 JavaThread "C1 CompilerThread0" daemon [_thread_blocked, id=5624, stack(0x000000bc5d200000,0x000000bc5d300000)]
  0x0000027bfc0cf000 JavaThread "Sweeper thread" daemon [_thread_blocked, id=6892, stack(0x000000bc5d300000,0x000000bc5d400000)]
  0x0000027bfcb82000 JavaThread "Common-Cleaner" daemon [_thread_blocked, id=8772, stack(0x000000bc5d400000,0x000000bc5d500000)]
  0x0000027bfe0f1800 JavaThread "Daemon health stats" [_thread_blocked, id=7604, stack(0x000000bc5d900000,0x000000bc5da00000)]
  0x0000027bfcc71000 JavaThread "Incoming local TCP Connector on port 54942" [_thread_in_native, id=14552, stack(0x000000bc5d600000,0x000000bc5d700000)]
  0x0000027bfdfb1000 JavaThread "Daemon periodic checks" [_thread_blocked, id=16284, stack(0x000000bc5db00000,0x000000bc5dc00000)]
  0x0000027bfe8fe800 JavaThread "Daemon" [_thread_blocked, id=16144, stack(0x000000bc5dc00000,0x000000bc5dd00000)]
  0x0000027b8f27e000 JavaThread "Handler for socket connection from /127.0.0.1:54942 to /127.0.0.1:54943" [_thread_in_native, id=15968, stack(0x000000bc5dd00000,0x000000bc5de00000)]
  0x0000027bff1cd000 JavaThread "Cancel handler" [_thread_blocked, id=12548, stack(0x000000bc5de00000,0x000000bc5df00000)]
  0x0000027bfef37800 JavaThread "Daemon worker" [_thread_blocked, id=12352, stack(0x000000bc5df00000,0x000000bc5e000000)]
  0x0000027bff3cb000 JavaThread "Asynchronous log dispatcher for DefaultDaemonConnection: socket connection from /127.0.0.1:54942 to /127.0.0.1:54943" [_thread_blocked, id=5380, stack(0x000000bc5e000000,0x000000bc5e100000)]
  0x0000027bff76a800 JavaThread "Stdin handler" [_thread_blocked, id=7000, stack(0x000000bc5e100000,0x000000bc5e200000)]
  0x0000027b8f793000 JavaThread "Daemon client event forwarder" [_thread_blocked, id=4060, stack(0x000000bc5e300000,0x000000bc5e400000)]
  0x0000027b8f799800 JavaThread "Cache worker for journal cache (C:\Users\JOHN BATISTA\.gradle\caches\journal-1)" [_thread_blocked, id=9760, stack(0x000000bc5e400000,0x000000bc5e500000)]
  0x0000027b8f797000 JavaThread "File lock request listener" [_thread_in_native, id=18012, stack(0x000000bc5e500000,0x000000bc5e600000)]
  0x0000027b8f798000 JavaThread "Cache worker for file hash cache (C:\Users\JOHN BATISTA\.gradle\caches\7.2\fileHashes)" [_thread_blocked, id=7404, stack(0x000000bc5e600000,0x000000bc5e700000)]
  0x0000027b8f795800 JavaThread "Cache worker for file hash cache (C:\Users\JOHN BATISTA\AndroidStudioProjects\SportsApplication\.gradle\7.2\fileHashes)" [_thread_blocked, id=10620, stack(0x000000bc5da00000,0x000000bc5db00000)]
  0x0000027b8f796000 JavaThread "File watcher server" daemon [_thread_blocked, id=120, stack(0x000000bc5e800000,0x000000bc5e900000)]
  0x0000027b8f798800 JavaThread "File watcher consumer" daemon [_thread_blocked, id=6492, stack(0x000000bc5e900000,0x000000bc5ea00000)]
  0x0000027b8f793800 JavaThread "Cache worker for checksums cache (C:\Users\JOHN BATISTA\AndroidStudioProjects\SportsApplication\.gradle\checksums)" [_thread_blocked, id=16452, stack(0x000000bc5ea00000,0x000000bc5eb00000)]
  0x0000027b8f794800 JavaThread "Cache worker for cache directory md-supplier (C:\Users\JOHN BATISTA\.gradle\caches\7.2\md-supplier)" [_thread_blocked, id=8344, stack(0x000000bc5eb00000,0x000000bc5ec00000)]
  0x0000027bfcddf800 JavaThread "Cache worker for cache directory md-rule (C:\Users\JOHN BATISTA\.gradle\caches\7.2\md-rule)" [_thread_blocked, id=2316, stack(0x000000bc5ec00000,0x000000bc5ed00000)]
  0x0000027bfcddc000 JavaThread "Cache worker for execution history cache (C:\Users\JOHN BATISTA\.gradle\caches\7.2\executionHistory)" [_thread_blocked, id=12160, stack(0x000000bc5ed00000,0x000000bc5ee00000)]
  0x0000027bfcde1000 JavaThread "jar transforms" [_thread_blocked, id=15996, stack(0x000000bc5ee00000,0x000000bc5ef00000)]
  0x0000027bfcdde800 JavaThread "Cache worker for file content cache (C:\Users\JOHN BATISTA\.gradle\caches\7.2\fileContent)" [_thread_blocked, id=11828, stack(0x000000bc5ef00000,0x000000bc5f000000)]
  0x0000027bfcde3800 JavaThread "jar transforms Thread 2" [_thread_blocked, id=7228, stack(0x000000bc5f000000,0x000000bc5f100000)]
  0x0000027bfcde4800 JavaThread "Cache worker for dependencies-accessors (C:\Users\JOHN BATISTA\AndroidStudioProjects\SportsApplication\.gradle\7.2\dependencies-accessors)" [_thread_blocked, id=13840, stack(0x000000bc5f100000,0x000000bc5f200000)]
  0x0000027bfcde5000 JavaThread "jar transforms Thread 3" [_thread_blocked, id=9400, stack(0x000000bc5f200000,0x000000bc5f300000)]
  0x0000027bfcde6000 JavaThread "Cache worker for Build Output Cleanup Cache (C:\Users\JOHN BATISTA\AndroidStudioProjects\SportsApplication\.gradle\buildOutputCleanup)" [_thread_blocked, id=8056, stack(0x000000bc5f300000,0x000000bc5f400000)]
  0x0000027bfcde7000 JavaThread "Unconstrained build operations" [_thread_blocked, id=14504, stack(0x000000bc5f400000,0x000000bc5f500000)]
  0x0000027bfcde7800 JavaThread "Unconstrained build operations Thread 2" [_thread_blocked, id=9948, stack(0x000000bc5f500000,0x000000bc5f600000)]
  0x0000027bfcde2000 JavaThread "Unconstrained build operations Thread 3" [_thread_blocked, id=1268, stack(0x000000bc5f600000,0x000000bc5f700000)]
  0x0000027bfcde8800 JavaThread "Unconstrained build operations Thread 4" [_thread_blocked, id=11152, stack(0x000000bc5f700000,0x000000bc5f800000)]
  0x0000027bfcde3000 JavaThread "Unconstrained build operations Thread 5" [_thread_blocked, id=8560, stack(0x000000bc5f800000,0x000000bc5f900000)]
  0x0000027bfcdea000 JavaThread "Unconstrained build operations Thread 6" [_thread_blocked, id=4128, stack(0x000000bc5f900000,0x000000bc5fa00000)]
  0x0000027bfcde9800 JavaThread "Unconstrained build operations Thread 7" [_thread_blocked, id=9196, stack(0x000000bc5fa00000,0x000000bc5fb00000)]
  0x0000027b92c23000 JavaThread "Unconstrained build operations Thread 8" [_thread_blocked, id=17056, stack(0x000000bc5fb00000,0x000000bc5fc00000)]
  0x0000027b92c28000 JavaThread "Unconstrained build operations Thread 9" [_thread_blocked, id=10612, stack(0x000000bc5fc00000,0x000000bc5fd00000)]
  0x0000027b92c24000 JavaThread "Unconstrained build operations Thread 10" [_thread_blocked, id=4424, stack(0x000000bc5fd00000,0x000000bc5fe00000)]
  0x0000027b92c24800 JavaThread "Unconstrained build operations Thread 11" [_thread_blocked, id=13064, stack(0x000000bc5fe00000,0x000000bc5ff00000)]
  0x0000027b92c27000 JavaThread "Unconstrained build operations Thread 12" [_thread_blocked, id=2372, stack(0x000000bc5ff00000,0x000000bc60000000)]
  0x0000027b92c25800 JavaThread "Unconstrained build operations Thread 13" [_thread_blocked, id=11480, stack(0x000000bc60000000,0x000000bc60100000)]
  0x0000027b92c22800 JavaThread "Unconstrained build operations Thread 14" [_thread_blocked, id=11064, stack(0x000000bc60100000,0x000000bc60200000)]
  0x0000027b92c26800 JavaThread "Unconstrained build operations Thread 15" [_thread_blocked, id=3960, stack(0x000000bc60200000,0x000000bc60300000)]
  0x0000027b92c29800 JavaThread "Unconstrained build operations Thread 16" [_thread_blocked, id=8124, stack(0x000000bc60300000,0x000000bc60400000)]
  0x0000027b92c2c000 JavaThread "Unconstrained build operations Thread 17" [_thread_blocked, id=3620, stack(0x000000bc60400000,0x000000bc60500000)]
  0x0000027b92c2d000 JavaThread "Unconstrained build operations Thread 18" [_thread_blocked, id=3440, stack(0x000000bc60500000,0x000000bc60600000)]
  0x0000027b92c29000 JavaThread "Unconstrained build operations Thread 19" [_thread_blocked, id=10160, stack(0x000000bc60600000,0x000000bc60700000)]
  0x0000027b92c2d800 JavaThread "Unconstrained build operations Thread 20" [_thread_blocked, id=3900, stack(0x000000bc60700000,0x000000bc60800000)]
  0x0000027b92c2f800 JavaThread "Unconstrained build operations Thread 21" [_thread_blocked, id=10248, stack(0x000000bc60800000,0x000000bc60900000)]
  0x0000027b92c2e800 JavaThread "Unconstrained build operations Thread 22" [_thread_blocked, id=10916, stack(0x000000bc60900000,0x000000bc60a00000)]
  0x0000027b92c30000 JavaThread "Unconstrained build operations Thread 23" [_thread_blocked, id=13208, stack(0x000000bc60a00000,0x000000bc60b00000)]
  0x0000027b92c2a800 JavaThread "Unconstrained build operations Thread 24" [_thread_blocked, id=10364, stack(0x000000bc60b00000,0x000000bc60c00000)]
  0x0000027b92c31000 JavaThread "Unconstrained build operations Thread 25" [_thread_blocked, id=8836, stack(0x000000bc60c00000,0x000000bc60d00000)]
  0x0000027b92c2b800 JavaThread "Unconstrained build operations Thread 26" [_thread_blocked, id=264, stack(0x000000bc60d00000,0x000000bc60e00000)]
  0x0000027b929e2800 JavaThread "Unconstrained build operations Thread 27" [_thread_blocked, id=15280, stack(0x000000bc60e00000,0x000000bc60f00000)]
  0x0000027b929e3800 JavaThread "Unconstrained build operations Thread 28" [_thread_blocked, id=3356, stack(0x000000bc60f00000,0x000000bc61000000)]
  0x0000027b929e1000 JavaThread "Unconstrained build operations Thread 29" [_thread_blocked, id=13068, stack(0x000000bc61000000,0x000000bc61100000)]
  0x0000027b929e1800 JavaThread "Unconstrained build operations Thread 30" [_thread_blocked, id=9552, stack(0x000000bc61100000,0x000000bc61200000)]
  0x0000027b929e4000 JavaThread "Unconstrained build operations Thread 31" [_thread_blocked, id=15512, stack(0x000000bc61200000,0x000000bc61300000)]
  0x0000027b929de800 JavaThread "Unconstrained build operations Thread 32" [_thread_blocked, id=15712, stack(0x000000bc61300000,0x000000bc61400000)]
  0x0000027b929e5000 JavaThread "Unconstrained build operations Thread 33" [_thread_blocked, id=16644, stack(0x000000bc61400000,0x000000bc61500000)]
  0x0000027b929df800 JavaThread "Unconstrained build operations Thread 34" [_thread_blocked, id=11632, stack(0x000000bc61500000,0x000000bc61600000)]
  0x0000027b929e6000 JavaThread "Unconstrained build operations Thread 35" [_thread_blocked, id=15932, stack(0x000000bc61600000,0x000000bc61700000)]
  0x0000027b929e0000 JavaThread "Unconstrained build operations Thread 36" [_thread_blocked, id=5292, stack(0x000000bc61700000,0x000000bc61800000)]
  0x0000027b929e8800 JavaThread "Unconstrained build operations Thread 37" [_thread_blocked, id=14652, stack(0x000000bc61800000,0x000000bc61900000)]
  0x0000027b929e9000 JavaThread "Unconstrained build operations Thread 38" [_thread_blocked, id=9136, stack(0x000000bc61900000,0x000000bc61a00000)]
  0x0000027b929e6800 JavaThread "Unconstrained build operations Thread 39" [_thread_blocked, id=8076, stack(0x000000bc61a00000,0x000000bc61b00000)]
  0x0000027b929ec800 JavaThread "Unconstrained build operations Thread 40" [_thread_blocked, id=12304, stack(0x000000bc61b00000,0x000000bc61c00000)]
  0x0000027b929ea800 JavaThread "jar transforms Thread 4" [_thread_blocked, id=11904, stack(0x000000bc61c00000,0x000000bc61d00000)]
  0x0000027b929eb800 JavaThread "Memory manager" [_thread_blocked, id=14628, stack(0x000000bc61d00000,0x000000bc61e00000)]
  0x0000027b929e7800 JavaThread "build event listener" [_thread_blocked, id=10912, stack(0x000000bc61e00000,0x000000bc61f00000)]
  0x0000027b94c90800 JavaThread "build event listener" [_thread_blocked, id=6208, stack(0x000000bc61f00000,0x000000bc62000000)]
  0x0000027b94c8d000 JavaThread "Execution worker for ':'" [_thread_blocked, id=6796, stack(0x000000bc62000000,0x000000bc62100000)]
  0x0000027b94c8e000 JavaThread "Execution worker for ':' Thread 2" [_thread_blocked, id=16864, stack(0x000000bc62100000,0x000000bc62200000)]
  0x0000027b94c8f000 JavaThread "Execution worker for ':' Thread 3" [_thread_blocked, id=6188, stack(0x000000bc62200000,0x000000bc62300000)]
  0x0000027b94c91000 JavaThread "Cache worker for execution history cache (C:\Users\JOHN BATISTA\AndroidStudioProjects\SportsApplication\.gradle\7.2\executionHistory)" [_thread_blocked, id=14720, stack(0x000000bc62300000,0x000000bc62400000)]
  0x0000027b94c92000 JavaThread "RMI Scheduler(0)" daemon [_thread_blocked, id=4700, stack(0x000000bc62400000,0x000000bc62500000)]
  0x0000027b92b69800 JavaThread "RMI GC Daemon" daemon [_thread_blocked, id=2580, stack(0x000000bc62600000,0x000000bc62700000)]
  0x0000027b92b6e000 JavaThread "RMI TCP Accept-0" daemon [_thread_in_native, id=268, stack(0x000000bc62700000,0x000000bc62800000)]
  0x0000027b92b6a000 JavaThread "RMI Reaper" [_thread_blocked, id=11172, stack(0x000000bc62800000,0x000000bc62900000)]
  0x0000027b92b6f000 JavaThread "RMI TCP Connection(1)-127.0.0.1" daemon [_thread_in_native, id=9164, stack(0x000000bc62900000,0x000000bc62a00000)]
  0x0000027b92b70800 JavaThread "WorkerExecutor Queue" [_thread_blocked, id=17916, stack(0x000000bc5e700000,0x000000bc5e800000)]
  0x0000027b92b6b000 JavaThread "WorkerExecutor Queue Thread 2" [_thread_blocked, id=17288, stack(0x000000bc62b00000,0x000000bc62c00000)]
  0x0000027b92b6c800 JavaThread "WorkerExecutor Queue Thread 3" [_thread_blocked, id=11980, stack(0x000000bc62c00000,0x000000bc62d00000)]
  0x0000027b92b71800 JavaThread "WorkerExecutor Queue Thread 4" [_thread_blocked, id=16092, stack(0x000000bc62d00000,0x000000bc62e00000)]
  0x0000027b92b6d800 JavaThread "C2 CompilerThread1" daemon [_thread_blocked, id=2464, stack(0x000000bc5c400000,0x000000bc5c500000)]

Other Threads:
=>0x0000027bfc0ab800 VMThread "VM Thread" [stack: 0x000000bc5cb00000,0x000000bc5cc00000] [id=18316]
  0x0000027bfcba7000 WatcherThread [stack: 0x000000bc5d500000,0x000000bc5d600000] [id=11436]
  0x0000027bef569000 GCTaskThread "GC Thread#0" [stack: 0x000000bc5c600000,0x000000bc5c700000] [id=18424]
  0x0000027bfd7ab800 GCTaskThread "GC Thread#1" [stack: 0x000000bc5d700000,0x000000bc5d800000] [id=10928]
  0x0000027bfce84800 GCTaskThread "GC Thread#2" [stack: 0x000000bc5d800000,0x000000bc5d900000] [id=15448]
  0x0000027bff6ba800 GCTaskThread "GC Thread#3" [stack: 0x000000bc5e200000,0x000000bc5e300000] [id=6004]
  0x0000027bef59a000 ConcurrentGCThread "G1 Main Marker" [stack: 0x000000bc5c700000,0x000000bc5c800000] [id=17076]
  0x0000027bef59b800 ConcurrentGCThread "G1 Conc#0" [stack: 0x000000bc5c800000,0x000000bc5c900000] [id=5960]
  0x0000027bfbf00800 ConcurrentGCThread "G1 Refine#0" [stack: 0x000000bc5c900000,0x000000bc5ca00000] [id=3680]
  0x0000027bfbf01800 ConcurrentGCThread "G1 Young RemSet Sampling" [stack: 0x000000bc5ca00000,0x000000bc5cb00000] [id=2356]

Threads with active compile tasks:
C2 CompilerThread0  37148 12998   !   4       com.sun.tools.javac.parser.JavaTokenizer::readToken (2179 bytes)

VM state:at safepoint (normal execution)

VM Mutex/Monitor currently owned by a thread:  ([mutex/lock_event])
[0x0000027bef5497f0] Threads_lock - owner thread: 0x0000027bfc0ab800
[0x0000027bef549400] Heap_lock - owner thread: 0x0000027b92b6c800

Heap address: 0x0000000080000000, size: 2048 MB, Compressed Oops mode: 32-bit
Narrow klass base: 0x0000000000000000, Narrow klass shift: 3
Compressed class space size: 1073741824 Address: 0x0000000100000000

Heap:
 garbage-first heap   total 320512K, used 215019K [0x0000000080000000, 0x0000000100000000)
  region size 1024K, 2 young (2048K), 2 survivors (2048K)
 Metaspace       used 107856K, capacity 110504K, committed 110548K, reserved 1144832K
  class space    used 13721K, capacity 14705K, committed 14720K, reserved 1048576K
Heap Regions: E=young(eden), S=young(survivor), O=old, HS=humongous(starts), HC=humongous(continues), CS=collection set, F=free, A=archive, TAMS=top-at-mark-start (previous, next)
|   0|0x0000000080000000, 0x0000000080100000, 0x0000000080100000|100%|HS|  |TAMS 0x0000000080100000, 0x0000000080100000| Complete 
|   1|0x0000000080100000, 0x0000000080200000, 0x0000000080200000|100%|HC|  |TAMS 0x0000000080200000, 0x0000000080200000| Complete 
|   2|0x0000000080200000, 0x0000000080300000, 0x0000000080300000|100%|HC|  |TAMS 0x0000000080300000, 0x0000000080300000| Complete 
|   3|0x0000000080300000, 0x0000000080400000, 0x0000000080400000|100%| O|  |TAMS 0x0000000080400000, 0x0000000080400000| Untracked 
|   4|0x0000000080400000, 0x0000000080500000, 0x0000000080500000|100%| O|  |TAMS 0x0000000080500000, 0x0000000080500000| Untracked 
|   5|0x0000000080500000, 0x0000000080600000, 0x0000000080600000|100%| O|  |TAMS 0x0000000080600000, 0x0000000080600000| Untracked 
|   6|0x0000000080600000, 0x0000000080700000, 0x0000000080700000|100%| O|  |TAMS 0x0000000080700000, 0x0000000080700000| Untracked 
|   7|0x0000000080700000, 0x0000000080800000, 0x0000000080800000|100%| O|  |TAMS 0x0000000080800000, 0x0000000080800000| Untracked 
|   8|0x0000000080800000, 0x0000000080900000, 0x0000000080900000|100%| O|  |TAMS 0x0000000080900000, 0x0000000080900000| Untracked 
|   9|0x0000000080900000, 0x0000000080a00000, 0x0000000080a00000|100%| O|  |TAMS 0x0000000080a00000, 0x0000000080a00000| Untracked 
|  10|0x0000000080a00000, 0x0000000080b00000, 0x0000000080b00000|100%| O|  |TAMS 0x0000000080b00000, 0x0000000080b00000| Untracked 
|  11|0x0000000080b00000, 0x0000000080c00000, 0x0000000080c00000|100%| O|  |TAMS 0x0000000080c00000, 0x0000000080c00000| Untracked 
|  12|0x0000000080c00000, 0x0000000080d00000, 0x0000000080d00000|100%| O|  |TAMS 0x0000000080d00000, 0x0000000080d00000| Untracked 
|  13|0x0000000080d00000, 0x0000000080e00000, 0x0000000080e00000|100%| O|  |TAMS 0x0000000080e00000, 0x0000000080e00000| Untracked 
|  14|0x0000000080e00000, 0x0000000080f00000, 0x0000000080f00000|100%| O|  |TAMS 0x0000000080f00000, 0x0000000080f00000| Untracked 
|  15|0x0000000080f00000, 0x0000000081000000, 0x0000000081000000|100%| O|  |TAMS 0x0000000081000000, 0x0000000081000000| Untracked 
|  16|0x0000000081000000, 0x0000000081100000, 0x0000000081100000|100%|HS|  |TAMS 0x0000000081100000, 0x0000000081100000| Complete 
|  17|0x0000000081100000, 0x0000000081200000, 0x0000000081200000|100%| O|  |TAMS 0x0000000081200000, 0x0000000081200000| Untracked 
|  18|0x0000000081200000, 0x0000000081300000, 0x0000000081300000|100%| O|  |TAMS 0x0000000081300000, 0x0000000081300000| Untracked 
|  19|0x0000000081300000, 0x0000000081400000, 0x0000000081400000|100%| O|  |TAMS 0x0000000081400000, 0x0000000081400000| Untracked 
|  20|0x0000000081400000, 0x0000000081500000, 0x0000000081500000|100%| O|  |TAMS 0x0000000081500000, 0x0000000081500000| Untracked 
|  21|0x0000000081500000, 0x0000000081600000, 0x0000000081600000|100%| O|  |TAMS 0x0000000081600000, 0x0000000081600000| Untracked 
|  22|0x0000000081600000, 0x0000000081700000, 0x0000000081700000|100%| O|  |TAMS 0x0000000081700000, 0x0000000081700000| Untracked 
|  23|0x0000000081700000, 0x0000000081800000, 0x0000000081800000|100%| O|  |TAMS 0x0000000081800000, 0x0000000081800000| Untracked 
|  24|0x0000000081800000, 0x0000000081900000, 0x0000000081900000|100%|HS|  |TAMS 0x0000000081900000, 0x0000000081900000| Complete 
|  25|0x0000000081900000, 0x0000000081a00000, 0x0000000081a00000|100%|HS|  |TAMS 0x0000000081a00000, 0x0000000081a00000| Complete 
|  26|0x0000000081a00000, 0x0000000081b00000, 0x0000000081b00000|100%|HS|  |TAMS 0x0000000081b00000, 0x0000000081b00000| Complete 
|  27|0x0000000081b00000, 0x0000000081c00000, 0x0000000081c00000|100%|HS|  |TAMS 0x0000000081c00000, 0x0000000081c00000| Complete 
|  28|0x0000000081c00000, 0x0000000081d00000, 0x0000000081d00000|100%|HC|  |TAMS 0x0000000081d00000, 0x0000000081d00000| Complete 
|  29|0x0000000081d00000, 0x0000000081e00000, 0x0000000081e00000|100%|HC|  |TAMS 0x0000000081e00000, 0x0000000081e00000| Complete 
|  30|0x0000000081e00000, 0x0000000081f00000, 0x0000000081f00000|100%|HS|  |TAMS 0x0000000081f00000, 0x0000000081f00000| Complete 
|  31|0x0000000081f00000, 0x0000000082000000, 0x0000000082000000|100%|HC|  |TAMS 0x0000000082000000, 0x0000000082000000| Complete 
|  32|0x0000000082000000, 0x0000000082100000, 0x0000000082100000|100%| O|  |TAMS 0x0000000082100000, 0x0000000082100000| Untracked 
|  33|0x0000000082100000, 0x0000000082200000, 0x0000000082200000|100%| O|  |TAMS 0x0000000082200000, 0x0000000082200000| Untracked 
|  34|0x0000000082200000, 0x0000000082300000, 0x0000000082300000|100%| O|  |TAMS 0x0000000082300000, 0x0000000082300000| Untracked 
|  35|0x0000000082300000, 0x0000000082400000, 0x0000000082400000|100%| O|  |TAMS 0x0000000082400000, 0x0000000082400000| Untracked 
|  36|0x0000000082400000, 0x0000000082500000, 0x0000000082500000|100%| O|  |TAMS 0x0000000082500000, 0x0000000082500000| Untracked 
|  37|0x0000000082500000, 0x0000000082600000, 0x0000000082600000|100%| O|  |TAMS 0x0000000082600000, 0x0000000082600000| Untracked 
|  38|0x0000000082600000, 0x0000000082700000, 0x0000000082700000|100%| O|  |TAMS 0x0000000082700000, 0x0000000082700000| Untracked 
|  39|0x0000000082700000, 0x0000000082800000, 0x0000000082800000|100%| O|  |TAMS 0x0000000082800000, 0x0000000082800000| Untracked 
|  40|0x0000000082800000, 0x0000000082900000, 0x0000000082900000|100%| O|  |TAMS 0x0000000082900000, 0x0000000082900000| Untracked 
|  41|0x0000000082900000, 0x0000000082a00000, 0x0000000082a00000|100%| O|  |TAMS 0x0000000082a00000, 0x0000000082a00000| Untracked 
|  42|0x0000000082a00000, 0x0000000082b00000, 0x0000000082b00000|100%| O|  |TAMS 0x0000000082b00000, 0x0000000082b00000| Untracked 
|  43|0x0000000082b00000, 0x0000000082c00000, 0x0000000082c00000|100%| O|  |TAMS 0x0000000082c00000, 0x0000000082c00000| Untracked 
|  44|0x0000000082c00000, 0x0000000082d00000, 0x0000000082d00000|100%| O|  |TAMS 0x0000000082d00000, 0x0000000082d00000| Untracked 
|  45|0x0000000082d00000, 0x0000000082e00000, 0x0000000082e00000|100%| O|  |TAMS 0x0000000082e00000, 0x0000000082e00000| Untracked 
|  46|0x0000000082e00000, 0x0000000082f00000, 0x0000000082f00000|100%| O|  |TAMS 0x0000000082f00000, 0x0000000082f00000| Untracked 
|  47|0x0000000082f00000, 0x0000000083000000, 0x0000000083000000|100%| O|  |TAMS 0x0000000083000000, 0x0000000083000000| Untracked 
|  48|0x0000000083000000, 0x0000000083100000, 0x0000000083100000|100%| O|  |TAMS 0x0000000083100000, 0x0000000083100000| Untracked 
|  49|0x0000000083100000, 0x0000000083200000, 0x0000000083200000|100%| O|  |TAMS 0x0000000083200000, 0x0000000083200000| Untracked 
|  50|0x0000000083200000, 0x0000000083300000, 0x0000000083300000|100%| O|  |TAMS 0x0000000083300000, 0x0000000083300000| Untracked 
|  51|0x0000000083300000, 0x0000000083400000, 0x0000000083400000|100%| O|  |TAMS 0x0000000083400000, 0x0000000083400000| Untracked 
|  52|0x0000000083400000, 0x0000000083500000, 0x0000000083500000|100%| O|  |TAMS 0x0000000083500000, 0x0000000083500000| Untracked 
|  53|0x0000000083500000, 0x0000000083600000, 0x0000000083600000|100%| O|  |TAMS 0x0000000083600000, 0x0000000083600000| Untracked 
|  54|0x0000000083600000, 0x0000000083700000, 0x0000000083700000|100%| O|  |TAMS 0x0000000083700000, 0x0000000083700000| Untracked 
|  55|0x0000000083700000, 0x0000000083800000, 0x0000000083800000|100%| O|  |TAMS 0x0000000083800000, 0x0000000083800000| Untracked 
|  56|0x0000000083800000, 0x0000000083900000, 0x0000000083900000|100%| O|  |TAMS 0x0000000083900000, 0x0000000083900000| Untracked 
|  57|0x0000000083900000, 0x0000000083a00000, 0x0000000083a00000|100%| O|  |TAMS 0x0000000083a00000, 0x0000000083a00000| Untracked 
|  58|0x0000000083a00000, 0x0000000083b00000, 0x0000000083b00000|100%| O|  |TAMS 0x0000000083b00000, 0x0000000083b00000| Untracked 
|  59|0x0000000083b00000, 0x0000000083c00000, 0x0000000083c00000|100%| O|  |TAMS 0x0000000083c00000, 0x0000000083c00000| Untracked 
|  60|0x0000000083c00000, 0x0000000083d00000, 0x0000000083d00000|100%| O|  |TAMS 0x0000000083d00000, 0x0000000083d00000| Untracked 
|  61|0x0000000083d00000, 0x0000000083e00000, 0x0000000083e00000|100%| O|  |TAMS 0x0000000083e00000, 0x0000000083e00000| Untracked 
|  62|0x0000000083e00000, 0x0000000083f00000, 0x0000000083f00000|100%| O|  |TAMS 0x0000000083f00000, 0x0000000083f00000| Untracked 
|  63|0x0000000083f00000, 0x0000000084000000, 0x0000000084000000|100%| O|  |TAMS 0x0000000084000000, 0x0000000084000000| Untracked 
|  64|0x0000000084000000, 0x0000000084100000, 0x0000000084100000|100%| O|  |TAMS 0x0000000084100000, 0x0000000084100000| Untracked 
|  65|0x0000000084100000, 0x0000000084200000, 0x0000000084200000|100%| O|  |TAMS 0x0000000084200000, 0x0000000084200000| Untracked 
|  66|0x0000000084200000, 0x0000000084300000, 0x0000000084300000|100%| O|  |TAMS 0x0000000084300000, 0x0000000084300000| Untracked 
|  67|0x0000000084300000, 0x0000000084400000, 0x0000000084400000|100%| O|  |TAMS 0x0000000084400000, 0x0000000084400000| Untracked 
|  68|0x0000000084400000, 0x0000000084500000, 0x0000000084500000|100%| O|  |TAMS 0x0000000084500000, 0x0000000084500000| Untracked 
|  69|0x0000000084500000, 0x0000000084600000, 0x0000000084600000|100%| O|  |TAMS 0x0000000084600000, 0x0000000084600000| Untracked 
|  70|0x0000000084600000, 0x0000000084700000, 0x0000000084700000|100%| O|  |TAMS 0x0000000084700000, 0x0000000084700000| Untracked 
|  71|0x0000000084700000, 0x0000000084800000, 0x0000000084800000|100%| O|  |TAMS 0x0000000084800000, 0x0000000084800000| Untracked 
|  72|0x0000000084800000, 0x0000000084900000, 0x0000000084900000|100%| O|  |TAMS 0x0000000084900000, 0x0000000084900000| Untracked 
|  73|0x0000000084900000, 0x0000000084a00000, 0x0000000084a00000|100%| O|  |TAMS 0x0000000084a00000, 0x0000000084a00000| Untracked 
|  74|0x0000000084a00000, 0x0000000084b00000, 0x0000000084b00000|100%| O|  |TAMS 0x0000000084b00000, 0x0000000084b00000| Untracked 
|  75|0x0000000084b00000, 0x0000000084c00000, 0x0000000084c00000|100%| O|  |TAMS 0x0000000084c00000, 0x0000000084c00000| Untracked 
|  76|0x0000000084c00000, 0x0000000084d00000, 0x0000000084d00000|100%| O|  |TAMS 0x0000000084d00000, 0x0000000084d00000| Untracked 
|  77|0x0000000084d00000, 0x0000000084e00000, 0x0000000084e00000|100%| O|  |TAMS 0x0000000084e00000, 0x0000000084e00000| Untracked 
|  78|0x0000000084e00000, 0x0000000084f00000, 0x0000000084f00000|100%| O|  |TAMS 0x0000000084f00000, 0x0000000084f00000| Untracked 
|  79|0x0000000084f00000, 0x0000000085000000, 0x0000000085000000|100%| O|  |TAMS 0x0000000085000000, 0x0000000085000000| Untracked 
|  80|0x0000000085000000, 0x0000000085100000, 0x0000000085100000|100%| O|  |TAMS 0x0000000085100000, 0x0000000085100000| Untracked 
|  81|0x0000000085100000, 0x0000000085200000, 0x0000000085200000|100%| O|  |TAMS 0x0000000085200000, 0x0000000085200000| Untracked 
|  82|0x0000000085200000, 0x0000000085300000, 0x0000000085300000|100%| O|  |TAMS 0x0000000085300000, 0x0000000085300000| Untracked 
|  83|0x0000000085300000, 0x0000000085400000, 0x0000000085400000|100%| O|  |TAMS 0x0000000085400000, 0x0000000085400000| Untracked 
|  84|0x0000000085400000, 0x0000000085500000, 0x0000000085500000|100%| O|  |TAMS 0x0000000085500000, 0x0000000085500000| Untracked 
|  85|0x0000000085500000, 0x0000000085600000, 0x0000000085600000|100%| O|  |TAMS 0x0000000085600000, 0x0000000085600000| Untracked 
|  86|0x0000000085600000, 0x0000000085700000, 0x0000000085700000|100%| O|  |TAMS 0x0000000085700000, 0x0000000085700000| Untracked 
|  87|0x0000000085700000, 0x0000000085800000, 0x0000000085800000|100%| O|  |TAMS 0x0000000085800000, 0x0000000085800000| Untracked 
|  88|0x0000000085800000, 0x0000000085900000, 0x0000000085900000|100%| O|  |TAMS 0x0000000085900000, 0x0000000085900000| Untracked 
|  89|0x0000000085900000, 0x0000000085a00000, 0x0000000085a00000|100%|HS|  |TAMS 0x0000000085a00000, 0x0000000085a00000| Complete 
|  90|0x0000000085a00000, 0x0000000085b00000, 0x0000000085b00000|100%| O|  |TAMS 0x0000000085b00000, 0x0000000085b00000| Untracked 
|  91|0x0000000085b00000, 0x0000000085c00000, 0x0000000085c00000|100%|HS|  |TAMS 0x0000000085c00000, 0x0000000085c00000| Complete 
|  92|0x0000000085c00000, 0x0000000085d00000, 0x0000000085d00000|100%|HC|  |TAMS 0x0000000085d00000, 0x0000000085d00000| Complete 
|  93|0x0000000085d00000, 0x0000000085e00000, 0x0000000085e00000|100%|HC|  |TAMS 0x0000000085e00000, 0x0000000085e00000| Complete 
|  94|0x0000000085e00000, 0x0000000085f00000, 0x0000000085f00000|100%| O|  |TAMS 0x0000000085f00000, 0x0000000085f00000| Untracked 
|  95|0x0000000085f00000, 0x0000000086000000, 0x0000000086000000|100%| O|  |TAMS 0x0000000086000000, 0x0000000086000000| Untracked 
|  96|0x0000000086000000, 0x0000000086100000, 0x0000000086100000|100%| O|  |TAMS 0x0000000086100000, 0x0000000086100000| Untracked 
|  97|0x0000000086100000, 0x0000000086200000, 0x0000000086200000|100%| O|  |TAMS 0x0000000086200000, 0x0000000086200000| Untracked 
|  98|0x0000000086200000, 0x0000000086300000, 0x0000000086300000|100%| O|  |TAMS 0x0000000086300000, 0x0000000086300000| Untracked 
|  99|0x0000000086300000, 0x0000000086400000, 0x0000000086400000|100%| O|  |TAMS 0x0000000086400000, 0x0000000086400000| Untracked 
| 100|0x0000000086400000, 0x0000000086500000, 0x0000000086500000|100%| O|  |TAMS 0x0000000086500000, 0x0000000086500000| Untracked 
| 101|0x0000000086500000, 0x0000000086600000, 0x0000000086600000|100%| O|  |TAMS 0x0000000086600000, 0x0000000086600000| Untracked 
| 102|0x0000000086600000, 0x0000000086700000, 0x0000000086700000|100%| O|  |TAMS 0x0000000086700000, 0x0000000086700000| Untracked 
| 103|0x0000000086700000, 0x0000000086800000, 0x0000000086800000|100%| O|  |TAMS 0x0000000086800000, 0x0000000086800000| Untracked 
| 104|0x0000000086800000, 0x0000000086900000, 0x0000000086900000|100%|HS|  |TAMS 0x0000000086900000, 0x0000000086900000| Complete 
| 105|0x0000000086900000, 0x0000000086a00000, 0x0000000086a00000|100%|HC|  |TAMS 0x0000000086a00000, 0x0000000086a00000| Complete 
| 106|0x0000000086a00000, 0x0000000086b00000, 0x0000000086b00000|100%|HS|  |TAMS 0x0000000086b00000, 0x0000000086b00000| Complete 
| 107|0x0000000086b00000, 0x0000000086c00000, 0x0000000086c00000|100%|HC|  |TAMS 0x0000000086c00000, 0x0000000086c00000| Complete 
| 108|0x0000000086c00000, 0x0000000086d00000, 0x0000000086d00000|100%|HS|  |TAMS 0x0000000086d00000, 0x0000000086d00000| Complete 
| 109|0x0000000086d00000, 0x0000000086e00000, 0x0000000086e00000|100%|HC|  |TAMS 0x0000000086e00000, 0x0000000086e00000| Complete 
| 110|0x0000000086e00000, 0x0000000086f00000, 0x0000000086f00000|100%|HS|  |TAMS 0x0000000086f00000, 0x0000000086f00000| Complete 
| 111|0x0000000086f00000, 0x0000000087000000, 0x0000000087000000|100%|HC|  |TAMS 0x0000000087000000, 0x0000000087000000| Complete 
| 112|0x0000000087000000, 0x0000000087100000, 0x0000000087100000|100%|HS|  |TAMS 0x0000000087100000, 0x0000000087100000| Complete 
| 113|0x0000000087100000, 0x0000000087200000, 0x0000000087200000|100%|HS|  |TAMS 0x0000000087200000, 0x0000000087200000| Complete 
| 114|0x0000000087200000, 0x0000000087300000, 0x0000000087300000|100%|HS|  |TAMS 0x0000000087300000, 0x0000000087300000| Complete 
| 115|0x0000000087300000, 0x0000000087400000, 0x0000000087400000|100%|HS|  |TAMS 0x0000000087400000, 0x0000000087400000| Complete 
| 116|0x0000000087400000, 0x0000000087500000, 0x0000000087500000|100%|HS|  |TAMS 0x0000000087500000, 0x0000000087500000| Complete 
| 117|0x0000000087500000, 0x0000000087600000, 0x0000000087600000|100%|HS|  |TAMS 0x0000000087600000, 0x0000000087600000| Complete 
| 118|0x0000000087600000, 0x0000000087700000, 0x0000000087700000|100%|HC|  |TAMS 0x0000000087700000, 0x0000000087700000| Complete 
| 119|0x0000000087700000, 0x0000000087800000, 0x0000000087800000|100%|HS|  |TAMS 0x0000000087800000, 0x0000000087800000| Complete 
| 120|0x0000000087800000, 0x0000000087900000, 0x0000000087900000|100%|HC|  |TAMS 0x0000000087900000, 0x0000000087900000| Complete 
| 121|0x0000000087900000, 0x0000000087a00000, 0x0000000087a00000|100%|HC|  |TAMS 0x0000000087a00000, 0x0000000087a00000| Complete 
| 122|0x0000000087a00000, 0x0000000087b00000, 0x0000000087b00000|100%| O|  |TAMS 0x0000000087b00000, 0x0000000087b00000| Untracked 
| 123|0x0000000087b00000, 0x0000000087c00000, 0x0000000087c00000|100%| O|  |TAMS 0x0000000087c00000, 0x0000000087c00000| Untracked 
| 124|0x0000000087c00000, 0x0000000087d00000, 0x0000000087d00000|100%| O|  |TAMS 0x0000000087d00000, 0x0000000087d00000| Untracked 
| 125|0x0000000087d00000, 0x0000000087e00000, 0x0000000087e00000|100%|HS|  |TAMS 0x0000000087e00000, 0x0000000087e00000| Complete 
| 126|0x0000000087e00000, 0x0000000087f00000, 0x0000000087f00000|100%| O|  |TAMS 0x0000000087f00000, 0x0000000087f00000| Untracked 
| 127|0x0000000087f00000, 0x0000000088000000, 0x0000000088000000|100%| O|  |TAMS 0x0000000088000000, 0x0000000088000000| Untracked 
| 128|0x0000000088000000, 0x0000000088100000, 0x0000000088100000|100%|HS|  |TAMS 0x0000000088100000, 0x0000000088100000| Complete 
| 129|0x0000000088100000, 0x0000000088200000, 0x0000000088200000|100%|HC|  |TAMS 0x0000000088200000, 0x0000000088200000| Complete 
| 130|0x0000000088200000, 0x0000000088300000, 0x0000000088300000|100%| O|  |TAMS 0x0000000088300000, 0x0000000088300000| Untracked 
| 131|0x0000000088300000, 0x0000000088400000, 0x0000000088400000|100%| O|  |TAMS 0x0000000088400000, 0x0000000088400000| Untracked 
| 132|0x0000000088400000, 0x0000000088500000, 0x0000000088500000|100%|HS|  |TAMS 0x0000000088500000, 0x0000000088500000| Complete 
| 133|0x0000000088500000, 0x0000000088600000, 0x0000000088600000|100%|HC|  |TAMS 0x0000000088600000, 0x0000000088600000| Complete 
| 134|0x0000000088600000, 0x0000000088700000, 0x0000000088700000|100%| O|  |TAMS 0x0000000088700000, 0x0000000088700000| Untracked 
| 135|0x0000000088700000, 0x0000000088800000, 0x0000000088800000|100%| O|  |TAMS 0x0000000088800000, 0x0000000088800000| Untracked 
| 136|0x0000000088800000, 0x0000000088900000, 0x0000000088900000|100%|HS|  |TAMS 0x0000000088900000, 0x0000000088900000| Complete 
| 137|0x0000000088900000, 0x0000000088a00000, 0x0000000088a00000|100%|HC|  |TAMS 0x0000000088a00000, 0x0000000088a00000| Complete 
| 138|0x0000000088a00000, 0x0000000088b00000, 0x0000000088b00000|100%| O|  |TAMS 0x0000000088b00000, 0x0000000088b00000| Untracked 
| 139|0x0000000088b00000, 0x0000000088c00000, 0x0000000088c00000|100%|HS|  |TAMS 0x0000000088c00000, 0x0000000088c00000| Complete 
| 140|0x0000000088c00000, 0x0000000088d00000, 0x0000000088d00000|100%| O|  |TAMS 0x0000000088d00000, 0x0000000088d00000| Untracked 
| 141|0x0000000088d00000, 0x0000000088e00000, 0x0000000088e00000|100%| O|  |TAMS 0x0000000088e00000, 0x0000000088e00000| Untracked 
| 142|0x0000000088e00000, 0x0000000088f00000, 0x0000000088f00000|100%|HS|  |TAMS 0x0000000088f00000, 0x0000000088f00000| Complete 
| 143|0x0000000088f00000, 0x0000000089000000, 0x0000000089000000|100%|HC|  |TAMS 0x0000000089000000, 0x0000000089000000| Complete 
| 144|0x0000000089000000, 0x0000000089100000, 0x0000000089100000|100%| O|  |TAMS 0x0000000089100000, 0x0000000089100000| Untracked 
| 145|0x0000000089100000, 0x0000000089200000, 0x0000000089200000|100%| O|  |TAMS 0x0000000089200000, 0x0000000089200000| Untracked 
| 146|0x0000000089200000, 0x0000000089300000, 0x0000000089300000|100%|HS|  |TAMS 0x0000000089300000, 0x0000000089300000| Complete 
| 147|0x0000000089300000, 0x0000000089400000, 0x0000000089400000|100%|HC|  |TAMS 0x0000000089400000, 0x0000000089400000| Complete 
| 148|0x0000000089400000, 0x0000000089500000, 0x0000000089500000|100%| O|  |TAMS 0x0000000089500000, 0x0000000089500000| Untracked 
| 149|0x0000000089500000, 0x0000000089600000, 0x0000000089600000|100%|HS|  |TAMS 0x0000000089600000, 0x0000000089600000| Complete 
| 150|0x0000000089600000, 0x0000000089700000, 0x0000000089700000|100%| O|  |TAMS 0x0000000089700000, 0x0000000089700000| Untracked 
| 151|0x0000000089700000, 0x0000000089800000, 0x0000000089800000|100%|HS|  |TAMS 0x0000000089800000, 0x0000000089800000| Complete 
| 152|0x0000000089800000, 0x0000000089900000, 0x0000000089900000|100%| O|  |TAMS 0x0000000089900000, 0x0000000089900000| Untracked 
| 153|0x0000000089900000, 0x0000000089a00000, 0x0000000089a00000|100%|HS|  |TAMS 0x0000000089a00000, 0x0000000089a00000| Complete 
| 154|0x0000000089a00000, 0x0000000089b00000, 0x0000000089b00000|100%| O|  |TAMS 0x0000000089b00000, 0x0000000089b00000| Untracked 
| 155|0x0000000089b00000, 0x0000000089c00000, 0x0000000089c00000|100%|HS|  |TAMS 0x0000000089c00000, 0x0000000089c00000| Complete 
| 156|0x0000000089c00000, 0x0000000089d00000, 0x0000000089d00000|100%| O|  |TAMS 0x0000000089d00000, 0x0000000089d00000| Untracked 
| 157|0x0000000089d00000, 0x0000000089e00000, 0x0000000089e00000|100%|HS|  |TAMS 0x0000000089e00000, 0x0000000089e00000| Complete 
| 158|0x0000000089e00000, 0x0000000089f00000, 0x0000000089f00000|100%| O|  |TAMS 0x0000000089f00000, 0x0000000089f00000| Untracked 
| 159|0x0000000089f00000, 0x000000008a000000, 0x000000008a000000|100%| O|  |TAMS 0x000000008a000000, 0x000000008a000000| Untracked 
| 160|0x000000008a000000, 0x000000008a100000, 0x000000008a100000|100%|HS|  |TAMS 0x000000008a100000, 0x000000008a100000| Complete 
| 161|0x000000008a100000, 0x000000008a200000, 0x000000008a200000|100%|HC|  |TAMS 0x000000008a200000, 0x000000008a200000| Complete 
| 162|0x000000008a200000, 0x000000008a300000, 0x000000008a300000|100%| O|  |TAMS 0x000000008a300000, 0x000000008a300000| Untracked 
| 163|0x000000008a300000, 0x000000008a400000, 0x000000008a400000|100%| O|  |TAMS 0x000000008a396e00, 0x000000008a400000| Untracked 
| 164|0x000000008a400000, 0x000000008a500000, 0x000000008a500000|100%|HS|  |TAMS 0x000000008a400000, 0x000000008a500000| Complete 
| 165|0x000000008a500000, 0x000000008a600000, 0x000000008a600000|100%|HS|  |TAMS 0x000000008a600000, 0x000000008a600000| Complete 
| 166|0x000000008a600000, 0x000000008a700000, 0x000000008a700000|100%|HC|  |TAMS 0x000000008a700000, 0x000000008a700000| Complete 
| 167|0x000000008a700000, 0x000000008a800000, 0x000000008a800000|100%|HC|  |TAMS 0x000000008a800000, 0x000000008a800000| Complete 
| 168|0x000000008a800000, 0x000000008a900000, 0x000000008a900000|100%| O|  |TAMS 0x000000008a800000, 0x000000008a900000| Untracked 
| 169|0x000000008a900000, 0x000000008aa00000, 0x000000008aa00000|100%|HS|  |TAMS 0x000000008aa00000, 0x000000008aa00000| Complete 
| 170|0x000000008aa00000, 0x000000008ab00000, 0x000000008ab00000|100%| O|  |TAMS 0x000000008aa00000, 0x000000008ab00000| Untracked 
| 171|0x000000008ab00000, 0x000000008ac00000, 0x000000008ac00000|100%| O|  |TAMS 0x000000008ab00000, 0x000000008ac00000| Untracked 
| 172|0x000000008ac00000, 0x000000008ad00000, 0x000000008ad00000|100%|HS|  |TAMS 0x000000008ad00000, 0x000000008ad00000| Complete 
| 173|0x000000008ad00000, 0x000000008ae00000, 0x000000008ae00000|100%|HC|  |TAMS 0x000000008ae00000, 0x000000008ae00000| Complete 
| 174|0x000000008ae00000, 0x000000008af00000, 0x000000008af00000|100%| O|  |TAMS 0x000000008ae00000, 0x000000008af00000| Untracked 
| 175|0x000000008af00000, 0x000000008b000000, 0x000000008b000000|100%| O|  |TAMS 0x000000008af00000, 0x000000008b000000| Untracked 
| 176|0x000000008b000000, 0x000000008b100000, 0x000000008b100000|100%|HS|  |TAMS 0x000000008b000000, 0x000000008b100000| Complete 
| 177|0x000000008b100000, 0x000000008b200000, 0x000000008b200000|100%| O|  |TAMS 0x000000008b100000, 0x000000008b200000| Untracked 
| 178|0x000000008b200000, 0x000000008b300000, 0x000000008b300000|100%| O|  |TAMS 0x000000008b200000, 0x000000008b300000| Untracked 
| 179|0x000000008b300000, 0x000000008b400000, 0x000000008b400000|100%| O|  |TAMS 0x000000008b300000, 0x000000008b400000| Untracked 
| 180|0x000000008b400000, 0x000000008b500000, 0x000000008b500000|100%| O|  |TAMS 0x000000008b400000, 0x000000008b500000| Untracked 
| 181|0x000000008b500000, 0x000000008b600000, 0x000000008b600000|100%| O|  |TAMS 0x000000008b500000, 0x000000008b600000| Untracked 
| 182|0x000000008b600000, 0x000000008b700000, 0x000000008b700000|100%| O|  |TAMS 0x000000008b600000, 0x000000008b700000| Untracked 
| 183|0x000000008b700000, 0x000000008b800000, 0x000000008b800000|100%| O|  |TAMS 0x000000008b700000, 0x000000008b800000| Untracked 
| 184|0x000000008b800000, 0x000000008b900000, 0x000000008b900000|100%| O|  |TAMS 0x000000008b800000, 0x000000008b900000| Untracked 
| 185|0x000000008b900000, 0x000000008ba00000, 0x000000008ba00000|100%| O|  |TAMS 0x000000008b900000, 0x000000008b997a00| Untracked 
| 186|0x000000008ba00000, 0x000000008bb00000, 0x000000008bb00000|100%|HS|  |TAMS 0x000000008ba00000, 0x000000008ba00000| Complete 
| 187|0x000000008bb00000, 0x000000008bc00000, 0x000000008bc00000|100%|HC|  |TAMS 0x000000008bb00000, 0x000000008bb00000| Complete 
| 188|0x000000008bc00000, 0x000000008bd00000, 0x000000008bd00000|100%| O|  |TAMS 0x000000008bc00000, 0x000000008bc00000| Untracked 
| 189|0x000000008bd00000, 0x000000008be00000, 0x000000008be00000|100%| O|  |TAMS 0x000000008bd00000, 0x000000008bd00000| Untracked 
| 190|0x000000008be00000, 0x000000008bf00000, 0x000000008bf00000|100%| O|  |TAMS 0x000000008be00000, 0x000000008be00000| Untracked 
| 191|0x000000008bf00000, 0x000000008c000000, 0x000000008c000000|100%| O|  |TAMS 0x000000008bf00000, 0x000000008bf00000| Untracked 
| 192|0x000000008c000000, 0x000000008c100000, 0x000000008c100000|100%| O|  |TAMS 0x000000008c000000, 0x000000008c000000| Untracked 
| 193|0x000000008c100000, 0x000000008c200000, 0x000000008c200000|100%| O|  |TAMS 0x000000008c100000, 0x000000008c100000| Untracked 
| 194|0x000000008c200000, 0x000000008c300000, 0x000000008c300000|100%| O|  |TAMS 0x000000008c200000, 0x000000008c200000| Untracked 
| 195|0x000000008c300000, 0x000000008c3fac00, 0x000000008c400000| 97%| O|  |TAMS 0x000000008c300000, 0x000000008c300000| Untracked 
| 196|0x000000008c400000, 0x000000008c400000, 0x000000008c500000|  0%| F|  |TAMS 0x000000008c400000, 0x000000008c400000| Untracked 
| 197|0x000000008c500000, 0x000000008c500000, 0x000000008c600000|  0%| F|  |TAMS 0x000000008c500000, 0x000000008c500000| Untracked 
| 198|0x000000008c600000, 0x000000008c600000, 0x000000008c700000|  0%| F|  |TAMS 0x000000008c600000, 0x000000008c600000| Untracked 
| 199|0x000000008c700000, 0x000000008c700000, 0x000000008c800000|  0%| F|  |TAMS 0x000000008c700000, 0x000000008c700000| Untracked 
| 200|0x000000008c800000, 0x000000008c800000, 0x000000008c900000|  0%| F|  |TAMS 0x000000008c800000, 0x000000008c800000| Untracked 
| 201|0x000000008c900000, 0x000000008c900000, 0x000000008ca00000|  0%| F|  |TAMS 0x000000008c900000, 0x000000008c900000| Untracked 
| 202|0x000000008ca00000, 0x000000008ca00000, 0x000000008cb00000|  0%| F|  |TAMS 0x000000008ca00000, 0x000000008ca00000| Untracked 
| 203|0x000000008cb00000, 0x000000008cb00000, 0x000000008cc00000|  0%| F|  |TAMS 0x000000008cb00000, 0x000000008cb00000| Untracked 
| 204|0x000000008cc00000, 0x000000008cc00000, 0x000000008cd00000|  0%| F|  |TAMS 0x000000008cc00000, 0x000000008cc00000| Untracked 
| 205|0x000000008cd00000, 0x000000008cd00000, 0x000000008ce00000|  0%| F|  |TAMS 0x000000008cd00000, 0x000000008cd00000| Untracked 
| 206|0x000000008ce00000, 0x000000008ce00000, 0x000000008cf00000|  0%| F|  |TAMS 0x000000008ce00000, 0x000000008ce00000| Untracked 
| 207|0x000000008cf00000, 0x000000008cf00000, 0x000000008d000000|  0%| F|  |TAMS 0x000000008cf00000, 0x000000008cf00000| Untracked 
| 208|0x000000008d000000, 0x000000008d000000, 0x000000008d100000|  0%| F|  |TAMS 0x000000008d000000, 0x000000008d000000| Untracked 
| 209|0x000000008d100000, 0x000000008d100000, 0x000000008d200000|  0%| F|  |TAMS 0x000000008d100000, 0x000000008d100000| Untracked 
| 210|0x000000008d200000, 0x000000008d200000, 0x000000008d300000|  0%| F|  |TAMS 0x000000008d200000, 0x000000008d200000| Untracked 
| 211|0x000000008d300000, 0x000000008d300000, 0x000000008d400000|  0%| F|  |TAMS 0x000000008d300000, 0x000000008d300000| Untracked 
| 212|0x000000008d400000, 0x000000008d400000, 0x000000008d500000|  0%| F|  |TAMS 0x000000008d400000, 0x000000008d400000| Untracked 
| 213|0x000000008d500000, 0x000000008d500000, 0x000000008d600000|  0%| F|  |TAMS 0x000000008d500000, 0x000000008d500000| Untracked 
| 214|0x000000008d600000, 0x000000008d600000, 0x000000008d700000|  0%| F|  |TAMS 0x000000008d600000, 0x000000008d600000| Untracked 
| 215|0x000000008d700000, 0x000000008d800000, 0x000000008d800000|100%| S|CS|TAMS 0x000000008d700000, 0x000000008d700000| Complete 
| 216|0x000000008d800000, 0x000000008d800000, 0x000000008d900000|  0%| F|  |TAMS 0x000000008d800000, 0x000000008d800000| Untracked 
| 217|0x000000008d900000, 0x000000008d900000, 0x000000008da00000|  0%| F|  |TAMS 0x000000008d900000, 0x000000008d900000| Untracked 
| 218|0x000000008da00000, 0x000000008db00000, 0x000000008db00000|100%| S|CS|TAMS 0x000000008da00000, 0x000000008da00000| Complete 
| 219|0x000000008db00000, 0x000000008db00000, 0x000000008dc00000|  0%| F|  |TAMS 0x000000008db00000, 0x000000008db00000| Untracked 
| 220|0x000000008dc00000, 0x000000008dc00000, 0x000000008dd00000|  0%| F|  |TAMS 0x000000008dc00000, 0x000000008dc00000| Untracked 
| 221|0x000000008dd00000, 0x000000008dd00000, 0x000000008de00000|  0%| F|  |TAMS 0x000000008dd00000, 0x000000008dd00000| Untracked 
| 222|0x000000008de00000, 0x000000008de00000, 0x000000008df00000|  0%| F|  |TAMS 0x000000008de00000, 0x000000008de00000| Untracked 
| 223|0x000000008df00000, 0x000000008e000000, 0x000000008e000000|100%| O|  |TAMS 0x000000008e000000, 0x000000008e000000| Untracked 
| 224|0x000000008e000000, 0x000000008e100000, 0x000000008e100000|100%| O|  |TAMS 0x000000008e100000, 0x000000008e100000| Untracked 
| 225|0x000000008e100000, 0x000000008e100000, 0x000000008e200000|  0%| F|  |TAMS 0x000000008e100000, 0x000000008e100000| Untracked 
| 226|0x000000008e200000, 0x000000008e300000, 0x000000008e300000|100%| O|  |TAMS 0x000000008e300000, 0x000000008e300000| Untracked 
| 227|0x000000008e300000, 0x000000008e400000, 0x000000008e400000|100%| O|  |TAMS 0x000000008e400000, 0x000000008e400000| Untracked 
| 228|0x000000008e400000, 0x000000008e500000, 0x000000008e500000|100%| O|  |TAMS 0x000000008e500000, 0x000000008e500000| Untracked 
| 229|0x000000008e500000, 0x000000008e500000, 0x000000008e600000|  0%| F|  |TAMS 0x000000008e500000, 0x000000008e500000| Untracked 
| 230|0x000000008e600000, 0x000000008e700000, 0x000000008e700000|100%| O|  |TAMS 0x000000008e700000, 0x000000008e700000| Untracked 
| 231|0x000000008e700000, 0x000000008e800000, 0x000000008e800000|100%| O|  |TAMS 0x000000008e800000, 0x000000008e800000| Untracked 
| 232|0x000000008e800000, 0x000000008e800000, 0x000000008e900000|  0%| F|  |TAMS 0x000000008e800000, 0x000000008e800000| Untracked 
| 233|0x000000008e900000, 0x000000008ea00000, 0x000000008ea00000|100%| O|  |TAMS 0x000000008ea00000, 0x000000008ea00000| Untracked 
| 234|0x000000008ea00000, 0x000000008ea00000, 0x000000008eb00000|  0%| F|  |TAMS 0x000000008ea00000, 0x000000008ea00000| Untracked 
| 235|0x000000008eb00000, 0x000000008eb00000, 0x000000008ec00000|  0%| F|  |TAMS 0x000000008eb00000, 0x000000008eb00000| Untracked 
| 236|0x000000008ec00000, 0x000000008ec00000, 0x000000008ed00000|  0%| F|  |TAMS 0x000000008ec00000, 0x000000008ec00000| Untracked 
| 237|0x000000008ed00000, 0x000000008ee00000, 0x000000008ee00000|100%| O|  |TAMS 0x000000008ee00000, 0x000000008ee00000| Untracked 
| 238|0x000000008ee00000, 0x000000008ef00000, 0x000000008ef00000|100%| O|  |TAMS 0x000000008ef00000, 0x000000008ef00000| Untracked 
| 239|0x000000008ef00000, 0x000000008f000000, 0x000000008f000000|100%| O|  |TAMS 0x000000008f000000, 0x000000008f000000| Untracked 
| 240|0x000000008f000000, 0x000000008f100000, 0x000000008f100000|100%| O|  |TAMS 0x000000008f100000, 0x000000008f100000| Untracked 

Card table byte_map: [0x0000027bf5260000,0x0000027bf5660000] _byte_map_base: 0x0000027bf4e60000

Marking Bits (Prev, Next): (CMBitMap*) 0x0000027bef591288, (CMBitMap*) 0x0000027bef5912c0
 Prev Bits: [0x0000027bf5a60000, 0x0000027bf7a60000)
 Next Bits: [0x0000027bf7a60000, 0x0000027bf9a60000)

Polling page: 0x0000027bef620000

Metaspace:

Usage:
  Non-class:     93.55 MB capacity,    91.93 MB ( 98%) used,     1.33 MB (  1%) free+waste,   301.13 KB ( <1%) overhead. 
      Class:     14.36 MB capacity,    13.40 MB ( 93%) used,   849.40 KB (  6%) free+waste,   133.75 KB ( <1%) overhead. 
       Both:    107.91 MB capacity,   105.33 MB ( 98%) used,     2.16 MB (  2%) free+waste,   434.88 KB ( <1%) overhead. 

Virtual space:
  Non-class space:       94.00 MB reserved,      93.58 MB (>99%) committed 
      Class space:        1.00 GB reserved,      14.38 MB (  1%) committed 
             Both:        1.09 GB reserved,     107.96 MB ( 10%) committed 

Chunk freelists:
   Non-Class:  29.00 KB
       Class:  15.00 KB
        Both:  44.00 KB

MaxMetaspaceSize: 17179869184.00 GB
CompressedClassSpaceSize: 1.00 GB

CodeHeap 'non-profiled nmethods': size=120064Kb used=8279Kb max_used=8279Kb free=111784Kb
 bounds [0x0000027b87ac0000, 0x0000027b882e0000, 0x0000027b8f000000]
CodeHeap 'profiled nmethods': size=120000Kb used=28349Kb max_used=28349Kb free=91650Kb
 bounds [0x0000027b80590000, 0x0000027b82140000, 0x0000027b87ac0000]
CodeHeap 'non-nmethods': size=5696Kb used=2343Kb max_used=2387Kb free=3352Kb
 bounds [0x0000027b80000000, 0x0000027b80270000, 0x0000027b80590000]
 total_blobs=13978 nmethods=13012 adapters=877
 compilation: enabled
              stopped_count=0, restarted_count=0
 full_count=0

Compilation events (20 events):
Event: 37.051 Thread 0x0000027b92b6d800 13144       4       jdk.nio.zipfs.ZipCoder::isUTF8 (16 bytes)
Event: 37.052 Thread 0x0000027b92b6d800 nmethod 13144 0x0000027b882d2890 code [0x0000027b882d2a20, 0x0000027b882d2a98]
Event: 37.052 Thread 0x0000027b92b6d800 13132       4       com.android.tools.r8.internal.a51::l (60 bytes)
Event: 37.055 Thread 0x0000027b92b6d800 nmethod 13132 0x0000027b882d2b10 code [0x0000027b882d2ca0, 0x0000027b882d2ef8]
Event: 37.055 Thread 0x0000027b92b6d800 13133       4       com.android.tools.r8.internal.LH0$$Lambda$1162/0x0000000100df5c40::accept (12 bytes)
Event: 37.057 Thread 0x0000027b92b6d800 nmethod 13133 0x0000027b882d3010 code [0x0000027b882d31c0, 0x0000027b882d3288]
Event: 37.059 Thread 0x0000027b92b6d800 13146       4       com.android.tools.r8.graph.T0::g (62 bytes)
Event: 37.069 Thread 0x0000027b92b6d800 nmethod 13146 0x0000027b882d3390 code [0x0000027b882d3540, 0x0000027b882d3b78]
Event: 37.069 Thread 0x0000027b92b6d800 13147   !   4       java.nio.DirectByteBuffer::get (151 bytes)
Event: 37.074 Thread 0x0000027b92b6d800 nmethod 13147 0x0000027b882d3f90 code [0x0000027b882d4140, 0x0000027b882d4448]
Event: 37.076 Thread 0x0000027b92b6d800 13148       4       java.nio.channels.spi.AbstractInterruptibleChannel::begin (48 bytes)
Event: 37.084 Thread 0x0000027b92b6d800 nmethod 13148 0x0000027b882d4890 code [0x0000027b882d4a40, 0x0000027b882d4fc8]
Event: 37.084 Thread 0x0000027b92b6d800 13149       4       java.nio.channels.spi.AbstractInterruptibleChannel::end (53 bytes)
Event: 37.085 Thread 0x0000027bfc0cd000 13151       3       java.util.concurrent.locks.ReentrantReadWriteLock$Sync::tryAcquire (92 bytes)
Event: 37.087 Thread 0x0000027bfc0cd000 nmethod 13151 0x0000027b8213df10 code [0x0000027b8213e180, 0x0000027b8213ec78]
Event: 37.087 Thread 0x0000027bfc0cd000 13152       3       java.util.concurrent.locks.ReentrantReadWriteLock$Sync::tryRelease (51 bytes)
Event: 37.087 Thread 0x0000027bfc0cd000 nmethod 13152 0x0000027b8213f010 code [0x0000027b8213f200, 0x0000027b8213f648]
Event: 37.088 Thread 0x0000027b92b6d800 nmethod 13149 0x0000027b882d5210 code [0x0000027b882d53c0, 0x0000027b882d56d8]
Event: 37.088 Thread 0x0000027b92b6d800 13150       4       jdk.nio.zipfs.ZipFileAttributeView::get (46 bytes)
Event: 37.091 Thread 0x0000027b92b6d800 nmethod 13150 0x0000027b882d5890 code [0x0000027b882d5a40, 0x0000027b882d5bd8]

GC Heap History (20 events):
Event: 33.505 GC heap after
{Heap after GC invocations=27 (full 0):
 garbage-first heap   total 227328K, used 110458K [0x0000000080000000, 0x0000000100000000)
  region size 1024K, 5 young (5120K), 5 survivors (5120K)
 Metaspace       used 99513K, capacity 102072K, committed 102356K, reserved 1138688K
  class space    used 12717K, capacity 13660K, committed 13696K, reserved 1048576K
}
Event: 34.103 GC heap before
{Heap before GC invocations=28 (full 0):
 garbage-first heap   total 227328K, used 150394K [0x0000000080000000, 0x0000000100000000)
  region size 1024K, 27 young (27648K), 5 survivors (5120K)
 Metaspace       used 99542K, capacity 102168K, committed 102484K, reserved 1138688K
  class space    used 12722K, capacity 13692K, committed 13824K, reserved 1048576K
}
Event: 34.120 GC heap after
{Heap after GC invocations=29 (full 0):
 garbage-first heap   total 227328K, used 136646K [0x0000000080000000, 0x0000000100000000)
  region size 1024K, 9 young (9216K), 9 survivors (9216K)
 Metaspace       used 99542K, capacity 102168K, committed 102484K, reserved 1138688K
  class space    used 12722K, capacity 13692K, committed 13824K, reserved 1048576K
}
Event: 34.660 GC heap before
{Heap before GC invocations=29 (full 0):
 garbage-first heap   total 227328K, used 225734K [0x0000000080000000, 0x0000000100000000)
  region size 1024K, 48 young (49152K), 9 survivors (9216K)
 Metaspace       used 105115K, capacity 107646K, committed 107732K, reserved 1142784K
  class space    used 13481K, capacity 14457K, committed 14464K, reserved 1048576K
}
Event: 34.676 GC heap after
{Heap after GC invocations=30 (full 0):
 garbage-first heap   total 246784K, used 173056K [0x0000000080000000, 0x0000000100000000)
  region size 1024K, 7 young (7168K), 7 survivors (7168K)
 Metaspace       used 105115K, capacity 107646K, committed 107732K, reserved 1142784K
  class space    used 13481K, capacity 14457K, committed 14464K, reserved 1048576K
}
Event: 35.101 GC heap before
{Heap before GC invocations=31 (full 0):
 garbage-first heap   total 246784K, used 191488K [0x0000000080000000, 0x0000000100000000)
  region size 1024K, 27 young (27648K), 7 survivors (7168K)
 Metaspace       used 106075K, capacity 108591K, committed 108628K, reserved 1142784K
  class space    used 13564K, capacity 14558K, committed 14592K, reserved 1048576K
}
Event: 35.131 GC heap after
{Heap after GC invocations=32 (full 0):
 garbage-first heap   total 246784K, used 178176K [0x0000000080000000, 0x0000000100000000)
  region size 1024K, 5 young (5120K), 5 survivors (5120K)
 Metaspace       used 106075K, capacity 108591K, committed 108628K, reserved 1142784K
  class space    used 13564K, capacity 14558K, committed 14592K, reserved 1048576K
}
Event: 35.804 GC heap before
{Heap before GC invocations=33 (full 0):
 garbage-first heap   total 246784K, used 202752K [0x0000000080000000, 0x0000000100000000)
  region size 1024K, 28 young (28672K), 5 survivors (5120K)
 Metaspace       used 107441K, capacity 110037K, committed 110292K, reserved 1144832K
  class space    used 13700K, capacity 14699K, committed 14720K, reserved 1048576K
}
Event: 35.827 GC heap after
{Heap after GC invocations=34 (full 0):
 garbage-first heap   total 246784K, used 185441K [0x0000000080000000, 0x0000000100000000)
  region size 1024K, 4 young (4096K), 4 survivors (4096K)
 Metaspace       used 107441K, capacity 110037K, committed 110292K, reserved 1144832K
  class space    used 13700K, capacity 14699K, committed 14720K, reserved 1048576K
}
Event: 35.889 GC heap before
{Heap before GC invocations=34 (full 0):
 garbage-first heap   total 246784K, used 189537K [0x0000000080000000, 0x0000000100000000)
  region size 1024K, 9 young (9216K), 4 survivors (4096K)
 Metaspace       used 107541K, capacity 110101K, committed 110292K, reserved 1144832K
  class space    used 13700K, capacity 14699K, committed 14720K, reserved 1048576K
}
Event: 35.905 GC heap after
{Heap after GC invocations=35 (full 0):
 garbage-first heap   total 246784K, used 188776K [0x0000000080000000, 0x0000000100000000)
  region size 1024K, 3 young (3072K), 3 survivors (3072K)
 Metaspace       used 107541K, capacity 110101K, committed 110292K, reserved 1144832K
  class space    used 13700K, capacity 14699K, committed 14720K, reserved 1048576K
}
Event: 36.433 GC heap before
{Heap before GC invocations=35 (full 0):
 garbage-first heap   total 246784K, used 202088K [0x0000000080000000, 0x0000000100000000)
  region size 1024K, 16 young (16384K), 3 survivors (3072K)
 Metaspace       used 107718K, capacity 110309K, committed 110548K, reserved 1144832K
  class space    used 13714K, capacity 14704K, committed 14720K, reserved 1048576K
}
Event: 36.454 GC heap after
{Heap after GC invocations=36 (full 0):
 garbage-first heap   total 246784K, used 194346K [0x0000000080000000, 0x0000000100000000)
  region size 1024K, 2 young (2048K), 2 survivors (2048K)
 Metaspace       used 107718K, capacity 110309K, committed 110548K, reserved 1144832K
  class space    used 13714K, capacity 14704K, committed 14720K, reserved 1048576K
}
Event: 36.626 GC heap before
{Heap before GC invocations=37 (full 0):
 garbage-first heap   total 246784K, used 205610K [0x0000000080000000, 0x0000000100000000)
  region size 1024K, 13 young (13312K), 2 survivors (2048K)
 Metaspace       used 107827K, capacity 110376K, committed 110548K, reserved 1144832K
  class space    used 13721K, capacity 14705K, committed 14720K, reserved 1048576K
}
Event: 36.648 GC heap after
{Heap after GC invocations=38 (full 0):
 garbage-first heap   total 246784K, used 199901K [0x0000000080000000, 0x0000000100000000)
  region size 1024K, 2 young (2048K), 2 survivors (2048K)
 Metaspace       used 107827K, capacity 110376K, committed 110548K, reserved 1144832K
  class space    used 13721K, capacity 14705K, committed 14720K, reserved 1048576K
}
Event: 36.768 GC heap before
{Heap before GC invocations=38 (full 0):
 garbage-first heap   total 246784K, used 209117K [0x0000000080000000, 0x0000000100000000)
  region size 1024K, 12 young (12288K), 2 survivors (2048K)
 Metaspace       used 107832K, capacity 110440K, committed 110548K, reserved 1144832K
  class space    used 13721K, capacity 14705K, committed 14720K, reserved 1048576K
}
Event: 36.791 GC heap after
{Heap after GC invocations=39 (full 0):
 garbage-first heap   total 246784K, used 204382K [0x0000000080000000, 0x0000000100000000)
  region size 1024K, 2 young (2048K), 2 survivors (2048K)
 Metaspace       used 107832K, capacity 110440K, committed 110548K, reserved 1144832K
  class space    used 13721K, capacity 14705K, committed 14720K, reserved 1048576K
}
Event: 36.957 GC heap before
{Heap before GC invocations=39 (full 0):
 garbage-first heap   total 246784K, used 216670K [0x0000000080000000, 0x0000000100000000)
  region size 1024K, 12 young (12288K), 2 survivors (2048K)
 Metaspace       used 107846K, capacity 110440K, committed 110548K, reserved 1144832K
  class space    used 13721K, capacity 14705K, committed 14720K, reserved 1048576K
}
Event: 36.979 GC heap after
{Heap after GC invocations=40 (full 0):
 garbage-first heap   total 246784K, used 211135K [0x0000000080000000, 0x0000000100000000)
  region size 1024K, 2 young (2048K), 2 survivors (2048K)
 Metaspace       used 107846K, capacity 110440K, committed 110548K, reserved 1144832K
  class space    used 13721K, capacity 14705K, committed 14720K, reserved 1048576K
}
Event: 37.098 GC heap before
{Heap before GC invocations=40 (full 0):
 garbage-first heap   total 246784K, used 220351K [0x0000000080000000, 0x0000000100000000)
  region size 1024K, 12 young (12288K), 2 survivors (2048K)
 Metaspace       used 107856K, capacity 110504K, committed 110548K, reserved 1144832K
  class space    used 13721K, capacity 14705K, committed 14720K, reserved 1048576K
}

Deoptimization events (20 events):
Event: 35.758 Thread 0x0000027b92b70800 DEOPT PACKING pc=0x0000027b87f6c4c4 sp=0x000000bc5e7fc160
Event: 35.758 Thread 0x0000027b92b70800 DEOPT UNPACKING pc=0x0000027b8002662f sp=0x000000bc5e7fc0e8 mode 2
Event: 35.758 Thread 0x0000027b92b70800 Uncommon trap: trap_request=0xffffff4d fr.pc=0x0000027b87f6c4c4 relative=0x0000000000000184
Event: 35.758 Thread 0x0000027b92b70800 Uncommon trap: reason=unstable_if action=reinterpret pc=0x0000027b87f6c4c4 method=java.util.regex.Pattern$GroupTail.match(Ljava/util/regex/Matcher;ILjava/lang/CharSequence;)Z @ 73 c2
Event: 35.758 Thread 0x0000027b92b70800 DEOPT PACKING pc=0x0000027b87f6c4c4 sp=0x000000bc5e7fc1f0
Event: 35.758 Thread 0x0000027b92b70800 DEOPT UNPACKING pc=0x0000027b8002662f sp=0x000000bc5e7fc198 mode 2
Event: 35.758 Thread 0x0000027b92b70800 Uncommon trap: trap_request=0xffffff4d fr.pc=0x0000027b87f6c4c4 relative=0x0000000000000184
Event: 35.758 Thread 0x0000027b92b70800 Uncommon trap: reason=unstable_if action=reinterpret pc=0x0000027b87f6c4c4 method=java.util.regex.Pattern$GroupTail.match(Ljava/util/regex/Matcher;ILjava/lang/CharSequence;)Z @ 73 c2
Event: 35.758 Thread 0x0000027b92b70800 DEOPT PACKING pc=0x0000027b87f6c4c4 sp=0x000000bc5e7fc2f0
Event: 35.758 Thread 0x0000027b92b70800 DEOPT UNPACKING pc=0x0000027b8002662f sp=0x000000bc5e7fc278 mode 2
Event: 36.563 Thread 0x0000027b92b70800 Uncommon trap: trap_request=0xffffff4d fr.pc=0x0000027b88220cd0 relative=0x0000000000001f10
Event: 36.563 Thread 0x0000027b92b70800 Uncommon trap: reason=unstable_if action=reinterpret pc=0x0000027b88220cd0 method=java.nio.file.FileTreeWalker.visit(Ljava/nio/file/Path;ZZ)Ljava/nio/file/FileTreeWalker$Event; @ 53 c2
Event: 36.563 Thread 0x0000027b92b70800 DEOPT PACKING pc=0x0000027b88220cd0 sp=0x000000bc5e7fcae0
Event: 36.563 Thread 0x0000027b92b70800 DEOPT UNPACKING pc=0x0000027b8002662f sp=0x000000bc5e7fca38 mode 2
Event: 36.607 Thread 0x0000027b92b6c800 Uncommon trap: trap_request=0xffffff4d fr.pc=0x0000027b88270a68 relative=0x00000000000013a8
Event: 36.607 Thread 0x0000027b92b6c800 Uncommon trap: reason=unstable_if action=reinterpret pc=0x0000027b88270a68 method=java.util.concurrent.ConcurrentHashMap.putVal(Ljava/lang/Object;Ljava/lang/Object;Z)Ljava/lang/Object; @ 401 c2
Event: 36.607 Thread 0x0000027b92b6c800 DEOPT PACKING pc=0x0000027b88270a68 sp=0x000000bc62cfd7a0
Event: 36.607 Thread 0x0000027b92b6c800 DEOPT UNPACKING pc=0x0000027b8002662f sp=0x000000bc62cfd740 mode 2
Event: 36.709 Thread 0x0000027b92b70800 DEOPT PACKING pc=0x0000027b80b9a9a8 sp=0x000000bc5e7fc940
Event: 36.709 Thread 0x0000027b92b70800 DEOPT UNPACKING pc=0x0000027b80026dde sp=0x000000bc5e7fbde8 mode 0

Classes redefined (0 events):
No events

Internal exceptions (20 events):
Event: 27.409 Thread 0x0000027b94c8c800 Exception <a 'java/lang/NoSuchMethodError'{0x000000008ab08060}: 'java.lang.Object java.lang.invoke.DirectMethodHandle$Holder.invokeStatic(java.lang.Object, java.lang.Object, int, java.lang.Object, long)'> (0x000000008ab08060) thrown at [./src/hotspot/share/interpreter/linkResolver.cpp, line 773]
Event: 27.421 Thread 0x0000027b94c8f000 Exception <a 'java/lang/NoSuchMethodError'{0x000000008acf0c58}: <clinit>> (0x000000008acf0c58) thrown at [./src/hotspot/share/prims/jni.cpp, line 1362]
Event: 27.422 Thread 0x0000027b94c8f000 Exception <a 'java/lang/NoSuchMethodError'{0x000000008ab14348}: <clinit>> (0x000000008ab14348) thrown at [./src/hotspot/share/prims/jni.cpp, line 1362]
Event: 27.423 Thread 0x0000027b94c8f000 Exception <a 'java/lang/NoSuchMethodError'{0x000000008ab26118}: <clinit>> (0x000000008ab26118) thrown at [./src/hotspot/share/prims/jni.cpp, line 1362]
Event: 27.431 Thread 0x0000027b94c8f000 Exception <a 'java/lang/NoSuchMethodError'{0x000000008ab61ad0}: <clinit>> (0x000000008ab61ad0) thrown at [./src/hotspot/share/prims/jni.cpp, line 1362]
Event: 27.460 Thread 0x0000027b94c8f000 Exception <a 'java/lang/NoSuchMethodError'{0x000000008aae96a8}: <clinit>> (0x000000008aae96a8) thrown at [./src/hotspot/share/prims/jni.cpp, line 1362]
Event: 27.464 Thread 0x0000027b94c8f000 Exception <a 'java/lang/NoSuchMethodError'{0x000000008a9316d8}: <clinit>> (0x000000008a9316d8) thrown at [./src/hotspot/share/prims/jni.cpp, line 1362]
Event: 27.464 Thread 0x0000027b94c8f000 Exception <a 'java/lang/NoSuchMethodError'{0x000000008a94e8b8}: <clinit>> (0x000000008a94e8b8) thrown at [./src/hotspot/share/prims/jni.cpp, line 1362]
Event: 27.465 Thread 0x0000027b94c8f000 Exception <a 'java/lang/NoSuchMethodError'{0x000000008a96bd58}: <clinit>> (0x000000008a96bd58) thrown at [./src/hotspot/share/prims/jni.cpp, line 1362]
Event: 27.492 Thread 0x0000027b92b6f000 Exception <a 'java/lang/NoSuchMethodError'{0x000000008a743db8}: 'java.lang.Object java.lang.invoke.DirectMethodHandle$Holder.invokeStatic(java.lang.Object, java.lang.Object, java.lang.Object, java.lang.Object, java.lang.Object, java.lang.Object, java.lang.Object, java.lang.Object, java.lang.Object, java.lang.Object, java.lang.Object, java.lang.Object, java.lang.Object, int)'> (0x000000008a743db8) thrown at [./src/hotspot/share/interpreter/linkResolver.cpp, line 773]
Event: 27.494 Thread 0x0000027b92b6f000 Exception <a 'java/lang/NoSuchMethodError'{0x000000008a750c78}: 'java.lang.Object java.lang.invoke.DirectMethodHandle$Holder.invokeStatic(java.lang.Object, java.lang.Object, java.lang.Object, java.lang.Object, java.lang.Object, java.lang.Object, java.lang.Object, java.lang.Object, java.lang.Object, java.lang.Object, java.lang.Object, java.lang.Object, java.lang.Object, int, int)'> (0x000000008a750c78) thrown at [./src/hotspot/share/interpreter/linkResolver.cpp, line 773]
Event: 30.740 Thread 0x0000027b94c8f000 Exception <a 'java/lang/NoSuchMethodError'{0x000000008a6eba58}: 'void java.lang.invoke.DirectMethodHandle$Holder.invokeStatic(java.lang.Object, java.lang.Object, java.lang.Object, java.lang.Object, java.lang.Object, java.lang.Object, java.lang.Object)'> (0x000000008a6eba58) thrown at [./src/hotspot/share/interpreter/linkResolver.cpp, line 773]
Event: 30.755 Thread 0x0000027b8f793000 Exception <a 'java/lang/NoSuchMethodError'{0x000000008a4263c8}: <clinit>> (0x000000008a4263c8) thrown at [./src/hotspot/share/prims/jni.cpp, line 1362]
Event: 31.239 Thread 0x0000027b94c8f000 Exception <a 'java/lang/NoSuchMethodError'{0x000000008da72290}: <clinit>> (0x000000008da72290) thrown at [./src/hotspot/share/prims/jni.cpp, line 1362]
Event: 31.548 Thread 0x0000027b94c8f000 Exception <a 'java/lang/NoSuchMethodError'{0x000000008c10e778}: <clinit>> (0x000000008c10e778) thrown at [./src/hotspot/share/prims/jni.cpp, line 1362]
Event: 31.642 Thread 0x0000027b92b70800 Implicit null exception at 0x0000027b8817c9cf to 0x0000027b8817d240
Event: 34.236 Thread 0x0000027b92b6c800 Exception <a 'sun/nio/fs/WindowsException'{0x000000008d858540}> (0x000000008d858540) thrown at [./src/hotspot/share/prims/jni.cpp, line 615]
Event: 34.602 Thread 0x0000027b92b70800 Exception <a 'sun/nio/fs/WindowsException'{0x000000008c7d0a48}> (0x000000008c7d0a48) thrown at [./src/hotspot/share/prims/jni.cpp, line 615]
Event: 34.602 Thread 0x0000027b92b70800 Exception <a 'sun/nio/fs/WindowsException'{0x000000008c7d0b30}> (0x000000008c7d0b30) thrown at [./src/hotspot/share/prims/jni.cpp, line 615]
Event: 34.623 Thread 0x0000027b92b6c800 Exception <a 'java/lang/NoSuchMethodError'{0x000000008c6a4380}: 'java.lang.Object java.lang.invoke.DirectMethodHandle$Holder.invokeStaticInit(java.lang.Object, java.lang.Object, java.lang.Object, java.lang.Object, java.lang.Object, java.lang.Object, java.lang.Object, java.lang.Object, java.lang.Object, java.lang.Object, java.lang.Object, java.lang.Object, java.lang.Object, java.lang.Object, java.lang.Object, java.lang.Object, java.lang.Object, java.lang.Object, int, java.lang.Object, java.lang.Object)'> (0

Events (20 events):
Event: 36.454 Executing VM operation: G1CollectForAllocation done
Event: 36.464 loading class com/sun/tools/javac/resources/spi/ctProvider
Event: 36.464 loading class com/sun/tools/javac/resources/spi/ctProvider done
Event: 36.476 loading class com/sun/tools/javac/code/Symbol$PackageSymbol
Event: 36.476 loading class com/sun/tools/javac/code/Symbol$PackageSymbol done
Event: 36.476 loading class com/sun/tools/javac/code/ClassFinder
Event: 36.476 loading class com/sun/tools/javac/code/ClassFinder done
Event: 36.607 loading class java/util/concurrent/ConcurrentHashMap$TreeNode
Event: 36.607 loading class java/util/concurrent/ConcurrentHashMap$TreeNode done
Event: 36.607 loading class java/util/concurrent/ConcurrentHashMap$TreeBin
Event: 36.608 loading class java/util/concurrent/ConcurrentHashMap$TreeBin done
Event: 36.624 Executing VM operation: CGC_Operation
Event: 36.625 Executing VM operation: CGC_Operation done
Event: 36.626 Executing VM operation: G1CollectForAllocation
Event: 36.648 Executing VM operation: G1CollectForAllocation done
Event: 36.768 Executing VM operation: G1CollectForAllocation
Event: 36.791 Executing VM operation: G1CollectForAllocation done
Event: 36.956 Executing VM operation: G1CollectForAllocation
Event: 36.979 Executing VM operation: G1CollectForAllocation done
Event: 37.098 Executing VM operation: G1CollectForAllocation


Dynamic libraries:
0x00007ff7323e0000 - 0x00007ff7323ea000 	C:\Program Files\Android\Android Studio New\jre\bin\java.exe
0x00007ffbc5380000 - 0x00007ffbc5570000 	C:\WINDOWS\SYSTEM32\ntdll.dll
0x00007ffbc3690000 - 0x00007ffbc3742000 	C:\WINDOWS\System32\KERNEL32.DLL
0x00007ffbc2490000 - 0x00007ffbc2735000 	C:\WINDOWS\System32\KERNELBASE.dll
0x00007ffbc2a60000 - 0x00007ffbc2b5a000 	C:\WINDOWS\System32\ucrtbase.dll
0x00007ffbb79e0000 - 0x00007ffbb79f9000 	C:\Program Files\Android\Android Studio New\jre\bin\jli.dll
0x00007ffb9fad0000 - 0x00007ffb9fae7000 	C:\Program Files\Android\Android Studio New\jre\bin\VCRUNTIME140.dll
0x00007ffbc51a0000 - 0x00007ffbc5334000 	C:\WINDOWS\System32\USER32.dll
0x00007ffbc2a30000 - 0x00007ffbc2a51000 	C:\WINDOWS\System32\win32u.dll
0x00007ffba7b80000 - 0x00007ffba7e04000 	C:\WINDOWS\WinSxS\amd64_microsoft.windows.common-controls_6595b64144ccf1df_6.0.18362.1256_none_9e7e379be45e40e2\COMCTL32.dll
0x00007ffbc4fb0000 - 0x00007ffbc4fd6000 	C:\WINDOWS\System32\GDI32.dll
0x00007ffbc5100000 - 0x00007ffbc519e000 	C:\WINDOWS\System32\msvcrt.dll
0x00007ffbc22f0000 - 0x00007ffbc2486000 	C:\WINDOWS\System32\gdi32full.dll
0x00007ffbc4550000 - 0x00007ffbc4886000 	C:\WINDOWS\System32\combase.dll
0x00007ffbc2770000 - 0x00007ffbc280e000 	C:\WINDOWS\System32\msvcp_win.dll
0x00007ffbc4fe0000 - 0x00007ffbc5100000 	C:\WINDOWS\System32\RPCRT4.dll
0x00007ffbc2b60000 - 0x00007ffbc2be1000 	C:\WINDOWS\System32\bcryptPrimitives.dll
0x00007ffbc3750000 - 0x00007ffbc377e000 	C:\WINDOWS\System32\IMM32.DLL
0x00007ffb8d3e0000 - 0x00007ffb8d47d000 	C:\Program Files\Android\Android Studio New\jre\bin\msvcp140.dll
0x00007ffb57710000 - 0x00007ffb581e5000 	C:\Program Files\Android\Android Studio New\jre\bin\server\jvm.dll
0x00007ffbc44a0000 - 0x00007ffbc4543000 	C:\WINDOWS\System32\ADVAPI32.dll
0x00007ffbc3440000 - 0x00007ffbc34d7000 	C:\WINDOWS\System32\sechost.dll
0x00007ffbc3430000 - 0x00007ffbc3438000 	C:\WINDOWS\System32\PSAPI.DLL
0x00007ffbbbf00000 - 0x00007ffbbbf24000 	C:\WINDOWS\SYSTEM32\WINMM.dll
0x00007ffbbad50000 - 0x00007ffbbad59000 	C:\WINDOWS\SYSTEM32\WSOCK32.dll
0x00007ffbb9280000 - 0x00007ffbb928a000 	C:\WINDOWS\SYSTEM32\VERSION.dll
0x00007ffbc3c20000 - 0x00007ffbc3c8f000 	C:\WINDOWS\System32\WS2_32.dll
0x00007ffbbbed0000 - 0x00007ffbbbefd000 	C:\WINDOWS\SYSTEM32\WINMMBASE.dll
0x00007ffbc33e0000 - 0x00007ffbc342a000 	C:\WINDOWS\System32\cfgmgr32.dll
0x00007ffbc2250000 - 0x00007ffbc2261000 	C:\WINDOWS\System32\kernel.appcore.dll
0x00007ffb90130000 - 0x00007ffb90141000 	C:\Program Files\Android\Android Studio New\jre\bin\verify.dll
0x00007ffbc0950000 - 0x00007ffbc0b44000 	C:\WINDOWS\SYSTEM32\DBGHELP.DLL
0x00007ffbb7500000 - 0x00007ffbb752a000 	C:\WINDOWS\SYSTEM32\dbgcore.DLL
0x00007ffb8ffe0000 - 0x00007ffb90009000 	C:\Program Files\Android\Android Studio New\jre\bin\java.dll
0x00007ffba81d0000 - 0x00007ffba81db000 	C:\Program Files\Android\Android Studio New\jre\bin\jimage.dll
0x00007ffb90110000 - 0x00007ffb90128000 	C:\Program Files\Android\Android Studio New\jre\bin\zip.dll
0x00007ffbc3db0000 - 0x00007ffbc4497000 	C:\WINDOWS\System32\SHELL32.dll
0x00007ffbc3780000 - 0x00007ffbc3829000 	C:\WINDOWS\System32\shcore.dll
0x00007ffbc2c50000 - 0x00007ffbc33d1000 	C:\WINDOWS\System32\windows.storage.dll
0x00007ffbc22c0000 - 0x00007ffbc22e3000 	C:\WINDOWS\System32\profapi.dll
0x00007ffbc2270000 - 0x00007ffbc22ba000 	C:\WINDOWS\System32\powrprof.dll
0x00007ffbc2220000 - 0x00007ffbc2230000 	C:\WINDOWS\System32\UMPDC.dll
0x00007ffbc3980000 - 0x00007ffbc39d2000 	C:\WINDOWS\System32\shlwapi.dll
0x00007ffbc2810000 - 0x00007ffbc2827000 	C:\WINDOWS\System32\cryptsp.dll
0x00007ffb8f330000 - 0x00007ffb8f34a000 	C:\Program Files\Android\Android Studio New\jre\bin\net.dll
0x00007ffbb56e0000 - 0x00007ffbb57d0000 	C:\WINDOWS\SYSTEM32\WINHTTP.dll
0x00007ffbc1a10000 - 0x00007ffbc1a77000 	C:\WINDOWS\system32\mswsock.dll
0x00007ffb8dca0000 - 0x00007ffb8dcb4000 	C:\Program Files\Android\Android Studio New\jre\bin\nio.dll
0x00007ffb9ef30000 - 0x00007ffb9ef57000 	C:\Users\JOHN BATISTA\.gradle\native\e1d6ef7f7dcc3fd88c89a11ec53ec762bb8ba0a96d01ffa2cd45eb1d1d8dd5c5\windows-amd64\native-platform.dll
0x00007ffb8f160000 - 0x00007ffb8f2a4000 	C:\Users\JOHN BATISTA\.gradle\native\5664cfc778a61ccfe75a443a1ab52a65af34e5dc3c78e0209fed803814484fcb\windows-amd64\native-platform-file-events.dll
0x00007ffba3980000 - 0x00007ffba398a000 	C:\Program Files\Android\Android Studio New\jre\bin\management.dll
0x00007ffb9ded0000 - 0x00007ffb9dedd000 	C:\Program Files\Android\Android Studio New\jre\bin\management_ext.dll
0x00007ffbc1580000 - 0x00007ffbc15b3000 	C:\WINDOWS\system32\rsaenh.dll
0x00007ffbc2740000 - 0x00007ffbc2766000 	C:\WINDOWS\System32\bcrypt.dll
0x00007ffbc2140000 - 0x00007ffbc2165000 	C:\WINDOWS\SYSTEM32\USERENV.dll
0x00007ffbc1be0000 - 0x00007ffbc1bec000 	C:\WINDOWS\SYSTEM32\CRYPTBASE.dll
0x00007ffbc1720000 - 0x00007ffbc175a000 	C:\WINDOWS\SYSTEM32\IPHLPAPI.DLL
0x00007ffbc3970000 - 0x00007ffbc3978000 	C:\WINDOWS\System32\NSI.dll
0x00007ffbb7780000 - 0x00007ffbb7796000 	C:\WINDOWS\SYSTEM32\dhcpcsvc6.DLL
0x00007ffbb7760000 - 0x00007ffbb777c000 	C:\WINDOWS\SYSTEM32\dhcpcsvc.DLL
0x00007ffbc1770000 - 0x00007ffbc183b000 	C:\WINDOWS\SYSTEM32\DNSAPI.dll
0x00007ffbb8530000 - 0x00007ffbb8538000 	C:\Program Files\Android\Android Studio New\jre\bin\rmi.dll
0x00007ffbb91e0000 - 0x00007ffbb91f6000 	C:\WINDOWS\system32\napinsp.dll
0x00007ffbb71b0000 - 0x00007ffbb71ca000 	C:\WINDOWS\system32\pnrpnsp.dll
0x00007ffbbae80000 - 0x00007ffbbae8e000 	C:\WINDOWS\System32\winrnr.dll
0x00007ffbbad30000 - 0x00007ffbbad4c000 	C:\WINDOWS\system32\NLAapi.dll
0x00007ffbba3c0000 - 0x00007ffbba3d5000 	C:\WINDOWS\system32\wshbth.dll
0x00007ffbb73d0000 - 0x00007ffbb73da000 	C:\Windows\System32\rasadhlp.dll
0x00007ffbb6460000 - 0x00007ffbb64d7000 	C:\WINDOWS\System32\fwpuclnt.dll

dbghelp: loaded successfully - version: 4.0.5 - missing functions: none
symbol engine: initialized successfully - sym options: 0x614 - pdb path: .;C:\Program Files\Android\Android Studio New\jre\bin;C:\WINDOWS\SYSTEM32;C:\WINDOWS\WinSxS\amd64_microsoft.windows.common-controls_6595b64144ccf1df_6.0.18362.1256_none_9e7e379be45e40e2;C:\Program Files\Android\Android Studio New\jre\bin\server;C:\Users\JOHN BATISTA\.gradle\native\e1d6ef7f7dcc3fd88c89a11ec53ec762bb8ba0a96d01ffa2cd45eb1d1d8dd5c5\windows-amd64;C:\Users\JOHN BATISTA\.gradle\native\5664cfc778a61ccfe75a443a1ab52a65af34e5dc3c78e0209fed803814484fcb\windows-amd64

VM Arguments:
jvm_args: --add-opens=java.base/java.util=ALL-UNNAMED --add-opens=java.base/java.lang=ALL-UNNAMED --add-opens=java.base/java.lang.invoke=ALL-UNNAMED --add-opens=java.base/java.util=ALL-UNNAMED --add-opens=java.prefs/java.util.prefs=ALL-UNNAMED --add-opens=java.prefs/java.util.prefs=ALL-UNNAMED --add-opens=java.base/java.nio.charset=ALL-UNNAMED --add-opens=java.base/java.net=ALL-UNNAMED --add-opens=java.base/java.util.concurrent.atomic=ALL-UNNAMED -Xmx2048m -Dfile.encoding=UTF-8 -Duser.country=US -Duser.language=en -Duser.variant 
java_command: org.gradle.launcher.daemon.bootstrap.GradleDaemon 7.2
java_class_path (initial): C:\Users\JOHN BATISTA\.gradle\wrapper\dists\gradle-7.2-bin\2dnblmf4td7x66yl1d74lt32g\gradle-7.2\lib\gradle-launcher-7.2.jar
Launcher Type: SUN_STANDARD

[Global flags]
     intx CICompilerCount                          = 3                                         {product} {ergonomic}
     uint ConcGCThreads                            = 1                                         {product} {ergonomic}
     uint G1ConcRefinementThreads                  = 4                                         {product} {ergonomic}
   size_t G1HeapRegionSize                         = 1048576                                   {product} {ergonomic}
    uintx GCDrainStackTargetSize                   = 64                                        {product} {ergonomic}
   size_t InitialHeapSize                          = 134217728                                 {product} {ergonomic}
   size_t MarkStackSize                            = 4194304                                   {product} {ergonomic}
   size_t MaxHeapSize                              = 2147483648                                {product} {command line}
   size_t MaxNewSize                               = 1287651328                                {product} {ergonomic}
   size_t MinHeapDeltaBytes                        = 1048576                                   {product} {ergonomic}
    uintx NonNMethodCodeHeapSize                   = 5830732                                {pd product} {ergonomic}
    uintx NonProfiledCodeHeapSize                  = 122913754                              {pd product} {ergonomic}
    uintx ProfiledCodeHeapSize                     = 122913754                              {pd product} {ergonomic}
    uintx ReservedCodeCacheSize                    = 251658240                              {pd product} {ergonomic}
     bool SegmentedCodeCache                       = true                                      {product} {ergonomic}
     bool UseCompressedClassPointers               = true                                 {lp64_product} {ergonomic}
     bool UseCompressedOops                        = true                                 {lp64_product} {ergonomic}
     bool UseG1GC                                  = true                                      {product} {ergonomic}
     bool UseLargePagesIndividualAllocation        = false                                  {pd product} {ergonomic}

Logging:
Log output configuration:
 #0: stdout all=warning uptime,level,tags
 #1: stderr all=off uptime,level,tags

Environment Variables:
JAVA_HOME=C:\Program Files\Java\jdk-15.0.1
PATH=C:\Program Files\Java\jdk-15.0.1\bin;C:\Program Files\Git\cmd;C:\Program Files\PuTTY\;C:\Program Files\MATLAB\R2013a\runtime\win64;C:\Program Files\MATLAB\R2013a\bin;C:\Program Files\Microsoft VS Code\bin;C:\nodejs\;C:\Users\JOHN BATISTA\AppData\Local\Programs\Python\Python310\Scripts;C:\Users\JOHN BATISTA\AppData\Local\Programs\Python\Python310\Scripts\;C:\Users\JOHN BATISTA\AppData\Local\Programs\Python\Python310\;C:\Users\JOHN BATISTA\AppData\Roaming\npm;
USERNAME=JOHN BATISTA
OS=Windows_NT
PROCESSOR_IDENTIFIER=Intel64 Family 6 Model 142 Stepping 9, GenuineIntel



---------------  S Y S T E M  ---------------

OS: Windows 10 , 64 bit Build 18362 (10.0.18362.1110)
OS uptime: 3 days 14:31 hours

CPU:total 4 (initial active 4) (2 cores per cpu, 2 threads per core) family 6 model 142 stepping 9 microcode 0x8e, cmov, cx8, fxsr, mmx, sse, sse2, sse3, ssse3, sse4.1, sse4.2, popcnt, avx, avx2, aes, clmul, erms, 3dnowpref, lzcnt, ht, tsc, tscinvbit, bmi1, bmi2, adx, fma

Memory: 4k page, system-wide physical 8107M (597M free)
TotalPageFile size 20395M (AvailPageFile size 29M)
current process WorkingSet (physical memory assigned to process): 545M, peak: 546M
current process commit charge ("private bytes"): 575M, peak: 647M

vm_info: OpenJDK 64-Bit Server VM (11.0.11+9-b60-7590822) for windows-amd64 JRE (11.0.11+9-b60-7590822), built on Jul 29 2021 21:43:44 by "builder" with MS VC++ 14.0 (VS2015)

END.
