#
# There is insufficient memory for the Java Runtime Environment to continue.
# Native memory allocation (mmap) failed to map 108003328 bytes for Failed to commit area from 0x0000000092000000 to 0x0000000098700000 of length 108003328.
# Possible reasons:
#   The system is out of physical RAM or swap space
#   The process is running with CompressedOops enabled, and the Java Heap may be blocking the growth of the native heap
# Possible solutions:
#   Reduce memory load on the system
#   Increase physical memory or swap space
#   Check if swap backing store is full
#   Decrease Java heap size (-Xmx/-Xms)
#   Decrease number of Java threads
#   Decrease Java thread stack sizes (-Xss)
#   Set larger code cache with -XX:ReservedCodeCacheSize=
#   JVM is running with Unscaled Compressed Oops mode in which the Java heap is
#     placed in the first 4GB address space. The Java Heap base address is the
#     maximum limit for the native heap growth. Please use -XX:HeapBaseMinAddress
#     to set the Java Heap base and to place the Java Heap above 4GB virtual address.
# This output file may be truncated or incomplete.
#
#  Out of Memory Error (./src/hotspot/os/windows/os_windows.cpp:3301), pid=17428, tid=16856
#
# JRE version: OpenJDK Runtime Environment (11.0.11+9) (build 11.0.11+9-b60-7590822)
# Java VM: OpenJDK 64-Bit Server VM (11.0.11+9-b60-7590822, mixed mode, tiered, compressed oops, g1 gc, windows-amd64)
# No core dump will be written. Minidumps are not enabled by default on client versions of Windows
#

---------------  S U M M A R Y ------------

Command Line: --add-opens=java.base/java.util=ALL-UNNAMED --add-opens=java.base/java.lang=ALL-UNNAMED --add-opens=java.base/java.lang.invoke=ALL-UNNAMED --add-opens=java.base/java.util=ALL-UNNAMED --add-opens=java.prefs/java.util.prefs=ALL-UNNAMED --add-opens=java.prefs/java.util.prefs=ALL-UNNAMED --add-opens=java.base/java.nio.charset=ALL-UNNAMED --add-opens=java.base/java.net=ALL-UNNAMED --add-opens=java.base/java.util.concurrent.atomic=ALL-UNNAMED -Xmx2048m -Dfile.encoding=UTF-8 -Duser.country=US -Duser.language=en -Duser.variant org.gradle.launcher.daemon.bootstrap.GradleDaemon 7.2

Host: Intel(R) Core(TM) i3-7020U CPU @ 2.30GHz, 4 cores, 7G,  Windows 10 , 64 bit Build 18362 (10.0.18362.1110)
Time: Tue Jun 14 01:06:49 2022 UTC-11 elapsed time: 29.963101 seconds (0d 0h 0m 29s)

---------------  T H R E A D  ---------------

Current thread (0x000002196a039000):  VMThread "VM Thread" [stack: 0x000000408e100000,0x000000408e200000] [id=16856]

Stack: [0x000000408e100000,0x000000408e200000]
[error occurred during error reporting (printing stack bounds), id 0xc0000005, EXCEPTION_ACCESS_VIOLATION (0xc0000005) at pc=0x0000021953f50f2d]

Native frames: (J=compiled Java code, j=interpreted, Vv=VM code, C=native code)
V  [jvm.dll+0x5f214a]
V  [jvm.dll+0x726fb5]
V  [jvm.dll+0x7285cd]
V  [jvm.dll+0x728be5]
V  [jvm.dll+0x728b9b]
V  [jvm.dll+0x5f14e8]
V  [jvm.dll+0x5f1c78]
C  [ntdll.dll+0xa184f]
C  [ntdll.dll+0x6a889]
C  [ntdll.dll+0xa04be]
C  0x0000021953f50f2d

VM_Operation (0x00000040940fdc30): G1CollectForAllocation, mode: safepoint, requested by thread 0x000002196fc54000


---------------  P R O C E S S  ---------------

Threads class SMR info:
_java_thread_list=0x000002196ce1bb40, length=93, elements={
0x000002195045d000, 0x000002196a03d000, 0x000002196a047000, 0x000002196a9c5800,
0x000002196a9c6800, 0x000002196a9c9800, 0x000002196a9cd000, 0x000002196a9d2800,
0x000002196a064000, 0x000002196ab28800, 0x000002196bd21000, 0x000002196acbf000,
0x000002196d1f0800, 0x000002196c98e800, 0x000002196d19a000, 0x000002196cd25000,
0x000002196e7f1000, 0x000002196bf02000, 0x000002196c7b5000, 0x000002196cf1a800,
0x000002196cf1b800, 0x000002196cf1c000, 0x000002196cf1d000, 0x000002196cf19000,
0x000002196cf18000, 0x000002196cf1d800, 0x000002196cf1e800, 0x000002196cf19800,
0x000002196ad05800, 0x000002196ad00800, 0x000002196acff800, 0x000002196ad08000,
0x000002196ad08800, 0x000002196ad09800, 0x000002196ad04800, 0x000002196ad04000,
0x000002196ad0a800, 0x000002196ad0b000, 0x000002196ad0e800, 0x000002196ad0c000,
0x000002196ad0d000, 0x000002196ad0d800, 0x0000021971670800, 0x000002197166d800,
0x0000021971671800, 0x0000021971670000, 0x000002197166e000, 0x000002197166c000,
0x000002197166c800, 0x0000021971672800, 0x0000021971673000, 0x0000021971675000,
0x0000021971674000, 0x000002197166f000, 0x0000021971675800, 0x0000021971678000,
0x000002197167a800, 0x0000021971676800, 0x0000021971677000, 0x0000021971679000,
0x0000021971679800, 0x000002196faf3000, 0x000002196faf0000, 0x000002196faf0800,
0x000002196faf1800, 0x000002196faf2800, 0x000002196faf4000, 0x000002196faee800,
0x000002196faf5000, 0x000002196faef000, 0x000002196faf6800, 0x000002196faf9000,
0x000002196faf8000, 0x000002196fafb800, 0x000002196faf5800, 0x000002196faf9800,
0x000002196fafc000, 0x000002196faf7800, 0x000002196fafa800, 0x000002196fafd000,
0x000002196fc4e000, 0x000002196fc51800, 0x000002196fc50800, 0x000002196fc50000,
0x000002196ab5b800, 0x000002196fc52800, 0x000002196fc4d800, 0x000002196fc55000,
0x000002196fc4f000, 0x000002196fc55800, 0x000002196fc54000, 0x000002196fc57000,
0x000002196fc56800
}

Java Threads: ( => current thread )
  0x000002195045d000 JavaThread "main" [_thread_blocked, id=10068, stack(0x000000408db00000,0x000000408dc00000)]
  0x000002196a03d000 JavaThread "Reference Handler" daemon [_thread_blocked, id=7280, stack(0x000000408e200000,0x000000408e300000)]
  0x000002196a047000 JavaThread "Finalizer" daemon [_thread_blocked, id=12552, stack(0x000000408e300000,0x000000408e400000)]
  0x000002196a9c5800 JavaThread "Signal Dispatcher" daemon [_thread_blocked, id=16464, stack(0x000000408e400000,0x000000408e500000)]
  0x000002196a9c6800 JavaThread "Attach Listener" daemon [_thread_blocked, id=15820, stack(0x000000408e500000,0x000000408e600000)]
  0x000002196a9c9800 JavaThread "Service Thread" daemon [_thread_blocked, id=9808, stack(0x000000408e600000,0x000000408e700000)]
  0x000002196a9cd000 JavaThread "C2 CompilerThread0" daemon [_thread_blocked, id=9772, stack(0x000000408e700000,0x000000408e800000)]
  0x000002196a9d2800 JavaThread "C1 CompilerThread0" daemon [_thread_blocked, id=16540, stack(0x000000408e800000,0x000000408e900000)]
  0x000002196a064000 JavaThread "Sweeper thread" daemon [_thread_blocked, id=15852, stack(0x000000408e900000,0x000000408ea00000)]
  0x000002196ab28800 JavaThread "Common-Cleaner" daemon [_thread_blocked, id=11852, stack(0x000000408ea00000,0x000000408eb00000)]
  0x000002196bd21000 JavaThread "Daemon health stats" [_thread_blocked, id=3500, stack(0x000000408ef00000,0x000000408f000000)]
  0x000002196acbf000 JavaThread "Incoming local TCP Connector on port 54757" [_thread_in_native, id=14352, stack(0x000000408ec00000,0x000000408ed00000)]
  0x000002196d1f0800 JavaThread "Daemon periodic checks" [_thread_blocked, id=12616, stack(0x000000408f000000,0x000000408f100000)]
  0x000002196c98e800 JavaThread "Daemon" [_thread_blocked, id=14612, stack(0x000000408f100000,0x000000408f200000)]
  0x000002196d19a000 JavaThread "Handler for socket connection from /127.0.0.1:54757 to /127.0.0.1:54758" [_thread_in_native, id=14176, stack(0x000000408f200000,0x000000408f300000)]
  0x000002196cd25000 JavaThread "Cancel handler" [_thread_blocked, id=14736, stack(0x000000408f300000,0x000000408f400000)]
  0x000002196e7f1000 JavaThread "Daemon worker" [_thread_blocked, id=10260, stack(0x000000408f400000,0x000000408f500000)]
  0x000002196bf02000 JavaThread "Asynchronous log dispatcher for DefaultDaemonConnection: socket connection from /127.0.0.1:54757 to /127.0.0.1:54758" [_thread_blocked, id=11588, stack(0x000000408f500000,0x000000408f600000)]
  0x000002196c7b5000 JavaThread "Stdin handler" [_thread_blocked, id=13920, stack(0x000000408f600000,0x000000408f700000)]
  0x000002196cf1a800 JavaThread "Daemon client event forwarder" [_thread_blocked, id=17636, stack(0x000000408f700000,0x000000408f800000)]
  0x000002196cf1b800 JavaThread "Cache worker for journal cache (C:\Users\JOHN BATISTA\.gradle\caches\journal-1)" [_thread_blocked, id=14388, stack(0x000000408f900000,0x000000408fa00000)]
  0x000002196cf1c000 JavaThread "File lock request listener" [_thread_in_native, id=13872, stack(0x000000408fa00000,0x000000408fb00000)]
  0x000002196cf1d000 JavaThread "Cache worker for file hash cache (C:\Users\JOHN BATISTA\.gradle\caches\7.2\fileHashes)" [_thread_blocked, id=5916, stack(0x000000408fb00000,0x000000408fc00000)]
  0x000002196cf19000 JavaThread "Cache worker for file hash cache (C:\Users\JOHN BATISTA\AndroidStudioProjects\SportsApplication\.gradle\7.2\fileHashes)" [_thread_blocked, id=3480, stack(0x000000408fd00000,0x000000408fe00000)]
  0x000002196cf18000 JavaThread "File watcher server" daemon [_thread_blocked, id=13072, stack(0x000000408fe00000,0x000000408ff00000)]
  0x000002196cf1d800 JavaThread "File watcher consumer" daemon [_thread_blocked, id=10256, stack(0x000000408ff00000,0x0000004090000000)]
  0x000002196cf1e800 JavaThread "Cache worker for checksums cache (C:\Users\JOHN BATISTA\AndroidStudioProjects\SportsApplication\.gradle\checksums)" [_thread_blocked, id=16280, stack(0x0000004090000000,0x0000004090100000)]
  0x000002196cf19800 JavaThread "Cache worker for cache directory md-supplier (C:\Users\JOHN BATISTA\.gradle\caches\7.2\md-supplier)" [_thread_blocked, id=13028, stack(0x0000004090100000,0x0000004090200000)]
  0x000002196ad05800 JavaThread "Cache worker for cache directory md-rule (C:\Users\JOHN BATISTA\.gradle\caches\7.2\md-rule)" [_thread_blocked, id=3460, stack(0x0000004090200000,0x0000004090300000)]
  0x000002196ad00800 JavaThread "Cache worker for execution history cache (C:\Users\JOHN BATISTA\.gradle\caches\7.2\executionHistory)" [_thread_blocked, id=7456, stack(0x0000004090300000,0x0000004090400000)]
  0x000002196acff800 JavaThread "jar transforms" [_thread_blocked, id=16884, stack(0x0000004090400000,0x0000004090500000)]
  0x000002196ad08000 JavaThread "Cache worker for file content cache (C:\Users\JOHN BATISTA\.gradle\caches\7.2\fileContent)" [_thread_blocked, id=10872, stack(0x0000004090500000,0x0000004090600000)]
  0x000002196ad08800 JavaThread "jar transforms Thread 2" [_thread_blocked, id=17884, stack(0x0000004090600000,0x0000004090700000)]
  0x000002196ad09800 JavaThread "Cache worker for dependencies-accessors (C:\Users\JOHN BATISTA\AndroidStudioProjects\SportsApplication\.gradle\7.2\dependencies-accessors)" [_thread_blocked, id=4356, stack(0x0000004090700000,0x0000004090800000)]
  0x000002196ad04800 JavaThread "jar transforms Thread 3" [_thread_blocked, id=14480, stack(0x0000004090800000,0x0000004090900000)]
  0x000002196ad04000 JavaThread "Cache worker for Build Output Cleanup Cache (C:\Users\JOHN BATISTA\AndroidStudioProjects\SportsApplication\.gradle\buildOutputCleanup)" [_thread_blocked, id=14180, stack(0x0000004090900000,0x0000004090a00000)]
  0x000002196ad0a800 JavaThread "Unconstrained build operations" [_thread_blocked, id=17248, stack(0x0000004090a00000,0x0000004090b00000)]
  0x000002196ad0b000 JavaThread "Unconstrained build operations Thread 2" [_thread_blocked, id=2204, stack(0x0000004090b00000,0x0000004090c00000)]
  0x000002196ad0e800 JavaThread "Unconstrained build operations Thread 3" [_thread_blocked, id=3432, stack(0x0000004090c00000,0x0000004090d00000)]
  0x000002196ad0c000 JavaThread "Unconstrained build operations Thread 4" [_thread_blocked, id=15912, stack(0x0000004090d00000,0x0000004090e00000)]
  0x000002196ad0d000 JavaThread "Unconstrained build operations Thread 5" [_thread_blocked, id=16112, stack(0x0000004090e00000,0x0000004090f00000)]
  0x000002196ad0d800 JavaThread "Unconstrained build operations Thread 6" [_thread_blocked, id=9144, stack(0x0000004090f00000,0x0000004091000000)]
  0x0000021971670800 JavaThread "Unconstrained build operations Thread 7" [_thread_blocked, id=13216, stack(0x0000004091000000,0x0000004091100000)]
  0x000002197166d800 JavaThread "Unconstrained build operations Thread 8" [_thread_blocked, id=13032, stack(0x0000004091100000,0x0000004091200000)]
  0x0000021971671800 JavaThread "Unconstrained build operations Thread 9" [_thread_blocked, id=9092, stack(0x0000004091200000,0x0000004091300000)]
  0x0000021971670000 JavaThread "Unconstrained build operations Thread 10" [_thread_blocked, id=2396, stack(0x0000004091300000,0x0000004091400000)]
  0x000002197166e000 JavaThread "Unconstrained build operations Thread 11" [_thread_blocked, id=7612, stack(0x0000004091400000,0x0000004091500000)]
  0x000002197166c000 JavaThread "Unconstrained build operations Thread 12" [_thread_blocked, id=14016, stack(0x0000004091500000,0x0000004091600000)]
  0x000002197166c800 JavaThread "Unconstrained build operations Thread 13" [_thread_blocked, id=18228, stack(0x0000004091600000,0x0000004091700000)]
  0x0000021971672800 JavaThread "Unconstrained build operations Thread 14" [_thread_blocked, id=17704, stack(0x0000004091700000,0x0000004091800000)]
  0x0000021971673000 JavaThread "Unconstrained build operations Thread 15" [_thread_blocked, id=1396, stack(0x0000004091800000,0x0000004091900000)]
  0x0000021971675000 JavaThread "Unconstrained build operations Thread 16" [_thread_blocked, id=13760, stack(0x0000004091900000,0x0000004091a00000)]
  0x0000021971674000 JavaThread "Unconstrained build operations Thread 17" [_thread_blocked, id=15068, stack(0x0000004091a00000,0x0000004091b00000)]
  0x000002197166f000 JavaThread "Unconstrained build operations Thread 18" [_thread_blocked, id=10264, stack(0x0000004091b00000,0x0000004091c00000)]
  0x0000021971675800 JavaThread "Unconstrained build operations Thread 19" [_thread_blocked, id=15036, stack(0x0000004091c00000,0x0000004091d00000)]
  0x0000021971678000 JavaThread "Unconstrained build operations Thread 20" [_thread_blocked, id=7812, stack(0x0000004091d00000,0x0000004091e00000)]
  0x000002197167a800 JavaThread "Unconstrained build operations Thread 21" [_thread_blocked, id=11968, stack(0x0000004091e00000,0x0000004091f00000)]
  0x0000021971676800 JavaThread "Unconstrained build operations Thread 22" [_thread_blocked, id=11488, stack(0x0000004091f00000,0x0000004092000000)]
  0x0000021971677000 JavaThread "Unconstrained build operations Thread 23" [_thread_blocked, id=15900, stack(0x0000004092000000,0x0000004092100000)]
  0x0000021971679000 JavaThread "Unconstrained build operations Thread 24" [_thread_blocked, id=11732, stack(0x0000004092100000,0x0000004092200000)]
  0x0000021971679800 JavaThread "Unconstrained build operations Thread 25" [_thread_blocked, id=416, stack(0x0000004092200000,0x0000004092300000)]
  0x000002196faf3000 JavaThread "Unconstrained build operations Thread 26" [_thread_blocked, id=6688, stack(0x0000004092300000,0x0000004092400000)]
  0x000002196faf0000 JavaThread "Unconstrained build operations Thread 27" [_thread_blocked, id=10492, stack(0x0000004092400000,0x0000004092500000)]
  0x000002196faf0800 JavaThread "Unconstrained build operations Thread 28" [_thread_blocked, id=12336, stack(0x0000004092500000,0x0000004092600000)]
  0x000002196faf1800 JavaThread "Unconstrained build operations Thread 29" [_thread_blocked, id=15516, stack(0x0000004092600000,0x0000004092700000)]
  0x000002196faf2800 JavaThread "Unconstrained build operations Thread 30" [_thread_blocked, id=6300, stack(0x0000004092700000,0x0000004092800000)]
  0x000002196faf4000 JavaThread "Unconstrained build operations Thread 31" [_thread_blocked, id=14256, stack(0x0000004092800000,0x0000004092900000)]
  0x000002196faee800 JavaThread "Unconstrained build operations Thread 32" [_thread_blocked, id=6496, stack(0x0000004092900000,0x0000004092a00000)]
  0x000002196faf5000 JavaThread "Unconstrained build operations Thread 33" [_thread_blocked, id=11412, stack(0x0000004092a00000,0x0000004092b00000)]
  0x000002196faef000 JavaThread "Unconstrained build operations Thread 34" [_thread_blocked, id=14268, stack(0x0000004092b00000,0x0000004092c00000)]
  0x000002196faf6800 JavaThread "Unconstrained build operations Thread 35" [_thread_blocked, id=1964, stack(0x0000004092c00000,0x0000004092d00000)]
  0x000002196faf9000 JavaThread "Unconstrained build operations Thread 36" [_thread_blocked, id=13572, stack(0x0000004092d00000,0x0000004092e00000)]
  0x000002196faf8000 JavaThread "Unconstrained build operations Thread 37" [_thread_blocked, id=16552, stack(0x0000004092e00000,0x0000004092f00000)]
  0x000002196fafb800 JavaThread "Unconstrained build operations Thread 38" [_thread_blocked, id=11780, stack(0x0000004092f00000,0x0000004093000000)]
  0x000002196faf5800 JavaThread "Unconstrained build operations Thread 39" [_thread_blocked, id=5004, stack(0x0000004093000000,0x0000004093100000)]
  0x000002196faf9800 JavaThread "Unconstrained build operations Thread 40" [_thread_blocked, id=3420, stack(0x0000004093100000,0x0000004093200000)]
  0x000002196fafc000 JavaThread "jar transforms Thread 4" [_thread_blocked, id=10320, stack(0x0000004093200000,0x0000004093300000)]
  0x000002196faf7800 JavaThread "Memory manager" [_thread_blocked, id=15568, stack(0x0000004093300000,0x0000004093400000)]
  0x000002196fafa800 JavaThread "build event listener" [_thread_blocked, id=17588, stack(0x0000004093400000,0x0000004093500000)]
  0x000002196fafd000 JavaThread "build event listener" [_thread_blocked, id=2652, stack(0x0000004093500000,0x0000004093600000)]
  0x000002196fc4e000 JavaThread "Execution worker for ':'" [_thread_blocked, id=12484, stack(0x0000004093600000,0x0000004093700000)]
  0x000002196fc51800 JavaThread "Execution worker for ':' Thread 2" [_thread_blocked, id=7756, stack(0x0000004093700000,0x0000004093800000)]
  0x000002196fc50800 JavaThread "Execution worker for ':' Thread 3" [_thread_blocked, id=9248, stack(0x0000004093800000,0x0000004093900000)]
  0x000002196fc50000 JavaThread "Cache worker for execution history cache (C:\Users\JOHN BATISTA\AndroidStudioProjects\SportsApplication\.gradle\7.2\executionHistory)" [_thread_blocked, id=14616, stack(0x0000004093900000,0x0000004093a00000)]
  0x000002196ab5b800 JavaThread "C2 CompilerThread1" daemon [_thread_blocked, id=6568, stack(0x000000408fc00000,0x000000408fd00000)]
  0x000002196fc52800 JavaThread "WorkerExecutor Queue" [_thread_blocked, id=5536, stack(0x0000004093a00000,0x0000004093b00000)]
  0x000002196fc4d800 JavaThread "WorkerExecutor Queue Thread 2" [_thread_blocked, id=6960, stack(0x0000004093b00000,0x0000004093c00000)]
  0x000002196fc55000 JavaThread "WorkerExecutor Queue Thread 3" [_thread_blocked, id=9436, stack(0x0000004093c00000,0x0000004093d00000)]
  0x000002196fc4f000 JavaThread "WorkerExecutor Queue Thread 4" [_thread_blocked, id=3184, stack(0x0000004093d00000,0x0000004093e00000)]
  0x000002196fc55800 JavaThread "ForkJoinPool-1-worker-3" daemon [_thread_blocked, id=3524, stack(0x0000004093f00000,0x0000004094000000)]
  0x000002196fc54000 JavaThread "ForkJoinPool-1-worker-5" daemon [_thread_blocked, id=5304, stack(0x0000004094000000,0x0000004094100000)]
  0x000002196fc57000 JavaThread "ForkJoinPool-1-worker-7" daemon [_thread_blocked, id=5832, stack(0x0000004094100000,0x0000004094200000)]
  0x000002196fc56800 JavaThread "ForkJoinPool-1-worker-1" daemon [_thread_blocked, id=16556, stack(0x0000004094200000,0x0000004094300000)]

Other Threads:
=>0x000002196a039000 VMThread "VM Thread" [stack: 0x000000408e100000,0x000000408e200000] [id=16856]
  0x000002196ab40800 WatcherThread [stack: 0x000000408eb00000,0x000000408ec00000] [id=2908]
  0x0000021950477000 GCTaskThread "GC Thread#0" [stack: 0x000000408dc00000,0x000000408dd00000] [id=10344]
  0x000002196b201800 GCTaskThread "GC Thread#1" [stack: 0x000000408ed00000,0x000000408ee00000] [id=6620]
  0x000002196b21b000 GCTaskThread "GC Thread#2" [stack: 0x000000408ee00000,0x000000408ef00000] [id=10800]
  0x000002196cc25800 GCTaskThread "GC Thread#3" [stack: 0x000000408f800000,0x000000408f900000] [id=11960]
  0x00000219504a8800 ConcurrentGCThread "G1 Main Marker" [stack: 0x000000408dd00000,0x000000408de00000] [id=8368]
  0x00000219504ab800 ConcurrentGCThread "G1 Conc#0" [stack: 0x000000408de00000,0x000000408df00000] [id=18244]
  0x0000021969e90800 ConcurrentGCThread "G1 Refine#0" [stack: 0x000000408df00000,0x000000408e000000] [id=10016]
  0x000002196ee1f000 ConcurrentGCThread "G1 Refine#1" [stack: 0x0000004093e00000,0x0000004093f00000] [id=11396]
  0x0000021969e91800 ConcurrentGCThread "G1 Young RemSet Sampling" [stack: 0x000000408e000000,0x000000408e100000] [id=17284]

Threads with active compile tasks:
C2 CompilerThread0  29983 13039       4       com.android.tools.r8.dex.r::e (654 bytes)
C2 CompilerThread1  29983 13034 %     4       com.android.tools.r8.dex.r::a @ 315 (1038 bytes)

VM state:at safepoint (normal execution)

VM Mutex/Monitor currently owned by a thread:  ([mutex/lock_event])
[0x00000219504594c0] Threads_lock - owner thread: 0x000002196a039000
[0x0000021950457c90] Heap_lock - owner thread: 0x000002196fc54000

Heap address: 0x0000000080000000, size: 2048 MB, Compressed Oops mode: 32-bit
Narrow klass base: 0x0000000000000000, Narrow klass shift: 3
Compressed class space size: 1073741824 Address: 0x0000000100000000

Heap:
 garbage-first heap   total 400384K, used 243712K [0x0000000080000000, 0x0000000100000000)
  region size 1024K, 3 young (3072K), 3 survivors (3072K)
 Metaspace       used 107640K, capacity 109987K, committed 110208K, reserved 1144832K
  class space    used 13820K, capacity 14711K, committed 14720K, reserved 1048576K
Heap Regions: E=young(eden), S=young(survivor), O=old, HS=humongous(starts), HC=humongous(continues), CS=collection set, F=free, A=archive, TAMS=top-at-mark-start (previous, next)
|   0|0x0000000080000000, 0x0000000080100000, 0x0000000080100000|100%|HS|  |TAMS 0x0000000080100000, 0x0000000080100000| Complete 
|   1|0x0000000080100000, 0x0000000080200000, 0x0000000080200000|100%|HC|  |TAMS 0x0000000080200000, 0x0000000080200000| Complete 
|   2|0x0000000080200000, 0x0000000080300000, 0x0000000080300000|100%|HC|  |TAMS 0x0000000080300000, 0x0000000080300000| Complete 
|   3|0x0000000080300000, 0x0000000080400000, 0x0000000080400000|100%| O|  |TAMS 0x0000000080400000, 0x0000000080400000| Untracked 
|   4|0x0000000080400000, 0x0000000080500000, 0x0000000080500000|100%| O|  |TAMS 0x0000000080500000, 0x0000000080500000| Untracked 
|   5|0x0000000080500000, 0x0000000080600000, 0x0000000080600000|100%| O|  |TAMS 0x0000000080600000, 0x0000000080600000| Untracked 
|   6|0x0000000080600000, 0x0000000080700000, 0x0000000080700000|100%| O|  |TAMS 0x0000000080700000, 0x0000000080700000| Untracked 
|   7|0x0000000080700000, 0x0000000080800000, 0x0000000080800000|100%| O|  |TAMS 0x0000000080800000, 0x0000000080800000| Untracked 
|   8|0x0000000080800000, 0x0000000080900000, 0x0000000080900000|100%| O|  |TAMS 0x0000000080900000, 0x0000000080900000| Untracked 
|   9|0x0000000080900000, 0x0000000080a00000, 0x0000000080a00000|100%| O|  |TAMS 0x0000000080a00000, 0x0000000080a00000| Untracked 
|  10|0x0000000080a00000, 0x0000000080b00000, 0x0000000080b00000|100%| O|  |TAMS 0x0000000080b00000, 0x0000000080b00000| Untracked 
|  11|0x0000000080b00000, 0x0000000080c00000, 0x0000000080c00000|100%| O|  |TAMS 0x0000000080c00000, 0x0000000080c00000| Untracked 
|  12|0x0000000080c00000, 0x0000000080d00000, 0x0000000080d00000|100%| O|  |TAMS 0x0000000080d00000, 0x0000000080d00000| Untracked 
|  13|0x0000000080d00000, 0x0000000080e00000, 0x0000000080e00000|100%| O|  |TAMS 0x0000000080e00000, 0x0000000080e00000| Untracked 
|  14|0x0000000080e00000, 0x0000000080f00000, 0x0000000080f00000|100%| O|  |TAMS 0x0000000080f00000, 0x0000000080f00000| Untracked 
|  15|0x0000000080f00000, 0x0000000081000000, 0x0000000081000000|100%| O|  |TAMS 0x0000000081000000, 0x0000000081000000| Untracked 
|  16|0x0000000081000000, 0x0000000081100000, 0x0000000081100000|100%| O|  |TAMS 0x0000000081100000, 0x0000000081100000| Untracked 
|  17|0x0000000081100000, 0x0000000081200000, 0x0000000081200000|100%|HS|  |TAMS 0x0000000081200000, 0x0000000081200000| Complete 
|  18|0x0000000081200000, 0x0000000081300000, 0x0000000081300000|100%| O|  |TAMS 0x0000000081300000, 0x0000000081300000| Untracked 
|  19|0x0000000081300000, 0x0000000081400000, 0x0000000081400000|100%| O|  |TAMS 0x0000000081400000, 0x0000000081400000| Untracked 
|  20|0x0000000081400000, 0x0000000081500000, 0x0000000081500000|100%| O|  |TAMS 0x0000000081500000, 0x0000000081500000| Untracked 
|  21|0x0000000081500000, 0x0000000081600000, 0x0000000081600000|100%| O|  |TAMS 0x0000000081600000, 0x0000000081600000| Untracked 
|  22|0x0000000081600000, 0x0000000081700000, 0x0000000081700000|100%| O|  |TAMS 0x0000000081700000, 0x0000000081700000| Untracked 
|  23|0x0000000081700000, 0x0000000081800000, 0x0000000081800000|100%| O|  |TAMS 0x0000000081800000, 0x0000000081800000| Untracked 
|  24|0x0000000081800000, 0x0000000081900000, 0x0000000081900000|100%|HS|  |TAMS 0x0000000081900000, 0x0000000081900000| Complete 
|  25|0x0000000081900000, 0x0000000081a00000, 0x0000000081a00000|100%|HS|  |TAMS 0x0000000081a00000, 0x0000000081a00000| Complete 
|  26|0x0000000081a00000, 0x0000000081b00000, 0x0000000081b00000|100%|HS|  |TAMS 0x0000000081b00000, 0x0000000081b00000| Complete 
|  27|0x0000000081b00000, 0x0000000081c00000, 0x0000000081c00000|100%|HS|  |TAMS 0x0000000081c00000, 0x0000000081c00000| Complete 
|  28|0x0000000081c00000, 0x0000000081d00000, 0x0000000081d00000|100%|HC|  |TAMS 0x0000000081d00000, 0x0000000081d00000| Complete 
|  29|0x0000000081d00000, 0x0000000081e00000, 0x0000000081e00000|100%|HC|  |TAMS 0x0000000081e00000, 0x0000000081e00000| Complete 
|  30|0x0000000081e00000, 0x0000000081f00000, 0x0000000081f00000|100%|HS|  |TAMS 0x0000000081f00000, 0x0000000081f00000| Complete 
|  31|0x0000000081f00000, 0x0000000082000000, 0x0000000082000000|100%|HC|  |TAMS 0x0000000082000000, 0x0000000082000000| Complete 
|  32|0x0000000082000000, 0x0000000082100000, 0x0000000082100000|100%| O|  |TAMS 0x0000000082100000, 0x0000000082100000| Untracked 
|  33|0x0000000082100000, 0x0000000082200000, 0x0000000082200000|100%| O|  |TAMS 0x0000000082200000, 0x0000000082200000| Untracked 
|  34|0x0000000082200000, 0x0000000082300000, 0x0000000082300000|100%| O|  |TAMS 0x0000000082300000, 0x0000000082300000| Untracked 
|  35|0x0000000082300000, 0x0000000082400000, 0x0000000082400000|100%| O|  |TAMS 0x0000000082400000, 0x0000000082400000| Untracked 
|  36|0x0000000082400000, 0x0000000082500000, 0x0000000082500000|100%| O|  |TAMS 0x0000000082500000, 0x0000000082500000| Untracked 
|  37|0x0000000082500000, 0x0000000082600000, 0x0000000082600000|100%| O|  |TAMS 0x0000000082600000, 0x0000000082600000| Untracked 
|  38|0x0000000082600000, 0x0000000082700000, 0x0000000082700000|100%| O|  |TAMS 0x0000000082700000, 0x0000000082700000| Untracked 
|  39|0x0000000082700000, 0x0000000082800000, 0x0000000082800000|100%| O|  |TAMS 0x0000000082800000, 0x0000000082800000| Untracked 
|  40|0x0000000082800000, 0x0000000082900000, 0x0000000082900000|100%| O|  |TAMS 0x0000000082900000, 0x0000000082900000| Untracked 
|  41|0x0000000082900000, 0x0000000082a00000, 0x0000000082a00000|100%| O|  |TAMS 0x0000000082a00000, 0x0000000082a00000| Untracked 
|  42|0x0000000082a00000, 0x0000000082b00000, 0x0000000082b00000|100%| O|  |TAMS 0x0000000082b00000, 0x0000000082b00000| Untracked 
|  43|0x0000000082b00000, 0x0000000082c00000, 0x0000000082c00000|100%| O|  |TAMS 0x0000000082c00000, 0x0000000082c00000| Untracked 
|  44|0x0000000082c00000, 0x0000000082d00000, 0x0000000082d00000|100%| O|  |TAMS 0x0000000082d00000, 0x0000000082d00000| Untracked 
|  45|0x0000000082d00000, 0x0000000082e00000, 0x0000000082e00000|100%| O|  |TAMS 0x0000000082e00000, 0x0000000082e00000| Untracked 
|  46|0x0000000082e00000, 0x0000000082f00000, 0x0000000082f00000|100%| O|  |TAMS 0x0000000082f00000, 0x0000000082f00000| Untracked 
|  47|0x0000000082f00000, 0x0000000083000000, 0x0000000083000000|100%| O|  |TAMS 0x0000000083000000, 0x0000000083000000| Untracked 
|  48|0x0000000083000000, 0x0000000083100000, 0x0000000083100000|100%| O|  |TAMS 0x0000000083100000, 0x0000000083100000| Untracked 
|  49|0x0000000083100000, 0x0000000083200000, 0x0000000083200000|100%| O|  |TAMS 0x0000000083200000, 0x0000000083200000| Untracked 
|  50|0x0000000083200000, 0x0000000083300000, 0x0000000083300000|100%| O|  |TAMS 0x0000000083300000, 0x0000000083300000| Untracked 
|  51|0x0000000083300000, 0x0000000083400000, 0x0000000083400000|100%| O|  |TAMS 0x0000000083400000, 0x0000000083400000| Untracked 
|  52|0x0000000083400000, 0x0000000083500000, 0x0000000083500000|100%| O|  |TAMS 0x0000000083500000, 0x0000000083500000| Untracked 
|  53|0x0000000083500000, 0x0000000083600000, 0x0000000083600000|100%| O|  |TAMS 0x0000000083600000, 0x0000000083600000| Untracked 
|  54|0x0000000083600000, 0x0000000083700000, 0x0000000083700000|100%| O|  |TAMS 0x0000000083700000, 0x0000000083700000| Untracked 
|  55|0x0000000083700000, 0x0000000083800000, 0x0000000083800000|100%| O|  |TAMS 0x0000000083800000, 0x0000000083800000| Untracked 
|  56|0x0000000083800000, 0x0000000083900000, 0x0000000083900000|100%| O|  |TAMS 0x0000000083900000, 0x0000000083900000| Untracked 
|  57|0x0000000083900000, 0x0000000083a00000, 0x0000000083a00000|100%| O|  |TAMS 0x0000000083a00000, 0x0000000083a00000| Untracked 
|  58|0x0000000083a00000, 0x0000000083b00000, 0x0000000083b00000|100%| O|  |TAMS 0x0000000083b00000, 0x0000000083b00000| Untracked 
|  59|0x0000000083b00000, 0x0000000083c00000, 0x0000000083c00000|100%| O|  |TAMS 0x0000000083c00000, 0x0000000083c00000| Untracked 
|  60|0x0000000083c00000, 0x0000000083d00000, 0x0000000083d00000|100%| O|  |TAMS 0x0000000083d00000, 0x0000000083d00000| Untracked 
|  61|0x0000000083d00000, 0x0000000083e00000, 0x0000000083e00000|100%| O|  |TAMS 0x0000000083e00000, 0x0000000083e00000| Untracked 
|  62|0x0000000083e00000, 0x0000000083f00000, 0x0000000083f00000|100%| O|  |TAMS 0x0000000083f00000, 0x0000000083f00000| Untracked 
|  63|0x0000000083f00000, 0x0000000084000000, 0x0000000084000000|100%| O|  |TAMS 0x0000000084000000, 0x0000000084000000| Untracked 
|  64|0x0000000084000000, 0x0000000084100000, 0x0000000084100000|100%| O|  |TAMS 0x0000000084100000, 0x0000000084100000| Untracked 
|  65|0x0000000084100000, 0x0000000084200000, 0x0000000084200000|100%| O|  |TAMS 0x0000000084200000, 0x0000000084200000| Untracked 
|  66|0x0000000084200000, 0x0000000084300000, 0x0000000084300000|100%| O|  |TAMS 0x0000000084300000, 0x0000000084300000| Untracked 
|  67|0x0000000084300000, 0x0000000084400000, 0x0000000084400000|100%| O|  |TAMS 0x0000000084400000, 0x0000000084400000| Untracked 
|  68|0x0000000084400000, 0x0000000084500000, 0x0000000084500000|100%| O|  |TAMS 0x0000000084500000, 0x0000000084500000| Untracked 
|  69|0x0000000084500000, 0x0000000084600000, 0x0000000084600000|100%| O|  |TAMS 0x0000000084600000, 0x0000000084600000| Untracked 
|  70|0x0000000084600000, 0x0000000084700000, 0x0000000084700000|100%| O|  |TAMS 0x0000000084700000, 0x0000000084700000| Untracked 
|  71|0x0000000084700000, 0x0000000084800000, 0x0000000084800000|100%| O|  |TAMS 0x0000000084800000, 0x0000000084800000| Untracked 
|  72|0x0000000084800000, 0x0000000084900000, 0x0000000084900000|100%| O|  |TAMS 0x0000000084900000, 0x0000000084900000| Untracked 
|  73|0x0000000084900000, 0x0000000084a00000, 0x0000000084a00000|100%| O|  |TAMS 0x0000000084a00000, 0x0000000084a00000| Untracked 
|  74|0x0000000084a00000, 0x0000000084b00000, 0x0000000084b00000|100%| O|  |TAMS 0x0000000084b00000, 0x0000000084b00000| Untracked 
|  75|0x0000000084b00000, 0x0000000084c00000, 0x0000000084c00000|100%| O|  |TAMS 0x0000000084c00000, 0x0000000084c00000| Untracked 
|  76|0x0000000084c00000, 0x0000000084d00000, 0x0000000084d00000|100%| O|  |TAMS 0x0000000084d00000, 0x0000000084d00000| Untracked 
|  77|0x0000000084d00000, 0x0000000084e00000, 0x0000000084e00000|100%| O|  |TAMS 0x0000000084e00000, 0x0000000084e00000| Untracked 
|  78|0x0000000084e00000, 0x0000000084f00000, 0x0000000084f00000|100%| O|  |TAMS 0x0000000084f00000, 0x0000000084f00000| Untracked 
|  79|0x0000000084f00000, 0x0000000085000000, 0x0000000085000000|100%| O|  |TAMS 0x0000000085000000, 0x0000000085000000| Untracked 
|  80|0x0000000085000000, 0x0000000085100000, 0x0000000085100000|100%| O|  |TAMS 0x0000000085100000, 0x0000000085100000| Untracked 
|  81|0x0000000085100000, 0x0000000085200000, 0x0000000085200000|100%| O|  |TAMS 0x0000000085200000, 0x0000000085200000| Untracked 
|  82|0x0000000085200000, 0x0000000085300000, 0x0000000085300000|100%| O|  |TAMS 0x0000000085300000, 0x0000000085300000| Untracked 
|  83|0x0000000085300000, 0x0000000085400000, 0x0000000085400000|100%| O|  |TAMS 0x0000000085400000, 0x0000000085400000| Untracked 
|  84|0x0000000085400000, 0x0000000085500000, 0x0000000085500000|100%| O|  |TAMS 0x0000000085500000, 0x0000000085500000| Untracked 
|  85|0x0000000085500000, 0x0000000085600000, 0x0000000085600000|100%| O|  |TAMS 0x0000000085600000, 0x0000000085600000| Untracked 
|  86|0x0000000085600000, 0x0000000085700000, 0x0000000085700000|100%| O|  |TAMS 0x0000000085700000, 0x0000000085700000| Untracked 
|  87|0x0000000085700000, 0x0000000085800000, 0x0000000085800000|100%|HS|  |TAMS 0x0000000085800000, 0x0000000085800000| Complete 
|  88|0x0000000085800000, 0x0000000085900000, 0x0000000085900000|100%|HC|  |TAMS 0x0000000085900000, 0x0000000085900000| Complete 
|  89|0x0000000085900000, 0x0000000085a00000, 0x0000000085a00000|100%|HS|  |TAMS 0x0000000085a00000, 0x0000000085a00000| Complete 
|  90|0x0000000085a00000, 0x0000000085b00000, 0x0000000085b00000|100%|HC|  |TAMS 0x0000000085b00000, 0x0000000085b00000| Complete 
|  91|0x0000000085b00000, 0x0000000085c00000, 0x0000000085c00000|100%|HC|  |TAMS 0x0000000085c00000, 0x0000000085c00000| Complete 
|  92|0x0000000085c00000, 0x0000000085d00000, 0x0000000085d00000|100%|HS|  |TAMS 0x0000000085d00000, 0x0000000085d00000| Complete 
|  93|0x0000000085d00000, 0x0000000085e00000, 0x0000000085e00000|100%| O|  |TAMS 0x0000000085e00000, 0x0000000085e00000| Untracked 
|  94|0x0000000085e00000, 0x0000000085f00000, 0x0000000085f00000|100%| O|  |TAMS 0x0000000085f00000, 0x0000000085f00000| Untracked 
|  95|0x0000000085f00000, 0x0000000086000000, 0x0000000086000000|100%| O|  |TAMS 0x0000000086000000, 0x0000000086000000| Untracked 
|  96|0x0000000086000000, 0x0000000086100000, 0x0000000086100000|100%| O|  |TAMS 0x0000000086100000, 0x0000000086100000| Untracked 
|  97|0x0000000086100000, 0x0000000086200000, 0x0000000086200000|100%| O|  |TAMS 0x0000000086200000, 0x0000000086200000| Untracked 
|  98|0x0000000086200000, 0x0000000086300000, 0x0000000086300000|100%|HS|  |TAMS 0x0000000086300000, 0x0000000086300000| Complete 
|  99|0x0000000086300000, 0x0000000086400000, 0x0000000086400000|100%|HC|  |TAMS 0x0000000086400000, 0x0000000086400000| Complete 
| 100|0x0000000086400000, 0x0000000086500000, 0x0000000086500000|100%|HS|  |TAMS 0x0000000086500000, 0x0000000086500000| Complete 
| 101|0x0000000086500000, 0x0000000086600000, 0x0000000086600000|100%|HS|  |TAMS 0x0000000086600000, 0x0000000086600000| Complete 
| 102|0x0000000086600000, 0x0000000086700000, 0x0000000086700000|100%|HC|  |TAMS 0x0000000086700000, 0x0000000086700000| Complete 
| 103|0x0000000086700000, 0x0000000086800000, 0x0000000086800000|100%|HS|  |TAMS 0x0000000086800000, 0x0000000086800000| Complete 
| 104|0x0000000086800000, 0x0000000086900000, 0x0000000086900000|100%| O|  |TAMS 0x0000000086900000, 0x0000000086900000| Untracked 
| 105|0x0000000086900000, 0x0000000086a00000, 0x0000000086a00000|100%|HS|  |TAMS 0x0000000086a00000, 0x0000000086a00000| Complete 
| 106|0x0000000086a00000, 0x0000000086b00000, 0x0000000086b00000|100%|HC|  |TAMS 0x0000000086b00000, 0x0000000086b00000| Complete 
| 107|0x0000000086b00000, 0x0000000086c00000, 0x0000000086c00000|100%|HS|  |TAMS 0x0000000086c00000, 0x0000000086c00000| Complete 
| 108|0x0000000086c00000, 0x0000000086d00000, 0x0000000086d00000|100%|HS|  |TAMS 0x0000000086d00000, 0x0000000086d00000| Complete 
| 109|0x0000000086d00000, 0x0000000086e00000, 0x0000000086e00000|100%|HS|  |TAMS 0x0000000086e00000, 0x0000000086e00000| Complete 
| 110|0x0000000086e00000, 0x0000000086f00000, 0x0000000086f00000|100%|HS|  |TAMS 0x0000000086f00000, 0x0000000086f00000| Complete 
| 111|0x0000000086f00000, 0x0000000087000000, 0x0000000087000000|100%|HS|  |TAMS 0x0000000087000000, 0x0000000087000000| Complete 
| 112|0x0000000087000000, 0x0000000087100000, 0x0000000087100000|100%|HS|  |TAMS 0x0000000087100000, 0x0000000087100000| Complete 
| 113|0x0000000087100000, 0x0000000087200000, 0x0000000087200000|100%|HC|  |TAMS 0x0000000087200000, 0x0000000087200000| Complete 
| 114|0x0000000087200000, 0x0000000087300000, 0x0000000087300000|100%|HS|  |TAMS 0x0000000087300000, 0x0000000087300000| Complete 
| 115|0x0000000087300000, 0x0000000087400000, 0x0000000087400000|100%|HC|  |TAMS 0x0000000087400000, 0x0000000087400000| Complete 
| 116|0x0000000087400000, 0x0000000087500000, 0x0000000087500000|100%|HC|  |TAMS 0x0000000087500000, 0x0000000087500000| Complete 
| 117|0x0000000087500000, 0x0000000087600000, 0x0000000087600000|100%|HS|  |TAMS 0x0000000087600000, 0x0000000087600000| Complete 
| 118|0x0000000087600000, 0x0000000087700000, 0x0000000087700000|100%|HS|  |TAMS 0x0000000087700000, 0x0000000087700000| Complete 
| 119|0x0000000087700000, 0x0000000087800000, 0x0000000087800000|100%|HC|  |TAMS 0x0000000087800000, 0x0000000087800000| Complete 
| 120|0x0000000087800000, 0x0000000087900000, 0x0000000087900000|100%| O|  |TAMS 0x0000000087900000, 0x0000000087900000| Untracked 
| 121|0x0000000087900000, 0x0000000087a00000, 0x0000000087a00000|100%| O|  |TAMS 0x0000000087a00000, 0x0000000087a00000| Untracked 
| 122|0x0000000087a00000, 0x0000000087b00000, 0x0000000087b00000|100%| O|  |TAMS 0x0000000087b00000, 0x0000000087b00000| Untracked 
| 123|0x0000000087b00000, 0x0000000087c00000, 0x0000000087c00000|100%| O|  |TAMS 0x0000000087c00000, 0x0000000087c00000| Untracked 
| 124|0x0000000087c00000, 0x0000000087d00000, 0x0000000087d00000|100%| O|  |TAMS 0x0000000087d00000, 0x0000000087d00000| Untracked 
| 125|0x0000000087d00000, 0x0000000087e00000, 0x0000000087e00000|100%| O|  |TAMS 0x0000000087e00000, 0x0000000087e00000| Untracked 
| 126|0x0000000087e00000, 0x0000000087f00000, 0x0000000087f00000|100%| O|  |TAMS 0x0000000087f00000, 0x0000000087f00000| Untracked 
| 127|0x0000000087f00000, 0x0000000088000000, 0x0000000088000000|100%| O|  |TAMS 0x0000000088000000, 0x0000000088000000| Untracked 
| 128|0x0000000088000000, 0x0000000088100000, 0x0000000088100000|100%|HS|  |TAMS 0x0000000088100000, 0x0000000088100000| Complete 
| 129|0x0000000088100000, 0x0000000088200000, 0x0000000088200000|100%|HC|  |TAMS 0x0000000088200000, 0x0000000088200000| Complete 
| 130|0x0000000088200000, 0x0000000088300000, 0x0000000088300000|100%| O|  |TAMS 0x0000000088300000, 0x0000000088300000| Untracked 
| 131|0x0000000088300000, 0x0000000088400000, 0x0000000088400000|100%| O|  |TAMS 0x0000000088400000, 0x0000000088400000| Untracked 
| 132|0x0000000088400000, 0x0000000088500000, 0x0000000088500000|100%|HS|  |TAMS 0x0000000088500000, 0x0000000088500000| Complete 
| 133|0x0000000088500000, 0x0000000088600000, 0x0000000088600000|100%|HC|  |TAMS 0x0000000088600000, 0x0000000088600000| Complete 
| 134|0x0000000088600000, 0x0000000088700000, 0x0000000088700000|100%|HS|  |TAMS 0x0000000088700000, 0x0000000088700000| Complete 
| 135|0x0000000088700000, 0x0000000088800000, 0x0000000088800000|100%| O|  |TAMS 0x0000000088800000, 0x0000000088800000| Untracked 
| 136|0x0000000088800000, 0x0000000088900000, 0x0000000088900000|100%| O|  |TAMS 0x0000000088900000, 0x0000000088900000| Untracked 
| 137|0x0000000088900000, 0x0000000088a00000, 0x0000000088a00000|100%|HS|  |TAMS 0x0000000088a00000, 0x0000000088a00000| Complete 
| 138|0x0000000088a00000, 0x0000000088b00000, 0x0000000088b00000|100%|HC|  |TAMS 0x0000000088b00000, 0x0000000088b00000| Complete 
| 139|0x0000000088b00000, 0x0000000088c00000, 0x0000000088c00000|100%| O|  |TAMS 0x0000000088c00000, 0x0000000088c00000| Untracked 
| 140|0x0000000088c00000, 0x0000000088d00000, 0x0000000088d00000|100%| O|  |TAMS 0x0000000088d00000, 0x0000000088d00000| Untracked 
| 141|0x0000000088d00000, 0x0000000088e00000, 0x0000000088e00000|100%|HS|  |TAMS 0x0000000088e00000, 0x0000000088e00000| Complete 
| 142|0x0000000088e00000, 0x0000000088f00000, 0x0000000088f00000|100%|HC|  |TAMS 0x0000000088f00000, 0x0000000088f00000| Complete 
| 143|0x0000000088f00000, 0x0000000089000000, 0x0000000089000000|100%| O|  |TAMS 0x0000000089000000, 0x0000000089000000| Untracked 
| 144|0x0000000089000000, 0x0000000089100000, 0x0000000089100000|100%|HS|  |TAMS 0x0000000089100000, 0x0000000089100000| Complete 
| 145|0x0000000089100000, 0x0000000089200000, 0x0000000089200000|100%| O|  |TAMS 0x0000000089200000, 0x0000000089200000| Untracked 
| 146|0x0000000089200000, 0x0000000089300000, 0x0000000089300000|100%|HS|  |TAMS 0x0000000089300000, 0x0000000089300000| Complete 
| 147|0x0000000089300000, 0x0000000089400000, 0x0000000089400000|100%| O|  |TAMS 0x0000000089400000, 0x0000000089400000| Untracked 
| 148|0x0000000089400000, 0x0000000089500000, 0x0000000089500000|100%|HS|  |TAMS 0x0000000089500000, 0x0000000089500000| Complete 
| 149|0x0000000089500000, 0x0000000089600000, 0x0000000089600000|100%| O|  |TAMS 0x0000000089600000, 0x0000000089600000| Untracked 
| 150|0x0000000089600000, 0x0000000089700000, 0x0000000089700000|100%|HS|  |TAMS 0x0000000089700000, 0x0000000089700000| Complete 
| 151|0x0000000089700000, 0x0000000089800000, 0x0000000089800000|100%| O|  |TAMS 0x0000000089800000, 0x0000000089800000| Untracked 
| 152|0x0000000089800000, 0x0000000089900000, 0x0000000089900000|100%|HS|  |TAMS 0x0000000089900000, 0x0000000089900000| Complete 
| 153|0x0000000089900000, 0x0000000089a00000, 0x0000000089a00000|100%| O|  |TAMS 0x0000000089a00000, 0x0000000089a00000| Untracked 
| 154|0x0000000089a00000, 0x0000000089b00000, 0x0000000089b00000|100%| O|  |TAMS 0x0000000089b00000, 0x0000000089b00000| Untracked 
| 155|0x0000000089b00000, 0x0000000089c00000, 0x0000000089c00000|100%|HS|  |TAMS 0x0000000089c00000, 0x0000000089c00000| Complete 
| 156|0x0000000089c00000, 0x0000000089d00000, 0x0000000089d00000|100%|HC|  |TAMS 0x0000000089d00000, 0x0000000089d00000| Complete 
| 157|0x0000000089d00000, 0x0000000089e00000, 0x0000000089e00000|100%| O|  |TAMS 0x0000000089e00000, 0x0000000089e00000| Untracked 
| 158|0x0000000089e00000, 0x0000000089f00000, 0x0000000089f00000|100%| O|  |TAMS 0x0000000089f00000, 0x0000000089f00000| Untracked 
| 159|0x0000000089f00000, 0x000000008a000000, 0x000000008a000000|100%| O|  |TAMS 0x0000000089f8fa00, 0x000000008a000000| Untracked 
| 160|0x000000008a000000, 0x000000008a100000, 0x000000008a100000|100%|HS|  |TAMS 0x000000008a100000, 0x000000008a100000| Complete 
| 161|0x000000008a100000, 0x000000008a200000, 0x000000008a200000|100%|HC|  |TAMS 0x000000008a200000, 0x000000008a200000| Complete 
| 162|0x000000008a200000, 0x000000008a300000, 0x000000008a300000|100%|HC|  |TAMS 0x000000008a300000, 0x000000008a300000| Complete 
| 163|0x000000008a300000, 0x000000008a400000, 0x000000008a400000|100%|HS|  |TAMS 0x000000008a300000, 0x000000008a400000| Complete 
| 164|0x000000008a400000, 0x000000008a500000, 0x000000008a500000|100%|HC|  |TAMS 0x000000008a400000, 0x000000008a500000| Complete 
| 165|0x000000008a500000, 0x000000008a600000, 0x000000008a600000|100%|HS|  |TAMS 0x000000008a500000, 0x000000008a600000| Complete 
| 166|0x000000008a600000, 0x000000008a700000, 0x000000008a700000|100%|HC|  |TAMS 0x000000008a600000, 0x000000008a700000| Complete 
| 167|0x000000008a700000, 0x000000008a800000, 0x000000008a800000|100%| O|  |TAMS 0x000000008a700000, 0x000000008a800000| Untracked 
| 168|0x000000008a800000, 0x000000008a900000, 0x000000008a900000|100%| O|  |TAMS 0x000000008a800000, 0x000000008a900000| Untracked 
| 169|0x000000008a900000, 0x000000008aa00000, 0x000000008aa00000|100%| O|  |TAMS 0x000000008a900000, 0x000000008aa00000| Untracked 
| 170|0x000000008aa00000, 0x000000008ab00000, 0x000000008ab00000|100%| O|  |TAMS 0x000000008aa00000, 0x000000008ab00000| Untracked 
| 171|0x000000008ab00000, 0x000000008ac00000, 0x000000008ac00000|100%| O|  |TAMS 0x000000008ab00000, 0x000000008ac00000| Untracked 
| 172|0x000000008ac00000, 0x000000008ad00000, 0x000000008ad00000|100%| O|  |TAMS 0x000000008ac00000, 0x000000008ad00000| Untracked 
| 173|0x000000008ad00000, 0x000000008ae00000, 0x000000008ae00000|100%| O|  |TAMS 0x000000008ad00000, 0x000000008ae00000| Untracked 
| 174|0x000000008ae00000, 0x000000008af00000, 0x000000008af00000|100%| O|  |TAMS 0x000000008ae00000, 0x000000008af00000| Untracked 
| 175|0x000000008af00000, 0x000000008b000000, 0x000000008b000000|100%| O|  |TAMS 0x000000008af00000, 0x000000008b000000| Untracked 
| 176|0x000000008b000000, 0x000000008b100000, 0x000000008b100000|100%| O|  |TAMS 0x000000008b000000, 0x000000008b100000| Untracked 
| 177|0x000000008b100000, 0x000000008b200000, 0x000000008b200000|100%| O|  |TAMS 0x000000008b100000, 0x000000008b200000| Untracked 
| 178|0x000000008b200000, 0x000000008b300000, 0x000000008b300000|100%|HS|  |TAMS 0x000000008b300000, 0x000000008b300000| Complete 
| 179|0x000000008b300000, 0x000000008b400000, 0x000000008b400000|100%| O|  |TAMS 0x000000008b300000, 0x000000008b400000| Untracked 
| 180|0x000000008b400000, 0x000000008b500000, 0x000000008b500000|100%| O|  |TAMS 0x000000008b400000, 0x000000008b500000| Untracked 
| 181|0x000000008b500000, 0x000000008b600000, 0x000000008b600000|100%|HS|  |TAMS 0x000000008b600000, 0x000000008b600000| Complete 
| 182|0x000000008b600000, 0x000000008b700000, 0x000000008b700000|100%|HC|  |TAMS 0x000000008b700000, 0x000000008b700000| Complete 
| 183|0x000000008b700000, 0x000000008b800000, 0x000000008b800000|100%| O|  |TAMS 0x000000008b700000, 0x000000008b800000| Untracked 
| 184|0x000000008b800000, 0x000000008b900000, 0x000000008b900000|100%| O|  |TAMS 0x000000008b800000, 0x000000008b900000| Untracked 
| 185|0x000000008b900000, 0x000000008ba00000, 0x000000008ba00000|100%| O|  |TAMS 0x000000008ba00000, 0x000000008ba00000| Untracked 
| 186|0x000000008ba00000, 0x000000008bb00000, 0x000000008bb00000|100%| O|  |TAMS 0x000000008bb00000, 0x000000008bb00000| Untracked 
| 187|0x000000008bb00000, 0x000000008bc00000, 0x000000008bc00000|100%| O|  |TAMS 0x000000008bc00000, 0x000000008bc00000| Untracked 
| 188|0x000000008bc00000, 0x000000008bd00000, 0x000000008bd00000|100%| O|  |TAMS 0x000000008bd00000, 0x000000008bd00000| Untracked 
| 189|0x000000008bd00000, 0x000000008be00000, 0x000000008be00000|100%| O|  |TAMS 0x000000008be00000, 0x000000008be00000| Untracked 
| 190|0x000000008be00000, 0x000000008bf00000, 0x000000008bf00000|100%| O|  |TAMS 0x000000008bf00000, 0x000000008bf00000| Untracked 
| 191|0x000000008bf00000, 0x000000008c000000, 0x000000008c000000|100%| O|  |TAMS 0x000000008c000000, 0x000000008c000000| Untracked 
| 192|0x000000008c000000, 0x000000008c100000, 0x000000008c100000|100%| O|  |TAMS 0x000000008c100000, 0x000000008c100000| Untracked 
| 193|0x000000008c100000, 0x000000008c200000, 0x000000008c200000|100%| O|  |TAMS 0x000000008c200000, 0x000000008c200000| Untracked 
| 194|0x000000008c200000, 0x000000008c300000, 0x000000008c300000|100%| O|  |TAMS 0x000000008c300000, 0x000000008c300000| Untracked 
| 195|0x000000008c300000, 0x000000008c400000, 0x000000008c400000|100%| O|  |TAMS 0x000000008c300000, 0x000000008c400000| Untracked 
| 196|0x000000008c400000, 0x000000008c500000, 0x000000008c500000|100%| O|  |TAMS 0x000000008c400000, 0x000000008c500000| Untracked 
| 197|0x000000008c500000, 0x000000008c600000, 0x000000008c600000|100%| O|  |TAMS 0x000000008c500000, 0x000000008c600000| Untracked 
| 198|0x000000008c600000, 0x000000008c700000, 0x000000008c700000|100%| O|  |TAMS 0x000000008c600000, 0x000000008c700000| Untracked 
| 199|0x000000008c700000, 0x000000008c800000, 0x000000008c800000|100%| O|  |TAMS 0x000000008c700000, 0x000000008c800000| Untracked 
| 200|0x000000008c800000, 0x000000008c900000, 0x000000008c900000|100%| O|  |TAMS 0x000000008c800000, 0x000000008c900000| Untracked 
| 201|0x000000008c900000, 0x000000008ca00000, 0x000000008ca00000|100%| O|  |TAMS 0x000000008c900000, 0x000000008ca00000| Untracked 
| 202|0x000000008ca00000, 0x000000008cb00000, 0x000000008cb00000|100%| O|  |TAMS 0x000000008ca00000, 0x000000008cb00000| Untracked 
| 203|0x000000008cb00000, 0x000000008cc00000, 0x000000008cc00000|100%| O|  |TAMS 0x000000008cb00000, 0x000000008cc00000| Untracked 
| 204|0x000000008cc00000, 0x000000008cd00000, 0x000000008cd00000|100%| O|  |TAMS 0x000000008cc00000, 0x000000008cd00000| Untracked 
| 205|0x000000008cd00000, 0x000000008ce00000, 0x000000008ce00000|100%| O|  |TAMS 0x000000008cd00000, 0x000000008ce00000| Untracked 
| 206|0x000000008ce00000, 0x000000008cf00000, 0x000000008cf00000|100%| O|  |TAMS 0x000000008ce00000, 0x000000008cf00000| Untracked 
| 207|0x000000008cf00000, 0x000000008d000000, 0x000000008d000000|100%| O|  |TAMS 0x000000008cf00000, 0x000000008d000000| Untracked 
| 208|0x000000008d000000, 0x000000008d100000, 0x000000008d100000|100%| O|  |TAMS 0x000000008d000000, 0x000000008d100000| Untracked 
| 209|0x000000008d100000, 0x000000008d200000, 0x000000008d200000|100%| O|  |TAMS 0x000000008d100000, 0x000000008d180000| Untracked 
| 210|0x000000008d200000, 0x000000008d300000, 0x000000008d300000|100%| O|  |TAMS 0x000000008d200000, 0x000000008d200000| Untracked 
| 211|0x000000008d300000, 0x000000008d400000, 0x000000008d400000|100%| O|  |TAMS 0x000000008d300000, 0x000000008d300000| Untracked 
| 212|0x000000008d400000, 0x000000008d500000, 0x000000008d500000|100%| O|  |TAMS 0x000000008d400000, 0x000000008d400000| Untracked 
| 213|0x000000008d500000, 0x000000008d600000, 0x000000008d600000|100%| O|  |TAMS 0x000000008d500000, 0x000000008d500000| Untracked 
| 214|0x000000008d600000, 0x000000008d700000, 0x000000008d700000|100%| O|  |TAMS 0x000000008d600000, 0x000000008d600000| Untracked 
| 215|0x000000008d700000, 0x000000008d800000, 0x000000008d800000|100%| O|  |TAMS 0x000000008d700000, 0x000000008d700000| Untracked 
| 216|0x000000008d800000, 0x000000008d900000, 0x000000008d900000|100%| O|  |TAMS 0x000000008d800000, 0x000000008d800000| Untracked 
| 217|0x000000008d900000, 0x000000008da00000, 0x000000008da00000|100%| O|  |TAMS 0x000000008d900000, 0x000000008d900000| Untracked 
| 218|0x000000008da00000, 0x000000008db00000, 0x000000008db00000|100%| O|  |TAMS 0x000000008da00000, 0x000000008da00000| Untracked 
| 219|0x000000008db00000, 0x000000008db00000, 0x000000008dc00000|  0%| F|  |TAMS 0x000000008db00000, 0x000000008db00000| Untracked 
| 220|0x000000008dc00000, 0x000000008dc00000, 0x000000008dd00000|  0%| F|  |TAMS 0x000000008dc00000, 0x000000008dc00000| Untracked 
| 221|0x000000008dd00000, 0x000000008dd00000, 0x000000008de00000|  0%| F|  |TAMS 0x000000008dd00000, 0x000000008dd00000| Untracked 
| 222|0x000000008de00000, 0x000000008de00000, 0x000000008df00000|  0%| F|  |TAMS 0x000000008de00000, 0x000000008de00000| Untracked 
| 223|0x000000008df00000, 0x000000008df00000, 0x000000008e000000|  0%| F|  |TAMS 0x000000008df00000, 0x000000008df00000| Untracked 
| 224|0x000000008e000000, 0x000000008e000000, 0x000000008e100000|  0%| F|  |TAMS 0x000000008e000000, 0x000000008e000000| Untracked 
| 225|0x000000008e100000, 0x000000008e100000, 0x000000008e200000|  0%| F|  |TAMS 0x000000008e100000, 0x000000008e100000| Untracked 
| 226|0x000000008e200000, 0x000000008e200000, 0x000000008e300000|  0%| F|  |TAMS 0x000000008e200000, 0x000000008e200000| Untracked 
| 227|0x000000008e300000, 0x000000008e300000, 0x000000008e400000|  0%| F|  |TAMS 0x000000008e300000, 0x000000008e300000| Untracked 
| 228|0x000000008e400000, 0x000000008e400000, 0x000000008e500000|  0%| F|  |TAMS 0x000000008e400000, 0x000000008e400000| Untracked 
| 229|0x000000008e500000, 0x000000008e500000, 0x000000008e600000|  0%| F|  |TAMS 0x000000008e500000, 0x000000008e500000| Untracked 
| 230|0x000000008e600000, 0x000000008e600000, 0x000000008e700000|  0%| F|  |TAMS 0x000000008e600000, 0x000000008e600000| Untracked 
| 231|0x000000008e700000, 0x000000008e700000, 0x000000008e800000|  0%| F|  |TAMS 0x000000008e700000, 0x000000008e700000| Untracked 
| 232|0x000000008e800000, 0x000000008e800000, 0x000000008e900000|  0%| F|  |TAMS 0x000000008e800000, 0x000000008e800000| Untracked 
| 233|0x000000008e900000, 0x000000008e900000, 0x000000008ea00000|  0%| F|  |TAMS 0x000000008e900000, 0x000000008e900000| Untracked 
| 234|0x000000008ea00000, 0x000000008ea00000, 0x000000008eb00000|  0%| F|  |TAMS 0x000000008ea00000, 0x000000008ea00000| Untracked 
| 235|0x000000008eb00000, 0x000000008eb00000, 0x000000008ec00000|  0%| F|  |TAMS 0x000000008eb00000, 0x000000008eb00000| Untracked 
| 236|0x000000008ec00000, 0x000000008ec00000, 0x000000008ed00000|  0%| F|  |TAMS 0x000000008ec00000, 0x000000008ec00000| Untracked 
| 237|0x000000008ed00000, 0x000000008ed00000, 0x000000008ee00000|  0%| F|  |TAMS 0x000000008ed00000, 0x000000008ed00000| Untracked 
| 238|0x000000008ee00000, 0x000000008ee00000, 0x000000008ef00000|  0%| F|  |TAMS 0x000000008ee00000, 0x000000008ee00000| Untracked 
| 239|0x000000008ef00000, 0x000000008ef00000, 0x000000008f000000|  0%| F|  |TAMS 0x000000008ef00000, 0x000000008ef00000| Untracked 
| 240|0x000000008f000000, 0x000000008f000000, 0x000000008f100000|  0%| F|  |TAMS 0x000000008f000000, 0x000000008f000000| Untracked 
| 241|0x000000008f100000, 0x000000008f100000, 0x000000008f200000|  0%| F|  |TAMS 0x000000008f100000, 0x000000008f100000| Untracked 
| 242|0x000000008f200000, 0x000000008f200000, 0x000000008f300000|  0%| F|  |TAMS 0x000000008f200000, 0x000000008f200000| Untracked 
| 243|0x000000008f300000, 0x000000008f300000, 0x000000008f400000|  0%| F|  |TAMS 0x000000008f300000, 0x000000008f300000| Untracked 
| 244|0x000000008f400000, 0x000000008f400000, 0x000000008f500000|  0%| F|  |TAMS 0x000000008f400000, 0x000000008f400000| Untracked 
| 245|0x000000008f500000, 0x000000008f500000, 0x000000008f600000|  0%| F|  |TAMS 0x000000008f500000, 0x000000008f500000| Untracked 
| 246|0x000000008f600000, 0x000000008f600000, 0x000000008f700000|  0%| F|  |TAMS 0x000000008f600000, 0x000000008f600000| Untracked 
| 247|0x000000008f700000, 0x000000008f700000, 0x000000008f800000|  0%| F|  |TAMS 0x000000008f700000, 0x000000008f700000| Untracked 
| 248|0x000000008f800000, 0x000000008f800000, 0x000000008f900000|  0%| F|  |TAMS 0x000000008f800000, 0x000000008f800000| Untracked 
| 249|0x000000008f900000, 0x000000008f900000, 0x000000008fa00000|  0%| F|  |TAMS 0x000000008f900000, 0x000000008f900000| Untracked 
| 250|0x000000008fa00000, 0x000000008fa00000, 0x000000008fb00000|  0%| F|  |TAMS 0x000000008fa00000, 0x000000008fa00000| Untracked 
| 251|0x000000008fb00000, 0x000000008fb00000, 0x000000008fc00000|  0%| F|  |TAMS 0x000000008fb00000, 0x000000008fb00000| Untracked 
| 252|0x000000008fc00000, 0x000000008fc00000, 0x000000008fd00000|  0%| F|  |TAMS 0x000000008fc00000, 0x000000008fc00000| Untracked 
| 253|0x000000008fd00000, 0x000000008fd00000, 0x000000008fe00000|  0%| F|  |TAMS 0x000000008fd00000, 0x000000008fd00000| Untracked 
| 254|0x000000008fe00000, 0x000000008ff00000, 0x000000008ff00000|100%| S|CS|TAMS 0x000000008fe00000, 0x000000008fe00000| Complete 
| 255|0x000000008ff00000, 0x0000000090000000, 0x0000000090000000|100%| S|CS|TAMS 0x000000008ff00000, 0x000000008ff00000| Complete 
| 256|0x0000000090000000, 0x0000000090100000, 0x0000000090100000|100%| S|CS|TAMS 0x0000000090000000, 0x0000000090000000| Complete 
| 257|0x0000000090100000, 0x0000000090100000, 0x0000000090200000|  0%| F|  |TAMS 0x0000000090100000, 0x0000000090100000| Untracked 
| 258|0x0000000090200000, 0x0000000090200000, 0x0000000090300000|  0%| F|  |TAMS 0x0000000090200000, 0x0000000090200000| Untracked 
| 259|0x0000000090300000, 0x0000000090300000, 0x0000000090400000|  0%| F|  |TAMS 0x0000000090300000, 0x0000000090300000| Untracked 
| 260|0x0000000090400000, 0x0000000090400000, 0x0000000090500000|  0%| F|  |TAMS 0x0000000090400000, 0x0000000090400000| Untracked 
| 261|0x0000000090500000, 0x0000000090500000, 0x0000000090600000|  0%| F|  |TAMS 0x0000000090500000, 0x0000000090500000| Untracked 
| 262|0x0000000090600000, 0x0000000090600000, 0x0000000090700000|  0%| F|  |TAMS 0x0000000090600000, 0x0000000090600000| Untracked 
| 263|0x0000000090700000, 0x0000000090700000, 0x0000000090800000|  0%| F|  |TAMS 0x0000000090700000, 0x0000000090700000| Untracked 
| 264|0x0000000090800000, 0x0000000090800000, 0x0000000090900000|  0%| F|  |TAMS 0x0000000090800000, 0x0000000090800000| Untracked 
| 265|0x0000000090900000, 0x0000000090900000, 0x0000000090a00000|  0%| F|  |TAMS 0x0000000090900000, 0x0000000090900000| Untracked 
| 266|0x0000000090a00000, 0x0000000090a00000, 0x0000000090b00000|  0%| F|  |TAMS 0x0000000090a00000, 0x0000000090a00000| Untracked 
| 267|0x0000000090b00000, 0x0000000090b00000, 0x0000000090c00000|  0%| F|  |TAMS 0x0000000090b00000, 0x0000000090b00000| Untracked 
| 268|0x0000000090c00000, 0x0000000090c00000, 0x0000000090d00000|  0%| F|  |TAMS 0x0000000090c00000, 0x0000000090c00000| Untracked 
| 269|0x0000000090d00000, 0x0000000090d00000, 0x0000000090e00000|  0%| F|  |TAMS 0x0000000090d00000, 0x0000000090d00000| Untracked 
| 270|0x0000000090e00000, 0x0000000090e00000, 0x0000000090f00000|  0%| F|  |TAMS 0x0000000090e00000, 0x0000000090e00000| Untracked 
| 271|0x0000000090f00000, 0x0000000090f00000, 0x0000000091000000|  0%| F|  |TAMS 0x0000000090f00000, 0x0000000090f00000| Untracked 
| 272|0x0000000091000000, 0x0000000091100000, 0x0000000091100000|100%| O|  |TAMS 0x0000000091100000, 0x0000000091100000| Untracked 
| 273|0x0000000091100000, 0x0000000091200000, 0x0000000091200000|100%| O|  |TAMS 0x0000000091200000, 0x0000000091200000| Untracked 
| 274|0x0000000091200000, 0x0000000091300000, 0x0000000091300000|100%| O|  |TAMS 0x0000000091300000, 0x0000000091300000| Untracked 
| 275|0x0000000091300000, 0x0000000091400000, 0x0000000091400000|100%| O|  |TAMS 0x0000000091400000, 0x0000000091400000| Untracked 
| 276|0x0000000091400000, 0x0000000091500000, 0x0000000091500000|100%| O|  |TAMS 0x0000000091500000, 0x0000000091500000| Untracked 
| 277|0x0000000091500000, 0x0000000091600000, 0x0000000091600000|100%| O|  |TAMS 0x0000000091600000, 0x0000000091600000| Untracked 
| 278|0x0000000091600000, 0x0000000091700000, 0x0000000091700000|100%| O|  |TAMS 0x0000000091700000, 0x0000000091700000| Untracked 
| 279|0x0000000091700000, 0x0000000091800000, 0x0000000091800000|100%| O|  |TAMS 0x0000000091800000, 0x0000000091800000| Untracked 
| 280|0x0000000091800000, 0x0000000091900000, 0x0000000091900000|100%| O|  |TAMS 0x0000000091900000, 0x0000000091900000| Untracked 
| 281|0x0000000091900000, 0x0000000091a00000, 0x0000000091a00000|100%| O|  |TAMS 0x0000000091a00000, 0x0000000091a00000| Untracked 
| 282|0x0000000091a00000, 0x0000000091b00000, 0x0000000091b00000|100%| O|  |TAMS 0x0000000091b00000, 0x0000000091b00000| Untracked 
| 283|0x0000000091b00000, 0x0000000091c00000, 0x0000000091c00000|100%| O|  |TAMS 0x0000000091c00000, 0x0000000091c00000| Untracked 
| 284|0x0000000091c00000, 0x0000000091d00000, 0x0000000091d00000|100%| O|  |TAMS 0x0000000091d00000, 0x0000000091d00000| Untracked 
| 285|0x0000000091d00000, 0x0000000091e00000, 0x0000000091e00000|100%| O|  |TAMS 0x0000000091e00000, 0x0000000091e00000| Untracked 
| 286|0x0000000091e00000, 0x0000000091f00000, 0x0000000091f00000|100%| O|  |TAMS 0x0000000091f00000, 0x0000000091f00000| Untracked 
| 287|0x0000000091f00000, 0x0000000092000000, 0x0000000092000000|100%| O|  |TAMS 0x0000000092000000, 0x0000000092000000| Untracked 

Card table byte_map: [0x0000021963350000,0x0000021963750000] _byte_map_base: 0x0000021962f50000

Marking Bits (Prev, Next): (CMBitMap*) 0x000002195049fd00, (CMBitMap*) 0x000002195049fcc8
 Prev Bits: [0x0000021965b50000, 0x0000021967b50000)
 Next Bits: [0x0000021963b50000, 0x0000021965b50000)

Polling page: 0x000002194e260000

Metaspace:

Usage:
  Non-class:     93.04 MB capacity,    91.62 MB ( 98%) used,     1.14 MB (  1%) free+waste,   287.19 KB ( <1%) overhead. 
      Class:     14.37 MB capacity,    13.50 MB ( 94%) used,   763.69 KB (  5%) free+waste,   126.38 KB ( <1%) overhead. 
       Both:    107.41 MB capacity,   105.12 MB ( 98%) used,     1.89 MB (  2%) free+waste,   413.56 KB ( <1%) overhead. 

Virtual space:
  Non-class space:       94.00 MB reserved,      93.25 MB (>99%) committed 
      Class space:        1.00 GB reserved,      14.38 MB (  1%) committed 
             Both:        1.09 GB reserved,     107.63 MB ( 10%) committed 

Chunk freelists:
   Non-Class:  20.00 KB
       Class:  9.00 KB
        Both:  29.00 KB

MaxMetaspaceSize: 17179869184.00 GB
CompressedClassSpaceSize: 1.00 GB

CodeHeap 'non-profiled nmethods': size=120064Kb used=7938Kb max_used=7938Kb free=112125Kb
 bounds [0x000002195ba10000, 0x000002195c1e0000, 0x0000021962f50000]
CodeHeap 'profiled nmethods': size=120000Kb used=29339Kb max_used=29339Kb free=90660Kb
 bounds [0x00000219544e0000, 0x0000021956190000, 0x000002195ba10000]
CodeHeap 'non-nmethods': size=5696Kb used=2320Kb max_used=2367Kb free=3375Kb
 bounds [0x0000021953f50000, 0x00000219541c0000, 0x00000219544e0000]
 total_blobs=13908 nmethods=12978 adapters=841
 compilation: enabled
              stopped_count=0, restarted_count=0
 full_count=0

Compilation events (20 events):
Event: 29.808 Thread 0x000002196a9d2800 13163       1       com.android.tools.r8.graph.M$b::a (5 bytes)
Event: 29.808 Thread 0x000002196a9d2800 nmethod 13163 0x000002195c1d0590 code [0x000002195c1d0740, 0x000002195c1d07d8]
Event: 29.808 Thread 0x000002196a9d2800 13164       1       com.android.tools.r8.graph.M$b::b (5 bytes)
Event: 29.808 Thread 0x000002196a9d2800 nmethod 13164 0x000002195c1d0890 code [0x000002195c1d0a40, 0x000002195c1d0ad8]
Event: 29.809 Thread 0x000002196a9d2800 13165       2       com.android.tools.r8.code.P2::<init> (7 bytes)
Event: 29.809 Thread 0x000002196a9d2800 nmethod 13165 0x0000021956184a90 code [0x0000021956184c60, 0x0000021956184e98]
Event: 29.814 Thread 0x000002196a9d2800 13166       2       com.android.tools.r8.code.M2::<init> (7 bytes)
Event: 29.814 Thread 0x000002196a9d2800 nmethod 13166 0x0000021956185090 code [0x0000021956185240, 0x0000021956185398]
Event: 29.824 Thread 0x000002196a9d2800 13168       2       com.android.tools.r8.code.t::<init> (7 bytes)
Event: 29.825 Thread 0x000002196a9d2800 nmethod 13168 0x0000021956185490 code [0x0000021956185660, 0x0000021956185828]
Event: 29.840 Thread 0x000002196a9d2800 13169       2       com.android.tools.r8.code.r::<init> (7 bytes)
Event: 29.840 Thread 0x000002196a9d2800 nmethod 13169 0x0000021956185990 code [0x0000021956185b40, 0x0000021956185c98]
Event: 29.841 Thread 0x000002196a9d2800 13171       2       com.android.tools.r8.code.v3::<init> (7 bytes)
Event: 29.841 Thread 0x000002196a9d2800 nmethod 13171 0x0000021956185d90 code [0x0000021956185f60, 0x0000021956186198]
Event: 29.867 Thread 0x000002196a9d2800 13172       2       com.android.tools.r8.graph.k1::<init> (5 bytes)
Event: 29.867 Thread 0x000002196a9d2800 nmethod 13172 0x0000021956186390 code [0x0000021956186540, 0x0000021956186638]
Event: 29.876 Thread 0x000002196a9d2800 13173       2       com.android.tools.r8.code.c::<init> (7 bytes)
Event: 29.876 Thread 0x000002196a9d2800 nmethod 13173 0x0000021956186710 code [0x00000219561868c0, 0x0000021956186a18]
Event: 29.877 Thread 0x000002196a9d2800 13174       2       com.android.tools.r8.code.v2::<init> (7 bytes)
Event: 29.877 Thread 0x000002196a9d2800 nmethod 13174 0x0000021956186b10 code [0x0000021956186cc0, 0x0000021956186e18]

GC Heap History (20 events):
Event: 19.337 GC heap after
{Heap after GC invocations=21 (full 0):
 garbage-first heap   total 227328K, used 83968K [0x0000000080000000, 0x0000000100000000)
  region size 1024K, 12 young (12288K), 12 survivors (12288K)
 Metaspace       used 85754K, capacity 87880K, committed 88064K, reserved 1126400K
  class space    used 11157K, capacity 11950K, committed 12032K, reserved 1048576K
}
Event: 20.582 GC heap before
{Heap before GC invocations=21 (full 0):
 garbage-first heap   total 227328K, used 167936K [0x0000000080000000, 0x0000000100000000)
  region size 1024K, 94 young (96256K), 12 survivors (12288K)
 Metaspace       used 86220K, capacity 88317K, committed 88576K, reserved 1126400K
  class space    used 11172K, capacity 11965K, committed 12032K, reserved 1048576K
}
Event: 20.630 GC heap after
{Heap after GC invocations=22 (full 0):
 garbage-first heap   total 227328K, used 90370K [0x0000000080000000, 0x0000000100000000)
  region size 1024K, 7 young (7168K), 7 survivors (7168K)
 Metaspace       used 86220K, capacity 88317K, committed 88576K, reserved 1126400K
  class space    used 11172K, capacity 11965K, committed 12032K, reserved 1048576K
}
Event: 22.105 GC heap before
{Heap before GC invocations=22 (full 0):
 garbage-first heap   total 227328K, used 171266K [0x0000000080000000, 0x0000000100000000)
  region size 1024K, 87 young (89088K), 7 survivors (7168K)
 Metaspace       used 87058K, capacity 89159K, committed 89472K, reserved 1126400K
  class space    used 11247K, capacity 12074K, committed 12160K, reserved 1048576K
}
Event: 22.127 GC heap after
{Heap after GC invocations=23 (full 0):
 garbage-first heap   total 273408K, used 95956K [0x0000000080000000, 0x0000000100000000)
  region size 1024K, 7 young (7168K), 7 survivors (7168K)
 Metaspace       used 87058K, capacity 89159K, committed 89472K, reserved 1126400K
  class space    used 11247K, capacity 12074K, committed 12160K, reserved 1048576K
}
Event: 23.456 GC heap before
{Heap before GC invocations=23 (full 0):
 garbage-first heap   total 273408K, used 194260K [0x0000000080000000, 0x0000000100000000)
  region size 1024K, 104 young (106496K), 7 survivors (7168K)
 Metaspace       used 92482K, capacity 94668K, committed 94976K, reserved 1132544K
  class space    used 11921K, capacity 12733K, committed 12800K, reserved 1048576K
}
Event: 23.479 GC heap after
{Heap after GC invocations=24 (full 0):
 garbage-first heap   total 273408K, used 100632K [0x0000000080000000, 0x0000000100000000)
  region size 1024K, 12 young (12288K), 12 survivors (12288K)
 Metaspace       used 92482K, capacity 94668K, committed 94976K, reserved 1132544K
  class space    used 11921K, capacity 12733K, committed 12800K, reserved 1048576K
}
Event: 25.182 GC heap before
{Heap before GC invocations=24 (full 0):
 garbage-first heap   total 273408K, used 207128K [0x0000000080000000, 0x0000000100000000)
  region size 1024K, 111 young (113664K), 12 survivors (12288K)
 Metaspace       used 95688K, capacity 97899K, committed 98176K, reserved 1134592K
  class space    used 12261K, capacity 13137K, committed 13184K, reserved 1048576K
}
Event: 25.209 GC heap after
{Heap after GC invocations=25 (full 0):
 garbage-first heap   total 273408K, used 109708K [0x0000000080000000, 0x0000000100000000)
  region size 1024K, 12 young (12288K), 12 survivors (12288K)
 Metaspace       used 95688K, capacity 97899K, committed 98176K, reserved 1134592K
  class space    used 12261K, capacity 13137K, committed 13184K, reserved 1048576K
}
Event: 26.668 GC heap before
{Heap before GC invocations=25 (full 0):
 garbage-first heap   total 273408K, used 223372K [0x0000000080000000, 0x0000000100000000)
  region size 1024K, 101 young (103424K), 12 survivors (12288K)
 Metaspace       used 102456K, capacity 104787K, committed 104832K, reserved 1140736K
  class space    used 13076K, capacity 13939K, committed 13952K, reserved 1048576K
}
Event: 26.696 GC heap after
{Heap after GC invocations=26 (full 0):
 garbage-first heap   total 273408K, used 141520K [0x0000000080000000, 0x0000000100000000)
  region size 1024K, 14 young (14336K), 14 survivors (14336K)
 Metaspace       used 102456K, capacity 104787K, committed 104832K, reserved 1140736K
  class space    used 13076K, capacity 13939K, committed 13952K, reserved 1048576K
}
Event: 27.575 GC heap before
{Heap before GC invocations=27 (full 0):
 garbage-first heap   total 273408K, used 253136K [0x0000000080000000, 0x0000000100000000)
  region size 1024K, 79 young (80896K), 14 survivors (14336K)
 Metaspace       used 105151K, capacity 107369K, committed 107776K, reserved 1142784K
  class space    used 13336K, capacity 14204K, committed 14336K, reserved 1048576K
}
Event: 27.668 GC heap after
{Heap after GC invocations=28 (full 0):
 garbage-first heap   total 294912K, used 188748K [0x0000000080000000, 0x0000000100000000)
  region size 1024K, 12 young (12288K), 12 survivors (12288K)
 Metaspace       used 105151K, capacity 107369K, committed 107776K, reserved 1142784K
  class space    used 13336K, capacity 14204K, committed 14336K, reserved 1048576K
}
Event: 28.438 GC heap before
{Heap before GC invocations=29 (full 0):
 garbage-first heap   total 294912K, used 232780K [0x0000000080000000, 0x0000000100000000)
  region size 1024K, 55 young (56320K), 12 survivors (12288K)
 Metaspace       used 105473K, capacity 107804K, committed 108032K, reserved 1142784K
  class space    used 13357K, capacity 14242K, committed 14336K, reserved 1048576K
}
Event: 28.496 GC heap after
{Heap after GC invocations=30 (full 0):
 garbage-first heap   total 294912K, used 204350K [0x0000000080000000, 0x0000000100000000)
  region size 1024K, 8 young (8192K), 8 survivors (8192K)
 Metaspace       used 105473K, capacity 107804K, committed 108032K, reserved 1142784K
  class space    used 13357K, capacity 14242K, committed 14336K, reserved 1048576K
}
Event: 29.286 GC heap before
{Heap before GC invocations=31 (full 0):
 garbage-first heap   total 294912K, used 242238K [0x0000000080000000, 0x0000000100000000)
  region size 1024K, 42 young (43008K), 8 survivors (8192K)
 Metaspace       used 107496K, capacity 109914K, committed 109952K, reserved 1144832K
  class space    used 13804K, capacity 14709K, committed 14720K, reserved 1048576K
}
Event: 29.355 GC heap after
{Heap after GC invocations=32 (full 0):
 garbage-first heap   total 294912K, used 222208K [0x0000000080000000, 0x0000000100000000)
  region size 1024K, 6 young (6144K), 6 survivors (6144K)
 Metaspace       used 107496K, capacity 109914K, committed 109952K, reserved 1144832K
  class space    used 13804K, capacity 14709K, committed 14720K, reserved 1048576K
}
Event: 29.532 GC heap before
{Heap before GC invocations=32 (full 0):
 garbage-first heap   total 294912K, used 245760K [0x0000000080000000, 0x0000000100000000)
  region size 1024K, 29 young (29696K), 6 survivors (6144K)
 Metaspace       used 107592K, capacity 109985K, committed 110208K, reserved 1144832K
  class space    used 13820K, capacity 14711K, committed 14720K, reserved 1048576K
}
Event: 29.579 GC heap after
{Heap after GC invocations=33 (full 0):
 garbage-first heap   total 294912K, used 235008K [0x0000000080000000, 0x0000000100000000)
  region size 1024K, 4 young (4096K), 4 survivors (4096K)
 Metaspace       used 107592K, capacity 109985K, committed 110208K, reserved 1144832K
  class space    used 13820K, capacity 14711K, committed 14720K, reserved 1048576K
}
Event: 29.919 GC heap before
{Heap before GC invocations=33 (full 0):
 garbage-first heap   total 294912K, used 250368K [0x0000000080000000, 0x0000000100000000)
  region size 1024K, 19 young (19456K), 4 survivors (4096K)
 Metaspace       used 107640K, capacity 109987K, committed 110208K, reserved 1144832K
  class space    used 13820K, capacity 14711K, committed 14720K, reserved 1048576K
}

Deoptimization events (20 events):
Event: 29.267 Thread 0x000002196bd21000 Uncommon trap: trap_request=0xffffffd6 fr.pc=0x000002195c1770e8 relative=0x0000000000000648
Event: 29.267 Thread 0x000002196bd21000 Uncommon trap: reason=array_check action=maybe_recompile pc=0x000002195c1770e8 method=java.util.ComparableTimSort.reverseRange([Ljava/lang/Object;II)V @ 20 c2
Event: 29.267 Thread 0x000002196bd21000 DEOPT PACKING pc=0x000002195c1770e8 sp=0x000000408effe1c0
Event: 29.267 Thread 0x000002196bd21000 DEOPT UNPACKING pc=0x0000021953f7662f sp=0x000000408effe188 mode 2
Event: 29.267 Thread 0x000002196bd21000 Uncommon trap: trap_request=0xffffffd6 fr.pc=0x000002195c1770e8 relative=0x0000000000000648
Event: 29.267 Thread 0x000002196bd21000 Uncommon trap: reason=array_check action=maybe_recompile pc=0x000002195c1770e8 method=java.util.ComparableTimSort.reverseRange([Ljava/lang/Object;II)V @ 20 c2
Event: 29.267 Thread 0x000002196bd21000 DEOPT PACKING pc=0x000002195c1770e8 sp=0x000000408effe1c0
Event: 29.267 Thread 0x000002196bd21000 DEOPT UNPACKING pc=0x0000021953f7662f sp=0x000000408effe188 mode 2
Event: 29.267 Thread 0x000002196bd21000 Uncommon trap: trap_request=0xffffffd6 fr.pc=0x000002195c1770e8 relative=0x0000000000000648
Event: 29.267 Thread 0x000002196bd21000 Uncommon trap: reason=array_check action=maybe_recompile pc=0x000002195c1770e8 method=java.util.ComparableTimSort.reverseRange([Ljava/lang/Object;II)V @ 20 c2
Event: 29.267 Thread 0x000002196bd21000 DEOPT PACKING pc=0x000002195c1770e8 sp=0x000000408effe1c0
Event: 29.267 Thread 0x000002196bd21000 DEOPT UNPACKING pc=0x0000021953f7662f sp=0x000000408effe188 mode 2
Event: 29.269 Thread 0x000002196fc57000 Uncommon trap: trap_request=0xffffff4d fr.pc=0x000002195c1b5b3c relative=0x000000000000037c
Event: 29.269 Thread 0x000002196fc57000 Uncommon trap: reason=unstable_if action=reinterpret pc=0x000002195c1b5b3c method=java.util.concurrent.ConcurrentLinkedQueue.offer(Ljava/lang/Object;)Z @ 96 c2
Event: 29.269 Thread 0x000002196fc57000 DEOPT PACKING pc=0x000002195c1b5b3c sp=0x00000040941fe950
Event: 29.269 Thread 0x000002196fc57000 DEOPT UNPACKING pc=0x0000021953f7662f sp=0x00000040941fe8e8 mode 2
Event: 29.612 Thread 0x000002196fc56800 Uncommon trap: trap_request=0xffffff4d fr.pc=0x000002195c1c7e34 relative=0x0000000000006474
Event: 29.612 Thread 0x000002196fc56800 Uncommon trap: reason=unstable_if action=reinterpret pc=0x000002195c1c7e34 method=com.android.tools.r8.code.x1.a(Ljava/nio/ShortBuffer;IILcom/android/tools/r8/internal/md1;)[Lcom/android/tools/r8/code/v1; @ 541 c2
Event: 29.612 Thread 0x000002196fc56800 DEOPT PACKING pc=0x000002195c1c7e34 sp=0x00000040942feb50
Event: 29.612 Thread 0x000002196fc56800 DEOPT UNPACKING pc=0x0000021953f7662f sp=0x00000040942feb58 mode 2

Classes redefined (0 events):
No events

Internal exceptions (20 events):
Event: 18.531 Thread 0x000002196fc4e000 Exception <a 'java/lang/NoSuchMethodError'{0x000000008b71d598}: 'java.lang.Object java.lang.invoke.DirectMethodHandle$Holder.invokeSpecialIFC(java.lang.Object, java.lang.Object, java.lang.Object)'> (0x000000008b71d598) thrown at [./src/hotspot/share/interpreter/linkResolver.cpp, line 773]
Event: 19.533 Thread 0x000002196faf5000 Implicit null exception at 0x000002195bf26152 to 0x000002195bf26560
Event: 19.584 Thread 0x000002196faf5800 Implicit null exception at 0x000002195bf2898c to 0x000002195bf291bc
Event: 20.668 Thread 0x000002196fc4e000 Exception <a 'java/lang/NoSuchMethodError'{0x000000008dce8c58}: <clinit>> (0x000000008dce8c58) thrown at [./src/hotspot/share/prims/jni.cpp, line 1362]
Event: 20.668 Thread 0x000002196fc4e000 Exception <a 'java/lang/NoSuchMethodError'{0x000000008dcea260}: <clinit>> (0x000000008dcea260) thrown at [./src/hotspot/share/prims/jni.cpp, line 1362]
Event: 20.668 Thread 0x000002196fc4e000 Exception <a 'java/lang/NoSuchMethodError'{0x000000008dcec400}: <clinit>> (0x000000008dcec400) thrown at [./src/hotspot/share/prims/jni.cpp, line 1362]
Event: 20.671 Thread 0x000002196fc4e000 Exception <a 'java/lang/NoSuchMethodError'{0x000000008db039b8}: <clinit>> (0x000000008db039b8) thrown at [./src/hotspot/share/prims/jni.cpp, line 1362]
Event: 20.672 Thread 0x000002196fc4e000 Exception <a 'java/lang/NoSuchMethodError'{0x000000008db04e98}: <clinit>> (0x000000008db04e98) thrown at [./src/hotspot/share/prims/jni.cpp, line 1362]
Event: 23.235 Thread 0x000002196fc4e000 Exception <a 'java/lang/NoSuchMethodError'{0x000000008bc42090}: 'int java.lang.invoke.DirectMethodHandle$Holder.invokeSpecial(java.lang.Object, java.lang.Object, java.lang.Object, java.lang.Object, java.lang.Object)'> (0x000000008bc42090) thrown at [./src/hotspot/share/interpreter/linkResolver.cpp, line 773]
Event: 23.648 Thread 0x000002196fc4e000 Exception <a 'java/lang/NoSuchMethodError'{0x00000000904c1110}: 'void java.lang.invoke.DirectMethodHandle$Holder.invokeVirtual(java.lang.Object, java.lang.Object)'> (0x00000000904c1110) thrown at [./src/hotspot/share/interpreter/linkResolver.cpp, line 773]
Event: 23.755 Thread 0x000002196fc4e000 Exception <a 'java/lang/NoSuchMethodError'{0x000000008ff0d768}: <clinit>> (0x000000008ff0d768) thrown at [./src/hotspot/share/prims/jni.cpp, line 1362]
Event: 24.167 Thread 0x000002196fc4e000 Exception <a 'java/lang/NoSuchMethodError'{0x000000008e60a030}: <clinit>> (0x000000008e60a030) thrown at [./src/hotspot/share/prims/jni.cpp, line 1362]
Event: 26.435 Thread 0x000002196fc55000 Exception <a 'sun/nio/fs/WindowsException'{0x000000008c1fa7b8}> (0x000000008c1fa7b8) thrown at [./src/hotspot/share/prims/jni.cpp, line 615]
Event: 26.635 Thread 0x000002196fc52800 Exception <a 'sun/nio/fs/WindowsException'{0x000000008b4654b8}> (0x000000008b4654b8) thrown at [./src/hotspot/share/prims/jni.cpp, line 615]
Event: 26.635 Thread 0x000002196fc52800 Exception <a 'sun/nio/fs/WindowsException'{0x000000008b4655a0}> (0x000000008b4655a0) thrown at [./src/hotspot/share/prims/jni.cpp, line 615]
Event: 26.714 Thread 0x000002196fc55000 Exception <a 'java/lang/NoSuchMethodError'{0x000000009096c520}: 'java.lang.Object java.lang.invoke.DirectMethodHandle$Holder.invokeStaticInit(java.lang.Object, java.lang.Object, java.lang.Object, java.lang.Object, java.lang.Object, java.lang.Object, java.lang.Object, java.lang.Object, java.lang.Object, java.lang.Object, java.lang.Object, java.lang.Object, java.lang.Object, java.lang.Object, java.lang.Object, java.lang.Object, java.lang.Object, java.lang.Object, int, java.lang.Object, java.lang.Object)'> (0
Event: 28.735 Thread 0x000002196fc54000 Exception <a 'java/lang/NoSuchMethodError'{0x000000008fa77010}: 'java.lang.Object java.lang.invoke.DirectMethodHandle$Holder.newInvokeSpecial(java.lang.Object, int)'> (0x000000008fa77010) thrown at [./src/hotspot/share/interpreter/linkResolver.cpp, line 773]
Event: 28.762 Thread 0x000002196fc57000 Exception <a 'java/lang/IncompatibleClassChangeError'{0x000000008f9ffd58}: Found class java.lang.Object, but interface was expected> (0x000000008f9ffd58) thrown at [./src/hotspot/share/interpreter/linkResolver.cpp, line 839]
Event: 28.766 Thread 0x000002196fc57000 Exception <a 'java/lang/IncompatibleClassChangeError'{0x000000008f81f9a0}: Found class java.lang.Object, but interface was expected> (0x000000008f81f9a0) thrown at [./src/hotspot/share/interpreter/linkResolver.cpp, line 839]
Event: 28.767 Thread 0x000002196fc57000 Exception <a 'java/lang/IncompatibleClassChangeError'{0x000000008f827438}: Found class java.lang.Object, but interface was expected> (0x000000008f827438) thrown at [./src/hotspot/share/interpreter/linkResolver.cpp, line 839]

Events (20 events):
Event: 29.382 loading class com/android/tools/r8/internal/Vb1 done
Event: 29.382 loading class com/android/tools/r8/internal/Sc1
Event: 29.382 loading class com/android/tools/r8/internal/Sc1 done
Event: 29.382 loading class com/android/tools/r8/internal/ac1
Event: 29.382 loading class com/android/tools/r8/internal/ac1 done
Event: 29.383 loading class com/android/tools/r8/graph/P0
Event: 29.383 loading class com/android/tools/r8/graph/P0 done
Event: 29.384 loading class com/android/tools/r8/graph/D2
Event: 29.384 loading class com/android/tools/r8/graph/D2 done
Event: 29.384 loading class com/android/tools/r8/internal/Yb1
Event: 29.384 loading class com/android/tools/r8/internal/Yb1 done
Event: 29.384 loading class com/android/tools/r8/internal/dc1
Event: 29.384 loading class com/android/tools/r8/internal/dc1 done
Event: 29.482 loading class com/android/tools/r8/internal/LM0
Event: 29.482 loading class com/android/tools/r8/internal/LM0 done
Event: 29.531 Executing VM operation: G1CollectForAllocation
Event: 29.579 Executing VM operation: G1CollectForAllocation done
Event: 29.735 loading class com/android/tools/r8/graph/Z0
Event: 29.735 loading class com/android/tools/r8/graph/Z0 done
Event: 29.918 Executing VM operation: G1CollectForAllocation


Dynamic libraries:
0x00007ff7323e0000 - 0x00007ff7323ea000 	C:\Program Files\Android\Android Studio New\jre\bin\java.exe
0x00007ffbc5380000 - 0x00007ffbc5570000 	C:\WINDOWS\SYSTEM32\ntdll.dll
0x00007ffbc3690000 - 0x00007ffbc3742000 	C:\WINDOWS\System32\KERNEL32.DLL
0x00007ffbc2490000 - 0x00007ffbc2735000 	C:\WINDOWS\System32\KERNELBASE.dll
0x00007ffbc2a60000 - 0x00007ffbc2b5a000 	C:\WINDOWS\System32\ucrtbase.dll
0x00007ffb9fad0000 - 0x00007ffb9fae7000 	C:\Program Files\Android\Android Studio New\jre\bin\VCRUNTIME140.dll
0x00007ffbb79e0000 - 0x00007ffbb79f9000 	C:\Program Files\Android\Android Studio New\jre\bin\jli.dll
0x00007ffbc51a0000 - 0x00007ffbc5334000 	C:\WINDOWS\System32\USER32.dll
0x00007ffbc2a30000 - 0x00007ffbc2a51000 	C:\WINDOWS\System32\win32u.dll
0x00007ffba7b80000 - 0x00007ffba7e04000 	C:\WINDOWS\WinSxS\amd64_microsoft.windows.common-controls_6595b64144ccf1df_6.0.18362.1256_none_9e7e379be45e40e2\COMCTL32.dll
0x00007ffbc4fb0000 - 0x00007ffbc4fd6000 	C:\WINDOWS\System32\GDI32.dll
0x00007ffbc5100000 - 0x00007ffbc519e000 	C:\WINDOWS\System32\msvcrt.dll
0x00007ffbc22f0000 - 0x00007ffbc2486000 	C:\WINDOWS\System32\gdi32full.dll
0x00007ffbc4550000 - 0x00007ffbc4886000 	C:\WINDOWS\System32\combase.dll
0x00007ffbc2770000 - 0x00007ffbc280e000 	C:\WINDOWS\System32\msvcp_win.dll
0x00007ffbc4fe0000 - 0x00007ffbc5100000 	C:\WINDOWS\System32\RPCRT4.dll
0x00007ffbc2b60000 - 0x00007ffbc2be1000 	C:\WINDOWS\System32\bcryptPrimitives.dll
0x00007ffbc3750000 - 0x00007ffbc377e000 	C:\WINDOWS\System32\IMM32.DLL
0x00007ffb8d3e0000 - 0x00007ffb8d47d000 	C:\Program Files\Android\Android Studio New\jre\bin\msvcp140.dll
0x00007ffb57710000 - 0x00007ffb581e5000 	C:\Program Files\Android\Android Studio New\jre\bin\server\jvm.dll
0x00007ffbc44a0000 - 0x00007ffbc4543000 	C:\WINDOWS\System32\ADVAPI32.dll
0x00007ffbc3440000 - 0x00007ffbc34d7000 	C:\WINDOWS\System32\sechost.dll
0x00007ffbc3430000 - 0x00007ffbc3438000 	C:\WINDOWS\System32\PSAPI.DLL
0x00007ffbbad50000 - 0x00007ffbbad59000 	C:\WINDOWS\SYSTEM32\WSOCK32.dll
0x00007ffbbbf00000 - 0x00007ffbbbf24000 	C:\WINDOWS\SYSTEM32\WINMM.dll
0x00007ffbb9280000 - 0x00007ffbb928a000 	C:\WINDOWS\SYSTEM32\VERSION.dll
0x00007ffbc3c20000 - 0x00007ffbc3c8f000 	C:\WINDOWS\System32\WS2_32.dll
0x00007ffbbbed0000 - 0x00007ffbbbefd000 	C:\WINDOWS\SYSTEM32\winmmbase.dll
0x00007ffbc33e0000 - 0x00007ffbc342a000 	C:\WINDOWS\System32\cfgmgr32.dll
0x00007ffbc2250000 - 0x00007ffbc2261000 	C:\WINDOWS\System32\kernel.appcore.dll
0x00007ffb90130000 - 0x00007ffb90141000 	C:\Program Files\Android\Android Studio New\jre\bin\verify.dll
0x00007ffbc0950000 - 0x00007ffbc0b44000 	C:\WINDOWS\SYSTEM32\DBGHELP.DLL
0x00007ffbb7500000 - 0x00007ffbb752a000 	C:\WINDOWS\SYSTEM32\dbgcore.DLL
0x00007ffb8ffe0000 - 0x00007ffb90009000 	C:\Program Files\Android\Android Studio New\jre\bin\java.dll
0x00007ffba81d0000 - 0x00007ffba81db000 	C:\Program Files\Android\Android Studio New\jre\bin\jimage.dll
0x00007ffb90110000 - 0x00007ffb90128000 	C:\Program Files\Android\Android Studio New\jre\bin\zip.dll
0x00007ffbc3db0000 - 0x00007ffbc4497000 	C:\WINDOWS\System32\SHELL32.dll
0x00007ffbc3780000 - 0x00007ffbc3829000 	C:\WINDOWS\System32\shcore.dll
0x00007ffbc2c50000 - 0x00007ffbc33d1000 	C:\WINDOWS\System32\windows.storage.dll
0x00007ffbc22c0000 - 0x00007ffbc22e3000 	C:\WINDOWS\System32\profapi.dll
0x00007ffbc2270000 - 0x00007ffbc22ba000 	C:\WINDOWS\System32\powrprof.dll
0x00007ffbc2220000 - 0x00007ffbc2230000 	C:\WINDOWS\System32\UMPDC.dll
0x00007ffbc3980000 - 0x00007ffbc39d2000 	C:\WINDOWS\System32\shlwapi.dll
0x00007ffbc2810000 - 0x00007ffbc2827000 	C:\WINDOWS\System32\cryptsp.dll
0x00007ffb8f330000 - 0x00007ffb8f34a000 	C:\Program Files\Android\Android Studio New\jre\bin\net.dll
0x00007ffbb56e0000 - 0x00007ffbb57d0000 	C:\WINDOWS\SYSTEM32\WINHTTP.dll
0x00007ffbc1a10000 - 0x00007ffbc1a77000 	C:\WINDOWS\system32\mswsock.dll
0x00007ffb8dca0000 - 0x00007ffb8dcb4000 	C:\Program Files\Android\Android Studio New\jre\bin\nio.dll
0x00007ffb9ef30000 - 0x00007ffb9ef57000 	C:\Users\JOHN BATISTA\.gradle\native\e1d6ef7f7dcc3fd88c89a11ec53ec762bb8ba0a96d01ffa2cd45eb1d1d8dd5c5\windows-amd64\native-platform.dll
0x00007ffb8f160000 - 0x00007ffb8f2a4000 	C:\Users\JOHN BATISTA\.gradle\native\5664cfc778a61ccfe75a443a1ab52a65af34e5dc3c78e0209fed803814484fcb\windows-amd64\native-platform-file-events.dll
0x00007ffba3980000 - 0x00007ffba398a000 	C:\Program Files\Android\Android Studio New\jre\bin\management.dll
0x00007ffb9ded0000 - 0x00007ffb9dedd000 	C:\Program Files\Android\Android Studio New\jre\bin\management_ext.dll
0x00007ffbc1580000 - 0x00007ffbc15b3000 	C:\WINDOWS\system32\rsaenh.dll
0x00007ffbc2740000 - 0x00007ffbc2766000 	C:\WINDOWS\System32\bcrypt.dll
0x00007ffbc2140000 - 0x00007ffbc2165000 	C:\WINDOWS\SYSTEM32\USERENV.dll
0x00007ffbc1be0000 - 0x00007ffbc1bec000 	C:\WINDOWS\SYSTEM32\CRYPTBASE.dll
0x00007ffbc1720000 - 0x00007ffbc175a000 	C:\WINDOWS\SYSTEM32\IPHLPAPI.DLL
0x00007ffbc3970000 - 0x00007ffbc3978000 	C:\WINDOWS\System32\NSI.dll
0x00007ffbb7780000 - 0x00007ffbb7796000 	C:\WINDOWS\SYSTEM32\dhcpcsvc6.DLL
0x00007ffbb7760000 - 0x00007ffbb777c000 	C:\WINDOWS\SYSTEM32\dhcpcsvc.DLL
0x00007ffbc1770000 - 0x00007ffbc183b000 	C:\WINDOWS\SYSTEM32\DNSAPI.dll

dbghelp: loaded successfully - version: 4.0.5 - missing functions: none
symbol engine: initialized successfully - sym options: 0x614 - pdb path: .;C:\Program Files\Android\Android Studio New\jre\bin;C:\WINDOWS\SYSTEM32;C:\WINDOWS\WinSxS\amd64_microsoft.windows.common-controls_6595b64144ccf1df_6.0.18362.1256_none_9e7e379be45e40e2;C:\Program Files\Android\Android Studio New\jre\bin\server;C:\Users\JOHN BATISTA\.gradle\native\e1d6ef7f7dcc3fd88c89a11ec53ec762bb8ba0a96d01ffa2cd45eb1d1d8dd5c5\windows-amd64;C:\Users\JOHN BATISTA\.gradle\native\5664cfc778a61ccfe75a443a1ab52a65af34e5dc3c78e0209fed803814484fcb\windows-amd64

VM Arguments:
jvm_args: --add-opens=java.base/java.util=ALL-UNNAMED --add-opens=java.base/java.lang=ALL-UNNAMED --add-opens=java.base/java.lang.invoke=ALL-UNNAMED --add-opens=java.base/java.util=ALL-UNNAMED --add-opens=java.prefs/java.util.prefs=ALL-UNNAMED --add-opens=java.prefs/java.util.prefs=ALL-UNNAMED --add-opens=java.base/java.nio.charset=ALL-UNNAMED --add-opens=java.base/java.net=ALL-UNNAMED --add-opens=java.base/java.util.concurrent.atomic=ALL-UNNAMED -Xmx2048m -Dfile.encoding=UTF-8 -Duser.country=US -Duser.language=en -Duser.variant 
java_command: org.gradle.launcher.daemon.bootstrap.GradleDaemon 7.2
java_class_path (initial): C:\Users\JOHN BATISTA\.gradle\wrapper\dists\gradle-7.2-bin\2dnblmf4td7x66yl1d74lt32g\gradle-7.2\lib\gradle-launcher-7.2.jar
Launcher Type: SUN_STANDARD

[Global flags]
     intx CICompilerCount                          = 3                                         {product} {ergonomic}
     uint ConcGCThreads                            = 1                                         {product} {ergonomic}
     uint G1ConcRefinementThreads                  = 4                                         {product} {ergonomic}
   size_t G1HeapRegionSize                         = 1048576                                   {product} {ergonomic}
    uintx GCDrainStackTargetSize                   = 64                                        {product} {ergonomic}
   size_t InitialHeapSize                          = 134217728                                 {product} {ergonomic}
   size_t MarkStackSize                            = 4194304                                   {product} {ergonomic}
   size_t MaxHeapSize                              = 2147483648                                {product} {command line}
   size_t MaxNewSize                               = 1287651328                                {product} {ergonomic}
   size_t MinHeapDeltaBytes                        = 1048576                                   {product} {ergonomic}
    uintx NonNMethodCodeHeapSize                   = 5830732                                {pd product} {ergonomic}
    uintx NonProfiledCodeHeapSize                  = 122913754                              {pd product} {ergonomic}
    uintx ProfiledCodeHeapSize                     = 122913754                              {pd product} {ergonomic}
    uintx ReservedCodeCacheSize                    = 251658240                              {pd product} {ergonomic}
     bool SegmentedCodeCache                       = true                                      {product} {ergonomic}
     bool UseCompressedClassPointers               = true                                 {lp64_product} {ergonomic}
     bool UseCompressedOops                        = true                                 {lp64_product} {ergonomic}
     bool UseG1GC                                  = true                                      {product} {ergonomic}
     bool UseLargePagesIndividualAllocation        = false                                  {pd product} {ergonomic}

Logging:
Log output configuration:
 #0: stdout all=warning uptime,level,tags
 #1: stderr all=off uptime,level,tags

Environment Variables:
JAVA_HOME=C:\Program Files\Java\jdk-15.0.1
PATH=C:\Program Files\Java\jdk-15.0.1\bin;C:\Program Files\Git\cmd;C:\Program Files\PuTTY\;C:\Program Files\MATLAB\R2013a\runtime\win64;C:\Program Files\MATLAB\R2013a\bin;C:\Program Files\Microsoft VS Code\bin;C:\nodejs\;C:\Users\JOHN BATISTA\AppData\Local\Programs\Python\Python310\Scripts;C:\Users\JOHN BATISTA\AppData\Local\Programs\Python\Python310\Scripts\;C:\Users\JOHN BATISTA\AppData\Local\Programs\Python\Python310\;C:\Users\JOHN BATISTA\AppData\Roaming\npm;
USERNAME=JOHN BATISTA
OS=Windows_NT
PROCESSOR_IDENTIFIER=Intel64 Family 6 Model 142 Stepping 9, GenuineIntel



---------------  S Y S T E M  ---------------

OS: Windows 10 , 64 bit Build 18362 (10.0.18362.1110)
OS uptime: 3 days 14:22 hours

CPU:total 4 (initial active 4) (2 cores per cpu, 2 threads per core) family 6 model 142 stepping 9 microcode 0x8e, cmov, cx8, fxsr, mmx, sse, sse2, sse3, ssse3, sse4.1, sse4.2, popcnt, avx, avx2, aes, clmul, erms, 3dnowpref, lzcnt, ht, tsc, tscinvbit, bmi1, bmi2, adx, fma

Memory: 4k page, system-wide physical 8107M (636M free)
TotalPageFile size 20395M (AvailPageFile size 42M)
current process WorkingSet (physical memory assigned to process): 590M, peak: 593M
current process commit charge ("private bytes"): 620M, peak: 725M

vm_info: OpenJDK 64-Bit Server VM (11.0.11+9-b60-7590822) for windows-amd64 JRE (11.0.11+9-b60-7590822), built on Jul 29 2021 21:43:44 by "builder" with MS VC++ 14.0 (VS2015)

END.
