#
# There is insufficient memory for the Java Runtime Environment to continue.
# Native memory allocation (mmap) failed to map 120586240 bytes for Failed to commit area from 0x0000000092600000 to 0x0000000099900000 of length 120586240.
# Possible reasons:
#   The system is out of physical RAM or swap space
#   The process is running with CompressedOops enabled, and the Java Heap may be blocking the growth of the native heap
# Possible solutions:
#   Reduce memory load on the system
#   Increase physical memory or swap space
#   Check if swap backing store is full
#   Decrease Java heap size (-Xmx/-Xms)
#   Decrease number of Java threads
#   Decrease Java thread stack sizes (-Xss)
#   Set larger code cache with -XX:ReservedCodeCacheSize=
#   JVM is running with Unscaled Compressed Oops mode in which the Java heap is
#     placed in the first 4GB address space. The Java Heap base address is the
#     maximum limit for the native heap growth. Please use -XX:HeapBaseMinAddress
#     to set the Java Heap base and to place the Java Heap above 4GB virtual address.
# This output file may be truncated or incomplete.
#
#  Out of Memory Error (./src/hotspot/os/windows/os_windows.cpp:3301), pid=1752, tid=4128
#
# JRE version: OpenJDK Runtime Environment (11.0.11+9) (build 11.0.11+9-b60-7590822)
# Java VM: OpenJDK 64-Bit Server VM (11.0.11+9-b60-7590822, mixed mode, tiered, compressed oops, g1 gc, windows-amd64)
# No core dump will be written. Minidumps are not enabled by default on client versions of Windows
#

---------------  S U M M A R Y ------------

Command Line: --add-opens=java.base/java.util=ALL-UNNAMED --add-opens=java.base/java.lang=ALL-UNNAMED --add-opens=java.base/java.lang.invoke=ALL-UNNAMED --add-opens=java.base/java.util=ALL-UNNAMED --add-opens=java.prefs/java.util.prefs=ALL-UNNAMED --add-opens=java.prefs/java.util.prefs=ALL-UNNAMED --add-opens=java.base/java.nio.charset=ALL-UNNAMED --add-opens=java.base/java.net=ALL-UNNAMED --add-opens=java.base/java.util.concurrent.atomic=ALL-UNNAMED -Xmx2048m -Dfile.encoding=UTF-8 -Duser.country=US -Duser.language=en -Duser.variant org.gradle.launcher.daemon.bootstrap.GradleDaemon 7.2

Host: Intel(R) Core(TM) i3-7020U CPU @ 2.30GHz, 4 cores, 7G,  Windows 10 , 64 bit Build 18362 (10.0.18362.1110)
Time: Tue Jun 14 00:58:57 2022 UTC-11 elapsed time: 30.799102 seconds (0d 0h 0m 30s)

---------------  T H R E A D  ---------------

Current thread (0x0000014caee5a000):  VMThread "VM Thread" [stack: 0x00000016d5e00000,0x00000016d5f00000] [id=4128]

Stack: [0x00000016d5e00000,0x00000016d5f00000]
[error occurred during error reporting (printing stack bounds), id 0xc0000005, EXCEPTION_ACCESS_VIOLATION (0xc0000005) at pc=0x0000014c985f0f2d]

Native frames: (J=compiled Java code, j=interpreted, Vv=VM code, C=native code)
V  [jvm.dll+0x5f214a]
V  [jvm.dll+0x726fb5]
V  [jvm.dll+0x7285cd]
V  [jvm.dll+0x728be5]
V  [jvm.dll+0x728b9b]
V  [jvm.dll+0x5f14e8]
V  [jvm.dll+0x5f1c78]
C  [ntdll.dll+0xa184f]
C  [ntdll.dll+0x6a889]
C  [ntdll.dll+0xa04be]
C  0x0000014c985f0f2d

VM_Operation (0x00000016dbdfdc10): G1CollectForAllocation, mode: safepoint, requested by thread 0x0000014cb4b31800


---------------  P R O C E S S  ---------------

Threads class SMR info:
_java_thread_list=0x0000014cafcd5f00, length=93, elements={
0x0000014c932dd000, 0x0000014caee5e000, 0x0000014caee5f800, 0x0000014caf7e4800,
0x0000014caf7e5800, 0x0000014caf7e8800, 0x0000014caf7ea000, 0x0000014caf7f2800,
0x0000014caf814000, 0x0000014caf952800, 0x0000014cb2116800, 0x0000014cb24b5800,
0x0000014cb2939000, 0x0000014cb1e72000, 0x0000014cafb62000, 0x0000014cb1ffb000,
0x0000014cb1cbf000, 0x0000014cb2938000, 0x0000014cb11a6000, 0x0000014cb1261000,
0x0000014cb125e800, 0x0000014cb125b800, 0x0000014cb1260000, 0x0000014cb125e000,
0x0000014cb125f800, 0x0000014cb1262000, 0x0000014cb125c000, 0x0000014cb125d000,
0x0000014cb2b46800, 0x0000014cb2b45000, 0x0000014cb2b49000, 0x0000014cb2b4a800,
0x0000014cb2b47800, 0x0000014cb2b46000, 0x0000014cb2b48000, 0x0000014cb3535000,
0x0000014cb3534000, 0x0000014cb3532800, 0x0000014cb3535800, 0x0000014cb3538000,
0x0000014cb3536800, 0x0000014cb3533000, 0x0000014cb3539000, 0x0000014cb3539800,
0x0000014cb353a800, 0x0000014cb353b800, 0x0000014cb353c000, 0x0000014cb353d000,
0x0000014cb3537800, 0x0000014cb353e800, 0x0000014cb353f800, 0x0000014cb3540000,
0x0000014cb3541000, 0x0000014cb353e000, 0x0000014cb1ae7000, 0x0000014cb1aeb800,
0x0000014cb1ae9800, 0x0000014cb1aeb000, 0x0000014cb1aea000, 0x0000014cb1ae7800,
0x0000014cb1ae8800, 0x0000014cb1ae6000, 0x0000014cb1aee000, 0x0000014cb1aef000,
0x0000014cb1af2800, 0x0000014cb1af0000, 0x0000014cb1af0800, 0x0000014cb1aec800,
0x0000014cb1af1800, 0x0000014cb1af3000, 0x0000014cb1aed800, 0x0000014cb1af4800,
0x0000014cb1af4000, 0x0000014cb4b2b800, 0x0000014cb4b2b000, 0x0000014cb4b27800,
0x0000014cb4b28800, 0x0000014cb4b26000, 0x0000014cb4b2c800, 0x0000014cb4b26800,
0x0000014cb4b2d000, 0x0000014cb4b2f800, 0x0000014cb4b2e000, 0x0000014cb4b2f000,
0x0000014cb4b2a000, 0x0000014cb4b33000, 0x0000014cb4b32000, 0x0000014cb4b33800,
0x0000014cb4b34800, 0x0000014cb4b31800, 0x0000014cb4b30800, 0x0000014cb57a2800,
0x0000014cb3163800
}

Java Threads: ( => current thread )
  0x0000014c932dd000 JavaThread "main" [_thread_blocked, id=13428, stack(0x00000016d5800000,0x00000016d5900000)]
  0x0000014caee5e000 JavaThread "Reference Handler" daemon [_thread_blocked, id=15776, stack(0x00000016d5f00000,0x00000016d6000000)]
  0x0000014caee5f800 JavaThread "Finalizer" daemon [_thread_blocked, id=10056, stack(0x00000016d6000000,0x00000016d6100000)]
  0x0000014caf7e4800 JavaThread "Signal Dispatcher" daemon [_thread_blocked, id=13120, stack(0x00000016d6100000,0x00000016d6200000)]
  0x0000014caf7e5800 JavaThread "Attach Listener" daemon [_thread_blocked, id=12720, stack(0x00000016d6200000,0x00000016d6300000)]
  0x0000014caf7e8800 JavaThread "Service Thread" daemon [_thread_blocked, id=16124, stack(0x00000016d6300000,0x00000016d6400000)]
  0x0000014caf7ea000 JavaThread "C2 CompilerThread0" daemon [_thread_blocked, id=17992, stack(0x00000016d6400000,0x00000016d6500000)]
  0x0000014caf7f2800 JavaThread "C1 CompilerThread0" daemon [_thread_blocked, id=10100, stack(0x00000016d6500000,0x00000016d6600000)]
  0x0000014caf814000 JavaThread "Sweeper thread" daemon [_thread_blocked, id=404, stack(0x00000016d6600000,0x00000016d6700000)]
  0x0000014caf952800 JavaThread "Common-Cleaner" daemon [_thread_blocked, id=13768, stack(0x00000016d6700000,0x00000016d6800000)]
  0x0000014cb2116800 JavaThread "Daemon health stats" [_thread_blocked, id=6576, stack(0x00000016d6c00000,0x00000016d6d00000)]
  0x0000014cb24b5800 JavaThread "Incoming local TCP Connector on port 54716" [_thread_in_native, id=13656, stack(0x00000016d6900000,0x00000016d6a00000)]
  0x0000014cb2939000 JavaThread "Daemon periodic checks" [_thread_blocked, id=7440, stack(0x00000016d6e00000,0x00000016d6f00000)]
  0x0000014cb1e72000 JavaThread "Daemon" [_thread_blocked, id=8572, stack(0x00000016d6f00000,0x00000016d7000000)]
  0x0000014cafb62000 JavaThread "Handler for socket connection from /127.0.0.1:54716 to /127.0.0.1:54717" [_thread_in_native, id=9136, stack(0x00000016d7000000,0x00000016d7100000)]
  0x0000014cb1ffb000 JavaThread "Cancel handler" [_thread_blocked, id=17960, stack(0x00000016d7100000,0x00000016d7200000)]
  0x0000014cb1cbf000 JavaThread "Daemon worker" [_thread_blocked, id=13944, stack(0x00000016d7200000,0x00000016d7300000)]
  0x0000014cb2938000 JavaThread "Asynchronous log dispatcher for DefaultDaemonConnection: socket connection from /127.0.0.1:54716 to /127.0.0.1:54717" [_thread_blocked, id=7604, stack(0x00000016d7300000,0x00000016d7400000)]
  0x0000014cb11a6000 JavaThread "Stdin handler" [_thread_blocked, id=2240, stack(0x00000016d7400000,0x00000016d7500000)]
  0x0000014cb1261000 JavaThread "Daemon client event forwarder" [_thread_blocked, id=4696, stack(0x00000016d7500000,0x00000016d7600000)]
  0x0000014cb125e800 JavaThread "Cache worker for journal cache (C:\Users\JOHN BATISTA\.gradle\caches\journal-1)" [_thread_blocked, id=7484, stack(0x00000016d7700000,0x00000016d7800000)]
  0x0000014cb125b800 JavaThread "File lock request listener" [_thread_in_native, id=13400, stack(0x00000016d7800000,0x00000016d7900000)]
  0x0000014cb1260000 JavaThread "Cache worker for file hash cache (C:\Users\JOHN BATISTA\.gradle\caches\7.2\fileHashes)" [_thread_blocked, id=11520, stack(0x00000016d7900000,0x00000016d7a00000)]
  0x0000014cb125e000 JavaThread "Cache worker for file hash cache (C:\Users\JOHN BATISTA\AndroidStudioProjects\SportsApplication\.gradle\7.2\fileHashes)" [_thread_blocked, id=9732, stack(0x00000016d7a00000,0x00000016d7b00000)]
  0x0000014cb125f800 JavaThread "File watcher server" daemon [_thread_blocked, id=16584, stack(0x00000016d7b00000,0x00000016d7c00000)]
  0x0000014cb1262000 JavaThread "File watcher consumer" daemon [_thread_blocked, id=8896, stack(0x00000016d7c00000,0x00000016d7d00000)]
  0x0000014cb125c000 JavaThread "Cache worker for checksums cache (C:\Users\JOHN BATISTA\AndroidStudioProjects\SportsApplication\.gradle\checksums)" [_thread_blocked, id=14564, stack(0x00000016d7d00000,0x00000016d7e00000)]
  0x0000014cb125d000 JavaThread "Cache worker for cache directory md-supplier (C:\Users\JOHN BATISTA\.gradle\caches\7.2\md-supplier)" [_thread_blocked, id=12448, stack(0x00000016d7e00000,0x00000016d7f00000)]
  0x0000014cb2b46800 JavaThread "Cache worker for cache directory md-rule (C:\Users\JOHN BATISTA\.gradle\caches\7.2\md-rule)" [_thread_blocked, id=9440, stack(0x00000016d7f00000,0x00000016d8000000)]
  0x0000014cb2b45000 JavaThread "Cache worker for execution history cache (C:\Users\JOHN BATISTA\.gradle\caches\7.2\executionHistory)" [_thread_blocked, id=15928, stack(0x00000016d8000000,0x00000016d8100000)]
  0x0000014cb2b49000 JavaThread "jar transforms" [_thread_blocked, id=17760, stack(0x00000016d8100000,0x00000016d8200000)]
  0x0000014cb2b4a800 JavaThread "Cache worker for file content cache (C:\Users\JOHN BATISTA\.gradle\caches\7.2\fileContent)" [_thread_blocked, id=1956, stack(0x00000016d8200000,0x00000016d8300000)]
  0x0000014cb2b47800 JavaThread "jar transforms Thread 2" [_thread_blocked, id=1840, stack(0x00000016d8300000,0x00000016d8400000)]
  0x0000014cb2b46000 JavaThread "Cache worker for dependencies-accessors (C:\Users\JOHN BATISTA\AndroidStudioProjects\SportsApplication\.gradle\7.2\dependencies-accessors)" [_thread_blocked, id=18268, stack(0x00000016d8400000,0x00000016d8500000)]
  0x0000014cb2b48000 JavaThread "jar transforms Thread 3" [_thread_blocked, id=8140, stack(0x00000016d8500000,0x00000016d8600000)]
  0x0000014cb3535000 JavaThread "Cache worker for Build Output Cleanup Cache (C:\Users\JOHN BATISTA\AndroidStudioProjects\SportsApplication\.gradle\buildOutputCleanup)" [_thread_blocked, id=2296, stack(0x00000016d8600000,0x00000016d8700000)]
  0x0000014cb3534000 JavaThread "Unconstrained build operations" [_thread_blocked, id=7108, stack(0x00000016d8700000,0x00000016d8800000)]
  0x0000014cb3532800 JavaThread "Unconstrained build operations Thread 2" [_thread_blocked, id=10968, stack(0x00000016d8800000,0x00000016d8900000)]
  0x0000014cb3535800 JavaThread "Unconstrained build operations Thread 3" [_thread_blocked, id=11068, stack(0x00000016d8900000,0x00000016d8a00000)]
  0x0000014cb3538000 JavaThread "Unconstrained build operations Thread 4" [_thread_blocked, id=8512, stack(0x00000016d8a00000,0x00000016d8b00000)]
  0x0000014cb3536800 JavaThread "Unconstrained build operations Thread 5" [_thread_blocked, id=10424, stack(0x00000016d8b00000,0x00000016d8c00000)]
  0x0000014cb3533000 JavaThread "Unconstrained build operations Thread 6" [_thread_blocked, id=8124, stack(0x00000016d8c00000,0x00000016d8d00000)]
  0x0000014cb3539000 JavaThread "Unconstrained build operations Thread 7" [_thread_blocked, id=9388, stack(0x00000016d8d00000,0x00000016d8e00000)]
  0x0000014cb3539800 JavaThread "Unconstrained build operations Thread 8" [_thread_blocked, id=5960, stack(0x00000016d8e00000,0x00000016d8f00000)]
  0x0000014cb353a800 JavaThread "Unconstrained build operations Thread 9" [_thread_blocked, id=17444, stack(0x00000016d8f00000,0x00000016d9000000)]
  0x0000014cb353b800 JavaThread "Unconstrained build operations Thread 10" [_thread_blocked, id=14264, stack(0x00000016d9000000,0x00000016d9100000)]
  0x0000014cb353c000 JavaThread "Unconstrained build operations Thread 11" [_thread_blocked, id=18320, stack(0x00000016d9100000,0x00000016d9200000)]
  0x0000014cb353d000 JavaThread "Unconstrained build operations Thread 12" [_thread_blocked, id=3192, stack(0x00000016d9200000,0x00000016d9300000)]
  0x0000014cb3537800 JavaThread "Unconstrained build operations Thread 13" [_thread_blocked, id=17916, stack(0x00000016d9300000,0x00000016d9400000)]
  0x0000014cb353e800 JavaThread "Unconstrained build operations Thread 14" [_thread_blocked, id=4360, stack(0x00000016d9400000,0x00000016d9500000)]
  0x0000014cb353f800 JavaThread "Unconstrained build operations Thread 15" [_thread_blocked, id=12352, stack(0x00000016d9500000,0x00000016d9600000)]
  0x0000014cb3540000 JavaThread "Unconstrained build operations Thread 16" [_thread_blocked, id=15228, stack(0x00000016d9600000,0x00000016d9700000)]
  0x0000014cb3541000 JavaThread "Unconstrained build operations Thread 17" [_thread_blocked, id=10612, stack(0x00000016d9700000,0x00000016d9800000)]
  0x0000014cb353e000 JavaThread "Unconstrained build operations Thread 18" [_thread_blocked, id=9164, stack(0x00000016d9800000,0x00000016d9900000)]
  0x0000014cb1ae7000 JavaThread "Unconstrained build operations Thread 19" [_thread_blocked, id=14504, stack(0x00000016d9900000,0x00000016d9a00000)]
  0x0000014cb1aeb800 JavaThread "Unconstrained build operations Thread 20" [_thread_blocked, id=12112, stack(0x00000016d9a00000,0x00000016d9b00000)]
  0x0000014cb1ae9800 JavaThread "Unconstrained build operations Thread 21" [_thread_blocked, id=7128, stack(0x00000016d9b00000,0x00000016d9c00000)]
  0x0000014cb1aeb000 JavaThread "Unconstrained build operations Thread 22" [_thread_blocked, id=6280, stack(0x00000016d9c00000,0x00000016d9d00000)]
  0x0000014cb1aea000 JavaThread "Unconstrained build operations Thread 23" [_thread_blocked, id=2852, stack(0x00000016d9d00000,0x00000016d9e00000)]
  0x0000014cb1ae7800 JavaThread "Unconstrained build operations Thread 24" [_thread_blocked, id=8536, stack(0x00000016d9e00000,0x00000016d9f00000)]
  0x0000014cb1ae8800 JavaThread "Unconstrained build operations Thread 25" [_thread_blocked, id=8460, stack(0x00000016d9f00000,0x00000016da000000)]
  0x0000014cb1ae6000 JavaThread "Unconstrained build operations Thread 26" [_thread_blocked, id=5380, stack(0x00000016da000000,0x00000016da100000)]
  0x0000014cb1aee000 JavaThread "Unconstrained build operations Thread 27" [_thread_blocked, id=18316, stack(0x00000016da100000,0x00000016da200000)]
  0x0000014cb1aef000 JavaThread "Unconstrained build operations Thread 28" [_thread_blocked, id=14780, stack(0x00000016da200000,0x00000016da300000)]
  0x0000014cb1af2800 JavaThread "Unconstrained build operations Thread 29" [_thread_blocked, id=11288, stack(0x00000016da300000,0x00000016da400000)]
  0x0000014cb1af0000 JavaThread "Unconstrained build operations Thread 30" [_thread_blocked, id=10272, stack(0x00000016da400000,0x00000016da500000)]
  0x0000014cb1af0800 JavaThread "Unconstrained build operations Thread 31" [_thread_blocked, id=9028, stack(0x00000016da500000,0x00000016da600000)]
  0x0000014cb1aec800 JavaThread "Unconstrained build operations Thread 32" [_thread_blocked, id=8468, stack(0x00000016da600000,0x00000016da700000)]
  0x0000014cb1af1800 JavaThread "Unconstrained build operations Thread 33" [_thread_blocked, id=7448, stack(0x00000016da700000,0x00000016da800000)]
  0x0000014cb1af3000 JavaThread "Unconstrained build operations Thread 34" [_thread_blocked, id=13900, stack(0x00000016da800000,0x00000016da900000)]
  0x0000014cb1aed800 JavaThread "Unconstrained build operations Thread 35" [_thread_blocked, id=13912, stack(0x00000016da900000,0x00000016daa00000)]
  0x0000014cb1af4800 JavaThread "Unconstrained build operations Thread 36" [_thread_blocked, id=12844, stack(0x00000016daa00000,0x00000016dab00000)]
  0x0000014cb1af4000 JavaThread "Unconstrained build operations Thread 37" [_thread_blocked, id=10888, stack(0x00000016dab00000,0x00000016dac00000)]
  0x0000014cb4b2b800 JavaThread "Unconstrained build operations Thread 38" [_thread_blocked, id=1584, stack(0x00000016dac00000,0x00000016dad00000)]
  0x0000014cb4b2b000 JavaThread "Unconstrained build operations Thread 39" [_thread_blocked, id=14948, stack(0x00000016dad00000,0x00000016dae00000)]
  0x0000014cb4b27800 JavaThread "Unconstrained build operations Thread 40" [_thread_blocked, id=13108, stack(0x00000016dae00000,0x00000016daf00000)]
  0x0000014cb4b28800 JavaThread "jar transforms Thread 4" [_thread_blocked, id=13740, stack(0x00000016daf00000,0x00000016db000000)]
  0x0000014cb4b26000 JavaThread "Memory manager" [_thread_blocked, id=16796, stack(0x00000016db000000,0x00000016db100000)]
  0x0000014cb4b2c800 JavaThread "build event listener" [_thread_blocked, id=11332, stack(0x00000016db100000,0x00000016db200000)]
  0x0000014cb4b26800 JavaThread "build event listener" [_thread_blocked, id=11632, stack(0x00000016db200000,0x00000016db300000)]
  0x0000014cb4b2d000 JavaThread "Execution worker for ':'" [_thread_blocked, id=14844, stack(0x00000016db300000,0x00000016db400000)]
  0x0000014cb4b2f800 JavaThread "Execution worker for ':' Thread 2" [_thread_blocked, id=15752, stack(0x00000016db400000,0x00000016db500000)]
  0x0000014cb4b2e000 JavaThread "Execution worker for ':' Thread 3" [_thread_blocked, id=8424, stack(0x00000016db500000,0x00000016db600000)]
  0x0000014cb4b2f000 JavaThread "Cache worker for execution history cache (C:\Users\JOHN BATISTA\AndroidStudioProjects\SportsApplication\.gradle\7.2\executionHistory)" [_thread_blocked, id=17548, stack(0x00000016db600000,0x00000016db700000)]
  0x0000014cb4b2a000 JavaThread "WorkerExecutor Queue" [_thread_blocked, id=11528, stack(0x00000016db700000,0x00000016db800000)]
  0x0000014cb4b33000 JavaThread "WorkerExecutor Queue Thread 2" [_thread_blocked, id=15620, stack(0x00000016db800000,0x00000016db900000)]
  0x0000014cb4b32000 JavaThread "WorkerExecutor Queue Thread 3" [_thread_blocked, id=7000, stack(0x00000016db900000,0x00000016dba00000)]
  0x0000014cb4b33800 JavaThread "WorkerExecutor Queue Thread 4" [_thread_blocked, id=7804, stack(0x00000016dba00000,0x00000016dbb00000)]
  0x0000014cb4b34800 JavaThread "ForkJoinPool-1-worker-3" daemon [_thread_blocked, id=2548, stack(0x00000016dbc00000,0x00000016dbd00000)]
  0x0000014cb4b31800 JavaThread "ForkJoinPool-1-worker-5" daemon [_thread_blocked, id=16816, stack(0x00000016dbd00000,0x00000016dbe00000)]
  0x0000014cb4b30800 JavaThread "ForkJoinPool-1-worker-7" daemon [_thread_blocked, id=1268, stack(0x00000016dbe00000,0x00000016dbf00000)]
  0x0000014cb57a2800 JavaThread "ForkJoinPool-1-worker-1" daemon [_thread_blocked, id=2372, stack(0x00000016dbf00000,0x00000016dc000000)]
  0x0000014cb3163800 JavaThread "C2 CompilerThread1" daemon [_thread_in_native, id=2184, stack(0x00000016d5500000,0x00000016d5600000)]

Other Threads:
=>0x0000014caee5a000 VMThread "VM Thread" [stack: 0x00000016d5e00000,0x00000016d5f00000] [id=4128]
  0x0000014caf966800 WatcherThread [stack: 0x00000016d6800000,0x00000016d6900000] [id=13204]
  0x0000014c932f8000 GCTaskThread "GC Thread#0" [stack: 0x00000016d5900000,0x00000016d5a00000] [id=4512]
  0x0000014cb02cd000 GCTaskThread "GC Thread#1" [stack: 0x00000016d6a00000,0x00000016d6b00000] [id=12620]
  0x0000014cb02a4000 GCTaskThread "GC Thread#2" [stack: 0x00000016d6b00000,0x00000016d6c00000] [id=17416]
  0x0000014cb0e6b800 GCTaskThread "GC Thread#3" [stack: 0x00000016d7600000,0x00000016d7700000] [id=14860]
  0x0000014c93328800 ConcurrentGCThread "G1 Main Marker" [stack: 0x00000016d5a00000,0x00000016d5b00000] [id=15236]
  0x0000014c9332b800 ConcurrentGCThread "G1 Conc#0" [stack: 0x00000016d5b00000,0x00000016d5c00000] [id=4004]
  0x0000014caecb0800 ConcurrentGCThread "G1 Refine#0" [stack: 0x00000016d5c00000,0x00000016d5d00000] [id=5292]
  0x0000014cb20b4000 ConcurrentGCThread "G1 Refine#1" [stack: 0x00000016dbb00000,0x00000016dbc00000] [id=13064]
  0x0000014caecb1800 ConcurrentGCThread "G1 Young RemSet Sampling" [stack: 0x00000016d5d00000,0x00000016d5e00000] [id=9084]

Threads with active compile tasks:
C2 CompilerThread0  30819 12987 %     4       com.android.tools.r8.dex.r::a @ 315 (1038 bytes)
C2 CompilerThread1  30819 12859       4       com.android.tools.r8.code.x1::a (4130 bytes)

VM state:at safepoint (normal execution)

VM Mutex/Monitor currently owned by a thread:  ([mutex/lock_event])
[0x0000014c932d8de0] Threads_lock - owner thread: 0x0000014caee5a000
[0x0000014c932d9530] Heap_lock - owner thread: 0x0000014cb4b31800

Heap address: 0x0000000080000000, size: 2048 MB, Compressed Oops mode: 32-bit
Narrow klass base: 0x0000000000000000, Narrow klass shift: 3
Compressed class space size: 1073741824 Address: 0x0000000100000000

Heap:
 garbage-first heap   total 418816K, used 236345K [0x0000000080000000, 0x0000000100000000)
  region size 1024K, 4 young (4096K), 4 survivors (4096K)
 Metaspace       used 107618K, capacity 110056K, committed 110268K, reserved 1144832K
  class space    used 13833K, capacity 14738K, committed 14796K, reserved 1048576K
Heap Regions: E=young(eden), S=young(survivor), O=old, HS=humongous(starts), HC=humongous(continues), CS=collection set, F=free, A=archive, TAMS=top-at-mark-start (previous, next)
|   0|0x0000000080000000, 0x0000000080100000, 0x0000000080100000|100%|HS|  |TAMS 0x0000000080100000, 0x0000000080100000| Complete 
|   1|0x0000000080100000, 0x0000000080200000, 0x0000000080200000|100%|HC|  |TAMS 0x0000000080200000, 0x0000000080200000| Complete 
|   2|0x0000000080200000, 0x0000000080300000, 0x0000000080300000|100%|HC|  |TAMS 0x0000000080300000, 0x0000000080300000| Complete 
|   3|0x0000000080300000, 0x0000000080400000, 0x0000000080400000|100%| O|  |TAMS 0x0000000080400000, 0x0000000080400000| Untracked 
|   4|0x0000000080400000, 0x0000000080500000, 0x0000000080500000|100%| O|  |TAMS 0x0000000080500000, 0x0000000080500000| Untracked 
|   5|0x0000000080500000, 0x0000000080600000, 0x0000000080600000|100%| O|  |TAMS 0x0000000080600000, 0x0000000080600000| Untracked 
|   6|0x0000000080600000, 0x0000000080700000, 0x0000000080700000|100%| O|  |TAMS 0x0000000080700000, 0x0000000080700000| Untracked 
|   7|0x0000000080700000, 0x0000000080800000, 0x0000000080800000|100%| O|  |TAMS 0x0000000080800000, 0x0000000080800000| Untracked 
|   8|0x0000000080800000, 0x0000000080900000, 0x0000000080900000|100%| O|  |TAMS 0x0000000080900000, 0x0000000080900000| Untracked 
|   9|0x0000000080900000, 0x0000000080a00000, 0x0000000080a00000|100%| O|  |TAMS 0x0000000080a00000, 0x0000000080a00000| Untracked 
|  10|0x0000000080a00000, 0x0000000080b00000, 0x0000000080b00000|100%| O|  |TAMS 0x0000000080b00000, 0x0000000080b00000| Untracked 
|  11|0x0000000080b00000, 0x0000000080c00000, 0x0000000080c00000|100%| O|  |TAMS 0x0000000080c00000, 0x0000000080c00000| Untracked 
|  12|0x0000000080c00000, 0x0000000080d00000, 0x0000000080d00000|100%| O|  |TAMS 0x0000000080d00000, 0x0000000080d00000| Untracked 
|  13|0x0000000080d00000, 0x0000000080e00000, 0x0000000080e00000|100%| O|  |TAMS 0x0000000080e00000, 0x0000000080e00000| Untracked 
|  14|0x0000000080e00000, 0x0000000080f00000, 0x0000000080f00000|100%| O|  |TAMS 0x0000000080f00000, 0x0000000080f00000| Untracked 
|  15|0x0000000080f00000, 0x0000000081000000, 0x0000000081000000|100%| O|  |TAMS 0x0000000081000000, 0x0000000081000000| Untracked 
|  16|0x0000000081000000, 0x0000000081100000, 0x0000000081100000|100%|HS|  |TAMS 0x0000000081100000, 0x0000000081100000| Complete 
|  17|0x0000000081100000, 0x0000000081200000, 0x0000000081200000|100%| O|  |TAMS 0x0000000081200000, 0x0000000081200000| Untracked 
|  18|0x0000000081200000, 0x0000000081300000, 0x0000000081300000|100%| O|  |TAMS 0x0000000081300000, 0x0000000081300000| Untracked 
|  19|0x0000000081300000, 0x0000000081400000, 0x0000000081400000|100%| O|  |TAMS 0x0000000081400000, 0x0000000081400000| Untracked 
|  20|0x0000000081400000, 0x0000000081500000, 0x0000000081500000|100%| O|  |TAMS 0x0000000081500000, 0x0000000081500000| Untracked 
|  21|0x0000000081500000, 0x0000000081600000, 0x0000000081600000|100%| O|  |TAMS 0x0000000081600000, 0x0000000081600000| Untracked 
|  22|0x0000000081600000, 0x0000000081700000, 0x0000000081700000|100%| O|  |TAMS 0x0000000081700000, 0x0000000081700000| Untracked 
|  23|0x0000000081700000, 0x0000000081800000, 0x0000000081800000|100%| O|  |TAMS 0x0000000081800000, 0x0000000081800000| Untracked 
|  24|0x0000000081800000, 0x0000000081900000, 0x0000000081900000|100%|HS|  |TAMS 0x0000000081900000, 0x0000000081900000| Complete 
|  25|0x0000000081900000, 0x0000000081a00000, 0x0000000081a00000|100%|HS|  |TAMS 0x0000000081a00000, 0x0000000081a00000| Complete 
|  26|0x0000000081a00000, 0x0000000081b00000, 0x0000000081b00000|100%|HS|  |TAMS 0x0000000081b00000, 0x0000000081b00000| Complete 
|  27|0x0000000081b00000, 0x0000000081c00000, 0x0000000081c00000|100%|HS|  |TAMS 0x0000000081c00000, 0x0000000081c00000| Complete 
|  28|0x0000000081c00000, 0x0000000081d00000, 0x0000000081d00000|100%|HC|  |TAMS 0x0000000081d00000, 0x0000000081d00000| Complete 
|  29|0x0000000081d00000, 0x0000000081e00000, 0x0000000081e00000|100%|HC|  |TAMS 0x0000000081e00000, 0x0000000081e00000| Complete 
|  30|0x0000000081e00000, 0x0000000081f00000, 0x0000000081f00000|100%|HS|  |TAMS 0x0000000081f00000, 0x0000000081f00000| Complete 
|  31|0x0000000081f00000, 0x0000000082000000, 0x0000000082000000|100%|HC|  |TAMS 0x0000000082000000, 0x0000000082000000| Complete 
|  32|0x0000000082000000, 0x0000000082100000, 0x0000000082100000|100%| O|  |TAMS 0x0000000082100000, 0x0000000082100000| Untracked 
|  33|0x0000000082100000, 0x0000000082200000, 0x0000000082200000|100%| O|  |TAMS 0x0000000082200000, 0x0000000082200000| Untracked 
|  34|0x0000000082200000, 0x0000000082300000, 0x0000000082300000|100%| O|  |TAMS 0x0000000082300000, 0x0000000082300000| Untracked 
|  35|0x0000000082300000, 0x0000000082400000, 0x0000000082400000|100%| O|  |TAMS 0x0000000082400000, 0x0000000082400000| Untracked 
|  36|0x0000000082400000, 0x0000000082500000, 0x0000000082500000|100%| O|  |TAMS 0x0000000082500000, 0x0000000082500000| Untracked 
|  37|0x0000000082500000, 0x0000000082600000, 0x0000000082600000|100%| O|  |TAMS 0x0000000082600000, 0x0000000082600000| Untracked 
|  38|0x0000000082600000, 0x0000000082700000, 0x0000000082700000|100%| O|  |TAMS 0x0000000082700000, 0x0000000082700000| Untracked 
|  39|0x0000000082700000, 0x0000000082800000, 0x0000000082800000|100%| O|  |TAMS 0x0000000082800000, 0x0000000082800000| Untracked 
|  40|0x0000000082800000, 0x0000000082900000, 0x0000000082900000|100%| O|  |TAMS 0x0000000082900000, 0x0000000082900000| Untracked 
|  41|0x0000000082900000, 0x0000000082a00000, 0x0000000082a00000|100%| O|  |TAMS 0x0000000082a00000, 0x0000000082a00000| Untracked 
|  42|0x0000000082a00000, 0x0000000082b00000, 0x0000000082b00000|100%| O|  |TAMS 0x0000000082b00000, 0x0000000082b00000| Untracked 
|  43|0x0000000082b00000, 0x0000000082c00000, 0x0000000082c00000|100%| O|  |TAMS 0x0000000082c00000, 0x0000000082c00000| Untracked 
|  44|0x0000000082c00000, 0x0000000082d00000, 0x0000000082d00000|100%| O|  |TAMS 0x0000000082d00000, 0x0000000082d00000| Untracked 
|  45|0x0000000082d00000, 0x0000000082e00000, 0x0000000082e00000|100%| O|  |TAMS 0x0000000082e00000, 0x0000000082e00000| Untracked 
|  46|0x0000000082e00000, 0x0000000082f00000, 0x0000000082f00000|100%| O|  |TAMS 0x0000000082f00000, 0x0000000082f00000| Untracked 
|  47|0x0000000082f00000, 0x0000000083000000, 0x0000000083000000|100%| O|  |TAMS 0x0000000083000000, 0x0000000083000000| Untracked 
|  48|0x0000000083000000, 0x0000000083100000, 0x0000000083100000|100%| O|  |TAMS 0x0000000083100000, 0x0000000083100000| Untracked 
|  49|0x0000000083100000, 0x0000000083200000, 0x0000000083200000|100%| O|  |TAMS 0x0000000083200000, 0x0000000083200000| Untracked 
|  50|0x0000000083200000, 0x0000000083300000, 0x0000000083300000|100%| O|  |TAMS 0x0000000083300000, 0x0000000083300000| Untracked 
|  51|0x0000000083300000, 0x0000000083400000, 0x0000000083400000|100%| O|  |TAMS 0x0000000083400000, 0x0000000083400000| Untracked 
|  52|0x0000000083400000, 0x0000000083500000, 0x0000000083500000|100%| O|  |TAMS 0x0000000083500000, 0x0000000083500000| Untracked 
|  53|0x0000000083500000, 0x0000000083600000, 0x0000000083600000|100%| O|  |TAMS 0x0000000083600000, 0x0000000083600000| Untracked 
|  54|0x0000000083600000, 0x0000000083700000, 0x0000000083700000|100%| O|  |TAMS 0x0000000083700000, 0x0000000083700000| Untracked 
|  55|0x0000000083700000, 0x0000000083800000, 0x0000000083800000|100%| O|  |TAMS 0x0000000083800000, 0x0000000083800000| Untracked 
|  56|0x0000000083800000, 0x0000000083900000, 0x0000000083900000|100%| O|  |TAMS 0x0000000083900000, 0x0000000083900000| Untracked 
|  57|0x0000000083900000, 0x0000000083a00000, 0x0000000083a00000|100%| O|  |TAMS 0x0000000083a00000, 0x0000000083a00000| Untracked 
|  58|0x0000000083a00000, 0x0000000083b00000, 0x0000000083b00000|100%| O|  |TAMS 0x0000000083b00000, 0x0000000083b00000| Untracked 
|  59|0x0000000083b00000, 0x0000000083c00000, 0x0000000083c00000|100%| O|  |TAMS 0x0000000083c00000, 0x0000000083c00000| Untracked 
|  60|0x0000000083c00000, 0x0000000083d00000, 0x0000000083d00000|100%| O|  |TAMS 0x0000000083d00000, 0x0000000083d00000| Untracked 
|  61|0x0000000083d00000, 0x0000000083e00000, 0x0000000083e00000|100%| O|  |TAMS 0x0000000083e00000, 0x0000000083e00000| Untracked 
|  62|0x0000000083e00000, 0x0000000083f00000, 0x0000000083f00000|100%| O|  |TAMS 0x0000000083f00000, 0x0000000083f00000| Untracked 
|  63|0x0000000083f00000, 0x0000000084000000, 0x0000000084000000|100%| O|  |TAMS 0x0000000084000000, 0x0000000084000000| Untracked 
|  64|0x0000000084000000, 0x0000000084100000, 0x0000000084100000|100%| O|  |TAMS 0x0000000084100000, 0x0000000084100000| Untracked 
|  65|0x0000000084100000, 0x0000000084200000, 0x0000000084200000|100%| O|  |TAMS 0x0000000084200000, 0x0000000084200000| Untracked 
|  66|0x0000000084200000, 0x0000000084300000, 0x0000000084300000|100%| O|  |TAMS 0x0000000084300000, 0x0000000084300000| Untracked 
|  67|0x0000000084300000, 0x0000000084400000, 0x0000000084400000|100%| O|  |TAMS 0x0000000084400000, 0x0000000084400000| Untracked 
|  68|0x0000000084400000, 0x0000000084500000, 0x0000000084500000|100%| O|  |TAMS 0x0000000084500000, 0x0000000084500000| Untracked 
|  69|0x0000000084500000, 0x0000000084600000, 0x0000000084600000|100%| O|  |TAMS 0x0000000084600000, 0x0000000084600000| Untracked 
|  70|0x0000000084600000, 0x0000000084700000, 0x0000000084700000|100%| O|  |TAMS 0x0000000084700000, 0x0000000084700000| Untracked 
|  71|0x0000000084700000, 0x0000000084800000, 0x0000000084800000|100%| O|  |TAMS 0x0000000084800000, 0x0000000084800000| Untracked 
|  72|0x0000000084800000, 0x0000000084900000, 0x0000000084900000|100%| O|  |TAMS 0x0000000084900000, 0x0000000084900000| Untracked 
|  73|0x0000000084900000, 0x0000000084a00000, 0x0000000084a00000|100%| O|  |TAMS 0x0000000084a00000, 0x0000000084a00000| Untracked 
|  74|0x0000000084a00000, 0x0000000084b00000, 0x0000000084b00000|100%| O|  |TAMS 0x0000000084b00000, 0x0000000084b00000| Untracked 
|  75|0x0000000084b00000, 0x0000000084c00000, 0x0000000084c00000|100%| O|  |TAMS 0x0000000084c00000, 0x0000000084c00000| Untracked 
|  76|0x0000000084c00000, 0x0000000084d00000, 0x0000000084d00000|100%| O|  |TAMS 0x0000000084d00000, 0x0000000084d00000| Untracked 
|  77|0x0000000084d00000, 0x0000000084e00000, 0x0000000084e00000|100%| O|  |TAMS 0x0000000084e00000, 0x0000000084e00000| Untracked 
|  78|0x0000000084e00000, 0x0000000084f00000, 0x0000000084f00000|100%| O|  |TAMS 0x0000000084f00000, 0x0000000084f00000| Untracked 
|  79|0x0000000084f00000, 0x0000000085000000, 0x0000000085000000|100%| O|  |TAMS 0x0000000085000000, 0x0000000085000000| Untracked 
|  80|0x0000000085000000, 0x0000000085100000, 0x0000000085100000|100%| O|  |TAMS 0x0000000085100000, 0x0000000085100000| Untracked 
|  81|0x0000000085100000, 0x0000000085200000, 0x0000000085200000|100%| O|  |TAMS 0x0000000085200000, 0x0000000085200000| Untracked 
|  82|0x0000000085200000, 0x0000000085300000, 0x0000000085300000|100%| O|  |TAMS 0x0000000085300000, 0x0000000085300000| Untracked 
|  83|0x0000000085300000, 0x0000000085400000, 0x0000000085400000|100%| O|  |TAMS 0x0000000085400000, 0x0000000085400000| Untracked 
|  84|0x0000000085400000, 0x0000000085500000, 0x0000000085500000|100%| O|  |TAMS 0x0000000085500000, 0x0000000085500000| Untracked 
|  85|0x0000000085500000, 0x0000000085600000, 0x0000000085600000|100%| O|  |TAMS 0x0000000085600000, 0x0000000085600000| Untracked 
|  86|0x0000000085600000, 0x0000000085700000, 0x0000000085700000|100%| O|  |TAMS 0x0000000085700000, 0x0000000085700000| Untracked 
|  87|0x0000000085700000, 0x0000000085800000, 0x0000000085800000|100%| O|  |TAMS 0x0000000085800000, 0x0000000085800000| Untracked 
|  88|0x0000000085800000, 0x0000000085900000, 0x0000000085900000|100%| O|  |TAMS 0x0000000085900000, 0x0000000085900000| Untracked 
|  89|0x0000000085900000, 0x0000000085a00000, 0x0000000085a00000|100%| O|  |TAMS 0x0000000085a00000, 0x0000000085a00000| Untracked 
|  90|0x0000000085a00000, 0x0000000085b00000, 0x0000000085b00000|100%| O|  |TAMS 0x0000000085b00000, 0x0000000085b00000| Untracked 
|  91|0x0000000085b00000, 0x0000000085c00000, 0x0000000085c00000|100%| O|  |TAMS 0x0000000085c00000, 0x0000000085c00000| Untracked 
|  92|0x0000000085c00000, 0x0000000085d00000, 0x0000000085d00000|100%| O|  |TAMS 0x0000000085d00000, 0x0000000085d00000| Untracked 
|  93|0x0000000085d00000, 0x0000000085e00000, 0x0000000085e00000|100%| O|  |TAMS 0x0000000085e00000, 0x0000000085e00000| Untracked 
|  94|0x0000000085e00000, 0x0000000085f00000, 0x0000000085f00000|100%| O|  |TAMS 0x0000000085f00000, 0x0000000085f00000| Untracked 
|  95|0x0000000085f00000, 0x0000000086000000, 0x0000000086000000|100%|HS|  |TAMS 0x0000000086000000, 0x0000000086000000| Complete 
|  96|0x0000000086000000, 0x0000000086100000, 0x0000000086100000|100%|HC|  |TAMS 0x0000000086100000, 0x0000000086100000| Complete 
|  97|0x0000000086100000, 0x0000000086200000, 0x0000000086200000|100%|HC|  |TAMS 0x0000000086200000, 0x0000000086200000| Complete 
|  98|0x0000000086200000, 0x0000000086300000, 0x0000000086300000|100%| O|  |TAMS 0x0000000086300000, 0x0000000086300000| Untracked 
|  99|0x0000000086300000, 0x0000000086400000, 0x0000000086400000|100%| O|  |TAMS 0x0000000086400000, 0x0000000086400000| Untracked 
| 100|0x0000000086400000, 0x0000000086500000, 0x0000000086500000|100%| O|  |TAMS 0x0000000086500000, 0x0000000086500000| Untracked 
| 101|0x0000000086500000, 0x0000000086600000, 0x0000000086600000|100%| O|  |TAMS 0x0000000086600000, 0x0000000086600000| Untracked 
| 102|0x0000000086600000, 0x0000000086700000, 0x0000000086700000|100%| O|  |TAMS 0x0000000086700000, 0x0000000086700000| Untracked 
| 103|0x0000000086700000, 0x0000000086800000, 0x0000000086800000|100%| O|  |TAMS 0x0000000086800000, 0x0000000086800000| Untracked 
| 104|0x0000000086800000, 0x0000000086900000, 0x0000000086900000|100%| O|  |TAMS 0x0000000086900000, 0x0000000086900000| Untracked 
| 105|0x0000000086900000, 0x0000000086a00000, 0x0000000086a00000|100%| O|  |TAMS 0x0000000086a00000, 0x0000000086a00000| Untracked 
| 106|0x0000000086a00000, 0x0000000086b00000, 0x0000000086b00000|100%| O|  |TAMS 0x0000000086b00000, 0x0000000086b00000| Untracked 
| 107|0x0000000086b00000, 0x0000000086c00000, 0x0000000086c00000|100%|HS|  |TAMS 0x0000000086c00000, 0x0000000086c00000| Complete 
| 108|0x0000000086c00000, 0x0000000086d00000, 0x0000000086d00000|100%|HC|  |TAMS 0x0000000086d00000, 0x0000000086d00000| Complete 
| 109|0x0000000086d00000, 0x0000000086e00000, 0x0000000086e00000|100%|HS|  |TAMS 0x0000000086e00000, 0x0000000086e00000| Complete 
| 110|0x0000000086e00000, 0x0000000086f00000, 0x0000000086f00000|100%|HC|  |TAMS 0x0000000086f00000, 0x0000000086f00000| Complete 
| 111|0x0000000086f00000, 0x0000000087000000, 0x0000000087000000|100%|HS|  |TAMS 0x0000000087000000, 0x0000000087000000| Complete 
| 112|0x0000000087000000, 0x0000000087100000, 0x0000000087100000|100%|HS|  |TAMS 0x0000000087100000, 0x0000000087100000| Complete 
| 113|0x0000000087100000, 0x0000000087200000, 0x0000000087200000|100%|HC|  |TAMS 0x0000000087200000, 0x0000000087200000| Complete 
| 114|0x0000000087200000, 0x0000000087300000, 0x0000000087300000|100%|HS|  |TAMS 0x0000000087300000, 0x0000000087300000| Complete 
| 115|0x0000000087300000, 0x0000000087400000, 0x0000000087400000|100%|HC|  |TAMS 0x0000000087400000, 0x0000000087400000| Complete 
| 116|0x0000000087400000, 0x0000000087500000, 0x0000000087500000|100%|HS|  |TAMS 0x0000000087500000, 0x0000000087500000| Complete 
| 117|0x0000000087500000, 0x0000000087600000, 0x0000000087600000|100%|HS|  |TAMS 0x0000000087600000, 0x0000000087600000| Complete 
| 118|0x0000000087600000, 0x0000000087700000, 0x0000000087700000|100%|HS|  |TAMS 0x0000000087700000, 0x0000000087700000| Complete 
| 119|0x0000000087700000, 0x0000000087800000, 0x0000000087800000|100%|HS|  |TAMS 0x0000000087800000, 0x0000000087800000| Complete 
| 120|0x0000000087800000, 0x0000000087900000, 0x0000000087900000|100%|HS|  |TAMS 0x0000000087900000, 0x0000000087900000| Complete 
| 121|0x0000000087900000, 0x0000000087a00000, 0x0000000087a00000|100%|HS|  |TAMS 0x0000000087a00000, 0x0000000087a00000| Complete 
| 122|0x0000000087a00000, 0x0000000087b00000, 0x0000000087b00000|100%|HC|  |TAMS 0x0000000087b00000, 0x0000000087b00000| Complete 
| 123|0x0000000087b00000, 0x0000000087c00000, 0x0000000087c00000|100%|HS|  |TAMS 0x0000000087c00000, 0x0000000087c00000| Complete 
| 124|0x0000000087c00000, 0x0000000087d00000, 0x0000000087d00000|100%|HC|  |TAMS 0x0000000087d00000, 0x0000000087d00000| Complete 
| 125|0x0000000087d00000, 0x0000000087e00000, 0x0000000087e00000|100%|HC|  |TAMS 0x0000000087e00000, 0x0000000087e00000| Complete 
| 126|0x0000000087e00000, 0x0000000087f00000, 0x0000000087f00000|100%|HS|  |TAMS 0x0000000087f00000, 0x0000000087f00000| Complete 
| 127|0x0000000087f00000, 0x0000000088000000, 0x0000000088000000|100%| O|  |TAMS 0x0000000088000000, 0x0000000088000000| Untracked 
| 128|0x0000000088000000, 0x0000000088100000, 0x0000000088100000|100%| O|  |TAMS 0x0000000088100000, 0x0000000088100000| Untracked 
| 129|0x0000000088100000, 0x0000000088200000, 0x0000000088200000|100%|HS|  |TAMS 0x0000000088200000, 0x0000000088200000| Complete 
| 130|0x0000000088200000, 0x0000000088300000, 0x0000000088300000|100%|HC|  |TAMS 0x0000000088300000, 0x0000000088300000| Complete 
| 131|0x0000000088300000, 0x0000000088400000, 0x0000000088400000|100%| O|  |TAMS 0x0000000088400000, 0x0000000088400000| Untracked 
| 132|0x0000000088400000, 0x0000000088500000, 0x0000000088500000|100%| O|  |TAMS 0x0000000088500000, 0x0000000088500000| Untracked 
| 133|0x0000000088500000, 0x0000000088600000, 0x0000000088600000|100%| O|  |TAMS 0x0000000088600000, 0x0000000088600000| Untracked 
| 134|0x0000000088600000, 0x0000000088700000, 0x0000000088700000|100%|HS|  |TAMS 0x0000000088700000, 0x0000000088700000| Complete 
| 135|0x0000000088700000, 0x0000000088800000, 0x0000000088800000|100%|HC|  |TAMS 0x0000000088800000, 0x0000000088800000| Complete 
| 136|0x0000000088800000, 0x0000000088900000, 0x0000000088900000|100%| O|  |TAMS 0x0000000088900000, 0x0000000088900000| Untracked 
| 137|0x0000000088900000, 0x0000000088a00000, 0x0000000088a00000|100%| O|  |TAMS 0x0000000088a00000, 0x0000000088a00000| Untracked 
| 138|0x0000000088a00000, 0x0000000088b00000, 0x0000000088b00000|100%|HS|  |TAMS 0x0000000088b00000, 0x0000000088b00000| Complete 
| 139|0x0000000088b00000, 0x0000000088c00000, 0x0000000088c00000|100%|HC|  |TAMS 0x0000000088c00000, 0x0000000088c00000| Complete 
| 140|0x0000000088c00000, 0x0000000088d00000, 0x0000000088d00000|100%| O|  |TAMS 0x0000000088d00000, 0x0000000088d00000| Untracked 
| 141|0x0000000088d00000, 0x0000000088e00000, 0x0000000088e00000|100%|HS|  |TAMS 0x0000000088e00000, 0x0000000088e00000| Complete 
| 142|0x0000000088e00000, 0x0000000088f00000, 0x0000000088f00000|100%| O|  |TAMS 0x0000000088f00000, 0x0000000088f00000| Untracked 
| 143|0x0000000088f00000, 0x0000000089000000, 0x0000000089000000|100%| O|  |TAMS 0x0000000089000000, 0x0000000089000000| Untracked 
| 144|0x0000000089000000, 0x0000000089100000, 0x0000000089100000|100%|HS|  |TAMS 0x0000000089100000, 0x0000000089100000| Complete 
| 145|0x0000000089100000, 0x0000000089200000, 0x0000000089200000|100%|HC|  |TAMS 0x0000000089200000, 0x0000000089200000| Complete 
| 146|0x0000000089200000, 0x0000000089300000, 0x0000000089300000|100%| O|  |TAMS 0x0000000089300000, 0x0000000089300000| Untracked 
| 147|0x0000000089300000, 0x0000000089400000, 0x0000000089400000|100%| O|  |TAMS 0x0000000089400000, 0x0000000089400000| Untracked 
| 148|0x0000000089400000, 0x0000000089500000, 0x0000000089500000|100%|HS|  |TAMS 0x0000000089500000, 0x0000000089500000| Complete 
| 149|0x0000000089500000, 0x0000000089600000, 0x0000000089600000|100%|HC|  |TAMS 0x0000000089600000, 0x0000000089600000| Complete 
| 150|0x0000000089600000, 0x0000000089700000, 0x0000000089700000|100%| O|  |TAMS 0x0000000089700000, 0x0000000089700000| Untracked 
| 151|0x0000000089700000, 0x0000000089800000, 0x0000000089800000|100%|HS|  |TAMS 0x0000000089800000, 0x0000000089800000| Complete 
| 152|0x0000000089800000, 0x0000000089900000, 0x0000000089900000|100%| O|  |TAMS 0x0000000089800000, 0x0000000089900000| Untracked 
| 153|0x0000000089900000, 0x0000000089a00000, 0x0000000089a00000|100%|HS|  |TAMS 0x0000000089a00000, 0x0000000089a00000| Complete 
| 154|0x0000000089a00000, 0x0000000089b00000, 0x0000000089b00000|100%|HS|  |TAMS 0x0000000089b00000, 0x0000000089b00000| Complete 
| 155|0x0000000089b00000, 0x0000000089c00000, 0x0000000089c00000|100%|HS|  |TAMS 0x0000000089c00000, 0x0000000089c00000| Complete 
| 156|0x0000000089c00000, 0x0000000089d00000, 0x0000000089d00000|100%| O|  |TAMS 0x0000000089d00000, 0x0000000089d00000| Untracked 
| 157|0x0000000089d00000, 0x0000000089e00000, 0x0000000089e00000|100%|HS|  |TAMS 0x0000000089e00000, 0x0000000089e00000| Complete 
| 158|0x0000000089e00000, 0x0000000089f00000, 0x0000000089f00000|100%| O|  |TAMS 0x0000000089f00000, 0x0000000089f00000| Untracked 
| 159|0x0000000089f00000, 0x000000008a000000, 0x000000008a000000|100%|HS|  |TAMS 0x000000008a000000, 0x000000008a000000| Complete 
| 160|0x000000008a000000, 0x000000008a100000, 0x000000008a100000|100%|HS|  |TAMS 0x000000008a100000, 0x000000008a100000| Complete 
| 161|0x000000008a100000, 0x000000008a200000, 0x000000008a200000|100%|HC|  |TAMS 0x000000008a200000, 0x000000008a200000| Complete 
| 162|0x000000008a200000, 0x000000008a300000, 0x000000008a300000|100%|HS|  |TAMS 0x000000008a300000, 0x000000008a300000| Complete 
| 163|0x000000008a300000, 0x000000008a400000, 0x000000008a400000|100%|HC|  |TAMS 0x000000008a400000, 0x000000008a400000| Complete 
| 164|0x000000008a400000, 0x000000008a500000, 0x000000008a500000|100%| O|  |TAMS 0x000000008a500000, 0x000000008a500000| Untracked 
| 165|0x000000008a500000, 0x000000008a600000, 0x000000008a600000|100%| O|  |TAMS 0x000000008a600000, 0x000000008a600000| Untracked 
| 166|0x000000008a600000, 0x000000008a700000, 0x000000008a700000|100%| O|  |TAMS 0x000000008a700000, 0x000000008a700000| Untracked 
| 167|0x000000008a700000, 0x000000008a800000, 0x000000008a800000|100%|HS|  |TAMS 0x000000008a800000, 0x000000008a800000| Complete 
| 168|0x000000008a800000, 0x000000008a900000, 0x000000008a900000|100%|HC|  |TAMS 0x000000008a900000, 0x000000008a900000| Complete 
| 169|0x000000008a900000, 0x000000008aa00000, 0x000000008aa00000|100%|HC|  |TAMS 0x000000008aa00000, 0x000000008aa00000| Complete 
| 170|0x000000008aa00000, 0x000000008ab00000, 0x000000008ab00000|100%| O|  |TAMS 0x000000008ab00000, 0x000000008ab00000| Untracked 
| 171|0x000000008ab00000, 0x000000008ac00000, 0x000000008ac00000|100%|HS|  |TAMS 0x000000008ac00000, 0x000000008ac00000| Complete 
| 172|0x000000008ac00000, 0x000000008ad00000, 0x000000008ad00000|100%| O|  |TAMS 0x000000008ad00000, 0x000000008ad00000| Untracked 
| 173|0x000000008ad00000, 0x000000008ae00000, 0x000000008ae00000|100%| O|  |TAMS 0x000000008ae00000, 0x000000008ae00000| Untracked 
| 174|0x000000008ae00000, 0x000000008af00000, 0x000000008af00000|100%|HS|  |TAMS 0x000000008af00000, 0x000000008af00000| Complete 
| 175|0x000000008af00000, 0x000000008b000000, 0x000000008b000000|100%|HC|  |TAMS 0x000000008b000000, 0x000000008b000000| Complete 
| 176|0x000000008b000000, 0x000000008b100000, 0x000000008b100000|100%| O|  |TAMS 0x000000008b100000, 0x000000008b100000| Untracked 
| 177|0x000000008b100000, 0x000000008b200000, 0x000000008b200000|100%| O|  |TAMS 0x000000008b200000, 0x000000008b200000| Untracked 
| 178|0x000000008b200000, 0x000000008b300000, 0x000000008b300000|100%| O|  |TAMS 0x000000008b300000, 0x000000008b300000| Untracked 
| 179|0x000000008b300000, 0x000000008b400000, 0x000000008b400000|100%| O|  |TAMS 0x000000008b400000, 0x000000008b400000| Untracked 
| 180|0x000000008b400000, 0x000000008b500000, 0x000000008b500000|100%| O|  |TAMS 0x000000008b500000, 0x000000008b500000| Untracked 
| 181|0x000000008b500000, 0x000000008b600000, 0x000000008b600000|100%| O|  |TAMS 0x000000008b600000, 0x000000008b600000| Untracked 
| 182|0x000000008b600000, 0x000000008b700000, 0x000000008b700000|100%| O|  |TAMS 0x000000008b700000, 0x000000008b700000| Untracked 
| 183|0x000000008b700000, 0x000000008b800000, 0x000000008b800000|100%| O|  |TAMS 0x000000008b800000, 0x000000008b800000| Untracked 
| 184|0x000000008b800000, 0x000000008b900000, 0x000000008b900000|100%| O|  |TAMS 0x000000008b900000, 0x000000008b900000| Untracked 
| 185|0x000000008b900000, 0x000000008ba00000, 0x000000008ba00000|100%| O|  |TAMS 0x000000008ba00000, 0x000000008ba00000| Untracked 
| 186|0x000000008ba00000, 0x000000008bb00000, 0x000000008bb00000|100%| O|  |TAMS 0x000000008bb00000, 0x000000008bb00000| Untracked 
| 187|0x000000008bb00000, 0x000000008bc00000, 0x000000008bc00000|100%| O|  |TAMS 0x000000008bc00000, 0x000000008bc00000| Untracked 
| 188|0x000000008bc00000, 0x000000008bd00000, 0x000000008bd00000|100%|HS|  |TAMS 0x000000008bc00000, 0x000000008bd00000| Complete 
| 189|0x000000008bd00000, 0x000000008be00000, 0x000000008be00000|100%|HC|  |TAMS 0x000000008bd00000, 0x000000008be00000| Complete 
| 190|0x000000008be00000, 0x000000008bf00000, 0x000000008bf00000|100%| O|  |TAMS 0x000000008be00000, 0x000000008bf00000| Untracked 
| 191|0x000000008bf00000, 0x000000008c000000, 0x000000008c000000|100%| O|  |TAMS 0x000000008bf00000, 0x000000008c000000| Untracked 
| 192|0x000000008c000000, 0x000000008c100000, 0x000000008c100000|100%| O|  |TAMS 0x000000008c000000, 0x000000008c100000| Untracked 
| 193|0x000000008c100000, 0x000000008c200000, 0x000000008c200000|100%| O|  |TAMS 0x000000008c100000, 0x000000008c200000| Untracked 
| 194|0x000000008c200000, 0x000000008c300000, 0x000000008c300000|100%| O|  |TAMS 0x000000008c200000, 0x000000008c300000| Untracked 
| 195|0x000000008c300000, 0x000000008c400000, 0x000000008c400000|100%| O|  |TAMS 0x000000008c300000, 0x000000008c400000| Untracked 
| 196|0x000000008c400000, 0x000000008c500000, 0x000000008c500000|100%| O|  |TAMS 0x000000008c400000, 0x000000008c500000| Untracked 
| 197|0x000000008c500000, 0x000000008c600000, 0x000000008c600000|100%| O|  |TAMS 0x000000008c500000, 0x000000008c600000| Untracked 
| 198|0x000000008c600000, 0x000000008c700000, 0x000000008c700000|100%| O|  |TAMS 0x000000008c600000, 0x000000008c700000| Untracked 
| 199|0x000000008c700000, 0x000000008c800000, 0x000000008c800000|100%| O|  |TAMS 0x000000008c700000, 0x000000008c800000| Untracked 
| 200|0x000000008c800000, 0x000000008c900000, 0x000000008c900000|100%| O|  |TAMS 0x000000008c800000, 0x000000008c900000| Untracked 
| 201|0x000000008c900000, 0x000000008ca00000, 0x000000008ca00000|100%| O|  |TAMS 0x000000008c900000, 0x000000008ca00000| Untracked 
| 202|0x000000008ca00000, 0x000000008cb00000, 0x000000008cb00000|100%| O|  |TAMS 0x000000008ca00000, 0x000000008cb00000| Untracked 
| 203|0x000000008cb00000, 0x000000008cc00000, 0x000000008cc00000|100%| O|  |TAMS 0x000000008cb00000, 0x000000008cc00000| Untracked 
| 204|0x000000008cc00000, 0x000000008cd00000, 0x000000008cd00000|100%| O|  |TAMS 0x000000008cc00000, 0x000000008cd00000| Untracked 
| 205|0x000000008cd00000, 0x000000008ce00000, 0x000000008ce00000|100%| O|  |TAMS 0x000000008cd00000, 0x000000008ce00000| Untracked 
| 206|0x000000008ce00000, 0x000000008cf00000, 0x000000008cf00000|100%| O|  |TAMS 0x000000008ce00000, 0x000000008cf00000| Untracked 
| 207|0x000000008cf00000, 0x000000008d000000, 0x000000008d000000|100%| O|  |TAMS 0x000000008cf00000, 0x000000008d000000| Untracked 
| 208|0x000000008d000000, 0x000000008d100000, 0x000000008d100000|100%| O|  |TAMS 0x000000008d000000, 0x000000008d100000| Untracked 
| 209|0x000000008d100000, 0x000000008d1ce400, 0x000000008d200000| 80%| O|  |TAMS 0x000000008d100000, 0x000000008d1ce400| Untracked 
| 210|0x000000008d200000, 0x000000008d200000, 0x000000008d300000|  0%| F|  |TAMS 0x000000008d200000, 0x000000008d200000| Untracked 
| 211|0x000000008d300000, 0x000000008d300000, 0x000000008d400000|  0%| F|  |TAMS 0x000000008d300000, 0x000000008d300000| Untracked 
| 212|0x000000008d400000, 0x000000008d400000, 0x000000008d500000|  0%| F|  |TAMS 0x000000008d400000, 0x000000008d400000| Untracked 
| 213|0x000000008d500000, 0x000000008d500000, 0x000000008d600000|  0%| F|  |TAMS 0x000000008d500000, 0x000000008d500000| Untracked 
| 214|0x000000008d600000, 0x000000008d600000, 0x000000008d700000|  0%| F|  |TAMS 0x000000008d600000, 0x000000008d600000| Untracked 
| 215|0x000000008d700000, 0x000000008d700000, 0x000000008d800000|  0%| F|  |TAMS 0x000000008d700000, 0x000000008d700000| Untracked 
| 216|0x000000008d800000, 0x000000008d800000, 0x000000008d900000|  0%| F|  |TAMS 0x000000008d800000, 0x000000008d800000| Untracked 
| 217|0x000000008d900000, 0x000000008d900000, 0x000000008da00000|  0%| F|  |TAMS 0x000000008d900000, 0x000000008d900000| Untracked 
| 218|0x000000008da00000, 0x000000008da00000, 0x000000008db00000|  0%| F|  |TAMS 0x000000008da00000, 0x000000008da00000| Untracked 
| 219|0x000000008db00000, 0x000000008db00000, 0x000000008dc00000|  0%| F|  |TAMS 0x000000008db00000, 0x000000008db00000| Untracked 
| 220|0x000000008dc00000, 0x000000008dc00000, 0x000000008dd00000|  0%| F|  |TAMS 0x000000008dc00000, 0x000000008dc00000| Untracked 
| 221|0x000000008dd00000, 0x000000008dd00000, 0x000000008de00000|  0%| F|  |TAMS 0x000000008dd00000, 0x000000008dd00000| Untracked 
| 222|0x000000008de00000, 0x000000008de00000, 0x000000008df00000|  0%| F|  |TAMS 0x000000008de00000, 0x000000008de00000| Untracked 
| 223|0x000000008df00000, 0x000000008e000000, 0x000000008e000000|100%| O|  |TAMS 0x000000008e000000, 0x000000008e000000| Untracked 
| 224|0x000000008e000000, 0x000000008e000000, 0x000000008e100000|  0%| F|  |TAMS 0x000000008e000000, 0x000000008e000000| Untracked 
| 225|0x000000008e100000, 0x000000008e200000, 0x000000008e200000|100%| O|  |TAMS 0x000000008e200000, 0x000000008e200000| Untracked 
| 226|0x000000008e200000, 0x000000008e200000, 0x000000008e300000|  0%| F|  |TAMS 0x000000008e200000, 0x000000008e200000| Untracked 
| 227|0x000000008e300000, 0x000000008e300000, 0x000000008e400000|  0%| F|  |TAMS 0x000000008e300000, 0x000000008e300000| Untracked 
| 228|0x000000008e400000, 0x000000008e500000, 0x000000008e500000|100%| O|  |TAMS 0x000000008e500000, 0x000000008e500000| Untracked 
| 229|0x000000008e500000, 0x000000008e500000, 0x000000008e600000|  0%| F|  |TAMS 0x000000008e500000, 0x000000008e500000| Untracked 
| 230|0x000000008e600000, 0x000000008e600000, 0x000000008e700000|  0%| F|  |TAMS 0x000000008e600000, 0x000000008e600000| Untracked 
| 231|0x000000008e700000, 0x000000008e800000, 0x000000008e800000|100%| O|  |TAMS 0x000000008e800000, 0x000000008e800000| Untracked 
| 232|0x000000008e800000, 0x000000008e900000, 0x000000008e900000|100%| O|  |TAMS 0x000000008e900000, 0x000000008e900000| Untracked 
| 233|0x000000008e900000, 0x000000008ea00000, 0x000000008ea00000|100%| O|  |TAMS 0x000000008ea00000, 0x000000008ea00000| Untracked 
| 234|0x000000008ea00000, 0x000000008eb00000, 0x000000008eb00000|100%| O|  |TAMS 0x000000008eb00000, 0x000000008eb00000| Untracked 
| 235|0x000000008eb00000, 0x000000008ec00000, 0x000000008ec00000|100%| O|  |TAMS 0x000000008ec00000, 0x000000008ec00000| Untracked 
| 236|0x000000008ec00000, 0x000000008ed00000, 0x000000008ed00000|100%| O|  |TAMS 0x000000008ed00000, 0x000000008ed00000| Untracked 
| 237|0x000000008ed00000, 0x000000008ee00000, 0x000000008ee00000|100%| O|  |TAMS 0x000000008ee00000, 0x000000008ee00000| Untracked 
| 238|0x000000008ee00000, 0x000000008ef00000, 0x000000008ef00000|100%| O|  |TAMS 0x000000008ef00000, 0x000000008ef00000| Untracked 
| 239|0x000000008ef00000, 0x000000008f000000, 0x000000008f000000|100%| O|  |TAMS 0x000000008f000000, 0x000000008f000000| Untracked 
| 240|0x000000008f000000, 0x000000008f100000, 0x000000008f100000|100%| O|  |TAMS 0x000000008f100000, 0x000000008f100000| Untracked 
| 241|0x000000008f100000, 0x000000008f200000, 0x000000008f200000|100%| O|  |TAMS 0x000000008f200000, 0x000000008f200000| Untracked 
| 242|0x000000008f200000, 0x000000008f300000, 0x000000008f300000|100%| O|  |TAMS 0x000000008f300000, 0x000000008f300000| Untracked 
| 243|0x000000008f300000, 0x000000008f400000, 0x000000008f400000|100%| O|  |TAMS 0x000000008f400000, 0x000000008f400000| Untracked 
| 244|0x000000008f400000, 0x000000008f500000, 0x000000008f500000|100%| O|  |TAMS 0x000000008f500000, 0x000000008f500000| Untracked 
| 245|0x000000008f500000, 0x000000008f500000, 0x000000008f600000|  0%| F|  |TAMS 0x000000008f500000, 0x000000008f500000| Untracked 
| 246|0x000000008f600000, 0x000000008f600000, 0x000000008f700000|  0%| F|  |TAMS 0x000000008f600000, 0x000000008f600000| Untracked 
| 247|0x000000008f700000, 0x000000008f700000, 0x000000008f800000|  0%| F|  |TAMS 0x000000008f700000, 0x000000008f700000| Untracked 
| 248|0x000000008f800000, 0x000000008f800000, 0x000000008f900000|  0%| F|  |TAMS 0x000000008f800000, 0x000000008f800000| Untracked 
| 249|0x000000008f900000, 0x000000008f900000, 0x000000008fa00000|  0%| F|  |TAMS 0x000000008f900000, 0x000000008f900000| Untracked 
| 250|0x000000008fa00000, 0x000000008fa00000, 0x000000008fb00000|  0%| F|  |TAMS 0x000000008fa00000, 0x000000008fa00000| Untracked 
| 251|0x000000008fb00000, 0x000000008fb00000, 0x000000008fc00000|  0%| F|  |TAMS 0x000000008fb00000, 0x000000008fb00000| Untracked 
| 252|0x000000008fc00000, 0x000000008fc00000, 0x000000008fd00000|  0%| F|  |TAMS 0x000000008fc00000, 0x000000008fc00000| Untracked 
| 253|0x000000008fd00000, 0x000000008fd00000, 0x000000008fe00000|  0%| F|  |TAMS 0x000000008fd00000, 0x000000008fd00000| Untracked 
| 254|0x000000008fe00000, 0x000000008fe00000, 0x000000008ff00000|  0%| F|  |TAMS 0x000000008fe00000, 0x000000008fe00000| Untracked 
| 255|0x000000008ff00000, 0x000000008ff00000, 0x0000000090000000|  0%| F|  |TAMS 0x000000008ff00000, 0x000000008ff00000| Untracked 
| 256|0x0000000090000000, 0x0000000090000000, 0x0000000090100000|  0%| F|  |TAMS 0x0000000090000000, 0x0000000090000000| Untracked 
| 257|0x0000000090100000, 0x0000000090100000, 0x0000000090200000|  0%| F|  |TAMS 0x0000000090100000, 0x0000000090100000| Untracked 
| 258|0x0000000090200000, 0x0000000090200000, 0x0000000090300000|  0%| F|  |TAMS 0x0000000090200000, 0x0000000090200000| Untracked 
| 259|0x0000000090300000, 0x0000000090300000, 0x0000000090400000|  0%| F|  |TAMS 0x0000000090300000, 0x0000000090300000| Untracked 
| 260|0x0000000090400000, 0x0000000090400000, 0x0000000090500000|  0%| F|  |TAMS 0x0000000090400000, 0x0000000090400000| Untracked 
| 261|0x0000000090500000, 0x0000000090500000, 0x0000000090600000|  0%| F|  |TAMS 0x0000000090500000, 0x0000000090500000| Untracked 
| 262|0x0000000090600000, 0x0000000090600000, 0x0000000090700000|  0%| F|  |TAMS 0x0000000090600000, 0x0000000090600000| Untracked 
| 263|0x0000000090700000, 0x0000000090700000, 0x0000000090800000|  0%| F|  |TAMS 0x0000000090700000, 0x0000000090700000| Untracked 
| 264|0x0000000090800000, 0x0000000090800000, 0x0000000090900000|  0%| F|  |TAMS 0x0000000090800000, 0x0000000090800000| Untracked 
| 265|0x0000000090900000, 0x0000000090900000, 0x0000000090a00000|  0%| F|  |TAMS 0x0000000090900000, 0x0000000090900000| Untracked 
| 266|0x0000000090a00000, 0x0000000090a00000, 0x0000000090b00000|  0%| F|  |TAMS 0x0000000090a00000, 0x0000000090a00000| Untracked 
| 267|0x0000000090b00000, 0x0000000090c00000, 0x0000000090c00000|100%| S|CS|TAMS 0x0000000090b00000, 0x0000000090b00000| Complete 
| 268|0x0000000090c00000, 0x0000000090d00000, 0x0000000090d00000|100%| S|CS|TAMS 0x0000000090c00000, 0x0000000090c00000| Complete 
| 269|0x0000000090d00000, 0x0000000090e00000, 0x0000000090e00000|100%| S|CS|TAMS 0x0000000090d00000, 0x0000000090d00000| Complete 
| 270|0x0000000090e00000, 0x0000000090f00000, 0x0000000090f00000|100%| S|CS|TAMS 0x0000000090e00000, 0x0000000090e00000| Complete 
| 271|0x0000000090f00000, 0x0000000090f00000, 0x0000000091000000|  0%| F|  |TAMS 0x0000000090f00000, 0x0000000090f00000| Untracked 
| 272|0x0000000091000000, 0x0000000091000000, 0x0000000091100000|  0%| F|  |TAMS 0x0000000091000000, 0x0000000091000000| Untracked 
| 273|0x0000000091100000, 0x0000000091100000, 0x0000000091200000|  0%| F|  |TAMS 0x0000000091100000, 0x0000000091100000| Untracked 
| 274|0x0000000091200000, 0x0000000091200000, 0x0000000091300000|  0%| F|  |TAMS 0x0000000091200000, 0x0000000091200000| Untracked 
| 275|0x0000000091300000, 0x0000000091300000, 0x0000000091400000|  0%| F|  |TAMS 0x0000000091300000, 0x0000000091300000| Untracked 
| 276|0x0000000091400000, 0x0000000091400000, 0x0000000091500000|  0%| F|  |TAMS 0x0000000091400000, 0x0000000091400000| Untracked 
| 277|0x0000000091500000, 0x0000000091500000, 0x0000000091600000|  0%| F|  |TAMS 0x0000000091500000, 0x0000000091500000| Untracked 
| 278|0x0000000091600000, 0x0000000091600000, 0x0000000091700000|  0%| F|  |TAMS 0x0000000091600000, 0x0000000091600000| Untracked 
| 279|0x0000000091700000, 0x0000000091700000, 0x0000000091800000|  0%| F|  |TAMS 0x0000000091700000, 0x0000000091700000| Untracked 
| 280|0x0000000091800000, 0x0000000091800000, 0x0000000091900000|  0%| F|  |TAMS 0x0000000091800000, 0x0000000091800000| Untracked 
| 281|0x0000000091900000, 0x0000000091900000, 0x0000000091a00000|  0%| F|  |TAMS 0x0000000091900000, 0x0000000091900000| Untracked 
| 282|0x0000000091a00000, 0x0000000091a00000, 0x0000000091b00000|  0%| F|  |TAMS 0x0000000091a00000, 0x0000000091a00000| Untracked 
| 283|0x0000000091b00000, 0x0000000091b00000, 0x0000000091c00000|  0%| F|  |TAMS 0x0000000091b00000, 0x0000000091b00000| Untracked 
| 284|0x0000000091c00000, 0x0000000091c00000, 0x0000000091d00000|  0%| F|  |TAMS 0x0000000091c00000, 0x0000000091c00000| Untracked 
| 285|0x0000000091d00000, 0x0000000091d00000, 0x0000000091e00000|  0%| F|  |TAMS 0x0000000091d00000, 0x0000000091d00000| Untracked 
| 286|0x0000000091e00000, 0x0000000091e00000, 0x0000000091f00000|  0%| F|  |TAMS 0x0000000091e00000, 0x0000000091e00000| Untracked 
| 287|0x0000000091f00000, 0x0000000091f00000, 0x0000000092000000|  0%| F|  |TAMS 0x0000000091f00000, 0x0000000091f00000| Untracked 
| 288|0x0000000092000000, 0x0000000092000000, 0x0000000092100000|  0%| F|  |TAMS 0x0000000092000000, 0x0000000092000000| Untracked 
| 289|0x0000000092100000, 0x0000000092100000, 0x0000000092200000|  0%| F|  |TAMS 0x0000000092100000, 0x0000000092100000| Untracked 
| 290|0x0000000092200000, 0x0000000092200000, 0x0000000092300000|  0%| F|  |TAMS 0x0000000092200000, 0x0000000092200000| Untracked 
| 291|0x0000000092300000, 0x0000000092300000, 0x0000000092400000|  0%| F|  |TAMS 0x0000000092300000, 0x0000000092300000| Untracked 
| 292|0x0000000092400000, 0x0000000092400000, 0x0000000092500000|  0%| F|  |TAMS 0x0000000092400000, 0x0000000092400000| Untracked 
| 293|0x0000000092500000, 0x0000000092500000, 0x0000000092600000|  0%| F|  |TAMS 0x0000000092500000, 0x0000000092500000| Untracked 

Card table byte_map: [0x0000014ca8010000,0x0000014ca8410000] _byte_map_base: 0x0000014ca7c10000

Marking Bits (Prev, Next): (CMBitMap*) 0x0000014c9331fce8, (CMBitMap*) 0x0000014c9331fd20
 Prev Bits: [0x0000014ca8810000, 0x0000014caa810000)
 Next Bits: [0x0000014caa810000, 0x0000014cac810000)

Polling page: 0x0000014c933b0000

Metaspace:

Usage:
  Non-class:     93.08 MB capacity,    91.59 MB ( 98%) used,     1.21 MB (  1%) free+waste,   289.81 KB ( <1%) overhead. 
      Class:     14.39 MB capacity,    13.51 MB ( 94%) used,   776.20 KB (  5%) free+waste,   128.06 KB ( <1%) overhead. 
       Both:    107.48 MB capacity,   105.10 MB ( 98%) used,     1.97 MB (  2%) free+waste,   417.88 KB ( <1%) overhead. 

Virtual space:
  Non-class space:       94.00 MB reserved,      93.23 MB (>99%) committed 
      Class space:        1.00 GB reserved,      14.45 MB (  1%) committed 
             Both:        1.09 GB reserved,     107.68 MB ( 10%) committed 

Chunk freelists:
   Non-Class:  26.00 KB
       Class:  14.00 KB
        Both:  40.00 KB

MaxMetaspaceSize: 17179869184.00 GB
CompressedClassSpaceSize: 1.00 GB

CodeHeap 'non-profiled nmethods': size=120064Kb used=7632Kb max_used=7632Kb free=112431Kb
 bounds [0x0000014ca00b0000, 0x0000014ca0830000, 0x0000014ca75f0000]
CodeHeap 'profiled nmethods': size=120000Kb used=29226Kb max_used=29226Kb free=90773Kb
 bounds [0x0000014c98b80000, 0x0000014c9a810000, 0x0000014ca00b0000]
CodeHeap 'non-nmethods': size=5696Kb used=2318Kb max_used=2364Kb free=3378Kb
 bounds [0x0000014c985f0000, 0x0000014c98860000, 0x0000014c98b80000]
 total_blobs=13821 nmethods=12891 adapters=841
 compilation: enabled
              stopped_count=0, restarted_count=0
 full_count=0

Compilation events (20 events):
Event: 30.726 Thread 0x0000014caf7f2800 13080       2       com.android.tools.r8.dex.r::i (798 bytes)
Event: 30.729 Thread 0x0000014caf7f2800 nmethod 13080 0x0000014c9a806610 code [0x0000014c9a806a20, 0x0000014c9a807e68]
Event: 30.735 Thread 0x0000014caf7f2800 13081       2       com.android.tools.r8.code.h3::<init> (7 bytes)
Event: 30.735 Thread 0x0000014caf7f2800 nmethod 13081 0x0000014c9a808890 code [0x0000014c9a808a40, 0x0000014c9a808b98]
Event: 30.735 Thread 0x0000014caf7f2800 13082       2       com.android.tools.r8.internal.ac1::hasNext (14 bytes)
Event: 30.735 Thread 0x0000014caf7f2800 nmethod 13082 0x0000014c9a808c90 code [0x0000014c9a808e40, 0x0000014c9a808f58]
Event: 30.735 Thread 0x0000014caf7f2800 13083       1       com.android.tools.r8.internal.Ie1::apply (2 bytes)
Event: 30.735 Thread 0x0000014caf7f2800 nmethod 13083 0x0000014ca0823e90 code [0x0000014ca0824040, 0x0000014ca08240f8]
Event: 30.739 Thread 0x0000014caf7f2800 13085       2       com.android.tools.r8.graph.N2::a (49 bytes)
Event: 30.740 Thread 0x0000014caf7f2800 nmethod 13085 0x0000014c9a809010 code [0x0000014c9a8091e0, 0x0000014c9a809428]
Event: 30.749 Thread 0x0000014caf7f2800 13086       2       com.android.tools.r8.graph.Q0::equals (49 bytes)
Event: 30.749 Thread 0x0000014caf7f2800 nmethod 13086 0x0000014c9a809590 code [0x0000014c9a809780, 0x0000014c9a809a18]
Event: 30.752 Thread 0x0000014caf7f2800 13087       2       com.android.tools.r8.code.O2::<init> (7 bytes)
Event: 30.752 Thread 0x0000014caf7f2800 nmethod 13087 0x0000014c9a809b10 code [0x0000014c9a809ce0, 0x0000014c9a809ea8]
Event: 30.758 Thread 0x0000014caf7f2800 13089       2       com.android.tools.r8.code.T0::hashCode (21 bytes)
Event: 30.758 Thread 0x0000014caf7f2800 nmethod 13089 0x0000014c9a80a010 code [0x0000014c9a80a1c0, 0x0000014c9a80a308]
Event: 30.759 Thread 0x0000014caf7f2800 13090       2       java.util.Arrays::hashCode (44 bytes)
Event: 30.759 Thread 0x0000014caf7f2800 nmethod 13090 0x0000014c9a80a390 code [0x0000014c9a80a540, 0x0000014c9a80a6b8]
Event: 30.759 Thread 0x0000014caf7f2800 13091       2       com.android.tools.r8.code.U3::<init> (7 bytes)
Event: 30.759 Thread 0x0000014caf7f2800 nmethod 13091 0x0000014c9a80a790 code [0x0000014c9a80a940, 0x0000014c9a80aa78]

GC Heap History (20 events):
Event: 23.618 GC heap after
{Heap after GC invocations=23 (full 0):
 garbage-first heap   total 227328K, used 98577K [0x0000000080000000, 0x0000000100000000)
  region size 1024K, 4 young (4096K), 4 survivors (4096K)
 Metaspace       used 91848K, capacity 93986K, committed 94140K, reserved 1130496K
  class space    used 11835K, capacity 12636K, committed 12748K, reserved 1048576K
}
Event: 24.910 GC heap before
{Heap before GC invocations=23 (full 0):
 garbage-first heap   total 227328K, used 182545K [0x0000000080000000, 0x0000000100000000)
  region size 1024K, 82 young (83968K), 4 survivors (4096K)
 Metaspace       used 93583K, capacity 95750K, committed 95932K, reserved 1132544K
  class space    used 12098K, capacity 12954K, committed 13004K, reserved 1048576K
}
Event: 24.929 GC heap after
{Heap after GC invocations=24 (full 0):
 garbage-first heap   total 227328K, used 106985K [0x0000000080000000, 0x0000000100000000)
  region size 1024K, 10 young (10240K), 10 survivors (10240K)
 Metaspace       used 93583K, capacity 95750K, committed 95932K, reserved 1132544K
  class space    used 12098K, capacity 12954K, committed 13004K, reserved 1048576K
}
Event: 25.756 GC heap before
{Heap before GC invocations=24 (full 0):
 garbage-first heap   total 227328K, used 182761K [0x0000000080000000, 0x0000000100000000)
  region size 1024K, 84 young (86016K), 10 survivors (10240K)
 Metaspace       used 96195K, capacity 98421K, committed 98748K, reserved 1134592K
  class space    used 12309K, capacity 13161K, committed 13260K, reserved 1048576K
}
Event: 25.778 GC heap after
{Heap after GC invocations=25 (full 0):
 garbage-first heap   total 227328K, used 110656K [0x0000000080000000, 0x0000000100000000)
  region size 1024K, 6 young (6144K), 6 survivors (6144K)
 Metaspace       used 96195K, capacity 98421K, committed 98748K, reserved 1134592K
  class space    used 12309K, capacity 13161K, committed 13260K, reserved 1048576K
}
Event: 26.286 GC heap before
{Heap before GC invocations=25 (full 0):
 garbage-first heap   total 227328K, used 145472K [0x0000000080000000, 0x0000000100000000)
  region size 1024K, 42 young (43008K), 6 survivors (6144K)
 Metaspace       used 97075K, capacity 99384K, committed 99516K, reserved 1136640K
  class space    used 12353K, capacity 13200K, committed 13260K, reserved 1048576K
}
Event: 26.303 GC heap after
{Heap after GC invocations=26 (full 0):
 garbage-first heap   total 227328K, used 113139K [0x0000000080000000, 0x0000000100000000)
  region size 1024K, 4 young (4096K), 4 survivors (4096K)
 Metaspace       used 97075K, capacity 99384K, committed 99516K, reserved 1136640K
  class space    used 12353K, capacity 13200K, committed 13260K, reserved 1048576K
}
Event: 27.113 GC heap before
{Heap before GC invocations=27 (full 0):
 garbage-first heap   total 227328K, used 167411K [0x0000000080000000, 0x0000000100000000)
  region size 1024K, 35 young (35840K), 4 survivors (4096K)
 Metaspace       used 102370K, capacity 104676K, committed 104892K, reserved 1140736K
  class space    used 13066K, capacity 13922K, committed 14028K, reserved 1048576K
}
Event: 27.130 GC heap after
{Heap after GC invocations=28 (full 0):
 garbage-first heap   total 227328K, used 144077K [0x0000000080000000, 0x0000000100000000)
  region size 1024K, 9 young (9216K), 9 survivors (9216K)
 Metaspace       used 102370K, capacity 104676K, committed 104892K, reserved 1140736K
  class space    used 13066K, capacity 13922K, committed 14028K, reserved 1048576K
}
Event: 27.687 GC heap before
{Heap before GC invocations=28 (full 0):
 garbage-first heap   total 227328K, used 225997K [0x0000000080000000, 0x0000000100000000)
  region size 1024K, 46 young (47104K), 9 survivors (9216K)
 Metaspace       used 103606K, capacity 105862K, committed 106044K, reserved 1140736K
  class space    used 13198K, capacity 14063K, committed 14156K, reserved 1048576K
}
Event: 27.713 GC heap after
{Heap after GC invocations=29 (full 0):
 garbage-first heap   total 250880K, used 180734K [0x0000000080000000, 0x0000000100000000)
  region size 1024K, 6 young (6144K), 6 survivors (6144K)
 Metaspace       used 103606K, capacity 105862K, committed 106044K, reserved 1140736K
  class space    used 13198K, capacity 14063K, committed 14156K, reserved 1048576K
}
Event: 27.846 GC heap before
{Heap before GC invocations=30 (full 0):
 garbage-first heap   total 250880K, used 198142K [0x0000000080000000, 0x0000000100000000)
  region size 1024K, 25 young (25600K), 6 survivors (6144K)
 Metaspace       used 103607K, capacity 105862K, committed 106044K, reserved 1140736K
  class space    used 13198K, capacity 14063K, committed 14156K, reserved 1048576K
}
Event: 27.872 GC heap after
{Heap after GC invocations=31 (full 0):
 garbage-first heap   total 301056K, used 190213K [0x0000000080000000, 0x0000000100000000)
  region size 1024K, 5 young (5120K), 5 survivors (5120K)
 Metaspace       used 103607K, capacity 105862K, committed 106044K, reserved 1140736K
  class space    used 13198K, capacity 14063K, committed 14156K, reserved 1048576K
}
Event: 28.484 GC heap before
{Heap before GC invocations=31 (full 0):
 garbage-first heap   total 301056K, used 231173K [0x0000000080000000, 0x0000000100000000)
  region size 1024K, 42 young (43008K), 5 survivors (5120K)
 Metaspace       used 104227K, capacity 106526K, committed 106556K, reserved 1142784K
  class space    used 13255K, capacity 14135K, committed 14156K, reserved 1048576K
}
Event: 28.535 GC heap after
{Heap after GC invocations=32 (full 0):
 garbage-first heap   total 301056K, used 205066K [0x0000000080000000, 0x0000000100000000)
  region size 1024K, 6 young (6144K), 6 survivors (6144K)
 Metaspace       used 104227K, capacity 106526K, committed 106556K, reserved 1142784K
  class space    used 13255K, capacity 14135K, committed 14156K, reserved 1048576K
}
Event: 28.667 GC heap before
{Heap before GC invocations=33 (full 0):
 garbage-first heap   total 301056K, used 224522K [0x0000000080000000, 0x0000000100000000)
  region size 1024K, 25 young (25600K), 6 survivors (6144K)
 Metaspace       used 104281K, capacity 106526K, committed 106556K, reserved 1142784K
  class space    used 13262K, capacity 14135K, committed 14156K, reserved 1048576K
}
Event: 28.712 GC heap after
{Heap after GC invocations=34 (full 0):
 garbage-first heap   total 301056K, used 215040K [0x0000000080000000, 0x0000000100000000)
  region size 1024K, 5 young (5120K), 5 survivors (5120K)
 Metaspace       used 104281K, capacity 106526K, committed 106556K, reserved 1142784K
  class space    used 13262K, capacity 14135K, committed 14156K, reserved 1048576K
}
Event: 30.465 GC heap before
{Heap before GC invocations=35 (full 0):
 garbage-first heap   total 301056K, used 241664K [0x0000000080000000, 0x0000000100000000)
  region size 1024K, 31 young (31744K), 5 survivors (5120K)
 Metaspace       used 107411K, capacity 109841K, committed 110012K, reserved 1144832K
  class space    used 13809K, capacity 14732K, committed 14796K, reserved 1048576K
}
Event: 30.513 GC heap after
{Heap after GC invocations=36 (full 0):
 garbage-first heap   total 301056K, used 224078K [0x0000000080000000, 0x0000000100000000)
  region size 1024K, 4 young (4096K), 4 survivors (4096K)
 Metaspace       used 107411K, capacity 109841K, committed 110012K, reserved 1144832K
  class space    used 13809K, capacity 14732K, committed 14796K, reserved 1048576K
}
Event: 30.761 GC heap before
{Heap before GC invocations=36 (full 0):
 garbage-first heap   total 301056K, used 246606K [0x0000000080000000, 0x0000000100000000)
  region size 1024K, 27 young (27648K), 4 survivors (4096K)
 Metaspace       used 107618K, capacity 110056K, committed 110268K, reserved 1144832K
  class space    used 13833K, capacity 14738K, committed 14796K, reserved 1048576K
}

Deoptimization events (20 events):
Event: 30.172 Thread 0x0000014cb4b2a000 DEOPT PACKING pc=0x0000014c9917ece5 sp=0x00000016db7fc960
Event: 30.172 Thread 0x0000014cb4b2a000 DEOPT UNPACKING pc=0x0000014c98616dde sp=0x00000016db7fbe28 mode 0
Event: 30.274 Thread 0x0000014cb4b31800 Uncommon trap: trap_request=0xffffff4d fr.pc=0x0000014ca07b6828 relative=0x00000000000002a8
Event: 30.274 Thread 0x0000014cb4b31800 Uncommon trap: reason=unstable_if action=reinterpret pc=0x0000014ca07b6828 method=com.android.tools.r8.graph.L0.g(Ljava/lang/Object;)Z @ 37 c2
Event: 30.274 Thread 0x0000014cb4b31800 DEOPT PACKING pc=0x0000014ca07b6828 sp=0x00000016dbdfe760
Event: 30.274 Thread 0x0000014cb4b31800 DEOPT UNPACKING pc=0x0000014c9861662f sp=0x00000016dbdfe700 mode 2
Event: 30.293 Thread 0x0000014cb57a2800 Uncommon trap: trap_request=0xffffff4d fr.pc=0x0000014ca07afb74 relative=0x0000000000000134
Event: 30.293 Thread 0x0000014cb57a2800 Uncommon trap: reason=unstable_if action=reinterpret pc=0x0000014ca07afb74 method=com.android.tools.r8.internal.SV0.get(I)Ljava/lang/Object; @ 1 c2
Event: 30.293 Thread 0x0000014cb57a2800 DEOPT PACKING pc=0x0000014ca07afb74 sp=0x00000016dbffe8f0
Event: 30.293 Thread 0x0000014cb57a2800 DEOPT UNPACKING pc=0x0000014c9861662f sp=0x00000016dbffe888 mode 2
Event: 30.374 Thread 0x0000014cb4b30800 Uncommon trap: trap_request=0xffffff4d fr.pc=0x0000014ca08165e0 relative=0x00000000000001a0
Event: 30.374 Thread 0x0000014cb4b30800 Uncommon trap: reason=unstable_if action=reinterpret pc=0x0000014ca08165e0 method=com.android.tools.r8.internal.SV0.get(I)Ljava/lang/Object; @ 8 c2
Event: 30.374 Thread 0x0000014cb4b30800 DEOPT PACKING pc=0x0000014ca08165e0 sp=0x00000016dbefea40
Event: 30.374 Thread 0x0000014cb4b30800 DEOPT UNPACKING pc=0x0000014c9861662f sp=0x00000016dbefe9d8 mode 2
Event: 30.380 Thread 0x0000014cb4b2a000 DEOPT PACKING pc=0x0000014c9a6f641f sp=0x00000016db7fc930
Event: 30.380 Thread 0x0000014cb4b2a000 DEOPT UNPACKING pc=0x0000014c98616dde sp=0x00000016db7fbdc8 mode 0
Event: 30.725 Thread 0x0000014cb4b30800 Uncommon trap: trap_request=0xffffff4d fr.pc=0x0000014ca0821c8c relative=0x000000000000124c
Event: 30.725 Thread 0x0000014cb4b30800 Uncommon trap: reason=unstable_if action=reinterpret pc=0x0000014ca0821c8c method=com.android.tools.r8.dex.r.i()Lcom/android/tools/r8/graph/c1; @ 60 c2
Event: 30.725 Thread 0x0000014cb4b30800 DEOPT PACKING pc=0x0000014ca0821c8c sp=0x00000016dbefe8c0
Event: 30.726 Thread 0x0000014cb4b30800 DEOPT UNPACKING pc=0x0000014c9861662f sp=0x00000016dbefe8a0 mode 2

Classes redefined (0 events):
No events

Internal exceptions (20 events):
Event: 19.296 Thread 0x0000014cb4b2b000 Exception <a 'java/lang/NoSuchMethodError'{0x000000008b60d4d8}: 'java.lang.Object java.lang.invoke.DirectMethodHandle$Holder.invokeSpecialIFC(java.lang.Object, java.lang.Object, java.lang.Object)'> (0x000000008b60d4d8) thrown at [./src/hotspot/share/interpreter/linkResolver.cpp, line 773]
Event: 21.490 Thread 0x0000014cb4b2f800 Exception <a 'java/lang/NoSuchMethodError'{0x000000008d969e18}: <clinit>> (0x000000008d969e18) thrown at [./src/hotspot/share/prims/jni.cpp, line 1362]
Event: 21.490 Thread 0x0000014cb4b2f800 Exception <a 'java/lang/NoSuchMethodError'{0x000000008d96b420}: <clinit>> (0x000000008d96b420) thrown at [./src/hotspot/share/prims/jni.cpp, line 1362]
Event: 21.490 Thread 0x0000014cb4b2f800 Exception <a 'java/lang/NoSuchMethodError'{0x000000008d96d5c0}: <clinit>> (0x000000008d96d5c0) thrown at [./src/hotspot/share/prims/jni.cpp, line 1362]
Event: 21.492 Thread 0x0000014cb4b2f800 Exception <a 'java/lang/NoSuchMethodError'{0x000000008d984958}: <clinit>> (0x000000008d984958) thrown at [./src/hotspot/share/prims/jni.cpp, line 1362]
Event: 21.497 Thread 0x0000014cb4b2f800 Exception <a 'java/lang/NoSuchMethodError'{0x000000008d985e38}: <clinit>> (0x000000008d985e38) thrown at [./src/hotspot/share/prims/jni.cpp, line 1362]
Event: 23.759 Thread 0x0000014cb1cbf000 Implicit null exception at 0x0000014ca03aef2c to 0x0000014ca03aef6b
Event: 23.799 Thread 0x0000014cb1cbf000 Exception <a 'java/lang/NoSuchMethodError'{0x000000008d4d0b68}: 'int java.lang.invoke.DirectMethodHandle$Holder.invokeSpecial(java.lang.Object, java.lang.Object, java.lang.Object, java.lang.Object, java.lang.Object)'> (0x000000008d4d0b68) thrown at [./src/hotspot/share/interpreter/linkResolver.cpp, line 773]
Event: 24.231 Thread 0x0000014cb1cbf000 Exception <a 'java/lang/NoSuchMethodError'{0x000000008ba89fe8}: 'void java.lang.invoke.DirectMethodHandle$Holder.invokeVirtual(java.lang.Object, java.lang.Object)'> (0x000000008ba89fe8) thrown at [./src/hotspot/share/interpreter/linkResolver.cpp, line 773]
Event: 24.357 Thread 0x0000014cb1cbf000 Exception <a 'java/lang/NoSuchMethodError'{0x000000008b502668}: <clinit>> (0x000000008b502668) thrown at [./src/hotspot/share/prims/jni.cpp, line 1362]
Event: 24.741 Thread 0x0000014cb1cbf000 Exception <a 'java/lang/NoSuchMethodError'{0x0000000089dd5f28}: <clinit>> (0x0000000089dd5f28) thrown at [./src/hotspot/share/prims/jni.cpp, line 1362]
Event: 26.790 Thread 0x0000014cb4b2a000 Implicit null exception at 0x0000014ca0725dd6 to 0x0000014ca0726674
Event: 26.892 Thread 0x0000014cb4b32000 Exception <a 'sun/nio/fs/WindowsException'{0x000000008cd04930}> (0x000000008cd04930) thrown at [./src/hotspot/share/prims/jni.cpp, line 615]
Event: 27.076 Thread 0x0000014cb4b2a000 Exception <a 'sun/nio/fs/WindowsException'{0x000000008c150918}> (0x000000008c150918) thrown at [./src/hotspot/share/prims/jni.cpp, line 615]
Event: 27.076 Thread 0x0000014cb4b2a000 Exception <a 'sun/nio/fs/WindowsException'{0x000000008c150a00}> (0x000000008c150a00) thrown at [./src/hotspot/share/prims/jni.cpp, line 615]
Event: 27.158 Thread 0x0000014cb4b32000 Exception <a 'java/lang/NoSuchMethodError'{0x000000008ddcf778}: 'java.lang.Object java.lang.invoke.DirectMethodHandle$Holder.invokeStaticInit(java.lang.Object, java.lang.Object, java.lang.Object, java.lang.Object, java.lang.Object, java.lang.Object, java.lang.Object, java.lang.Object, java.lang.Object, java.lang.Object, java.lang.Object, java.lang.Object, java.lang.Object, java.lang.Object, java.lang.Object, java.lang.Object, java.lang.Object, java.lang.Object, int, java.lang.Object, java.lang.Object)'> (0
Event: 29.888 Thread 0x0000014cb4b31800 Exception <a 'java/lang/NoSuchMethodError'{0x0000000091627f98}: 'java.lang.Object java.lang.invoke.DirectMethodHandle$Holder.newInvokeSpecial(java.lang.Object, int)'> (0x0000000091627f98) thrown at [./src/hotspot/share/interpreter/linkResolver.cpp, line 773]
Event: 29.903 Thread 0x0000014cb57a2800 Exception <a 'java/lang/IncompatibleClassChangeError'{0x00000000916f2c28}: Found class java.lang.Object, but interface was expected> (0x00000000916f2c28) thrown at [./src/hotspot/share/interpreter/linkResolver.cpp, line 839]
Event: 30.066 Thread 0x0000014cb57a2800 Exception <a 'java/lang/IncompatibleClassChangeError'{0x0000000091543af8}: Found class java.lang.Object, but interface was expected> (0x0000000091543af8) thrown at [./src/hotspot/share/interpreter/linkResolver.cpp, line 839]
Event: 30.079 Thread 0x0000014cb57a2800 Exception <a 'java/lang/IncompatibleClassChangeError'{0x00000000915589d8}: Found class java.lang.Object, but interface was expected> (0x00000000915589d8) thrown at [./src/hotspot/share/interpreter/linkResolver.cpp, line 839]

Events (20 events):
Event: 30.632 loading class com/android/tools/r8/internal/Vb1 done
Event: 30.634 loading class com/android/tools/r8/graph/Z0
Event: 30.634 loading class com/android/tools/r8/graph/Z0 done
Event: 30.660 loading class com/android/tools/r8/internal/Sc1
Event: 30.660 loading class com/android/tools/r8/internal/Sc1 done
Event: 30.660 loading class com/android/tools/r8/internal/ac1
Event: 30.660 loading class com/android/tools/r8/internal/ac1 done
Event: 30.663 loading class com/android/tools/r8/graph/P0
Event: 30.663 loading class com/android/tools/r8/graph/P0 done
Event: 30.664 loading class com/android/tools/r8/graph/D2
Event: 30.664 loading class com/android/tools/r8/graph/D2 done
Event: 30.664 loading class com/android/tools/r8/graph/D2
Event: 30.664 loading class com/android/tools/r8/graph/D2 done
Event: 30.664 loading class com/android/tools/r8/internal/Yb1
Event: 30.664 loading class com/android/tools/r8/internal/Yb1 done
Event: 30.665 loading class com/android/tools/r8/internal/dc1
Event: 30.665 loading class com/android/tools/r8/internal/dc1 done
Event: 30.726 loading class com/android/tools/r8/internal/LM0
Event: 30.726 loading class com/android/tools/r8/internal/LM0 done
Event: 30.759 Executing VM operation: G1CollectForAllocation


Dynamic libraries:
0x00007ff7323e0000 - 0x00007ff7323ea000 	C:\Program Files\Android\Android Studio New\jre\bin\java.exe
0x00007ffbc5380000 - 0x00007ffbc5570000 	C:\WINDOWS\SYSTEM32\ntdll.dll
0x00007ffbc3690000 - 0x00007ffbc3742000 	C:\WINDOWS\System32\KERNEL32.DLL
0x00007ffbc2490000 - 0x00007ffbc2735000 	C:\WINDOWS\System32\KERNELBASE.dll
0x00007ffbc2a60000 - 0x00007ffbc2b5a000 	C:\WINDOWS\System32\ucrtbase.dll
0x00007ffbb79e0000 - 0x00007ffbb79f9000 	C:\Program Files\Android\Android Studio New\jre\bin\jli.dll
0x00007ffb9fad0000 - 0x00007ffb9fae7000 	C:\Program Files\Android\Android Studio New\jre\bin\VCRUNTIME140.dll
0x00007ffbc51a0000 - 0x00007ffbc5334000 	C:\WINDOWS\System32\USER32.dll
0x00007ffbc2a30000 - 0x00007ffbc2a51000 	C:\WINDOWS\System32\win32u.dll
0x00007ffbc4fb0000 - 0x00007ffbc4fd6000 	C:\WINDOWS\System32\GDI32.dll
0x00007ffba7b80000 - 0x00007ffba7e04000 	C:\WINDOWS\WinSxS\amd64_microsoft.windows.common-controls_6595b64144ccf1df_6.0.18362.1256_none_9e7e379be45e40e2\COMCTL32.dll
0x00007ffbc22f0000 - 0x00007ffbc2486000 	C:\WINDOWS\System32\gdi32full.dll
0x00007ffbc5100000 - 0x00007ffbc519e000 	C:\WINDOWS\System32\msvcrt.dll
0x00007ffbc4550000 - 0x00007ffbc4886000 	C:\WINDOWS\System32\combase.dll
0x00007ffbc4fe0000 - 0x00007ffbc5100000 	C:\WINDOWS\System32\RPCRT4.dll
0x00007ffbc2770000 - 0x00007ffbc280e000 	C:\WINDOWS\System32\msvcp_win.dll
0x00007ffbc2b60000 - 0x00007ffbc2be1000 	C:\WINDOWS\System32\bcryptPrimitives.dll
0x00007ffbc3750000 - 0x00007ffbc377e000 	C:\WINDOWS\System32\IMM32.DLL
0x00007ffb8d3e0000 - 0x00007ffb8d47d000 	C:\Program Files\Android\Android Studio New\jre\bin\msvcp140.dll
0x00007ffb57710000 - 0x00007ffb581e5000 	C:\Program Files\Android\Android Studio New\jre\bin\server\jvm.dll
0x00007ffbc44a0000 - 0x00007ffbc4543000 	C:\WINDOWS\System32\ADVAPI32.dll
0x00007ffbc3440000 - 0x00007ffbc34d7000 	C:\WINDOWS\System32\sechost.dll
0x00007ffbc3430000 - 0x00007ffbc3438000 	C:\WINDOWS\System32\PSAPI.DLL
0x00007ffbbad50000 - 0x00007ffbbad59000 	C:\WINDOWS\SYSTEM32\WSOCK32.dll
0x00007ffbbbf00000 - 0x00007ffbbbf24000 	C:\WINDOWS\SYSTEM32\WINMM.dll
0x00007ffbc3c20000 - 0x00007ffbc3c8f000 	C:\WINDOWS\System32\WS2_32.dll
0x00007ffbb9280000 - 0x00007ffbb928a000 	C:\WINDOWS\SYSTEM32\VERSION.dll
0x00007ffbbbed0000 - 0x00007ffbbbefd000 	C:\WINDOWS\SYSTEM32\WINMMBASE.dll
0x00007ffbc33e0000 - 0x00007ffbc342a000 	C:\WINDOWS\System32\cfgmgr32.dll
0x00007ffbc2250000 - 0x00007ffbc2261000 	C:\WINDOWS\System32\kernel.appcore.dll
0x00007ffb90130000 - 0x00007ffb90141000 	C:\Program Files\Android\Android Studio New\jre\bin\verify.dll
0x00007ffbc0950000 - 0x00007ffbc0b44000 	C:\WINDOWS\SYSTEM32\DBGHELP.DLL
0x00007ffbb7500000 - 0x00007ffbb752a000 	C:\WINDOWS\SYSTEM32\dbgcore.DLL
0x00007ffb8ffe0000 - 0x00007ffb90009000 	C:\Program Files\Android\Android Studio New\jre\bin\java.dll
0x00007ffba81d0000 - 0x00007ffba81db000 	C:\Program Files\Android\Android Studio New\jre\bin\jimage.dll
0x00007ffb90110000 - 0x00007ffb90128000 	C:\Program Files\Android\Android Studio New\jre\bin\zip.dll
0x00007ffbc3db0000 - 0x00007ffbc4497000 	C:\WINDOWS\System32\SHELL32.dll
0x00007ffbc3780000 - 0x00007ffbc3829000 	C:\WINDOWS\System32\shcore.dll
0x00007ffbc2c50000 - 0x00007ffbc33d1000 	C:\WINDOWS\System32\windows.storage.dll
0x00007ffbc22c0000 - 0x00007ffbc22e3000 	C:\WINDOWS\System32\profapi.dll
0x00007ffbc2270000 - 0x00007ffbc22ba000 	C:\WINDOWS\System32\powrprof.dll
0x00007ffbc2220000 - 0x00007ffbc2230000 	C:\WINDOWS\System32\UMPDC.dll
0x00007ffbc3980000 - 0x00007ffbc39d2000 	C:\WINDOWS\System32\shlwapi.dll
0x00007ffbc2810000 - 0x00007ffbc2827000 	C:\WINDOWS\System32\cryptsp.dll
0x00007ffb8f330000 - 0x00007ffb8f34a000 	C:\Program Files\Android\Android Studio New\jre\bin\net.dll
0x00007ffbb56e0000 - 0x00007ffbb57d0000 	C:\WINDOWS\SYSTEM32\WINHTTP.dll
0x00007ffbc1a10000 - 0x00007ffbc1a77000 	C:\WINDOWS\system32\mswsock.dll
0x00007ffb8dca0000 - 0x00007ffb8dcb4000 	C:\Program Files\Android\Android Studio New\jre\bin\nio.dll
0x00007ffb9ef30000 - 0x00007ffb9ef57000 	C:\Users\JOHN BATISTA\.gradle\native\e1d6ef7f7dcc3fd88c89a11ec53ec762bb8ba0a96d01ffa2cd45eb1d1d8dd5c5\windows-amd64\native-platform.dll
0x00007ffb8b5d0000 - 0x00007ffb8b714000 	C:\Users\JOHN BATISTA\.gradle\native\5664cfc778a61ccfe75a443a1ab52a65af34e5dc3c78e0209fed803814484fcb\windows-amd64\native-platform-file-events.dll
0x00007ffba3980000 - 0x00007ffba398a000 	C:\Program Files\Android\Android Studio New\jre\bin\management.dll
0x00007ffb9ded0000 - 0x00007ffb9dedd000 	C:\Program Files\Android\Android Studio New\jre\bin\management_ext.dll
0x00007ffbc1580000 - 0x00007ffbc15b3000 	C:\WINDOWS\system32\rsaenh.dll
0x00007ffbc2740000 - 0x00007ffbc2766000 	C:\WINDOWS\System32\bcrypt.dll
0x00007ffbc2140000 - 0x00007ffbc2165000 	C:\WINDOWS\SYSTEM32\USERENV.dll
0x00007ffbc1be0000 - 0x00007ffbc1bec000 	C:\WINDOWS\SYSTEM32\CRYPTBASE.dll
0x00007ffbc1720000 - 0x00007ffbc175a000 	C:\WINDOWS\SYSTEM32\IPHLPAPI.DLL
0x00007ffbc3970000 - 0x00007ffbc3978000 	C:\WINDOWS\System32\NSI.dll
0x00007ffbb7780000 - 0x00007ffbb7796000 	C:\WINDOWS\SYSTEM32\dhcpcsvc6.DLL
0x00007ffbb7760000 - 0x00007ffbb777c000 	C:\WINDOWS\SYSTEM32\dhcpcsvc.DLL
0x00007ffbc1770000 - 0x00007ffbc183b000 	C:\WINDOWS\SYSTEM32\DNSAPI.dll

dbghelp: loaded successfully - version: 4.0.5 - missing functions: none
symbol engine: initialized successfully - sym options: 0x614 - pdb path: .;C:\Program Files\Android\Android Studio New\jre\bin;C:\WINDOWS\SYSTEM32;C:\WINDOWS\WinSxS\amd64_microsoft.windows.common-controls_6595b64144ccf1df_6.0.18362.1256_none_9e7e379be45e40e2;C:\Program Files\Android\Android Studio New\jre\bin\server;C:\Users\JOHN BATISTA\.gradle\native\e1d6ef7f7dcc3fd88c89a11ec53ec762bb8ba0a96d01ffa2cd45eb1d1d8dd5c5\windows-amd64;C:\Users\JOHN BATISTA\.gradle\native\5664cfc778a61ccfe75a443a1ab52a65af34e5dc3c78e0209fed803814484fcb\windows-amd64

VM Arguments:
jvm_args: --add-opens=java.base/java.util=ALL-UNNAMED --add-opens=java.base/java.lang=ALL-UNNAMED --add-opens=java.base/java.lang.invoke=ALL-UNNAMED --add-opens=java.base/java.util=ALL-UNNAMED --add-opens=java.prefs/java.util.prefs=ALL-UNNAMED --add-opens=java.prefs/java.util.prefs=ALL-UNNAMED --add-opens=java.base/java.nio.charset=ALL-UNNAMED --add-opens=java.base/java.net=ALL-UNNAMED --add-opens=java.base/java.util.concurrent.atomic=ALL-UNNAMED -Xmx2048m -Dfile.encoding=UTF-8 -Duser.country=US -Duser.language=en -Duser.variant 
java_command: org.gradle.launcher.daemon.bootstrap.GradleDaemon 7.2
java_class_path (initial): C:\Users\JOHN BATISTA\.gradle\wrapper\dists\gradle-7.2-bin\2dnblmf4td7x66yl1d74lt32g\gradle-7.2\lib\gradle-launcher-7.2.jar
Launcher Type: SUN_STANDARD

[Global flags]
     intx CICompilerCount                          = 3                                         {product} {ergonomic}
     uint ConcGCThreads                            = 1                                         {product} {ergonomic}
     uint G1ConcRefinementThreads                  = 4                                         {product} {ergonomic}
   size_t G1HeapRegionSize                         = 1048576                                   {product} {ergonomic}
    uintx GCDrainStackTargetSize                   = 64                                        {product} {ergonomic}
   size_t InitialHeapSize                          = 134217728                                 {product} {ergonomic}
   size_t MarkStackSize                            = 4194304                                   {product} {ergonomic}
   size_t MaxHeapSize                              = 2147483648                                {product} {command line}
   size_t MaxNewSize                               = 1287651328                                {product} {ergonomic}
   size_t MinHeapDeltaBytes                        = 1048576                                   {product} {ergonomic}
    uintx NonNMethodCodeHeapSize                   = 5830732                                {pd product} {ergonomic}
    uintx NonProfiledCodeHeapSize                  = 122913754                              {pd product} {ergonomic}
    uintx ProfiledCodeHeapSize                     = 122913754                              {pd product} {ergonomic}
    uintx ReservedCodeCacheSize                    = 251658240                              {pd product} {ergonomic}
     bool SegmentedCodeCache                       = true                                      {product} {ergonomic}
     bool UseCompressedClassPointers               = true                                 {lp64_product} {ergonomic}
     bool UseCompressedOops                        = true                                 {lp64_product} {ergonomic}
     bool UseG1GC                                  = true                                      {product} {ergonomic}
     bool UseLargePagesIndividualAllocation        = false                                  {pd product} {ergonomic}

Logging:
Log output configuration:
 #0: stdout all=warning uptime,level,tags
 #1: stderr all=off uptime,level,tags

Environment Variables:
JAVA_HOME=C:\Program Files\Java\jdk-15.0.1
PATH=C:\Program Files\Java\jdk-15.0.1\bin;C:\Program Files\Git\cmd;C:\Program Files\PuTTY\;C:\Program Files\MATLAB\R2013a\runtime\win64;C:\Program Files\MATLAB\R2013a\bin;C:\Program Files\Microsoft VS Code\bin;C:\nodejs\;C:\Users\JOHN BATISTA\AppData\Local\Programs\Python\Python310\Scripts;C:\Users\JOHN BATISTA\AppData\Local\Programs\Python\Python310\Scripts\;C:\Users\JOHN BATISTA\AppData\Local\Programs\Python\Python310\;C:\Users\JOHN BATISTA\AppData\Roaming\npm;
USERNAME=JOHN BATISTA
OS=Windows_NT
PROCESSOR_IDENTIFIER=Intel64 Family 6 Model 142 Stepping 9, GenuineIntel



---------------  S Y S T E M  ---------------

OS: Windows 10 , 64 bit Build 18362 (10.0.18362.1110)
OS uptime: 3 days 14:14 hours

CPU:total 4 (initial active 4) (2 cores per cpu, 2 threads per core) family 6 model 142 stepping 9 microcode 0x8e, cmov, cx8, fxsr, mmx, sse, sse2, sse3, ssse3, sse4.1, sse4.2, popcnt, avx, avx2, aes, clmul, erms, 3dnowpref, lzcnt, ht, tsc, tscinvbit, bmi1, bmi2, adx, fma

Memory: 4k page, system-wide physical 8107M (492M free)
TotalPageFile size 20395M (AvailPageFile size 15M)
current process WorkingSet (physical memory assigned to process): 580M, peak: 583M
current process commit charge ("private bytes"): 619M, peak: 735M

vm_info: OpenJDK 64-Bit Server VM (11.0.11+9-b60-7590822) for windows-amd64 JRE (11.0.11+9-b60-7590822), built on Jul 29 2021 21:43:44 by "builder" with MS VC++ 14.0 (VS2015)

END.
