#
# There is insufficient memory for the Java Runtime Environment to continue.
# Native memory allocation (mmap) failed to map 130023424 bytes for Failed to commit area from 0x000000008c900000 to 0x0000000094500000 of length 130023424.
# Possible reasons:
#   The system is out of physical RAM or swap space
#   The process is running with CompressedOops enabled, and the Java Heap may be blocking the growth of the native heap
# Possible solutions:
#   Reduce memory load on the system
#   Increase physical memory or swap space
#   Check if swap backing store is full
#   Decrease Java heap size (-Xmx/-Xms)
#   Decrease number of Java threads
#   Decrease Java thread stack sizes (-Xss)
#   Set larger code cache with -XX:ReservedCodeCacheSize=
#   JVM is running with Unscaled Compressed Oops mode in which the Java heap is
#     placed in the first 4GB address space. The Java Heap base address is the
#     maximum limit for the native heap growth. Please use -XX:HeapBaseMinAddress
#     to set the Java Heap base and to place the Java Heap above 4GB virtual address.
# This output file may be truncated or incomplete.
#
#  Out of Memory Error (./src/hotspot/os/windows/os_windows.cpp:3301), pid=1732, tid=15048
#
# JRE version: OpenJDK Runtime Environment (11.0.11+9) (build 11.0.11+9-b60-7590822)
# Java VM: OpenJDK 64-Bit Server VM (11.0.11+9-b60-7590822, mixed mode, tiered, compressed oops, g1 gc, windows-amd64)
# No core dump will be written. Minidumps are not enabled by default on client versions of Windows
#

---------------  S U M M A R Y ------------

Command Line: --add-opens=java.base/java.util=ALL-UNNAMED --add-opens=java.base/java.lang=ALL-UNNAMED --add-opens=java.base/java.lang.invoke=ALL-UNNAMED --add-opens=java.base/java.util=ALL-UNNAMED --add-opens=java.prefs/java.util.prefs=ALL-UNNAMED --add-opens=java.prefs/java.util.prefs=ALL-UNNAMED --add-opens=java.base/java.nio.charset=ALL-UNNAMED --add-opens=java.base/java.net=ALL-UNNAMED --add-opens=java.base/java.util.concurrent.atomic=ALL-UNNAMED -Xmx2048m -Dfile.encoding=UTF-8 -Duser.country=US -Duser.language=en -Duser.variant org.gradle.launcher.daemon.bootstrap.GradleDaemon 7.2

Host: Intel(R) Core(TM) i3-7020U CPU @ 2.30GHz, 4 cores, 7G,  Windows 10 , 64 bit Build 18362 (10.0.18362.1110)
Time: Tue Jun 14 00:58:12 2022 UTC-11 elapsed time: 79.887859 seconds (0d 0h 1m 19s)

---------------  T H R E A D  ---------------

Current thread (0x00000206fe657000):  VMThread "VM Thread" [stack: 0x00000014db400000,0x00000014db500000] [id=15048]

Stack: [0x00000014db400000,0x00000014db500000]
[error occurred during error reporting (printing stack bounds), id 0xc0000005, EXCEPTION_ACCESS_VIOLATION (0xc0000005) at pc=0x0000020683a20f2d]

Native frames: (J=compiled Java code, j=interpreted, Vv=VM code, C=native code)
V  [jvm.dll+0x5f214a]
V  [jvm.dll+0x726fb5]
V  [jvm.dll+0x7285cd]
V  [jvm.dll+0x728be5]
V  [jvm.dll+0x728b9b]
V  [jvm.dll+0x5f14e8]
V  [jvm.dll+0x5f1c78]
C  [ntdll.dll+0xa184f]
C  [ntdll.dll+0x6a889]
C  [ntdll.dll+0xa04be]
C  0x0000020683a20f2d

VM_Operation (0x00000014e0ffd8f0): G1CollectForAllocation, mode: safepoint, requested by thread 0x00000206a06b4000


---------------  P R O C E S S  ---------------

Threads class SMR info:
_java_thread_list=0x00000206a0fb1cf0, length=93, elements={
0x00000206fd49b800, 0x00000206fe65d800, 0x00000206fe65f000, 0x00000206fefe3800,
0x00000206fe67a800, 0x00000206fe67b800, 0x00000206fe67f000, 0x00000206fe688800,
0x00000206fe68e000, 0x00000206ff122000, 0x0000020699f97800, 0x00000206997b5000,
0x000002069ae5c800, 0x00000206999ee800, 0x00000206997e8000, 0x0000020699a10800,
0x000002069a474800, 0x000002069974a800, 0x00000206ff3bd800, 0x00000206ff3bb000,
0x00000206ff3be800, 0x00000206ff3ba800, 0x00000206ff3c0000, 0x00000206ff3bd000,
0x00000206ff3c1000, 0x00000206ff3bc000, 0x00000206ff3bf800, 0x000002069bdee800,
0x000002069bdec000, 0x000002069bdef000, 0x000002069bdec800, 0x000002069bdea000,
0x000002069bdf1000, 0x000002069bdeb000, 0x000002069bdf6800, 0x000002069bdf5000,
0x000002069bdf3000, 0x000002069bdf7800, 0x000002069bdf1800, 0x000002069bdf8000,
0x000002069bdf2800, 0x000002069bdf4000, 0x000002069bdf9000, 0x000002069bdf5800,
0x000002069e87c000, 0x000002069e880000, 0x000002069e880800, 0x000002069e87b000,
0x000002069e881800, 0x000002069e882800, 0x000002069e87c800, 0x000002069e883000,
0x000002069e87f000, 0x000002069e87d800, 0x000002069e884000, 0x000002069e87e800,
0x000002069e885000, 0x000002069e885800, 0x000002069e889000, 0x000002069e886800,
0x000002069e887000, 0x000002069e888000, 0x000002069e889800, 0x000002069b22a000,
0x000002069b228800, 0x000002069b22a800, 0x000002069b229000, 0x000002069b22d000,
0x000002069b22c800, 0x000002069b22b800, 0x000002069b227800, 0x000002069b231000,
0x000002069b22f800, 0x000002069b232000, 0x000002069b230800, 0x000002069b233800,
0x000002069b22f000, 0x000002069b22e000, 0x000002069b234800, 0x000002069b235800,
0x000002069b236000, 0x00000206a06a9800, 0x00000206a06ad800, 0x00000206a06ab000,
0x00000206a06ab800, 0x00000206a06ac800, 0x00000206a06ae000, 0x00000206a06aa000,
0x00000206a06b0800, 0x00000206a06b1800, 0x00000206a06b4000, 0x00000206a06af000,
0x00000206a1159000
}

Java Threads: ( => current thread )
  0x00000206fd49b800 JavaThread "main" [_thread_blocked, id=10124, stack(0x00000014dae00000,0x00000014daf00000)]
  0x00000206fe65d800 JavaThread "Reference Handler" daemon [_thread_blocked, id=13004, stack(0x00000014db500000,0x00000014db600000)]
  0x00000206fe65f000 JavaThread "Finalizer" daemon [_thread_blocked, id=15356, stack(0x00000014db600000,0x00000014db700000)]
  0x00000206fefe3800 JavaThread "Signal Dispatcher" daemon [_thread_blocked, id=1324, stack(0x00000014db700000,0x00000014db800000)]
  0x00000206fe67a800 JavaThread "Attach Listener" daemon [_thread_blocked, id=10148, stack(0x00000014db800000,0x00000014db900000)]
  0x00000206fe67b800 JavaThread "Service Thread" daemon [_thread_blocked, id=5888, stack(0x00000014db900000,0x00000014dba00000)]
  0x00000206fe67f000 JavaThread "C2 CompilerThread0" daemon [_thread_in_native, id=1900, stack(0x00000014dba00000,0x00000014dbb00000)]
  0x00000206fe688800 JavaThread "C1 CompilerThread0" daemon [_thread_blocked, id=8476, stack(0x00000014dbb00000,0x00000014dbc00000)]
  0x00000206fe68e000 JavaThread "Sweeper thread" daemon [_thread_blocked, id=12488, stack(0x00000014dbc00000,0x00000014dbd00000)]
  0x00000206ff122000 JavaThread "Common-Cleaner" daemon [_thread_blocked, id=11232, stack(0x00000014dbd00000,0x00000014dbe00000)]
  0x0000020699f97800 JavaThread "Daemon health stats" [_thread_blocked, id=11884, stack(0x00000014dc200000,0x00000014dc300000)]
  0x00000206997b5000 JavaThread "Incoming local TCP Connector on port 54697" [_thread_in_native, id=7652, stack(0x00000014dc100000,0x00000014dc200000)]
  0x000002069ae5c800 JavaThread "Daemon periodic checks" [_thread_blocked, id=10792, stack(0x00000014dc300000,0x00000014dc400000)]
  0x00000206999ee800 JavaThread "Daemon" [_thread_blocked, id=1616, stack(0x00000014dc400000,0x00000014dc500000)]
  0x00000206997e8000 JavaThread "Handler for socket connection from /127.0.0.1:54697 to /127.0.0.1:54698" [_thread_in_native, id=14544, stack(0x00000014dc500000,0x00000014dc600000)]
  0x0000020699a10800 JavaThread "Cancel handler" [_thread_blocked, id=1960, stack(0x00000014dc600000,0x00000014dc700000)]
  0x000002069a474800 JavaThread "Daemon worker" [_thread_blocked, id=16564, stack(0x00000014dc700000,0x00000014dc800000)]
  0x000002069974a800 JavaThread "Asynchronous log dispatcher for DefaultDaemonConnection: socket connection from /127.0.0.1:54697 to /127.0.0.1:54698" [_thread_blocked, id=14196, stack(0x00000014dc800000,0x00000014dc900000)]
  0x00000206ff3bd800 JavaThread "Daemon client event forwarder" [_thread_blocked, id=16432, stack(0x00000014dca00000,0x00000014dcb00000)]
  0x00000206ff3bb000 JavaThread "Cache worker for journal cache (C:\Users\JOHN BATISTA\.gradle\caches\journal-1)" [_thread_blocked, id=12932, stack(0x00000014dcc00000,0x00000014dcd00000)]
  0x00000206ff3be800 JavaThread "File lock request listener" [_thread_in_native, id=3960, stack(0x00000014dcd00000,0x00000014dce00000)]
  0x00000206ff3ba800 JavaThread "Cache worker for file hash cache (C:\Users\JOHN BATISTA\.gradle\caches\7.2\fileHashes)" [_thread_blocked, id=1528, stack(0x00000014dce00000,0x00000014dcf00000)]
  0x00000206ff3c0000 JavaThread "Cache worker for file hash cache (C:\Users\JOHN BATISTA\AndroidStudioProjects\SportsApplication\.gradle\7.2\fileHashes)" [_thread_blocked, id=9012, stack(0x00000014dd000000,0x00000014dd100000)]
  0x00000206ff3bd000 JavaThread "File watcher server" daemon [_thread_blocked, id=2788, stack(0x00000014dd100000,0x00000014dd200000)]
  0x00000206ff3c1000 JavaThread "File watcher consumer" daemon [_thread_blocked, id=7616, stack(0x00000014dd200000,0x00000014dd300000)]
  0x00000206ff3bc000 JavaThread "Cache worker for checksums cache (C:\Users\JOHN BATISTA\AndroidStudioProjects\SportsApplication\.gradle\checksums)" [_thread_blocked, id=10184, stack(0x00000014dcf00000,0x00000014dd000000)]
  0x00000206ff3bf800 JavaThread "Cache worker for cache directory md-supplier (C:\Users\JOHN BATISTA\.gradle\caches\7.2\md-supplier)" [_thread_blocked, id=7204, stack(0x00000014dd300000,0x00000014dd400000)]
  0x000002069bdee800 JavaThread "Cache worker for cache directory md-rule (C:\Users\JOHN BATISTA\.gradle\caches\7.2\md-rule)" [_thread_blocked, id=13948, stack(0x00000014dd500000,0x00000014dd600000)]
  0x000002069bdec000 JavaThread "Cache worker for execution history cache (C:\Users\JOHN BATISTA\.gradle\caches\7.2\executionHistory)" [_thread_blocked, id=8076, stack(0x00000014dd600000,0x00000014dd700000)]
  0x000002069bdef000 JavaThread "jar transforms" [_thread_blocked, id=10848, stack(0x00000014dd700000,0x00000014dd800000)]
  0x000002069bdec800 JavaThread "Cache worker for file content cache (C:\Users\JOHN BATISTA\.gradle\caches\7.2\fileContent)" [_thread_blocked, id=11908, stack(0x00000014dd800000,0x00000014dd900000)]
  0x000002069bdea000 JavaThread "jar transforms Thread 2" [_thread_blocked, id=12056, stack(0x00000014dd900000,0x00000014dda00000)]
  0x000002069bdf1000 JavaThread "Cache worker for dependencies-accessors (C:\Users\JOHN BATISTA\AndroidStudioProjects\SportsApplication\.gradle\7.2\dependencies-accessors)" [_thread_blocked, id=14944, stack(0x00000014dda00000,0x00000014ddb00000)]
  0x000002069bdeb000 JavaThread "jar transforms Thread 3" [_thread_blocked, id=14708, stack(0x00000014ddb00000,0x00000014ddc00000)]
  0x000002069bdf6800 JavaThread "Cache worker for Build Output Cleanup Cache (C:\Users\JOHN BATISTA\AndroidStudioProjects\SportsApplication\.gradle\buildOutputCleanup)" [_thread_blocked, id=15952, stack(0x00000014ddc00000,0x00000014ddd00000)]
  0x000002069bdf5000 JavaThread "Unconstrained build operations" [_thread_blocked, id=16776, stack(0x00000014ddd00000,0x00000014dde00000)]
  0x000002069bdf3000 JavaThread "Unconstrained build operations Thread 2" [_thread_blocked, id=9804, stack(0x00000014dde00000,0x00000014ddf00000)]
  0x000002069bdf7800 JavaThread "Unconstrained build operations Thread 3" [_thread_blocked, id=3844, stack(0x00000014ddf00000,0x00000014de000000)]
  0x000002069bdf1800 JavaThread "Unconstrained build operations Thread 4" [_thread_blocked, id=9264, stack(0x00000014de000000,0x00000014de100000)]
  0x000002069bdf8000 JavaThread "Unconstrained build operations Thread 5" [_thread_blocked, id=17660, stack(0x00000014de100000,0x00000014de200000)]
  0x000002069bdf2800 JavaThread "Unconstrained build operations Thread 6" [_thread_blocked, id=12840, stack(0x00000014de200000,0x00000014de300000)]
  0x000002069bdf4000 JavaThread "Unconstrained build operations Thread 7" [_thread_blocked, id=6556, stack(0x00000014de300000,0x00000014de400000)]
  0x000002069bdf9000 JavaThread "Unconstrained build operations Thread 8" [_thread_blocked, id=6288, stack(0x00000014de400000,0x00000014de500000)]
  0x000002069bdf5800 JavaThread "Unconstrained build operations Thread 9" [_thread_blocked, id=13744, stack(0x00000014de500000,0x00000014de600000)]
  0x000002069e87c000 JavaThread "Unconstrained build operations Thread 10" [_thread_blocked, id=6628, stack(0x00000014de600000,0x00000014de700000)]
  0x000002069e880000 JavaThread "Unconstrained build operations Thread 11" [_thread_blocked, id=13772, stack(0x00000014de700000,0x00000014de800000)]
  0x000002069e880800 JavaThread "Unconstrained build operations Thread 12" [_thread_blocked, id=5560, stack(0x00000014de800000,0x00000014de900000)]
  0x000002069e87b000 JavaThread "Unconstrained build operations Thread 13" [_thread_blocked, id=6532, stack(0x00000014de900000,0x00000014dea00000)]
  0x000002069e881800 JavaThread "Unconstrained build operations Thread 14" [_thread_blocked, id=13492, stack(0x00000014dea00000,0x00000014deb00000)]
  0x000002069e882800 JavaThread "Unconstrained build operations Thread 15" [_thread_blocked, id=8744, stack(0x00000014deb00000,0x00000014dec00000)]
  0x000002069e87c800 JavaThread "Unconstrained build operations Thread 16" [_thread_blocked, id=5884, stack(0x00000014dec00000,0x00000014ded00000)]
  0x000002069e883000 JavaThread "Unconstrained build operations Thread 17" [_thread_blocked, id=13452, stack(0x00000014ded00000,0x00000014dee00000)]
  0x000002069e87f000 JavaThread "Unconstrained build operations Thread 18" [_thread_blocked, id=5164, stack(0x00000014dee00000,0x00000014def00000)]
  0x000002069e87d800 JavaThread "Unconstrained build operations Thread 19" [_thread_blocked, id=17392, stack(0x00000014def00000,0x00000014df000000)]
  0x000002069e884000 JavaThread "Unconstrained build operations Thread 20" [_thread_blocked, id=17308, stack(0x00000014df000000,0x00000014df100000)]
  0x000002069e87e800 JavaThread "Unconstrained build operations Thread 21" [_thread_blocked, id=18256, stack(0x00000014df100000,0x00000014df200000)]
  0x000002069e885000 JavaThread "Unconstrained build operations Thread 22" [_thread_blocked, id=15580, stack(0x00000014df200000,0x00000014df300000)]
  0x000002069e885800 JavaThread "Unconstrained build operations Thread 23" [_thread_blocked, id=10972, stack(0x00000014df300000,0x00000014df400000)]
  0x000002069e889000 JavaThread "Unconstrained build operations Thread 24" [_thread_blocked, id=13932, stack(0x00000014df400000,0x00000014df500000)]
  0x000002069e886800 JavaThread "Unconstrained build operations Thread 25" [_thread_blocked, id=11116, stack(0x00000014df500000,0x00000014df600000)]
  0x000002069e887000 JavaThread "Unconstrained build operations Thread 26" [_thread_blocked, id=15072, stack(0x00000014df600000,0x00000014df700000)]
  0x000002069e888000 JavaThread "Unconstrained build operations Thread 27" [_thread_blocked, id=10808, stack(0x00000014df700000,0x00000014df800000)]
  0x000002069e889800 JavaThread "Unconstrained build operations Thread 28" [_thread_blocked, id=15440, stack(0x00000014df800000,0x00000014df900000)]
  0x000002069b22a000 JavaThread "Unconstrained build operations Thread 29" [_thread_blocked, id=6424, stack(0x00000014df900000,0x00000014dfa00000)]
  0x000002069b228800 JavaThread "Unconstrained build operations Thread 30" [_thread_blocked, id=1192, stack(0x00000014dfa00000,0x00000014dfb00000)]
  0x000002069b22a800 JavaThread "Unconstrained build operations Thread 31" [_thread_blocked, id=4808, stack(0x00000014dfb00000,0x00000014dfc00000)]
  0x000002069b229000 JavaThread "Unconstrained build operations Thread 32" [_thread_blocked, id=13992, stack(0x00000014dfc00000,0x00000014dfd00000)]
  0x000002069b22d000 JavaThread "Unconstrained build operations Thread 33" [_thread_blocked, id=11260, stack(0x00000014dfd00000,0x00000014dfe00000)]
  0x000002069b22c800 JavaThread "Unconstrained build operations Thread 34" [_thread_blocked, id=11188, stack(0x00000014dfe00000,0x00000014dff00000)]
  0x000002069b22b800 JavaThread "Unconstrained build operations Thread 35" [_thread_blocked, id=12436, stack(0x00000014dff00000,0x00000014e0000000)]
  0x000002069b227800 JavaThread "Unconstrained build operations Thread 36" [_thread_blocked, id=5360, stack(0x00000014e0000000,0x00000014e0100000)]
  0x000002069b231000 JavaThread "Unconstrained build operations Thread 37" [_thread_blocked, id=16236, stack(0x00000014e0100000,0x00000014e0200000)]
  0x000002069b22f800 JavaThread "Unconstrained build operations Thread 38" [_thread_blocked, id=7824, stack(0x00000014e0200000,0x00000014e0300000)]
  0x000002069b232000 JavaThread "Unconstrained build operations Thread 39" [_thread_blocked, id=18212, stack(0x00000014e0300000,0x00000014e0400000)]
  0x000002069b230800 JavaThread "Unconstrained build operations Thread 40" [_thread_blocked, id=1972, stack(0x00000014e0400000,0x00000014e0500000)]
  0x000002069b233800 JavaThread "jar transforms Thread 4" [_thread_blocked, id=7288, stack(0x00000014e0500000,0x00000014e0600000)]
  0x000002069b22f000 JavaThread "Memory manager" [_thread_blocked, id=15156, stack(0x00000014e0600000,0x00000014e0700000)]
  0x000002069b22e000 JavaThread "build event listener" [_thread_blocked, id=2840, stack(0x00000014e0700000,0x00000014e0800000)]
  0x000002069b234800 JavaThread "build event listener" [_thread_blocked, id=17996, stack(0x00000014e0800000,0x00000014e0900000)]
  0x000002069b235800 JavaThread "Execution worker for ':'" [_thread_blocked, id=11684, stack(0x00000014e0900000,0x00000014e0a00000)]
  0x000002069b236000 JavaThread "Execution worker for ':' Thread 2" [_thread_blocked, id=9324, stack(0x00000014e0a00000,0x00000014e0b00000)]
  0x00000206a06a9800 JavaThread "Execution worker for ':' Thread 3" [_thread_blocked, id=15316, stack(0x00000014e0b00000,0x00000014e0c00000)]
  0x00000206a06ad800 JavaThread "Cache worker for execution history cache (C:\Users\JOHN BATISTA\AndroidStudioProjects\SportsApplication\.gradle\7.2\executionHistory)" [_thread_blocked, id=12808, stack(0x00000014e0c00000,0x00000014e0d00000)]
  0x00000206a06ab000 JavaThread "RMI Scheduler(0)" daemon [_thread_blocked, id=1508, stack(0x00000014e0e00000,0x00000014e0f00000)]
  0x00000206a06ab800 JavaThread "RMI GC Daemon" daemon [_thread_blocked, id=5504, stack(0x00000014e1000000,0x00000014e1100000)]
  0x00000206a06ac800 JavaThread "RMI TCP Accept-0" daemon [_thread_in_native, id=14768, stack(0x00000014e1100000,0x00000014e1200000)]
  0x00000206a06ae000 JavaThread "RMI Reaper" [_thread_blocked, id=17976, stack(0x00000014e1200000,0x00000014e1300000)]
  0x00000206a06aa000 JavaThread "RMI TCP Connection(2)-127.0.0.1" daemon [_thread_in_native, id=17000, stack(0x00000014e1400000,0x00000014e1500000)]
  0x00000206a06b0800 JavaThread "WorkerExecutor Queue" [_thread_blocked, id=14652, stack(0x00000014dad00000,0x00000014dae00000)]
  0x00000206a06b1800 JavaThread "WorkerExecutor Queue Thread 2" [_thread_blocked, id=5624, stack(0x00000014dc900000,0x00000014dca00000)]
  0x00000206a06b4000 JavaThread "WorkerExecutor Queue Thread 3" [_thread_blocked, id=16780, stack(0x00000014e0f00000,0x00000014e1000000)]
  0x00000206a06af000 JavaThread "WorkerExecutor Queue Thread 4" [_thread_blocked, id=3564, stack(0x00000014e1300000,0x00000014e1400000)]
  0x00000206a1159000 JavaThread "C2 CompilerThread1" daemon [_thread_blocked, id=17156, stack(0x00000014dac00000,0x00000014dad00000)]

Other Threads:
=>0x00000206fe657000 VMThread "VM Thread" [stack: 0x00000014db400000,0x00000014db500000] [id=15048]
  0x00000206ff147000 WatcherThread [stack: 0x00000014dbe00000,0x00000014dbf00000] [id=15052]
  0x00000206fd4b5000 GCTaskThread "GC Thread#0" [stack: 0x00000014daf00000,0x00000014db000000] [id=10208]
  0x00000206ffb92800 GCTaskThread "GC Thread#1" [stack: 0x00000014dbf00000,0x00000014dc000000] [id=16800]
  0x00000206ff4fa000 GCTaskThread "GC Thread#2" [stack: 0x00000014dc000000,0x00000014dc100000] [id=1580]
  0x000002069b342800 GCTaskThread "GC Thread#3" [stack: 0x00000014dcb00000,0x00000014dcc00000] [id=14884]
  0x00000206fd4e5800 ConcurrentGCThread "G1 Main Marker" [stack: 0x00000014db000000,0x00000014db100000] [id=17456]
  0x00000206fd4e7000 ConcurrentGCThread "G1 Conc#0" [stack: 0x00000014db100000,0x00000014db200000] [id=8184]
  0x00000206fe4b0800 ConcurrentGCThread "G1 Refine#0" [stack: 0x00000014db200000,0x00000014db300000] [id=17820]
  0x00000206fe4b1000 ConcurrentGCThread "G1 Young RemSet Sampling" [stack: 0x00000014db300000,0x00000014db400000] [id=2164]

Threads with active compile tasks:
C2 CompilerThread0  79913 13158 %     4       com.android.tools.r8.dex.r::m @ 64 (2110 bytes)
C2 CompilerThread1  79913 13186       4       com.android.tools.r8.graph.T0::M (34 bytes)

VM state:at safepoint (normal execution)

VM Mutex/Monitor currently owned by a thread:  ([mutex/lock_event])
[0x00000206fd496350] Threads_lock - owner thread: 0x00000206fe657000
[0x00000206fd497160] Heap_lock - owner thread: 0x00000206a06b4000

Heap address: 0x0000000080000000, size: 2048 MB, Compressed Oops mode: 32-bit
Narrow klass base: 0x0000000000000000, Narrow klass shift: 3
Compressed class space size: 1073741824 Address: 0x0000000100000000

Heap:
 garbage-first heap   total 332800K, used 192430K [0x0000000080000000, 0x0000000100000000)
  region size 1024K, 2 young (2048K), 2 survivors (2048K)
 Metaspace       used 107146K, capacity 109732K, committed 109864K, reserved 1144832K
  class space    used 13662K, capacity 14677K, committed 14796K, reserved 1048576K
Heap Regions: E=young(eden), S=young(survivor), O=old, HS=humongous(starts), HC=humongous(continues), CS=collection set, F=free, A=archive, TAMS=top-at-mark-start (previous, next)
|   0|0x0000000080000000, 0x0000000080100000, 0x0000000080100000|100%|HS|  |TAMS 0x0000000080100000, 0x0000000080000000| Complete 
|   1|0x0000000080100000, 0x0000000080200000, 0x0000000080200000|100%|HC|  |TAMS 0x0000000080200000, 0x0000000080100000| Complete 
|   2|0x0000000080200000, 0x0000000080300000, 0x0000000080300000|100%|HC|  |TAMS 0x0000000080300000, 0x0000000080200000| Complete 
|   3|0x0000000080300000, 0x0000000080400000, 0x0000000080400000|100%| O|  |TAMS 0x0000000080400000, 0x0000000080300000| Untracked 
|   4|0x0000000080400000, 0x0000000080500000, 0x0000000080500000|100%| O|  |TAMS 0x0000000080500000, 0x0000000080400000| Untracked 
|   5|0x0000000080500000, 0x0000000080600000, 0x0000000080600000|100%| O|  |TAMS 0x0000000080600000, 0x0000000080500000| Untracked 
|   6|0x0000000080600000, 0x0000000080700000, 0x0000000080700000|100%| O|  |TAMS 0x0000000080700000, 0x0000000080600000| Untracked 
|   7|0x0000000080700000, 0x0000000080800000, 0x0000000080800000|100%| O|  |TAMS 0x0000000080800000, 0x0000000080700000| Complete 
|   8|0x0000000080800000, 0x0000000080900000, 0x0000000080900000|100%| O|  |TAMS 0x0000000080900000, 0x0000000080800000| Untracked 
|   9|0x0000000080900000, 0x0000000080a00000, 0x0000000080a00000|100%| O|  |TAMS 0x0000000080a00000, 0x0000000080900000| Untracked 
|  10|0x0000000080a00000, 0x0000000080b00000, 0x0000000080b00000|100%| O|  |TAMS 0x0000000080b00000, 0x0000000080a00000| Untracked 
|  11|0x0000000080b00000, 0x0000000080c00000, 0x0000000080c00000|100%| O|  |TAMS 0x0000000080c00000, 0x0000000080b00000| Untracked 
|  12|0x0000000080c00000, 0x0000000080d00000, 0x0000000080d00000|100%| O|  |TAMS 0x0000000080d00000, 0x0000000080c00000| Complete 
|  13|0x0000000080d00000, 0x0000000080e00000, 0x0000000080e00000|100%| O|  |TAMS 0x0000000080e00000, 0x0000000080d00000| Untracked 
|  14|0x0000000080e00000, 0x0000000080f00000, 0x0000000080f00000|100%| O|  |TAMS 0x0000000080f00000, 0x0000000080e00000| Untracked 
|  15|0x0000000080f00000, 0x0000000081000000, 0x0000000081000000|100%| O|  |TAMS 0x0000000081000000, 0x0000000080f00000| Untracked 
|  16|0x0000000081000000, 0x0000000081100000, 0x0000000081100000|100%|HS|  |TAMS 0x0000000081100000, 0x0000000081000000| Complete 
|  17|0x0000000081100000, 0x0000000081200000, 0x0000000081200000|100%| O|  |TAMS 0x0000000081200000, 0x0000000081100000| Untracked 
|  18|0x0000000081200000, 0x0000000081300000, 0x0000000081300000|100%| O|  |TAMS 0x0000000081300000, 0x0000000081200000| Untracked 
|  19|0x0000000081300000, 0x0000000081400000, 0x0000000081400000|100%| O|  |TAMS 0x0000000081400000, 0x0000000081300000| Untracked 
|  20|0x0000000081400000, 0x0000000081500000, 0x0000000081500000|100%| O|  |TAMS 0x0000000081500000, 0x0000000081400000| Untracked 
|  21|0x0000000081500000, 0x0000000081600000, 0x0000000081600000|100%| O|  |TAMS 0x0000000081600000, 0x0000000081500000| Untracked 
|  22|0x0000000081600000, 0x0000000081700000, 0x0000000081700000|100%| O|  |TAMS 0x0000000081700000, 0x0000000081600000| Untracked 
|  23|0x0000000081700000, 0x0000000081800000, 0x0000000081800000|100%| O|  |TAMS 0x0000000081800000, 0x0000000081700000| Untracked 
|  24|0x0000000081800000, 0x0000000081900000, 0x0000000081900000|100%| O|  |TAMS 0x0000000081900000, 0x0000000081800000| Untracked 
|  25|0x0000000081900000, 0x0000000081a00000, 0x0000000081a00000|100%| O|  |TAMS 0x0000000081a00000, 0x0000000081900000| Untracked 
|  26|0x0000000081a00000, 0x0000000081b00000, 0x0000000081b00000|100%| O|  |TAMS 0x0000000081b00000, 0x0000000081a00000| Untracked 
|  27|0x0000000081b00000, 0x0000000081c00000, 0x0000000081c00000|100%| O|  |TAMS 0x0000000081c00000, 0x0000000081b00000| Complete 
|  28|0x0000000081c00000, 0x0000000081d00000, 0x0000000081d00000|100%|HS|  |TAMS 0x0000000081d00000, 0x0000000081c00000| Complete 
|  29|0x0000000081d00000, 0x0000000081e00000, 0x0000000081e00000|100%|HS|  |TAMS 0x0000000081e00000, 0x0000000081d00000| Complete 
|  30|0x0000000081e00000, 0x0000000081f00000, 0x0000000081f00000|100%|HS|  |TAMS 0x0000000081f00000, 0x0000000081e00000| Complete 
|  31|0x0000000081f00000, 0x0000000082000000, 0x0000000082000000|100%|HS|  |TAMS 0x0000000082000000, 0x0000000081f00000| Complete 
|  32|0x0000000082000000, 0x0000000082100000, 0x0000000082100000|100%|HC|  |TAMS 0x0000000082100000, 0x0000000082000000| Complete 
|  33|0x0000000082100000, 0x0000000082200000, 0x0000000082200000|100%|HC|  |TAMS 0x0000000082200000, 0x0000000082100000| Complete 
|  34|0x0000000082200000, 0x0000000082300000, 0x0000000082300000|100%|HS|  |TAMS 0x0000000082300000, 0x0000000082200000| Complete 
|  35|0x0000000082300000, 0x0000000082400000, 0x0000000082400000|100%|HC|  |TAMS 0x0000000082400000, 0x0000000082300000| Complete 
|  36|0x0000000082400000, 0x0000000082500000, 0x0000000082500000|100%| O|  |TAMS 0x0000000082500000, 0x0000000082400000| Untracked 
|  37|0x0000000082500000, 0x0000000082600000, 0x0000000082600000|100%| O|  |TAMS 0x0000000082600000, 0x0000000082500000| Untracked 
|  38|0x0000000082600000, 0x0000000082700000, 0x0000000082700000|100%| O|  |TAMS 0x0000000082700000, 0x0000000082600000| Untracked 
|  39|0x0000000082700000, 0x0000000082800000, 0x0000000082800000|100%| O|  |TAMS 0x0000000082800000, 0x0000000082700000| Untracked 
|  40|0x0000000082800000, 0x0000000082900000, 0x0000000082900000|100%| O|  |TAMS 0x0000000082900000, 0x0000000082800000| Complete 
|  41|0x0000000082900000, 0x0000000082a00000, 0x0000000082a00000|100%| O|  |TAMS 0x0000000082a00000, 0x0000000082900000| Complete 
|  42|0x0000000082a00000, 0x0000000082b00000, 0x0000000082b00000|100%| O|  |TAMS 0x0000000082b00000, 0x0000000082a00000| Untracked 
|  43|0x0000000082b00000, 0x0000000082c00000, 0x0000000082c00000|100%| O|  |TAMS 0x0000000082c00000, 0x0000000082b00000| Untracked 
|  44|0x0000000082c00000, 0x0000000082d00000, 0x0000000082d00000|100%| O|  |TAMS 0x0000000082d00000, 0x0000000082c00000| Untracked 
|  45|0x0000000082d00000, 0x0000000082e00000, 0x0000000082e00000|100%| O|  |TAMS 0x0000000082e00000, 0x0000000082d00000| Untracked 
|  46|0x0000000082e00000, 0x0000000082f00000, 0x0000000082f00000|100%| O|  |TAMS 0x0000000082f00000, 0x0000000082e00000| Untracked 
|  47|0x0000000082f00000, 0x0000000083000000, 0x0000000083000000|100%| O|  |TAMS 0x0000000083000000, 0x0000000082f00000| Untracked 
|  48|0x0000000083000000, 0x0000000083100000, 0x0000000083100000|100%| O|  |TAMS 0x0000000083100000, 0x0000000083000000| Complete 
|  49|0x0000000083100000, 0x0000000083200000, 0x0000000083200000|100%| O|  |TAMS 0x0000000083200000, 0x0000000083100000| Complete 
|  50|0x0000000083200000, 0x0000000083300000, 0x0000000083300000|100%| O|  |TAMS 0x0000000083300000, 0x0000000083200000| Untracked 
|  51|0x0000000083300000, 0x0000000083400000, 0x0000000083400000|100%| O|  |TAMS 0x0000000083400000, 0x0000000083300000| Untracked 
|  52|0x0000000083400000, 0x0000000083500000, 0x0000000083500000|100%|HS|  |TAMS 0x0000000083500000, 0x0000000083400000| Complete 
|  53|0x0000000083500000, 0x0000000083600000, 0x0000000083600000|100%| O|  |TAMS 0x0000000083500000, 0x0000000083500000| Untracked 
|  54|0x0000000083600000, 0x0000000083700000, 0x0000000083700000|100%| O|  |TAMS 0x0000000083700000, 0x0000000083600000| Complete 
|  55|0x0000000083700000, 0x0000000083800000, 0x0000000083800000|100%| O|  |TAMS 0x0000000083800000, 0x0000000083700000| Untracked 
|  56|0x0000000083800000, 0x0000000083900000, 0x0000000083900000|100%| O|  |TAMS 0x0000000083900000, 0x0000000083800000| Untracked 
|  57|0x0000000083900000, 0x0000000083a00000, 0x0000000083a00000|100%| O|  |TAMS 0x0000000083a00000, 0x0000000083900000| Untracked 
|  58|0x0000000083a00000, 0x0000000083b00000, 0x0000000083b00000|100%| O|  |TAMS 0x0000000083b00000, 0x0000000083a00000| Complete 
|  59|0x0000000083b00000, 0x0000000083c00000, 0x0000000083c00000|100%| O|  |TAMS 0x0000000083c00000, 0x0000000083b00000| Untracked 
|  60|0x0000000083c00000, 0x0000000083d00000, 0x0000000083d00000|100%| O|  |TAMS 0x0000000083d00000, 0x0000000083c00000| Untracked 
|  61|0x0000000083d00000, 0x0000000083e00000, 0x0000000083e00000|100%| O|  |TAMS 0x0000000083e00000, 0x0000000083d00000| Untracked 
|  62|0x0000000083e00000, 0x0000000083f00000, 0x0000000083f00000|100%| O|  |TAMS 0x0000000083f00000, 0x0000000083e00000| Untracked 
|  63|0x0000000083f00000, 0x0000000084000000, 0x0000000084000000|100%| O|  |TAMS 0x0000000084000000, 0x0000000083f00000| Complete 
|  64|0x0000000084000000, 0x0000000084100000, 0x0000000084100000|100%| O|  |TAMS 0x0000000084100000, 0x0000000084000000| Untracked 
|  65|0x0000000084100000, 0x0000000084200000, 0x0000000084200000|100%| O|  |TAMS 0x0000000084200000, 0x0000000084100000| Untracked 
|  66|0x0000000084200000, 0x0000000084300000, 0x0000000084300000|100%| O|  |TAMS 0x0000000084300000, 0x0000000084200000| Untracked 
|  67|0x0000000084300000, 0x0000000084400000, 0x0000000084400000|100%| O|  |TAMS 0x0000000084400000, 0x0000000084300000| Untracked 
|  68|0x0000000084400000, 0x0000000084500000, 0x0000000084500000|100%| O|  |TAMS 0x0000000084500000, 0x0000000084400000| Untracked 
|  69|0x0000000084500000, 0x0000000084600000, 0x0000000084600000|100%| O|  |TAMS 0x0000000084600000, 0x0000000084500000| Untracked 
|  70|0x0000000084600000, 0x0000000084700000, 0x0000000084700000|100%| O|  |TAMS 0x0000000084700000, 0x0000000084600000| Complete 
|  71|0x0000000084700000, 0x0000000084800000, 0x0000000084800000|100%|HS|  |TAMS 0x0000000084800000, 0x0000000084700000| Complete 
|  72|0x0000000084800000, 0x0000000084800000, 0x0000000084900000|  0%| F|  |TAMS 0x0000000084800000, 0x0000000084800000| Untracked 
|  73|0x0000000084900000, 0x0000000084a00000, 0x0000000084a00000|100%| O|  |TAMS 0x0000000084a00000, 0x0000000084900000| Untracked 
|  74|0x0000000084a00000, 0x0000000084b00000, 0x0000000084b00000|100%| O|  |TAMS 0x0000000084b00000, 0x0000000084a00000| Untracked 
|  75|0x0000000084b00000, 0x0000000084c00000, 0x0000000084c00000|100%| O|  |TAMS 0x0000000084c00000, 0x0000000084b00000| Untracked 
|  76|0x0000000084c00000, 0x0000000084d00000, 0x0000000084d00000|100%| O|  |TAMS 0x0000000084d00000, 0x0000000084c00000| Untracked 
|  77|0x0000000084d00000, 0x0000000084e00000, 0x0000000084e00000|100%| O|  |TAMS 0x0000000084e00000, 0x0000000084d00000| Complete 
|  78|0x0000000084e00000, 0x0000000084f00000, 0x0000000084f00000|100%| O|  |TAMS 0x0000000084f00000, 0x0000000084e00000| Complete 
|  79|0x0000000084f00000, 0x0000000085000000, 0x0000000085000000|100%| O|  |TAMS 0x0000000085000000, 0x0000000084f00000| Complete 
|  80|0x0000000085000000, 0x0000000085100000, 0x0000000085100000|100%| O|  |TAMS 0x0000000085100000, 0x0000000085000000| Complete 
|  81|0x0000000085100000, 0x0000000085200000, 0x0000000085200000|100%| O|  |TAMS 0x0000000085200000, 0x0000000085100000| Untracked 
|  82|0x0000000085200000, 0x0000000085300000, 0x0000000085300000|100%| O|  |TAMS 0x0000000085300000, 0x0000000085200000| Untracked 
|  83|0x0000000085300000, 0x0000000085400000, 0x0000000085400000|100%| O|  |TAMS 0x0000000085400000, 0x0000000085300000| Complete 
|  84|0x0000000085400000, 0x0000000085500000, 0x0000000085500000|100%| O|  |TAMS 0x0000000085500000, 0x0000000085400000| Untracked 
|  85|0x0000000085500000, 0x0000000085600000, 0x0000000085600000|100%| O|  |TAMS 0x0000000085600000, 0x0000000085500000| Complete 
|  86|0x0000000085600000, 0x0000000085700000, 0x0000000085700000|100%| O|  |TAMS 0x0000000085700000, 0x0000000085600000| Untracked 
|  87|0x0000000085700000, 0x0000000085800000, 0x0000000085800000|100%| O|  |TAMS 0x0000000085800000, 0x0000000085700000| Untracked 
|  88|0x0000000085800000, 0x0000000085900000, 0x0000000085900000|100%| O|  |TAMS 0x0000000085900000, 0x0000000085800000| Untracked 
|  89|0x0000000085900000, 0x0000000085a00000, 0x0000000085a00000|100%| O|  |TAMS 0x0000000085a00000, 0x0000000085900000| Complete 
|  90|0x0000000085a00000, 0x0000000085b00000, 0x0000000085b00000|100%| O|  |TAMS 0x0000000085b00000, 0x0000000085a00000| Untracked 
|  91|0x0000000085b00000, 0x0000000085c00000, 0x0000000085c00000|100%| O|  |TAMS 0x0000000085c00000, 0x0000000085b00000| Complete 
|  92|0x0000000085c00000, 0x0000000085d00000, 0x0000000085d00000|100%| O|  |TAMS 0x0000000085d00000, 0x0000000085c00000| Complete 
|  93|0x0000000085d00000, 0x0000000085e00000, 0x0000000085e00000|100%| O|  |TAMS 0x0000000085e00000, 0x0000000085d00000| Untracked 
|  94|0x0000000085e00000, 0x0000000085f00000, 0x0000000085f00000|100%| O|  |TAMS 0x0000000085f00000, 0x0000000085e00000| Complete 
|  95|0x0000000085f00000, 0x0000000086000000, 0x0000000086000000|100%| O|  |TAMS 0x0000000086000000, 0x0000000085f00000| Untracked 
|  96|0x0000000086000000, 0x0000000086100000, 0x0000000086100000|100%| O|  |TAMS 0x0000000086100000, 0x0000000086000000| Untracked 
|  97|0x0000000086100000, 0x0000000086200000, 0x0000000086200000|100%| O|  |TAMS 0x0000000086200000, 0x0000000086100000| Untracked 
|  98|0x0000000086200000, 0x0000000086300000, 0x0000000086300000|100%| O|  |TAMS 0x0000000086300000, 0x0000000086200000| Complete 
|  99|0x0000000086300000, 0x0000000086400000, 0x0000000086400000|100%|HS|  |TAMS 0x0000000086400000, 0x0000000086300000| Complete 
| 100|0x0000000086400000, 0x0000000086500000, 0x0000000086500000|100%| O|  |TAMS 0x0000000086500000, 0x0000000086400000| Untracked 
| 101|0x0000000086500000, 0x0000000086600000, 0x0000000086600000|100%|HS|  |TAMS 0x0000000086600000, 0x0000000086500000| Complete 
| 102|0x0000000086600000, 0x0000000086700000, 0x0000000086700000|100%|HC|  |TAMS 0x0000000086700000, 0x0000000086600000| Complete 
| 103|0x0000000086700000, 0x0000000086800000, 0x0000000086800000|100%|HS|  |TAMS 0x0000000086800000, 0x0000000086700000| Complete 
| 104|0x0000000086800000, 0x0000000086900000, 0x0000000086900000|100%|HC|  |TAMS 0x0000000086900000, 0x0000000086800000| Complete 
| 105|0x0000000086900000, 0x0000000086a00000, 0x0000000086a00000|100%|HS|  |TAMS 0x0000000086a00000, 0x0000000086900000| Complete 
| 106|0x0000000086a00000, 0x0000000086b00000, 0x0000000086b00000|100%|HC|  |TAMS 0x0000000086b00000, 0x0000000086a00000| Complete 
| 107|0x0000000086b00000, 0x0000000086c00000, 0x0000000086c00000|100%|HS|  |TAMS 0x0000000086c00000, 0x0000000086b00000| Complete 
| 108|0x0000000086c00000, 0x0000000086d00000, 0x0000000086d00000|100%|HC|  |TAMS 0x0000000086d00000, 0x0000000086c00000| Complete 
| 109|0x0000000086d00000, 0x0000000086e00000, 0x0000000086e00000|100%|HS|  |TAMS 0x0000000086e00000, 0x0000000086d00000| Complete 
| 110|0x0000000086e00000, 0x0000000086f00000, 0x0000000086f00000|100%|HC|  |TAMS 0x0000000086f00000, 0x0000000086e00000| Complete 
| 111|0x0000000086f00000, 0x0000000087000000, 0x0000000087000000|100%|HC|  |TAMS 0x0000000087000000, 0x0000000086f00000| Complete 
| 112|0x0000000087000000, 0x0000000087100000, 0x0000000087100000|100%| O|  |TAMS 0x0000000087100000, 0x0000000087000000| Complete 
| 113|0x0000000087100000, 0x0000000087200000, 0x0000000087200000|100%|HS|  |TAMS 0x0000000087200000, 0x0000000087100000| Complete 
| 114|0x0000000087200000, 0x0000000087300000, 0x0000000087300000|100%| O|  |TAMS 0x0000000087300000, 0x0000000087200000| Complete 
| 115|0x0000000087300000, 0x0000000087400000, 0x0000000087400000|100%| O|  |TAMS 0x0000000087400000, 0x0000000087300000| Untracked 
| 116|0x0000000087400000, 0x0000000087500000, 0x0000000087500000|100%| O|  |TAMS 0x0000000087500000, 0x0000000087400000| Complete 
| 117|0x0000000087500000, 0x0000000087600000, 0x0000000087600000|100%| O|  |TAMS 0x0000000087600000, 0x0000000087500000| Complete 
| 118|0x0000000087600000, 0x0000000087700000, 0x0000000087700000|100%| O|  |TAMS 0x0000000087700000, 0x0000000087600000| Untracked 
| 119|0x0000000087700000, 0x0000000087700000, 0x0000000087800000|  0%| F|  |TAMS 0x0000000087700000, 0x0000000087700000| Untracked 
| 120|0x0000000087800000, 0x0000000087800000, 0x0000000087900000|  0%| F|  |TAMS 0x0000000087800000, 0x0000000087800000| Untracked 
| 121|0x0000000087900000, 0x0000000087a00000, 0x0000000087a00000|100%| O|  |TAMS 0x0000000087a00000, 0x0000000087900000| Complete 
| 122|0x0000000087a00000, 0x0000000087b00000, 0x0000000087b00000|100%| O|  |TAMS 0x0000000087b00000, 0x0000000087a00000| Untracked 
| 123|0x0000000087b00000, 0x0000000087c00000, 0x0000000087c00000|100%|HS|  |TAMS 0x0000000087c00000, 0x0000000087b00000| Complete 
| 124|0x0000000087c00000, 0x0000000087d00000, 0x0000000087d00000|100%|HS|  |TAMS 0x0000000087d00000, 0x0000000087c00000| Complete 
| 125|0x0000000087d00000, 0x0000000087e00000, 0x0000000087e00000|100%|HS|  |TAMS 0x0000000087e00000, 0x0000000087d00000| Complete 
| 126|0x0000000087e00000, 0x0000000087f00000, 0x0000000087f00000|100%|HC|  |TAMS 0x0000000087f00000, 0x0000000087e00000| Complete 
| 127|0x0000000087f00000, 0x0000000088000000, 0x0000000088000000|100%|HS|  |TAMS 0x0000000088000000, 0x0000000087f00000| Complete 
| 128|0x0000000088000000, 0x0000000088100000, 0x0000000088100000|100%|HC|  |TAMS 0x0000000088100000, 0x0000000088000000| Complete 
| 129|0x0000000088100000, 0x0000000088200000, 0x0000000088200000|100%|HC|  |TAMS 0x0000000088200000, 0x0000000088100000| Complete 
| 130|0x0000000088200000, 0x0000000088300000, 0x0000000088300000|100%|HS|  |TAMS 0x0000000088300000, 0x0000000088200000| Complete 
| 131|0x0000000088300000, 0x0000000088400000, 0x0000000088400000|100%|HS|  |TAMS 0x0000000088400000, 0x0000000088300000| Complete 
| 132|0x0000000088400000, 0x0000000088500000, 0x0000000088500000|100%|HC|  |TAMS 0x0000000088500000, 0x0000000088400000| Complete 
| 133|0x0000000088500000, 0x0000000088600000, 0x0000000088600000|100%| O|  |TAMS 0x0000000088600000, 0x0000000088500000| Complete 
| 134|0x0000000088600000, 0x0000000088700000, 0x0000000088700000|100%| O|  |TAMS 0x0000000088700000, 0x0000000088600000| Untracked 
| 135|0x0000000088700000, 0x0000000088800000, 0x0000000088800000|100%| O|  |TAMS 0x0000000088800000, 0x0000000088700000| Untracked 
| 136|0x0000000088800000, 0x0000000088900000, 0x0000000088900000|100%| O|  |TAMS 0x0000000088900000, 0x0000000088800000| Untracked 
| 137|0x0000000088900000, 0x0000000088a00000, 0x0000000088a00000|100%|HS|  |TAMS 0x0000000088900000, 0x0000000088900000| Complete 
| 138|0x0000000088a00000, 0x0000000088b00000, 0x0000000088b00000|100%|HS|  |TAMS 0x0000000088a00000, 0x0000000088a00000| Complete 
| 139|0x0000000088b00000, 0x0000000088c00000, 0x0000000088c00000|100%|HS|  |TAMS 0x0000000088c00000, 0x0000000088b00000| Complete 
| 140|0x0000000088c00000, 0x0000000088d00000, 0x0000000088d00000|100%|HC|  |TAMS 0x0000000088d00000, 0x0000000088c00000| Complete 
| 141|0x0000000088d00000, 0x0000000088e00000, 0x0000000088e00000|100%|HS|  |TAMS 0x0000000088d00000, 0x0000000088d00000| Complete 
| 142|0x0000000088e00000, 0x0000000088f00000, 0x0000000088f00000|100%| O|  |TAMS 0x0000000088e00000, 0x0000000088e00000| Untracked 
| 143|0x0000000088f00000, 0x0000000089000000, 0x0000000089000000|100%| O|  |TAMS 0x0000000089000000, 0x0000000088f00000| Untracked 
| 144|0x0000000089000000, 0x0000000089100000, 0x0000000089100000|100%| O|  |TAMS 0x0000000089100000, 0x0000000089000000| Untracked 
| 145|0x0000000089100000, 0x0000000089100000, 0x0000000089200000|  0%| F|  |TAMS 0x0000000089100000, 0x0000000089100000| Untracked 
| 146|0x0000000089200000, 0x0000000089300000, 0x0000000089300000|100%| O|  |TAMS 0x0000000089300000, 0x0000000089200000| Untracked 
| 147|0x0000000089300000, 0x0000000089400000, 0x0000000089400000|100%| O|  |TAMS 0x00000000893efe00, 0x0000000089300000| Complete 
| 148|0x0000000089400000, 0x0000000089500000, 0x0000000089500000|100%|HS|  |TAMS 0x0000000089500000, 0x0000000089400000| Complete 
| 149|0x0000000089500000, 0x0000000089600000, 0x0000000089600000|100%|HC|  |TAMS 0x0000000089600000, 0x0000000089500000| Complete 
| 150|0x0000000089600000, 0x0000000089700000, 0x0000000089700000|100%|HS|  |TAMS 0x0000000089700000, 0x0000000089600000| Complete 
| 151|0x0000000089700000, 0x0000000089800000, 0x0000000089800000|100%|HS|  |TAMS 0x0000000089700000, 0x0000000089700000| Complete 
| 152|0x0000000089800000, 0x0000000089900000, 0x0000000089900000|100%| O|  |TAMS 0x0000000089800000, 0x0000000089800000| Untracked 
| 153|0x0000000089900000, 0x0000000089a00000, 0x0000000089a00000|100%|HS|  |TAMS 0x0000000089a00000, 0x0000000089900000| Complete 
| 154|0x0000000089a00000, 0x0000000089b00000, 0x0000000089b00000|100%|HC|  |TAMS 0x0000000089b00000, 0x0000000089a00000| Complete 
| 155|0x0000000089b00000, 0x0000000089c00000, 0x0000000089c00000|100%|HS|  |TAMS 0x0000000089b00000, 0x0000000089b00000| Complete 
| 156|0x0000000089c00000, 0x0000000089d00000, 0x0000000089d00000|100%| O|  |TAMS 0x0000000089c00000, 0x0000000089c00000| Untracked 
| 157|0x0000000089d00000, 0x0000000089e00000, 0x0000000089e00000|100%|HS|  |TAMS 0x0000000089e00000, 0x0000000089d00000| Complete 
| 158|0x0000000089e00000, 0x0000000089f00000, 0x0000000089f00000|100%|HC|  |TAMS 0x0000000089f00000, 0x0000000089e00000| Complete 
| 159|0x0000000089f00000, 0x000000008a000000, 0x000000008a000000|100%| O|  |TAMS 0x0000000089f00000, 0x0000000089f00000| Untracked 
| 160|0x000000008a000000, 0x000000008a100000, 0x000000008a100000|100%|HS|  |TAMS 0x000000008a100000, 0x000000008a000000| Complete 
| 161|0x000000008a100000, 0x000000008a200000, 0x000000008a200000|100%| O|  |TAMS 0x000000008a100000, 0x000000008a100000| Untracked 
| 162|0x000000008a200000, 0x000000008a300000, 0x000000008a300000|100%| O|  |TAMS 0x000000008a200000, 0x000000008a200000| Untracked 
| 163|0x000000008a300000, 0x000000008a400000, 0x000000008a400000|100%|HS|  |TAMS 0x000000008a300000, 0x000000008a300000| Complete 
| 164|0x000000008a400000, 0x000000008a500000, 0x000000008a500000|100%|HC|  |TAMS 0x000000008a400000, 0x000000008a400000| Complete 
| 165|0x000000008a500000, 0x000000008a600000, 0x000000008a600000|100%|HS|  |TAMS 0x000000008a500000, 0x000000008a500000| Complete 
| 166|0x000000008a600000, 0x000000008a700000, 0x000000008a700000|100%|HC|  |TAMS 0x000000008a600000, 0x000000008a600000| Complete 
| 167|0x000000008a700000, 0x000000008a800000, 0x000000008a800000|100%| O|  |TAMS 0x000000008a700000, 0x000000008a700000| Untracked 
| 168|0x000000008a800000, 0x000000008a900000, 0x000000008a900000|100%|HS|  |TAMS 0x000000008a800000, 0x000000008a800000| Complete 
| 169|0x000000008a900000, 0x000000008aa00000, 0x000000008aa00000|100%|HC|  |TAMS 0x000000008a900000, 0x000000008a900000| Complete 
| 170|0x000000008aa00000, 0x000000008ab00000, 0x000000008ab00000|100%|HC|  |TAMS 0x000000008aa00000, 0x000000008aa00000| Complete 
| 171|0x000000008ab00000, 0x000000008ac00000, 0x000000008ac00000|100%| O|  |TAMS 0x000000008ab00000, 0x000000008ab00000| Untracked 
| 172|0x000000008ac00000, 0x000000008ad00000, 0x000000008ad00000|100%| O|  |TAMS 0x000000008ac00000, 0x000000008ac00000| Untracked 
| 173|0x000000008ad00000, 0x000000008ae00000, 0x000000008ae00000|100%| O|  |TAMS 0x000000008ad00000, 0x000000008ad00000| Untracked 
| 174|0x000000008ae00000, 0x000000008af00000, 0x000000008af00000|100%|HS|  |TAMS 0x000000008ae00000, 0x000000008ae00000| Complete 
| 175|0x000000008af00000, 0x000000008b000000, 0x000000008b000000|100%| S|CS|TAMS 0x000000008af00000, 0x000000008af00000| Complete 
| 176|0x000000008b000000, 0x000000008b100000, 0x000000008b100000|100%| O|  |TAMS 0x000000008b000000, 0x000000008b000000| Untracked 
| 177|0x000000008b100000, 0x000000008b100000, 0x000000008b200000|  0%| F|  |TAMS 0x000000008b100000, 0x000000008b100000| Untracked 
| 178|0x000000008b200000, 0x000000008b200000, 0x000000008b300000|  0%| F|  |TAMS 0x000000008b200000, 0x000000008b200000| Untracked 
| 179|0x000000008b300000, 0x000000008b300000, 0x000000008b400000|  0%| F|  |TAMS 0x000000008b300000, 0x000000008b300000| Untracked 
| 180|0x000000008b400000, 0x000000008b400000, 0x000000008b500000|  0%| F|  |TAMS 0x000000008b400000, 0x000000008b400000| Untracked 
| 181|0x000000008b500000, 0x000000008b500000, 0x000000008b600000|  0%| F|  |TAMS 0x000000008b500000, 0x000000008b500000| Untracked 
| 182|0x000000008b600000, 0x000000008b600000, 0x000000008b700000|  0%| F|  |TAMS 0x000000008b600000, 0x000000008b600000| Untracked 
| 183|0x000000008b700000, 0x000000008b700000, 0x000000008b800000|  0%| F|  |TAMS 0x000000008b700000, 0x000000008b700000| Untracked 
| 184|0x000000008b800000, 0x000000008b800000, 0x000000008b900000|  0%| F|  |TAMS 0x000000008b800000, 0x000000008b800000| Untracked 
| 185|0x000000008b900000, 0x000000008ba00000, 0x000000008ba00000|100%| O|  |TAMS 0x000000008ba00000, 0x000000008b900000| Untracked 
| 186|0x000000008ba00000, 0x000000008bb00000, 0x000000008bb00000|100%| O|  |TAMS 0x000000008bb00000, 0x000000008ba00000| Untracked 
| 187|0x000000008bb00000, 0x000000008bc00000, 0x000000008bc00000|100%| O|  |TAMS 0x000000008bb00000, 0x000000008bb00000| Untracked 
| 188|0x000000008bc00000, 0x000000008bd00000, 0x000000008bd00000|100%| O|  |TAMS 0x000000008bc00000, 0x000000008bc00000| Untracked 
| 189|0x000000008bd00000, 0x000000008be00000, 0x000000008be00000|100%| O|  |TAMS 0x000000008bd00000, 0x000000008bd00000| Untracked 
| 190|0x000000008be00000, 0x000000008bf00000, 0x000000008bf00000|100%| O|  |TAMS 0x000000008be00000, 0x000000008be00000| Untracked 
| 191|0x000000008bf00000, 0x000000008c000000, 0x000000008c000000|100%| O|  |TAMS 0x000000008bf00000, 0x000000008bf00000| Untracked 
| 192|0x000000008c000000, 0x000000008c000000, 0x000000008c100000|  0%| F|  |TAMS 0x000000008c000000, 0x000000008c000000| Untracked 
| 193|0x000000008c100000, 0x000000008c200000, 0x000000008c200000|100%| O|  |TAMS 0x000000008c100000, 0x000000008c100000| Untracked 
| 194|0x000000008c200000, 0x000000008c300000, 0x000000008c300000|100%| O|  |TAMS 0x000000008c200000, 0x000000008c200000| Untracked 
| 195|0x000000008c300000, 0x000000008c400000, 0x000000008c400000|100%| O|  |TAMS 0x000000008c300000, 0x000000008c300000| Untracked 
| 196|0x000000008c400000, 0x000000008c500000, 0x000000008c500000|100%| S|CS|TAMS 0x000000008c400000, 0x000000008c400000| Complete 
| 197|0x000000008c500000, 0x000000008c600000, 0x000000008c600000|100%| O|  |TAMS 0x000000008c500000, 0x000000008c500000| Untracked 
| 198|0x000000008c600000, 0x000000008c700000, 0x000000008c700000|100%| O|  |TAMS 0x000000008c600000, 0x000000008c600000| Untracked 
| 199|0x000000008c700000, 0x000000008c800000, 0x000000008c800000|100%| O|  |TAMS 0x000000008c700000, 0x000000008c700000| Untracked 
| 200|0x000000008c800000, 0x000000008c8eba00, 0x000000008c900000| 92%| O|  |TAMS 0x000000008c800000, 0x000000008c800000| Untracked 

Card table byte_map: [0x00000206fd970000,0x00000206fdd70000] _byte_map_base: 0x00000206fd570000

Marking Bits (Prev, Next): (CMBitMap*) 0x00000206fd4dcd08, (CMBitMap*) 0x00000206fd4dcd40
 Prev Bits: [0x0000020692a20000, 0x0000020694a20000)
 Next Bits: [0x0000020694a20000, 0x0000020696a20000)

Polling page: 0x00000206fcc70000

Metaspace:

Usage:
  Non-class:     92.83 MB capacity,    91.29 MB ( 98%) used,     1.24 MB (  1%) free+waste,   301.69 KB ( <1%) overhead. 
      Class:     14.33 MB capacity,    13.34 MB ( 93%) used,   880.16 KB (  6%) free+waste,   134.19 KB ( <1%) overhead. 
       Both:    107.16 MB capacity,   104.64 MB ( 98%) used,     2.10 MB (  2%) free+waste,   435.88 KB ( <1%) overhead. 

Virtual space:
  Non-class space:       94.00 MB reserved,      92.84 MB ( 99%) committed 
      Class space:        1.00 GB reserved,      14.45 MB (  1%) committed 
             Both:        1.09 GB reserved,     107.29 MB ( 10%) committed 

Chunk freelists:
   Non-Class:  13.00 KB
       Class:  11.00 KB
        Both:  24.00 KB

MaxMetaspaceSize: 17179869184.00 GB
CompressedClassSpaceSize: 1.00 GB

CodeHeap 'non-profiled nmethods': size=120064Kb used=8916Kb max_used=8916Kb free=111147Kb
 bounds [0x000002068b4e0000, 0x000002068bda0000, 0x0000020692a20000]
CodeHeap 'profiled nmethods': size=120000Kb used=28884Kb max_used=28884Kb free=91116Kb
 bounds [0x0000020683fb0000, 0x0000020685bf0000, 0x000002068b4e0000]
CodeHeap 'non-nmethods': size=5696Kb used=2339Kb max_used=2375Kb free=3357Kb
 bounds [0x0000020683a20000, 0x0000020683c90000, 0x0000020683fb0000]
 total_blobs=14022 nmethods=13063 adapters=870
 compilation: enabled
              stopped_count=0, restarted_count=0
 full_count=0

Compilation events (20 events):
Event: 79.744 Thread 0x00000206a1159000 nmethod 13178 0x000002068bd91410 code [0x000002068bd915a0, 0x000002068bd91618]
Event: 79.744 Thread 0x00000206a1159000 13174       4       java.nio.HeapByteBuffer::getInt (26 bytes)
Event: 79.746 Thread 0x00000206a1159000 nmethod 13174 0x000002068bd91710 code [0x000002068bd918a0, 0x000002068bd91978]
Event: 79.746 Thread 0x00000206a1159000 13177       4       com.android.tools.r8.dex.f::a (32 bytes)
Event: 79.748 Thread 0x00000206a1159000 nmethod 13177 0x000002068bd91a90 code [0x000002068bd91c40, 0x000002068bd91d78]
Event: 79.770 Thread 0x00000206a1159000 13179  s    4       com.android.tools.r8.graph.p0::c (6 bytes)
Event: 79.773 Thread 0x00000206a1159000 nmethod 13179 0x000002068bd91f10 code [0x000002068bd920c0, 0x000002068bd923a8]
Event: 79.773 Thread 0x00000206a1159000 13180       4       com.android.tools.r8.internal.md1::a (34 bytes)
Event: 79.788 Thread 0x00000206a1159000 nmethod 13180 0x000002068bd92490 code [0x000002068bd92620, 0x000002068bd92798]
Event: 79.788 Thread 0x00000206a1159000 13181       4       com.android.tools.r8.internal.Kk1::get (16 bytes)
Event: 79.789 Thread 0x00000206a1159000 nmethod 13181 0x000002068bd92890 code [0x000002068bd92a20, 0x000002068bd92ab8]
Event: 79.791 Thread 0x00000206a1159000 13182       4       com.android.tools.r8.dex.r::h (23 bytes)
Event: 79.818 Thread 0x00000206fe688800 13187       3       com.android.tools.r8.internal.sR0::a (73 bytes)
Event: 79.819 Thread 0x00000206fe688800 nmethod 13187 0x0000020685be3990 code [0x0000020685be3cc0, 0x0000020685be4a78]
Event: 79.829 Thread 0x00000206a1159000 nmethod 13182 0x000002068bd92b90 code [0x000002068bd92dc0, 0x000002068bd93b38]
Event: 79.829 Thread 0x00000206a1159000 13183       4       com.android.tools.r8.graph.p0::a (23 bytes)
Event: 79.834 Thread 0x00000206a1159000 nmethod 13183 0x000002068bd94810 code [0x000002068bd949c0, 0x000002068bd94e08]
Event: 79.834 Thread 0x00000206a1159000 13184       4       com.android.tools.r8.internal.md1::a (34 bytes)
Event: 79.836 Thread 0x00000206a1159000 nmethod 13184 0x000002068bd94f90 code [0x000002068bd95120, 0x000002068bd95298]
Event: 79.836 Thread 0x00000206a1159000 13186       4       com.android.tools.r8.graph.T0::M (34 bytes)

GC Heap History (20 events):
Event: 78.276 GC heap after
{Heap after GC invocations=43 (full 0):
 garbage-first heap   total 189440K, used 112776K [0x0000000080000000, 0x0000000100000000)
  region size 1024K, 2 young (2048K), 2 survivors (2048K)
 Metaspace       used 100489K, capacity 103053K, committed 103336K, reserved 1138688K
  class space    used 12810K, capacity 13811K, committed 13900K, reserved 1048576K
}
Event: 79.010 GC heap before
{Heap before GC invocations=44 (full 0):
 garbage-first heap   total 189440K, used 177288K [0x0000000080000000, 0x0000000100000000)
  region size 1024K, 42 young (43008K), 2 survivors (2048K)
 Metaspace       used 105614K, capacity 108204K, committed 108328K, reserved 1142784K
  class space    used 13483K, capacity 14464K, committed 14540K, reserved 1048576K
}
Event: 79.020 GC heap after
{Heap after GC invocations=45 (full 0):
 garbage-first heap   total 191488K, used 146250K [0x0000000080000000, 0x0000000100000000)
  region size 1024K, 6 young (6144K), 6 survivors (6144K)
 Metaspace       used 105614K, capacity 108204K, committed 108328K, reserved 1142784K
  class space    used 13483K, capacity 14464K, committed 14540K, reserved 1048576K
}
Event: 79.061 GC heap before
{Heap before GC invocations=45 (full 0):
 garbage-first heap   total 191488K, used 149322K [0x0000000080000000, 0x0000000100000000)
  region size 1024K, 9 young (9216K), 6 survivors (6144K)
 Metaspace       used 106408K, capacity 108968K, committed 109224K, reserved 1144832K
  class space    used 13570K, capacity 14570K, committed 14668K, reserved 1048576K
}
Event: 79.065 GC heap after
{Heap after GC invocations=46 (full 0):
 garbage-first heap   total 191488K, used 146510K [0x0000000080000000, 0x0000000100000000)
  region size 1024K, 1 young (1024K), 1 survivors (1024K)
 Metaspace       used 106408K, capacity 108968K, committed 109224K, reserved 1144832K
  class space    used 13570K, capacity 14570K, committed 14668K, reserved 1048576K
}
Event: 79.101 GC heap before
{Heap before GC invocations=46 (full 0):
 garbage-first heap   total 191488K, used 171086K [0x0000000080000000, 0x0000000100000000)
  region size 1024K, 7 young (7168K), 1 survivors (1024K)
 Metaspace       used 106864K, capacity 109433K, committed 109480K, reserved 1144832K
  class space    used 13635K, capacity 14642K, committed 14668K, reserved 1048576K
}
Event: 79.104 GC heap after
{Heap after GC invocations=47 (full 0):
 garbage-first heap   total 191488K, used 158882K [0x0000000080000000, 0x0000000100000000)
  region size 1024K, 3 young (3072K), 3 survivors (3072K)
 Metaspace       used 106864K, capacity 109433K, committed 109480K, reserved 1144832K
  class space    used 13635K, capacity 14642K, committed 14668K, reserved 1048576K
}
Event: 79.116 GC heap before
{Heap before GC invocations=47 (full 0):
 garbage-first heap   total 191488K, used 183458K [0x0000000080000000, 0x0000000100000000)
  region size 1024K, 10 young (10240K), 3 survivors (3072K)
 Metaspace       used 106867K, capacity 109433K, committed 109480K, reserved 1144832K
  class space    used 13635K, capacity 14642K, committed 14668K, reserved 1048576K
}
Event: 79.118 GC heap after
{Heap after GC invocations=48 (full 0):
 garbage-first heap   total 192512K, used 172097K [0x0000000080000000, 0x0000000100000000)
  region size 1024K, 2 young (2048K), 2 survivors (2048K)
 Metaspace       used 106867K, capacity 109433K, committed 109480K, reserved 1144832K
  class space    used 13635K, capacity 14642K, committed 14668K, reserved 1048576K
}
Event: 79.183 GC heap before
{Heap before GC invocations=48 (full 0):
 garbage-first heap   total 192512K, used 184385K [0x0000000080000000, 0x0000000100000000)
  region size 1024K, 9 young (9216K), 2 survivors (2048K)
 Metaspace       used 106925K, capacity 109497K, committed 109736K, reserved 1144832K
  class space    used 13638K, capacity 14642K, committed 14668K, reserved 1048576K
}
Event: 79.188 GC heap after
{Heap after GC invocations=49 (full 0):
 garbage-first heap   total 192512K, used 178392K [0x0000000080000000, 0x0000000100000000)
  region size 1024K, 2 young (2048K), 2 survivors (2048K)
 Metaspace       used 106925K, capacity 109497K, committed 109736K, reserved 1144832K
  class space    used 13638K, capacity 14642K, committed 14668K, reserved 1048576K
}
Event: 79.378 GC heap before
{Heap before GC invocations=49 (full 0):
 garbage-first heap   total 192512K, used 184536K [0x0000000080000000, 0x0000000100000000)
  region size 1024K, 9 young (9216K), 2 survivors (2048K)
 Metaspace       used 107142K, capacity 109732K, committed 109864K, reserved 1144832K
  class space    used 13662K, capacity 14677K, committed 14796K, reserved 1048576K
}
Event: 79.387 GC heap after
{Heap after GC invocations=50 (full 0):
 garbage-first heap   total 192512K, used 180762K [0x0000000080000000, 0x0000000100000000)
  region size 1024K, 2 young (2048K), 2 survivors (2048K)
 Metaspace       used 107142K, capacity 109732K, committed 109864K, reserved 1144832K
  class space    used 13662K, capacity 14677K, committed 14796K, reserved 1048576K
}
Event: 79.516 GC heap before
{Heap before GC invocations=50 (full 0):
 garbage-first heap   total 192512K, used 187930K [0x0000000080000000, 0x0000000100000000)
  region size 1024K, 9 young (9216K), 2 survivors (2048K)
 Metaspace       used 107145K, capacity 109732K, committed 109864K, reserved 1144832K
  class space    used 13662K, capacity 14677K, committed 14796K, reserved 1048576K
}
Event: 79.528 GC heap after
{Heap after GC invocations=51 (full 0):
 garbage-first heap   total 193536K, used 183450K [0x0000000080000000, 0x0000000100000000)
  region size 1024K, 2 young (2048K), 2 survivors (2048K)
 Metaspace       used 107145K, capacity 109732K, committed 109864K, reserved 1144832K
  class space    used 13662K, capacity 14677K, committed 14796K, reserved 1048576K
}
Event: 79.651 GC heap before
{Heap before GC invocations=51 (full 0):
 garbage-first heap   total 193536K, used 189594K [0x0000000080000000, 0x0000000100000000)
  region size 1024K, 9 young (9216K), 2 survivors (2048K)
 Metaspace       used 107145K, capacity 109732K, committed 109864K, reserved 1144832K
  class space    used 13662K, capacity 14677K, committed 14796K, reserved 1048576K
}
Event: 79.668 GC heap after
{Heap after GC invocations=52 (full 0):
 garbage-first heap   total 196608K, used 186671K [0x0000000080000000, 0x0000000100000000)
  region size 1024K, 2 young (2048K), 2 survivors (2048K)
 Metaspace       used 107145K, capacity 109732K, committed 109864K, reserved 1144832K
  class space    used 13662K, capacity 14677K, committed 14796K, reserved 1048576K
}
Event: 79.774 GC heap before
{Heap before GC invocations=53 (full 0):
 garbage-first heap   total 196608K, used 193839K [0x0000000080000000, 0x0000000100000000)
  region size 1024K, 9 young (9216K), 2 survivors (2048K)
 Metaspace       used 107145K, capacity 109732K, committed 109864K, reserved 1144832K
  class space    used 13662K, capacity 14677K, committed 14796K, reserved 1048576K
}
Event: 79.788 GC heap after
{Heap after GC invocations=54 (full 0):
 garbage-first heap   total 199680K, used 189687K [0x0000000080000000, 0x0000000100000000)
  region size 1024K, 2 young (2048K), 2 survivors (2048K)
 Metaspace       used 107145K, capacity 109732K, committed 109864K, reserved 1144832K
  class space    used 13662K, capacity 14677K, committed 14796K, reserved 1048576K
}
Event: 79.854 GC heap before
{Heap before GC invocations=54 (full 0):
 garbage-first heap   total 199680K, used 196855K [0x0000000080000000, 0x0000000100000000)
  region size 1024K, 9 young (9216K), 2 survivors (2048K)
 Metaspace       used 107146K, capacity 109732K, committed 109864K, reserved 1144832K
  class space    used 13662K, capacity 14677K, committed 14796K, reserved 1048576K
}

Deoptimization events (20 events):
Event: 79.298 Thread 0x00000206a06b4000 DEOPT PACKING pc=0x000002068bd71ab8 sp=0x00000014e0ffdbb0
Event: 79.298 Thread 0x00000206a06b4000 DEOPT UNPACKING pc=0x0000020683a4662f sp=0x00000014e0ffdb78 mode 2
Event: 79.309 Thread 0x00000206a06b4000 DEOPT PACKING pc=0x0000020685b9c08e sp=0x00000014e0ffd9b0
Event: 79.309 Thread 0x00000206a06b4000 DEOPT UNPACKING pc=0x0000020683a46dde sp=0x00000014e0ffce28 mode 0
Event: 79.378 Thread 0x00000206a06b4000 Uncommon trap: trap_request=0xffffff4d fr.pc=0x000002068bd7cbd0 relative=0x0000000000000230
Event: 79.378 Thread 0x00000206a06b4000 Uncommon trap: reason=unstable_if action=reinterpret pc=0x000002068bd7cbd0 method=com.android.tools.r8.graph.W0.a([C)I @ 44 c2
Event: 79.378 Thread 0x00000206a06b4000 DEOPT PACKING pc=0x000002068bd7cbd0 sp=0x00000014e0ffdae0
Event: 79.378 Thread 0x00000206a06b4000 DEOPT UNPACKING pc=0x0000020683a4662f sp=0x00000014e0ffda68 mode 2
Event: 79.413 Thread 0x00000206a06b4000 DEOPT PACKING pc=0x0000020685bdcc8e sp=0x00000014e0ffd9b0
Event: 79.413 Thread 0x00000206a06b4000 DEOPT UNPACKING pc=0x0000020683a46dde sp=0x00000014e0ffce28 mode 0
Event: 79.432 Thread 0x00000206a06b4000 DEOPT PACKING pc=0x0000020685bdcc8e sp=0x00000014e0ffd9b0
Event: 79.432 Thread 0x00000206a06b4000 DEOPT UNPACKING pc=0x0000020683a46dde sp=0x00000014e0ffce28 mode 0
Event: 79.450 Thread 0x00000206a06b4000 DEOPT PACKING pc=0x0000020685bdcc8e sp=0x00000014e0ffd9b0
Event: 79.450 Thread 0x00000206a06b4000 DEOPT UNPACKING pc=0x0000020683a46dde sp=0x00000014e0ffce28 mode 0
Event: 79.477 Thread 0x00000206a06b4000 DEOPT PACKING pc=0x0000020685bdcc8e sp=0x00000014e0ffd9b0
Event: 79.477 Thread 0x00000206a06b4000 DEOPT UNPACKING pc=0x0000020683a46dde sp=0x00000014e0ffce28 mode 0
Event: 79.529 Thread 0x00000206a06b4000 DEOPT PACKING pc=0x0000020685bdcc8e sp=0x00000014e0ffd9b0
Event: 79.529 Thread 0x00000206a06b4000 DEOPT UNPACKING pc=0x0000020683a46dde sp=0x00000014e0ffce28 mode 0
Event: 79.638 Thread 0x00000206a06b4000 DEOPT PACKING pc=0x0000020685bdcc8e sp=0x00000014e0ffd9b0
Event: 79.638 Thread 0x00000206a06b4000 DEOPT UNPACKING pc=0x0000020683a46dde sp=0x00000014e0ffce28 mode 0

Classes redefined (0 events):
No events

Internal exceptions (20 events):
Event: 49.635 Thread 0x00000206a06b0000 Exception <a 'java/lang/NoSuchMethodError'{0x0000000089608868}: 'java.lang.Object java.lang.invoke.DirectMethodHandle$Holder.invokeStatic(java.lang.Object, java.lang.Object, int, java.lang.Object, long)'> (0x0000000089608868) thrown at [./src/hotspot/share/interpreter/linkResolver.cpp, line 773]
Event: 49.655 Thread 0x00000206a06a9800 Exception <a 'java/lang/NoSuchMethodError'{0x000000008962c778}: <clinit>> (0x000000008962c778) thrown at [./src/hotspot/share/prims/jni.cpp, line 1362]
Event: 49.656 Thread 0x00000206a06a9800 Exception <a 'java/lang/NoSuchMethodError'{0x000000008963e570}: <clinit>> (0x000000008963e570) thrown at [./src/hotspot/share/prims/jni.cpp, line 1362]
Event: 49.658 Thread 0x00000206a06a9800 Exception <a 'java/lang/NoSuchMethodError'{0x0000000089650340}: <clinit>> (0x0000000089650340) thrown at [./src/hotspot/share/prims/jni.cpp, line 1362]
Event: 49.665 Thread 0x00000206a06a9800 Exception <a 'java/lang/NoSuchMethodError'{0x000000008966fc70}: <clinit>> (0x000000008966fc70) thrown at [./src/hotspot/share/prims/jni.cpp, line 1362]
Event: 49.731 Thread 0x00000206a06a9800 Exception <a 'java/lang/NoSuchMethodError'{0x00000000895fa6b0}: <clinit>> (0x00000000895fa6b0) thrown at [./src/hotspot/share/prims/jni.cpp, line 1362]
Event: 49.734 Thread 0x00000206a06a9800 Exception <a 'java/lang/NoSuchMethodError'{0x0000000089443280}: <clinit>> (0x0000000089443280) thrown at [./src/hotspot/share/prims/jni.cpp, line 1362]
Event: 49.735 Thread 0x00000206a06a9800 Exception <a 'java/lang/NoSuchMethodError'{0x0000000089460460}: <clinit>> (0x0000000089460460) thrown at [./src/hotspot/share/prims/jni.cpp, line 1362]
Event: 49.736 Thread 0x00000206a06a9800 Exception <a 'java/lang/NoSuchMethodError'{0x000000008947d900}: <clinit>> (0x000000008947d900) thrown at [./src/hotspot/share/prims/jni.cpp, line 1362]
Event: 49.911 Thread 0x00000206a06aa000 Exception <a 'java/lang/NoSuchMethodError'{0x00000000892444b8}: 'java.lang.Object java.lang.invoke.DirectMethodHandle$Holder.invokeStatic(java.lang.Object, java.lang.Object, java.lang.Object, java.lang.Object, java.lang.Object, java.lang.Object, java.lang.Object, java.lang.Object, java.lang.Object, java.lang.Object, java.lang.Object, java.lang.Object, java.lang.Object, int)'> (0x00000000892444b8) thrown at [./src/hotspot/share/interpreter/linkResolver.cpp, line 773]
Event: 49.913 Thread 0x00000206a06aa000 Exception <a 'java/lang/NoSuchMethodError'{0x0000000089251368}: 'java.lang.Object java.lang.invoke.DirectMethodHandle$Holder.invokeStatic(java.lang.Object, java.lang.Object, java.lang.Object, java.lang.Object, java.lang.Object, java.lang.Object, java.lang.Object, java.lang.Object, java.lang.Object, java.lang.Object, java.lang.Object, java.lang.Object, java.lang.Object, int, int)'> (0x0000000089251368) thrown at [./src/hotspot/share/interpreter/linkResolver.cpp, line 773]
Event: 70.079 Thread 0x00000206a06a9800 Exception <a 'java/lang/NoSuchMethodError'{0x0000000088e18d38}: 'void java.lang.invoke.DirectMethodHandle$Holder.invokeStatic(java.lang.Object, java.lang.Object, java.lang.Object, java.lang.Object, java.lang.Object, java.lang.Object, java.lang.Object)'> (0x0000000088e18d38) thrown at [./src/hotspot/share/interpreter/linkResolver.cpp, line 773]
Event: 70.098 Thread 0x00000206ff3bd800 Exception <a 'java/lang/NoSuchMethodError'{0x0000000088d1ae08}: <clinit>> (0x0000000088d1ae08) thrown at [./src/hotspot/share/prims/jni.cpp, line 1362]
Event: 70.867 Thread 0x000002069e884000 Exception <a 'java/lang/NoSuchMethodError'{0x000000008a052438}: <clinit>> (0x000000008a052438) thrown at [./src/hotspot/share/prims/jni.cpp, line 1362]
Event: 75.746 Thread 0x00000206a06a9800 Exception <a 'java/lang/NoSuchMethodError'{0x00000000899911b8}: <clinit>> (0x00000000899911b8) thrown at [./src/hotspot/share/prims/jni.cpp, line 1362]
Event: 75.964 Thread 0x00000206a06b0800 Implicit null exception at 0x000002068bc0fb56 to 0x000002068bc10410
Event: 78.873 Thread 0x00000206a06b4000 Exception <a 'sun/nio/fs/WindowsException'{0x0000000089983530}> (0x0000000089983530) thrown at [./src/hotspot/share/prims/jni.cpp, line 615]
Event: 78.966 Thread 0x00000206a06b0800 Exception <a 'sun/nio/fs/WindowsException'{0x000000008927ffa0}> (0x000000008927ffa0) thrown at [./src/hotspot/share/prims/jni.cpp, line 615]
Event: 78.966 Thread 0x00000206a06b0800 Exception <a 'sun/nio/fs/WindowsException'{0x0000000089280088}> (0x0000000089280088) thrown at [./src/hotspot/share/prims/jni.cpp, line 615]
Event: 79.084 Thread 0x00000206a06b4000 Exception <a 'java/lang/NoSuchMethodError'{0x000000008b7622b0}: 'java.lang.Object java.lang.invoke.DirectMethodHandle$Holder.invokeStaticInit(java.lang.Object, java.lang.Object, java.lang.Object, java.lang.Object, java.lang.Object, java.lang.Object, java.lang.Object, java.lang.Object, java.lang.Object, java.lang.Object, java.lang.Object, java.lang.Object, java.lang.Object, java.lang.Object, java.lang.Object, java.lang.Object, java.lang.Object, java.lang.Object, int, java.lang.Object, java.lang.Object)'> (0

Events (20 events):
Event: 79.275 loading class com/android/tools/r8/dex/r done
Event: 79.297 loading class com/android/tools/r8/graph/G
Event: 79.297 loading class com/android/tools/r8/graph/G done
Event: 79.378 Executing VM operation: G1CollectForAllocation
Event: 79.387 Executing VM operation: G1CollectForAllocation done
Event: 79.492 Executing VM operation: CGC_Operation
Event: 79.509 Executing VM operation: CGC_Operation done
Event: 79.516 Executing VM operation: G1CollectForAllocation
Event: 79.528 Executing VM operation: G1CollectForAllocation done
Event: 79.597 Executing VM operation: RevokeBias
Event: 79.598 Executing VM operation: RevokeBias done
Event: 79.598 Executing VM operation: RevokeBias
Event: 79.599 Executing VM operation: RevokeBias done
Event: 79.651 Executing VM operation: G1CollectForAllocation
Event: 79.668 Executing VM operation: G1CollectForAllocation done
Event: 79.738 Executing VM operation: CGC_Operation
Event: 79.738 Executing VM operation: CGC_Operation done
Event: 79.774 Executing VM operation: G1CollectForAllocation
Event: 79.788 Executing VM operation: G1CollectForAllocation done
Event: 79.854 Executing VM operation: G1CollectForAllocation


Dynamic libraries:
0x00007ff7323e0000 - 0x00007ff7323ea000 	C:\Program Files\Android\Android Studio New\jre\bin\java.exe
0x00007ffbc5380000 - 0x00007ffbc5570000 	C:\WINDOWS\SYSTEM32\ntdll.dll
0x00007ffbc3690000 - 0x00007ffbc3742000 	C:\WINDOWS\System32\KERNEL32.DLL
0x00007ffbc2490000 - 0x00007ffbc2735000 	C:\WINDOWS\System32\KERNELBASE.dll
0x00007ffbc2a60000 - 0x00007ffbc2b5a000 	C:\WINDOWS\System32\ucrtbase.dll
0x00007ffbb79e0000 - 0x00007ffbb79f9000 	C:\Program Files\Android\Android Studio New\jre\bin\jli.dll
0x00007ffbc51a0000 - 0x00007ffbc5334000 	C:\WINDOWS\System32\USER32.dll
0x00007ffbc2a30000 - 0x00007ffbc2a51000 	C:\WINDOWS\System32\win32u.dll
0x00007ffbc4fb0000 - 0x00007ffbc4fd6000 	C:\WINDOWS\System32\GDI32.dll
0x00007ffbc22f0000 - 0x00007ffbc2486000 	C:\WINDOWS\System32\gdi32full.dll
0x00007ffbc2770000 - 0x00007ffbc280e000 	C:\WINDOWS\System32\msvcp_win.dll
0x00007ffb9fad0000 - 0x00007ffb9fae7000 	C:\Program Files\Android\Android Studio New\jre\bin\VCRUNTIME140.dll
0x00007ffba7b80000 - 0x00007ffba7e04000 	C:\WINDOWS\WinSxS\amd64_microsoft.windows.common-controls_6595b64144ccf1df_6.0.18362.1256_none_9e7e379be45e40e2\COMCTL32.dll
0x00007ffbc5100000 - 0x00007ffbc519e000 	C:\WINDOWS\System32\msvcrt.dll
0x00007ffbc4550000 - 0x00007ffbc4886000 	C:\WINDOWS\System32\combase.dll
0x00007ffbc4fe0000 - 0x00007ffbc5100000 	C:\WINDOWS\System32\RPCRT4.dll
0x00007ffbc2b60000 - 0x00007ffbc2be1000 	C:\WINDOWS\System32\bcryptPrimitives.dll
0x00007ffbc3750000 - 0x00007ffbc377e000 	C:\WINDOWS\System32\IMM32.DLL
0x00007ffb8d3e0000 - 0x00007ffb8d47d000 	C:\Program Files\Android\Android Studio New\jre\bin\msvcp140.dll
0x00007ffb57710000 - 0x00007ffb581e5000 	C:\Program Files\Android\Android Studio New\jre\bin\server\jvm.dll
0x00007ffbc44a0000 - 0x00007ffbc4543000 	C:\WINDOWS\System32\ADVAPI32.dll
0x00007ffbc3440000 - 0x00007ffbc34d7000 	C:\WINDOWS\System32\sechost.dll
0x00007ffbc3430000 - 0x00007ffbc3438000 	C:\WINDOWS\System32\PSAPI.DLL
0x00007ffbbad50000 - 0x00007ffbbad59000 	C:\WINDOWS\SYSTEM32\WSOCK32.dll
0x00007ffbc3c20000 - 0x00007ffbc3c8f000 	C:\WINDOWS\System32\WS2_32.dll
0x00007ffbbbf00000 - 0x00007ffbbbf24000 	C:\WINDOWS\SYSTEM32\WINMM.dll
0x00007ffbb9280000 - 0x00007ffbb928a000 	C:\WINDOWS\SYSTEM32\VERSION.dll
0x00007ffbbbed0000 - 0x00007ffbbbefd000 	C:\WINDOWS\SYSTEM32\WINMMBASE.dll
0x00007ffbc33e0000 - 0x00007ffbc342a000 	C:\WINDOWS\System32\cfgmgr32.dll
0x00007ffbc2250000 - 0x00007ffbc2261000 	C:\WINDOWS\System32\kernel.appcore.dll
0x00007ffb90130000 - 0x00007ffb90141000 	C:\Program Files\Android\Android Studio New\jre\bin\verify.dll
0x00007ffbc0950000 - 0x00007ffbc0b44000 	C:\WINDOWS\SYSTEM32\DBGHELP.DLL
0x00007ffbb7500000 - 0x00007ffbb752a000 	C:\WINDOWS\SYSTEM32\dbgcore.DLL
0x00007ffb8ffe0000 - 0x00007ffb90009000 	C:\Program Files\Android\Android Studio New\jre\bin\java.dll
0x00007ffba81d0000 - 0x00007ffba81db000 	C:\Program Files\Android\Android Studio New\jre\bin\jimage.dll
0x00007ffb90110000 - 0x00007ffb90128000 	C:\Program Files\Android\Android Studio New\jre\bin\zip.dll
0x00007ffbc3db0000 - 0x00007ffbc4497000 	C:\WINDOWS\System32\SHELL32.dll
0x00007ffbc3780000 - 0x00007ffbc3829000 	C:\WINDOWS\System32\shcore.dll
0x00007ffbc2c50000 - 0x00007ffbc33d1000 	C:\WINDOWS\System32\windows.storage.dll
0x00007ffbc22c0000 - 0x00007ffbc22e3000 	C:\WINDOWS\System32\profapi.dll
0x00007ffbc2270000 - 0x00007ffbc22ba000 	C:\WINDOWS\System32\powrprof.dll
0x00007ffbc2220000 - 0x00007ffbc2230000 	C:\WINDOWS\System32\UMPDC.dll
0x00007ffbc3980000 - 0x00007ffbc39d2000 	C:\WINDOWS\System32\shlwapi.dll
0x00007ffbc2810000 - 0x00007ffbc2827000 	C:\WINDOWS\System32\cryptsp.dll
0x00007ffb8f330000 - 0x00007ffb8f34a000 	C:\Program Files\Android\Android Studio New\jre\bin\net.dll
0x00007ffbb56e0000 - 0x00007ffbb57d0000 	C:\WINDOWS\SYSTEM32\WINHTTP.dll
0x00007ffbc1a10000 - 0x00007ffbc1a77000 	C:\WINDOWS\system32\mswsock.dll
0x00007ffb8dca0000 - 0x00007ffb8dcb4000 	C:\Program Files\Android\Android Studio New\jre\bin\nio.dll
0x00007ffb9ef30000 - 0x00007ffb9ef57000 	C:\Users\JOHN BATISTA\.gradle\native\e1d6ef7f7dcc3fd88c89a11ec53ec762bb8ba0a96d01ffa2cd45eb1d1d8dd5c5\windows-amd64\native-platform.dll
0x00007ffb8b780000 - 0x00007ffb8b8c4000 	C:\Users\JOHN BATISTA\.gradle\native\5664cfc778a61ccfe75a443a1ab52a65af34e5dc3c78e0209fed803814484fcb\windows-amd64\native-platform-file-events.dll
0x00007ffba3980000 - 0x00007ffba398a000 	C:\Program Files\Android\Android Studio New\jre\bin\management.dll
0x00007ffb9ded0000 - 0x00007ffb9dedd000 	C:\Program Files\Android\Android Studio New\jre\bin\management_ext.dll
0x00007ffbc1580000 - 0x00007ffbc15b3000 	C:\WINDOWS\system32\rsaenh.dll
0x00007ffbc2740000 - 0x00007ffbc2766000 	C:\WINDOWS\System32\bcrypt.dll
0x00007ffbc2140000 - 0x00007ffbc2165000 	C:\WINDOWS\SYSTEM32\USERENV.dll
0x00007ffbc1be0000 - 0x00007ffbc1bec000 	C:\WINDOWS\SYSTEM32\CRYPTBASE.dll
0x00007ffbc1720000 - 0x00007ffbc175a000 	C:\WINDOWS\SYSTEM32\IPHLPAPI.DLL
0x00007ffbc3970000 - 0x00007ffbc3978000 	C:\WINDOWS\System32\NSI.dll
0x00007ffbb7780000 - 0x00007ffbb7796000 	C:\WINDOWS\SYSTEM32\dhcpcsvc6.DLL
0x00007ffbb7760000 - 0x00007ffbb777c000 	C:\WINDOWS\SYSTEM32\dhcpcsvc.DLL
0x00007ffbc1770000 - 0x00007ffbc183b000 	C:\WINDOWS\SYSTEM32\DNSAPI.dll
0x00007ffbab1d0000 - 0x00007ffbab1ee000 	C:\Users\JOHN BATISTA\AppData\Local\Temp\native-platform13983987714182103133dir\native-platform.dll
0x00007ffbb8530000 - 0x00007ffbb8538000 	C:\Program Files\Android\Android Studio New\jre\bin\rmi.dll
0x00007ffbb91e0000 - 0x00007ffbb91f6000 	C:\WINDOWS\system32\napinsp.dll
0x00007ffbb71b0000 - 0x00007ffbb71ca000 	C:\WINDOWS\system32\pnrpnsp.dll
0x00007ffbbae80000 - 0x00007ffbbae8e000 	C:\WINDOWS\System32\winrnr.dll
0x00007ffbbad30000 - 0x00007ffbbad4c000 	C:\WINDOWS\system32\NLAapi.dll
0x00007ffbba3c0000 - 0x00007ffbba3d5000 	C:\WINDOWS\system32\wshbth.dll
0x00007ffbb73d0000 - 0x00007ffbb73da000 	C:\Windows\System32\rasadhlp.dll
0x00007ffbb6460000 - 0x00007ffbb64d7000 	C:\WINDOWS\System32\fwpuclnt.dll

dbghelp: loaded successfully - version: 4.0.5 - missing functions: none
symbol engine: initialized successfully - sym options: 0x614 - pdb path: .;C:\Program Files\Android\Android Studio New\jre\bin;C:\WINDOWS\SYSTEM32;C:\WINDOWS\WinSxS\amd64_microsoft.windows.common-controls_6595b64144ccf1df_6.0.18362.1256_none_9e7e379be45e40e2;C:\Program Files\Android\Android Studio New\jre\bin\server;C:\Users\JOHN BATISTA\.gradle\native\e1d6ef7f7dcc3fd88c89a11ec53ec762bb8ba0a96d01ffa2cd45eb1d1d8dd5c5\windows-amd64;C:\Users\JOHN BATISTA\.gradle\native\5664cfc778a61ccfe75a443a1ab52a65af34e5dc3c78e0209fed803814484fcb\windows-amd64;C:\Users\JOHN BATISTA\AppData\Local\Temp\native-platform13983987714182103133dir

VM Arguments:
jvm_args: --add-opens=java.base/java.util=ALL-UNNAMED --add-opens=java.base/java.lang=ALL-UNNAMED --add-opens=java.base/java.lang.invoke=ALL-UNNAMED --add-opens=java.base/java.util=ALL-UNNAMED --add-opens=java.prefs/java.util.prefs=ALL-UNNAMED --add-opens=java.prefs/java.util.prefs=ALL-UNNAMED --add-opens=java.base/java.nio.charset=ALL-UNNAMED --add-opens=java.base/java.net=ALL-UNNAMED --add-opens=java.base/java.util.concurrent.atomic=ALL-UNNAMED -Xmx2048m -Dfile.encoding=UTF-8 -Duser.country=US -Duser.language=en -Duser.variant 
java_command: org.gradle.launcher.daemon.bootstrap.GradleDaemon 7.2
java_class_path (initial): C:\Users\JOHN BATISTA\.gradle\wrapper\dists\gradle-7.2-bin\2dnblmf4td7x66yl1d74lt32g\gradle-7.2\lib\gradle-launcher-7.2.jar
Launcher Type: SUN_STANDARD

[Global flags]
     intx CICompilerCount                          = 3                                         {product} {ergonomic}
     uint ConcGCThreads                            = 1                                         {product} {ergonomic}
     uint G1ConcRefinementThreads                  = 4                                         {product} {ergonomic}
   size_t G1HeapRegionSize                         = 1048576                                   {product} {ergonomic}
    uintx GCDrainStackTargetSize                   = 64                                        {product} {ergonomic}
   size_t InitialHeapSize                          = 134217728                                 {product} {ergonomic}
   size_t MarkStackSize                            = 4194304                                   {product} {ergonomic}
   size_t MaxHeapSize                              = 2147483648                                {product} {command line}
   size_t MaxNewSize                               = 1287651328                                {product} {ergonomic}
   size_t MinHeapDeltaBytes                        = 1048576                                   {product} {ergonomic}
    uintx NonNMethodCodeHeapSize                   = 5830732                                {pd product} {ergonomic}
    uintx NonProfiledCodeHeapSize                  = 122913754                              {pd product} {ergonomic}
    uintx ProfiledCodeHeapSize                     = 122913754                              {pd product} {ergonomic}
    uintx ReservedCodeCacheSize                    = 251658240                              {pd product} {ergonomic}
     bool SegmentedCodeCache                       = true                                      {product} {ergonomic}
     bool UseCompressedClassPointers               = true                                 {lp64_product} {ergonomic}
     bool UseCompressedOops                        = true                                 {lp64_product} {ergonomic}
     bool UseG1GC                                  = true                                      {product} {ergonomic}
     bool UseLargePagesIndividualAllocation        = false                                  {pd product} {ergonomic}

Logging:
Log output configuration:
 #0: stdout all=warning uptime,level,tags
 #1: stderr all=off uptime,level,tags

Environment Variables:
JAVA_HOME=C:\Program Files\Java\jdk-15.0.1
PATH=C:\Program Files\Java\jdk-15.0.1\bin;C:\Program Files\Git\cmd;C:\Program Files\PuTTY\;C:\Program Files\MATLAB\R2013a\runtime\win64;C:\Program Files\MATLAB\R2013a\bin;C:\Program Files\Microsoft VS Code\bin;C:\nodejs\;C:\Users\JOHN BATISTA\AppData\Local\Programs\Python\Python310\Scripts;C:\Users\JOHN BATISTA\AppData\Local\Programs\Python\Python310\Scripts\;C:\Users\JOHN BATISTA\AppData\Local\Programs\Python\Python310\;C:\Users\JOHN BATISTA\AppData\Roaming\npm;
USERNAME=JOHN BATISTA
OS=Windows_NT
PROCESSOR_IDENTIFIER=Intel64 Family 6 Model 142 Stepping 9, GenuineIntel



---------------  S Y S T E M  ---------------

OS: Windows 10 , 64 bit Build 18362 (10.0.18362.1110)
OS uptime: 3 days 14:13 hours

CPU:total 4 (initial active 4) (2 cores per cpu, 2 threads per core) family 6 model 142 stepping 9 microcode 0x8e, cmov, cx8, fxsr, mmx, sse, sse2, sse3, ssse3, sse4.1, sse4.2, popcnt, avx, avx2, aes, clmul, erms, 3dnowpref, lzcnt, ht, tsc, tscinvbit, bmi1, bmi2, adx, fma

Memory: 4k page, system-wide physical 8107M (625M free)
TotalPageFile size 20395M (AvailPageFile size 103M)
current process WorkingSet (physical memory assigned to process): 494M, peak: 494M
current process commit charge ("private bytes"): 523M, peak: 645M

vm_info: OpenJDK 64-Bit Server VM (11.0.11+9-b60-7590822) for windows-amd64 JRE (11.0.11+9-b60-7590822), built on Jul 29 2021 21:43:44 by "builder" with MS VC++ 14.0 (VS2015)

END.
