#
# There is insufficient memory for the Java Runtime Environment to continue.
# Native memory allocation (malloc) failed to allocate 1056176 bytes for Chunk::new
# Possible reasons:
#   The system is out of physical RAM or swap space
#   The process is running with CompressedOops enabled, and the Java Heap may be blocking the growth of the native heap
# Possible solutions:
#   Reduce memory load on the system
#   Increase physical memory or swap space
#   Check if swap backing store is full
#   Decrease Java heap size (-Xmx/-Xms)
#   Decrease number of Java threads
#   Decrease Java thread stack sizes (-Xss)
#   Set larger code cache with -XX:ReservedCodeCacheSize=
#   JVM is running with Unscaled Compressed Oops mode in which the Java heap is
#     placed in the first 4GB address space. The Java Heap base address is the
#     maximum limit for the native heap growth. Please use -XX:HeapBaseMinAddress
#     to set the Java Heap base and to place the Java Heap above 4GB virtual address.
# This output file may be truncated or incomplete.
#
#  Out of Memory Error (./src/hotspot/share/memory/arena.cpp:197), pid=4252, tid=9696
#
# JRE version: OpenJDK Runtime Environment (11.0.11+9) (build 11.0.11+9-b60-7590822)
# Java VM: OpenJDK 64-Bit Server VM (11.0.11+9-b60-7590822, mixed mode, tiered, compressed oops, g1 gc, windows-amd64)
# No core dump will be written. Minidumps are not enabled by default on client versions of Windows
#

---------------  S U M M A R Y ------------

Command Line: --add-opens=java.base/java.util=ALL-UNNAMED --add-opens=java.base/java.lang=ALL-UNNAMED --add-opens=java.base/java.lang.invoke=ALL-UNNAMED --add-opens=java.base/java.util=ALL-UNNAMED --add-opens=java.prefs/java.util.prefs=ALL-UNNAMED --add-opens=java.prefs/java.util.prefs=ALL-UNNAMED --add-opens=java.base/java.nio.charset=ALL-UNNAMED --add-opens=java.base/java.net=ALL-UNNAMED --add-opens=java.base/java.util.concurrent.atomic=ALL-UNNAMED -Xmx2048m -Dfile.encoding=UTF-8 -Duser.country=US -Duser.language=en -Duser.variant org.gradle.launcher.daemon.bootstrap.GradleDaemon 7.2

Host: Intel(R) Core(TM) i3-7020U CPU @ 2.30GHz, 4 cores, 7G,  Windows 10 , 64 bit Build 18362 (10.0.18362.1110)
Time: Tue Jun 14 01:20:33 2022 UTC-11 elapsed time: 22.759467 seconds (0d 0h 0m 22s)

---------------  T H R E A D  ---------------

Current thread (0x00000193ae518800):  JavaThread "C2 CompilerThread1" daemon [_thread_in_native, id=9696, stack(0x000000463ff00000,0x0000004640000000)]


Current CompileTask:
C2:  22759 7641       4       java.lang.invoke.MethodType::makeImpl (108 bytes)

Stack: [0x000000463ff00000,0x0000004640000000]
Native frames: (J=compiled Java code, j=interpreted, Vv=VM code, C=native code)
V  [jvm.dll+0x5f214a]
V  [jvm.dll+0x726fb5]
V  [jvm.dll+0x7285cd]
V  [jvm.dll+0x728c83]
V  [jvm.dll+0x243278]
V  [jvm.dll+0xbc53c]
V  [jvm.dll+0xbca3c]
V  [jvm.dll+0x353e3b]
V  [jvm.dll+0x19895c]
V  [jvm.dll+0x1fc2ee]
V  [jvm.dll+0x1fb3d4]
V  [jvm.dll+0x183d6c]
V  [jvm.dll+0x209a57]
V  [jvm.dll+0x2082a1]
V  [jvm.dll+0x6ef58f]
V  [jvm.dll+0x6e80b5]
V  [jvm.dll+0x5f1036]
C  [ucrtbase.dll+0x210b2]
C  [KERNEL32.DLL+0x17c24]
C  [ntdll.dll+0x6d4d1]


---------------  P R O C E S S  ---------------

Threads class SMR info:
_java_thread_list=0x00000193b60aea70, length=85, elements={
0x00000193920ec800, 0x00000193abccd800, 0x00000193abcd7000, 0x00000193abcec000,
0x00000193abcec800, 0x00000193abcef000, 0x00000193abcf4800, 0x00000193abcfd000,
0x00000193abcfe800, 0x00000193ac79a800, 0x00000193ae47d000, 0x00000193ad403800,
0x00000193ae4f4000, 0x00000193af893000, 0x00000193af894000, 0x00000193ad557800,
0x00000193ad558000, 0x00000193ae400800, 0x00000193ad981800, 0x00000193adec9800,
0x00000193adeca800, 0x00000193adecc000, 0x00000193adecb000, 0x00000193ae518800,
0x00000193af0b3800, 0x00000193af0b2000, 0x00000193af0b4800, 0x00000193af0b6000,
0x00000193af0b0800, 0x00000193af0b3000, 0x00000193af0b1000, 0x00000193af0b7000,
0x00000193af0b7800, 0x00000193af0b9800, 0x00000193af0b5800, 0x00000193af0be800,
0x00000193af0bf000, 0x00000193af0bc000, 0x00000193af0bc800, 0x00000193af0bd800,
0x00000193aebd9800, 0x00000193aebd8000, 0x00000193aebd7000, 0x00000193aebda800,
0x00000193aebdb000, 0x00000193aebdc000, 0x00000193aebd6000, 0x00000193aebdd800,
0x00000193aebdd000, 0x00000193aebde800, 0x00000193aebd8800, 0x00000193aebe1800,
0x00000193aebdf000, 0x00000193aebe0000, 0x00000193aebe1000, 0x00000193aebe5000,
0x00000193aebe2800, 0x00000193aebe3800, 0x00000193aebe4000, 0x00000193b2211800,
0x00000193b2215800, 0x00000193b220f800, 0x00000193b2210800, 0x00000193b2214800,
0x00000193b2213000, 0x00000193b2212000, 0x00000193b2216800, 0x00000193b2214000,
0x00000193b2999800, 0x00000193b299a800, 0x00000193b2997000, 0x00000193b2998800,
0x00000193b2996000, 0x00000193b299b000, 0x00000193b299c800, 0x00000193b299c000,
0x00000193b299d800, 0x00000193b2998000, 0x00000193b29a0000, 0x00000193b29a2800,
0x00000193b29a1800, 0x00000193b29a3800, 0x00000193b29a4000, 0x00000193b299e800,
0x00000193b29a5000
}

Java Threads: ( => current thread )
  0x00000193920ec800 JavaThread "main" [_thread_blocked, id=7664, stack(0x000000463de00000,0x000000463df00000)]
  0x00000193abccd800 JavaThread "Reference Handler" daemon [_thread_blocked, id=17372, stack(0x000000463e500000,0x000000463e600000)]
  0x00000193abcd7000 JavaThread "Finalizer" daemon [_thread_blocked, id=6992, stack(0x000000463e600000,0x000000463e700000)]
  0x00000193abcec000 JavaThread "Signal Dispatcher" daemon [_thread_blocked, id=16428, stack(0x000000463e700000,0x000000463e800000)]
  0x00000193abcec800 JavaThread "Attach Listener" daemon [_thread_blocked, id=17532, stack(0x000000463e800000,0x000000463e900000)]
  0x00000193abcef000 JavaThread "Service Thread" daemon [_thread_blocked, id=15296, stack(0x000000463e900000,0x000000463ea00000)]
  0x00000193abcf4800 JavaThread "C2 CompilerThread0" daemon [_thread_in_native, id=16784, stack(0x000000463ea00000,0x000000463eb00000)]
  0x00000193abcfd000 JavaThread "C1 CompilerThread0" daemon [_thread_blocked, id=8196, stack(0x000000463eb00000,0x000000463ec00000)]
  0x00000193abcfe800 JavaThread "Sweeper thread" daemon [_thread_blocked, id=14120, stack(0x000000463ec00000,0x000000463ed00000)]
  0x00000193ac79a800 JavaThread "Common-Cleaner" daemon [_thread_blocked, id=13412, stack(0x000000463ed00000,0x000000463ee00000)]
  0x00000193ae47d000 JavaThread "Daemon health stats" [_thread_blocked, id=16564, stack(0x000000463f200000,0x000000463f300000)]
  0x00000193ad403800 JavaThread "Incoming local TCP Connector on port 55039" [_thread_in_native, id=12168, stack(0x000000463ef00000,0x000000463f000000)]
  0x00000193ae4f4000 JavaThread "Daemon periodic checks" [_thread_blocked, id=6396, stack(0x000000463f300000,0x000000463f400000)]
  0x00000193af893000 JavaThread "Daemon" [_thread_blocked, id=2716, stack(0x000000463f400000,0x000000463f500000)]
  0x00000193af894000 JavaThread "Handler for socket connection from /127.0.0.1:55039 to /127.0.0.1:55040" [_thread_in_native, id=15936, stack(0x000000463f500000,0x000000463f600000)]
  0x00000193ad557800 JavaThread "Cancel handler" [_thread_blocked, id=1548, stack(0x000000463f600000,0x000000463f700000)]
  0x00000193ad558000 JavaThread "Daemon worker" [_thread_blocked, id=11032, stack(0x000000463f700000,0x000000463f800000)]
  0x00000193ae400800 JavaThread "Asynchronous log dispatcher for DefaultDaemonConnection: socket connection from /127.0.0.1:55039 to /127.0.0.1:55040" [_thread_blocked, id=12248, stack(0x000000463f800000,0x000000463f900000)]
  0x00000193ad981800 JavaThread "Stdin handler" [_thread_blocked, id=18376, stack(0x000000463f900000,0x000000463fa00000)]
  0x00000193adec9800 JavaThread "Daemon client event forwarder" [_thread_blocked, id=9648, stack(0x000000463fa00000,0x000000463fb00000)]
  0x00000193adeca800 JavaThread "Cache worker for journal cache (C:\Users\JOHN BATISTA\.gradle\caches\journal-1)" [_thread_blocked, id=16956, stack(0x000000463fc00000,0x000000463fd00000)]
  0x00000193adecc000 JavaThread "File lock request listener" [_thread_in_native, id=17000, stack(0x000000463fd00000,0x000000463fe00000)]
  0x00000193adecb000 JavaThread "Cache worker for file hash cache (C:\Users\JOHN BATISTA\.gradle\caches\7.2\fileHashes)" [_thread_blocked, id=18180, stack(0x000000463fe00000,0x000000463ff00000)]
=>0x00000193ae518800 JavaThread "C2 CompilerThread1" daemon [_thread_in_native, id=9696, stack(0x000000463ff00000,0x0000004640000000)]
  0x00000193af0b3800 JavaThread "Cache worker for file hash cache (C:\Users\JOHN BATISTA\AndroidStudioProjects\SportsApplication\.gradle\7.2\fileHashes)" [_thread_blocked, id=16724, stack(0x0000004640000000,0x0000004640100000)]
  0x00000193af0b2000 JavaThread "File watcher server" daemon [_thread_in_native, id=5356, stack(0x0000004640100000,0x0000004640200000)]
  0x00000193af0b4800 JavaThread "File watcher consumer" daemon [_thread_blocked, id=9920, stack(0x0000004640200000,0x0000004640300000)]
  0x00000193af0b6000 JavaThread "Cache worker for checksums cache (C:\Users\JOHN BATISTA\AndroidStudioProjects\SportsApplication\.gradle\checksums)" [_thread_blocked, id=8476, stack(0x0000004640300000,0x0000004640400000)]
  0x00000193af0b0800 JavaThread "Cache worker for cache directory md-supplier (C:\Users\JOHN BATISTA\.gradle\caches\7.2\md-supplier)" [_thread_blocked, id=5140, stack(0x0000004640400000,0x0000004640500000)]
  0x00000193af0b3000 JavaThread "Cache worker for cache directory md-rule (C:\Users\JOHN BATISTA\.gradle\caches\7.2\md-rule)" [_thread_blocked, id=9928, stack(0x0000004640500000,0x0000004640600000)]
  0x00000193af0b1000 JavaThread "Cache worker for execution history cache (C:\Users\JOHN BATISTA\.gradle\caches\7.2\executionHistory)" [_thread_blocked, id=4828, stack(0x0000004640600000,0x0000004640700000)]
  0x00000193af0b7000 JavaThread "jar transforms" [_thread_blocked, id=10200, stack(0x0000004640700000,0x0000004640800000)]
  0x00000193af0b7800 JavaThread "Cache worker for file content cache (C:\Users\JOHN BATISTA\.gradle\caches\7.2\fileContent)" [_thread_blocked, id=9064, stack(0x0000004640800000,0x0000004640900000)]
  0x00000193af0b9800 JavaThread "jar transforms Thread 2" [_thread_blocked, id=15688, stack(0x0000004640900000,0x0000004640a00000)]
  0x00000193af0b5800 JavaThread "Cache worker for dependencies-accessors (C:\Users\JOHN BATISTA\AndroidStudioProjects\SportsApplication\.gradle\7.2\dependencies-accessors)" [_thread_blocked, id=13776, stack(0x0000004640a00000,0x0000004640b00000)]
  0x00000193af0be800 JavaThread "jar transforms Thread 3" [_thread_blocked, id=12880, stack(0x0000004640b00000,0x0000004640c00000)]
  0x00000193af0bf000 JavaThread "Cache worker for Build Output Cleanup Cache (C:\Users\JOHN BATISTA\AndroidStudioProjects\SportsApplication\.gradle\buildOutputCleanup)" [_thread_blocked, id=11324, stack(0x0000004640c00000,0x0000004640d00000)]
  0x00000193af0bc000 JavaThread "Unconstrained build operations" [_thread_blocked, id=5564, stack(0x0000004640d00000,0x0000004640e00000)]
  0x00000193af0bc800 JavaThread "Unconstrained build operations Thread 2" [_thread_blocked, id=3360, stack(0x0000004640e00000,0x0000004640f00000)]
  0x00000193af0bd800 JavaThread "Unconstrained build operations Thread 3" [_thread_blocked, id=8148, stack(0x0000004640f00000,0x0000004641000000)]
  0x00000193aebd9800 JavaThread "Unconstrained build operations Thread 4" [_thread_blocked, id=7204, stack(0x0000004641000000,0x0000004641100000)]
  0x00000193aebd8000 JavaThread "Unconstrained build operations Thread 5" [_thread_blocked, id=7268, stack(0x0000004641100000,0x0000004641200000)]
  0x00000193aebd7000 JavaThread "Unconstrained build operations Thread 6" [_thread_blocked, id=11860, stack(0x0000004641200000,0x0000004641300000)]
  0x00000193aebda800 JavaThread "Unconstrained build operations Thread 7" [_thread_blocked, id=12220, stack(0x0000004641300000,0x0000004641400000)]
  0x00000193aebdb000 JavaThread "Unconstrained build operations Thread 8" [_thread_blocked, id=5532, stack(0x0000004641400000,0x0000004641500000)]
  0x00000193aebdc000 JavaThread "Unconstrained build operations Thread 9" [_thread_blocked, id=13628, stack(0x0000004641500000,0x0000004641600000)]
  0x00000193aebd6000 JavaThread "Unconstrained build operations Thread 10" [_thread_blocked, id=4604, stack(0x0000004641600000,0x0000004641700000)]
  0x00000193aebdd800 JavaThread "Unconstrained build operations Thread 11" [_thread_blocked, id=3692, stack(0x0000004641700000,0x0000004641800000)]
  0x00000193aebdd000 JavaThread "Unconstrained build operations Thread 12" [_thread_blocked, id=8176, stack(0x0000004641800000,0x0000004641900000)]
  0x00000193aebde800 JavaThread "Unconstrained build operations Thread 13" [_thread_blocked, id=17808, stack(0x0000004641900000,0x0000004641a00000)]
  0x00000193aebd8800 JavaThread "Unconstrained build operations Thread 14" [_thread_blocked, id=4512, stack(0x0000004641a00000,0x0000004641b00000)]
  0x00000193aebe1800 JavaThread "Unconstrained build operations Thread 15" [_thread_blocked, id=11492, stack(0x0000004641b00000,0x0000004641c00000)]
  0x00000193aebdf000 JavaThread "Unconstrained build operations Thread 16" [_thread_blocked, id=8216, stack(0x0000004641c00000,0x0000004641d00000)]
  0x00000193aebe0000 JavaThread "Unconstrained build operations Thread 17" [_thread_blocked, id=11856, stack(0x0000004641d00000,0x0000004641e00000)]
  0x00000193aebe1000 JavaThread "Unconstrained build operations Thread 18" [_thread_blocked, id=3084, stack(0x0000004641e00000,0x0000004641f00000)]
  0x00000193aebe5000 JavaThread "Unconstrained build operations Thread 19" [_thread_blocked, id=17876, stack(0x0000004641f00000,0x0000004642000000)]
  0x00000193aebe2800 JavaThread "Unconstrained build operations Thread 20" [_thread_blocked, id=15580, stack(0x0000004642000000,0x0000004642100000)]
  0x00000193aebe3800 JavaThread "Unconstrained build operations Thread 21" [_thread_blocked, id=2752, stack(0x0000004642100000,0x0000004642200000)]
  0x00000193aebe4000 JavaThread "Unconstrained build operations Thread 22" [_thread_blocked, id=14148, stack(0x0000004642200000,0x0000004642300000)]
  0x00000193b2211800 JavaThread "Unconstrained build operations Thread 23" [_thread_blocked, id=13624, stack(0x0000004642300000,0x0000004642400000)]
  0x00000193b2215800 JavaThread "Unconstrained build operations Thread 24" [_thread_blocked, id=7576, stack(0x0000004642400000,0x0000004642500000)]
  0x00000193b220f800 JavaThread "Unconstrained build operations Thread 25" [_thread_blocked, id=8540, stack(0x0000004642500000,0x0000004642600000)]
  0x00000193b2210800 JavaThread "Unconstrained build operations Thread 26" [_thread_blocked, id=1968, stack(0x0000004642600000,0x0000004642700000)]
  0x00000193b2214800 JavaThread "Unconstrained build operations Thread 27" [_thread_blocked, id=7488, stack(0x0000004642700000,0x0000004642800000)]
  0x00000193b2213000 JavaThread "Unconstrained build operations Thread 28" [_thread_blocked, id=10792, stack(0x0000004642800000,0x0000004642900000)]
  0x00000193b2212000 JavaThread "Unconstrained build operations Thread 29" [_thread_blocked, id=16896, stack(0x0000004642900000,0x0000004642a00000)]
  0x00000193b2216800 JavaThread "Unconstrained build operations Thread 30" [_thread_blocked, id=13936, stack(0x0000004642a00000,0x0000004642b00000)]
  0x00000193b2214000 JavaThread "Unconstrained build operations Thread 31" [_thread_blocked, id=17500, stack(0x0000004642b00000,0x0000004642c00000)]
  0x00000193b2999800 JavaThread "Unconstrained build operations Thread 32" [_thread_blocked, id=5604, stack(0x0000004642c00000,0x0000004642d00000)]
  0x00000193b299a800 JavaThread "Unconstrained build operations Thread 33" [_thread_blocked, id=3668, stack(0x0000004642d00000,0x0000004642e00000)]
  0x00000193b2997000 JavaThread "Unconstrained build operations Thread 34" [_thread_blocked, id=16044, stack(0x0000004642e00000,0x0000004642f00000)]
  0x00000193b2998800 JavaThread "Unconstrained build operations Thread 35" [_thread_blocked, id=13444, stack(0x0000004642f00000,0x0000004643000000)]
  0x00000193b2996000 JavaThread "Unconstrained build operations Thread 36" [_thread_blocked, id=10640, stack(0x0000004643000000,0x0000004643100000)]
  0x00000193b299b000 JavaThread "Unconstrained build operations Thread 37" [_thread_blocked, id=10632, stack(0x0000004643100000,0x0000004643200000)]
  0x00000193b299c800 JavaThread "Unconstrained build operations Thread 38" [_thread_blocked, id=15196, stack(0x0000004643200000,0x0000004643300000)]
  0x00000193b299c000 JavaThread "Unconstrained build operations Thread 39" [_thread_blocked, id=8672, stack(0x0000004643300000,0x0000004643400000)]
  0x00000193b299d800 JavaThread "Unconstrained build operations Thread 40" [_thread_blocked, id=4716, stack(0x0000004643400000,0x0000004643500000)]
  0x00000193b2998000 JavaThread "jar transforms Thread 4" [_thread_blocked, id=10788, stack(0x0000004643500000,0x0000004643600000)]
  0x00000193b29a0000 JavaThread "Memory manager" [_thread_blocked, id=16828, stack(0x0000004643600000,0x0000004643700000)]
  0x00000193b29a2800 JavaThread "build event listener" [_thread_blocked, id=16748, stack(0x0000004643700000,0x0000004643800000)]
  0x00000193b29a1800 JavaThread "build event listener" [_thread_blocked, id=17044, stack(0x0000004643800000,0x0000004643900000)]
  0x00000193b29a3800 JavaThread "Execution worker for ':'" [_thread_blocked, id=2168, stack(0x0000004643900000,0x0000004643a00000)]
  0x00000193b29a4000 JavaThread "Execution worker for ':' Thread 2" [_thread_blocked, id=6080, stack(0x0000004643a00000,0x0000004643b00000)]
  0x00000193b299e800 JavaThread "Execution worker for ':' Thread 3" [_thread_in_native, id=1252, stack(0x0000004643b00000,0x0000004643c00000)]
  0x00000193b29a5000 JavaThread "Cache worker for execution history cache (C:\Users\JOHN BATISTA\AndroidStudioProjects\SportsApplication\.gradle\7.2\executionHistory)" [_thread_blocked, id=18192, stack(0x0000004643c00000,0x0000004643d00000)]

Other Threads:
  0x00000193abcc9000 VMThread "VM Thread" [stack: 0x000000463e400000,0x000000463e500000] [id=18052]
  0x00000193ac7ac000 WatcherThread [stack: 0x000000463ee00000,0x000000463ef00000] [id=18088]
  0x0000019392106800 GCTaskThread "GC Thread#0" [stack: 0x000000463df00000,0x000000463e000000] [id=12436]
  0x00000193ad0f2000 GCTaskThread "GC Thread#1" [stack: 0x000000463f000000,0x000000463f100000] [id=6656]
  0x00000193ad0d7000 GCTaskThread "GC Thread#2" [stack: 0x000000463f100000,0x000000463f200000] [id=2724]
  0x00000193ae043800 GCTaskThread "GC Thread#3" [stack: 0x000000463fb00000,0x000000463fc00000] [id=1812]
  0x0000019392138000 ConcurrentGCThread "G1 Main Marker" [stack: 0x000000463e000000,0x000000463e100000] [id=10400]
  0x0000019392139000 ConcurrentGCThread "G1 Conc#0" [stack: 0x000000463e100000,0x000000463e200000] [id=7824]
  0x00000193abb20800 ConcurrentGCThread "G1 Refine#0" [stack: 0x000000463e200000,0x000000463e300000] [id=5360]
  0x00000193abb21000 ConcurrentGCThread "G1 Young RemSet Sampling" [stack: 0x000000463e300000,0x000000463e400000] [id=16236]

Threads with active compile tasks:
C2 CompilerThread0  23258 7629       4       java.lang.invoke.MemberName::getMethodOrFieldType (72 bytes)
C2 CompilerThread1  23258 7641       4       java.lang.invoke.MethodType::makeImpl (108 bytes)

VM state:not at safepoint (normal execution)

VM Mutex/Monitor currently owned by a thread: None

Heap address: 0x0000000080000000, size: 2048 MB, Compressed Oops mode: 32-bit
Narrow klass base: 0x0000000000000000, Narrow klass shift: 3
Compressed class space size: 1073741824 Address: 0x0000000100000000

Heap:
 garbage-first heap   total 189440K, used 134196K [0x0000000080000000, 0x0000000100000000)
  region size 1024K, 78 young (79872K), 11 survivors (11264K)
 Metaspace       used 76978K, capacity 78869K, committed 79104K, reserved 1118208K
  class space    used 9987K, capacity 10702K, committed 10752K, reserved 1048576K
Heap Regions: E=young(eden), S=young(survivor), O=old, HS=humongous(starts), HC=humongous(continues), CS=collection set, F=free, A=archive, TAMS=top-at-mark-start (previous, next)
|   0|0x0000000080000000, 0x0000000080100000, 0x0000000080100000|100%|HS|  |TAMS 0x0000000080100000, 0x0000000080000000| Complete 
|   1|0x0000000080100000, 0x0000000080200000, 0x0000000080200000|100%|HC|  |TAMS 0x0000000080200000, 0x0000000080100000| Complete 
|   2|0x0000000080200000, 0x0000000080300000, 0x0000000080300000|100%|HC|  |TAMS 0x0000000080300000, 0x0000000080200000| Complete 
|   3|0x0000000080300000, 0x0000000080400000, 0x0000000080400000|100%| O|  |TAMS 0x0000000080400000, 0x0000000080300000| Untracked 
|   4|0x0000000080400000, 0x0000000080500000, 0x0000000080500000|100%| O|  |TAMS 0x0000000080500000, 0x0000000080400000| Untracked 
|   5|0x0000000080500000, 0x0000000080600000, 0x0000000080600000|100%| O|  |TAMS 0x0000000080600000, 0x0000000080500000| Untracked 
|   6|0x0000000080600000, 0x0000000080700000, 0x0000000080700000|100%| O|  |TAMS 0x0000000080700000, 0x0000000080600000| Untracked 
|   7|0x0000000080700000, 0x0000000080800000, 0x0000000080800000|100%| O|  |TAMS 0x0000000080800000, 0x0000000080700000| Untracked 
|   8|0x0000000080800000, 0x0000000080900000, 0x0000000080900000|100%| O|  |TAMS 0x0000000080900000, 0x0000000080800000| Untracked 
|   9|0x0000000080900000, 0x0000000080a00000, 0x0000000080a00000|100%| O|  |TAMS 0x0000000080a00000, 0x0000000080900000| Untracked 
|  10|0x0000000080a00000, 0x0000000080b00000, 0x0000000080b00000|100%| O|  |TAMS 0x0000000080b00000, 0x0000000080a00000| Untracked 
|  11|0x0000000080b00000, 0x0000000080c00000, 0x0000000080c00000|100%| O|  |TAMS 0x0000000080c00000, 0x0000000080b00000| Untracked 
|  12|0x0000000080c00000, 0x0000000080d00000, 0x0000000080d00000|100%| O|  |TAMS 0x0000000080d00000, 0x0000000080c00000| Untracked 
|  13|0x0000000080d00000, 0x0000000080e00000, 0x0000000080e00000|100%| O|  |TAMS 0x0000000080e00000, 0x0000000080d00000| Untracked 
|  14|0x0000000080e00000, 0x0000000080f00000, 0x0000000080f00000|100%| O|  |TAMS 0x0000000080f00000, 0x0000000080e00000| Untracked 
|  15|0x0000000080f00000, 0x0000000081000000, 0x0000000081000000|100%| O|  |TAMS 0x0000000081000000, 0x0000000080f00000| Untracked 
|  16|0x0000000081000000, 0x0000000081100000, 0x0000000081100000|100%| O|  |TAMS 0x0000000081100000, 0x0000000081000000| Untracked 
|  17|0x0000000081100000, 0x0000000081200000, 0x0000000081200000|100%|HS|  |TAMS 0x0000000081200000, 0x0000000081100000| Complete 
|  18|0x0000000081200000, 0x0000000081300000, 0x0000000081300000|100%| O|  |TAMS 0x0000000081300000, 0x0000000081200000| Untracked 
|  19|0x0000000081300000, 0x0000000081400000, 0x0000000081400000|100%| O|  |TAMS 0x0000000081400000, 0x0000000081300000| Untracked 
|  20|0x0000000081400000, 0x0000000081500000, 0x0000000081500000|100%| O|  |TAMS 0x0000000081500000, 0x0000000081400000| Untracked 
|  21|0x0000000081500000, 0x0000000081600000, 0x0000000081600000|100%| O|  |TAMS 0x0000000081600000, 0x0000000081500000| Untracked 
|  22|0x0000000081600000, 0x0000000081700000, 0x0000000081700000|100%| O|  |TAMS 0x0000000081700000, 0x0000000081600000| Untracked 
|  23|0x0000000081700000, 0x0000000081800000, 0x0000000081800000|100%| O|  |TAMS 0x0000000081800000, 0x0000000081700000| Untracked 
|  24|0x0000000081800000, 0x0000000081900000, 0x0000000081900000|100%|HS|  |TAMS 0x0000000081900000, 0x0000000081800000| Complete 
|  25|0x0000000081900000, 0x0000000081a00000, 0x0000000081a00000|100%|HS|  |TAMS 0x0000000081a00000, 0x0000000081900000| Complete 
|  26|0x0000000081a00000, 0x0000000081b00000, 0x0000000081b00000|100%|HS|  |TAMS 0x0000000081b00000, 0x0000000081a00000| Complete 
|  27|0x0000000081b00000, 0x0000000081c00000, 0x0000000081c00000|100%|HS|  |TAMS 0x0000000081c00000, 0x0000000081b00000| Complete 
|  28|0x0000000081c00000, 0x0000000081d00000, 0x0000000081d00000|100%|HC|  |TAMS 0x0000000081d00000, 0x0000000081c00000| Complete 
|  29|0x0000000081d00000, 0x0000000081e00000, 0x0000000081e00000|100%|HC|  |TAMS 0x0000000081e00000, 0x0000000081d00000| Complete 
|  30|0x0000000081e00000, 0x0000000081f00000, 0x0000000081f00000|100%|HS|  |TAMS 0x0000000081f00000, 0x0000000081e00000| Complete 
|  31|0x0000000081f00000, 0x0000000082000000, 0x0000000082000000|100%|HC|  |TAMS 0x0000000082000000, 0x0000000081f00000| Complete 
|  32|0x0000000082000000, 0x0000000082100000, 0x0000000082100000|100%| O|  |TAMS 0x0000000082100000, 0x0000000082000000| Untracked 
|  33|0x0000000082100000, 0x0000000082200000, 0x0000000082200000|100%| O|  |TAMS 0x0000000082200000, 0x0000000082100000| Untracked 
|  34|0x0000000082200000, 0x0000000082300000, 0x0000000082300000|100%| O|  |TAMS 0x0000000082300000, 0x0000000082200000| Untracked 
|  35|0x0000000082300000, 0x0000000082400000, 0x0000000082400000|100%| O|  |TAMS 0x0000000082400000, 0x0000000082300000| Untracked 
|  36|0x0000000082400000, 0x0000000082500000, 0x0000000082500000|100%| O|  |TAMS 0x0000000082500000, 0x0000000082400000| Untracked 
|  37|0x0000000082500000, 0x0000000082600000, 0x0000000082600000|100%| O|  |TAMS 0x0000000082600000, 0x0000000082500000| Untracked 
|  38|0x0000000082600000, 0x0000000082700000, 0x0000000082700000|100%| O|  |TAMS 0x0000000082700000, 0x0000000082600000| Untracked 
|  39|0x0000000082700000, 0x0000000082800000, 0x0000000082800000|100%| O|  |TAMS 0x0000000082800000, 0x0000000082700000| Untracked 
|  40|0x0000000082800000, 0x0000000082900000, 0x0000000082900000|100%| O|  |TAMS 0x0000000082900000, 0x0000000082800000| Untracked 
|  41|0x0000000082900000, 0x0000000082a00000, 0x0000000082a00000|100%| O|  |TAMS 0x0000000082a00000, 0x0000000082900000| Untracked 
|  42|0x0000000082a00000, 0x0000000082b00000, 0x0000000082b00000|100%| O|  |TAMS 0x0000000082b00000, 0x0000000082a00000| Untracked 
|  43|0x0000000082b00000, 0x0000000082c00000, 0x0000000082c00000|100%| O|  |TAMS 0x0000000082c00000, 0x0000000082b00000| Untracked 
|  44|0x0000000082c00000, 0x0000000082d00000, 0x0000000082d00000|100%| O|  |TAMS 0x0000000082d00000, 0x0000000082c00000| Untracked 
|  45|0x0000000082d00000, 0x0000000082e00000, 0x0000000082e00000|100%| O|  |TAMS 0x0000000082e00000, 0x0000000082d00000| Untracked 
|  46|0x0000000082e00000, 0x0000000082f00000, 0x0000000082f00000|100%| O|  |TAMS 0x0000000082f00000, 0x0000000082e00000| Untracked 
|  47|0x0000000082f00000, 0x0000000083000000, 0x0000000083000000|100%| O|  |TAMS 0x0000000083000000, 0x0000000082f00000| Untracked 
|  48|0x0000000083000000, 0x0000000083100000, 0x0000000083100000|100%| O|  |TAMS 0x0000000083100000, 0x0000000083000000| Untracked 
|  49|0x0000000083100000, 0x0000000083200000, 0x0000000083200000|100%| O|  |TAMS 0x0000000083200000, 0x0000000083100000| Untracked 
|  50|0x0000000083200000, 0x0000000083300000, 0x0000000083300000|100%| O|  |TAMS 0x0000000083200000, 0x0000000083200000| Untracked 
|  51|0x0000000083300000, 0x0000000083400000, 0x0000000083400000|100%| O|  |TAMS 0x0000000083300000, 0x0000000083300000| Untracked 
|  52|0x0000000083400000, 0x000000008340d200, 0x0000000083500000|  5%| O|  |TAMS 0x0000000083400000, 0x0000000083400000| Untracked 
|  53|0x0000000083500000, 0x0000000083500000, 0x0000000083600000|  0%| F|  |TAMS 0x0000000083500000, 0x0000000083500000| Untracked 
|  54|0x0000000083600000, 0x0000000083600000, 0x0000000083700000|  0%| F|  |TAMS 0x0000000083600000, 0x0000000083600000| Untracked 
|  55|0x0000000083700000, 0x0000000083700000, 0x0000000083800000|  0%| F|  |TAMS 0x0000000083700000, 0x0000000083700000| Untracked 
|  56|0x0000000083800000, 0x0000000083800000, 0x0000000083900000|  0%| F|  |TAMS 0x0000000083800000, 0x0000000083800000| Untracked 
|  57|0x0000000083900000, 0x0000000083900000, 0x0000000083a00000|  0%| F|  |TAMS 0x0000000083900000, 0x0000000083900000| Untracked 
|  58|0x0000000083a00000, 0x0000000083a00000, 0x0000000083b00000|  0%| F|  |TAMS 0x0000000083a00000, 0x0000000083a00000| Untracked 
|  59|0x0000000083b00000, 0x0000000083b00000, 0x0000000083c00000|  0%| F|  |TAMS 0x0000000083b00000, 0x0000000083b00000| Untracked 
|  60|0x0000000083c00000, 0x0000000083c00000, 0x0000000083d00000|  0%| F|  |TAMS 0x0000000083c00000, 0x0000000083c00000| Untracked 
|  61|0x0000000083d00000, 0x0000000083d00000, 0x0000000083e00000|  0%| F|  |TAMS 0x0000000083d00000, 0x0000000083d00000| Untracked 
|  62|0x0000000083e00000, 0x0000000083f00000, 0x0000000083f00000|100%| O|  |TAMS 0x0000000083f00000, 0x0000000083e00000| Untracked 
|  63|0x0000000083f00000, 0x0000000084000000, 0x0000000084000000|100%| O|  |TAMS 0x0000000083f4f600, 0x0000000083f00000| Untracked 
|  64|0x0000000084000000, 0x0000000084000000, 0x0000000084100000|  0%| F|  |TAMS 0x0000000084000000, 0x0000000084000000| Untracked 
|  65|0x0000000084100000, 0x0000000084100000, 0x0000000084200000|  0%| F|  |TAMS 0x0000000084100000, 0x0000000084100000| Untracked 
|  66|0x0000000084200000, 0x0000000084200000, 0x0000000084300000|  0%| F|  |TAMS 0x0000000084200000, 0x0000000084200000| Untracked 
|  67|0x0000000084300000, 0x0000000084300000, 0x0000000084400000|  0%| F|  |TAMS 0x0000000084300000, 0x0000000084300000| Untracked 
|  68|0x0000000084400000, 0x0000000084400000, 0x0000000084500000|  0%| F|  |TAMS 0x0000000084400000, 0x0000000084400000| Untracked 
|  69|0x0000000084500000, 0x0000000084500000, 0x0000000084600000|  0%| F|  |TAMS 0x0000000084500000, 0x0000000084500000| Untracked 
|  70|0x0000000084600000, 0x0000000084600000, 0x0000000084700000|  0%| F|  |TAMS 0x0000000084600000, 0x0000000084600000| Untracked 
|  71|0x0000000084700000, 0x0000000084700000, 0x0000000084800000|  0%| F|  |TAMS 0x0000000084700000, 0x0000000084700000| Untracked 
|  72|0x0000000084800000, 0x0000000084800000, 0x0000000084900000|  0%| F|  |TAMS 0x0000000084800000, 0x0000000084800000| Untracked 
|  73|0x0000000084900000, 0x0000000084900000, 0x0000000084a00000|  0%| F|  |TAMS 0x0000000084900000, 0x0000000084900000| Untracked 
|  74|0x0000000084a00000, 0x0000000084a00000, 0x0000000084b00000|  0%| F|  |TAMS 0x0000000084a00000, 0x0000000084a00000| Untracked 
|  75|0x0000000084b00000, 0x0000000084b00000, 0x0000000084c00000|  0%| F|  |TAMS 0x0000000084b00000, 0x0000000084b00000| Untracked 
|  76|0x0000000084c00000, 0x0000000084c00000, 0x0000000084d00000|  0%| F|  |TAMS 0x0000000084c00000, 0x0000000084c00000| Untracked 
|  77|0x0000000084d00000, 0x0000000084d00000, 0x0000000084e00000|  0%| F|  |TAMS 0x0000000084d00000, 0x0000000084d00000| Untracked 
|  78|0x0000000084e00000, 0x0000000084e00000, 0x0000000084f00000|  0%| F|  |TAMS 0x0000000084e00000, 0x0000000084e00000| Untracked 
|  79|0x0000000084f00000, 0x0000000084f00000, 0x0000000085000000|  0%| F|  |TAMS 0x0000000084f00000, 0x0000000084f00000| Untracked 
|  80|0x0000000085000000, 0x0000000085000000, 0x0000000085100000|  0%| F|  |TAMS 0x0000000085000000, 0x0000000085000000| Untracked 
|  81|0x0000000085100000, 0x0000000085100000, 0x0000000085200000|  0%| F|  |TAMS 0x0000000085100000, 0x0000000085100000| Untracked 
|  82|0x0000000085200000, 0x0000000085200000, 0x0000000085300000|  0%| F|  |TAMS 0x0000000085200000, 0x0000000085200000| Untracked 
|  83|0x0000000085300000, 0x0000000085300000, 0x0000000085400000|  0%| F|  |TAMS 0x0000000085300000, 0x0000000085300000| Untracked 
|  84|0x0000000085400000, 0x0000000085400000, 0x0000000085500000|  0%| F|  |TAMS 0x0000000085400000, 0x0000000085400000| Untracked 
|  85|0x0000000085500000, 0x0000000085500000, 0x0000000085600000|  0%| F|  |TAMS 0x0000000085500000, 0x0000000085500000| Untracked 
|  86|0x0000000085600000, 0x0000000085600000, 0x0000000085700000|  0%| F|  |TAMS 0x0000000085600000, 0x0000000085600000| Untracked 
|  87|0x0000000085700000, 0x0000000085700000, 0x0000000085800000|  0%| F|  |TAMS 0x0000000085700000, 0x0000000085700000| Untracked 
|  88|0x0000000085800000, 0x0000000085800000, 0x0000000085900000|  0%| F|  |TAMS 0x0000000085800000, 0x0000000085800000| Untracked 
|  89|0x0000000085900000, 0x0000000085900000, 0x0000000085a00000|  0%| F|  |TAMS 0x0000000085900000, 0x0000000085900000| Untracked 
|  90|0x0000000085a00000, 0x0000000085a00000, 0x0000000085b00000|  0%| F|  |TAMS 0x0000000085a00000, 0x0000000085a00000| Untracked 
|  91|0x0000000085b00000, 0x0000000085b00000, 0x0000000085c00000|  0%| F|  |TAMS 0x0000000085b00000, 0x0000000085b00000| Untracked 
|  92|0x0000000085c00000, 0x0000000085c00000, 0x0000000085d00000|  0%| F|  |TAMS 0x0000000085c00000, 0x0000000085c00000| Untracked 
|  93|0x0000000085d00000, 0x0000000085e00000, 0x0000000085e00000|100%| S|CS|TAMS 0x0000000085d00000, 0x0000000085d00000| Complete 
|  94|0x0000000085e00000, 0x0000000085f00000, 0x0000000085f00000|100%| S|CS|TAMS 0x0000000085e00000, 0x0000000085e00000| Complete 
|  95|0x0000000085f00000, 0x0000000086000000, 0x0000000086000000|100%| S|CS|TAMS 0x0000000085f00000, 0x0000000085f00000| Complete 
|  96|0x0000000086000000, 0x0000000086100000, 0x0000000086100000|100%| S|CS|TAMS 0x0000000086000000, 0x0000000086000000| Complete 
|  97|0x0000000086100000, 0x0000000086200000, 0x0000000086200000|100%| S|CS|TAMS 0x0000000086100000, 0x0000000086100000| Complete 
|  98|0x0000000086200000, 0x0000000086300000, 0x0000000086300000|100%| S|CS|TAMS 0x0000000086200000, 0x0000000086200000| Complete 
|  99|0x0000000086300000, 0x0000000086400000, 0x0000000086400000|100%| S|CS|TAMS 0x0000000086300000, 0x0000000086300000| Complete 
| 100|0x0000000086400000, 0x0000000086500000, 0x0000000086500000|100%| S|CS|TAMS 0x0000000086400000, 0x0000000086400000| Complete 
| 101|0x0000000086500000, 0x0000000086500000, 0x0000000086600000|  0%| F|  |TAMS 0x0000000086500000, 0x0000000086500000| Untracked 
| 102|0x0000000086600000, 0x0000000086600000, 0x0000000086700000|  0%| F|  |TAMS 0x0000000086600000, 0x0000000086600000| Untracked 
| 103|0x0000000086700000, 0x0000000086700000, 0x0000000086800000|  0%| F|  |TAMS 0x0000000086700000, 0x0000000086700000| Untracked 
| 104|0x0000000086800000, 0x0000000086800000, 0x0000000086900000|  0%| F|  |TAMS 0x0000000086800000, 0x0000000086800000| Untracked 
| 105|0x0000000086900000, 0x0000000086900000, 0x0000000086a00000|  0%| F|  |TAMS 0x0000000086900000, 0x0000000086900000| Untracked 
| 106|0x0000000086a00000, 0x0000000086a00000, 0x0000000086b00000|  0%| F|  |TAMS 0x0000000086a00000, 0x0000000086a00000| Untracked 
| 107|0x0000000086b00000, 0x0000000086b00000, 0x0000000086c00000|  0%| F|  |TAMS 0x0000000086b00000, 0x0000000086b00000| Untracked 
| 108|0x0000000086c00000, 0x0000000086c00000, 0x0000000086d00000|  0%| F|  |TAMS 0x0000000086c00000, 0x0000000086c00000| Untracked 
| 109|0x0000000086d00000, 0x0000000086e00000, 0x0000000086e00000|100%| S|CS|TAMS 0x0000000086d00000, 0x0000000086d00000| Complete 
| 110|0x0000000086e00000, 0x0000000086f00000, 0x0000000086f00000|100%| S|CS|TAMS 0x0000000086e00000, 0x0000000086e00000| Complete 
| 111|0x0000000086f00000, 0x0000000087000000, 0x0000000087000000|100%| S|CS|TAMS 0x0000000086f00000, 0x0000000086f00000| Complete 
| 112|0x0000000087000000, 0x0000000087000000, 0x0000000087100000|  0%| F|  |TAMS 0x0000000087000000, 0x0000000087000000| Untracked 
| 113|0x0000000087100000, 0x0000000087100000, 0x0000000087200000|  0%| F|  |TAMS 0x0000000087100000, 0x0000000087100000| Untracked 
| 114|0x0000000087200000, 0x0000000087200000, 0x0000000087300000|  0%| F|  |TAMS 0x0000000087200000, 0x0000000087200000| Untracked 
| 115|0x0000000087300000, 0x0000000087300000, 0x0000000087400000|  0%| F|  |TAMS 0x0000000087300000, 0x0000000087300000| Untracked 
| 116|0x0000000087400000, 0x0000000087400000, 0x0000000087500000|  0%| F|  |TAMS 0x0000000087400000, 0x0000000087400000| Untracked 
| 117|0x0000000087500000, 0x0000000087500000, 0x0000000087600000|  0%| F|  |TAMS 0x0000000087500000, 0x0000000087500000| Untracked 
| 118|0x0000000087600000, 0x0000000087628670, 0x0000000087700000| 15%| E|  |TAMS 0x0000000087600000, 0x0000000087600000| Complete 
| 119|0x0000000087700000, 0x0000000087800000, 0x0000000087800000|100%| E|CS|TAMS 0x0000000087700000, 0x0000000087700000| Complete 
| 120|0x0000000087800000, 0x0000000087900000, 0x0000000087900000|100%| E|CS|TAMS 0x0000000087800000, 0x0000000087800000| Complete 
| 121|0x0000000087900000, 0x0000000087a00000, 0x0000000087a00000|100%| E|CS|TAMS 0x0000000087900000, 0x0000000087900000| Complete 
| 122|0x0000000087a00000, 0x0000000087b00000, 0x0000000087b00000|100%| E|CS|TAMS 0x0000000087a00000, 0x0000000087a00000| Complete 
| 123|0x0000000087b00000, 0x0000000087c00000, 0x0000000087c00000|100%| E|CS|TAMS 0x0000000087b00000, 0x0000000087b00000| Complete 
| 124|0x0000000087c00000, 0x0000000087d00000, 0x0000000087d00000|100%| E|CS|TAMS 0x0000000087c00000, 0x0000000087c00000| Complete 
| 125|0x0000000087d00000, 0x0000000087e00000, 0x0000000087e00000|100%| E|CS|TAMS 0x0000000087d00000, 0x0000000087d00000| Complete 
| 126|0x0000000087e00000, 0x0000000087f00000, 0x0000000087f00000|100%| E|CS|TAMS 0x0000000087e00000, 0x0000000087e00000| Complete 
| 127|0x0000000087f00000, 0x0000000088000000, 0x0000000088000000|100%| E|CS|TAMS 0x0000000087f00000, 0x0000000087f00000| Complete 
| 128|0x0000000088000000, 0x0000000088100000, 0x0000000088100000|100%| E|CS|TAMS 0x0000000088000000, 0x0000000088000000| Complete 
| 129|0x0000000088100000, 0x0000000088200000, 0x0000000088200000|100%| E|CS|TAMS 0x0000000088100000, 0x0000000088100000| Complete 
| 130|0x0000000088200000, 0x0000000088300000, 0x0000000088300000|100%| E|CS|TAMS 0x0000000088200000, 0x0000000088200000| Complete 
| 131|0x0000000088300000, 0x0000000088400000, 0x0000000088400000|100%| E|CS|TAMS 0x0000000088300000, 0x0000000088300000| Complete 
| 132|0x0000000088400000, 0x0000000088500000, 0x0000000088500000|100%| E|CS|TAMS 0x0000000088400000, 0x0000000088400000| Complete 
| 133|0x0000000088500000, 0x0000000088600000, 0x0000000088600000|100%| E|CS|TAMS 0x0000000088500000, 0x0000000088500000| Complete 
| 134|0x0000000088600000, 0x0000000088700000, 0x0000000088700000|100%| E|CS|TAMS 0x0000000088600000, 0x0000000088600000| Complete 
| 135|0x0000000088700000, 0x0000000088800000, 0x0000000088800000|100%| E|CS|TAMS 0x0000000088700000, 0x0000000088700000| Complete 
| 136|0x0000000088800000, 0x0000000088900000, 0x0000000088900000|100%| E|CS|TAMS 0x0000000088800000, 0x0000000088800000| Complete 
| 137|0x0000000088900000, 0x0000000088a00000, 0x0000000088a00000|100%| E|CS|TAMS 0x0000000088900000, 0x0000000088900000| Complete 
| 138|0x0000000088a00000, 0x0000000088b00000, 0x0000000088b00000|100%| E|CS|TAMS 0x0000000088a00000, 0x0000000088a00000| Complete 
| 139|0x0000000088b00000, 0x0000000088c00000, 0x0000000088c00000|100%| E|CS|TAMS 0x0000000088b00000, 0x0000000088b00000| Complete 
| 140|0x0000000088c00000, 0x0000000088d00000, 0x0000000088d00000|100%| E|CS|TAMS 0x0000000088c00000, 0x0000000088c00000| Complete 
| 141|0x0000000088d00000, 0x0000000088e00000, 0x0000000088e00000|100%| E|CS|TAMS 0x0000000088d00000, 0x0000000088d00000| Complete 
| 142|0x0000000088e00000, 0x0000000088f00000, 0x0000000088f00000|100%| E|CS|TAMS 0x0000000088e00000, 0x0000000088e00000| Complete 
| 143|0x0000000088f00000, 0x0000000089000000, 0x0000000089000000|100%| E|CS|TAMS 0x0000000088f00000, 0x0000000088f00000| Complete 
| 144|0x0000000089000000, 0x0000000089100000, 0x0000000089100000|100%| E|CS|TAMS 0x0000000089000000, 0x0000000089000000| Complete 
| 145|0x0000000089100000, 0x0000000089200000, 0x0000000089200000|100%| E|CS|TAMS 0x0000000089100000, 0x0000000089100000| Complete 
| 146|0x0000000089200000, 0x0000000089300000, 0x0000000089300000|100%| E|CS|TAMS 0x0000000089200000, 0x0000000089200000| Complete 
| 147|0x0000000089300000, 0x0000000089400000, 0x0000000089400000|100%| E|CS|TAMS 0x0000000089300000, 0x0000000089300000| Complete 
| 148|0x0000000089400000, 0x0000000089500000, 0x0000000089500000|100%| E|CS|TAMS 0x0000000089400000, 0x0000000089400000| Complete 
| 149|0x0000000089500000, 0x0000000089600000, 0x0000000089600000|100%| E|CS|TAMS 0x0000000089500000, 0x0000000089500000| Complete 
| 150|0x0000000089600000, 0x0000000089700000, 0x0000000089700000|100%| E|CS|TAMS 0x0000000089600000, 0x0000000089600000| Complete 
| 151|0x0000000089700000, 0x0000000089800000, 0x0000000089800000|100%| E|CS|TAMS 0x0000000089700000, 0x0000000089700000| Complete 
| 152|0x0000000089800000, 0x0000000089900000, 0x0000000089900000|100%| E|CS|TAMS 0x0000000089800000, 0x0000000089800000| Complete 
| 153|0x0000000089900000, 0x0000000089a00000, 0x0000000089a00000|100%| E|CS|TAMS 0x0000000089900000, 0x0000000089900000| Complete 
| 154|0x0000000089a00000, 0x0000000089b00000, 0x0000000089b00000|100%| E|CS|TAMS 0x0000000089a00000, 0x0000000089a00000| Complete 
| 155|0x0000000089b00000, 0x0000000089c00000, 0x0000000089c00000|100%| E|CS|TAMS 0x0000000089b00000, 0x0000000089b00000| Complete 
| 156|0x0000000089c00000, 0x0000000089d00000, 0x0000000089d00000|100%| E|CS|TAMS 0x0000000089c00000, 0x0000000089c00000| Complete 
| 157|0x0000000089d00000, 0x0000000089e00000, 0x0000000089e00000|100%| E|CS|TAMS 0x0000000089d00000, 0x0000000089d00000| Complete 
| 158|0x0000000089e00000, 0x0000000089f00000, 0x0000000089f00000|100%| E|CS|TAMS 0x0000000089e00000, 0x0000000089e00000| Complete 
| 159|0x0000000089f00000, 0x000000008a000000, 0x000000008a000000|100%| E|CS|TAMS 0x0000000089f00000, 0x0000000089f00000| Complete 
| 160|0x000000008a000000, 0x000000008a100000, 0x000000008a100000|100%| E|CS|TAMS 0x000000008a000000, 0x000000008a000000| Complete 
| 161|0x000000008a100000, 0x000000008a200000, 0x000000008a200000|100%| E|CS|TAMS 0x000000008a100000, 0x000000008a100000| Complete 
| 162|0x000000008a200000, 0x000000008a300000, 0x000000008a300000|100%| E|CS|TAMS 0x000000008a200000, 0x000000008a200000| Complete 
| 163|0x000000008a300000, 0x000000008a400000, 0x000000008a400000|100%| E|CS|TAMS 0x000000008a300000, 0x000000008a300000| Complete 
| 164|0x000000008a400000, 0x000000008a500000, 0x000000008a500000|100%| E|CS|TAMS 0x000000008a400000, 0x000000008a400000| Complete 
| 165|0x000000008a500000, 0x000000008a600000, 0x000000008a600000|100%| E|CS|TAMS 0x000000008a500000, 0x000000008a500000| Complete 
| 166|0x000000008a600000, 0x000000008a700000, 0x000000008a700000|100%| E|CS|TAMS 0x000000008a600000, 0x000000008a600000| Complete 
| 167|0x000000008a700000, 0x000000008a800000, 0x000000008a800000|100%| E|CS|TAMS 0x000000008a700000, 0x000000008a700000| Complete 
| 168|0x000000008a800000, 0x000000008a900000, 0x000000008a900000|100%| E|CS|TAMS 0x000000008a800000, 0x000000008a800000| Complete 
| 169|0x000000008a900000, 0x000000008aa00000, 0x000000008aa00000|100%| E|CS|TAMS 0x000000008a900000, 0x000000008a900000| Complete 
| 170|0x000000008aa00000, 0x000000008ab00000, 0x000000008ab00000|100%| E|CS|TAMS 0x000000008aa00000, 0x000000008aa00000| Complete 
| 171|0x000000008ab00000, 0x000000008ac00000, 0x000000008ac00000|100%| E|CS|TAMS 0x000000008ab00000, 0x000000008ab00000| Complete 
| 172|0x000000008ac00000, 0x000000008ad00000, 0x000000008ad00000|100%| E|CS|TAMS 0x000000008ac00000, 0x000000008ac00000| Complete 
| 173|0x000000008ad00000, 0x000000008ae00000, 0x000000008ae00000|100%| E|CS|TAMS 0x000000008ad00000, 0x000000008ad00000| Complete 
| 174|0x000000008ae00000, 0x000000008af00000, 0x000000008af00000|100%| E|CS|TAMS 0x000000008ae00000, 0x000000008ae00000| Complete 
| 175|0x000000008af00000, 0x000000008b000000, 0x000000008b000000|100%| E|CS|TAMS 0x000000008af00000, 0x000000008af00000| Complete 
| 176|0x000000008b000000, 0x000000008b100000, 0x000000008b100000|100%| E|CS|TAMS 0x000000008b000000, 0x000000008b000000| Complete 
| 177|0x000000008b100000, 0x000000008b200000, 0x000000008b200000|100%| E|CS|TAMS 0x000000008b100000, 0x000000008b100000| Complete 
| 178|0x000000008b200000, 0x000000008b300000, 0x000000008b300000|100%| E|CS|TAMS 0x000000008b200000, 0x000000008b200000| Complete 
| 179|0x000000008b300000, 0x000000008b400000, 0x000000008b400000|100%| E|CS|TAMS 0x000000008b300000, 0x000000008b300000| Complete 
| 180|0x000000008b400000, 0x000000008b500000, 0x000000008b500000|100%| E|CS|TAMS 0x000000008b400000, 0x000000008b400000| Complete 
| 181|0x000000008b500000, 0x000000008b600000, 0x000000008b600000|100%| E|CS|TAMS 0x000000008b500000, 0x000000008b500000| Complete 
| 182|0x000000008b600000, 0x000000008b700000, 0x000000008b700000|100%| E|CS|TAMS 0x000000008b600000, 0x000000008b600000| Complete 
| 183|0x000000008b700000, 0x000000008b800000, 0x000000008b800000|100%| E|CS|TAMS 0x000000008b700000, 0x000000008b700000| Complete 
| 184|0x000000008b800000, 0x000000008b900000, 0x000000008b900000|100%| E|CS|TAMS 0x000000008b800000, 0x000000008b800000| Complete 

Card table byte_map: [0x00000193a4fe0000,0x00000193a53e0000] _byte_map_base: 0x00000193a4be0000

Marking Bits (Prev, Next): (CMBitMap*) 0x000001939212ef40, (CMBitMap*) 0x000001939212ef08
 Prev Bits: [0x00000193a77e0000, 0x00000193a97e0000)
 Next Bits: [0x00000193a57e0000, 0x00000193a77e0000)

Polling page: 0x0000019390030000

Metaspace:

Usage:
  Non-class:     66.57 MB capacity,    65.42 MB ( 98%) used,   976.47 KB (  1%) free+waste,   199.56 KB ( <1%) overhead. 
      Class:     10.45 MB capacity,     9.75 MB ( 93%) used,   621.12 KB (  6%) free+waste,    93.31 KB ( <1%) overhead. 
       Both:     77.02 MB capacity,    75.17 MB ( 98%) used,     1.56 MB (  2%) free+waste,   292.88 KB ( <1%) overhead. 

Virtual space:
  Non-class space:       68.00 MB reserved,      66.75 MB ( 98%) committed 
      Class space:        1.00 GB reserved,      10.50 MB (  1%) committed 
             Both:        1.07 GB reserved,      77.25 MB (  7%) committed 

Chunk freelists:
   Non-Class:  57.00 KB
       Class:  18.00 KB
        Both:  75.00 KB

MaxMetaspaceSize: 17179869184.00 GB
CompressedClassSpaceSize: 1.00 GB

CodeHeap 'non-profiled nmethods': size=120064Kb used=4577Kb max_used=4577Kb free=115486Kb
 bounds [0x000001939d6a0000, 0x000001939db20000, 0x00000193a4be0000]
CodeHeap 'profiled nmethods': size=120000Kb used=16306Kb max_used=16306Kb free=103693Kb
 bounds [0x0000019396170000, 0x0000019397160000, 0x000001939d6a0000]
CodeHeap 'non-nmethods': size=5696Kb used=2270Kb max_used=2316Kb free=3425Kb
 bounds [0x0000019395be0000, 0x0000019395e50000, 0x0000019396170000]
 total_blobs=8524 nmethods=7656 adapters=779
 compilation: enabled
              stopped_count=0, restarted_count=0
 full_count=0

Compilation events (20 events):
Event: 22.561 Thread 0x00000193abcfd000 7691       3       java.io.ObjectStreamClass::processQueue (21 bytes)
Event: 22.562 Thread 0x00000193abcfd000 nmethod 7691 0x0000019397153910 code [0x0000019397153b00, 0x0000019397154058]
Event: 22.574 Thread 0x00000193abcfd000 7693       3       java.lang.Class::getDeclaredField (54 bytes)
Event: 22.575 Thread 0x00000193abcfd000 nmethod 7693 0x0000019397154210 code [0x00000193971544c0, 0x0000019397154f58]
Event: 22.592 Thread 0x00000193abcf4800 nmethod 7650 0x000001939db15910 code [0x000001939db15ac0, 0x000001939db16898]
Event: 22.593 Thread 0x00000193abcf4800 7633       4       jdk.internal.reflect.ClassFileAssembler::cpi (22 bytes)
Event: 22.593 Thread 0x00000193abcf4800 nmethod 7633 0x000001939db16a90 code [0x000001939db16c20, 0x000001939db16c98]
Event: 22.593 Thread 0x00000193abcf4800 7681       4       java.lang.Class::getReflectionFactory (26 bytes)
Event: 22.593 Thread 0x00000193abcfd000 7694       3       java.util.LinkedHashMap::clear (15 bytes)
Event: 22.594 Thread 0x00000193abcfd000 nmethod 7694 0x0000019397155310 code [0x00000193971554c0, 0x0000019397155648]
Event: 22.595 Thread 0x00000193abcf4800 nmethod 7681 0x000001939db16d10 code [0x000001939db16ea0, 0x000001939db16ef8]
Event: 22.595 Thread 0x00000193abcf4800 7639       4       jdk.internal.loader.BuiltinClassLoader::loadClass (22 bytes)
Event: 22.596 Thread 0x00000193abcf4800 nmethod 7639 0x000001939db16f90 code [0x000001939db17140, 0x000001939db17278]
Event: 22.596 Thread 0x00000193abcf4800 7682       4       java.lang.reflect.Constructor::getParameterTypes (11 bytes)
Event: 22.598 Thread 0x00000193abcf4800 nmethod 7682 0x000001939db17390 code [0x000001939db17520, 0x000001939db17658]
Event: 22.598 Thread 0x00000193abcf4800 7629       4       java.lang.invoke.MemberName::getMethodOrFieldType (72 bytes)
Event: 22.601 Thread 0x00000193abcfd000 7695       3       sun.nio.fs.WindowsFileAttributes::isSymbolicLink (15 bytes)
Event: 22.602 Thread 0x00000193abcfd000 nmethod 7695 0x0000019397155710 code [0x00000193971558c0, 0x0000019397155a18]
Event: 22.675 Thread 0x00000193abcfd000 7696       3       java.io.File::normalizedList (86 bytes)
Event: 22.676 Thread 0x00000193abcfd000 nmethod 7696 0x0000019397155a90 code [0x0000019397155d00, 0x0000019397156818]

GC Heap History (20 events):
Event: 8.068 GC heap before
{Heap before GC invocations=6 (full 0):
 garbage-first heap   total 131072K, used 67551K [0x0000000080000000, 0x0000000100000000)
  region size 1024K, 54 young (55296K), 5 survivors (5120K)
 Metaspace       used 25798K, capacity 26400K, committed 26624K, reserved 1073152K
  class space    used 3357K, capacity 3580K, committed 3584K, reserved 1048576K
}
Event: 8.080 GC heap after
{Heap after GC invocations=7 (full 0):
 garbage-first heap   total 131072K, used 19376K [0x0000000080000000, 0x0000000100000000)
  region size 1024K, 3 young (3072K), 3 survivors (3072K)
 Metaspace       used 25798K, capacity 26400K, committed 26624K, reserved 1073152K
  class space    used 3357K, capacity 3580K, committed 3584K, reserved 1048576K
}
Event: 9.660 GC heap before
{Heap before GC invocations=7 (full 0):
 garbage-first heap   total 131072K, used 75696K [0x0000000080000000, 0x0000000100000000)
  region size 1024K, 58 young (59392K), 3 survivors (3072K)
 Metaspace       used 32054K, capacity 32767K, committed 33024K, reserved 1077248K
  class space    used 4237K, capacity 4536K, committed 4608K, reserved 1048576K
}
Event: 9.673 GC heap after
{Heap after GC invocations=8 (full 0):
 garbage-first heap   total 131072K, used 21568K [0x0000000080000000, 0x0000000100000000)
  region size 1024K, 6 young (6144K), 6 survivors (6144K)
 Metaspace       used 32054K, capacity 32767K, committed 33024K, reserved 1077248K
  class space    used 4237K, capacity 4536K, committed 4608K, reserved 1048576K
}
Event: 10.157 GC heap before
{Heap before GC invocations=8 (full 0):
 garbage-first heap   total 131072K, used 28736K [0x0000000080000000, 0x0000000100000000)
  region size 1024K, 14 young (14336K), 6 survivors (6144K)
 Metaspace       used 35030K, capacity 35795K, committed 35968K, reserved 1081344K
  class space    used 4541K, capacity 4865K, committed 4992K, reserved 1048576K
}
Event: 10.174 GC heap after
{Heap after GC invocations=9 (full 0):
 garbage-first heap   total 131072K, used 23199K [0x0000000080000000, 0x0000000100000000)
  region size 1024K, 6 young (6144K), 6 survivors (6144K)
 Metaspace       used 35030K, capacity 35795K, committed 35968K, reserved 1081344K
  class space    used 4541K, capacity 4865K, committed 4992K, reserved 1048576K
}
Event: 11.762 GC heap before
{Heap before GC invocations=10 (full 0):
 garbage-first heap   total 131072K, used 86687K [0x0000000080000000, 0x0000000100000000)
  region size 1024K, 66 young (67584K), 6 survivors (6144K)
 Metaspace       used 39326K, capacity 40185K, committed 40448K, reserved 1085440K
  class space    used 5033K, capacity 5363K, committed 5376K, reserved 1048576K
}
Event: 11.784 GC heap after
{Heap after GC invocations=11 (full 0):
 garbage-first heap   total 157696K, used 27890K [0x0000000080000000, 0x0000000100000000)
  region size 1024K, 9 young (9216K), 9 survivors (9216K)
 Metaspace       used 39326K, capacity 40185K, committed 40448K, reserved 1085440K
  class space    used 5033K, capacity 5363K, committed 5376K, reserved 1048576K
}
Event: 13.316 GC heap before
{Heap before GC invocations=11 (full 0):
 garbage-first heap   total 157696K, used 98546K [0x0000000080000000, 0x0000000100000000)
  region size 1024K, 78 young (79872K), 9 survivors (9216K)
 Metaspace       used 44936K, capacity 46007K, committed 46208K, reserved 1089536K
  class space    used 5760K, capacity 6164K, committed 6272K, reserved 1048576K
}
Event: 13.334 GC heap after
{Heap after GC invocations=12 (full 0):
 garbage-first heap   total 157696K, used 30767K [0x0000000080000000, 0x0000000100000000)
  region size 1024K, 8 young (8192K), 8 survivors (8192K)
 Metaspace       used 44936K, capacity 46007K, committed 46208K, reserved 1089536K
  class space    used 5760K, capacity 6164K, committed 6272K, reserved 1048576K
}
Event: 15.740 GC heap before
{Heap before GC invocations=12 (full 0):
 garbage-first heap   total 157696K, used 124975K [0x0000000080000000, 0x0000000100000000)
  region size 1024K, 92 young (94208K), 8 survivors (8192K)
 Metaspace       used 48518K, capacity 49785K, committed 49920K, reserved 1093632K
  class space    used 6169K, capacity 6648K, committed 6656K, reserved 1048576K
}
Event: 15.775 GC heap after
{Heap after GC invocations=13 (full 0):
 garbage-first heap   total 157696K, used 52108K [0x0000000080000000, 0x0000000100000000)
  region size 1024K, 12 young (12288K), 12 survivors (12288K)
 Metaspace       used 48518K, capacity 49785K, committed 49920K, reserved 1093632K
  class space    used 6169K, capacity 6648K, committed 6656K, reserved 1048576K
}
Event: 17.282 GC heap before
{Heap before GC invocations=13 (full 0):
 garbage-first heap   total 157696K, used 116620K [0x0000000080000000, 0x0000000100000000)
  region size 1024K, 75 young (76800K), 12 survivors (12288K)
 Metaspace       used 57065K, capacity 58542K, committed 58752K, reserved 1099776K
  class space    used 7209K, capacity 7737K, committed 7808K, reserved 1048576K
}
Event: 17.308 GC heap after
{Heap after GC invocations=14 (full 0):
 garbage-first heap   total 157696K, used 55613K [0x0000000080000000, 0x0000000100000000)
  region size 1024K, 3 young (3072K), 3 survivors (3072K)
 Metaspace       used 57065K, capacity 58542K, committed 58752K, reserved 1099776K
  class space    used 7209K, capacity 7737K, committed 7808K, reserved 1048576K
}
Event: 17.717 GC heap before
{Heap before GC invocations=14 (full 0):
 garbage-first heap   total 157696K, used 64829K [0x0000000080000000, 0x0000000100000000)
  region size 1024K, 13 young (13312K), 3 survivors (3072K)
 Metaspace       used 58718K, capacity 60180K, committed 60288K, reserved 1101824K
  class space    used 7435K, capacity 8008K, committed 8064K, reserved 1048576K
}
Event: 17.729 GC heap after
{Heap after GC invocations=15 (full 0):
 garbage-first heap   total 189440K, used 55816K [0x0000000080000000, 0x0000000100000000)
  region size 1024K, 4 young (4096K), 4 survivors (4096K)
 Metaspace       used 58718K, capacity 60180K, committed 60288K, reserved 1101824K
  class space    used 7435K, capacity 8008K, committed 8064K, reserved 1048576K
}
Event: 19.801 GC heap before
{Heap before GC invocations=16 (full 0):
 garbage-first heap   total 189440K, used 130568K [0x0000000080000000, 0x0000000100000000)
  region size 1024K, 76 young (77824K), 4 survivors (4096K)
 Metaspace       used 65711K, capacity 67258K, committed 67328K, reserved 1107968K
  class space    used 8316K, capacity 8903K, committed 8960K, reserved 1048576K
}
Event: 19.815 GC heap after
{Heap after GC invocations=17 (full 0):
 garbage-first heap   total 189440K, used 60656K [0x0000000080000000, 0x0000000100000000)
  region size 1024K, 8 young (8192K), 8 survivors (8192K)
 Metaspace       used 65711K, capacity 67258K, committed 67328K, reserved 1107968K
  class space    used 8316K, capacity 8903K, committed 8960K, reserved 1048576K
}
Event: 21.011 GC heap before
{Heap before GC invocations=17 (full 0):
 garbage-first heap   total 189440K, used 135408K [0x0000000080000000, 0x0000000100000000)
  region size 1024K, 81 young (82944K), 8 survivors (8192K)
 Metaspace       used 69224K, capacity 70792K, committed 70912K, reserved 1110016K
  class space    used 8744K, capacity 9371K, committed 9472K, reserved 1048576K
}
Event: 21.043 GC heap after
{Heap after GC invocations=18 (full 0):
 garbage-first heap   total 189440K, used 66612K [0x0000000080000000, 0x0000000100000000)
  region size 1024K, 11 young (11264K), 11 survivors (11264K)
 Metaspace       used 69224K, capacity 70792K, committed 70912K, reserved 1110016K
  class space    used 8744K, capacity 9371K, committed 9472K, reserved 1048576K
}

Deoptimization events (20 events):
Event: 22.434 Thread 0x00000193b299e800 Uncommon trap: trap_request=0xffffffde fr.pc=0x000001939da87cec relative=0x000000000000022c
Event: 22.434 Thread 0x00000193b299e800 Uncommon trap: reason=class_check action=maybe_recompile pc=0x000001939da87cec method=java.util.stream.StreamOpFlag.fromCharacteristics(Ljava/util/Spliterator;)I @ 14 c2
Event: 22.434 Thread 0x00000193b299e800 DEOPT PACKING pc=0x000001939da87cec sp=0x0000004643bfdcb0
Event: 22.434 Thread 0x00000193b299e800 DEOPT UNPACKING pc=0x0000019395c0662f sp=0x0000004643bfdb98 mode 2
Event: 22.514 Thread 0x00000193b299e800 Uncommon trap: trap_request=0xffffffc6 fr.pc=0x000001939da874f8 relative=0x0000000000000418
Event: 22.514 Thread 0x00000193b299e800 Uncommon trap: reason=bimorphic_or_optimized_type_check action=maybe_recompile pc=0x000001939da874f8 method=java.util.Collections$SetFromMap.remove(Ljava/lang/Object;)Z @ 5 c2
Event: 22.514 Thread 0x00000193b299e800 DEOPT PACKING pc=0x000001939da874f8 sp=0x0000004643bfeb50
Event: 22.514 Thread 0x00000193b299e800 DEOPT UNPACKING pc=0x0000019395c0662f sp=0x0000004643bfeb48 mode 2
Event: 22.524 Thread 0x00000193b299e800 Uncommon trap: trap_request=0xffffffc6 fr.pc=0x000001939da85670 relative=0x0000000000000930
Event: 22.524 Thread 0x00000193b299e800 Uncommon trap: reason=bimorphic_or_optimized_type_check action=maybe_recompile pc=0x000001939da85670 method=java.util.Spliterators$IteratorSpliterator.tryAdvance(Ljava/util/function/Consumer;)Z @ 50 c2
Event: 22.524 Thread 0x00000193b299e800 DEOPT PACKING pc=0x000001939da85670 sp=0x0000004643bfe650
Event: 22.524 Thread 0x00000193b299e800 DEOPT UNPACKING pc=0x0000019395c0662f sp=0x0000004643bfe438 mode 2
Event: 22.541 Thread 0x00000193b299e800 Uncommon trap: trap_request=0xffffffde fr.pc=0x000001939da87cec relative=0x000000000000022c
Event: 22.541 Thread 0x00000193b299e800 Uncommon trap: reason=class_check action=maybe_recompile pc=0x000001939da87cec method=java.util.stream.StreamOpFlag.fromCharacteristics(Ljava/util/Spliterator;)I @ 14 c2
Event: 22.541 Thread 0x00000193b299e800 DEOPT PACKING pc=0x000001939da87cec sp=0x0000004643bfdc30
Event: 22.541 Thread 0x00000193b299e800 DEOPT UNPACKING pc=0x0000019395c0662f sp=0x0000004643bfdb18 mode 2
Event: 22.541 Thread 0x00000193b299e800 Uncommon trap: trap_request=0xffffffde fr.pc=0x000001939d85a158 relative=0x0000000000000298
Event: 22.541 Thread 0x00000193b299e800 Uncommon trap: reason=class_check action=maybe_recompile pc=0x000001939d85a158 method=java.util.stream.StreamOpFlag.fromCharacteristics(Ljava/util/Spliterator;)I @ 14 c2
Event: 22.541 Thread 0x00000193b299e800 DEOPT PACKING pc=0x000001939d85a158 sp=0x0000004643bfdbd0
Event: 22.541 Thread 0x00000193b299e800 DEOPT UNPACKING pc=0x0000019395c0662f sp=0x0000004643bfdb20 mode 2

Classes redefined (0 events):
No events

Internal exceptions (20 events):
Event: 22.057 Thread 0x00000193ad558000 Exception <a 'java/lang/ClassNotFoundException'{0x0000000088e28ff8}: groovy/xml/slurpersupport/AttributesBeanInfo> (0x0000000088e28ff8) thrown at [./src/hotspot/share/classfile/systemDictionary.cpp, line 231]
Event: 22.058 Thread 0x00000193ad558000 Exception <a 'java/lang/ClassNotFoundException'{0x0000000088e50178}: groovy/xml/slurpersupport/NodeChildrenBeanInfo> (0x0000000088e50178) thrown at [./src/hotspot/share/classfile/systemDictionary.cpp, line 231]
Event: 22.059 Thread 0x00000193ad558000 Exception <a 'java/lang/ClassNotFoundException'{0x0000000088e770a0}: groovy/xml/slurpersupport/NodeChildrenCustomizer> (0x0000000088e770a0) thrown at [./src/hotspot/share/classfile/systemDictionary.cpp, line 231]
Event: 22.060 Thread 0x00000193ad558000 Exception <a 'java/lang/ClassNotFoundException'{0x0000000088ea4430}: groovy/xml/slurpersupport/AttributesCustomizer> (0x0000000088ea4430) thrown at [./src/hotspot/share/classfile/systemDictionary.cpp, line 231]
Event: 22.067 Thread 0x00000193ad558000 Exception <a 'java/lang/ClassNotFoundException'{0x0000000088d9df58}: groovy/xml/slurpersupport/AttributeBeanInfo> (0x0000000088d9df58) thrown at [./src/hotspot/share/classfile/systemDictionary.cpp, line 231]
Event: 22.068 Thread 0x00000193ad558000 Exception <a 'java/lang/ClassNotFoundException'{0x0000000088dc44c8}: groovy/xml/slurpersupport/AttributeCustomizer> (0x0000000088dc44c8) thrown at [./src/hotspot/share/classfile/systemDictionary.cpp, line 231]
Event: 22.260 Thread 0x00000193ad558000 Implicit null exception at 0x000001939db00855 to 0x000001939db01074
Event: 22.306 Thread 0x00000193ad558000 Implicit null exception at 0x000001939db02bba to 0x000001939db036a4
Event: 22.437 Thread 0x00000193adec9800 Exception <a 'java/lang/NoSuchMethodError'{0x0000000087d87380}: <clinit>> (0x0000000087d87380) thrown at [./src/hotspot/share/prims/jni.cpp, line 1362]
Event: 22.439 Thread 0x00000193adec9800 Exception <a 'java/lang/NoSuchMethodError'{0x0000000087d90ec8}: <clinit>> (0x0000000087d90ec8) thrown at [./src/hotspot/share/prims/jni.cpp, line 1362]
Event: 22.447 Thread 0x00000193b299e800 Exception <a 'java/lang/IncompatibleClassChangeError'{0x0000000087dcde90}: Found class java.lang.Object, but interface was expected> (0x0000000087dcde90) thrown at [./src/hotspot/share/interpreter/linkResolver.cpp, line 839]
Event: 22.467 Thread 0x00000193b299e800 Exception <a 'java/lang/NoSuchMethodError'{0x0000000087c73e90}: 'java.lang.Object java.lang.invoke.Invokers$Holder.linkToTargetMethod(java.lang.Object, java.lang.Object, java.lang.Object, int, java.lang.Object, java.lang.Object)'> (0x0000000087c73e90) thrown at [./src/hotspot/share/interpreter/linkResolver.cpp, line 773]
Event: 22.483 Thread 0x00000193b299e800 Exception <a 'java/lang/NoSuchMethodError'{0x0000000087b51010}: 'void java.lang.invoke.DirectMethodHandle$Holder.invokeVirtual(java.lang.Object, java.lang.Object)'> (0x0000000087b51010) thrown at [./src/hotspot/share/interpreter/linkResolver.cpp, line 773]
Event: 22.517 Thread 0x00000193adec9800 Exception <a 'java/lang/NoSuchMethodError'{0x0000000087aad010}: <clinit>> (0x0000000087aad010) thrown at [./src/hotspot/share/prims/jni.cpp, line 1362]
Event: 22.519 Thread 0x00000193adec9800 Exception <a 'java/lang/NoSuchMethodError'{0x0000000087abdad8}: <clinit>> (0x0000000087abdad8) thrown at [./src/hotspot/share/prims/jni.cpp, line 1362]
Event: 22.520 Thread 0x00000193adec9800 Exception <a 'java/lang/NoSuchMethodError'{0x0000000087abf008}: <clinit>> (0x0000000087abf008) thrown at [./src/hotspot/share/prims/jni.cpp, line 1362]
Event: 22.548 Thread 0x00000193b29a1800 Exception <a 'java/lang/NoSuchMethodError'{0x00000000878c1d28}: <clinit>> (0x00000000878c1d28) thrown at [./src/hotspot/share/prims/jni.cpp, line 1362]
Event: 22.556 Thread 0x00000193b29a1800 Exception <a 'java/lang/NoSuchMethodError'{0x00000000878d70e0}: <clinit>> (0x00000000878d70e0) thrown at [./src/hotspot/share/prims/jni.cpp, line 1362]
Event: 22.561 Thread 0x00000193b29a1800 Exception <a 'java/lang/NoSuchMethodError'{0x00000000877101b8}: <clinit>> (0x00000000877101b8) thrown at [./src/hotspot/share/prims/jni.cpp, line 1362]
Event: 22.564 Thread 0x00000193b29a1800 Exception <a 'java/lang/NoSuchMethodError'{0x0000000087718ca0}: 'void java.lang.invoke.DirectMethodHandle$Holder.invokeSpecial(java.lang.Object, java.lang.Object, java.lang.Object, int)'> (0x0000000087718ca0) thrown at [./src/hotspot/share/interpreter/linkResolver.cpp, line 773]

Events (20 events):
Event: 22.570 loading class java/io/ObjectInputStream$FieldValues
Event: 22.570 loading class java/io/ObjectInputStream$FieldValues done
Event: 22.575 loading class org/gradle/tooling/events/FinishEvent
Event: 22.575 loading class org/gradle/tooling/events/FinishEvent done
Event: 22.695 loading class org/gradle/workers/internal/WorkerDaemonExpiration$SimpleMemoryExpirationSelector
Event: 22.695 loading class org/gradle/workers/internal/WorkerDaemonExpiration$SimpleMemoryExpirationSelector done
Event: 22.695 Executing VM operation: RevokeBias
Event: 22.696 Executing VM operation: RevokeBias done
Event: 22.696 Executing VM operation: RevokeBias
Event: 22.696 Executing VM operation: RevokeBias done
Event: 22.697 loading class org/gradle/workers/internal/WorkerDaemonClient
Event: 22.697 loading class org/gradle/workers/internal/WorkerDaemonClient done
Event: 22.698 loading class org/gradle/workers/internal/WorkerDaemonClient
Event: 22.698 loading class org/gradle/workers/internal/WorkerDaemonClient done
Event: 22.698 loading class org/gradle/process/internal/health/memory/JvmMemoryStatusSnapshot
Event: 22.698 loading class org/gradle/process/internal/health/memory/JvmMemoryStatusSnapshot done
Event: 22.698 Executing VM operation: RevokeBias
Event: 22.699 Executing VM operation: RevokeBias done
Event: 22.699 Executing VM operation: RevokeBias
Event: 22.699 Executing VM operation: RevokeBias done


Dynamic libraries:
0x00007ff7323e0000 - 0x00007ff7323ea000 	C:\Program Files\Android\Android Studio New\jre\bin\java.exe
0x00007ffbc5380000 - 0x00007ffbc5570000 	C:\WINDOWS\SYSTEM32\ntdll.dll
0x00007ffbc3690000 - 0x00007ffbc3742000 	C:\WINDOWS\System32\KERNEL32.DLL
0x00007ffbc2490000 - 0x00007ffbc2735000 	C:\WINDOWS\System32\KERNELBASE.dll
0x00007ffbc2a60000 - 0x00007ffbc2b5a000 	C:\WINDOWS\System32\ucrtbase.dll
0x00007ffbb79e0000 - 0x00007ffbb79f9000 	C:\Program Files\Android\Android Studio New\jre\bin\jli.dll
0x00007ffb9fad0000 - 0x00007ffb9fae7000 	C:\Program Files\Android\Android Studio New\jre\bin\VCRUNTIME140.dll
0x00007ffbc51a0000 - 0x00007ffbc5334000 	C:\WINDOWS\System32\USER32.dll
0x00007ffbc2a30000 - 0x00007ffbc2a51000 	C:\WINDOWS\System32\win32u.dll
0x00007ffba7b80000 - 0x00007ffba7e04000 	C:\WINDOWS\WinSxS\amd64_microsoft.windows.common-controls_6595b64144ccf1df_6.0.18362.1256_none_9e7e379be45e40e2\COMCTL32.dll
0x00007ffbc4fb0000 - 0x00007ffbc4fd6000 	C:\WINDOWS\System32\GDI32.dll
0x00007ffbc22f0000 - 0x00007ffbc2486000 	C:\WINDOWS\System32\gdi32full.dll
0x00007ffbc5100000 - 0x00007ffbc519e000 	C:\WINDOWS\System32\msvcrt.dll
0x00007ffbc2770000 - 0x00007ffbc280e000 	C:\WINDOWS\System32\msvcp_win.dll
0x00007ffbc4550000 - 0x00007ffbc4886000 	C:\WINDOWS\System32\combase.dll
0x00007ffbc4fe0000 - 0x00007ffbc5100000 	C:\WINDOWS\System32\RPCRT4.dll
0x00007ffbc2b60000 - 0x00007ffbc2be1000 	C:\WINDOWS\System32\bcryptPrimitives.dll
0x00007ffbc3750000 - 0x00007ffbc377e000 	C:\WINDOWS\System32\IMM32.DLL
0x00007ffb8d3e0000 - 0x00007ffb8d47d000 	C:\Program Files\Android\Android Studio New\jre\bin\msvcp140.dll
0x00007ffb57710000 - 0x00007ffb581e5000 	C:\Program Files\Android\Android Studio New\jre\bin\server\jvm.dll
0x00007ffbc44a0000 - 0x00007ffbc4543000 	C:\WINDOWS\System32\ADVAPI32.dll
0x00007ffbc3440000 - 0x00007ffbc34d7000 	C:\WINDOWS\System32\sechost.dll
0x00007ffbc3430000 - 0x00007ffbc3438000 	C:\WINDOWS\System32\PSAPI.DLL
0x00007ffbbad50000 - 0x00007ffbbad59000 	C:\WINDOWS\SYSTEM32\WSOCK32.dll
0x00007ffbc3c20000 - 0x00007ffbc3c8f000 	C:\WINDOWS\System32\WS2_32.dll
0x00007ffbbbf00000 - 0x00007ffbbbf24000 	C:\WINDOWS\SYSTEM32\WINMM.dll
0x00007ffbb9280000 - 0x00007ffbb928a000 	C:\WINDOWS\SYSTEM32\VERSION.dll
0x00007ffbbbed0000 - 0x00007ffbbbefd000 	C:\WINDOWS\SYSTEM32\WINMMBASE.dll
0x00007ffbc33e0000 - 0x00007ffbc342a000 	C:\WINDOWS\System32\cfgmgr32.dll
0x00007ffbc2250000 - 0x00007ffbc2261000 	C:\WINDOWS\System32\kernel.appcore.dll
0x00007ffb90130000 - 0x00007ffb90141000 	C:\Program Files\Android\Android Studio New\jre\bin\verify.dll
0x00007ffbc0950000 - 0x00007ffbc0b44000 	C:\WINDOWS\SYSTEM32\DBGHELP.DLL
0x00007ffbb7500000 - 0x00007ffbb752a000 	C:\WINDOWS\SYSTEM32\dbgcore.DLL
0x00007ffb8ffe0000 - 0x00007ffb90009000 	C:\Program Files\Android\Android Studio New\jre\bin\java.dll
0x00007ffba81d0000 - 0x00007ffba81db000 	C:\Program Files\Android\Android Studio New\jre\bin\jimage.dll
0x00007ffb90110000 - 0x00007ffb90128000 	C:\Program Files\Android\Android Studio New\jre\bin\zip.dll
0x00007ffbc3db0000 - 0x00007ffbc4497000 	C:\WINDOWS\System32\SHELL32.dll
0x00007ffbc3780000 - 0x00007ffbc3829000 	C:\WINDOWS\System32\shcore.dll
0x00007ffbc2c50000 - 0x00007ffbc33d1000 	C:\WINDOWS\System32\windows.storage.dll
0x00007ffbc22c0000 - 0x00007ffbc22e3000 	C:\WINDOWS\System32\profapi.dll
0x00007ffbc2270000 - 0x00007ffbc22ba000 	C:\WINDOWS\System32\powrprof.dll
0x00007ffbc2220000 - 0x00007ffbc2230000 	C:\WINDOWS\System32\UMPDC.dll
0x00007ffbc3980000 - 0x00007ffbc39d2000 	C:\WINDOWS\System32\shlwapi.dll
0x00007ffbc2810000 - 0x00007ffbc2827000 	C:\WINDOWS\System32\cryptsp.dll
0x00007ffb8f330000 - 0x00007ffb8f34a000 	C:\Program Files\Android\Android Studio New\jre\bin\net.dll
0x00007ffbb56e0000 - 0x00007ffbb57d0000 	C:\WINDOWS\SYSTEM32\WINHTTP.dll
0x00007ffbc1a10000 - 0x00007ffbc1a77000 	C:\WINDOWS\system32\mswsock.dll
0x00007ffb8dca0000 - 0x00007ffb8dcb4000 	C:\Program Files\Android\Android Studio New\jre\bin\nio.dll
0x00007ffb9ef30000 - 0x00007ffb9ef57000 	C:\Users\JOHN BATISTA\.gradle\native\e1d6ef7f7dcc3fd88c89a11ec53ec762bb8ba0a96d01ffa2cd45eb1d1d8dd5c5\windows-amd64\native-platform.dll
0x00007ffb8b780000 - 0x00007ffb8b8c4000 	C:\Users\JOHN BATISTA\.gradle\native\5664cfc778a61ccfe75a443a1ab52a65af34e5dc3c78e0209fed803814484fcb\windows-amd64\native-platform-file-events.dll
0x00007ffba3980000 - 0x00007ffba398a000 	C:\Program Files\Android\Android Studio New\jre\bin\management.dll
0x00007ffb9ded0000 - 0x00007ffb9dedd000 	C:\Program Files\Android\Android Studio New\jre\bin\management_ext.dll
0x00007ffbc1580000 - 0x00007ffbc15b3000 	C:\WINDOWS\system32\rsaenh.dll
0x00007ffbc2740000 - 0x00007ffbc2766000 	C:\WINDOWS\System32\bcrypt.dll
0x00007ffbc2140000 - 0x00007ffbc2165000 	C:\WINDOWS\SYSTEM32\USERENV.dll
0x00007ffbc1be0000 - 0x00007ffbc1bec000 	C:\WINDOWS\SYSTEM32\CRYPTBASE.dll
0x00007ffbc1720000 - 0x00007ffbc175a000 	C:\WINDOWS\SYSTEM32\IPHLPAPI.DLL
0x00007ffbc3970000 - 0x00007ffbc3978000 	C:\WINDOWS\System32\NSI.dll
0x00007ffbb7780000 - 0x00007ffbb7796000 	C:\WINDOWS\SYSTEM32\dhcpcsvc6.DLL
0x00007ffbb7760000 - 0x00007ffbb777c000 	C:\WINDOWS\SYSTEM32\dhcpcsvc.DLL
0x00007ffbc1770000 - 0x00007ffbc183b000 	C:\WINDOWS\SYSTEM32\DNSAPI.dll

dbghelp: loaded successfully - version: 4.0.5 - missing functions: none
symbol engine: initialized successfully - sym options: 0x614 - pdb path: .;C:\Program Files\Android\Android Studio New\jre\bin;C:\WINDOWS\SYSTEM32;C:\WINDOWS\WinSxS\amd64_microsoft.windows.common-controls_6595b64144ccf1df_6.0.18362.1256_none_9e7e379be45e40e2;C:\Program Files\Android\Android Studio New\jre\bin\server;C:\Users\JOHN BATISTA\.gradle\native\e1d6ef7f7dcc3fd88c89a11ec53ec762bb8ba0a96d01ffa2cd45eb1d1d8dd5c5\windows-amd64;C:\Users\JOHN BATISTA\.gradle\native\5664cfc778a61ccfe75a443a1ab52a65af34e5dc3c78e0209fed803814484fcb\windows-amd64

VM Arguments:
jvm_args: --add-opens=java.base/java.util=ALL-UNNAMED --add-opens=java.base/java.lang=ALL-UNNAMED --add-opens=java.base/java.lang.invoke=ALL-UNNAMED --add-opens=java.base/java.util=ALL-UNNAMED --add-opens=java.prefs/java.util.prefs=ALL-UNNAMED --add-opens=java.prefs/java.util.prefs=ALL-UNNAMED --add-opens=java.base/java.nio.charset=ALL-UNNAMED --add-opens=java.base/java.net=ALL-UNNAMED --add-opens=java.base/java.util.concurrent.atomic=ALL-UNNAMED -Xmx2048m -Dfile.encoding=UTF-8 -Duser.country=US -Duser.language=en -Duser.variant 
java_command: org.gradle.launcher.daemon.bootstrap.GradleDaemon 7.2
java_class_path (initial): C:\Users\JOHN BATISTA\.gradle\wrapper\dists\gradle-7.2-bin\2dnblmf4td7x66yl1d74lt32g\gradle-7.2\lib\gradle-launcher-7.2.jar
Launcher Type: SUN_STANDARD

[Global flags]
     intx CICompilerCount                          = 3                                         {product} {ergonomic}
     uint ConcGCThreads                            = 1                                         {product} {ergonomic}
     uint G1ConcRefinementThreads                  = 4                                         {product} {ergonomic}
   size_t G1HeapRegionSize                         = 1048576                                   {product} {ergonomic}
    uintx GCDrainStackTargetSize                   = 64                                        {product} {ergonomic}
   size_t InitialHeapSize                          = 134217728                                 {product} {ergonomic}
   size_t MarkStackSize                            = 4194304                                   {product} {ergonomic}
   size_t MaxHeapSize                              = 2147483648                                {product} {command line}
   size_t MaxNewSize                               = 1287651328                                {product} {ergonomic}
   size_t MinHeapDeltaBytes                        = 1048576                                   {product} {ergonomic}
    uintx NonNMethodCodeHeapSize                   = 5830732                                {pd product} {ergonomic}
    uintx NonProfiledCodeHeapSize                  = 122913754                              {pd product} {ergonomic}
    uintx ProfiledCodeHeapSize                     = 122913754                              {pd product} {ergonomic}
    uintx ReservedCodeCacheSize                    = 251658240                              {pd product} {ergonomic}
     bool SegmentedCodeCache                       = true                                      {product} {ergonomic}
     bool UseCompressedClassPointers               = true                                 {lp64_product} {ergonomic}
     bool UseCompressedOops                        = true                                 {lp64_product} {ergonomic}
     bool UseG1GC                                  = true                                      {product} {ergonomic}
     bool UseLargePagesIndividualAllocation        = false                                  {pd product} {ergonomic}

Logging:
Log output configuration:
 #0: stdout all=warning uptime,level,tags
 #1: stderr all=off uptime,level,tags

Environment Variables:
JAVA_HOME=C:\Program Files\Java\jdk-15.0.1
PATH=C:\Program Files\Java\jdk-15.0.1\bin;C:\Program Files\Git\cmd;C:\Program Files\PuTTY\;C:\Program Files\MATLAB\R2013a\runtime\win64;C:\Program Files\MATLAB\R2013a\bin;C:\Program Files\Microsoft VS Code\bin;C:\nodejs\;C:\Users\JOHN BATISTA\AppData\Local\Programs\Python\Python310\Scripts;C:\Users\JOHN BATISTA\AppData\Local\Programs\Python\Python310\Scripts\;C:\Users\JOHN BATISTA\AppData\Local\Programs\Python\Python310\;C:\Users\JOHN BATISTA\AppData\Roaming\npm;
USERNAME=JOHN BATISTA
OS=Windows_NT
PROCESSOR_IDENTIFIER=Intel64 Family 6 Model 142 Stepping 9, GenuineIntel



---------------  S Y S T E M  ---------------

OS: Windows 10 , 64 bit Build 18362 (10.0.18362.1110)
OS uptime: 3 days 14:36 hours

CPU:total 4 (initial active 4) (2 cores per cpu, 2 threads per core) family 6 model 142 stepping 9 microcode 0x8e, cmov, cx8, fxsr, mmx, sse, sse2, sse3, ssse3, sse4.1, sse4.2, popcnt, avx, avx2, aes, clmul, erms, 3dnowpref, lzcnt, ht, tsc, tscinvbit, bmi1, bmi2, adx, fma

Memory: 4k page, system-wide physical 8107M (510M free)
TotalPageFile size 20395M (AvailPageFile size 18M)
current process WorkingSet (physical memory assigned to process): 410M, peak: 411M
current process commit charge ("private bytes"): 444M, peak: 446M

vm_info: OpenJDK 64-Bit Server VM (11.0.11+9-b60-7590822) for windows-amd64 JRE (11.0.11+9-b60-7590822), built on Jul 29 2021 21:43:44 by "builder" with MS VC++ 14.0 (VS2015)

END.
